[2025-12-16T18:26:39.994+0000] {processor.py:186} INFO - Started process (PID=236) to work on /home/airflow/.local/lib/python3.12/site-packages/airflow/example_dags/example_branch_python_dop_operator_3.py
[2025-12-16T18:26:39.995+0000] {processor.py:914} INFO - Processing file /home/airflow/.local/lib/python3.12/site-packages/airflow/example_dags/example_branch_python_dop_operator_3.py for tasks to queue
[2025-12-16T18:26:39.997+0000] {logging_mixin.py:190} INFO - [2025-12-16T18:26:39.997+0000] {dagbag.py:588} INFO - Filling up the DagBag from /home/airflow/.local/lib/python3.12/site-packages/airflow/example_dags/example_branch_python_dop_operator_3.py
[2025-12-16T18:26:40.011+0000] {processor.py:925} INFO - DAG(s) 'example_branch_dop_operator_v3' retrieved from /home/airflow/.local/lib/python3.12/site-packages/airflow/example_dags/example_branch_python_dop_operator_3.py
[2025-12-16T18:26:40.155+0000] {logging_mixin.py:190} INFO - [2025-12-16T18:26:40.154+0000] {override.py:1911} INFO - Created Permission View: can read on DAG:example_branch_dop_operator_v3
[2025-12-16T18:26:40.166+0000] {logging_mixin.py:190} INFO - [2025-12-16T18:26:40.166+0000] {override.py:1911} INFO - Created Permission View: can delete on DAG:example_branch_dop_operator_v3
[2025-12-16T18:26:40.172+0000] {logging_mixin.py:190} INFO - [2025-12-16T18:26:40.172+0000] {override.py:1911} INFO - Created Permission View: can edit on DAG:example_branch_dop_operator_v3
[2025-12-16T18:26:40.180+0000] {logging_mixin.py:190} INFO - [2025-12-16T18:26:40.180+0000] {override.py:1911} INFO - Created Permission View: can read on DAG Run:example_branch_dop_operator_v3
[2025-12-16T18:26:40.187+0000] {logging_mixin.py:190} INFO - [2025-12-16T18:26:40.187+0000] {override.py:1911} INFO - Created Permission View: can create on DAG Run:example_branch_dop_operator_v3
[2025-12-16T18:26:40.194+0000] {logging_mixin.py:190} INFO - [2025-12-16T18:26:40.194+0000] {override.py:1911} INFO - Created Permission View: menu access on DAG Run:example_branch_dop_operator_v3
[2025-12-16T18:26:40.200+0000] {logging_mixin.py:190} INFO - [2025-12-16T18:26:40.200+0000] {override.py:1911} INFO - Created Permission View: can delete on DAG Run:example_branch_dop_operator_v3
[2025-12-16T18:26:40.201+0000] {logging_mixin.py:190} INFO - [2025-12-16T18:26:40.200+0000] {dag.py:3239} INFO - Sync 1 DAGs
[2025-12-16T18:26:40.215+0000] {logging_mixin.py:190} INFO - [2025-12-16T18:26:40.214+0000] {dag.py:3262} INFO - Creating ORM DAG for example_branch_dop_operator_v3
[2025-12-16T18:26:40.230+0000] {logging_mixin.py:190} INFO - [2025-12-16T18:26:40.230+0000] {dag.py:4180} INFO - Setting next_dagrun for example_branch_dop_operator_v3 to 2025-12-16 18:25:00+00:00, run_after=2025-12-16 18:26:00+00:00
[2025-12-16T18:26:40.247+0000] {processor.py:208} INFO - Processing /home/airflow/.local/lib/python3.12/site-packages/airflow/example_dags/example_branch_python_dop_operator_3.py took 0.260 seconds
[2025-12-16T18:27:10.844+0000] {processor.py:186} INFO - Started process (PID=527) to work on /home/airflow/.local/lib/python3.12/site-packages/airflow/example_dags/example_branch_python_dop_operator_3.py
[2025-12-16T18:27:10.845+0000] {processor.py:914} INFO - Processing file /home/airflow/.local/lib/python3.12/site-packages/airflow/example_dags/example_branch_python_dop_operator_3.py for tasks to queue
[2025-12-16T18:27:10.847+0000] {logging_mixin.py:190} INFO - [2025-12-16T18:27:10.847+0000] {dagbag.py:588} INFO - Filling up the DagBag from /home/airflow/.local/lib/python3.12/site-packages/airflow/example_dags/example_branch_python_dop_operator_3.py
[2025-12-16T18:27:10.861+0000] {processor.py:925} INFO - DAG(s) 'example_branch_dop_operator_v3' retrieved from /home/airflow/.local/lib/python3.12/site-packages/airflow/example_dags/example_branch_python_dop_operator_3.py
[2025-12-16T18:27:10.883+0000] {logging_mixin.py:190} INFO - [2025-12-16T18:27:10.883+0000] {dag.py:3239} INFO - Sync 1 DAGs
[2025-12-16T18:27:10.921+0000] {logging_mixin.py:190} INFO - [2025-12-16T18:27:10.921+0000] {dag.py:4180} INFO - Setting next_dagrun for example_branch_dop_operator_v3 to 2025-12-16 18:26:00+00:00, run_after=2025-12-16 18:27:00+00:00
[2025-12-16T18:27:10.941+0000] {processor.py:208} INFO - Processing /home/airflow/.local/lib/python3.12/site-packages/airflow/example_dags/example_branch_python_dop_operator_3.py took 0.105 seconds
[2025-12-16T18:27:41.838+0000] {processor.py:186} INFO - Started process (PID=820) to work on /home/airflow/.local/lib/python3.12/site-packages/airflow/example_dags/example_branch_python_dop_operator_3.py
[2025-12-16T18:27:41.839+0000] {processor.py:914} INFO - Processing file /home/airflow/.local/lib/python3.12/site-packages/airflow/example_dags/example_branch_python_dop_operator_3.py for tasks to queue
[2025-12-16T18:27:41.842+0000] {logging_mixin.py:190} INFO - [2025-12-16T18:27:41.842+0000] {dagbag.py:588} INFO - Filling up the DagBag from /home/airflow/.local/lib/python3.12/site-packages/airflow/example_dags/example_branch_python_dop_operator_3.py
[2025-12-16T18:27:41.857+0000] {processor.py:925} INFO - DAG(s) 'example_branch_dop_operator_v3' retrieved from /home/airflow/.local/lib/python3.12/site-packages/airflow/example_dags/example_branch_python_dop_operator_3.py
[2025-12-16T18:27:41.884+0000] {logging_mixin.py:190} INFO - [2025-12-16T18:27:41.884+0000] {dag.py:3239} INFO - Sync 1 DAGs
[2025-12-16T18:27:41.924+0000] {logging_mixin.py:190} INFO - [2025-12-16T18:27:41.924+0000] {dag.py:4180} INFO - Setting next_dagrun for example_branch_dop_operator_v3 to 2025-12-16 18:26:00+00:00, run_after=2025-12-16 18:27:00+00:00
[2025-12-16T18:27:41.950+0000] {processor.py:208} INFO - Processing /home/airflow/.local/lib/python3.12/site-packages/airflow/example_dags/example_branch_python_dop_operator_3.py took 0.121 seconds
[2025-12-16T18:28:12.516+0000] {processor.py:186} INFO - Started process (PID=1163) to work on /home/airflow/.local/lib/python3.12/site-packages/airflow/example_dags/example_branch_python_dop_operator_3.py
[2025-12-16T18:28:12.517+0000] {processor.py:914} INFO - Processing file /home/airflow/.local/lib/python3.12/site-packages/airflow/example_dags/example_branch_python_dop_operator_3.py for tasks to queue
[2025-12-16T18:28:12.520+0000] {logging_mixin.py:190} INFO - [2025-12-16T18:28:12.520+0000] {dagbag.py:588} INFO - Filling up the DagBag from /home/airflow/.local/lib/python3.12/site-packages/airflow/example_dags/example_branch_python_dop_operator_3.py
[2025-12-16T18:28:12.533+0000] {processor.py:925} INFO - DAG(s) 'example_branch_dop_operator_v3' retrieved from /home/airflow/.local/lib/python3.12/site-packages/airflow/example_dags/example_branch_python_dop_operator_3.py
[2025-12-16T18:28:12.557+0000] {logging_mixin.py:190} INFO - [2025-12-16T18:28:12.556+0000] {dag.py:3239} INFO - Sync 1 DAGs
[2025-12-16T18:28:12.590+0000] {logging_mixin.py:190} INFO - [2025-12-16T18:28:12.590+0000] {dag.py:4180} INFO - Setting next_dagrun for example_branch_dop_operator_v3 to 2025-12-16 18:27:00+00:00, run_after=2025-12-16 18:28:00+00:00
[2025-12-16T18:28:12.612+0000] {processor.py:208} INFO - Processing /home/airflow/.local/lib/python3.12/site-packages/airflow/example_dags/example_branch_python_dop_operator_3.py took 0.103 seconds
[2025-12-16T18:29:37.851+0000] {processor.py:186} INFO - Started process (PID=236) to work on /home/airflow/.local/lib/python3.12/site-packages/airflow/example_dags/example_branch_python_dop_operator_3.py
[2025-12-16T18:29:37.853+0000] {processor.py:914} INFO - Processing file /home/airflow/.local/lib/python3.12/site-packages/airflow/example_dags/example_branch_python_dop_operator_3.py for tasks to queue
[2025-12-16T18:29:37.856+0000] {logging_mixin.py:190} INFO - [2025-12-16T18:29:37.855+0000] {dagbag.py:588} INFO - Filling up the DagBag from /home/airflow/.local/lib/python3.12/site-packages/airflow/example_dags/example_branch_python_dop_operator_3.py
[2025-12-16T18:29:37.873+0000] {processor.py:925} INFO - DAG(s) 'example_branch_dop_operator_v3' retrieved from /home/airflow/.local/lib/python3.12/site-packages/airflow/example_dags/example_branch_python_dop_operator_3.py
[2025-12-16T18:29:37.913+0000] {logging_mixin.py:190} INFO - [2025-12-16T18:29:37.912+0000] {dag.py:3239} INFO - Sync 1 DAGs
[2025-12-16T18:29:37.947+0000] {logging_mixin.py:190} INFO - [2025-12-16T18:29:37.947+0000] {dag.py:4180} INFO - Setting next_dagrun for example_branch_dop_operator_v3 to 2025-12-16 18:28:00+00:00, run_after=2025-12-16 18:29:00+00:00
[2025-12-16T18:29:37.968+0000] {processor.py:208} INFO - Processing /home/airflow/.local/lib/python3.12/site-packages/airflow/example_dags/example_branch_python_dop_operator_3.py took 0.126 seconds
[2025-12-16T18:30:08.641+0000] {processor.py:186} INFO - Started process (PID=529) to work on /home/airflow/.local/lib/python3.12/site-packages/airflow/example_dags/example_branch_python_dop_operator_3.py
[2025-12-16T18:30:08.642+0000] {processor.py:914} INFO - Processing file /home/airflow/.local/lib/python3.12/site-packages/airflow/example_dags/example_branch_python_dop_operator_3.py for tasks to queue
[2025-12-16T18:30:08.645+0000] {logging_mixin.py:190} INFO - [2025-12-16T18:30:08.644+0000] {dagbag.py:588} INFO - Filling up the DagBag from /home/airflow/.local/lib/python3.12/site-packages/airflow/example_dags/example_branch_python_dop_operator_3.py
[2025-12-16T18:30:08.657+0000] {processor.py:925} INFO - DAG(s) 'example_branch_dop_operator_v3' retrieved from /home/airflow/.local/lib/python3.12/site-packages/airflow/example_dags/example_branch_python_dop_operator_3.py
[2025-12-16T18:30:08.680+0000] {logging_mixin.py:190} INFO - [2025-12-16T18:30:08.679+0000] {dag.py:3239} INFO - Sync 1 DAGs
[2025-12-16T18:30:08.711+0000] {logging_mixin.py:190} INFO - [2025-12-16T18:30:08.710+0000] {dag.py:4180} INFO - Setting next_dagrun for example_branch_dop_operator_v3 to 2025-12-16 18:29:00+00:00, run_after=2025-12-16 18:30:00+00:00
[2025-12-16T18:30:08.731+0000] {processor.py:208} INFO - Processing /home/airflow/.local/lib/python3.12/site-packages/airflow/example_dags/example_branch_python_dop_operator_3.py took 0.097 seconds
[2025-12-16T18:30:39.670+0000] {processor.py:186} INFO - Started process (PID=820) to work on /home/airflow/.local/lib/python3.12/site-packages/airflow/example_dags/example_branch_python_dop_operator_3.py
[2025-12-16T18:30:39.672+0000] {processor.py:914} INFO - Processing file /home/airflow/.local/lib/python3.12/site-packages/airflow/example_dags/example_branch_python_dop_operator_3.py for tasks to queue
[2025-12-16T18:30:39.674+0000] {logging_mixin.py:190} INFO - [2025-12-16T18:30:39.674+0000] {dagbag.py:588} INFO - Filling up the DagBag from /home/airflow/.local/lib/python3.12/site-packages/airflow/example_dags/example_branch_python_dop_operator_3.py
[2025-12-16T18:30:39.686+0000] {processor.py:925} INFO - DAG(s) 'example_branch_dop_operator_v3' retrieved from /home/airflow/.local/lib/python3.12/site-packages/airflow/example_dags/example_branch_python_dop_operator_3.py
[2025-12-16T18:30:39.709+0000] {logging_mixin.py:190} INFO - [2025-12-16T18:30:39.709+0000] {dag.py:3239} INFO - Sync 1 DAGs
[2025-12-16T18:30:39.740+0000] {logging_mixin.py:190} INFO - [2025-12-16T18:30:39.740+0000] {dag.py:4180} INFO - Setting next_dagrun for example_branch_dop_operator_v3 to 2025-12-16 18:29:00+00:00, run_after=2025-12-16 18:30:00+00:00
[2025-12-16T18:30:39.759+0000] {processor.py:208} INFO - Processing /home/airflow/.local/lib/python3.12/site-packages/airflow/example_dags/example_branch_python_dop_operator_3.py took 0.097 seconds
[2025-12-16T18:31:10.107+0000] {processor.py:186} INFO - Started process (PID=1111) to work on /home/airflow/.local/lib/python3.12/site-packages/airflow/example_dags/example_branch_python_dop_operator_3.py
[2025-12-16T18:31:10.108+0000] {processor.py:914} INFO - Processing file /home/airflow/.local/lib/python3.12/site-packages/airflow/example_dags/example_branch_python_dop_operator_3.py for tasks to queue
[2025-12-16T18:31:10.110+0000] {logging_mixin.py:190} INFO - [2025-12-16T18:31:10.110+0000] {dagbag.py:588} INFO - Filling up the DagBag from /home/airflow/.local/lib/python3.12/site-packages/airflow/example_dags/example_branch_python_dop_operator_3.py
[2025-12-16T18:31:10.123+0000] {processor.py:925} INFO - DAG(s) 'example_branch_dop_operator_v3' retrieved from /home/airflow/.local/lib/python3.12/site-packages/airflow/example_dags/example_branch_python_dop_operator_3.py
[2025-12-16T18:31:10.145+0000] {logging_mixin.py:190} INFO - [2025-12-16T18:31:10.145+0000] {dag.py:3239} INFO - Sync 1 DAGs
[2025-12-16T18:31:10.176+0000] {logging_mixin.py:190} INFO - [2025-12-16T18:31:10.176+0000] {dag.py:4180} INFO - Setting next_dagrun for example_branch_dop_operator_v3 to 2025-12-16 18:30:00+00:00, run_after=2025-12-16 18:31:00+00:00
[2025-12-16T18:31:10.196+0000] {processor.py:208} INFO - Processing /home/airflow/.local/lib/python3.12/site-packages/airflow/example_dags/example_branch_python_dop_operator_3.py took 0.097 seconds
[2025-12-16T18:31:41.144+0000] {processor.py:186} INFO - Started process (PID=1402) to work on /home/airflow/.local/lib/python3.12/site-packages/airflow/example_dags/example_branch_python_dop_operator_3.py
[2025-12-16T18:31:41.145+0000] {processor.py:914} INFO - Processing file /home/airflow/.local/lib/python3.12/site-packages/airflow/example_dags/example_branch_python_dop_operator_3.py for tasks to queue
[2025-12-16T18:31:41.148+0000] {logging_mixin.py:190} INFO - [2025-12-16T18:31:41.148+0000] {dagbag.py:588} INFO - Filling up the DagBag from /home/airflow/.local/lib/python3.12/site-packages/airflow/example_dags/example_branch_python_dop_operator_3.py
[2025-12-16T18:31:41.161+0000] {processor.py:925} INFO - DAG(s) 'example_branch_dop_operator_v3' retrieved from /home/airflow/.local/lib/python3.12/site-packages/airflow/example_dags/example_branch_python_dop_operator_3.py
[2025-12-16T18:31:41.183+0000] {logging_mixin.py:190} INFO - [2025-12-16T18:31:41.182+0000] {dag.py:3239} INFO - Sync 1 DAGs
[2025-12-16T18:31:41.215+0000] {logging_mixin.py:190} INFO - [2025-12-16T18:31:41.215+0000] {dag.py:4180} INFO - Setting next_dagrun for example_branch_dop_operator_v3 to 2025-12-16 18:30:00+00:00, run_after=2025-12-16 18:31:00+00:00
[2025-12-16T18:31:41.235+0000] {processor.py:208} INFO - Processing /home/airflow/.local/lib/python3.12/site-packages/airflow/example_dags/example_branch_python_dop_operator_3.py took 0.098 seconds
[2025-12-16T18:32:12.160+0000] {processor.py:186} INFO - Started process (PID=1693) to work on /home/airflow/.local/lib/python3.12/site-packages/airflow/example_dags/example_branch_python_dop_operator_3.py
[2025-12-16T18:32:12.161+0000] {processor.py:914} INFO - Processing file /home/airflow/.local/lib/python3.12/site-packages/airflow/example_dags/example_branch_python_dop_operator_3.py for tasks to queue
[2025-12-16T18:32:12.164+0000] {logging_mixin.py:190} INFO - [2025-12-16T18:32:12.163+0000] {dagbag.py:588} INFO - Filling up the DagBag from /home/airflow/.local/lib/python3.12/site-packages/airflow/example_dags/example_branch_python_dop_operator_3.py
[2025-12-16T18:32:12.178+0000] {processor.py:925} INFO - DAG(s) 'example_branch_dop_operator_v3' retrieved from /home/airflow/.local/lib/python3.12/site-packages/airflow/example_dags/example_branch_python_dop_operator_3.py
[2025-12-16T18:32:12.201+0000] {logging_mixin.py:190} INFO - [2025-12-16T18:32:12.201+0000] {dag.py:3239} INFO - Sync 1 DAGs
[2025-12-16T18:32:12.233+0000] {logging_mixin.py:190} INFO - [2025-12-16T18:32:12.233+0000] {dag.py:4180} INFO - Setting next_dagrun for example_branch_dop_operator_v3 to 2025-12-16 18:31:00+00:00, run_after=2025-12-16 18:32:00+00:00
[2025-12-16T18:32:12.253+0000] {processor.py:208} INFO - Processing /home/airflow/.local/lib/python3.12/site-packages/airflow/example_dags/example_branch_python_dop_operator_3.py took 0.102 seconds
[2025-12-16T18:32:42.431+0000] {processor.py:186} INFO - Started process (PID=1990) to work on /home/airflow/.local/lib/python3.12/site-packages/airflow/example_dags/example_branch_python_dop_operator_3.py
[2025-12-16T18:32:42.432+0000] {processor.py:914} INFO - Processing file /home/airflow/.local/lib/python3.12/site-packages/airflow/example_dags/example_branch_python_dop_operator_3.py for tasks to queue
[2025-12-16T18:32:42.435+0000] {logging_mixin.py:190} INFO - [2025-12-16T18:32:42.434+0000] {dagbag.py:588} INFO - Filling up the DagBag from /home/airflow/.local/lib/python3.12/site-packages/airflow/example_dags/example_branch_python_dop_operator_3.py
[2025-12-16T18:32:42.448+0000] {processor.py:925} INFO - DAG(s) 'example_branch_dop_operator_v3' retrieved from /home/airflow/.local/lib/python3.12/site-packages/airflow/example_dags/example_branch_python_dop_operator_3.py
[2025-12-16T18:32:42.472+0000] {logging_mixin.py:190} INFO - [2025-12-16T18:32:42.472+0000] {dag.py:3239} INFO - Sync 1 DAGs
[2025-12-16T18:32:42.507+0000] {logging_mixin.py:190} INFO - [2025-12-16T18:32:42.507+0000] {dag.py:4180} INFO - Setting next_dagrun for example_branch_dop_operator_v3 to 2025-12-16 18:31:00+00:00, run_after=2025-12-16 18:32:00+00:00
[2025-12-16T18:32:42.527+0000] {processor.py:208} INFO - Processing /home/airflow/.local/lib/python3.12/site-packages/airflow/example_dags/example_branch_python_dop_operator_3.py took 0.104 seconds
[2025-12-16T18:33:12.923+0000] {processor.py:186} INFO - Started process (PID=2281) to work on /home/airflow/.local/lib/python3.12/site-packages/airflow/example_dags/example_branch_python_dop_operator_3.py
[2025-12-16T18:33:12.924+0000] {processor.py:914} INFO - Processing file /home/airflow/.local/lib/python3.12/site-packages/airflow/example_dags/example_branch_python_dop_operator_3.py for tasks to queue
[2025-12-16T18:33:12.928+0000] {logging_mixin.py:190} INFO - [2025-12-16T18:33:12.928+0000] {dagbag.py:588} INFO - Filling up the DagBag from /home/airflow/.local/lib/python3.12/site-packages/airflow/example_dags/example_branch_python_dop_operator_3.py
[2025-12-16T18:33:12.943+0000] {processor.py:925} INFO - DAG(s) 'example_branch_dop_operator_v3' retrieved from /home/airflow/.local/lib/python3.12/site-packages/airflow/example_dags/example_branch_python_dop_operator_3.py
[2025-12-16T18:33:12.971+0000] {logging_mixin.py:190} INFO - [2025-12-16T18:33:12.970+0000] {dag.py:3239} INFO - Sync 1 DAGs
[2025-12-16T18:33:13.015+0000] {logging_mixin.py:190} INFO - [2025-12-16T18:33:13.014+0000] {dag.py:4180} INFO - Setting next_dagrun for example_branch_dop_operator_v3 to 2025-12-16 18:32:00+00:00, run_after=2025-12-16 18:33:00+00:00
[2025-12-16T18:33:13.050+0000] {processor.py:208} INFO - Processing /home/airflow/.local/lib/python3.12/site-packages/airflow/example_dags/example_branch_python_dop_operator_3.py took 0.137 seconds
[2025-12-16T18:33:43.782+0000] {processor.py:186} INFO - Started process (PID=2572) to work on /home/airflow/.local/lib/python3.12/site-packages/airflow/example_dags/example_branch_python_dop_operator_3.py
[2025-12-16T18:33:43.783+0000] {processor.py:914} INFO - Processing file /home/airflow/.local/lib/python3.12/site-packages/airflow/example_dags/example_branch_python_dop_operator_3.py for tasks to queue
[2025-12-16T18:33:43.786+0000] {logging_mixin.py:190} INFO - [2025-12-16T18:33:43.785+0000] {dagbag.py:588} INFO - Filling up the DagBag from /home/airflow/.local/lib/python3.12/site-packages/airflow/example_dags/example_branch_python_dop_operator_3.py
[2025-12-16T18:33:43.799+0000] {processor.py:925} INFO - DAG(s) 'example_branch_dop_operator_v3' retrieved from /home/airflow/.local/lib/python3.12/site-packages/airflow/example_dags/example_branch_python_dop_operator_3.py
[2025-12-16T18:33:43.822+0000] {logging_mixin.py:190} INFO - [2025-12-16T18:33:43.821+0000] {dag.py:3239} INFO - Sync 1 DAGs
[2025-12-16T18:33:43.854+0000] {logging_mixin.py:190} INFO - [2025-12-16T18:33:43.854+0000] {dag.py:4180} INFO - Setting next_dagrun for example_branch_dop_operator_v3 to 2025-12-16 18:32:00+00:00, run_after=2025-12-16 18:33:00+00:00
[2025-12-16T18:33:43.875+0000] {processor.py:208} INFO - Processing /home/airflow/.local/lib/python3.12/site-packages/airflow/example_dags/example_branch_python_dop_operator_3.py took 0.100 seconds
[2025-12-16T18:34:14.877+0000] {processor.py:186} INFO - Started process (PID=2863) to work on /home/airflow/.local/lib/python3.12/site-packages/airflow/example_dags/example_branch_python_dop_operator_3.py
[2025-12-16T18:34:14.878+0000] {processor.py:914} INFO - Processing file /home/airflow/.local/lib/python3.12/site-packages/airflow/example_dags/example_branch_python_dop_operator_3.py for tasks to queue
[2025-12-16T18:34:14.880+0000] {logging_mixin.py:190} INFO - [2025-12-16T18:34:14.880+0000] {dagbag.py:588} INFO - Filling up the DagBag from /home/airflow/.local/lib/python3.12/site-packages/airflow/example_dags/example_branch_python_dop_operator_3.py
[2025-12-16T18:34:14.893+0000] {processor.py:925} INFO - DAG(s) 'example_branch_dop_operator_v3' retrieved from /home/airflow/.local/lib/python3.12/site-packages/airflow/example_dags/example_branch_python_dop_operator_3.py
[2025-12-16T18:34:14.916+0000] {logging_mixin.py:190} INFO - [2025-12-16T18:34:14.915+0000] {dag.py:3239} INFO - Sync 1 DAGs
[2025-12-16T18:34:14.947+0000] {logging_mixin.py:190} INFO - [2025-12-16T18:34:14.947+0000] {dag.py:4180} INFO - Setting next_dagrun for example_branch_dop_operator_v3 to 2025-12-16 18:33:00+00:00, run_after=2025-12-16 18:34:00+00:00
[2025-12-16T18:34:14.969+0000] {processor.py:208} INFO - Processing /home/airflow/.local/lib/python3.12/site-packages/airflow/example_dags/example_branch_python_dop_operator_3.py took 0.100 seconds
[2025-12-16T18:34:45.833+0000] {processor.py:186} INFO - Started process (PID=3154) to work on /home/airflow/.local/lib/python3.12/site-packages/airflow/example_dags/example_branch_python_dop_operator_3.py
[2025-12-16T18:34:45.834+0000] {processor.py:914} INFO - Processing file /home/airflow/.local/lib/python3.12/site-packages/airflow/example_dags/example_branch_python_dop_operator_3.py for tasks to queue
[2025-12-16T18:34:45.837+0000] {logging_mixin.py:190} INFO - [2025-12-16T18:34:45.837+0000] {dagbag.py:588} INFO - Filling up the DagBag from /home/airflow/.local/lib/python3.12/site-packages/airflow/example_dags/example_branch_python_dop_operator_3.py
[2025-12-16T18:34:45.851+0000] {processor.py:925} INFO - DAG(s) 'example_branch_dop_operator_v3' retrieved from /home/airflow/.local/lib/python3.12/site-packages/airflow/example_dags/example_branch_python_dop_operator_3.py
[2025-12-16T18:34:45.875+0000] {logging_mixin.py:190} INFO - [2025-12-16T18:34:45.875+0000] {dag.py:3239} INFO - Sync 1 DAGs
[2025-12-16T18:34:45.908+0000] {logging_mixin.py:190} INFO - [2025-12-16T18:34:45.908+0000] {dag.py:4180} INFO - Setting next_dagrun for example_branch_dop_operator_v3 to 2025-12-16 18:33:00+00:00, run_after=2025-12-16 18:34:00+00:00
[2025-12-16T18:34:45.931+0000] {processor.py:208} INFO - Processing /home/airflow/.local/lib/python3.12/site-packages/airflow/example_dags/example_branch_python_dop_operator_3.py took 0.106 seconds
[2025-12-16T18:35:16.109+0000] {processor.py:186} INFO - Started process (PID=3445) to work on /home/airflow/.local/lib/python3.12/site-packages/airflow/example_dags/example_branch_python_dop_operator_3.py
[2025-12-16T18:35:16.110+0000] {processor.py:914} INFO - Processing file /home/airflow/.local/lib/python3.12/site-packages/airflow/example_dags/example_branch_python_dop_operator_3.py for tasks to queue
[2025-12-16T18:35:16.113+0000] {logging_mixin.py:190} INFO - [2025-12-16T18:35:16.112+0000] {dagbag.py:588} INFO - Filling up the DagBag from /home/airflow/.local/lib/python3.12/site-packages/airflow/example_dags/example_branch_python_dop_operator_3.py
[2025-12-16T18:35:16.127+0000] {processor.py:925} INFO - DAG(s) 'example_branch_dop_operator_v3' retrieved from /home/airflow/.local/lib/python3.12/site-packages/airflow/example_dags/example_branch_python_dop_operator_3.py
[2025-12-16T18:35:16.151+0000] {logging_mixin.py:190} INFO - [2025-12-16T18:35:16.151+0000] {dag.py:3239} INFO - Sync 1 DAGs
[2025-12-16T18:35:16.185+0000] {logging_mixin.py:190} INFO - [2025-12-16T18:35:16.185+0000] {dag.py:4180} INFO - Setting next_dagrun for example_branch_dop_operator_v3 to 2025-12-16 18:34:00+00:00, run_after=2025-12-16 18:35:00+00:00
[2025-12-16T18:35:16.205+0000] {processor.py:208} INFO - Processing /home/airflow/.local/lib/python3.12/site-packages/airflow/example_dags/example_branch_python_dop_operator_3.py took 0.105 seconds
[2025-12-16T18:35:46.883+0000] {processor.py:186} INFO - Started process (PID=3736) to work on /home/airflow/.local/lib/python3.12/site-packages/airflow/example_dags/example_branch_python_dop_operator_3.py
[2025-12-16T18:35:46.885+0000] {processor.py:914} INFO - Processing file /home/airflow/.local/lib/python3.12/site-packages/airflow/example_dags/example_branch_python_dop_operator_3.py for tasks to queue
[2025-12-16T18:35:46.887+0000] {logging_mixin.py:190} INFO - [2025-12-16T18:35:46.887+0000] {dagbag.py:588} INFO - Filling up the DagBag from /home/airflow/.local/lib/python3.12/site-packages/airflow/example_dags/example_branch_python_dop_operator_3.py
[2025-12-16T18:35:46.901+0000] {processor.py:925} INFO - DAG(s) 'example_branch_dop_operator_v3' retrieved from /home/airflow/.local/lib/python3.12/site-packages/airflow/example_dags/example_branch_python_dop_operator_3.py
[2025-12-16T18:35:46.925+0000] {logging_mixin.py:190} INFO - [2025-12-16T18:35:46.924+0000] {dag.py:3239} INFO - Sync 1 DAGs
[2025-12-16T18:35:46.958+0000] {logging_mixin.py:190} INFO - [2025-12-16T18:35:46.958+0000] {dag.py:4180} INFO - Setting next_dagrun for example_branch_dop_operator_v3 to 2025-12-16 18:34:00+00:00, run_after=2025-12-16 18:35:00+00:00
[2025-12-16T18:35:46.979+0000] {processor.py:208} INFO - Processing /home/airflow/.local/lib/python3.12/site-packages/airflow/example_dags/example_branch_python_dop_operator_3.py took 0.104 seconds
[2025-12-16T18:36:17.240+0000] {processor.py:186} INFO - Started process (PID=4027) to work on /home/airflow/.local/lib/python3.12/site-packages/airflow/example_dags/example_branch_python_dop_operator_3.py
[2025-12-16T18:36:17.242+0000] {processor.py:914} INFO - Processing file /home/airflow/.local/lib/python3.12/site-packages/airflow/example_dags/example_branch_python_dop_operator_3.py for tasks to queue
[2025-12-16T18:36:17.244+0000] {logging_mixin.py:190} INFO - [2025-12-16T18:36:17.244+0000] {dagbag.py:588} INFO - Filling up the DagBag from /home/airflow/.local/lib/python3.12/site-packages/airflow/example_dags/example_branch_python_dop_operator_3.py
[2025-12-16T18:36:17.258+0000] {processor.py:925} INFO - DAG(s) 'example_branch_dop_operator_v3' retrieved from /home/airflow/.local/lib/python3.12/site-packages/airflow/example_dags/example_branch_python_dop_operator_3.py
[2025-12-16T18:36:17.281+0000] {logging_mixin.py:190} INFO - [2025-12-16T18:36:17.281+0000] {dag.py:3239} INFO - Sync 1 DAGs
[2025-12-16T18:36:17.315+0000] {logging_mixin.py:190} INFO - [2025-12-16T18:36:17.315+0000] {dag.py:4180} INFO - Setting next_dagrun for example_branch_dop_operator_v3 to 2025-12-16 18:35:00+00:00, run_after=2025-12-16 18:36:00+00:00
[2025-12-16T18:36:17.337+0000] {processor.py:208} INFO - Processing /home/airflow/.local/lib/python3.12/site-packages/airflow/example_dags/example_branch_python_dop_operator_3.py took 0.105 seconds
[2025-12-16T18:36:48.290+0000] {processor.py:186} INFO - Started process (PID=4318) to work on /home/airflow/.local/lib/python3.12/site-packages/airflow/example_dags/example_branch_python_dop_operator_3.py
[2025-12-16T18:36:48.291+0000] {processor.py:914} INFO - Processing file /home/airflow/.local/lib/python3.12/site-packages/airflow/example_dags/example_branch_python_dop_operator_3.py for tasks to queue
[2025-12-16T18:36:48.294+0000] {logging_mixin.py:190} INFO - [2025-12-16T18:36:48.294+0000] {dagbag.py:588} INFO - Filling up the DagBag from /home/airflow/.local/lib/python3.12/site-packages/airflow/example_dags/example_branch_python_dop_operator_3.py
[2025-12-16T18:36:48.309+0000] {processor.py:925} INFO - DAG(s) 'example_branch_dop_operator_v3' retrieved from /home/airflow/.local/lib/python3.12/site-packages/airflow/example_dags/example_branch_python_dop_operator_3.py
[2025-12-16T18:36:48.334+0000] {logging_mixin.py:190} INFO - [2025-12-16T18:36:48.334+0000] {dag.py:3239} INFO - Sync 1 DAGs
[2025-12-16T18:36:48.369+0000] {logging_mixin.py:190} INFO - [2025-12-16T18:36:48.369+0000] {dag.py:4180} INFO - Setting next_dagrun for example_branch_dop_operator_v3 to 2025-12-16 18:35:00+00:00, run_after=2025-12-16 18:36:00+00:00
[2025-12-16T18:36:48.393+0000] {processor.py:208} INFO - Processing /home/airflow/.local/lib/python3.12/site-packages/airflow/example_dags/example_branch_python_dop_operator_3.py took 0.111 seconds
[2025-12-16T18:37:18.503+0000] {processor.py:186} INFO - Started process (PID=4609) to work on /home/airflow/.local/lib/python3.12/site-packages/airflow/example_dags/example_branch_python_dop_operator_3.py
[2025-12-16T18:37:18.504+0000] {processor.py:914} INFO - Processing file /home/airflow/.local/lib/python3.12/site-packages/airflow/example_dags/example_branch_python_dop_operator_3.py for tasks to queue
[2025-12-16T18:37:18.507+0000] {logging_mixin.py:190} INFO - [2025-12-16T18:37:18.506+0000] {dagbag.py:588} INFO - Filling up the DagBag from /home/airflow/.local/lib/python3.12/site-packages/airflow/example_dags/example_branch_python_dop_operator_3.py
[2025-12-16T18:37:18.520+0000] {processor.py:925} INFO - DAG(s) 'example_branch_dop_operator_v3' retrieved from /home/airflow/.local/lib/python3.12/site-packages/airflow/example_dags/example_branch_python_dop_operator_3.py
[2025-12-16T18:37:18.545+0000] {logging_mixin.py:190} INFO - [2025-12-16T18:37:18.544+0000] {dag.py:3239} INFO - Sync 1 DAGs
[2025-12-16T18:37:18.581+0000] {logging_mixin.py:190} INFO - [2025-12-16T18:37:18.581+0000] {dag.py:4180} INFO - Setting next_dagrun for example_branch_dop_operator_v3 to 2025-12-16 18:36:00+00:00, run_after=2025-12-16 18:37:00+00:00
[2025-12-16T18:37:18.603+0000] {processor.py:208} INFO - Processing /home/airflow/.local/lib/python3.12/site-packages/airflow/example_dags/example_branch_python_dop_operator_3.py took 0.108 seconds
[2025-12-16T18:37:49.508+0000] {processor.py:186} INFO - Started process (PID=4900) to work on /home/airflow/.local/lib/python3.12/site-packages/airflow/example_dags/example_branch_python_dop_operator_3.py
[2025-12-16T18:37:49.509+0000] {processor.py:914} INFO - Processing file /home/airflow/.local/lib/python3.12/site-packages/airflow/example_dags/example_branch_python_dop_operator_3.py for tasks to queue
[2025-12-16T18:37:49.512+0000] {logging_mixin.py:190} INFO - [2025-12-16T18:37:49.511+0000] {dagbag.py:588} INFO - Filling up the DagBag from /home/airflow/.local/lib/python3.12/site-packages/airflow/example_dags/example_branch_python_dop_operator_3.py
[2025-12-16T18:37:49.526+0000] {processor.py:925} INFO - DAG(s) 'example_branch_dop_operator_v3' retrieved from /home/airflow/.local/lib/python3.12/site-packages/airflow/example_dags/example_branch_python_dop_operator_3.py
[2025-12-16T18:37:49.550+0000] {logging_mixin.py:190} INFO - [2025-12-16T18:37:49.550+0000] {dag.py:3239} INFO - Sync 1 DAGs
[2025-12-16T18:37:49.583+0000] {logging_mixin.py:190} INFO - [2025-12-16T18:37:49.582+0000] {dag.py:4180} INFO - Setting next_dagrun for example_branch_dop_operator_v3 to 2025-12-16 18:36:00+00:00, run_after=2025-12-16 18:37:00+00:00
[2025-12-16T18:37:49.604+0000] {processor.py:208} INFO - Processing /home/airflow/.local/lib/python3.12/site-packages/airflow/example_dags/example_branch_python_dop_operator_3.py took 0.105 seconds
[2025-12-16T18:38:20.240+0000] {processor.py:186} INFO - Started process (PID=5191) to work on /home/airflow/.local/lib/python3.12/site-packages/airflow/example_dags/example_branch_python_dop_operator_3.py
[2025-12-16T18:38:20.241+0000] {processor.py:914} INFO - Processing file /home/airflow/.local/lib/python3.12/site-packages/airflow/example_dags/example_branch_python_dop_operator_3.py for tasks to queue
[2025-12-16T18:38:20.244+0000] {logging_mixin.py:190} INFO - [2025-12-16T18:38:20.243+0000] {dagbag.py:588} INFO - Filling up the DagBag from /home/airflow/.local/lib/python3.12/site-packages/airflow/example_dags/example_branch_python_dop_operator_3.py
[2025-12-16T18:38:20.257+0000] {processor.py:925} INFO - DAG(s) 'example_branch_dop_operator_v3' retrieved from /home/airflow/.local/lib/python3.12/site-packages/airflow/example_dags/example_branch_python_dop_operator_3.py
[2025-12-16T18:38:20.279+0000] {logging_mixin.py:190} INFO - [2025-12-16T18:38:20.278+0000] {dag.py:3239} INFO - Sync 1 DAGs
[2025-12-16T18:38:20.310+0000] {logging_mixin.py:190} INFO - [2025-12-16T18:38:20.310+0000] {dag.py:4180} INFO - Setting next_dagrun for example_branch_dop_operator_v3 to 2025-12-16 18:37:00+00:00, run_after=2025-12-16 18:38:00+00:00
[2025-12-16T18:38:20.330+0000] {processor.py:208} INFO - Processing /home/airflow/.local/lib/python3.12/site-packages/airflow/example_dags/example_branch_python_dop_operator_3.py took 0.098 seconds
[2025-12-16T18:38:50.992+0000] {processor.py:186} INFO - Started process (PID=5480) to work on /home/airflow/.local/lib/python3.12/site-packages/airflow/example_dags/example_branch_python_dop_operator_3.py
[2025-12-16T18:38:50.994+0000] {processor.py:914} INFO - Processing file /home/airflow/.local/lib/python3.12/site-packages/airflow/example_dags/example_branch_python_dop_operator_3.py for tasks to queue
[2025-12-16T18:38:50.997+0000] {logging_mixin.py:190} INFO - [2025-12-16T18:38:50.997+0000] {dagbag.py:588} INFO - Filling up the DagBag from /home/airflow/.local/lib/python3.12/site-packages/airflow/example_dags/example_branch_python_dop_operator_3.py
[2025-12-16T18:38:51.012+0000] {processor.py:925} INFO - DAG(s) 'example_branch_dop_operator_v3' retrieved from /home/airflow/.local/lib/python3.12/site-packages/airflow/example_dags/example_branch_python_dop_operator_3.py
[2025-12-16T18:38:51.037+0000] {logging_mixin.py:190} INFO - [2025-12-16T18:38:51.037+0000] {dag.py:3239} INFO - Sync 1 DAGs
[2025-12-16T18:38:51.071+0000] {logging_mixin.py:190} INFO - [2025-12-16T18:38:51.071+0000] {dag.py:4180} INFO - Setting next_dagrun for example_branch_dop_operator_v3 to 2025-12-16 18:37:00+00:00, run_after=2025-12-16 18:38:00+00:00
[2025-12-16T18:38:51.092+0000] {processor.py:208} INFO - Processing /home/airflow/.local/lib/python3.12/site-packages/airflow/example_dags/example_branch_python_dop_operator_3.py took 0.108 seconds
[2025-12-16T18:39:21.813+0000] {processor.py:186} INFO - Started process (PID=5773) to work on /home/airflow/.local/lib/python3.12/site-packages/airflow/example_dags/example_branch_python_dop_operator_3.py
[2025-12-16T18:39:21.814+0000] {processor.py:914} INFO - Processing file /home/airflow/.local/lib/python3.12/site-packages/airflow/example_dags/example_branch_python_dop_operator_3.py for tasks to queue
[2025-12-16T18:39:21.816+0000] {logging_mixin.py:190} INFO - [2025-12-16T18:39:21.816+0000] {dagbag.py:588} INFO - Filling up the DagBag from /home/airflow/.local/lib/python3.12/site-packages/airflow/example_dags/example_branch_python_dop_operator_3.py
[2025-12-16T18:39:21.830+0000] {processor.py:925} INFO - DAG(s) 'example_branch_dop_operator_v3' retrieved from /home/airflow/.local/lib/python3.12/site-packages/airflow/example_dags/example_branch_python_dop_operator_3.py
[2025-12-16T18:39:21.855+0000] {logging_mixin.py:190} INFO - [2025-12-16T18:39:21.855+0000] {dag.py:3239} INFO - Sync 1 DAGs
[2025-12-16T18:39:21.888+0000] {logging_mixin.py:190} INFO - [2025-12-16T18:39:21.888+0000] {dag.py:4180} INFO - Setting next_dagrun for example_branch_dop_operator_v3 to 2025-12-16 18:38:00+00:00, run_after=2025-12-16 18:39:00+00:00
[2025-12-16T18:39:21.908+0000] {processor.py:208} INFO - Processing /home/airflow/.local/lib/python3.12/site-packages/airflow/example_dags/example_branch_python_dop_operator_3.py took 0.104 seconds
[2025-12-16T18:39:52.076+0000] {processor.py:186} INFO - Started process (PID=6064) to work on /home/airflow/.local/lib/python3.12/site-packages/airflow/example_dags/example_branch_python_dop_operator_3.py
[2025-12-16T18:39:52.077+0000] {processor.py:914} INFO - Processing file /home/airflow/.local/lib/python3.12/site-packages/airflow/example_dags/example_branch_python_dop_operator_3.py for tasks to queue
[2025-12-16T18:39:52.079+0000] {logging_mixin.py:190} INFO - [2025-12-16T18:39:52.079+0000] {dagbag.py:588} INFO - Filling up the DagBag from /home/airflow/.local/lib/python3.12/site-packages/airflow/example_dags/example_branch_python_dop_operator_3.py
[2025-12-16T18:39:52.092+0000] {processor.py:925} INFO - DAG(s) 'example_branch_dop_operator_v3' retrieved from /home/airflow/.local/lib/python3.12/site-packages/airflow/example_dags/example_branch_python_dop_operator_3.py
[2025-12-16T18:39:52.113+0000] {logging_mixin.py:190} INFO - [2025-12-16T18:39:52.113+0000] {dag.py:3239} INFO - Sync 1 DAGs
[2025-12-16T18:39:52.144+0000] {logging_mixin.py:190} INFO - [2025-12-16T18:39:52.144+0000] {dag.py:4180} INFO - Setting next_dagrun for example_branch_dop_operator_v3 to 2025-12-16 18:38:00+00:00, run_after=2025-12-16 18:39:00+00:00
[2025-12-16T18:39:52.164+0000] {processor.py:208} INFO - Processing /home/airflow/.local/lib/python3.12/site-packages/airflow/example_dags/example_branch_python_dop_operator_3.py took 0.096 seconds
[2025-12-16T18:40:22.490+0000] {processor.py:186} INFO - Started process (PID=6355) to work on /home/airflow/.local/lib/python3.12/site-packages/airflow/example_dags/example_branch_python_dop_operator_3.py
[2025-12-16T18:40:22.491+0000] {processor.py:914} INFO - Processing file /home/airflow/.local/lib/python3.12/site-packages/airflow/example_dags/example_branch_python_dop_operator_3.py for tasks to queue
[2025-12-16T18:40:22.494+0000] {logging_mixin.py:190} INFO - [2025-12-16T18:40:22.493+0000] {dagbag.py:588} INFO - Filling up the DagBag from /home/airflow/.local/lib/python3.12/site-packages/airflow/example_dags/example_branch_python_dop_operator_3.py
[2025-12-16T18:40:22.507+0000] {processor.py:925} INFO - DAG(s) 'example_branch_dop_operator_v3' retrieved from /home/airflow/.local/lib/python3.12/site-packages/airflow/example_dags/example_branch_python_dop_operator_3.py
[2025-12-16T18:40:22.532+0000] {logging_mixin.py:190} INFO - [2025-12-16T18:40:22.532+0000] {dag.py:3239} INFO - Sync 1 DAGs
[2025-12-16T18:40:22.569+0000] {logging_mixin.py:190} INFO - [2025-12-16T18:40:22.569+0000] {dag.py:4180} INFO - Setting next_dagrun for example_branch_dop_operator_v3 to 2025-12-16 18:39:00+00:00, run_after=2025-12-16 18:40:00+00:00
[2025-12-16T18:40:22.591+0000] {processor.py:208} INFO - Processing /home/airflow/.local/lib/python3.12/site-packages/airflow/example_dags/example_branch_python_dop_operator_3.py took 0.109 seconds
