[2025-12-16T18:26:47.973+0000] {processor.py:186} INFO - Started process (PID=362) to work on /home/airflow/.local/lib/python3.12/site-packages/airflow/example_dags/example_setup_teardown.py
[2025-12-16T18:26:47.974+0000] {processor.py:914} INFO - Processing file /home/airflow/.local/lib/python3.12/site-packages/airflow/example_dags/example_setup_teardown.py for tasks to queue
[2025-12-16T18:26:47.977+0000] {logging_mixin.py:190} INFO - [2025-12-16T18:26:47.976+0000] {dagbag.py:588} INFO - Filling up the DagBag from /home/airflow/.local/lib/python3.12/site-packages/airflow/example_dags/example_setup_teardown.py
[2025-12-16T18:26:47.990+0000] {processor.py:925} INFO - DAG(s) 'example_setup_teardown' retrieved from /home/airflow/.local/lib/python3.12/site-packages/airflow/example_dags/example_setup_teardown.py
[2025-12-16T18:26:48.125+0000] {logging_mixin.py:190} INFO - [2025-12-16T18:26:48.124+0000] {override.py:1911} INFO - Created Permission View: can read on DAG:example_setup_teardown
[2025-12-16T18:26:48.136+0000] {logging_mixin.py:190} INFO - [2025-12-16T18:26:48.136+0000] {override.py:1911} INFO - Created Permission View: can delete on DAG:example_setup_teardown
[2025-12-16T18:26:48.143+0000] {logging_mixin.py:190} INFO - [2025-12-16T18:26:48.142+0000] {override.py:1911} INFO - Created Permission View: can edit on DAG:example_setup_teardown
[2025-12-16T18:26:48.150+0000] {logging_mixin.py:190} INFO - [2025-12-16T18:26:48.150+0000] {override.py:1911} INFO - Created Permission View: can read on DAG Run:example_setup_teardown
[2025-12-16T18:26:48.157+0000] {logging_mixin.py:190} INFO - [2025-12-16T18:26:48.156+0000] {override.py:1911} INFO - Created Permission View: can create on DAG Run:example_setup_teardown
[2025-12-16T18:26:48.164+0000] {logging_mixin.py:190} INFO - [2025-12-16T18:26:48.163+0000] {override.py:1911} INFO - Created Permission View: menu access on DAG Run:example_setup_teardown
[2025-12-16T18:26:48.170+0000] {logging_mixin.py:190} INFO - [2025-12-16T18:26:48.170+0000] {override.py:1911} INFO - Created Permission View: can delete on DAG Run:example_setup_teardown
[2025-12-16T18:26:48.170+0000] {logging_mixin.py:190} INFO - [2025-12-16T18:26:48.170+0000] {dag.py:3239} INFO - Sync 1 DAGs
[2025-12-16T18:26:48.187+0000] {logging_mixin.py:190} INFO - [2025-12-16T18:26:48.186+0000] {dag.py:3262} INFO - Creating ORM DAG for example_setup_teardown
[2025-12-16T18:26:48.187+0000] {logging_mixin.py:190} INFO - [2025-12-16T18:26:48.187+0000] {dag.py:4180} INFO - Setting next_dagrun for example_setup_teardown to None, run_after=None
[2025-12-16T18:26:48.204+0000] {processor.py:208} INFO - Processing /home/airflow/.local/lib/python3.12/site-packages/airflow/example_dags/example_setup_teardown.py took 0.239 seconds
[2025-12-16T18:27:18.970+0000] {processor.py:186} INFO - Started process (PID=653) to work on /home/airflow/.local/lib/python3.12/site-packages/airflow/example_dags/example_setup_teardown.py
[2025-12-16T18:27:18.971+0000] {processor.py:914} INFO - Processing file /home/airflow/.local/lib/python3.12/site-packages/airflow/example_dags/example_setup_teardown.py for tasks to queue
[2025-12-16T18:27:18.974+0000] {logging_mixin.py:190} INFO - [2025-12-16T18:27:18.973+0000] {dagbag.py:588} INFO - Filling up the DagBag from /home/airflow/.local/lib/python3.12/site-packages/airflow/example_dags/example_setup_teardown.py
[2025-12-16T18:27:18.987+0000] {processor.py:925} INFO - DAG(s) 'example_setup_teardown' retrieved from /home/airflow/.local/lib/python3.12/site-packages/airflow/example_dags/example_setup_teardown.py
[2025-12-16T18:27:19.016+0000] {logging_mixin.py:190} INFO - [2025-12-16T18:27:19.015+0000] {dag.py:3239} INFO - Sync 1 DAGs
[2025-12-16T18:27:19.036+0000] {logging_mixin.py:190} INFO - [2025-12-16T18:27:19.036+0000] {dag.py:4180} INFO - Setting next_dagrun for example_setup_teardown to None, run_after=None
[2025-12-16T18:27:19.061+0000] {processor.py:208} INFO - Processing /home/airflow/.local/lib/python3.12/site-packages/airflow/example_dags/example_setup_teardown.py took 0.101 seconds
[2025-12-16T18:27:49.873+0000] {processor.py:186} INFO - Started process (PID=944) to work on /home/airflow/.local/lib/python3.12/site-packages/airflow/example_dags/example_setup_teardown.py
[2025-12-16T18:27:49.874+0000] {processor.py:914} INFO - Processing file /home/airflow/.local/lib/python3.12/site-packages/airflow/example_dags/example_setup_teardown.py for tasks to queue
[2025-12-16T18:27:49.877+0000] {logging_mixin.py:190} INFO - [2025-12-16T18:27:49.877+0000] {dagbag.py:588} INFO - Filling up the DagBag from /home/airflow/.local/lib/python3.12/site-packages/airflow/example_dags/example_setup_teardown.py
[2025-12-16T18:27:49.891+0000] {processor.py:925} INFO - DAG(s) 'example_setup_teardown' retrieved from /home/airflow/.local/lib/python3.12/site-packages/airflow/example_dags/example_setup_teardown.py
[2025-12-16T18:27:49.919+0000] {logging_mixin.py:190} INFO - [2025-12-16T18:27:49.918+0000] {dag.py:3239} INFO - Sync 1 DAGs
[2025-12-16T18:27:49.938+0000] {logging_mixin.py:190} INFO - [2025-12-16T18:27:49.938+0000] {dag.py:4180} INFO - Setting next_dagrun for example_setup_teardown to None, run_after=None
[2025-12-16T18:27:49.960+0000] {processor.py:208} INFO - Processing /home/airflow/.local/lib/python3.12/site-packages/airflow/example_dags/example_setup_teardown.py took 0.098 seconds
[2025-12-16T18:29:43.244+0000] {processor.py:186} INFO - Started process (PID=364) to work on /home/airflow/.local/lib/python3.12/site-packages/airflow/example_dags/example_setup_teardown.py
[2025-12-16T18:29:43.246+0000] {processor.py:914} INFO - Processing file /home/airflow/.local/lib/python3.12/site-packages/airflow/example_dags/example_setup_teardown.py for tasks to queue
[2025-12-16T18:29:43.248+0000] {logging_mixin.py:190} INFO - [2025-12-16T18:29:43.248+0000] {dagbag.py:588} INFO - Filling up the DagBag from /home/airflow/.local/lib/python3.12/site-packages/airflow/example_dags/example_setup_teardown.py
[2025-12-16T18:29:43.260+0000] {processor.py:925} INFO - DAG(s) 'example_setup_teardown' retrieved from /home/airflow/.local/lib/python3.12/site-packages/airflow/example_dags/example_setup_teardown.py
[2025-12-16T18:29:43.285+0000] {logging_mixin.py:190} INFO - [2025-12-16T18:29:43.285+0000] {dag.py:3239} INFO - Sync 1 DAGs
[2025-12-16T18:29:43.303+0000] {logging_mixin.py:190} INFO - [2025-12-16T18:29:43.303+0000] {dag.py:4180} INFO - Setting next_dagrun for example_setup_teardown to None, run_after=None
[2025-12-16T18:29:43.323+0000] {processor.py:208} INFO - Processing /home/airflow/.local/lib/python3.12/site-packages/airflow/example_dags/example_setup_teardown.py took 0.086 seconds
[2025-12-16T18:30:15.210+0000] {processor.py:186} INFO - Started process (PID=653) to work on /home/airflow/.local/lib/python3.12/site-packages/airflow/example_dags/example_setup_teardown.py
[2025-12-16T18:30:15.211+0000] {processor.py:914} INFO - Processing file /home/airflow/.local/lib/python3.12/site-packages/airflow/example_dags/example_setup_teardown.py for tasks to queue
[2025-12-16T18:30:15.214+0000] {logging_mixin.py:190} INFO - [2025-12-16T18:30:15.214+0000] {dagbag.py:588} INFO - Filling up the DagBag from /home/airflow/.local/lib/python3.12/site-packages/airflow/example_dags/example_setup_teardown.py
[2025-12-16T18:30:15.224+0000] {processor.py:925} INFO - DAG(s) 'example_setup_teardown' retrieved from /home/airflow/.local/lib/python3.12/site-packages/airflow/example_dags/example_setup_teardown.py
[2025-12-16T18:30:15.248+0000] {logging_mixin.py:190} INFO - [2025-12-16T18:30:15.247+0000] {dag.py:3239} INFO - Sync 1 DAGs
[2025-12-16T18:30:15.268+0000] {logging_mixin.py:190} INFO - [2025-12-16T18:30:15.267+0000] {dag.py:4180} INFO - Setting next_dagrun for example_setup_teardown to None, run_after=None
[2025-12-16T18:30:15.291+0000] {processor.py:208} INFO - Processing /home/airflow/.local/lib/python3.12/site-packages/airflow/example_dags/example_setup_teardown.py took 0.088 seconds
[2025-12-16T18:30:45.590+0000] {processor.py:186} INFO - Started process (PID=944) to work on /home/airflow/.local/lib/python3.12/site-packages/airflow/example_dags/example_setup_teardown.py
[2025-12-16T18:30:45.592+0000] {processor.py:914} INFO - Processing file /home/airflow/.local/lib/python3.12/site-packages/airflow/example_dags/example_setup_teardown.py for tasks to queue
[2025-12-16T18:30:45.594+0000] {logging_mixin.py:190} INFO - [2025-12-16T18:30:45.594+0000] {dagbag.py:588} INFO - Filling up the DagBag from /home/airflow/.local/lib/python3.12/site-packages/airflow/example_dags/example_setup_teardown.py
[2025-12-16T18:30:45.604+0000] {processor.py:925} INFO - DAG(s) 'example_setup_teardown' retrieved from /home/airflow/.local/lib/python3.12/site-packages/airflow/example_dags/example_setup_teardown.py
[2025-12-16T18:30:45.627+0000] {logging_mixin.py:190} INFO - [2025-12-16T18:30:45.627+0000] {dag.py:3239} INFO - Sync 1 DAGs
[2025-12-16T18:30:45.645+0000] {logging_mixin.py:190} INFO - [2025-12-16T18:30:45.644+0000] {dag.py:4180} INFO - Setting next_dagrun for example_setup_teardown to None, run_after=None
[2025-12-16T18:30:45.664+0000] {processor.py:208} INFO - Processing /home/airflow/.local/lib/python3.12/site-packages/airflow/example_dags/example_setup_teardown.py took 0.081 seconds
[2025-12-16T18:31:17.445+0000] {processor.py:186} INFO - Started process (PID=1235) to work on /home/airflow/.local/lib/python3.12/site-packages/airflow/example_dags/example_setup_teardown.py
[2025-12-16T18:31:17.446+0000] {processor.py:914} INFO - Processing file /home/airflow/.local/lib/python3.12/site-packages/airflow/example_dags/example_setup_teardown.py for tasks to queue
[2025-12-16T18:31:17.449+0000] {logging_mixin.py:190} INFO - [2025-12-16T18:31:17.448+0000] {dagbag.py:588} INFO - Filling up the DagBag from /home/airflow/.local/lib/python3.12/site-packages/airflow/example_dags/example_setup_teardown.py
[2025-12-16T18:31:17.459+0000] {processor.py:925} INFO - DAG(s) 'example_setup_teardown' retrieved from /home/airflow/.local/lib/python3.12/site-packages/airflow/example_dags/example_setup_teardown.py
[2025-12-16T18:31:17.482+0000] {logging_mixin.py:190} INFO - [2025-12-16T18:31:17.482+0000] {dag.py:3239} INFO - Sync 1 DAGs
[2025-12-16T18:31:17.499+0000] {logging_mixin.py:190} INFO - [2025-12-16T18:31:17.499+0000] {dag.py:4180} INFO - Setting next_dagrun for example_setup_teardown to None, run_after=None
[2025-12-16T18:31:17.519+0000] {processor.py:208} INFO - Processing /home/airflow/.local/lib/python3.12/site-packages/airflow/example_dags/example_setup_teardown.py took 0.081 seconds
[2025-12-16T18:31:47.860+0000] {processor.py:186} INFO - Started process (PID=1521) to work on /home/airflow/.local/lib/python3.12/site-packages/airflow/example_dags/example_setup_teardown.py
[2025-12-16T18:31:47.861+0000] {processor.py:914} INFO - Processing file /home/airflow/.local/lib/python3.12/site-packages/airflow/example_dags/example_setup_teardown.py for tasks to queue
[2025-12-16T18:31:47.864+0000] {logging_mixin.py:190} INFO - [2025-12-16T18:31:47.864+0000] {dagbag.py:588} INFO - Filling up the DagBag from /home/airflow/.local/lib/python3.12/site-packages/airflow/example_dags/example_setup_teardown.py
[2025-12-16T18:31:47.877+0000] {processor.py:925} INFO - DAG(s) 'example_setup_teardown' retrieved from /home/airflow/.local/lib/python3.12/site-packages/airflow/example_dags/example_setup_teardown.py
[2025-12-16T18:31:47.908+0000] {logging_mixin.py:190} INFO - [2025-12-16T18:31:47.908+0000] {dag.py:3239} INFO - Sync 1 DAGs
[2025-12-16T18:31:47.935+0000] {logging_mixin.py:190} INFO - [2025-12-16T18:31:47.934+0000] {dag.py:4180} INFO - Setting next_dagrun for example_setup_teardown to None, run_after=None
[2025-12-16T18:31:47.960+0000] {processor.py:208} INFO - Processing /home/airflow/.local/lib/python3.12/site-packages/airflow/example_dags/example_setup_teardown.py took 0.109 seconds
[2025-12-16T18:32:18.549+0000] {processor.py:186} INFO - Started process (PID=1812) to work on /home/airflow/.local/lib/python3.12/site-packages/airflow/example_dags/example_setup_teardown.py
[2025-12-16T18:32:18.550+0000] {processor.py:914} INFO - Processing file /home/airflow/.local/lib/python3.12/site-packages/airflow/example_dags/example_setup_teardown.py for tasks to queue
[2025-12-16T18:32:18.553+0000] {logging_mixin.py:190} INFO - [2025-12-16T18:32:18.553+0000] {dagbag.py:588} INFO - Filling up the DagBag from /home/airflow/.local/lib/python3.12/site-packages/airflow/example_dags/example_setup_teardown.py
[2025-12-16T18:32:18.564+0000] {processor.py:925} INFO - DAG(s) 'example_setup_teardown' retrieved from /home/airflow/.local/lib/python3.12/site-packages/airflow/example_dags/example_setup_teardown.py
[2025-12-16T18:32:18.591+0000] {logging_mixin.py:190} INFO - [2025-12-16T18:32:18.590+0000] {dag.py:3239} INFO - Sync 1 DAGs
[2025-12-16T18:32:18.609+0000] {logging_mixin.py:190} INFO - [2025-12-16T18:32:18.609+0000] {dag.py:4180} INFO - Setting next_dagrun for example_setup_teardown to None, run_after=None
[2025-12-16T18:32:18.630+0000] {processor.py:208} INFO - Processing /home/airflow/.local/lib/python3.12/site-packages/airflow/example_dags/example_setup_teardown.py took 0.089 seconds
[2025-12-16T18:32:49.672+0000] {processor.py:186} INFO - Started process (PID=2103) to work on /home/airflow/.local/lib/python3.12/site-packages/airflow/example_dags/example_setup_teardown.py
[2025-12-16T18:32:49.673+0000] {processor.py:914} INFO - Processing file /home/airflow/.local/lib/python3.12/site-packages/airflow/example_dags/example_setup_teardown.py for tasks to queue
[2025-12-16T18:32:49.676+0000] {logging_mixin.py:190} INFO - [2025-12-16T18:32:49.675+0000] {dagbag.py:588} INFO - Filling up the DagBag from /home/airflow/.local/lib/python3.12/site-packages/airflow/example_dags/example_setup_teardown.py
[2025-12-16T18:32:49.686+0000] {processor.py:925} INFO - DAG(s) 'example_setup_teardown' retrieved from /home/airflow/.local/lib/python3.12/site-packages/airflow/example_dags/example_setup_teardown.py
[2025-12-16T18:32:49.711+0000] {logging_mixin.py:190} INFO - [2025-12-16T18:32:49.710+0000] {dag.py:3239} INFO - Sync 1 DAGs
[2025-12-16T18:32:49.729+0000] {logging_mixin.py:190} INFO - [2025-12-16T18:32:49.728+0000] {dag.py:4180} INFO - Setting next_dagrun for example_setup_teardown to None, run_after=None
[2025-12-16T18:32:49.749+0000] {processor.py:208} INFO - Processing /home/airflow/.local/lib/python3.12/site-packages/airflow/example_dags/example_setup_teardown.py took 0.086 seconds
[2025-12-16T18:33:21.104+0000] {processor.py:186} INFO - Started process (PID=2394) to work on /home/airflow/.local/lib/python3.12/site-packages/airflow/example_dags/example_setup_teardown.py
[2025-12-16T18:33:21.106+0000] {processor.py:914} INFO - Processing file /home/airflow/.local/lib/python3.12/site-packages/airflow/example_dags/example_setup_teardown.py for tasks to queue
[2025-12-16T18:33:21.108+0000] {logging_mixin.py:190} INFO - [2025-12-16T18:33:21.108+0000] {dagbag.py:588} INFO - Filling up the DagBag from /home/airflow/.local/lib/python3.12/site-packages/airflow/example_dags/example_setup_teardown.py
[2025-12-16T18:33:21.119+0000] {processor.py:925} INFO - DAG(s) 'example_setup_teardown' retrieved from /home/airflow/.local/lib/python3.12/site-packages/airflow/example_dags/example_setup_teardown.py
[2025-12-16T18:33:21.144+0000] {logging_mixin.py:190} INFO - [2025-12-16T18:33:21.144+0000] {dag.py:3239} INFO - Sync 1 DAGs
[2025-12-16T18:33:21.163+0000] {logging_mixin.py:190} INFO - [2025-12-16T18:33:21.163+0000] {dag.py:4180} INFO - Setting next_dagrun for example_setup_teardown to None, run_after=None
[2025-12-16T18:33:21.182+0000] {processor.py:208} INFO - Processing /home/airflow/.local/lib/python3.12/site-packages/airflow/example_dags/example_setup_teardown.py took 0.086 seconds
[2025-12-16T18:33:52.086+0000] {processor.py:186} INFO - Started process (PID=2685) to work on /home/airflow/.local/lib/python3.12/site-packages/airflow/example_dags/example_setup_teardown.py
[2025-12-16T18:33:52.087+0000] {processor.py:914} INFO - Processing file /home/airflow/.local/lib/python3.12/site-packages/airflow/example_dags/example_setup_teardown.py for tasks to queue
[2025-12-16T18:33:52.090+0000] {logging_mixin.py:190} INFO - [2025-12-16T18:33:52.089+0000] {dagbag.py:588} INFO - Filling up the DagBag from /home/airflow/.local/lib/python3.12/site-packages/airflow/example_dags/example_setup_teardown.py
[2025-12-16T18:33:52.100+0000] {processor.py:925} INFO - DAG(s) 'example_setup_teardown' retrieved from /home/airflow/.local/lib/python3.12/site-packages/airflow/example_dags/example_setup_teardown.py
[2025-12-16T18:33:52.124+0000] {logging_mixin.py:190} INFO - [2025-12-16T18:33:52.124+0000] {dag.py:3239} INFO - Sync 1 DAGs
[2025-12-16T18:33:52.141+0000] {logging_mixin.py:190} INFO - [2025-12-16T18:33:52.141+0000] {dag.py:4180} INFO - Setting next_dagrun for example_setup_teardown to None, run_after=None
[2025-12-16T18:33:52.163+0000] {processor.py:208} INFO - Processing /home/airflow/.local/lib/python3.12/site-packages/airflow/example_dags/example_setup_teardown.py took 0.084 seconds
[2025-12-16T18:34:22.996+0000] {processor.py:186} INFO - Started process (PID=2976) to work on /home/airflow/.local/lib/python3.12/site-packages/airflow/example_dags/example_setup_teardown.py
[2025-12-16T18:34:22.997+0000] {processor.py:914} INFO - Processing file /home/airflow/.local/lib/python3.12/site-packages/airflow/example_dags/example_setup_teardown.py for tasks to queue
[2025-12-16T18:34:23.000+0000] {logging_mixin.py:190} INFO - [2025-12-16T18:34:22.999+0000] {dagbag.py:588} INFO - Filling up the DagBag from /home/airflow/.local/lib/python3.12/site-packages/airflow/example_dags/example_setup_teardown.py
[2025-12-16T18:34:23.010+0000] {processor.py:925} INFO - DAG(s) 'example_setup_teardown' retrieved from /home/airflow/.local/lib/python3.12/site-packages/airflow/example_dags/example_setup_teardown.py
[2025-12-16T18:34:23.033+0000] {logging_mixin.py:190} INFO - [2025-12-16T18:34:23.033+0000] {dag.py:3239} INFO - Sync 1 DAGs
[2025-12-16T18:34:23.050+0000] {logging_mixin.py:190} INFO - [2025-12-16T18:34:23.050+0000] {dag.py:4180} INFO - Setting next_dagrun for example_setup_teardown to None, run_after=None
[2025-12-16T18:34:23.069+0000] {processor.py:208} INFO - Processing /home/airflow/.local/lib/python3.12/site-packages/airflow/example_dags/example_setup_teardown.py took 0.081 seconds
[2025-12-16T18:34:54.197+0000] {processor.py:186} INFO - Started process (PID=3267) to work on /home/airflow/.local/lib/python3.12/site-packages/airflow/example_dags/example_setup_teardown.py
[2025-12-16T18:34:54.198+0000] {processor.py:914} INFO - Processing file /home/airflow/.local/lib/python3.12/site-packages/airflow/example_dags/example_setup_teardown.py for tasks to queue
[2025-12-16T18:34:54.200+0000] {logging_mixin.py:190} INFO - [2025-12-16T18:34:54.200+0000] {dagbag.py:588} INFO - Filling up the DagBag from /home/airflow/.local/lib/python3.12/site-packages/airflow/example_dags/example_setup_teardown.py
[2025-12-16T18:34:54.211+0000] {processor.py:925} INFO - DAG(s) 'example_setup_teardown' retrieved from /home/airflow/.local/lib/python3.12/site-packages/airflow/example_dags/example_setup_teardown.py
[2025-12-16T18:34:54.235+0000] {logging_mixin.py:190} INFO - [2025-12-16T18:34:54.235+0000] {dag.py:3239} INFO - Sync 1 DAGs
[2025-12-16T18:34:54.253+0000] {logging_mixin.py:190} INFO - [2025-12-16T18:34:54.253+0000] {dag.py:4180} INFO - Setting next_dagrun for example_setup_teardown to None, run_after=None
[2025-12-16T18:34:54.276+0000] {processor.py:208} INFO - Processing /home/airflow/.local/lib/python3.12/site-packages/airflow/example_dags/example_setup_teardown.py took 0.087 seconds
[2025-12-16T18:35:25.493+0000] {processor.py:186} INFO - Started process (PID=3558) to work on /home/airflow/.local/lib/python3.12/site-packages/airflow/example_dags/example_setup_teardown.py
[2025-12-16T18:35:25.494+0000] {processor.py:914} INFO - Processing file /home/airflow/.local/lib/python3.12/site-packages/airflow/example_dags/example_setup_teardown.py for tasks to queue
[2025-12-16T18:35:25.497+0000] {logging_mixin.py:190} INFO - [2025-12-16T18:35:25.497+0000] {dagbag.py:588} INFO - Filling up the DagBag from /home/airflow/.local/lib/python3.12/site-packages/airflow/example_dags/example_setup_teardown.py
[2025-12-16T18:35:25.509+0000] {processor.py:925} INFO - DAG(s) 'example_setup_teardown' retrieved from /home/airflow/.local/lib/python3.12/site-packages/airflow/example_dags/example_setup_teardown.py
[2025-12-16T18:35:25.536+0000] {logging_mixin.py:190} INFO - [2025-12-16T18:35:25.536+0000] {dag.py:3239} INFO - Sync 1 DAGs
[2025-12-16T18:35:25.555+0000] {logging_mixin.py:190} INFO - [2025-12-16T18:35:25.555+0000] {dag.py:4180} INFO - Setting next_dagrun for example_setup_teardown to None, run_after=None
[2025-12-16T18:35:25.576+0000] {processor.py:208} INFO - Processing /home/airflow/.local/lib/python3.12/site-packages/airflow/example_dags/example_setup_teardown.py took 0.091 seconds
[2025-12-16T18:35:56.762+0000] {processor.py:186} INFO - Started process (PID=3849) to work on /home/airflow/.local/lib/python3.12/site-packages/airflow/example_dags/example_setup_teardown.py
[2025-12-16T18:35:56.763+0000] {processor.py:914} INFO - Processing file /home/airflow/.local/lib/python3.12/site-packages/airflow/example_dags/example_setup_teardown.py for tasks to queue
[2025-12-16T18:35:56.765+0000] {logging_mixin.py:190} INFO - [2025-12-16T18:35:56.765+0000] {dagbag.py:588} INFO - Filling up the DagBag from /home/airflow/.local/lib/python3.12/site-packages/airflow/example_dags/example_setup_teardown.py
[2025-12-16T18:35:56.776+0000] {processor.py:925} INFO - DAG(s) 'example_setup_teardown' retrieved from /home/airflow/.local/lib/python3.12/site-packages/airflow/example_dags/example_setup_teardown.py
[2025-12-16T18:35:56.800+0000] {logging_mixin.py:190} INFO - [2025-12-16T18:35:56.800+0000] {dag.py:3239} INFO - Sync 1 DAGs
[2025-12-16T18:35:56.819+0000] {logging_mixin.py:190} INFO - [2025-12-16T18:35:56.818+0000] {dag.py:4180} INFO - Setting next_dagrun for example_setup_teardown to None, run_after=None
[2025-12-16T18:35:56.841+0000] {processor.py:208} INFO - Processing /home/airflow/.local/lib/python3.12/site-packages/airflow/example_dags/example_setup_teardown.py took 0.087 seconds
[2025-12-16T18:36:27.883+0000] {processor.py:186} INFO - Started process (PID=4140) to work on /home/airflow/.local/lib/python3.12/site-packages/airflow/example_dags/example_setup_teardown.py
[2025-12-16T18:36:27.884+0000] {processor.py:914} INFO - Processing file /home/airflow/.local/lib/python3.12/site-packages/airflow/example_dags/example_setup_teardown.py for tasks to queue
[2025-12-16T18:36:27.887+0000] {logging_mixin.py:190} INFO - [2025-12-16T18:36:27.887+0000] {dagbag.py:588} INFO - Filling up the DagBag from /home/airflow/.local/lib/python3.12/site-packages/airflow/example_dags/example_setup_teardown.py
[2025-12-16T18:36:27.900+0000] {processor.py:925} INFO - DAG(s) 'example_setup_teardown' retrieved from /home/airflow/.local/lib/python3.12/site-packages/airflow/example_dags/example_setup_teardown.py
[2025-12-16T18:36:27.929+0000] {logging_mixin.py:190} INFO - [2025-12-16T18:36:27.928+0000] {dag.py:3239} INFO - Sync 1 DAGs
[2025-12-16T18:36:27.948+0000] {logging_mixin.py:190} INFO - [2025-12-16T18:36:27.948+0000] {dag.py:4180} INFO - Setting next_dagrun for example_setup_teardown to None, run_after=None
[2025-12-16T18:36:27.971+0000] {processor.py:208} INFO - Processing /home/airflow/.local/lib/python3.12/site-packages/airflow/example_dags/example_setup_teardown.py took 0.098 seconds
[2025-12-16T18:36:58.987+0000] {processor.py:186} INFO - Started process (PID=4431) to work on /home/airflow/.local/lib/python3.12/site-packages/airflow/example_dags/example_setup_teardown.py
[2025-12-16T18:36:58.988+0000] {processor.py:914} INFO - Processing file /home/airflow/.local/lib/python3.12/site-packages/airflow/example_dags/example_setup_teardown.py for tasks to queue
[2025-12-16T18:36:58.990+0000] {logging_mixin.py:190} INFO - [2025-12-16T18:36:58.990+0000] {dagbag.py:588} INFO - Filling up the DagBag from /home/airflow/.local/lib/python3.12/site-packages/airflow/example_dags/example_setup_teardown.py
[2025-12-16T18:36:59.001+0000] {processor.py:925} INFO - DAG(s) 'example_setup_teardown' retrieved from /home/airflow/.local/lib/python3.12/site-packages/airflow/example_dags/example_setup_teardown.py
[2025-12-16T18:36:59.023+0000] {logging_mixin.py:190} INFO - [2025-12-16T18:36:59.023+0000] {dag.py:3239} INFO - Sync 1 DAGs
[2025-12-16T18:36:59.040+0000] {logging_mixin.py:190} INFO - [2025-12-16T18:36:59.040+0000] {dag.py:4180} INFO - Setting next_dagrun for example_setup_teardown to None, run_after=None
[2025-12-16T18:36:59.060+0000] {processor.py:208} INFO - Processing /home/airflow/.local/lib/python3.12/site-packages/airflow/example_dags/example_setup_teardown.py took 0.081 seconds
[2025-12-16T18:37:30.118+0000] {processor.py:186} INFO - Started process (PID=4722) to work on /home/airflow/.local/lib/python3.12/site-packages/airflow/example_dags/example_setup_teardown.py
[2025-12-16T18:37:30.119+0000] {processor.py:914} INFO - Processing file /home/airflow/.local/lib/python3.12/site-packages/airflow/example_dags/example_setup_teardown.py for tasks to queue
[2025-12-16T18:37:30.122+0000] {logging_mixin.py:190} INFO - [2025-12-16T18:37:30.121+0000] {dagbag.py:588} INFO - Filling up the DagBag from /home/airflow/.local/lib/python3.12/site-packages/airflow/example_dags/example_setup_teardown.py
[2025-12-16T18:37:30.133+0000] {processor.py:925} INFO - DAG(s) 'example_setup_teardown' retrieved from /home/airflow/.local/lib/python3.12/site-packages/airflow/example_dags/example_setup_teardown.py
[2025-12-16T18:37:30.157+0000] {logging_mixin.py:190} INFO - [2025-12-16T18:37:30.157+0000] {dag.py:3239} INFO - Sync 1 DAGs
[2025-12-16T18:37:30.175+0000] {logging_mixin.py:190} INFO - [2025-12-16T18:37:30.175+0000] {dag.py:4180} INFO - Setting next_dagrun for example_setup_teardown to None, run_after=None
[2025-12-16T18:37:30.196+0000] {processor.py:208} INFO - Processing /home/airflow/.local/lib/python3.12/site-packages/airflow/example_dags/example_setup_teardown.py took 0.086 seconds
[2025-12-16T18:38:00.939+0000] {processor.py:186} INFO - Started process (PID=5015) to work on /home/airflow/.local/lib/python3.12/site-packages/airflow/example_dags/example_setup_teardown.py
[2025-12-16T18:38:00.940+0000] {processor.py:914} INFO - Processing file /home/airflow/.local/lib/python3.12/site-packages/airflow/example_dags/example_setup_teardown.py for tasks to queue
[2025-12-16T18:38:00.943+0000] {logging_mixin.py:190} INFO - [2025-12-16T18:38:00.943+0000] {dagbag.py:588} INFO - Filling up the DagBag from /home/airflow/.local/lib/python3.12/site-packages/airflow/example_dags/example_setup_teardown.py
[2025-12-16T18:38:00.954+0000] {processor.py:925} INFO - DAG(s) 'example_setup_teardown' retrieved from /home/airflow/.local/lib/python3.12/site-packages/airflow/example_dags/example_setup_teardown.py
[2025-12-16T18:38:00.979+0000] {logging_mixin.py:190} INFO - [2025-12-16T18:38:00.978+0000] {dag.py:3239} INFO - Sync 1 DAGs
[2025-12-16T18:38:00.996+0000] {logging_mixin.py:190} INFO - [2025-12-16T18:38:00.995+0000] {dag.py:4180} INFO - Setting next_dagrun for example_setup_teardown to None, run_after=None
[2025-12-16T18:38:01.015+0000] {processor.py:208} INFO - Processing /home/airflow/.local/lib/python3.12/site-packages/airflow/example_dags/example_setup_teardown.py took 0.084 seconds
[2025-12-16T18:38:32.313+0000] {processor.py:186} INFO - Started process (PID=5304) to work on /home/airflow/.local/lib/python3.12/site-packages/airflow/example_dags/example_setup_teardown.py
[2025-12-16T18:38:32.314+0000] {processor.py:914} INFO - Processing file /home/airflow/.local/lib/python3.12/site-packages/airflow/example_dags/example_setup_teardown.py for tasks to queue
[2025-12-16T18:38:32.317+0000] {logging_mixin.py:190} INFO - [2025-12-16T18:38:32.317+0000] {dagbag.py:588} INFO - Filling up the DagBag from /home/airflow/.local/lib/python3.12/site-packages/airflow/example_dags/example_setup_teardown.py
[2025-12-16T18:38:32.329+0000] {processor.py:925} INFO - DAG(s) 'example_setup_teardown' retrieved from /home/airflow/.local/lib/python3.12/site-packages/airflow/example_dags/example_setup_teardown.py
[2025-12-16T18:38:32.357+0000] {logging_mixin.py:190} INFO - [2025-12-16T18:38:32.356+0000] {dag.py:3239} INFO - Sync 1 DAGs
[2025-12-16T18:38:32.377+0000] {logging_mixin.py:190} INFO - [2025-12-16T18:38:32.376+0000] {dag.py:4180} INFO - Setting next_dagrun for example_setup_teardown to None, run_after=None
[2025-12-16T18:38:32.400+0000] {processor.py:208} INFO - Processing /home/airflow/.local/lib/python3.12/site-packages/airflow/example_dags/example_setup_teardown.py took 0.097 seconds
[2025-12-16T18:39:03.052+0000] {processor.py:186} INFO - Started process (PID=5590) to work on /home/airflow/.local/lib/python3.12/site-packages/airflow/example_dags/example_setup_teardown.py
[2025-12-16T18:39:03.053+0000] {processor.py:914} INFO - Processing file /home/airflow/.local/lib/python3.12/site-packages/airflow/example_dags/example_setup_teardown.py for tasks to queue
[2025-12-16T18:39:03.055+0000] {logging_mixin.py:190} INFO - [2025-12-16T18:39:03.055+0000] {dagbag.py:588} INFO - Filling up the DagBag from /home/airflow/.local/lib/python3.12/site-packages/airflow/example_dags/example_setup_teardown.py
[2025-12-16T18:39:03.067+0000] {processor.py:925} INFO - DAG(s) 'example_setup_teardown' retrieved from /home/airflow/.local/lib/python3.12/site-packages/airflow/example_dags/example_setup_teardown.py
[2025-12-16T18:39:03.092+0000] {logging_mixin.py:190} INFO - [2025-12-16T18:39:03.092+0000] {dag.py:3239} INFO - Sync 1 DAGs
[2025-12-16T18:39:03.112+0000] {logging_mixin.py:190} INFO - [2025-12-16T18:39:03.112+0000] {dag.py:4180} INFO - Setting next_dagrun for example_setup_teardown to None, run_after=None
[2025-12-16T18:39:03.133+0000] {processor.py:208} INFO - Processing /home/airflow/.local/lib/python3.12/site-packages/airflow/example_dags/example_setup_teardown.py took 0.090 seconds
[2025-12-16T18:39:34.514+0000] {processor.py:186} INFO - Started process (PID=5881) to work on /home/airflow/.local/lib/python3.12/site-packages/airflow/example_dags/example_setup_teardown.py
[2025-12-16T18:39:34.515+0000] {processor.py:914} INFO - Processing file /home/airflow/.local/lib/python3.12/site-packages/airflow/example_dags/example_setup_teardown.py for tasks to queue
[2025-12-16T18:39:34.518+0000] {logging_mixin.py:190} INFO - [2025-12-16T18:39:34.517+0000] {dagbag.py:588} INFO - Filling up the DagBag from /home/airflow/.local/lib/python3.12/site-packages/airflow/example_dags/example_setup_teardown.py
[2025-12-16T18:39:34.528+0000] {processor.py:925} INFO - DAG(s) 'example_setup_teardown' retrieved from /home/airflow/.local/lib/python3.12/site-packages/airflow/example_dags/example_setup_teardown.py
[2025-12-16T18:39:34.551+0000] {logging_mixin.py:190} INFO - [2025-12-16T18:39:34.551+0000] {dag.py:3239} INFO - Sync 1 DAGs
[2025-12-16T18:39:34.569+0000] {logging_mixin.py:190} INFO - [2025-12-16T18:39:34.569+0000] {dag.py:4180} INFO - Setting next_dagrun for example_setup_teardown to None, run_after=None
[2025-12-16T18:39:34.589+0000] {processor.py:208} INFO - Processing /home/airflow/.local/lib/python3.12/site-packages/airflow/example_dags/example_setup_teardown.py took 0.082 seconds
[2025-12-16T18:40:05.682+0000] {processor.py:186} INFO - Started process (PID=6172) to work on /home/airflow/.local/lib/python3.12/site-packages/airflow/example_dags/example_setup_teardown.py
[2025-12-16T18:40:05.683+0000] {processor.py:914} INFO - Processing file /home/airflow/.local/lib/python3.12/site-packages/airflow/example_dags/example_setup_teardown.py for tasks to queue
[2025-12-16T18:40:05.686+0000] {logging_mixin.py:190} INFO - [2025-12-16T18:40:05.685+0000] {dagbag.py:588} INFO - Filling up the DagBag from /home/airflow/.local/lib/python3.12/site-packages/airflow/example_dags/example_setup_teardown.py
[2025-12-16T18:40:05.697+0000] {processor.py:925} INFO - DAG(s) 'example_setup_teardown' retrieved from /home/airflow/.local/lib/python3.12/site-packages/airflow/example_dags/example_setup_teardown.py
[2025-12-16T18:40:05.720+0000] {logging_mixin.py:190} INFO - [2025-12-16T18:40:05.720+0000] {dag.py:3239} INFO - Sync 1 DAGs
[2025-12-16T18:40:05.737+0000] {logging_mixin.py:190} INFO - [2025-12-16T18:40:05.737+0000] {dag.py:4180} INFO - Setting next_dagrun for example_setup_teardown to None, run_after=None
[2025-12-16T18:40:05.757+0000] {processor.py:208} INFO - Processing /home/airflow/.local/lib/python3.12/site-packages/airflow/example_dags/example_setup_teardown.py took 0.083 seconds
[2025-12-16T18:40:37.917+0000] {processor.py:186} INFO - Started process (PID=6463) to work on /home/airflow/.local/lib/python3.12/site-packages/airflow/example_dags/example_setup_teardown.py
[2025-12-16T18:40:37.918+0000] {processor.py:914} INFO - Processing file /home/airflow/.local/lib/python3.12/site-packages/airflow/example_dags/example_setup_teardown.py for tasks to queue
[2025-12-16T18:40:37.920+0000] {logging_mixin.py:190} INFO - [2025-12-16T18:40:37.920+0000] {dagbag.py:588} INFO - Filling up the DagBag from /home/airflow/.local/lib/python3.12/site-packages/airflow/example_dags/example_setup_teardown.py
[2025-12-16T18:40:37.931+0000] {processor.py:925} INFO - DAG(s) 'example_setup_teardown' retrieved from /home/airflow/.local/lib/python3.12/site-packages/airflow/example_dags/example_setup_teardown.py
[2025-12-16T18:40:37.956+0000] {logging_mixin.py:190} INFO - [2025-12-16T18:40:37.956+0000] {dag.py:3239} INFO - Sync 1 DAGs
[2025-12-16T18:40:37.974+0000] {logging_mixin.py:190} INFO - [2025-12-16T18:40:37.974+0000] {dag.py:4180} INFO - Setting next_dagrun for example_setup_teardown to None, run_after=None
[2025-12-16T18:40:37.995+0000] {processor.py:208} INFO - Processing /home/airflow/.local/lib/python3.12/site-packages/airflow/example_dags/example_setup_teardown.py took 0.086 seconds
