[2025-12-16T18:26:40.296+0000] {processor.py:186} INFO - Started process (PID=246) to work on /home/airflow/.local/lib/python3.12/site-packages/airflow/example_dags/example_dag_decorator.py
[2025-12-16T18:26:40.297+0000] {processor.py:914} INFO - Processing file /home/airflow/.local/lib/python3.12/site-packages/airflow/example_dags/example_dag_decorator.py for tasks to queue
[2025-12-16T18:26:40.299+0000] {logging_mixin.py:190} INFO - [2025-12-16T18:26:40.299+0000] {dagbag.py:588} INFO - Filling up the DagBag from /home/airflow/.local/lib/python3.12/site-packages/airflow/example_dags/example_dag_decorator.py
[2025-12-16T18:26:40.316+0000] {processor.py:925} INFO - DAG(s) 'example_dag_decorator' retrieved from /home/airflow/.local/lib/python3.12/site-packages/airflow/example_dags/example_dag_decorator.py
[2025-12-16T18:26:40.467+0000] {logging_mixin.py:190} INFO - [2025-12-16T18:26:40.466+0000] {override.py:1911} INFO - Created Permission View: can read on DAG:example_dag_decorator
[2025-12-16T18:26:40.480+0000] {logging_mixin.py:190} INFO - [2025-12-16T18:26:40.480+0000] {override.py:1911} INFO - Created Permission View: can delete on DAG:example_dag_decorator
[2025-12-16T18:26:40.487+0000] {logging_mixin.py:190} INFO - [2025-12-16T18:26:40.487+0000] {override.py:1911} INFO - Created Permission View: can edit on DAG:example_dag_decorator
[2025-12-16T18:26:40.495+0000] {logging_mixin.py:190} INFO - [2025-12-16T18:26:40.495+0000] {override.py:1911} INFO - Created Permission View: can read on DAG Run:example_dag_decorator
[2025-12-16T18:26:40.503+0000] {logging_mixin.py:190} INFO - [2025-12-16T18:26:40.502+0000] {override.py:1911} INFO - Created Permission View: can create on DAG Run:example_dag_decorator
[2025-12-16T18:26:40.511+0000] {logging_mixin.py:190} INFO - [2025-12-16T18:26:40.511+0000] {override.py:1911} INFO - Created Permission View: menu access on DAG Run:example_dag_decorator
[2025-12-16T18:26:40.518+0000] {logging_mixin.py:190} INFO - [2025-12-16T18:26:40.518+0000] {override.py:1911} INFO - Created Permission View: can delete on DAG Run:example_dag_decorator
[2025-12-16T18:26:40.518+0000] {logging_mixin.py:190} INFO - [2025-12-16T18:26:40.518+0000] {dag.py:3239} INFO - Sync 1 DAGs
[2025-12-16T18:26:40.534+0000] {logging_mixin.py:190} INFO - [2025-12-16T18:26:40.534+0000] {dag.py:3262} INFO - Creating ORM DAG for example_dag_decorator
[2025-12-16T18:26:40.535+0000] {logging_mixin.py:190} INFO - [2025-12-16T18:26:40.535+0000] {dag.py:4180} INFO - Setting next_dagrun for example_dag_decorator to None, run_after=None
[2025-12-16T18:26:40.553+0000] {processor.py:208} INFO - Processing /home/airflow/.local/lib/python3.12/site-packages/airflow/example_dags/example_dag_decorator.py took 0.264 seconds
[2025-12-16T18:27:11.201+0000] {processor.py:186} INFO - Started process (PID=539) to work on /home/airflow/.local/lib/python3.12/site-packages/airflow/example_dags/example_dag_decorator.py
[2025-12-16T18:27:11.203+0000] {processor.py:914} INFO - Processing file /home/airflow/.local/lib/python3.12/site-packages/airflow/example_dags/example_dag_decorator.py for tasks to queue
[2025-12-16T18:27:11.208+0000] {logging_mixin.py:190} INFO - [2025-12-16T18:27:11.207+0000] {dagbag.py:588} INFO - Filling up the DagBag from /home/airflow/.local/lib/python3.12/site-packages/airflow/example_dags/example_dag_decorator.py
[2025-12-16T18:27:11.233+0000] {processor.py:925} INFO - DAG(s) 'example_dag_decorator' retrieved from /home/airflow/.local/lib/python3.12/site-packages/airflow/example_dags/example_dag_decorator.py
[2025-12-16T18:27:11.420+0000] {logging_mixin.py:190} INFO - [2025-12-16T18:27:11.419+0000] {dag.py:3239} INFO - Sync 1 DAGs
[2025-12-16T18:27:11.445+0000] {logging_mixin.py:190} INFO - [2025-12-16T18:27:11.445+0000] {dag.py:4180} INFO - Setting next_dagrun for example_dag_decorator to None, run_after=None
[2025-12-16T18:27:11.486+0000] {processor.py:208} INFO - Processing /home/airflow/.local/lib/python3.12/site-packages/airflow/example_dags/example_dag_decorator.py took 0.298 seconds
[2025-12-16T18:27:42.029+0000] {processor.py:186} INFO - Started process (PID=828) to work on /home/airflow/.local/lib/python3.12/site-packages/airflow/example_dags/example_dag_decorator.py
[2025-12-16T18:27:42.031+0000] {processor.py:914} INFO - Processing file /home/airflow/.local/lib/python3.12/site-packages/airflow/example_dags/example_dag_decorator.py for tasks to queue
[2025-12-16T18:27:42.034+0000] {logging_mixin.py:190} INFO - [2025-12-16T18:27:42.034+0000] {dagbag.py:588} INFO - Filling up the DagBag from /home/airflow/.local/lib/python3.12/site-packages/airflow/example_dags/example_dag_decorator.py
[2025-12-16T18:27:42.057+0000] {processor.py:925} INFO - DAG(s) 'example_dag_decorator' retrieved from /home/airflow/.local/lib/python3.12/site-packages/airflow/example_dags/example_dag_decorator.py
[2025-12-16T18:27:42.214+0000] {logging_mixin.py:190} INFO - [2025-12-16T18:27:42.213+0000] {dag.py:3239} INFO - Sync 1 DAGs
[2025-12-16T18:27:42.232+0000] {logging_mixin.py:190} INFO - [2025-12-16T18:27:42.231+0000] {dag.py:4180} INFO - Setting next_dagrun for example_dag_decorator to None, run_after=None
[2025-12-16T18:27:42.257+0000] {processor.py:208} INFO - Processing /home/airflow/.local/lib/python3.12/site-packages/airflow/example_dags/example_dag_decorator.py took 0.240 seconds
[2025-12-16T18:28:12.658+0000] {processor.py:186} INFO - Started process (PID=1165) to work on /home/airflow/.local/lib/python3.12/site-packages/airflow/example_dags/example_dag_decorator.py
[2025-12-16T18:28:12.659+0000] {processor.py:914} INFO - Processing file /home/airflow/.local/lib/python3.12/site-packages/airflow/example_dags/example_dag_decorator.py for tasks to queue
[2025-12-16T18:28:12.662+0000] {logging_mixin.py:190} INFO - [2025-12-16T18:28:12.662+0000] {dagbag.py:588} INFO - Filling up the DagBag from /home/airflow/.local/lib/python3.12/site-packages/airflow/example_dags/example_dag_decorator.py
[2025-12-16T18:28:12.677+0000] {processor.py:925} INFO - DAG(s) 'example_dag_decorator' retrieved from /home/airflow/.local/lib/python3.12/site-packages/airflow/example_dags/example_dag_decorator.py
[2025-12-16T18:28:12.827+0000] {logging_mixin.py:190} INFO - [2025-12-16T18:28:12.827+0000] {dag.py:3239} INFO - Sync 1 DAGs
[2025-12-16T18:28:12.844+0000] {logging_mixin.py:190} INFO - [2025-12-16T18:28:12.844+0000] {dag.py:4180} INFO - Setting next_dagrun for example_dag_decorator to None, run_after=None
[2025-12-16T18:28:12.867+0000] {processor.py:208} INFO - Processing /home/airflow/.local/lib/python3.12/site-packages/airflow/example_dags/example_dag_decorator.py took 0.218 seconds
[2025-12-16T18:29:38.018+0000] {processor.py:186} INFO - Started process (PID=246) to work on /home/airflow/.local/lib/python3.12/site-packages/airflow/example_dags/example_dag_decorator.py
[2025-12-16T18:29:38.020+0000] {processor.py:914} INFO - Processing file /home/airflow/.local/lib/python3.12/site-packages/airflow/example_dags/example_dag_decorator.py for tasks to queue
[2025-12-16T18:29:38.022+0000] {logging_mixin.py:190} INFO - [2025-12-16T18:29:38.022+0000] {dagbag.py:588} INFO - Filling up the DagBag from /home/airflow/.local/lib/python3.12/site-packages/airflow/example_dags/example_dag_decorator.py
[2025-12-16T18:29:38.044+0000] {processor.py:925} INFO - DAG(s) 'example_dag_decorator' retrieved from /home/airflow/.local/lib/python3.12/site-packages/airflow/example_dags/example_dag_decorator.py
[2025-12-16T18:29:38.210+0000] {logging_mixin.py:190} INFO - [2025-12-16T18:29:38.209+0000] {dag.py:3239} INFO - Sync 1 DAGs
[2025-12-16T18:29:38.226+0000] {logging_mixin.py:190} INFO - [2025-12-16T18:29:38.226+0000] {dag.py:4180} INFO - Setting next_dagrun for example_dag_decorator to None, run_after=None
[2025-12-16T18:29:38.249+0000] {processor.py:208} INFO - Processing /home/airflow/.local/lib/python3.12/site-packages/airflow/example_dags/example_dag_decorator.py took 0.238 seconds
[2025-12-16T18:30:08.773+0000] {processor.py:186} INFO - Started process (PID=538) to work on /home/airflow/.local/lib/python3.12/site-packages/airflow/example_dags/example_dag_decorator.py
[2025-12-16T18:30:08.774+0000] {processor.py:914} INFO - Processing file /home/airflow/.local/lib/python3.12/site-packages/airflow/example_dags/example_dag_decorator.py for tasks to queue
[2025-12-16T18:30:08.777+0000] {logging_mixin.py:190} INFO - [2025-12-16T18:30:08.776+0000] {dagbag.py:588} INFO - Filling up the DagBag from /home/airflow/.local/lib/python3.12/site-packages/airflow/example_dags/example_dag_decorator.py
[2025-12-16T18:30:08.791+0000] {processor.py:925} INFO - DAG(s) 'example_dag_decorator' retrieved from /home/airflow/.local/lib/python3.12/site-packages/airflow/example_dags/example_dag_decorator.py
[2025-12-16T18:30:08.817+0000] {logging_mixin.py:190} INFO - [2025-12-16T18:30:08.816+0000] {dag.py:3239} INFO - Sync 1 DAGs
[2025-12-16T18:30:08.834+0000] {logging_mixin.py:190} INFO - [2025-12-16T18:30:08.834+0000] {dag.py:4180} INFO - Setting next_dagrun for example_dag_decorator to None, run_after=None
[2025-12-16T18:30:08.852+0000] {processor.py:208} INFO - Processing /home/airflow/.local/lib/python3.12/site-packages/airflow/example_dags/example_dag_decorator.py took 0.087 seconds
[2025-12-16T18:30:39.804+0000] {processor.py:186} INFO - Started process (PID=828) to work on /home/airflow/.local/lib/python3.12/site-packages/airflow/example_dags/example_dag_decorator.py
[2025-12-16T18:30:39.805+0000] {processor.py:914} INFO - Processing file /home/airflow/.local/lib/python3.12/site-packages/airflow/example_dags/example_dag_decorator.py for tasks to queue
[2025-12-16T18:30:39.807+0000] {logging_mixin.py:190} INFO - [2025-12-16T18:30:39.807+0000] {dagbag.py:588} INFO - Filling up the DagBag from /home/airflow/.local/lib/python3.12/site-packages/airflow/example_dags/example_dag_decorator.py
[2025-12-16T18:30:39.822+0000] {processor.py:925} INFO - DAG(s) 'example_dag_decorator' retrieved from /home/airflow/.local/lib/python3.12/site-packages/airflow/example_dags/example_dag_decorator.py
[2025-12-16T18:30:39.849+0000] {logging_mixin.py:190} INFO - [2025-12-16T18:30:39.848+0000] {dag.py:3239} INFO - Sync 1 DAGs
[2025-12-16T18:30:39.866+0000] {logging_mixin.py:190} INFO - [2025-12-16T18:30:39.866+0000] {dag.py:4180} INFO - Setting next_dagrun for example_dag_decorator to None, run_after=None
[2025-12-16T18:30:39.886+0000] {processor.py:208} INFO - Processing /home/airflow/.local/lib/python3.12/site-packages/airflow/example_dags/example_dag_decorator.py took 0.089 seconds
[2025-12-16T18:31:10.250+0000] {processor.py:186} INFO - Started process (PID=1119) to work on /home/airflow/.local/lib/python3.12/site-packages/airflow/example_dags/example_dag_decorator.py
[2025-12-16T18:31:10.251+0000] {processor.py:914} INFO - Processing file /home/airflow/.local/lib/python3.12/site-packages/airflow/example_dags/example_dag_decorator.py for tasks to queue
[2025-12-16T18:31:10.254+0000] {logging_mixin.py:190} INFO - [2025-12-16T18:31:10.253+0000] {dagbag.py:588} INFO - Filling up the DagBag from /home/airflow/.local/lib/python3.12/site-packages/airflow/example_dags/example_dag_decorator.py
[2025-12-16T18:31:10.269+0000] {processor.py:925} INFO - DAG(s) 'example_dag_decorator' retrieved from /home/airflow/.local/lib/python3.12/site-packages/airflow/example_dags/example_dag_decorator.py
[2025-12-16T18:31:10.296+0000] {logging_mixin.py:190} INFO - [2025-12-16T18:31:10.296+0000] {dag.py:3239} INFO - Sync 1 DAGs
[2025-12-16T18:31:10.314+0000] {logging_mixin.py:190} INFO - [2025-12-16T18:31:10.313+0000] {dag.py:4180} INFO - Setting next_dagrun for example_dag_decorator to None, run_after=None
[2025-12-16T18:31:10.333+0000] {processor.py:208} INFO - Processing /home/airflow/.local/lib/python3.12/site-packages/airflow/example_dags/example_dag_decorator.py took 0.091 seconds
[2025-12-16T18:31:41.279+0000] {processor.py:186} INFO - Started process (PID=1412) to work on /home/airflow/.local/lib/python3.12/site-packages/airflow/example_dags/example_dag_decorator.py
[2025-12-16T18:31:41.281+0000] {processor.py:914} INFO - Processing file /home/airflow/.local/lib/python3.12/site-packages/airflow/example_dags/example_dag_decorator.py for tasks to queue
[2025-12-16T18:31:41.283+0000] {logging_mixin.py:190} INFO - [2025-12-16T18:31:41.283+0000] {dagbag.py:588} INFO - Filling up the DagBag from /home/airflow/.local/lib/python3.12/site-packages/airflow/example_dags/example_dag_decorator.py
[2025-12-16T18:31:41.298+0000] {processor.py:925} INFO - DAG(s) 'example_dag_decorator' retrieved from /home/airflow/.local/lib/python3.12/site-packages/airflow/example_dags/example_dag_decorator.py
[2025-12-16T18:31:41.324+0000] {logging_mixin.py:190} INFO - [2025-12-16T18:31:41.324+0000] {dag.py:3239} INFO - Sync 1 DAGs
[2025-12-16T18:31:41.341+0000] {logging_mixin.py:190} INFO - [2025-12-16T18:31:41.340+0000] {dag.py:4180} INFO - Setting next_dagrun for example_dag_decorator to None, run_after=None
[2025-12-16T18:31:41.359+0000] {processor.py:208} INFO - Processing /home/airflow/.local/lib/python3.12/site-packages/airflow/example_dags/example_dag_decorator.py took 0.087 seconds
[2025-12-16T18:32:12.307+0000] {processor.py:186} INFO - Started process (PID=1701) to work on /home/airflow/.local/lib/python3.12/site-packages/airflow/example_dags/example_dag_decorator.py
[2025-12-16T18:32:12.308+0000] {processor.py:914} INFO - Processing file /home/airflow/.local/lib/python3.12/site-packages/airflow/example_dags/example_dag_decorator.py for tasks to queue
[2025-12-16T18:32:12.311+0000] {logging_mixin.py:190} INFO - [2025-12-16T18:32:12.310+0000] {dagbag.py:588} INFO - Filling up the DagBag from /home/airflow/.local/lib/python3.12/site-packages/airflow/example_dags/example_dag_decorator.py
[2025-12-16T18:32:12.326+0000] {processor.py:925} INFO - DAG(s) 'example_dag_decorator' retrieved from /home/airflow/.local/lib/python3.12/site-packages/airflow/example_dags/example_dag_decorator.py
[2025-12-16T18:32:12.357+0000] {logging_mixin.py:190} INFO - [2025-12-16T18:32:12.357+0000] {dag.py:3239} INFO - Sync 1 DAGs
[2025-12-16T18:32:12.373+0000] {logging_mixin.py:190} INFO - [2025-12-16T18:32:12.373+0000] {dag.py:4180} INFO - Setting next_dagrun for example_dag_decorator to None, run_after=None
[2025-12-16T18:32:12.395+0000] {processor.py:208} INFO - Processing /home/airflow/.local/lib/python3.12/site-packages/airflow/example_dags/example_dag_decorator.py took 0.095 seconds
[2025-12-16T18:32:42.572+0000] {processor.py:186} INFO - Started process (PID=2000) to work on /home/airflow/.local/lib/python3.12/site-packages/airflow/example_dags/example_dag_decorator.py
[2025-12-16T18:32:42.573+0000] {processor.py:914} INFO - Processing file /home/airflow/.local/lib/python3.12/site-packages/airflow/example_dags/example_dag_decorator.py for tasks to queue
[2025-12-16T18:32:42.576+0000] {logging_mixin.py:190} INFO - [2025-12-16T18:32:42.576+0000] {dagbag.py:588} INFO - Filling up the DagBag from /home/airflow/.local/lib/python3.12/site-packages/airflow/example_dags/example_dag_decorator.py
[2025-12-16T18:32:42.593+0000] {processor.py:925} INFO - DAG(s) 'example_dag_decorator' retrieved from /home/airflow/.local/lib/python3.12/site-packages/airflow/example_dags/example_dag_decorator.py
[2025-12-16T18:32:42.736+0000] {logging_mixin.py:190} INFO - [2025-12-16T18:32:42.735+0000] {dag.py:3239} INFO - Sync 1 DAGs
[2025-12-16T18:32:42.751+0000] {logging_mixin.py:190} INFO - [2025-12-16T18:32:42.751+0000] {dag.py:4180} INFO - Setting next_dagrun for example_dag_decorator to None, run_after=None
[2025-12-16T18:32:42.772+0000] {processor.py:208} INFO - Processing /home/airflow/.local/lib/python3.12/site-packages/airflow/example_dags/example_dag_decorator.py took 0.207 seconds
[2025-12-16T18:33:13.116+0000] {processor.py:186} INFO - Started process (PID=2291) to work on /home/airflow/.local/lib/python3.12/site-packages/airflow/example_dags/example_dag_decorator.py
[2025-12-16T18:33:13.117+0000] {processor.py:914} INFO - Processing file /home/airflow/.local/lib/python3.12/site-packages/airflow/example_dags/example_dag_decorator.py for tasks to queue
[2025-12-16T18:33:13.120+0000] {logging_mixin.py:190} INFO - [2025-12-16T18:33:13.119+0000] {dagbag.py:588} INFO - Filling up the DagBag from /home/airflow/.local/lib/python3.12/site-packages/airflow/example_dags/example_dag_decorator.py
[2025-12-16T18:33:13.136+0000] {processor.py:925} INFO - DAG(s) 'example_dag_decorator' retrieved from /home/airflow/.local/lib/python3.12/site-packages/airflow/example_dags/example_dag_decorator.py
[2025-12-16T18:33:13.275+0000] {logging_mixin.py:190} INFO - [2025-12-16T18:33:13.275+0000] {dag.py:3239} INFO - Sync 1 DAGs
[2025-12-16T18:33:13.289+0000] {logging_mixin.py:190} INFO - [2025-12-16T18:33:13.289+0000] {dag.py:4180} INFO - Setting next_dagrun for example_dag_decorator to None, run_after=None
[2025-12-16T18:33:13.309+0000] {processor.py:208} INFO - Processing /home/airflow/.local/lib/python3.12/site-packages/airflow/example_dags/example_dag_decorator.py took 0.202 seconds
[2025-12-16T18:33:43.921+0000] {processor.py:186} INFO - Started process (PID=2582) to work on /home/airflow/.local/lib/python3.12/site-packages/airflow/example_dags/example_dag_decorator.py
[2025-12-16T18:33:43.922+0000] {processor.py:914} INFO - Processing file /home/airflow/.local/lib/python3.12/site-packages/airflow/example_dags/example_dag_decorator.py for tasks to queue
[2025-12-16T18:33:43.925+0000] {logging_mixin.py:190} INFO - [2025-12-16T18:33:43.924+0000] {dagbag.py:588} INFO - Filling up the DagBag from /home/airflow/.local/lib/python3.12/site-packages/airflow/example_dags/example_dag_decorator.py
[2025-12-16T18:33:43.940+0000] {processor.py:925} INFO - DAG(s) 'example_dag_decorator' retrieved from /home/airflow/.local/lib/python3.12/site-packages/airflow/example_dags/example_dag_decorator.py
[2025-12-16T18:33:44.083+0000] {logging_mixin.py:190} INFO - [2025-12-16T18:33:44.083+0000] {dag.py:3239} INFO - Sync 1 DAGs
[2025-12-16T18:33:44.099+0000] {logging_mixin.py:190} INFO - [2025-12-16T18:33:44.098+0000] {dag.py:4180} INFO - Setting next_dagrun for example_dag_decorator to None, run_after=None
[2025-12-16T18:33:44.120+0000] {processor.py:208} INFO - Processing /home/airflow/.local/lib/python3.12/site-packages/airflow/example_dags/example_dag_decorator.py took 0.207 seconds
[2025-12-16T18:34:15.014+0000] {processor.py:186} INFO - Started process (PID=2871) to work on /home/airflow/.local/lib/python3.12/site-packages/airflow/example_dags/example_dag_decorator.py
[2025-12-16T18:34:15.015+0000] {processor.py:914} INFO - Processing file /home/airflow/.local/lib/python3.12/site-packages/airflow/example_dags/example_dag_decorator.py for tasks to queue
[2025-12-16T18:34:15.017+0000] {logging_mixin.py:190} INFO - [2025-12-16T18:34:15.017+0000] {dagbag.py:588} INFO - Filling up the DagBag from /home/airflow/.local/lib/python3.12/site-packages/airflow/example_dags/example_dag_decorator.py
[2025-12-16T18:34:15.032+0000] {processor.py:925} INFO - DAG(s) 'example_dag_decorator' retrieved from /home/airflow/.local/lib/python3.12/site-packages/airflow/example_dags/example_dag_decorator.py
[2025-12-16T18:34:15.173+0000] {logging_mixin.py:190} INFO - [2025-12-16T18:34:15.173+0000] {dag.py:3239} INFO - Sync 1 DAGs
[2025-12-16T18:34:15.191+0000] {logging_mixin.py:190} INFO - [2025-12-16T18:34:15.191+0000] {dag.py:4180} INFO - Setting next_dagrun for example_dag_decorator to None, run_after=None
[2025-12-16T18:34:15.214+0000] {processor.py:208} INFO - Processing /home/airflow/.local/lib/python3.12/site-packages/airflow/example_dags/example_dag_decorator.py took 0.208 seconds
[2025-12-16T18:34:45.981+0000] {processor.py:186} INFO - Started process (PID=3162) to work on /home/airflow/.local/lib/python3.12/site-packages/airflow/example_dags/example_dag_decorator.py
[2025-12-16T18:34:45.982+0000] {processor.py:914} INFO - Processing file /home/airflow/.local/lib/python3.12/site-packages/airflow/example_dags/example_dag_decorator.py for tasks to queue
[2025-12-16T18:34:45.985+0000] {logging_mixin.py:190} INFO - [2025-12-16T18:34:45.985+0000] {dagbag.py:588} INFO - Filling up the DagBag from /home/airflow/.local/lib/python3.12/site-packages/airflow/example_dags/example_dag_decorator.py
[2025-12-16T18:34:46.002+0000] {processor.py:925} INFO - DAG(s) 'example_dag_decorator' retrieved from /home/airflow/.local/lib/python3.12/site-packages/airflow/example_dags/example_dag_decorator.py
[2025-12-16T18:34:46.149+0000] {logging_mixin.py:190} INFO - [2025-12-16T18:34:46.149+0000] {dag.py:3239} INFO - Sync 1 DAGs
[2025-12-16T18:34:46.165+0000] {logging_mixin.py:190} INFO - [2025-12-16T18:34:46.164+0000] {dag.py:4180} INFO - Setting next_dagrun for example_dag_decorator to None, run_after=None
[2025-12-16T18:34:46.187+0000] {processor.py:208} INFO - Processing /home/airflow/.local/lib/python3.12/site-packages/airflow/example_dags/example_dag_decorator.py took 0.214 seconds
[2025-12-16T18:35:16.252+0000] {processor.py:186} INFO - Started process (PID=3453) to work on /home/airflow/.local/lib/python3.12/site-packages/airflow/example_dags/example_dag_decorator.py
[2025-12-16T18:35:16.253+0000] {processor.py:914} INFO - Processing file /home/airflow/.local/lib/python3.12/site-packages/airflow/example_dags/example_dag_decorator.py for tasks to queue
[2025-12-16T18:35:16.255+0000] {logging_mixin.py:190} INFO - [2025-12-16T18:35:16.255+0000] {dagbag.py:588} INFO - Filling up the DagBag from /home/airflow/.local/lib/python3.12/site-packages/airflow/example_dags/example_dag_decorator.py
[2025-12-16T18:35:16.272+0000] {processor.py:925} INFO - DAG(s) 'example_dag_decorator' retrieved from /home/airflow/.local/lib/python3.12/site-packages/airflow/example_dags/example_dag_decorator.py
[2025-12-16T18:35:16.317+0000] {logging_mixin.py:190} INFO - [2025-12-16T18:35:16.317+0000] {dag.py:3239} INFO - Sync 1 DAGs
[2025-12-16T18:35:16.341+0000] {logging_mixin.py:190} INFO - [2025-12-16T18:35:16.341+0000] {dag.py:4180} INFO - Setting next_dagrun for example_dag_decorator to None, run_after=None
[2025-12-16T18:35:16.370+0000] {processor.py:208} INFO - Processing /home/airflow/.local/lib/python3.12/site-packages/airflow/example_dags/example_dag_decorator.py took 0.126 seconds
[2025-12-16T18:35:47.036+0000] {processor.py:186} INFO - Started process (PID=3744) to work on /home/airflow/.local/lib/python3.12/site-packages/airflow/example_dags/example_dag_decorator.py
[2025-12-16T18:35:47.037+0000] {processor.py:914} INFO - Processing file /home/airflow/.local/lib/python3.12/site-packages/airflow/example_dags/example_dag_decorator.py for tasks to queue
[2025-12-16T18:35:47.040+0000] {logging_mixin.py:190} INFO - [2025-12-16T18:35:47.040+0000] {dagbag.py:588} INFO - Filling up the DagBag from /home/airflow/.local/lib/python3.12/site-packages/airflow/example_dags/example_dag_decorator.py
[2025-12-16T18:35:47.057+0000] {processor.py:925} INFO - DAG(s) 'example_dag_decorator' retrieved from /home/airflow/.local/lib/python3.12/site-packages/airflow/example_dags/example_dag_decorator.py
[2025-12-16T18:35:47.203+0000] {logging_mixin.py:190} INFO - [2025-12-16T18:35:47.203+0000] {dag.py:3239} INFO - Sync 1 DAGs
[2025-12-16T18:35:47.218+0000] {logging_mixin.py:190} INFO - [2025-12-16T18:35:47.218+0000] {dag.py:4180} INFO - Setting next_dagrun for example_dag_decorator to None, run_after=None
[2025-12-16T18:35:47.241+0000] {processor.py:208} INFO - Processing /home/airflow/.local/lib/python3.12/site-packages/airflow/example_dags/example_dag_decorator.py took 0.212 seconds
[2025-12-16T18:36:17.389+0000] {processor.py:186} INFO - Started process (PID=4037) to work on /home/airflow/.local/lib/python3.12/site-packages/airflow/example_dags/example_dag_decorator.py
[2025-12-16T18:36:17.390+0000] {processor.py:914} INFO - Processing file /home/airflow/.local/lib/python3.12/site-packages/airflow/example_dags/example_dag_decorator.py for tasks to queue
[2025-12-16T18:36:17.394+0000] {logging_mixin.py:190} INFO - [2025-12-16T18:36:17.393+0000] {dagbag.py:588} INFO - Filling up the DagBag from /home/airflow/.local/lib/python3.12/site-packages/airflow/example_dags/example_dag_decorator.py
[2025-12-16T18:36:17.409+0000] {processor.py:925} INFO - DAG(s) 'example_dag_decorator' retrieved from /home/airflow/.local/lib/python3.12/site-packages/airflow/example_dags/example_dag_decorator.py
[2025-12-16T18:36:17.558+0000] {logging_mixin.py:190} INFO - [2025-12-16T18:36:17.557+0000] {dag.py:3239} INFO - Sync 1 DAGs
[2025-12-16T18:36:17.573+0000] {logging_mixin.py:190} INFO - [2025-12-16T18:36:17.573+0000] {dag.py:4180} INFO - Setting next_dagrun for example_dag_decorator to None, run_after=None
[2025-12-16T18:36:17.596+0000] {processor.py:208} INFO - Processing /home/airflow/.local/lib/python3.12/site-packages/airflow/example_dags/example_dag_decorator.py took 0.216 seconds
[2025-12-16T18:36:48.443+0000] {processor.py:186} INFO - Started process (PID=4328) to work on /home/airflow/.local/lib/python3.12/site-packages/airflow/example_dags/example_dag_decorator.py
[2025-12-16T18:36:48.444+0000] {processor.py:914} INFO - Processing file /home/airflow/.local/lib/python3.12/site-packages/airflow/example_dags/example_dag_decorator.py for tasks to queue
[2025-12-16T18:36:48.446+0000] {logging_mixin.py:190} INFO - [2025-12-16T18:36:48.446+0000] {dagbag.py:588} INFO - Filling up the DagBag from /home/airflow/.local/lib/python3.12/site-packages/airflow/example_dags/example_dag_decorator.py
[2025-12-16T18:36:48.462+0000] {processor.py:925} INFO - DAG(s) 'example_dag_decorator' retrieved from /home/airflow/.local/lib/python3.12/site-packages/airflow/example_dags/example_dag_decorator.py
[2025-12-16T18:36:48.610+0000] {logging_mixin.py:190} INFO - [2025-12-16T18:36:48.610+0000] {dag.py:3239} INFO - Sync 1 DAGs
[2025-12-16T18:36:48.627+0000] {logging_mixin.py:190} INFO - [2025-12-16T18:36:48.627+0000] {dag.py:4180} INFO - Setting next_dagrun for example_dag_decorator to None, run_after=None
[2025-12-16T18:36:48.648+0000] {processor.py:208} INFO - Processing /home/airflow/.local/lib/python3.12/site-packages/airflow/example_dags/example_dag_decorator.py took 0.214 seconds
[2025-12-16T18:37:19.655+0000] {processor.py:186} INFO - Started process (PID=4619) to work on /home/airflow/.local/lib/python3.12/site-packages/airflow/example_dags/example_dag_decorator.py
[2025-12-16T18:37:19.657+0000] {processor.py:914} INFO - Processing file /home/airflow/.local/lib/python3.12/site-packages/airflow/example_dags/example_dag_decorator.py for tasks to queue
[2025-12-16T18:37:19.659+0000] {logging_mixin.py:190} INFO - [2025-12-16T18:37:19.659+0000] {dagbag.py:588} INFO - Filling up the DagBag from /home/airflow/.local/lib/python3.12/site-packages/airflow/example_dags/example_dag_decorator.py
[2025-12-16T18:37:19.674+0000] {processor.py:925} INFO - DAG(s) 'example_dag_decorator' retrieved from /home/airflow/.local/lib/python3.12/site-packages/airflow/example_dags/example_dag_decorator.py
[2025-12-16T18:37:19.828+0000] {logging_mixin.py:190} INFO - [2025-12-16T18:37:19.828+0000] {dag.py:3239} INFO - Sync 1 DAGs
[2025-12-16T18:37:19.844+0000] {logging_mixin.py:190} INFO - [2025-12-16T18:37:19.844+0000] {dag.py:4180} INFO - Setting next_dagrun for example_dag_decorator to None, run_after=None
[2025-12-16T18:37:19.866+0000] {processor.py:208} INFO - Processing /home/airflow/.local/lib/python3.12/site-packages/airflow/example_dags/example_dag_decorator.py took 0.218 seconds
[2025-12-16T18:37:50.668+0000] {processor.py:186} INFO - Started process (PID=4910) to work on /home/airflow/.local/lib/python3.12/site-packages/airflow/example_dags/example_dag_decorator.py
[2025-12-16T18:37:50.670+0000] {processor.py:914} INFO - Processing file /home/airflow/.local/lib/python3.12/site-packages/airflow/example_dags/example_dag_decorator.py for tasks to queue
[2025-12-16T18:37:50.673+0000] {logging_mixin.py:190} INFO - [2025-12-16T18:37:50.672+0000] {dagbag.py:588} INFO - Filling up the DagBag from /home/airflow/.local/lib/python3.12/site-packages/airflow/example_dags/example_dag_decorator.py
[2025-12-16T18:37:50.688+0000] {processor.py:925} INFO - DAG(s) 'example_dag_decorator' retrieved from /home/airflow/.local/lib/python3.12/site-packages/airflow/example_dags/example_dag_decorator.py
[2025-12-16T18:37:50.830+0000] {logging_mixin.py:190} INFO - [2025-12-16T18:37:50.829+0000] {dag.py:3239} INFO - Sync 1 DAGs
[2025-12-16T18:37:50.847+0000] {logging_mixin.py:190} INFO - [2025-12-16T18:37:50.847+0000] {dag.py:4180} INFO - Setting next_dagrun for example_dag_decorator to None, run_after=None
[2025-12-16T18:37:50.867+0000] {processor.py:208} INFO - Processing /home/airflow/.local/lib/python3.12/site-packages/airflow/example_dags/example_dag_decorator.py took 0.207 seconds
[2025-12-16T18:38:21.381+0000] {processor.py:186} INFO - Started process (PID=5201) to work on /home/airflow/.local/lib/python3.12/site-packages/airflow/example_dags/example_dag_decorator.py
[2025-12-16T18:38:21.382+0000] {processor.py:914} INFO - Processing file /home/airflow/.local/lib/python3.12/site-packages/airflow/example_dags/example_dag_decorator.py for tasks to queue
[2025-12-16T18:38:21.385+0000] {logging_mixin.py:190} INFO - [2025-12-16T18:38:21.384+0000] {dagbag.py:588} INFO - Filling up the DagBag from /home/airflow/.local/lib/python3.12/site-packages/airflow/example_dags/example_dag_decorator.py
[2025-12-16T18:38:21.399+0000] {processor.py:925} INFO - DAG(s) 'example_dag_decorator' retrieved from /home/airflow/.local/lib/python3.12/site-packages/airflow/example_dags/example_dag_decorator.py
[2025-12-16T18:38:21.535+0000] {logging_mixin.py:190} INFO - [2025-12-16T18:38:21.535+0000] {dag.py:3239} INFO - Sync 1 DAGs
[2025-12-16T18:38:21.550+0000] {logging_mixin.py:190} INFO - [2025-12-16T18:38:21.549+0000] {dag.py:4180} INFO - Setting next_dagrun for example_dag_decorator to None, run_after=None
[2025-12-16T18:38:21.570+0000] {processor.py:208} INFO - Processing /home/airflow/.local/lib/python3.12/site-packages/airflow/example_dags/example_dag_decorator.py took 0.197 seconds
[2025-12-16T18:38:52.141+0000] {processor.py:186} INFO - Started process (PID=5492) to work on /home/airflow/.local/lib/python3.12/site-packages/airflow/example_dags/example_dag_decorator.py
[2025-12-16T18:38:52.142+0000] {processor.py:914} INFO - Processing file /home/airflow/.local/lib/python3.12/site-packages/airflow/example_dags/example_dag_decorator.py for tasks to queue
[2025-12-16T18:38:52.145+0000] {logging_mixin.py:190} INFO - [2025-12-16T18:38:52.144+0000] {dagbag.py:588} INFO - Filling up the DagBag from /home/airflow/.local/lib/python3.12/site-packages/airflow/example_dags/example_dag_decorator.py
[2025-12-16T18:38:52.160+0000] {processor.py:925} INFO - DAG(s) 'example_dag_decorator' retrieved from /home/airflow/.local/lib/python3.12/site-packages/airflow/example_dags/example_dag_decorator.py
[2025-12-16T18:38:52.306+0000] {logging_mixin.py:190} INFO - [2025-12-16T18:38:52.306+0000] {dag.py:3239} INFO - Sync 1 DAGs
[2025-12-16T18:38:52.322+0000] {logging_mixin.py:190} INFO - [2025-12-16T18:38:52.322+0000] {dag.py:4180} INFO - Setting next_dagrun for example_dag_decorator to None, run_after=None
[2025-12-16T18:38:52.344+0000] {processor.py:208} INFO - Processing /home/airflow/.local/lib/python3.12/site-packages/airflow/example_dags/example_dag_decorator.py took 0.210 seconds
[2025-12-16T18:39:22.959+0000] {processor.py:186} INFO - Started process (PID=5783) to work on /home/airflow/.local/lib/python3.12/site-packages/airflow/example_dags/example_dag_decorator.py
[2025-12-16T18:39:22.960+0000] {processor.py:914} INFO - Processing file /home/airflow/.local/lib/python3.12/site-packages/airflow/example_dags/example_dag_decorator.py for tasks to queue
[2025-12-16T18:39:22.962+0000] {logging_mixin.py:190} INFO - [2025-12-16T18:39:22.962+0000] {dagbag.py:588} INFO - Filling up the DagBag from /home/airflow/.local/lib/python3.12/site-packages/airflow/example_dags/example_dag_decorator.py
[2025-12-16T18:39:22.977+0000] {processor.py:925} INFO - DAG(s) 'example_dag_decorator' retrieved from /home/airflow/.local/lib/python3.12/site-packages/airflow/example_dags/example_dag_decorator.py
[2025-12-16T18:39:23.119+0000] {logging_mixin.py:190} INFO - [2025-12-16T18:39:23.119+0000] {dag.py:3239} INFO - Sync 1 DAGs
[2025-12-16T18:39:23.135+0000] {logging_mixin.py:190} INFO - [2025-12-16T18:39:23.135+0000] {dag.py:4180} INFO - Setting next_dagrun for example_dag_decorator to None, run_after=None
[2025-12-16T18:39:23.157+0000] {processor.py:208} INFO - Processing /home/airflow/.local/lib/python3.12/site-packages/airflow/example_dags/example_dag_decorator.py took 0.206 seconds
[2025-12-16T18:39:53.213+0000] {processor.py:186} INFO - Started process (PID=6074) to work on /home/airflow/.local/lib/python3.12/site-packages/airflow/example_dags/example_dag_decorator.py
[2025-12-16T18:39:53.215+0000] {processor.py:914} INFO - Processing file /home/airflow/.local/lib/python3.12/site-packages/airflow/example_dags/example_dag_decorator.py for tasks to queue
[2025-12-16T18:39:53.217+0000] {logging_mixin.py:190} INFO - [2025-12-16T18:39:53.217+0000] {dagbag.py:588} INFO - Filling up the DagBag from /home/airflow/.local/lib/python3.12/site-packages/airflow/example_dags/example_dag_decorator.py
[2025-12-16T18:39:53.231+0000] {processor.py:925} INFO - DAG(s) 'example_dag_decorator' retrieved from /home/airflow/.local/lib/python3.12/site-packages/airflow/example_dags/example_dag_decorator.py
[2025-12-16T18:39:53.257+0000] {logging_mixin.py:190} INFO - [2025-12-16T18:39:53.257+0000] {dag.py:3239} INFO - Sync 1 DAGs
[2025-12-16T18:39:53.274+0000] {logging_mixin.py:190} INFO - [2025-12-16T18:39:53.274+0000] {dag.py:4180} INFO - Setting next_dagrun for example_dag_decorator to None, run_after=None
[2025-12-16T18:39:53.294+0000] {processor.py:208} INFO - Processing /home/airflow/.local/lib/python3.12/site-packages/airflow/example_dags/example_dag_decorator.py took 0.088 seconds
[2025-12-16T18:40:23.646+0000] {processor.py:186} INFO - Started process (PID=6365) to work on /home/airflow/.local/lib/python3.12/site-packages/airflow/example_dags/example_dag_decorator.py
[2025-12-16T18:40:23.647+0000] {processor.py:914} INFO - Processing file /home/airflow/.local/lib/python3.12/site-packages/airflow/example_dags/example_dag_decorator.py for tasks to queue
[2025-12-16T18:40:23.650+0000] {logging_mixin.py:190} INFO - [2025-12-16T18:40:23.649+0000] {dagbag.py:588} INFO - Filling up the DagBag from /home/airflow/.local/lib/python3.12/site-packages/airflow/example_dags/example_dag_decorator.py
[2025-12-16T18:40:23.665+0000] {processor.py:925} INFO - DAG(s) 'example_dag_decorator' retrieved from /home/airflow/.local/lib/python3.12/site-packages/airflow/example_dags/example_dag_decorator.py
[2025-12-16T18:40:23.812+0000] {logging_mixin.py:190} INFO - [2025-12-16T18:40:23.812+0000] {dag.py:3239} INFO - Sync 1 DAGs
[2025-12-16T18:40:23.828+0000] {logging_mixin.py:190} INFO - [2025-12-16T18:40:23.827+0000] {dag.py:4180} INFO - Setting next_dagrun for example_dag_decorator to None, run_after=None
[2025-12-16T18:40:23.850+0000] {processor.py:208} INFO - Processing /home/airflow/.local/lib/python3.12/site-packages/airflow/example_dags/example_dag_decorator.py took 0.213 seconds
