[2025-12-16T18:26:46.131+0000] {processor.py:186} INFO - Started process (PID=317) to work on /home/airflow/.local/lib/python3.12/site-packages/airflow/example_dags/example_nested_branch_dag.py
[2025-12-16T18:26:46.132+0000] {processor.py:914} INFO - Processing file /home/airflow/.local/lib/python3.12/site-packages/airflow/example_dags/example_nested_branch_dag.py for tasks to queue
[2025-12-16T18:26:46.135+0000] {logging_mixin.py:190} INFO - [2025-12-16T18:26:46.135+0000] {dagbag.py:588} INFO - Filling up the DagBag from /home/airflow/.local/lib/python3.12/site-packages/airflow/example_dags/example_nested_branch_dag.py
[2025-12-16T18:26:46.152+0000] {processor.py:925} INFO - DAG(s) 'example_nested_branch_dag' retrieved from /home/airflow/.local/lib/python3.12/site-packages/airflow/example_dags/example_nested_branch_dag.py
[2025-12-16T18:26:46.292+0000] {logging_mixin.py:190} INFO - [2025-12-16T18:26:46.291+0000] {override.py:1911} INFO - Created Permission View: can read on DAG:example_nested_branch_dag
[2025-12-16T18:26:46.304+0000] {logging_mixin.py:190} INFO - [2025-12-16T18:26:46.304+0000] {override.py:1911} INFO - Created Permission View: can delete on DAG:example_nested_branch_dag
[2025-12-16T18:26:46.312+0000] {logging_mixin.py:190} INFO - [2025-12-16T18:26:46.312+0000] {override.py:1911} INFO - Created Permission View: can edit on DAG:example_nested_branch_dag
[2025-12-16T18:26:46.320+0000] {logging_mixin.py:190} INFO - [2025-12-16T18:26:46.320+0000] {override.py:1911} INFO - Created Permission View: can read on DAG Run:example_nested_branch_dag
[2025-12-16T18:26:46.327+0000] {logging_mixin.py:190} INFO - [2025-12-16T18:26:46.327+0000] {override.py:1911} INFO - Created Permission View: can create on DAG Run:example_nested_branch_dag
[2025-12-16T18:26:46.334+0000] {logging_mixin.py:190} INFO - [2025-12-16T18:26:46.334+0000] {override.py:1911} INFO - Created Permission View: menu access on DAG Run:example_nested_branch_dag
[2025-12-16T18:26:46.341+0000] {logging_mixin.py:190} INFO - [2025-12-16T18:26:46.341+0000] {override.py:1911} INFO - Created Permission View: can delete on DAG Run:example_nested_branch_dag
[2025-12-16T18:26:46.341+0000] {logging_mixin.py:190} INFO - [2025-12-16T18:26:46.341+0000] {dag.py:3239} INFO - Sync 1 DAGs
[2025-12-16T18:26:46.356+0000] {logging_mixin.py:190} INFO - [2025-12-16T18:26:46.356+0000] {dag.py:3262} INFO - Creating ORM DAG for example_nested_branch_dag
[2025-12-16T18:26:46.369+0000] {logging_mixin.py:190} INFO - [2025-12-16T18:26:46.368+0000] {dag.py:4180} INFO - Setting next_dagrun for example_nested_branch_dag to 2025-12-15 00:00:00+00:00, run_after=2025-12-16 00:00:00+00:00
[2025-12-16T18:26:46.390+0000] {processor.py:208} INFO - Processing /home/airflow/.local/lib/python3.12/site-packages/airflow/example_dags/example_nested_branch_dag.py took 0.266 seconds
[2025-12-16T18:27:17.262+0000] {processor.py:186} INFO - Started process (PID=609) to work on /home/airflow/.local/lib/python3.12/site-packages/airflow/example_dags/example_nested_branch_dag.py
[2025-12-16T18:27:17.264+0000] {processor.py:914} INFO - Processing file /home/airflow/.local/lib/python3.12/site-packages/airflow/example_dags/example_nested_branch_dag.py for tasks to queue
[2025-12-16T18:27:17.266+0000] {logging_mixin.py:190} INFO - [2025-12-16T18:27:17.266+0000] {dagbag.py:588} INFO - Filling up the DagBag from /home/airflow/.local/lib/python3.12/site-packages/airflow/example_dags/example_nested_branch_dag.py
[2025-12-16T18:27:17.282+0000] {processor.py:925} INFO - DAG(s) 'example_nested_branch_dag' retrieved from /home/airflow/.local/lib/python3.12/site-packages/airflow/example_dags/example_nested_branch_dag.py
[2025-12-16T18:27:17.307+0000] {logging_mixin.py:190} INFO - [2025-12-16T18:27:17.307+0000] {dag.py:3239} INFO - Sync 1 DAGs
[2025-12-16T18:27:17.338+0000] {logging_mixin.py:190} INFO - [2025-12-16T18:27:17.338+0000] {dag.py:4180} INFO - Setting next_dagrun for example_nested_branch_dag to 2025-12-15 00:00:00+00:00, run_after=2025-12-16 00:00:00+00:00
[2025-12-16T18:27:17.358+0000] {processor.py:208} INFO - Processing /home/airflow/.local/lib/python3.12/site-packages/airflow/example_dags/example_nested_branch_dag.py took 0.104 seconds
[2025-12-16T18:27:48.872+0000] {processor.py:186} INFO - Started process (PID=899) to work on /home/airflow/.local/lib/python3.12/site-packages/airflow/example_dags/example_nested_branch_dag.py
[2025-12-16T18:27:48.873+0000] {processor.py:914} INFO - Processing file /home/airflow/.local/lib/python3.12/site-packages/airflow/example_dags/example_nested_branch_dag.py for tasks to queue
[2025-12-16T18:27:48.876+0000] {logging_mixin.py:190} INFO - [2025-12-16T18:27:48.875+0000] {dagbag.py:588} INFO - Filling up the DagBag from /home/airflow/.local/lib/python3.12/site-packages/airflow/example_dags/example_nested_branch_dag.py
[2025-12-16T18:27:48.892+0000] {processor.py:925} INFO - DAG(s) 'example_nested_branch_dag' retrieved from /home/airflow/.local/lib/python3.12/site-packages/airflow/example_dags/example_nested_branch_dag.py
[2025-12-16T18:27:48.919+0000] {logging_mixin.py:190} INFO - [2025-12-16T18:27:48.918+0000] {dag.py:3239} INFO - Sync 1 DAGs
[2025-12-16T18:27:48.950+0000] {logging_mixin.py:190} INFO - [2025-12-16T18:27:48.949+0000] {dag.py:4180} INFO - Setting next_dagrun for example_nested_branch_dag to 2025-12-15 00:00:00+00:00, run_after=2025-12-16 00:00:00+00:00
[2025-12-16T18:27:48.972+0000] {processor.py:208} INFO - Processing /home/airflow/.local/lib/python3.12/site-packages/airflow/example_dags/example_nested_branch_dag.py took 0.108 seconds
[2025-12-16T18:29:41.857+0000] {processor.py:186} INFO - Started process (PID=311) to work on /home/airflow/.local/lib/python3.12/site-packages/airflow/example_dags/example_nested_branch_dag.py
[2025-12-16T18:29:41.858+0000] {processor.py:914} INFO - Processing file /home/airflow/.local/lib/python3.12/site-packages/airflow/example_dags/example_nested_branch_dag.py for tasks to queue
[2025-12-16T18:29:41.861+0000] {logging_mixin.py:190} INFO - [2025-12-16T18:29:41.860+0000] {dagbag.py:588} INFO - Filling up the DagBag from /home/airflow/.local/lib/python3.12/site-packages/airflow/example_dags/example_nested_branch_dag.py
[2025-12-16T18:29:41.877+0000] {processor.py:925} INFO - DAG(s) 'example_nested_branch_dag' retrieved from /home/airflow/.local/lib/python3.12/site-packages/airflow/example_dags/example_nested_branch_dag.py
[2025-12-16T18:29:41.905+0000] {logging_mixin.py:190} INFO - [2025-12-16T18:29:41.905+0000] {dag.py:3239} INFO - Sync 1 DAGs
[2025-12-16T18:29:41.936+0000] {logging_mixin.py:190} INFO - [2025-12-16T18:29:41.936+0000] {dag.py:4180} INFO - Setting next_dagrun for example_nested_branch_dag to 2025-12-15 00:00:00+00:00, run_after=2025-12-16 00:00:00+00:00
[2025-12-16T18:29:41.957+0000] {processor.py:208} INFO - Processing /home/airflow/.local/lib/python3.12/site-packages/airflow/example_dags/example_nested_branch_dag.py took 0.109 seconds
[2025-12-16T18:30:14.254+0000] {processor.py:186} INFO - Started process (PID=610) to work on /home/airflow/.local/lib/python3.12/site-packages/airflow/example_dags/example_nested_branch_dag.py
[2025-12-16T18:30:14.255+0000] {processor.py:914} INFO - Processing file /home/airflow/.local/lib/python3.12/site-packages/airflow/example_dags/example_nested_branch_dag.py for tasks to queue
[2025-12-16T18:30:14.258+0000] {logging_mixin.py:190} INFO - [2025-12-16T18:30:14.258+0000] {dagbag.py:588} INFO - Filling up the DagBag from /home/airflow/.local/lib/python3.12/site-packages/airflow/example_dags/example_nested_branch_dag.py
[2025-12-16T18:30:14.272+0000] {processor.py:925} INFO - DAG(s) 'example_nested_branch_dag' retrieved from /home/airflow/.local/lib/python3.12/site-packages/airflow/example_dags/example_nested_branch_dag.py
[2025-12-16T18:30:14.297+0000] {logging_mixin.py:190} INFO - [2025-12-16T18:30:14.297+0000] {dag.py:3239} INFO - Sync 1 DAGs
[2025-12-16T18:30:14.326+0000] {logging_mixin.py:190} INFO - [2025-12-16T18:30:14.325+0000] {dag.py:4180} INFO - Setting next_dagrun for example_nested_branch_dag to 2025-12-15 00:00:00+00:00, run_after=2025-12-16 00:00:00+00:00
[2025-12-16T18:30:14.345+0000] {processor.py:208} INFO - Processing /home/airflow/.local/lib/python3.12/site-packages/airflow/example_dags/example_nested_branch_dag.py took 0.098 seconds
[2025-12-16T18:30:44.800+0000] {processor.py:186} INFO - Started process (PID=899) to work on /home/airflow/.local/lib/python3.12/site-packages/airflow/example_dags/example_nested_branch_dag.py
[2025-12-16T18:30:44.801+0000] {processor.py:914} INFO - Processing file /home/airflow/.local/lib/python3.12/site-packages/airflow/example_dags/example_nested_branch_dag.py for tasks to queue
[2025-12-16T18:30:44.803+0000] {logging_mixin.py:190} INFO - [2025-12-16T18:30:44.803+0000] {dagbag.py:588} INFO - Filling up the DagBag from /home/airflow/.local/lib/python3.12/site-packages/airflow/example_dags/example_nested_branch_dag.py
[2025-12-16T18:30:44.818+0000] {processor.py:925} INFO - DAG(s) 'example_nested_branch_dag' retrieved from /home/airflow/.local/lib/python3.12/site-packages/airflow/example_dags/example_nested_branch_dag.py
[2025-12-16T18:30:44.843+0000] {logging_mixin.py:190} INFO - [2025-12-16T18:30:44.843+0000] {dag.py:3239} INFO - Sync 1 DAGs
[2025-12-16T18:30:44.871+0000] {logging_mixin.py:190} INFO - [2025-12-16T18:30:44.871+0000] {dag.py:4180} INFO - Setting next_dagrun for example_nested_branch_dag to 2025-12-15 00:00:00+00:00, run_after=2025-12-16 00:00:00+00:00
[2025-12-16T18:30:44.891+0000] {processor.py:208} INFO - Processing /home/airflow/.local/lib/python3.12/site-packages/airflow/example_dags/example_nested_branch_dag.py took 0.099 seconds
[2025-12-16T18:31:16.537+0000] {processor.py:186} INFO - Started process (PID=1190) to work on /home/airflow/.local/lib/python3.12/site-packages/airflow/example_dags/example_nested_branch_dag.py
[2025-12-16T18:31:16.538+0000] {processor.py:914} INFO - Processing file /home/airflow/.local/lib/python3.12/site-packages/airflow/example_dags/example_nested_branch_dag.py for tasks to queue
[2025-12-16T18:31:16.541+0000] {logging_mixin.py:190} INFO - [2025-12-16T18:31:16.540+0000] {dagbag.py:588} INFO - Filling up the DagBag from /home/airflow/.local/lib/python3.12/site-packages/airflow/example_dags/example_nested_branch_dag.py
[2025-12-16T18:31:16.555+0000] {processor.py:925} INFO - DAG(s) 'example_nested_branch_dag' retrieved from /home/airflow/.local/lib/python3.12/site-packages/airflow/example_dags/example_nested_branch_dag.py
[2025-12-16T18:31:16.581+0000] {logging_mixin.py:190} INFO - [2025-12-16T18:31:16.580+0000] {dag.py:3239} INFO - Sync 1 DAGs
[2025-12-16T18:31:16.610+0000] {logging_mixin.py:190} INFO - [2025-12-16T18:31:16.609+0000] {dag.py:4180} INFO - Setting next_dagrun for example_nested_branch_dag to 2025-12-15 00:00:00+00:00, run_after=2025-12-16 00:00:00+00:00
[2025-12-16T18:31:16.629+0000] {processor.py:208} INFO - Processing /home/airflow/.local/lib/python3.12/site-packages/airflow/example_dags/example_nested_branch_dag.py took 0.099 seconds
[2025-12-16T18:31:47.250+0000] {processor.py:186} INFO - Started process (PID=1481) to work on /home/airflow/.local/lib/python3.12/site-packages/airflow/example_dags/example_nested_branch_dag.py
[2025-12-16T18:31:47.251+0000] {processor.py:914} INFO - Processing file /home/airflow/.local/lib/python3.12/site-packages/airflow/example_dags/example_nested_branch_dag.py for tasks to queue
[2025-12-16T18:31:47.253+0000] {logging_mixin.py:190} INFO - [2025-12-16T18:31:47.253+0000] {dagbag.py:588} INFO - Filling up the DagBag from /home/airflow/.local/lib/python3.12/site-packages/airflow/example_dags/example_nested_branch_dag.py
[2025-12-16T18:31:47.268+0000] {processor.py:925} INFO - DAG(s) 'example_nested_branch_dag' retrieved from /home/airflow/.local/lib/python3.12/site-packages/airflow/example_dags/example_nested_branch_dag.py
[2025-12-16T18:31:47.294+0000] {logging_mixin.py:190} INFO - [2025-12-16T18:31:47.294+0000] {dag.py:3239} INFO - Sync 1 DAGs
[2025-12-16T18:31:47.324+0000] {logging_mixin.py:190} INFO - [2025-12-16T18:31:47.324+0000] {dag.py:4180} INFO - Setting next_dagrun for example_nested_branch_dag to 2025-12-15 00:00:00+00:00, run_after=2025-12-16 00:00:00+00:00
[2025-12-16T18:31:47.345+0000] {processor.py:208} INFO - Processing /home/airflow/.local/lib/python3.12/site-packages/airflow/example_dags/example_nested_branch_dag.py took 0.103 seconds
[2025-12-16T18:32:17.779+0000] {processor.py:186} INFO - Started process (PID=1772) to work on /home/airflow/.local/lib/python3.12/site-packages/airflow/example_dags/example_nested_branch_dag.py
[2025-12-16T18:32:17.780+0000] {processor.py:914} INFO - Processing file /home/airflow/.local/lib/python3.12/site-packages/airflow/example_dags/example_nested_branch_dag.py for tasks to queue
[2025-12-16T18:32:17.783+0000] {logging_mixin.py:190} INFO - [2025-12-16T18:32:17.783+0000] {dagbag.py:588} INFO - Filling up the DagBag from /home/airflow/.local/lib/python3.12/site-packages/airflow/example_dags/example_nested_branch_dag.py
[2025-12-16T18:32:17.799+0000] {processor.py:925} INFO - DAG(s) 'example_nested_branch_dag' retrieved from /home/airflow/.local/lib/python3.12/site-packages/airflow/example_dags/example_nested_branch_dag.py
[2025-12-16T18:32:17.825+0000] {logging_mixin.py:190} INFO - [2025-12-16T18:32:17.824+0000] {dag.py:3239} INFO - Sync 1 DAGs
[2025-12-16T18:32:17.856+0000] {logging_mixin.py:190} INFO - [2025-12-16T18:32:17.856+0000] {dag.py:4180} INFO - Setting next_dagrun for example_nested_branch_dag to 2025-12-15 00:00:00+00:00, run_after=2025-12-16 00:00:00+00:00
[2025-12-16T18:32:17.877+0000] {processor.py:208} INFO - Processing /home/airflow/.local/lib/python3.12/site-packages/airflow/example_dags/example_nested_branch_dag.py took 0.106 seconds
[2025-12-16T18:32:48.827+0000] {processor.py:186} INFO - Started process (PID=2063) to work on /home/airflow/.local/lib/python3.12/site-packages/airflow/example_dags/example_nested_branch_dag.py
[2025-12-16T18:32:48.828+0000] {processor.py:914} INFO - Processing file /home/airflow/.local/lib/python3.12/site-packages/airflow/example_dags/example_nested_branch_dag.py for tasks to queue
[2025-12-16T18:32:48.831+0000] {logging_mixin.py:190} INFO - [2025-12-16T18:32:48.830+0000] {dagbag.py:588} INFO - Filling up the DagBag from /home/airflow/.local/lib/python3.12/site-packages/airflow/example_dags/example_nested_branch_dag.py
[2025-12-16T18:32:48.846+0000] {processor.py:925} INFO - DAG(s) 'example_nested_branch_dag' retrieved from /home/airflow/.local/lib/python3.12/site-packages/airflow/example_dags/example_nested_branch_dag.py
[2025-12-16T18:32:48.872+0000] {logging_mixin.py:190} INFO - [2025-12-16T18:32:48.872+0000] {dag.py:3239} INFO - Sync 1 DAGs
[2025-12-16T18:32:48.904+0000] {logging_mixin.py:190} INFO - [2025-12-16T18:32:48.904+0000] {dag.py:4180} INFO - Setting next_dagrun for example_nested_branch_dag to 2025-12-15 00:00:00+00:00, run_after=2025-12-16 00:00:00+00:00
[2025-12-16T18:32:48.927+0000] {processor.py:208} INFO - Processing /home/airflow/.local/lib/python3.12/site-packages/airflow/example_dags/example_nested_branch_dag.py took 0.109 seconds
[2025-12-16T18:33:20.549+0000] {processor.py:186} INFO - Started process (PID=2354) to work on /home/airflow/.local/lib/python3.12/site-packages/airflow/example_dags/example_nested_branch_dag.py
[2025-12-16T18:33:20.550+0000] {processor.py:914} INFO - Processing file /home/airflow/.local/lib/python3.12/site-packages/airflow/example_dags/example_nested_branch_dag.py for tasks to queue
[2025-12-16T18:33:20.553+0000] {logging_mixin.py:190} INFO - [2025-12-16T18:33:20.553+0000] {dagbag.py:588} INFO - Filling up the DagBag from /home/airflow/.local/lib/python3.12/site-packages/airflow/example_dags/example_nested_branch_dag.py
[2025-12-16T18:33:20.567+0000] {processor.py:925} INFO - DAG(s) 'example_nested_branch_dag' retrieved from /home/airflow/.local/lib/python3.12/site-packages/airflow/example_dags/example_nested_branch_dag.py
[2025-12-16T18:33:20.594+0000] {logging_mixin.py:190} INFO - [2025-12-16T18:33:20.594+0000] {dag.py:3239} INFO - Sync 1 DAGs
[2025-12-16T18:33:20.627+0000] {logging_mixin.py:190} INFO - [2025-12-16T18:33:20.627+0000] {dag.py:4180} INFO - Setting next_dagrun for example_nested_branch_dag to 2025-12-15 00:00:00+00:00, run_after=2025-12-16 00:00:00+00:00
[2025-12-16T18:33:20.649+0000] {processor.py:208} INFO - Processing /home/airflow/.local/lib/python3.12/site-packages/airflow/example_dags/example_nested_branch_dag.py took 0.107 seconds
[2025-12-16T18:33:51.550+0000] {processor.py:186} INFO - Started process (PID=2645) to work on /home/airflow/.local/lib/python3.12/site-packages/airflow/example_dags/example_nested_branch_dag.py
[2025-12-16T18:33:51.551+0000] {processor.py:914} INFO - Processing file /home/airflow/.local/lib/python3.12/site-packages/airflow/example_dags/example_nested_branch_dag.py for tasks to queue
[2025-12-16T18:33:51.553+0000] {logging_mixin.py:190} INFO - [2025-12-16T18:33:51.553+0000] {dagbag.py:588} INFO - Filling up the DagBag from /home/airflow/.local/lib/python3.12/site-packages/airflow/example_dags/example_nested_branch_dag.py
[2025-12-16T18:33:51.567+0000] {processor.py:925} INFO - DAG(s) 'example_nested_branch_dag' retrieved from /home/airflow/.local/lib/python3.12/site-packages/airflow/example_dags/example_nested_branch_dag.py
[2025-12-16T18:33:51.593+0000] {logging_mixin.py:190} INFO - [2025-12-16T18:33:51.592+0000] {dag.py:3239} INFO - Sync 1 DAGs
[2025-12-16T18:33:51.622+0000] {logging_mixin.py:190} INFO - [2025-12-16T18:33:51.621+0000] {dag.py:4180} INFO - Setting next_dagrun for example_nested_branch_dag to 2025-12-15 00:00:00+00:00, run_after=2025-12-16 00:00:00+00:00
[2025-12-16T18:33:51.641+0000] {processor.py:208} INFO - Processing /home/airflow/.local/lib/python3.12/site-packages/airflow/example_dags/example_nested_branch_dag.py took 0.099 seconds
[2025-12-16T18:34:22.454+0000] {processor.py:186} INFO - Started process (PID=2936) to work on /home/airflow/.local/lib/python3.12/site-packages/airflow/example_dags/example_nested_branch_dag.py
[2025-12-16T18:34:22.455+0000] {processor.py:914} INFO - Processing file /home/airflow/.local/lib/python3.12/site-packages/airflow/example_dags/example_nested_branch_dag.py for tasks to queue
[2025-12-16T18:34:22.457+0000] {logging_mixin.py:190} INFO - [2025-12-16T18:34:22.457+0000] {dagbag.py:588} INFO - Filling up the DagBag from /home/airflow/.local/lib/python3.12/site-packages/airflow/example_dags/example_nested_branch_dag.py
[2025-12-16T18:34:22.471+0000] {processor.py:925} INFO - DAG(s) 'example_nested_branch_dag' retrieved from /home/airflow/.local/lib/python3.12/site-packages/airflow/example_dags/example_nested_branch_dag.py
[2025-12-16T18:34:22.496+0000] {logging_mixin.py:190} INFO - [2025-12-16T18:34:22.496+0000] {dag.py:3239} INFO - Sync 1 DAGs
[2025-12-16T18:34:22.527+0000] {logging_mixin.py:190} INFO - [2025-12-16T18:34:22.526+0000] {dag.py:4180} INFO - Setting next_dagrun for example_nested_branch_dag to 2025-12-15 00:00:00+00:00, run_after=2025-12-16 00:00:00+00:00
[2025-12-16T18:34:22.547+0000] {processor.py:208} INFO - Processing /home/airflow/.local/lib/python3.12/site-packages/airflow/example_dags/example_nested_branch_dag.py took 0.101 seconds
[2025-12-16T18:34:53.665+0000] {processor.py:186} INFO - Started process (PID=3229) to work on /home/airflow/.local/lib/python3.12/site-packages/airflow/example_dags/example_nested_branch_dag.py
[2025-12-16T18:34:53.666+0000] {processor.py:914} INFO - Processing file /home/airflow/.local/lib/python3.12/site-packages/airflow/example_dags/example_nested_branch_dag.py for tasks to queue
[2025-12-16T18:34:53.668+0000] {logging_mixin.py:190} INFO - [2025-12-16T18:34:53.668+0000] {dagbag.py:588} INFO - Filling up the DagBag from /home/airflow/.local/lib/python3.12/site-packages/airflow/example_dags/example_nested_branch_dag.py
[2025-12-16T18:34:53.682+0000] {processor.py:925} INFO - DAG(s) 'example_nested_branch_dag' retrieved from /home/airflow/.local/lib/python3.12/site-packages/airflow/example_dags/example_nested_branch_dag.py
[2025-12-16T18:34:53.706+0000] {logging_mixin.py:190} INFO - [2025-12-16T18:34:53.705+0000] {dag.py:3239} INFO - Sync 1 DAGs
[2025-12-16T18:34:53.735+0000] {logging_mixin.py:190} INFO - [2025-12-16T18:34:53.735+0000] {dag.py:4180} INFO - Setting next_dagrun for example_nested_branch_dag to 2025-12-15 00:00:00+00:00, run_after=2025-12-16 00:00:00+00:00
[2025-12-16T18:34:53.755+0000] {processor.py:208} INFO - Processing /home/airflow/.local/lib/python3.12/site-packages/airflow/example_dags/example_nested_branch_dag.py took 0.097 seconds
[2025-12-16T18:35:24.916+0000] {processor.py:186} INFO - Started process (PID=3518) to work on /home/airflow/.local/lib/python3.12/site-packages/airflow/example_dags/example_nested_branch_dag.py
[2025-12-16T18:35:24.917+0000] {processor.py:914} INFO - Processing file /home/airflow/.local/lib/python3.12/site-packages/airflow/example_dags/example_nested_branch_dag.py for tasks to queue
[2025-12-16T18:35:24.920+0000] {logging_mixin.py:190} INFO - [2025-12-16T18:35:24.920+0000] {dagbag.py:588} INFO - Filling up the DagBag from /home/airflow/.local/lib/python3.12/site-packages/airflow/example_dags/example_nested_branch_dag.py
[2025-12-16T18:35:24.937+0000] {processor.py:925} INFO - DAG(s) 'example_nested_branch_dag' retrieved from /home/airflow/.local/lib/python3.12/site-packages/airflow/example_dags/example_nested_branch_dag.py
[2025-12-16T18:35:24.965+0000] {logging_mixin.py:190} INFO - [2025-12-16T18:35:24.965+0000] {dag.py:3239} INFO - Sync 1 DAGs
[2025-12-16T18:35:24.998+0000] {logging_mixin.py:190} INFO - [2025-12-16T18:35:24.998+0000] {dag.py:4180} INFO - Setting next_dagrun for example_nested_branch_dag to 2025-12-15 00:00:00+00:00, run_after=2025-12-16 00:00:00+00:00
[2025-12-16T18:35:25.020+0000] {processor.py:208} INFO - Processing /home/airflow/.local/lib/python3.12/site-packages/airflow/example_dags/example_nested_branch_dag.py took 0.112 seconds
[2025-12-16T18:35:56.117+0000] {processor.py:186} INFO - Started process (PID=3809) to work on /home/airflow/.local/lib/python3.12/site-packages/airflow/example_dags/example_nested_branch_dag.py
[2025-12-16T18:35:56.118+0000] {processor.py:914} INFO - Processing file /home/airflow/.local/lib/python3.12/site-packages/airflow/example_dags/example_nested_branch_dag.py for tasks to queue
[2025-12-16T18:35:56.120+0000] {logging_mixin.py:190} INFO - [2025-12-16T18:35:56.120+0000] {dagbag.py:588} INFO - Filling up the DagBag from /home/airflow/.local/lib/python3.12/site-packages/airflow/example_dags/example_nested_branch_dag.py
[2025-12-16T18:35:56.135+0000] {processor.py:925} INFO - DAG(s) 'example_nested_branch_dag' retrieved from /home/airflow/.local/lib/python3.12/site-packages/airflow/example_dags/example_nested_branch_dag.py
[2025-12-16T18:35:56.159+0000] {logging_mixin.py:190} INFO - [2025-12-16T18:35:56.159+0000] {dag.py:3239} INFO - Sync 1 DAGs
[2025-12-16T18:35:56.188+0000] {logging_mixin.py:190} INFO - [2025-12-16T18:35:56.188+0000] {dag.py:4180} INFO - Setting next_dagrun for example_nested_branch_dag to 2025-12-15 00:00:00+00:00, run_after=2025-12-16 00:00:00+00:00
[2025-12-16T18:35:56.208+0000] {processor.py:208} INFO - Processing /home/airflow/.local/lib/python3.12/site-packages/airflow/example_dags/example_nested_branch_dag.py took 0.099 seconds
[2025-12-16T18:36:27.206+0000] {processor.py:186} INFO - Started process (PID=4100) to work on /home/airflow/.local/lib/python3.12/site-packages/airflow/example_dags/example_nested_branch_dag.py
[2025-12-16T18:36:27.207+0000] {processor.py:914} INFO - Processing file /home/airflow/.local/lib/python3.12/site-packages/airflow/example_dags/example_nested_branch_dag.py for tasks to queue
[2025-12-16T18:36:27.209+0000] {logging_mixin.py:190} INFO - [2025-12-16T18:36:27.209+0000] {dagbag.py:588} INFO - Filling up the DagBag from /home/airflow/.local/lib/python3.12/site-packages/airflow/example_dags/example_nested_branch_dag.py
[2025-12-16T18:36:27.224+0000] {processor.py:925} INFO - DAG(s) 'example_nested_branch_dag' retrieved from /home/airflow/.local/lib/python3.12/site-packages/airflow/example_dags/example_nested_branch_dag.py
[2025-12-16T18:36:27.251+0000] {logging_mixin.py:190} INFO - [2025-12-16T18:36:27.251+0000] {dag.py:3239} INFO - Sync 1 DAGs
[2025-12-16T18:36:27.282+0000] {logging_mixin.py:190} INFO - [2025-12-16T18:36:27.281+0000] {dag.py:4180} INFO - Setting next_dagrun for example_nested_branch_dag to 2025-12-15 00:00:00+00:00, run_after=2025-12-16 00:00:00+00:00
[2025-12-16T18:36:27.304+0000] {processor.py:208} INFO - Processing /home/airflow/.local/lib/python3.12/site-packages/airflow/example_dags/example_nested_branch_dag.py took 0.106 seconds
[2025-12-16T18:36:58.314+0000] {processor.py:186} INFO - Started process (PID=4391) to work on /home/airflow/.local/lib/python3.12/site-packages/airflow/example_dags/example_nested_branch_dag.py
[2025-12-16T18:36:58.315+0000] {processor.py:914} INFO - Processing file /home/airflow/.local/lib/python3.12/site-packages/airflow/example_dags/example_nested_branch_dag.py for tasks to queue
[2025-12-16T18:36:58.317+0000] {logging_mixin.py:190} INFO - [2025-12-16T18:36:58.317+0000] {dagbag.py:588} INFO - Filling up the DagBag from /home/airflow/.local/lib/python3.12/site-packages/airflow/example_dags/example_nested_branch_dag.py
[2025-12-16T18:36:58.332+0000] {processor.py:925} INFO - DAG(s) 'example_nested_branch_dag' retrieved from /home/airflow/.local/lib/python3.12/site-packages/airflow/example_dags/example_nested_branch_dag.py
[2025-12-16T18:36:58.357+0000] {logging_mixin.py:190} INFO - [2025-12-16T18:36:58.357+0000] {dag.py:3239} INFO - Sync 1 DAGs
[2025-12-16T18:36:58.387+0000] {logging_mixin.py:190} INFO - [2025-12-16T18:36:58.386+0000] {dag.py:4180} INFO - Setting next_dagrun for example_nested_branch_dag to 2025-12-15 00:00:00+00:00, run_after=2025-12-16 00:00:00+00:00
[2025-12-16T18:36:58.406+0000] {processor.py:208} INFO - Processing /home/airflow/.local/lib/python3.12/site-packages/airflow/example_dags/example_nested_branch_dag.py took 0.100 seconds
[2025-12-16T18:37:29.465+0000] {processor.py:186} INFO - Started process (PID=4682) to work on /home/airflow/.local/lib/python3.12/site-packages/airflow/example_dags/example_nested_branch_dag.py
[2025-12-16T18:37:29.466+0000] {processor.py:914} INFO - Processing file /home/airflow/.local/lib/python3.12/site-packages/airflow/example_dags/example_nested_branch_dag.py for tasks to queue
[2025-12-16T18:37:29.469+0000] {logging_mixin.py:190} INFO - [2025-12-16T18:37:29.468+0000] {dagbag.py:588} INFO - Filling up the DagBag from /home/airflow/.local/lib/python3.12/site-packages/airflow/example_dags/example_nested_branch_dag.py
[2025-12-16T18:37:29.483+0000] {processor.py:925} INFO - DAG(s) 'example_nested_branch_dag' retrieved from /home/airflow/.local/lib/python3.12/site-packages/airflow/example_dags/example_nested_branch_dag.py
[2025-12-16T18:37:29.510+0000] {logging_mixin.py:190} INFO - [2025-12-16T18:37:29.509+0000] {dag.py:3239} INFO - Sync 1 DAGs
[2025-12-16T18:37:29.540+0000] {logging_mixin.py:190} INFO - [2025-12-16T18:37:29.540+0000] {dag.py:4180} INFO - Setting next_dagrun for example_nested_branch_dag to 2025-12-15 00:00:00+00:00, run_after=2025-12-16 00:00:00+00:00
[2025-12-16T18:37:29.562+0000] {processor.py:208} INFO - Processing /home/airflow/.local/lib/python3.12/site-packages/airflow/example_dags/example_nested_branch_dag.py took 0.105 seconds
[2025-12-16T18:37:59.775+0000] {processor.py:186} INFO - Started process (PID=4970) to work on /home/airflow/.local/lib/python3.12/site-packages/airflow/example_dags/example_nested_branch_dag.py
[2025-12-16T18:37:59.776+0000] {processor.py:914} INFO - Processing file /home/airflow/.local/lib/python3.12/site-packages/airflow/example_dags/example_nested_branch_dag.py for tasks to queue
[2025-12-16T18:37:59.779+0000] {logging_mixin.py:190} INFO - [2025-12-16T18:37:59.779+0000] {dagbag.py:588} INFO - Filling up the DagBag from /home/airflow/.local/lib/python3.12/site-packages/airflow/example_dags/example_nested_branch_dag.py
[2025-12-16T18:37:59.794+0000] {processor.py:925} INFO - DAG(s) 'example_nested_branch_dag' retrieved from /home/airflow/.local/lib/python3.12/site-packages/airflow/example_dags/example_nested_branch_dag.py
[2025-12-16T18:37:59.822+0000] {logging_mixin.py:190} INFO - [2025-12-16T18:37:59.822+0000] {dag.py:3239} INFO - Sync 1 DAGs
[2025-12-16T18:37:59.854+0000] {logging_mixin.py:190} INFO - [2025-12-16T18:37:59.854+0000] {dag.py:4180} INFO - Setting next_dagrun for example_nested_branch_dag to 2025-12-15 00:00:00+00:00, run_after=2025-12-16 00:00:00+00:00
[2025-12-16T18:37:59.874+0000] {processor.py:208} INFO - Processing /home/airflow/.local/lib/python3.12/site-packages/airflow/example_dags/example_nested_branch_dag.py took 0.107 seconds
[2025-12-16T18:38:31.257+0000] {processor.py:186} INFO - Started process (PID=5259) to work on /home/airflow/.local/lib/python3.12/site-packages/airflow/example_dags/example_nested_branch_dag.py
[2025-12-16T18:38:31.258+0000] {processor.py:914} INFO - Processing file /home/airflow/.local/lib/python3.12/site-packages/airflow/example_dags/example_nested_branch_dag.py for tasks to queue
[2025-12-16T18:38:31.261+0000] {logging_mixin.py:190} INFO - [2025-12-16T18:38:31.261+0000] {dagbag.py:588} INFO - Filling up the DagBag from /home/airflow/.local/lib/python3.12/site-packages/airflow/example_dags/example_nested_branch_dag.py
[2025-12-16T18:38:31.277+0000] {processor.py:925} INFO - DAG(s) 'example_nested_branch_dag' retrieved from /home/airflow/.local/lib/python3.12/site-packages/airflow/example_dags/example_nested_branch_dag.py
[2025-12-16T18:38:31.305+0000] {logging_mixin.py:190} INFO - [2025-12-16T18:38:31.305+0000] {dag.py:3239} INFO - Sync 1 DAGs
[2025-12-16T18:38:31.338+0000] {logging_mixin.py:190} INFO - [2025-12-16T18:38:31.338+0000] {dag.py:4180} INFO - Setting next_dagrun for example_nested_branch_dag to 2025-12-15 00:00:00+00:00, run_after=2025-12-16 00:00:00+00:00
[2025-12-16T18:38:31.359+0000] {processor.py:208} INFO - Processing /home/airflow/.local/lib/python3.12/site-packages/airflow/example_dags/example_nested_branch_dag.py took 0.111 seconds
[2025-12-16T18:39:02.069+0000] {processor.py:186} INFO - Started process (PID=5550) to work on /home/airflow/.local/lib/python3.12/site-packages/airflow/example_dags/example_nested_branch_dag.py
[2025-12-16T18:39:02.070+0000] {processor.py:914} INFO - Processing file /home/airflow/.local/lib/python3.12/site-packages/airflow/example_dags/example_nested_branch_dag.py for tasks to queue
[2025-12-16T18:39:02.072+0000] {logging_mixin.py:190} INFO - [2025-12-16T18:39:02.072+0000] {dagbag.py:588} INFO - Filling up the DagBag from /home/airflow/.local/lib/python3.12/site-packages/airflow/example_dags/example_nested_branch_dag.py
[2025-12-16T18:39:02.087+0000] {processor.py:925} INFO - DAG(s) 'example_nested_branch_dag' retrieved from /home/airflow/.local/lib/python3.12/site-packages/airflow/example_dags/example_nested_branch_dag.py
[2025-12-16T18:39:02.113+0000] {logging_mixin.py:190} INFO - [2025-12-16T18:39:02.113+0000] {dag.py:3239} INFO - Sync 1 DAGs
[2025-12-16T18:39:02.149+0000] {logging_mixin.py:190} INFO - [2025-12-16T18:39:02.149+0000] {dag.py:4180} INFO - Setting next_dagrun for example_nested_branch_dag to 2025-12-15 00:00:00+00:00, run_after=2025-12-16 00:00:00+00:00
[2025-12-16T18:39:02.173+0000] {processor.py:208} INFO - Processing /home/airflow/.local/lib/python3.12/site-packages/airflow/example_dags/example_nested_branch_dag.py took 0.112 seconds
[2025-12-16T18:39:33.644+0000] {processor.py:186} INFO - Started process (PID=5841) to work on /home/airflow/.local/lib/python3.12/site-packages/airflow/example_dags/example_nested_branch_dag.py
[2025-12-16T18:39:33.645+0000] {processor.py:914} INFO - Processing file /home/airflow/.local/lib/python3.12/site-packages/airflow/example_dags/example_nested_branch_dag.py for tasks to queue
[2025-12-16T18:39:33.648+0000] {logging_mixin.py:190} INFO - [2025-12-16T18:39:33.648+0000] {dagbag.py:588} INFO - Filling up the DagBag from /home/airflow/.local/lib/python3.12/site-packages/airflow/example_dags/example_nested_branch_dag.py
[2025-12-16T18:39:33.662+0000] {processor.py:925} INFO - DAG(s) 'example_nested_branch_dag' retrieved from /home/airflow/.local/lib/python3.12/site-packages/airflow/example_dags/example_nested_branch_dag.py
[2025-12-16T18:39:33.686+0000] {logging_mixin.py:190} INFO - [2025-12-16T18:39:33.686+0000] {dag.py:3239} INFO - Sync 1 DAGs
[2025-12-16T18:39:33.714+0000] {logging_mixin.py:190} INFO - [2025-12-16T18:39:33.714+0000] {dag.py:4180} INFO - Setting next_dagrun for example_nested_branch_dag to 2025-12-15 00:00:00+00:00, run_after=2025-12-16 00:00:00+00:00
[2025-12-16T18:39:33.733+0000] {processor.py:208} INFO - Processing /home/airflow/.local/lib/python3.12/site-packages/airflow/example_dags/example_nested_branch_dag.py took 0.096 seconds
[2025-12-16T18:40:05.001+0000] {processor.py:186} INFO - Started process (PID=6132) to work on /home/airflow/.local/lib/python3.12/site-packages/airflow/example_dags/example_nested_branch_dag.py
[2025-12-16T18:40:05.002+0000] {processor.py:914} INFO - Processing file /home/airflow/.local/lib/python3.12/site-packages/airflow/example_dags/example_nested_branch_dag.py for tasks to queue
[2025-12-16T18:40:05.005+0000] {logging_mixin.py:190} INFO - [2025-12-16T18:40:05.004+0000] {dagbag.py:588} INFO - Filling up the DagBag from /home/airflow/.local/lib/python3.12/site-packages/airflow/example_dags/example_nested_branch_dag.py
[2025-12-16T18:40:05.019+0000] {processor.py:925} INFO - DAG(s) 'example_nested_branch_dag' retrieved from /home/airflow/.local/lib/python3.12/site-packages/airflow/example_dags/example_nested_branch_dag.py
[2025-12-16T18:40:05.048+0000] {logging_mixin.py:190} INFO - [2025-12-16T18:40:05.048+0000] {dag.py:3239} INFO - Sync 1 DAGs
[2025-12-16T18:40:05.077+0000] {logging_mixin.py:190} INFO - [2025-12-16T18:40:05.077+0000] {dag.py:4180} INFO - Setting next_dagrun for example_nested_branch_dag to 2025-12-15 00:00:00+00:00, run_after=2025-12-16 00:00:00+00:00
[2025-12-16T18:40:05.096+0000] {processor.py:208} INFO - Processing /home/airflow/.local/lib/python3.12/site-packages/airflow/example_dags/example_nested_branch_dag.py took 0.102 seconds
[2025-12-16T18:40:37.369+0000] {processor.py:186} INFO - Started process (PID=6423) to work on /home/airflow/.local/lib/python3.12/site-packages/airflow/example_dags/example_nested_branch_dag.py
[2025-12-16T18:40:37.371+0000] {processor.py:914} INFO - Processing file /home/airflow/.local/lib/python3.12/site-packages/airflow/example_dags/example_nested_branch_dag.py for tasks to queue
[2025-12-16T18:40:37.374+0000] {logging_mixin.py:190} INFO - [2025-12-16T18:40:37.373+0000] {dagbag.py:588} INFO - Filling up the DagBag from /home/airflow/.local/lib/python3.12/site-packages/airflow/example_dags/example_nested_branch_dag.py
[2025-12-16T18:40:37.389+0000] {processor.py:925} INFO - DAG(s) 'example_nested_branch_dag' retrieved from /home/airflow/.local/lib/python3.12/site-packages/airflow/example_dags/example_nested_branch_dag.py
[2025-12-16T18:40:37.414+0000] {logging_mixin.py:190} INFO - [2025-12-16T18:40:37.414+0000] {dag.py:3239} INFO - Sync 1 DAGs
[2025-12-16T18:40:37.443+0000] {logging_mixin.py:190} INFO - [2025-12-16T18:40:37.443+0000] {dag.py:4180} INFO - Setting next_dagrun for example_nested_branch_dag to 2025-12-15 00:00:00+00:00, run_after=2025-12-16 00:00:00+00:00
[2025-12-16T18:40:37.463+0000] {processor.py:208} INFO - Processing /home/airflow/.local/lib/python3.12/site-packages/airflow/example_dags/example_nested_branch_dag.py took 0.102 seconds
