[2025-12-16T18:26:39.861+0000] {processor.py:186} INFO - Started process (PID=231) to work on /home/airflow/.local/lib/python3.12/site-packages/airflow/example_dags/example_branch_operator_decorator.py
[2025-12-16T18:26:39.862+0000] {processor.py:914} INFO - Processing file /home/airflow/.local/lib/python3.12/site-packages/airflow/example_dags/example_branch_operator_decorator.py for tasks to queue
[2025-12-16T18:26:39.865+0000] {logging_mixin.py:190} INFO - [2025-12-16T18:26:39.864+0000] {dagbag.py:588} INFO - Filling up the DagBag from /home/airflow/.local/lib/python3.12/site-packages/airflow/example_dags/example_branch_operator_decorator.py
[2025-12-16T18:26:39.893+0000] {processor.py:925} INFO - DAG(s) 'example_branch_python_operator_decorator' retrieved from /home/airflow/.local/lib/python3.12/site-packages/airflow/example_dags/example_branch_operator_decorator.py
[2025-12-16T18:26:40.052+0000] {logging_mixin.py:190} INFO - [2025-12-16T18:26:40.051+0000] {override.py:1911} INFO - Created Permission View: can read on DAG:example_branch_python_operator_decorator
[2025-12-16T18:26:40.063+0000] {logging_mixin.py:190} INFO - [2025-12-16T18:26:40.062+0000] {override.py:1911} INFO - Created Permission View: can delete on DAG:example_branch_python_operator_decorator
[2025-12-16T18:26:40.069+0000] {logging_mixin.py:190} INFO - [2025-12-16T18:26:40.069+0000] {override.py:1911} INFO - Created Permission View: can edit on DAG:example_branch_python_operator_decorator
[2025-12-16T18:26:40.078+0000] {logging_mixin.py:190} INFO - [2025-12-16T18:26:40.077+0000] {override.py:1911} INFO - Created Permission View: can read on DAG Run:example_branch_python_operator_decorator
[2025-12-16T18:26:40.085+0000] {logging_mixin.py:190} INFO - [2025-12-16T18:26:40.085+0000] {override.py:1911} INFO - Created Permission View: can create on DAG Run:example_branch_python_operator_decorator
[2025-12-16T18:26:40.093+0000] {logging_mixin.py:190} INFO - [2025-12-16T18:26:40.093+0000] {override.py:1911} INFO - Created Permission View: menu access on DAG Run:example_branch_python_operator_decorator
[2025-12-16T18:26:40.101+0000] {logging_mixin.py:190} INFO - [2025-12-16T18:26:40.100+0000] {override.py:1911} INFO - Created Permission View: can delete on DAG Run:example_branch_python_operator_decorator
[2025-12-16T18:26:40.101+0000] {logging_mixin.py:190} INFO - [2025-12-16T18:26:40.101+0000] {dag.py:3239} INFO - Sync 1 DAGs
[2025-12-16T18:26:40.115+0000] {logging_mixin.py:190} INFO - [2025-12-16T18:26:40.115+0000] {dag.py:3262} INFO - Creating ORM DAG for example_branch_python_operator_decorator
[2025-12-16T18:26:40.128+0000] {logging_mixin.py:190} INFO - [2025-12-16T18:26:40.128+0000] {dag.py:4180} INFO - Setting next_dagrun for example_branch_python_operator_decorator to 2025-12-15 00:00:00+00:00, run_after=2025-12-16 00:00:00+00:00
[2025-12-16T18:26:40.148+0000] {processor.py:208} INFO - Processing /home/airflow/.local/lib/python3.12/site-packages/airflow/example_dags/example_branch_operator_decorator.py took 0.295 seconds
[2025-12-16T18:27:10.811+0000] {processor.py:186} INFO - Started process (PID=524) to work on /home/airflow/.local/lib/python3.12/site-packages/airflow/example_dags/example_branch_operator_decorator.py
[2025-12-16T18:27:10.812+0000] {processor.py:914} INFO - Processing file /home/airflow/.local/lib/python3.12/site-packages/airflow/example_dags/example_branch_operator_decorator.py for tasks to queue
[2025-12-16T18:27:10.814+0000] {logging_mixin.py:190} INFO - [2025-12-16T18:27:10.814+0000] {dagbag.py:588} INFO - Filling up the DagBag from /home/airflow/.local/lib/python3.12/site-packages/airflow/example_dags/example_branch_operator_decorator.py
[2025-12-16T18:27:10.841+0000] {processor.py:925} INFO - DAG(s) 'example_branch_python_operator_decorator' retrieved from /home/airflow/.local/lib/python3.12/site-packages/airflow/example_dags/example_branch_operator_decorator.py
[2025-12-16T18:27:10.876+0000] {logging_mixin.py:190} INFO - [2025-12-16T18:27:10.876+0000] {dag.py:3239} INFO - Sync 1 DAGs
[2025-12-16T18:27:10.909+0000] {logging_mixin.py:190} INFO - [2025-12-16T18:27:10.909+0000] {dag.py:4180} INFO - Setting next_dagrun for example_branch_python_operator_decorator to 2025-12-15 00:00:00+00:00, run_after=2025-12-16 00:00:00+00:00
[2025-12-16T18:27:10.929+0000] {processor.py:208} INFO - Processing /home/airflow/.local/lib/python3.12/site-packages/airflow/example_dags/example_branch_operator_decorator.py took 0.126 seconds
[2025-12-16T18:27:41.658+0000] {processor.py:186} INFO - Started process (PID=813) to work on /home/airflow/.local/lib/python3.12/site-packages/airflow/example_dags/example_branch_operator_decorator.py
[2025-12-16T18:27:41.659+0000] {processor.py:914} INFO - Processing file /home/airflow/.local/lib/python3.12/site-packages/airflow/example_dags/example_branch_operator_decorator.py for tasks to queue
[2025-12-16T18:27:41.663+0000] {logging_mixin.py:190} INFO - [2025-12-16T18:27:41.662+0000] {dagbag.py:588} INFO - Filling up the DagBag from /home/airflow/.local/lib/python3.12/site-packages/airflow/example_dags/example_branch_operator_decorator.py
[2025-12-16T18:27:41.698+0000] {processor.py:925} INFO - DAG(s) 'example_branch_python_operator_decorator' retrieved from /home/airflow/.local/lib/python3.12/site-packages/airflow/example_dags/example_branch_operator_decorator.py
[2025-12-16T18:27:41.739+0000] {logging_mixin.py:190} INFO - [2025-12-16T18:27:41.739+0000] {dag.py:3239} INFO - Sync 1 DAGs
[2025-12-16T18:27:41.774+0000] {logging_mixin.py:190} INFO - [2025-12-16T18:27:41.774+0000] {dag.py:4180} INFO - Setting next_dagrun for example_branch_python_operator_decorator to 2025-12-15 00:00:00+00:00, run_after=2025-12-16 00:00:00+00:00
[2025-12-16T18:27:41.803+0000] {processor.py:208} INFO - Processing /home/airflow/.local/lib/python3.12/site-packages/airflow/example_dags/example_branch_operator_decorator.py took 0.156 seconds
[2025-12-16T18:28:12.368+0000] {processor.py:186} INFO - Started process (PID=1162) to work on /home/airflow/.local/lib/python3.12/site-packages/airflow/example_dags/example_branch_operator_decorator.py
[2025-12-16T18:28:12.369+0000] {processor.py:914} INFO - Processing file /home/airflow/.local/lib/python3.12/site-packages/airflow/example_dags/example_branch_operator_decorator.py for tasks to queue
[2025-12-16T18:28:12.372+0000] {logging_mixin.py:190} INFO - [2025-12-16T18:28:12.372+0000] {dagbag.py:588} INFO - Filling up the DagBag from /home/airflow/.local/lib/python3.12/site-packages/airflow/example_dags/example_branch_operator_decorator.py
[2025-12-16T18:28:12.400+0000] {processor.py:925} INFO - DAG(s) 'example_branch_python_operator_decorator' retrieved from /home/airflow/.local/lib/python3.12/site-packages/airflow/example_dags/example_branch_operator_decorator.py
[2025-12-16T18:28:12.434+0000] {logging_mixin.py:190} INFO - [2025-12-16T18:28:12.434+0000] {dag.py:3239} INFO - Sync 1 DAGs
[2025-12-16T18:28:12.469+0000] {logging_mixin.py:190} INFO - [2025-12-16T18:28:12.469+0000] {dag.py:4180} INFO - Setting next_dagrun for example_branch_python_operator_decorator to 2025-12-15 00:00:00+00:00, run_after=2025-12-16 00:00:00+00:00
[2025-12-16T18:28:12.491+0000] {processor.py:208} INFO - Processing /home/airflow/.local/lib/python3.12/site-packages/airflow/example_dags/example_branch_operator_decorator.py took 0.131 seconds
[2025-12-16T18:29:37.657+0000] {processor.py:186} INFO - Started process (PID=231) to work on /home/airflow/.local/lib/python3.12/site-packages/airflow/example_dags/example_branch_operator_decorator.py
[2025-12-16T18:29:37.658+0000] {processor.py:914} INFO - Processing file /home/airflow/.local/lib/python3.12/site-packages/airflow/example_dags/example_branch_operator_decorator.py for tasks to queue
[2025-12-16T18:29:37.661+0000] {logging_mixin.py:190} INFO - [2025-12-16T18:29:37.660+0000] {dagbag.py:588} INFO - Filling up the DagBag from /home/airflow/.local/lib/python3.12/site-packages/airflow/example_dags/example_branch_operator_decorator.py
[2025-12-16T18:29:37.694+0000] {processor.py:925} INFO - DAG(s) 'example_branch_python_operator_decorator' retrieved from /home/airflow/.local/lib/python3.12/site-packages/airflow/example_dags/example_branch_operator_decorator.py
[2025-12-16T18:29:37.865+0000] {logging_mixin.py:190} INFO - [2025-12-16T18:29:37.865+0000] {dag.py:3239} INFO - Sync 1 DAGs
[2025-12-16T18:29:37.896+0000] {logging_mixin.py:190} INFO - [2025-12-16T18:29:37.896+0000] {dag.py:4180} INFO - Setting next_dagrun for example_branch_python_operator_decorator to 2025-12-15 00:00:00+00:00, run_after=2025-12-16 00:00:00+00:00
[2025-12-16T18:29:37.919+0000] {processor.py:208} INFO - Processing /home/airflow/.local/lib/python3.12/site-packages/airflow/example_dags/example_branch_operator_decorator.py took 0.270 seconds
[2025-12-16T18:30:08.504+0000] {processor.py:186} INFO - Started process (PID=522) to work on /home/airflow/.local/lib/python3.12/site-packages/airflow/example_dags/example_branch_operator_decorator.py
[2025-12-16T18:30:08.505+0000] {processor.py:914} INFO - Processing file /home/airflow/.local/lib/python3.12/site-packages/airflow/example_dags/example_branch_operator_decorator.py for tasks to queue
[2025-12-16T18:30:08.507+0000] {logging_mixin.py:190} INFO - [2025-12-16T18:30:08.507+0000] {dagbag.py:588} INFO - Filling up the DagBag from /home/airflow/.local/lib/python3.12/site-packages/airflow/example_dags/example_branch_operator_decorator.py
[2025-12-16T18:30:08.535+0000] {processor.py:925} INFO - DAG(s) 'example_branch_python_operator_decorator' retrieved from /home/airflow/.local/lib/python3.12/site-packages/airflow/example_dags/example_branch_operator_decorator.py
[2025-12-16T18:30:08.569+0000] {logging_mixin.py:190} INFO - [2025-12-16T18:30:08.569+0000] {dag.py:3239} INFO - Sync 1 DAGs
[2025-12-16T18:30:08.597+0000] {logging_mixin.py:190} INFO - [2025-12-16T18:30:08.597+0000] {dag.py:4180} INFO - Setting next_dagrun for example_branch_python_operator_decorator to 2025-12-15 00:00:00+00:00, run_after=2025-12-16 00:00:00+00:00
[2025-12-16T18:30:08.617+0000] {processor.py:208} INFO - Processing /home/airflow/.local/lib/python3.12/site-packages/airflow/example_dags/example_branch_operator_decorator.py took 0.121 seconds
[2025-12-16T18:30:39.533+0000] {processor.py:186} INFO - Started process (PID=813) to work on /home/airflow/.local/lib/python3.12/site-packages/airflow/example_dags/example_branch_operator_decorator.py
[2025-12-16T18:30:39.534+0000] {processor.py:914} INFO - Processing file /home/airflow/.local/lib/python3.12/site-packages/airflow/example_dags/example_branch_operator_decorator.py for tasks to queue
[2025-12-16T18:30:39.537+0000] {logging_mixin.py:190} INFO - [2025-12-16T18:30:39.536+0000] {dagbag.py:588} INFO - Filling up the DagBag from /home/airflow/.local/lib/python3.12/site-packages/airflow/example_dags/example_branch_operator_decorator.py
[2025-12-16T18:30:39.564+0000] {processor.py:925} INFO - DAG(s) 'example_branch_python_operator_decorator' retrieved from /home/airflow/.local/lib/python3.12/site-packages/airflow/example_dags/example_branch_operator_decorator.py
[2025-12-16T18:30:39.599+0000] {logging_mixin.py:190} INFO - [2025-12-16T18:30:39.598+0000] {dag.py:3239} INFO - Sync 1 DAGs
[2025-12-16T18:30:39.628+0000] {logging_mixin.py:190} INFO - [2025-12-16T18:30:39.627+0000] {dag.py:4180} INFO - Setting next_dagrun for example_branch_python_operator_decorator to 2025-12-15 00:00:00+00:00, run_after=2025-12-16 00:00:00+00:00
[2025-12-16T18:30:39.648+0000] {processor.py:208} INFO - Processing /home/airflow/.local/lib/python3.12/site-packages/airflow/example_dags/example_branch_operator_decorator.py took 0.123 seconds
[2025-12-16T18:31:09.968+0000] {processor.py:186} INFO - Started process (PID=1104) to work on /home/airflow/.local/lib/python3.12/site-packages/airflow/example_dags/example_branch_operator_decorator.py
[2025-12-16T18:31:09.969+0000] {processor.py:914} INFO - Processing file /home/airflow/.local/lib/python3.12/site-packages/airflow/example_dags/example_branch_operator_decorator.py for tasks to queue
[2025-12-16T18:31:09.971+0000] {logging_mixin.py:190} INFO - [2025-12-16T18:31:09.971+0000] {dagbag.py:588} INFO - Filling up the DagBag from /home/airflow/.local/lib/python3.12/site-packages/airflow/example_dags/example_branch_operator_decorator.py
[2025-12-16T18:31:09.997+0000] {processor.py:925} INFO - DAG(s) 'example_branch_python_operator_decorator' retrieved from /home/airflow/.local/lib/python3.12/site-packages/airflow/example_dags/example_branch_operator_decorator.py
[2025-12-16T18:31:10.030+0000] {logging_mixin.py:190} INFO - [2025-12-16T18:31:10.030+0000] {dag.py:3239} INFO - Sync 1 DAGs
[2025-12-16T18:31:10.059+0000] {logging_mixin.py:190} INFO - [2025-12-16T18:31:10.059+0000] {dag.py:4180} INFO - Setting next_dagrun for example_branch_python_operator_decorator to 2025-12-15 00:00:00+00:00, run_after=2025-12-16 00:00:00+00:00
[2025-12-16T18:31:10.078+0000] {processor.py:208} INFO - Processing /home/airflow/.local/lib/python3.12/site-packages/airflow/example_dags/example_branch_operator_decorator.py took 0.117 seconds
[2025-12-16T18:31:41.006+0000] {processor.py:186} INFO - Started process (PID=1395) to work on /home/airflow/.local/lib/python3.12/site-packages/airflow/example_dags/example_branch_operator_decorator.py
[2025-12-16T18:31:41.007+0000] {processor.py:914} INFO - Processing file /home/airflow/.local/lib/python3.12/site-packages/airflow/example_dags/example_branch_operator_decorator.py for tasks to queue
[2025-12-16T18:31:41.009+0000] {logging_mixin.py:190} INFO - [2025-12-16T18:31:41.009+0000] {dagbag.py:588} INFO - Filling up the DagBag from /home/airflow/.local/lib/python3.12/site-packages/airflow/example_dags/example_branch_operator_decorator.py
[2025-12-16T18:31:41.036+0000] {processor.py:925} INFO - DAG(s) 'example_branch_python_operator_decorator' retrieved from /home/airflow/.local/lib/python3.12/site-packages/airflow/example_dags/example_branch_operator_decorator.py
[2025-12-16T18:31:41.068+0000] {logging_mixin.py:190} INFO - [2025-12-16T18:31:41.068+0000] {dag.py:3239} INFO - Sync 1 DAGs
[2025-12-16T18:31:41.096+0000] {logging_mixin.py:190} INFO - [2025-12-16T18:31:41.096+0000] {dag.py:4180} INFO - Setting next_dagrun for example_branch_python_operator_decorator to 2025-12-15 00:00:00+00:00, run_after=2025-12-16 00:00:00+00:00
[2025-12-16T18:31:41.117+0000] {processor.py:208} INFO - Processing /home/airflow/.local/lib/python3.12/site-packages/airflow/example_dags/example_branch_operator_decorator.py took 0.119 seconds
[2025-12-16T18:32:12.012+0000] {processor.py:186} INFO - Started process (PID=1686) to work on /home/airflow/.local/lib/python3.12/site-packages/airflow/example_dags/example_branch_operator_decorator.py
[2025-12-16T18:32:12.013+0000] {processor.py:914} INFO - Processing file /home/airflow/.local/lib/python3.12/site-packages/airflow/example_dags/example_branch_operator_decorator.py for tasks to queue
[2025-12-16T18:32:12.016+0000] {logging_mixin.py:190} INFO - [2025-12-16T18:32:12.015+0000] {dagbag.py:588} INFO - Filling up the DagBag from /home/airflow/.local/lib/python3.12/site-packages/airflow/example_dags/example_branch_operator_decorator.py
[2025-12-16T18:32:12.043+0000] {processor.py:925} INFO - DAG(s) 'example_branch_python_operator_decorator' retrieved from /home/airflow/.local/lib/python3.12/site-packages/airflow/example_dags/example_branch_operator_decorator.py
[2025-12-16T18:32:12.079+0000] {logging_mixin.py:190} INFO - [2025-12-16T18:32:12.078+0000] {dag.py:3239} INFO - Sync 1 DAGs
[2025-12-16T18:32:12.109+0000] {logging_mixin.py:190} INFO - [2025-12-16T18:32:12.109+0000] {dag.py:4180} INFO - Setting next_dagrun for example_branch_python_operator_decorator to 2025-12-15 00:00:00+00:00, run_after=2025-12-16 00:00:00+00:00
[2025-12-16T18:32:12.129+0000] {processor.py:208} INFO - Processing /home/airflow/.local/lib/python3.12/site-packages/airflow/example_dags/example_branch_operator_decorator.py took 0.124 seconds
[2025-12-16T18:32:42.288+0000] {processor.py:186} INFO - Started process (PID=1977) to work on /home/airflow/.local/lib/python3.12/site-packages/airflow/example_dags/example_branch_operator_decorator.py
[2025-12-16T18:32:42.289+0000] {processor.py:914} INFO - Processing file /home/airflow/.local/lib/python3.12/site-packages/airflow/example_dags/example_branch_operator_decorator.py for tasks to queue
[2025-12-16T18:32:42.292+0000] {logging_mixin.py:190} INFO - [2025-12-16T18:32:42.291+0000] {dagbag.py:588} INFO - Filling up the DagBag from /home/airflow/.local/lib/python3.12/site-packages/airflow/example_dags/example_branch_operator_decorator.py
[2025-12-16T18:32:42.318+0000] {processor.py:925} INFO - DAG(s) 'example_branch_python_operator_decorator' retrieved from /home/airflow/.local/lib/python3.12/site-packages/airflow/example_dags/example_branch_operator_decorator.py
[2025-12-16T18:32:42.352+0000] {logging_mixin.py:190} INFO - [2025-12-16T18:32:42.352+0000] {dag.py:3239} INFO - Sync 1 DAGs
[2025-12-16T18:32:42.381+0000] {logging_mixin.py:190} INFO - [2025-12-16T18:32:42.381+0000] {dag.py:4180} INFO - Setting next_dagrun for example_branch_python_operator_decorator to 2025-12-15 00:00:00+00:00, run_after=2025-12-16 00:00:00+00:00
[2025-12-16T18:32:42.403+0000] {processor.py:208} INFO - Processing /home/airflow/.local/lib/python3.12/site-packages/airflow/example_dags/example_branch_operator_decorator.py took 0.122 seconds
[2025-12-16T18:33:12.756+0000] {processor.py:186} INFO - Started process (PID=2274) to work on /home/airflow/.local/lib/python3.12/site-packages/airflow/example_dags/example_branch_operator_decorator.py
[2025-12-16T18:33:12.758+0000] {processor.py:914} INFO - Processing file /home/airflow/.local/lib/python3.12/site-packages/airflow/example_dags/example_branch_operator_decorator.py for tasks to queue
[2025-12-16T18:33:12.761+0000] {logging_mixin.py:190} INFO - [2025-12-16T18:33:12.760+0000] {dagbag.py:588} INFO - Filling up the DagBag from /home/airflow/.local/lib/python3.12/site-packages/airflow/example_dags/example_branch_operator_decorator.py
[2025-12-16T18:33:12.793+0000] {processor.py:925} INFO - DAG(s) 'example_branch_python_operator_decorator' retrieved from /home/airflow/.local/lib/python3.12/site-packages/airflow/example_dags/example_branch_operator_decorator.py
[2025-12-16T18:33:12.838+0000] {logging_mixin.py:190} INFO - [2025-12-16T18:33:12.837+0000] {dag.py:3239} INFO - Sync 1 DAGs
[2025-12-16T18:33:12.874+0000] {logging_mixin.py:190} INFO - [2025-12-16T18:33:12.873+0000] {dag.py:4180} INFO - Setting next_dagrun for example_branch_python_operator_decorator to 2025-12-15 00:00:00+00:00, run_after=2025-12-16 00:00:00+00:00
[2025-12-16T18:33:12.898+0000] {processor.py:208} INFO - Processing /home/airflow/.local/lib/python3.12/site-packages/airflow/example_dags/example_branch_operator_decorator.py took 0.151 seconds
[2025-12-16T18:33:43.640+0000] {processor.py:186} INFO - Started process (PID=2565) to work on /home/airflow/.local/lib/python3.12/site-packages/airflow/example_dags/example_branch_operator_decorator.py
[2025-12-16T18:33:43.641+0000] {processor.py:914} INFO - Processing file /home/airflow/.local/lib/python3.12/site-packages/airflow/example_dags/example_branch_operator_decorator.py for tasks to queue
[2025-12-16T18:33:43.644+0000] {logging_mixin.py:190} INFO - [2025-12-16T18:33:43.644+0000] {dagbag.py:588} INFO - Filling up the DagBag from /home/airflow/.local/lib/python3.12/site-packages/airflow/example_dags/example_branch_operator_decorator.py
[2025-12-16T18:33:43.672+0000] {processor.py:925} INFO - DAG(s) 'example_branch_python_operator_decorator' retrieved from /home/airflow/.local/lib/python3.12/site-packages/airflow/example_dags/example_branch_operator_decorator.py
[2025-12-16T18:33:43.706+0000] {logging_mixin.py:190} INFO - [2025-12-16T18:33:43.706+0000] {dag.py:3239} INFO - Sync 1 DAGs
[2025-12-16T18:33:43.736+0000] {logging_mixin.py:190} INFO - [2025-12-16T18:33:43.736+0000] {dag.py:4180} INFO - Setting next_dagrun for example_branch_python_operator_decorator to 2025-12-15 00:00:00+00:00, run_after=2025-12-16 00:00:00+00:00
[2025-12-16T18:33:43.756+0000] {processor.py:208} INFO - Processing /home/airflow/.local/lib/python3.12/site-packages/airflow/example_dags/example_branch_operator_decorator.py took 0.124 seconds
[2025-12-16T18:34:14.734+0000] {processor.py:186} INFO - Started process (PID=2856) to work on /home/airflow/.local/lib/python3.12/site-packages/airflow/example_dags/example_branch_operator_decorator.py
[2025-12-16T18:34:14.735+0000] {processor.py:914} INFO - Processing file /home/airflow/.local/lib/python3.12/site-packages/airflow/example_dags/example_branch_operator_decorator.py for tasks to queue
[2025-12-16T18:34:14.737+0000] {logging_mixin.py:190} INFO - [2025-12-16T18:34:14.737+0000] {dagbag.py:588} INFO - Filling up the DagBag from /home/airflow/.local/lib/python3.12/site-packages/airflow/example_dags/example_branch_operator_decorator.py
[2025-12-16T18:34:14.766+0000] {processor.py:925} INFO - DAG(s) 'example_branch_python_operator_decorator' retrieved from /home/airflow/.local/lib/python3.12/site-packages/airflow/example_dags/example_branch_operator_decorator.py
[2025-12-16T18:34:14.801+0000] {logging_mixin.py:190} INFO - [2025-12-16T18:34:14.801+0000] {dag.py:3239} INFO - Sync 1 DAGs
[2025-12-16T18:34:14.831+0000] {logging_mixin.py:190} INFO - [2025-12-16T18:34:14.831+0000] {dag.py:4180} INFO - Setting next_dagrun for example_branch_python_operator_decorator to 2025-12-15 00:00:00+00:00, run_after=2025-12-16 00:00:00+00:00
[2025-12-16T18:34:14.851+0000] {processor.py:208} INFO - Processing /home/airflow/.local/lib/python3.12/site-packages/airflow/example_dags/example_branch_operator_decorator.py took 0.125 seconds
[2025-12-16T18:34:45.680+0000] {processor.py:186} INFO - Started process (PID=3147) to work on /home/airflow/.local/lib/python3.12/site-packages/airflow/example_dags/example_branch_operator_decorator.py
[2025-12-16T18:34:45.681+0000] {processor.py:914} INFO - Processing file /home/airflow/.local/lib/python3.12/site-packages/airflow/example_dags/example_branch_operator_decorator.py for tasks to queue
[2025-12-16T18:34:45.684+0000] {logging_mixin.py:190} INFO - [2025-12-16T18:34:45.683+0000] {dagbag.py:588} INFO - Filling up the DagBag from /home/airflow/.local/lib/python3.12/site-packages/airflow/example_dags/example_branch_operator_decorator.py
[2025-12-16T18:34:45.715+0000] {processor.py:925} INFO - DAG(s) 'example_branch_python_operator_decorator' retrieved from /home/airflow/.local/lib/python3.12/site-packages/airflow/example_dags/example_branch_operator_decorator.py
[2025-12-16T18:34:45.753+0000] {logging_mixin.py:190} INFO - [2025-12-16T18:34:45.752+0000] {dag.py:3239} INFO - Sync 1 DAGs
[2025-12-16T18:34:45.789+0000] {logging_mixin.py:190} INFO - [2025-12-16T18:34:45.789+0000] {dag.py:4180} INFO - Setting next_dagrun for example_branch_python_operator_decorator to 2025-12-15 00:00:00+00:00, run_after=2025-12-16 00:00:00+00:00
[2025-12-16T18:34:45.812+0000] {processor.py:208} INFO - Processing /home/airflow/.local/lib/python3.12/site-packages/airflow/example_dags/example_branch_operator_decorator.py took 0.139 seconds
[2025-12-16T18:35:15.948+0000] {processor.py:186} INFO - Started process (PID=3438) to work on /home/airflow/.local/lib/python3.12/site-packages/airflow/example_dags/example_branch_operator_decorator.py
[2025-12-16T18:35:15.949+0000] {processor.py:914} INFO - Processing file /home/airflow/.local/lib/python3.12/site-packages/airflow/example_dags/example_branch_operator_decorator.py for tasks to queue
[2025-12-16T18:35:15.952+0000] {logging_mixin.py:190} INFO - [2025-12-16T18:35:15.952+0000] {dagbag.py:588} INFO - Filling up the DagBag from /home/airflow/.local/lib/python3.12/site-packages/airflow/example_dags/example_branch_operator_decorator.py
[2025-12-16T18:35:15.983+0000] {processor.py:925} INFO - DAG(s) 'example_branch_python_operator_decorator' retrieved from /home/airflow/.local/lib/python3.12/site-packages/airflow/example_dags/example_branch_operator_decorator.py
[2025-12-16T18:35:16.021+0000] {logging_mixin.py:190} INFO - [2025-12-16T18:35:16.021+0000] {dag.py:3239} INFO - Sync 1 DAGs
[2025-12-16T18:35:16.054+0000] {logging_mixin.py:190} INFO - [2025-12-16T18:35:16.054+0000] {dag.py:4180} INFO - Setting next_dagrun for example_branch_python_operator_decorator to 2025-12-15 00:00:00+00:00, run_after=2025-12-16 00:00:00+00:00
[2025-12-16T18:35:16.083+0000] {processor.py:208} INFO - Processing /home/airflow/.local/lib/python3.12/site-packages/airflow/example_dags/example_branch_operator_decorator.py took 0.143 seconds
[2025-12-16T18:35:46.734+0000] {processor.py:186} INFO - Started process (PID=3729) to work on /home/airflow/.local/lib/python3.12/site-packages/airflow/example_dags/example_branch_operator_decorator.py
[2025-12-16T18:35:46.735+0000] {processor.py:914} INFO - Processing file /home/airflow/.local/lib/python3.12/site-packages/airflow/example_dags/example_branch_operator_decorator.py for tasks to queue
[2025-12-16T18:35:46.738+0000] {logging_mixin.py:190} INFO - [2025-12-16T18:35:46.738+0000] {dagbag.py:588} INFO - Filling up the DagBag from /home/airflow/.local/lib/python3.12/site-packages/airflow/example_dags/example_branch_operator_decorator.py
[2025-12-16T18:35:46.765+0000] {processor.py:925} INFO - DAG(s) 'example_branch_python_operator_decorator' retrieved from /home/airflow/.local/lib/python3.12/site-packages/airflow/example_dags/example_branch_operator_decorator.py
[2025-12-16T18:35:46.801+0000] {logging_mixin.py:190} INFO - [2025-12-16T18:35:46.800+0000] {dag.py:3239} INFO - Sync 1 DAGs
[2025-12-16T18:35:46.831+0000] {logging_mixin.py:190} INFO - [2025-12-16T18:35:46.831+0000] {dag.py:4180} INFO - Setting next_dagrun for example_branch_python_operator_decorator to 2025-12-15 00:00:00+00:00, run_after=2025-12-16 00:00:00+00:00
[2025-12-16T18:35:46.852+0000] {processor.py:208} INFO - Processing /home/airflow/.local/lib/python3.12/site-packages/airflow/example_dags/example_branch_operator_decorator.py took 0.126 seconds
[2025-12-16T18:36:17.086+0000] {processor.py:186} INFO - Started process (PID=4020) to work on /home/airflow/.local/lib/python3.12/site-packages/airflow/example_dags/example_branch_operator_decorator.py
[2025-12-16T18:36:17.087+0000] {processor.py:914} INFO - Processing file /home/airflow/.local/lib/python3.12/site-packages/airflow/example_dags/example_branch_operator_decorator.py for tasks to queue
[2025-12-16T18:36:17.090+0000] {logging_mixin.py:190} INFO - [2025-12-16T18:36:17.090+0000] {dagbag.py:588} INFO - Filling up the DagBag from /home/airflow/.local/lib/python3.12/site-packages/airflow/example_dags/example_branch_operator_decorator.py
[2025-12-16T18:36:17.119+0000] {processor.py:925} INFO - DAG(s) 'example_branch_python_operator_decorator' retrieved from /home/airflow/.local/lib/python3.12/site-packages/airflow/example_dags/example_branch_operator_decorator.py
[2025-12-16T18:36:17.156+0000] {logging_mixin.py:190} INFO - [2025-12-16T18:36:17.155+0000] {dag.py:3239} INFO - Sync 1 DAGs
[2025-12-16T18:36:17.189+0000] {logging_mixin.py:190} INFO - [2025-12-16T18:36:17.188+0000] {dag.py:4180} INFO - Setting next_dagrun for example_branch_python_operator_decorator to 2025-12-15 00:00:00+00:00, run_after=2025-12-16 00:00:00+00:00
[2025-12-16T18:36:17.211+0000] {processor.py:208} INFO - Processing /home/airflow/.local/lib/python3.12/site-packages/airflow/example_dags/example_branch_operator_decorator.py took 0.133 seconds
[2025-12-16T18:36:48.138+0000] {processor.py:186} INFO - Started process (PID=4311) to work on /home/airflow/.local/lib/python3.12/site-packages/airflow/example_dags/example_branch_operator_decorator.py
[2025-12-16T18:36:48.139+0000] {processor.py:914} INFO - Processing file /home/airflow/.local/lib/python3.12/site-packages/airflow/example_dags/example_branch_operator_decorator.py for tasks to queue
[2025-12-16T18:36:48.142+0000] {logging_mixin.py:190} INFO - [2025-12-16T18:36:48.142+0000] {dagbag.py:588} INFO - Filling up the DagBag from /home/airflow/.local/lib/python3.12/site-packages/airflow/example_dags/example_branch_operator_decorator.py
[2025-12-16T18:36:48.170+0000] {processor.py:925} INFO - DAG(s) 'example_branch_python_operator_decorator' retrieved from /home/airflow/.local/lib/python3.12/site-packages/airflow/example_dags/example_branch_operator_decorator.py
[2025-12-16T18:36:48.208+0000] {logging_mixin.py:190} INFO - [2025-12-16T18:36:48.208+0000] {dag.py:3239} INFO - Sync 1 DAGs
[2025-12-16T18:36:48.240+0000] {logging_mixin.py:190} INFO - [2025-12-16T18:36:48.240+0000] {dag.py:4180} INFO - Setting next_dagrun for example_branch_python_operator_decorator to 2025-12-15 00:00:00+00:00, run_after=2025-12-16 00:00:00+00:00
[2025-12-16T18:36:48.262+0000] {processor.py:208} INFO - Processing /home/airflow/.local/lib/python3.12/site-packages/airflow/example_dags/example_branch_operator_decorator.py took 0.132 seconds
[2025-12-16T18:37:18.347+0000] {processor.py:186} INFO - Started process (PID=4602) to work on /home/airflow/.local/lib/python3.12/site-packages/airflow/example_dags/example_branch_operator_decorator.py
[2025-12-16T18:37:18.348+0000] {processor.py:914} INFO - Processing file /home/airflow/.local/lib/python3.12/site-packages/airflow/example_dags/example_branch_operator_decorator.py for tasks to queue
[2025-12-16T18:37:18.350+0000] {logging_mixin.py:190} INFO - [2025-12-16T18:37:18.350+0000] {dagbag.py:588} INFO - Filling up the DagBag from /home/airflow/.local/lib/python3.12/site-packages/airflow/example_dags/example_branch_operator_decorator.py
[2025-12-16T18:37:18.380+0000] {processor.py:925} INFO - DAG(s) 'example_branch_python_operator_decorator' retrieved from /home/airflow/.local/lib/python3.12/site-packages/airflow/example_dags/example_branch_operator_decorator.py
[2025-12-16T18:37:18.416+0000] {logging_mixin.py:190} INFO - [2025-12-16T18:37:18.416+0000] {dag.py:3239} INFO - Sync 1 DAGs
[2025-12-16T18:37:18.449+0000] {logging_mixin.py:190} INFO - [2025-12-16T18:37:18.449+0000] {dag.py:4180} INFO - Setting next_dagrun for example_branch_python_operator_decorator to 2025-12-15 00:00:00+00:00, run_after=2025-12-16 00:00:00+00:00
[2025-12-16T18:37:18.473+0000] {processor.py:208} INFO - Processing /home/airflow/.local/lib/python3.12/site-packages/airflow/example_dags/example_branch_operator_decorator.py took 0.136 seconds
[2025-12-16T18:37:49.344+0000] {processor.py:186} INFO - Started process (PID=4893) to work on /home/airflow/.local/lib/python3.12/site-packages/airflow/example_dags/example_branch_operator_decorator.py
[2025-12-16T18:37:49.346+0000] {processor.py:914} INFO - Processing file /home/airflow/.local/lib/python3.12/site-packages/airflow/example_dags/example_branch_operator_decorator.py for tasks to queue
[2025-12-16T18:37:49.349+0000] {logging_mixin.py:190} INFO - [2025-12-16T18:37:49.348+0000] {dagbag.py:588} INFO - Filling up the DagBag from /home/airflow/.local/lib/python3.12/site-packages/airflow/example_dags/example_branch_operator_decorator.py
[2025-12-16T18:37:49.379+0000] {processor.py:925} INFO - DAG(s) 'example_branch_python_operator_decorator' retrieved from /home/airflow/.local/lib/python3.12/site-packages/airflow/example_dags/example_branch_operator_decorator.py
[2025-12-16T18:37:49.414+0000] {logging_mixin.py:190} INFO - [2025-12-16T18:37:49.414+0000] {dag.py:3239} INFO - Sync 1 DAGs
[2025-12-16T18:37:49.446+0000] {logging_mixin.py:190} INFO - [2025-12-16T18:37:49.446+0000] {dag.py:4180} INFO - Setting next_dagrun for example_branch_python_operator_decorator to 2025-12-15 00:00:00+00:00, run_after=2025-12-16 00:00:00+00:00
[2025-12-16T18:37:49.469+0000] {processor.py:208} INFO - Processing /home/airflow/.local/lib/python3.12/site-packages/airflow/example_dags/example_branch_operator_decorator.py took 0.134 seconds
[2025-12-16T18:38:20.103+0000] {processor.py:186} INFO - Started process (PID=5184) to work on /home/airflow/.local/lib/python3.12/site-packages/airflow/example_dags/example_branch_operator_decorator.py
[2025-12-16T18:38:20.104+0000] {processor.py:914} INFO - Processing file /home/airflow/.local/lib/python3.12/site-packages/airflow/example_dags/example_branch_operator_decorator.py for tasks to queue
[2025-12-16T18:38:20.106+0000] {logging_mixin.py:190} INFO - [2025-12-16T18:38:20.106+0000] {dagbag.py:588} INFO - Filling up the DagBag from /home/airflow/.local/lib/python3.12/site-packages/airflow/example_dags/example_branch_operator_decorator.py
[2025-12-16T18:38:20.132+0000] {processor.py:925} INFO - DAG(s) 'example_branch_python_operator_decorator' retrieved from /home/airflow/.local/lib/python3.12/site-packages/airflow/example_dags/example_branch_operator_decorator.py
[2025-12-16T18:38:20.166+0000] {logging_mixin.py:190} INFO - [2025-12-16T18:38:20.166+0000] {dag.py:3239} INFO - Sync 1 DAGs
[2025-12-16T18:38:20.196+0000] {logging_mixin.py:190} INFO - [2025-12-16T18:38:20.195+0000] {dag.py:4180} INFO - Setting next_dagrun for example_branch_python_operator_decorator to 2025-12-15 00:00:00+00:00, run_after=2025-12-16 00:00:00+00:00
[2025-12-16T18:38:20.215+0000] {processor.py:208} INFO - Processing /home/airflow/.local/lib/python3.12/site-packages/airflow/example_dags/example_branch_operator_decorator.py took 0.119 seconds
[2025-12-16T18:38:50.844+0000] {processor.py:186} INFO - Started process (PID=5475) to work on /home/airflow/.local/lib/python3.12/site-packages/airflow/example_dags/example_branch_operator_decorator.py
[2025-12-16T18:38:50.845+0000] {processor.py:914} INFO - Processing file /home/airflow/.local/lib/python3.12/site-packages/airflow/example_dags/example_branch_operator_decorator.py for tasks to queue
[2025-12-16T18:38:50.848+0000] {logging_mixin.py:190} INFO - [2025-12-16T18:38:50.847+0000] {dagbag.py:588} INFO - Filling up the DagBag from /home/airflow/.local/lib/python3.12/site-packages/airflow/example_dags/example_branch_operator_decorator.py
[2025-12-16T18:38:50.874+0000] {processor.py:925} INFO - DAG(s) 'example_branch_python_operator_decorator' retrieved from /home/airflow/.local/lib/python3.12/site-packages/airflow/example_dags/example_branch_operator_decorator.py
[2025-12-16T18:38:50.907+0000] {logging_mixin.py:190} INFO - [2025-12-16T18:38:50.907+0000] {dag.py:3239} INFO - Sync 1 DAGs
[2025-12-16T18:38:50.937+0000] {logging_mixin.py:190} INFO - [2025-12-16T18:38:50.937+0000] {dag.py:4180} INFO - Setting next_dagrun for example_branch_python_operator_decorator to 2025-12-15 00:00:00+00:00, run_after=2025-12-16 00:00:00+00:00
[2025-12-16T18:38:50.990+0000] {processor.py:208} INFO - Processing /home/airflow/.local/lib/python3.12/site-packages/airflow/example_dags/example_branch_operator_decorator.py took 0.154 seconds
[2025-12-16T18:39:21.662+0000] {processor.py:186} INFO - Started process (PID=5766) to work on /home/airflow/.local/lib/python3.12/site-packages/airflow/example_dags/example_branch_operator_decorator.py
[2025-12-16T18:39:21.663+0000] {processor.py:914} INFO - Processing file /home/airflow/.local/lib/python3.12/site-packages/airflow/example_dags/example_branch_operator_decorator.py for tasks to queue
[2025-12-16T18:39:21.666+0000] {logging_mixin.py:190} INFO - [2025-12-16T18:39:21.666+0000] {dagbag.py:588} INFO - Filling up the DagBag from /home/airflow/.local/lib/python3.12/site-packages/airflow/example_dags/example_branch_operator_decorator.py
[2025-12-16T18:39:21.697+0000] {processor.py:925} INFO - DAG(s) 'example_branch_python_operator_decorator' retrieved from /home/airflow/.local/lib/python3.12/site-packages/airflow/example_dags/example_branch_operator_decorator.py
[2025-12-16T18:39:21.733+0000] {logging_mixin.py:190} INFO - [2025-12-16T18:39:21.733+0000] {dag.py:3239} INFO - Sync 1 DAGs
[2025-12-16T18:39:21.764+0000] {logging_mixin.py:190} INFO - [2025-12-16T18:39:21.763+0000] {dag.py:4180} INFO - Setting next_dagrun for example_branch_python_operator_decorator to 2025-12-15 00:00:00+00:00, run_after=2025-12-16 00:00:00+00:00
[2025-12-16T18:39:21.784+0000] {processor.py:208} INFO - Processing /home/airflow/.local/lib/python3.12/site-packages/airflow/example_dags/example_branch_operator_decorator.py took 0.130 seconds
[2025-12-16T18:39:51.939+0000] {processor.py:186} INFO - Started process (PID=6057) to work on /home/airflow/.local/lib/python3.12/site-packages/airflow/example_dags/example_branch_operator_decorator.py
[2025-12-16T18:39:51.940+0000] {processor.py:914} INFO - Processing file /home/airflow/.local/lib/python3.12/site-packages/airflow/example_dags/example_branch_operator_decorator.py for tasks to queue
[2025-12-16T18:39:51.942+0000] {logging_mixin.py:190} INFO - [2025-12-16T18:39:51.942+0000] {dagbag.py:588} INFO - Filling up the DagBag from /home/airflow/.local/lib/python3.12/site-packages/airflow/example_dags/example_branch_operator_decorator.py
[2025-12-16T18:39:51.969+0000] {processor.py:925} INFO - DAG(s) 'example_branch_python_operator_decorator' retrieved from /home/airflow/.local/lib/python3.12/site-packages/airflow/example_dags/example_branch_operator_decorator.py
[2025-12-16T18:39:52.002+0000] {logging_mixin.py:190} INFO - [2025-12-16T18:39:52.001+0000] {dag.py:3239} INFO - Sync 1 DAGs
[2025-12-16T18:39:52.030+0000] {logging_mixin.py:190} INFO - [2025-12-16T18:39:52.030+0000] {dag.py:4180} INFO - Setting next_dagrun for example_branch_python_operator_decorator to 2025-12-15 00:00:00+00:00, run_after=2025-12-16 00:00:00+00:00
[2025-12-16T18:39:52.050+0000] {processor.py:208} INFO - Processing /home/airflow/.local/lib/python3.12/site-packages/airflow/example_dags/example_branch_operator_decorator.py took 0.119 seconds
[2025-12-16T18:40:22.332+0000] {processor.py:186} INFO - Started process (PID=6348) to work on /home/airflow/.local/lib/python3.12/site-packages/airflow/example_dags/example_branch_operator_decorator.py
[2025-12-16T18:40:22.334+0000] {processor.py:914} INFO - Processing file /home/airflow/.local/lib/python3.12/site-packages/airflow/example_dags/example_branch_operator_decorator.py for tasks to queue
[2025-12-16T18:40:22.336+0000] {logging_mixin.py:190} INFO - [2025-12-16T18:40:22.336+0000] {dagbag.py:588} INFO - Filling up the DagBag from /home/airflow/.local/lib/python3.12/site-packages/airflow/example_dags/example_branch_operator_decorator.py
[2025-12-16T18:40:22.366+0000] {processor.py:925} INFO - DAG(s) 'example_branch_python_operator_decorator' retrieved from /home/airflow/.local/lib/python3.12/site-packages/airflow/example_dags/example_branch_operator_decorator.py
[2025-12-16T18:40:22.405+0000] {logging_mixin.py:190} INFO - [2025-12-16T18:40:22.405+0000] {dag.py:3239} INFO - Sync 1 DAGs
[2025-12-16T18:40:22.438+0000] {logging_mixin.py:190} INFO - [2025-12-16T18:40:22.438+0000] {dag.py:4180} INFO - Setting next_dagrun for example_branch_python_operator_decorator to 2025-12-15 00:00:00+00:00, run_after=2025-12-16 00:00:00+00:00
[2025-12-16T18:40:22.461+0000] {processor.py:208} INFO - Processing /home/airflow/.local/lib/python3.12/site-packages/airflow/example_dags/example_branch_operator_decorator.py took 0.138 seconds
