[2025-12-16T18:26:44.541+0000] {processor.py:186} INFO - Started process (PID=287) to work on /home/airflow/.local/lib/python3.12/site-packages/airflow/example_dags/example_external_task_marker_dag.py
[2025-12-16T18:26:44.542+0000] {processor.py:914} INFO - Processing file /home/airflow/.local/lib/python3.12/site-packages/airflow/example_dags/example_external_task_marker_dag.py for tasks to queue
[2025-12-16T18:26:44.545+0000] {logging_mixin.py:190} INFO - [2025-12-16T18:26:44.545+0000] {dagbag.py:588} INFO - Filling up the DagBag from /home/airflow/.local/lib/python3.12/site-packages/airflow/example_dags/example_external_task_marker_dag.py
[2025-12-16T18:26:44.558+0000] {processor.py:925} INFO - DAG(s) 'example_external_task_marker_parent', 'example_external_task_marker_child' retrieved from /home/airflow/.local/lib/python3.12/site-packages/airflow/example_dags/example_external_task_marker_dag.py
[2025-12-16T18:26:44.693+0000] {logging_mixin.py:190} INFO - [2025-12-16T18:26:44.693+0000] {override.py:1911} INFO - Created Permission View: can read on DAG:example_external_task_marker_parent
[2025-12-16T18:26:44.705+0000] {logging_mixin.py:190} INFO - [2025-12-16T18:26:44.705+0000] {override.py:1911} INFO - Created Permission View: can delete on DAG:example_external_task_marker_parent
[2025-12-16T18:26:44.712+0000] {logging_mixin.py:190} INFO - [2025-12-16T18:26:44.712+0000] {override.py:1911} INFO - Created Permission View: can edit on DAG:example_external_task_marker_parent
[2025-12-16T18:26:44.721+0000] {logging_mixin.py:190} INFO - [2025-12-16T18:26:44.720+0000] {override.py:1911} INFO - Created Permission View: can read on DAG Run:example_external_task_marker_parent
[2025-12-16T18:26:44.728+0000] {logging_mixin.py:190} INFO - [2025-12-16T18:26:44.727+0000] {override.py:1911} INFO - Created Permission View: can create on DAG Run:example_external_task_marker_parent
[2025-12-16T18:26:44.735+0000] {logging_mixin.py:190} INFO - [2025-12-16T18:26:44.735+0000] {override.py:1911} INFO - Created Permission View: menu access on DAG Run:example_external_task_marker_parent
[2025-12-16T18:26:44.742+0000] {logging_mixin.py:190} INFO - [2025-12-16T18:26:44.741+0000] {override.py:1911} INFO - Created Permission View: can delete on DAG Run:example_external_task_marker_parent
[2025-12-16T18:26:44.759+0000] {logging_mixin.py:190} INFO - [2025-12-16T18:26:44.759+0000] {override.py:1911} INFO - Created Permission View: can read on DAG:example_external_task_marker_child
[2025-12-16T18:26:44.768+0000] {logging_mixin.py:190} INFO - [2025-12-16T18:26:44.768+0000] {override.py:1911} INFO - Created Permission View: can delete on DAG:example_external_task_marker_child
[2025-12-16T18:26:44.775+0000] {logging_mixin.py:190} INFO - [2025-12-16T18:26:44.775+0000] {override.py:1911} INFO - Created Permission View: can edit on DAG:example_external_task_marker_child
[2025-12-16T18:26:44.784+0000] {logging_mixin.py:190} INFO - [2025-12-16T18:26:44.783+0000] {override.py:1911} INFO - Created Permission View: can read on DAG Run:example_external_task_marker_child
[2025-12-16T18:26:44.791+0000] {logging_mixin.py:190} INFO - [2025-12-16T18:26:44.790+0000] {override.py:1911} INFO - Created Permission View: can create on DAG Run:example_external_task_marker_child
[2025-12-16T18:26:44.798+0000] {logging_mixin.py:190} INFO - [2025-12-16T18:26:44.798+0000] {override.py:1911} INFO - Created Permission View: menu access on DAG Run:example_external_task_marker_child
[2025-12-16T18:26:44.806+0000] {logging_mixin.py:190} INFO - [2025-12-16T18:26:44.805+0000] {override.py:1911} INFO - Created Permission View: can delete on DAG Run:example_external_task_marker_child
[2025-12-16T18:26:44.806+0000] {logging_mixin.py:190} INFO - [2025-12-16T18:26:44.806+0000] {dag.py:3239} INFO - Sync 2 DAGs
[2025-12-16T18:26:44.822+0000] {logging_mixin.py:190} INFO - [2025-12-16T18:26:44.821+0000] {dag.py:3262} INFO - Creating ORM DAG for example_external_task_marker_child
[2025-12-16T18:26:44.823+0000] {logging_mixin.py:190} INFO - [2025-12-16T18:26:44.822+0000] {dag.py:3262} INFO - Creating ORM DAG for example_external_task_marker_parent
[2025-12-16T18:26:44.823+0000] {logging_mixin.py:190} INFO - [2025-12-16T18:26:44.823+0000] {dag.py:4180} INFO - Setting next_dagrun for example_external_task_marker_child to None, run_after=None
[2025-12-16T18:26:44.824+0000] {logging_mixin.py:190} INFO - [2025-12-16T18:26:44.824+0000] {dag.py:4180} INFO - Setting next_dagrun for example_external_task_marker_parent to None, run_after=None
[2025-12-16T18:26:44.844+0000] {processor.py:208} INFO - Processing /home/airflow/.local/lib/python3.12/site-packages/airflow/example_dags/example_external_task_marker_dag.py took 0.312 seconds
[2025-12-16T18:27:15.688+0000] {processor.py:186} INFO - Started process (PID=578) to work on /home/airflow/.local/lib/python3.12/site-packages/airflow/example_dags/example_external_task_marker_dag.py
[2025-12-16T18:27:15.689+0000] {processor.py:914} INFO - Processing file /home/airflow/.local/lib/python3.12/site-packages/airflow/example_dags/example_external_task_marker_dag.py for tasks to queue
[2025-12-16T18:27:15.692+0000] {logging_mixin.py:190} INFO - [2025-12-16T18:27:15.691+0000] {dagbag.py:588} INFO - Filling up the DagBag from /home/airflow/.local/lib/python3.12/site-packages/airflow/example_dags/example_external_task_marker_dag.py
[2025-12-16T18:27:15.702+0000] {processor.py:925} INFO - DAG(s) 'example_external_task_marker_child', 'example_external_task_marker_parent' retrieved from /home/airflow/.local/lib/python3.12/site-packages/airflow/example_dags/example_external_task_marker_dag.py
[2025-12-16T18:27:15.734+0000] {logging_mixin.py:190} INFO - [2025-12-16T18:27:15.734+0000] {dag.py:3239} INFO - Sync 2 DAGs
[2025-12-16T18:27:15.753+0000] {logging_mixin.py:190} INFO - [2025-12-16T18:27:15.753+0000] {dag.py:4180} INFO - Setting next_dagrun for example_external_task_marker_child to None, run_after=None
[2025-12-16T18:27:15.757+0000] {logging_mixin.py:190} INFO - [2025-12-16T18:27:15.757+0000] {dag.py:4180} INFO - Setting next_dagrun for example_external_task_marker_parent to None, run_after=None
[2025-12-16T18:27:15.775+0000] {processor.py:208} INFO - Processing /home/airflow/.local/lib/python3.12/site-packages/airflow/example_dags/example_external_task_marker_dag.py took 0.095 seconds
[2025-12-16T18:27:46.453+0000] {processor.py:186} INFO - Started process (PID=866) to work on /home/airflow/.local/lib/python3.12/site-packages/airflow/example_dags/example_external_task_marker_dag.py
[2025-12-16T18:27:46.454+0000] {processor.py:914} INFO - Processing file /home/airflow/.local/lib/python3.12/site-packages/airflow/example_dags/example_external_task_marker_dag.py for tasks to queue
[2025-12-16T18:27:46.457+0000] {logging_mixin.py:190} INFO - [2025-12-16T18:27:46.457+0000] {dagbag.py:588} INFO - Filling up the DagBag from /home/airflow/.local/lib/python3.12/site-packages/airflow/example_dags/example_external_task_marker_dag.py
[2025-12-16T18:27:46.467+0000] {processor.py:925} INFO - DAG(s) 'example_external_task_marker_child', 'example_external_task_marker_parent' retrieved from /home/airflow/.local/lib/python3.12/site-packages/airflow/example_dags/example_external_task_marker_dag.py
[2025-12-16T18:27:46.497+0000] {logging_mixin.py:190} INFO - [2025-12-16T18:27:46.497+0000] {dag.py:3239} INFO - Sync 2 DAGs
[2025-12-16T18:27:46.517+0000] {logging_mixin.py:190} INFO - [2025-12-16T18:27:46.517+0000] {dag.py:4180} INFO - Setting next_dagrun for example_external_task_marker_child to None, run_after=None
[2025-12-16T18:27:46.523+0000] {logging_mixin.py:190} INFO - [2025-12-16T18:27:46.522+0000] {dag.py:4180} INFO - Setting next_dagrun for example_external_task_marker_parent to None, run_after=None
[2025-12-16T18:27:46.543+0000] {processor.py:208} INFO - Processing /home/airflow/.local/lib/python3.12/site-packages/airflow/example_dags/example_external_task_marker_dag.py took 0.099 seconds
[2025-12-16T18:29:40.819+0000] {processor.py:186} INFO - Started process (PID=281) to work on /home/airflow/.local/lib/python3.12/site-packages/airflow/example_dags/example_external_task_marker_dag.py
[2025-12-16T18:29:40.820+0000] {processor.py:914} INFO - Processing file /home/airflow/.local/lib/python3.12/site-packages/airflow/example_dags/example_external_task_marker_dag.py for tasks to queue
[2025-12-16T18:29:40.823+0000] {logging_mixin.py:190} INFO - [2025-12-16T18:29:40.823+0000] {dagbag.py:588} INFO - Filling up the DagBag from /home/airflow/.local/lib/python3.12/site-packages/airflow/example_dags/example_external_task_marker_dag.py
[2025-12-16T18:29:40.835+0000] {processor.py:925} INFO - DAG(s) 'example_external_task_marker_child', 'example_external_task_marker_parent' retrieved from /home/airflow/.local/lib/python3.12/site-packages/airflow/example_dags/example_external_task_marker_dag.py
[2025-12-16T18:29:40.863+0000] {logging_mixin.py:190} INFO - [2025-12-16T18:29:40.863+0000] {dag.py:3239} INFO - Sync 2 DAGs
[2025-12-16T18:29:40.883+0000] {logging_mixin.py:190} INFO - [2025-12-16T18:29:40.882+0000] {dag.py:4180} INFO - Setting next_dagrun for example_external_task_marker_child to None, run_after=None
[2025-12-16T18:29:40.887+0000] {logging_mixin.py:190} INFO - [2025-12-16T18:29:40.887+0000] {dag.py:4180} INFO - Setting next_dagrun for example_external_task_marker_parent to None, run_after=None
[2025-12-16T18:29:40.907+0000] {processor.py:208} INFO - Processing /home/airflow/.local/lib/python3.12/site-packages/airflow/example_dags/example_external_task_marker_dag.py took 0.095 seconds
[2025-12-16T18:30:12.885+0000] {processor.py:186} INFO - Started process (PID=580) to work on /home/airflow/.local/lib/python3.12/site-packages/airflow/example_dags/example_external_task_marker_dag.py
[2025-12-16T18:30:12.887+0000] {processor.py:914} INFO - Processing file /home/airflow/.local/lib/python3.12/site-packages/airflow/example_dags/example_external_task_marker_dag.py for tasks to queue
[2025-12-16T18:30:12.889+0000] {logging_mixin.py:190} INFO - [2025-12-16T18:30:12.889+0000] {dagbag.py:588} INFO - Filling up the DagBag from /home/airflow/.local/lib/python3.12/site-packages/airflow/example_dags/example_external_task_marker_dag.py
[2025-12-16T18:30:12.899+0000] {processor.py:925} INFO - DAG(s) 'example_external_task_marker_child', 'example_external_task_marker_parent' retrieved from /home/airflow/.local/lib/python3.12/site-packages/airflow/example_dags/example_external_task_marker_dag.py
[2025-12-16T18:30:12.924+0000] {logging_mixin.py:190} INFO - [2025-12-16T18:30:12.924+0000] {dag.py:3239} INFO - Sync 2 DAGs
[2025-12-16T18:30:12.943+0000] {logging_mixin.py:190} INFO - [2025-12-16T18:30:12.943+0000] {dag.py:4180} INFO - Setting next_dagrun for example_external_task_marker_child to None, run_after=None
[2025-12-16T18:30:12.948+0000] {logging_mixin.py:190} INFO - [2025-12-16T18:30:12.947+0000] {dag.py:4180} INFO - Setting next_dagrun for example_external_task_marker_parent to None, run_after=None
[2025-12-16T18:30:12.965+0000] {processor.py:208} INFO - Processing /home/airflow/.local/lib/python3.12/site-packages/airflow/example_dags/example_external_task_marker_dag.py took 0.086 seconds
[2025-12-16T18:30:43.253+0000] {processor.py:186} INFO - Started process (PID=869) to work on /home/airflow/.local/lib/python3.12/site-packages/airflow/example_dags/example_external_task_marker_dag.py
[2025-12-16T18:30:43.254+0000] {processor.py:914} INFO - Processing file /home/airflow/.local/lib/python3.12/site-packages/airflow/example_dags/example_external_task_marker_dag.py for tasks to queue
[2025-12-16T18:30:43.257+0000] {logging_mixin.py:190} INFO - [2025-12-16T18:30:43.257+0000] {dagbag.py:588} INFO - Filling up the DagBag from /home/airflow/.local/lib/python3.12/site-packages/airflow/example_dags/example_external_task_marker_dag.py
[2025-12-16T18:30:43.268+0000] {processor.py:925} INFO - DAG(s) 'example_external_task_marker_parent', 'example_external_task_marker_child' retrieved from /home/airflow/.local/lib/python3.12/site-packages/airflow/example_dags/example_external_task_marker_dag.py
[2025-12-16T18:30:43.298+0000] {logging_mixin.py:190} INFO - [2025-12-16T18:30:43.298+0000] {dag.py:3239} INFO - Sync 2 DAGs
[2025-12-16T18:30:43.316+0000] {logging_mixin.py:190} INFO - [2025-12-16T18:30:43.316+0000] {dag.py:4180} INFO - Setting next_dagrun for example_external_task_marker_child to None, run_after=None
[2025-12-16T18:30:43.321+0000] {logging_mixin.py:190} INFO - [2025-12-16T18:30:43.320+0000] {dag.py:4180} INFO - Setting next_dagrun for example_external_task_marker_parent to None, run_after=None
[2025-12-16T18:30:43.338+0000] {processor.py:208} INFO - Processing /home/airflow/.local/lib/python3.12/site-packages/airflow/example_dags/example_external_task_marker_dag.py took 0.092 seconds
[2025-12-16T18:31:15.298+0000] {processor.py:186} INFO - Started process (PID=1162) to work on /home/airflow/.local/lib/python3.12/site-packages/airflow/example_dags/example_external_task_marker_dag.py
[2025-12-16T18:31:15.300+0000] {processor.py:914} INFO - Processing file /home/airflow/.local/lib/python3.12/site-packages/airflow/example_dags/example_external_task_marker_dag.py for tasks to queue
[2025-12-16T18:31:15.303+0000] {logging_mixin.py:190} INFO - [2025-12-16T18:31:15.302+0000] {dagbag.py:588} INFO - Filling up the DagBag from /home/airflow/.local/lib/python3.12/site-packages/airflow/example_dags/example_external_task_marker_dag.py
[2025-12-16T18:31:15.313+0000] {processor.py:925} INFO - DAG(s) 'example_external_task_marker_child', 'example_external_task_marker_parent' retrieved from /home/airflow/.local/lib/python3.12/site-packages/airflow/example_dags/example_external_task_marker_dag.py
[2025-12-16T18:31:15.341+0000] {logging_mixin.py:190} INFO - [2025-12-16T18:31:15.341+0000] {dag.py:3239} INFO - Sync 2 DAGs
[2025-12-16T18:31:15.360+0000] {logging_mixin.py:190} INFO - [2025-12-16T18:31:15.360+0000] {dag.py:4180} INFO - Setting next_dagrun for example_external_task_marker_child to None, run_after=None
[2025-12-16T18:31:15.364+0000] {logging_mixin.py:190} INFO - [2025-12-16T18:31:15.364+0000] {dag.py:4180} INFO - Setting next_dagrun for example_external_task_marker_parent to None, run_after=None
[2025-12-16T18:31:15.382+0000] {processor.py:208} INFO - Processing /home/airflow/.local/lib/python3.12/site-packages/airflow/example_dags/example_external_task_marker_dag.py took 0.091 seconds
[2025-12-16T18:31:45.611+0000] {processor.py:186} INFO - Started process (PID=1451) to work on /home/airflow/.local/lib/python3.12/site-packages/airflow/example_dags/example_external_task_marker_dag.py
[2025-12-16T18:31:45.612+0000] {processor.py:914} INFO - Processing file /home/airflow/.local/lib/python3.12/site-packages/airflow/example_dags/example_external_task_marker_dag.py for tasks to queue
[2025-12-16T18:31:45.615+0000] {logging_mixin.py:190} INFO - [2025-12-16T18:31:45.615+0000] {dagbag.py:588} INFO - Filling up the DagBag from /home/airflow/.local/lib/python3.12/site-packages/airflow/example_dags/example_external_task_marker_dag.py
[2025-12-16T18:31:45.627+0000] {processor.py:925} INFO - DAG(s) 'example_external_task_marker_parent', 'example_external_task_marker_child' retrieved from /home/airflow/.local/lib/python3.12/site-packages/airflow/example_dags/example_external_task_marker_dag.py
[2025-12-16T18:31:45.656+0000] {logging_mixin.py:190} INFO - [2025-12-16T18:31:45.656+0000] {dag.py:3239} INFO - Sync 2 DAGs
[2025-12-16T18:31:45.676+0000] {logging_mixin.py:190} INFO - [2025-12-16T18:31:45.675+0000] {dag.py:4180} INFO - Setting next_dagrun for example_external_task_marker_child to None, run_after=None
[2025-12-16T18:31:45.680+0000] {logging_mixin.py:190} INFO - [2025-12-16T18:31:45.680+0000] {dag.py:4180} INFO - Setting next_dagrun for example_external_task_marker_parent to None, run_after=None
[2025-12-16T18:31:45.703+0000] {processor.py:208} INFO - Processing /home/airflow/.local/lib/python3.12/site-packages/airflow/example_dags/example_external_task_marker_dag.py took 0.099 seconds
[2025-12-16T18:32:16.791+0000] {processor.py:186} INFO - Started process (PID=1742) to work on /home/airflow/.local/lib/python3.12/site-packages/airflow/example_dags/example_external_task_marker_dag.py
[2025-12-16T18:32:16.792+0000] {processor.py:914} INFO - Processing file /home/airflow/.local/lib/python3.12/site-packages/airflow/example_dags/example_external_task_marker_dag.py for tasks to queue
[2025-12-16T18:32:16.795+0000] {logging_mixin.py:190} INFO - [2025-12-16T18:32:16.794+0000] {dagbag.py:588} INFO - Filling up the DagBag from /home/airflow/.local/lib/python3.12/site-packages/airflow/example_dags/example_external_task_marker_dag.py
[2025-12-16T18:32:16.807+0000] {processor.py:925} INFO - DAG(s) 'example_external_task_marker_child', 'example_external_task_marker_parent' retrieved from /home/airflow/.local/lib/python3.12/site-packages/airflow/example_dags/example_external_task_marker_dag.py
[2025-12-16T18:32:16.837+0000] {logging_mixin.py:190} INFO - [2025-12-16T18:32:16.836+0000] {dag.py:3239} INFO - Sync 2 DAGs
[2025-12-16T18:32:16.858+0000] {logging_mixin.py:190} INFO - [2025-12-16T18:32:16.857+0000] {dag.py:4180} INFO - Setting next_dagrun for example_external_task_marker_child to None, run_after=None
[2025-12-16T18:32:16.864+0000] {logging_mixin.py:190} INFO - [2025-12-16T18:32:16.863+0000] {dag.py:4180} INFO - Setting next_dagrun for example_external_task_marker_parent to None, run_after=None
[2025-12-16T18:32:16.886+0000] {processor.py:208} INFO - Processing /home/airflow/.local/lib/python3.12/site-packages/airflow/example_dags/example_external_task_marker_dag.py took 0.103 seconds
[2025-12-16T18:32:47.949+0000] {processor.py:186} INFO - Started process (PID=2033) to work on /home/airflow/.local/lib/python3.12/site-packages/airflow/example_dags/example_external_task_marker_dag.py
[2025-12-16T18:32:47.950+0000] {processor.py:914} INFO - Processing file /home/airflow/.local/lib/python3.12/site-packages/airflow/example_dags/example_external_task_marker_dag.py for tasks to queue
[2025-12-16T18:32:47.953+0000] {logging_mixin.py:190} INFO - [2025-12-16T18:32:47.952+0000] {dagbag.py:588} INFO - Filling up the DagBag from /home/airflow/.local/lib/python3.12/site-packages/airflow/example_dags/example_external_task_marker_dag.py
[2025-12-16T18:32:47.963+0000] {processor.py:925} INFO - DAG(s) 'example_external_task_marker_child', 'example_external_task_marker_parent' retrieved from /home/airflow/.local/lib/python3.12/site-packages/airflow/example_dags/example_external_task_marker_dag.py
[2025-12-16T18:32:47.991+0000] {logging_mixin.py:190} INFO - [2025-12-16T18:32:47.991+0000] {dag.py:3239} INFO - Sync 2 DAGs
[2025-12-16T18:32:48.010+0000] {logging_mixin.py:190} INFO - [2025-12-16T18:32:48.010+0000] {dag.py:4180} INFO - Setting next_dagrun for example_external_task_marker_child to None, run_after=None
[2025-12-16T18:32:48.015+0000] {logging_mixin.py:190} INFO - [2025-12-16T18:32:48.015+0000] {dag.py:4180} INFO - Setting next_dagrun for example_external_task_marker_parent to None, run_after=None
[2025-12-16T18:32:48.033+0000] {processor.py:208} INFO - Processing /home/airflow/.local/lib/python3.12/site-packages/airflow/example_dags/example_external_task_marker_dag.py took 0.092 seconds
[2025-12-16T18:33:19.274+0000] {processor.py:186} INFO - Started process (PID=2321) to work on /home/airflow/.local/lib/python3.12/site-packages/airflow/example_dags/example_external_task_marker_dag.py
[2025-12-16T18:33:19.275+0000] {processor.py:914} INFO - Processing file /home/airflow/.local/lib/python3.12/site-packages/airflow/example_dags/example_external_task_marker_dag.py for tasks to queue
[2025-12-16T18:33:19.278+0000] {logging_mixin.py:190} INFO - [2025-12-16T18:33:19.278+0000] {dagbag.py:588} INFO - Filling up the DagBag from /home/airflow/.local/lib/python3.12/site-packages/airflow/example_dags/example_external_task_marker_dag.py
[2025-12-16T18:33:19.288+0000] {processor.py:925} INFO - DAG(s) 'example_external_task_marker_parent', 'example_external_task_marker_child' retrieved from /home/airflow/.local/lib/python3.12/site-packages/airflow/example_dags/example_external_task_marker_dag.py
[2025-12-16T18:33:19.314+0000] {logging_mixin.py:190} INFO - [2025-12-16T18:33:19.314+0000] {dag.py:3239} INFO - Sync 2 DAGs
[2025-12-16T18:33:19.332+0000] {logging_mixin.py:190} INFO - [2025-12-16T18:33:19.332+0000] {dag.py:4180} INFO - Setting next_dagrun for example_external_task_marker_child to None, run_after=None
[2025-12-16T18:33:19.336+0000] {logging_mixin.py:190} INFO - [2025-12-16T18:33:19.336+0000] {dag.py:4180} INFO - Setting next_dagrun for example_external_task_marker_parent to None, run_after=None
[2025-12-16T18:33:19.355+0000] {processor.py:208} INFO - Processing /home/airflow/.local/lib/python3.12/site-packages/airflow/example_dags/example_external_task_marker_dag.py took 0.088 seconds
[2025-12-16T18:33:50.281+0000] {processor.py:186} INFO - Started process (PID=2612) to work on /home/airflow/.local/lib/python3.12/site-packages/airflow/example_dags/example_external_task_marker_dag.py
[2025-12-16T18:33:50.282+0000] {processor.py:914} INFO - Processing file /home/airflow/.local/lib/python3.12/site-packages/airflow/example_dags/example_external_task_marker_dag.py for tasks to queue
[2025-12-16T18:33:50.285+0000] {logging_mixin.py:190} INFO - [2025-12-16T18:33:50.285+0000] {dagbag.py:588} INFO - Filling up the DagBag from /home/airflow/.local/lib/python3.12/site-packages/airflow/example_dags/example_external_task_marker_dag.py
[2025-12-16T18:33:50.295+0000] {processor.py:925} INFO - DAG(s) 'example_external_task_marker_child', 'example_external_task_marker_parent' retrieved from /home/airflow/.local/lib/python3.12/site-packages/airflow/example_dags/example_external_task_marker_dag.py
[2025-12-16T18:33:50.321+0000] {logging_mixin.py:190} INFO - [2025-12-16T18:33:50.321+0000] {dag.py:3239} INFO - Sync 2 DAGs
[2025-12-16T18:33:50.340+0000] {logging_mixin.py:190} INFO - [2025-12-16T18:33:50.340+0000] {dag.py:4180} INFO - Setting next_dagrun for example_external_task_marker_child to None, run_after=None
[2025-12-16T18:33:50.344+0000] {logging_mixin.py:190} INFO - [2025-12-16T18:33:50.344+0000] {dag.py:4180} INFO - Setting next_dagrun for example_external_task_marker_parent to None, run_after=None
[2025-12-16T18:33:50.361+0000] {processor.py:208} INFO - Processing /home/airflow/.local/lib/python3.12/site-packages/airflow/example_dags/example_external_task_marker_dag.py took 0.087 seconds
[2025-12-16T18:34:21.212+0000] {processor.py:186} INFO - Started process (PID=2901) to work on /home/airflow/.local/lib/python3.12/site-packages/airflow/example_dags/example_external_task_marker_dag.py
[2025-12-16T18:34:21.213+0000] {processor.py:914} INFO - Processing file /home/airflow/.local/lib/python3.12/site-packages/airflow/example_dags/example_external_task_marker_dag.py for tasks to queue
[2025-12-16T18:34:21.216+0000] {logging_mixin.py:190} INFO - [2025-12-16T18:34:21.216+0000] {dagbag.py:588} INFO - Filling up the DagBag from /home/airflow/.local/lib/python3.12/site-packages/airflow/example_dags/example_external_task_marker_dag.py
[2025-12-16T18:34:21.226+0000] {processor.py:925} INFO - DAG(s) 'example_external_task_marker_parent', 'example_external_task_marker_child' retrieved from /home/airflow/.local/lib/python3.12/site-packages/airflow/example_dags/example_external_task_marker_dag.py
[2025-12-16T18:34:21.253+0000] {logging_mixin.py:190} INFO - [2025-12-16T18:34:21.253+0000] {dag.py:3239} INFO - Sync 2 DAGs
[2025-12-16T18:34:21.274+0000] {logging_mixin.py:190} INFO - [2025-12-16T18:34:21.273+0000] {dag.py:4180} INFO - Setting next_dagrun for example_external_task_marker_child to None, run_after=None
[2025-12-16T18:34:21.278+0000] {logging_mixin.py:190} INFO - [2025-12-16T18:34:21.278+0000] {dag.py:4180} INFO - Setting next_dagrun for example_external_task_marker_parent to None, run_after=None
[2025-12-16T18:34:21.296+0000] {processor.py:208} INFO - Processing /home/airflow/.local/lib/python3.12/site-packages/airflow/example_dags/example_external_task_marker_dag.py took 0.091 seconds
[2025-12-16T18:34:52.416+0000] {processor.py:186} INFO - Started process (PID=3197) to work on /home/airflow/.local/lib/python3.12/site-packages/airflow/example_dags/example_external_task_marker_dag.py
[2025-12-16T18:34:52.417+0000] {processor.py:914} INFO - Processing file /home/airflow/.local/lib/python3.12/site-packages/airflow/example_dags/example_external_task_marker_dag.py for tasks to queue
[2025-12-16T18:34:52.420+0000] {logging_mixin.py:190} INFO - [2025-12-16T18:34:52.419+0000] {dagbag.py:588} INFO - Filling up the DagBag from /home/airflow/.local/lib/python3.12/site-packages/airflow/example_dags/example_external_task_marker_dag.py
[2025-12-16T18:34:52.429+0000] {processor.py:925} INFO - DAG(s) 'example_external_task_marker_parent', 'example_external_task_marker_child' retrieved from /home/airflow/.local/lib/python3.12/site-packages/airflow/example_dags/example_external_task_marker_dag.py
[2025-12-16T18:34:52.459+0000] {logging_mixin.py:190} INFO - [2025-12-16T18:34:52.459+0000] {dag.py:3239} INFO - Sync 2 DAGs
[2025-12-16T18:34:52.479+0000] {logging_mixin.py:190} INFO - [2025-12-16T18:34:52.479+0000] {dag.py:4180} INFO - Setting next_dagrun for example_external_task_marker_child to None, run_after=None
[2025-12-16T18:34:52.485+0000] {logging_mixin.py:190} INFO - [2025-12-16T18:34:52.485+0000] {dag.py:4180} INFO - Setting next_dagrun for example_external_task_marker_parent to None, run_after=None
[2025-12-16T18:34:52.504+0000] {processor.py:208} INFO - Processing /home/airflow/.local/lib/python3.12/site-packages/airflow/example_dags/example_external_task_marker_dag.py took 0.096 seconds
[2025-12-16T18:35:23.725+0000] {processor.py:186} INFO - Started process (PID=3488) to work on /home/airflow/.local/lib/python3.12/site-packages/airflow/example_dags/example_external_task_marker_dag.py
[2025-12-16T18:35:23.726+0000] {processor.py:914} INFO - Processing file /home/airflow/.local/lib/python3.12/site-packages/airflow/example_dags/example_external_task_marker_dag.py for tasks to queue
[2025-12-16T18:35:23.729+0000] {logging_mixin.py:190} INFO - [2025-12-16T18:35:23.728+0000] {dagbag.py:588} INFO - Filling up the DagBag from /home/airflow/.local/lib/python3.12/site-packages/airflow/example_dags/example_external_task_marker_dag.py
[2025-12-16T18:35:23.742+0000] {processor.py:925} INFO - DAG(s) 'example_external_task_marker_parent', 'example_external_task_marker_child' retrieved from /home/airflow/.local/lib/python3.12/site-packages/airflow/example_dags/example_external_task_marker_dag.py
[2025-12-16T18:35:23.779+0000] {logging_mixin.py:190} INFO - [2025-12-16T18:35:23.779+0000] {dag.py:3239} INFO - Sync 2 DAGs
[2025-12-16T18:35:23.798+0000] {logging_mixin.py:190} INFO - [2025-12-16T18:35:23.798+0000] {dag.py:4180} INFO - Setting next_dagrun for example_external_task_marker_child to None, run_after=None
[2025-12-16T18:35:23.804+0000] {logging_mixin.py:190} INFO - [2025-12-16T18:35:23.804+0000] {dag.py:4180} INFO - Setting next_dagrun for example_external_task_marker_parent to None, run_after=None
[2025-12-16T18:35:23.825+0000] {processor.py:208} INFO - Processing /home/airflow/.local/lib/python3.12/site-packages/airflow/example_dags/example_external_task_marker_dag.py took 0.109 seconds
[2025-12-16T18:35:54.491+0000] {processor.py:186} INFO - Started process (PID=3776) to work on /home/airflow/.local/lib/python3.12/site-packages/airflow/example_dags/example_external_task_marker_dag.py
[2025-12-16T18:35:54.492+0000] {processor.py:914} INFO - Processing file /home/airflow/.local/lib/python3.12/site-packages/airflow/example_dags/example_external_task_marker_dag.py for tasks to queue
[2025-12-16T18:35:54.496+0000] {logging_mixin.py:190} INFO - [2025-12-16T18:35:54.495+0000] {dagbag.py:588} INFO - Filling up the DagBag from /home/airflow/.local/lib/python3.12/site-packages/airflow/example_dags/example_external_task_marker_dag.py
[2025-12-16T18:35:54.506+0000] {processor.py:925} INFO - DAG(s) 'example_external_task_marker_child', 'example_external_task_marker_parent' retrieved from /home/airflow/.local/lib/python3.12/site-packages/airflow/example_dags/example_external_task_marker_dag.py
[2025-12-16T18:35:54.532+0000] {logging_mixin.py:190} INFO - [2025-12-16T18:35:54.532+0000] {dag.py:3239} INFO - Sync 2 DAGs
[2025-12-16T18:35:54.551+0000] {logging_mixin.py:190} INFO - [2025-12-16T18:35:54.550+0000] {dag.py:4180} INFO - Setting next_dagrun for example_external_task_marker_child to None, run_after=None
[2025-12-16T18:35:54.555+0000] {logging_mixin.py:190} INFO - [2025-12-16T18:35:54.555+0000] {dag.py:4180} INFO - Setting next_dagrun for example_external_task_marker_parent to None, run_after=None
[2025-12-16T18:35:54.574+0000] {processor.py:208} INFO - Processing /home/airflow/.local/lib/python3.12/site-packages/airflow/example_dags/example_external_task_marker_dag.py took 0.091 seconds
[2025-12-16T18:36:25.553+0000] {processor.py:186} INFO - Started process (PID=4067) to work on /home/airflow/.local/lib/python3.12/site-packages/airflow/example_dags/example_external_task_marker_dag.py
[2025-12-16T18:36:25.554+0000] {processor.py:914} INFO - Processing file /home/airflow/.local/lib/python3.12/site-packages/airflow/example_dags/example_external_task_marker_dag.py for tasks to queue
[2025-12-16T18:36:25.558+0000] {logging_mixin.py:190} INFO - [2025-12-16T18:36:25.558+0000] {dagbag.py:588} INFO - Filling up the DagBag from /home/airflow/.local/lib/python3.12/site-packages/airflow/example_dags/example_external_task_marker_dag.py
[2025-12-16T18:36:25.569+0000] {processor.py:925} INFO - DAG(s) 'example_external_task_marker_parent', 'example_external_task_marker_child' retrieved from /home/airflow/.local/lib/python3.12/site-packages/airflow/example_dags/example_external_task_marker_dag.py
[2025-12-16T18:36:25.598+0000] {logging_mixin.py:190} INFO - [2025-12-16T18:36:25.598+0000] {dag.py:3239} INFO - Sync 2 DAGs
[2025-12-16T18:36:25.617+0000] {logging_mixin.py:190} INFO - [2025-12-16T18:36:25.617+0000] {dag.py:4180} INFO - Setting next_dagrun for example_external_task_marker_child to None, run_after=None
[2025-12-16T18:36:25.621+0000] {logging_mixin.py:190} INFO - [2025-12-16T18:36:25.621+0000] {dag.py:4180} INFO - Setting next_dagrun for example_external_task_marker_parent to None, run_after=None
[2025-12-16T18:36:25.641+0000] {processor.py:208} INFO - Processing /home/airflow/.local/lib/python3.12/site-packages/airflow/example_dags/example_external_task_marker_dag.py took 0.096 seconds
[2025-12-16T18:36:56.668+0000] {processor.py:186} INFO - Started process (PID=4358) to work on /home/airflow/.local/lib/python3.12/site-packages/airflow/example_dags/example_external_task_marker_dag.py
[2025-12-16T18:36:56.669+0000] {processor.py:914} INFO - Processing file /home/airflow/.local/lib/python3.12/site-packages/airflow/example_dags/example_external_task_marker_dag.py for tasks to queue
[2025-12-16T18:36:56.671+0000] {logging_mixin.py:190} INFO - [2025-12-16T18:36:56.671+0000] {dagbag.py:588} INFO - Filling up the DagBag from /home/airflow/.local/lib/python3.12/site-packages/airflow/example_dags/example_external_task_marker_dag.py
[2025-12-16T18:36:56.681+0000] {processor.py:925} INFO - DAG(s) 'example_external_task_marker_child', 'example_external_task_marker_parent' retrieved from /home/airflow/.local/lib/python3.12/site-packages/airflow/example_dags/example_external_task_marker_dag.py
[2025-12-16T18:36:56.709+0000] {logging_mixin.py:190} INFO - [2025-12-16T18:36:56.709+0000] {dag.py:3239} INFO - Sync 2 DAGs
[2025-12-16T18:36:56.728+0000] {logging_mixin.py:190} INFO - [2025-12-16T18:36:56.728+0000] {dag.py:4180} INFO - Setting next_dagrun for example_external_task_marker_child to None, run_after=None
[2025-12-16T18:36:56.732+0000] {logging_mixin.py:190} INFO - [2025-12-16T18:36:56.732+0000] {dag.py:4180} INFO - Setting next_dagrun for example_external_task_marker_parent to None, run_after=None
[2025-12-16T18:36:56.750+0000] {processor.py:208} INFO - Processing /home/airflow/.local/lib/python3.12/site-packages/airflow/example_dags/example_external_task_marker_dag.py took 0.090 seconds
[2025-12-16T18:37:28.765+0000] {processor.py:186} INFO - Started process (PID=4654) to work on /home/airflow/.local/lib/python3.12/site-packages/airflow/example_dags/example_external_task_marker_dag.py
[2025-12-16T18:37:28.766+0000] {processor.py:914} INFO - Processing file /home/airflow/.local/lib/python3.12/site-packages/airflow/example_dags/example_external_task_marker_dag.py for tasks to queue
[2025-12-16T18:37:28.769+0000] {logging_mixin.py:190} INFO - [2025-12-16T18:37:28.769+0000] {dagbag.py:588} INFO - Filling up the DagBag from /home/airflow/.local/lib/python3.12/site-packages/airflow/example_dags/example_external_task_marker_dag.py
[2025-12-16T18:37:28.780+0000] {processor.py:925} INFO - DAG(s) 'example_external_task_marker_child', 'example_external_task_marker_parent' retrieved from /home/airflow/.local/lib/python3.12/site-packages/airflow/example_dags/example_external_task_marker_dag.py
[2025-12-16T18:37:28.808+0000] {logging_mixin.py:190} INFO - [2025-12-16T18:37:28.808+0000] {dag.py:3239} INFO - Sync 2 DAGs
[2025-12-16T18:37:28.828+0000] {logging_mixin.py:190} INFO - [2025-12-16T18:37:28.828+0000] {dag.py:4180} INFO - Setting next_dagrun for example_external_task_marker_child to None, run_after=None
[2025-12-16T18:37:28.833+0000] {logging_mixin.py:190} INFO - [2025-12-16T18:37:28.833+0000] {dag.py:4180} INFO - Setting next_dagrun for example_external_task_marker_parent to None, run_after=None
[2025-12-16T18:37:28.850+0000] {processor.py:208} INFO - Processing /home/airflow/.local/lib/python3.12/site-packages/airflow/example_dags/example_external_task_marker_dag.py took 0.093 seconds
[2025-12-16T18:37:59.064+0000] {processor.py:186} INFO - Started process (PID=4943) to work on /home/airflow/.local/lib/python3.12/site-packages/airflow/example_dags/example_external_task_marker_dag.py
[2025-12-16T18:37:59.065+0000] {processor.py:914} INFO - Processing file /home/airflow/.local/lib/python3.12/site-packages/airflow/example_dags/example_external_task_marker_dag.py for tasks to queue
[2025-12-16T18:37:59.068+0000] {logging_mixin.py:190} INFO - [2025-12-16T18:37:59.068+0000] {dagbag.py:588} INFO - Filling up the DagBag from /home/airflow/.local/lib/python3.12/site-packages/airflow/example_dags/example_external_task_marker_dag.py
[2025-12-16T18:37:59.078+0000] {processor.py:925} INFO - DAG(s) 'example_external_task_marker_parent', 'example_external_task_marker_child' retrieved from /home/airflow/.local/lib/python3.12/site-packages/airflow/example_dags/example_external_task_marker_dag.py
[2025-12-16T18:37:59.103+0000] {logging_mixin.py:190} INFO - [2025-12-16T18:37:59.103+0000] {dag.py:3239} INFO - Sync 2 DAGs
[2025-12-16T18:37:59.122+0000] {logging_mixin.py:190} INFO - [2025-12-16T18:37:59.122+0000] {dag.py:4180} INFO - Setting next_dagrun for example_external_task_marker_child to None, run_after=None
[2025-12-16T18:37:59.126+0000] {logging_mixin.py:190} INFO - [2025-12-16T18:37:59.126+0000] {dag.py:4180} INFO - Setting next_dagrun for example_external_task_marker_parent to None, run_after=None
[2025-12-16T18:37:59.144+0000] {processor.py:208} INFO - Processing /home/airflow/.local/lib/python3.12/site-packages/airflow/example_dags/example_external_task_marker_dag.py took 0.088 seconds
[2025-12-16T18:38:30.632+0000] {processor.py:186} INFO - Started process (PID=5231) to work on /home/airflow/.local/lib/python3.12/site-packages/airflow/example_dags/example_external_task_marker_dag.py
[2025-12-16T18:38:30.633+0000] {processor.py:914} INFO - Processing file /home/airflow/.local/lib/python3.12/site-packages/airflow/example_dags/example_external_task_marker_dag.py for tasks to queue
[2025-12-16T18:38:30.636+0000] {logging_mixin.py:190} INFO - [2025-12-16T18:38:30.635+0000] {dagbag.py:588} INFO - Filling up the DagBag from /home/airflow/.local/lib/python3.12/site-packages/airflow/example_dags/example_external_task_marker_dag.py
[2025-12-16T18:38:30.648+0000] {processor.py:925} INFO - DAG(s) 'example_external_task_marker_child', 'example_external_task_marker_parent' retrieved from /home/airflow/.local/lib/python3.12/site-packages/airflow/example_dags/example_external_task_marker_dag.py
[2025-12-16T18:38:30.681+0000] {logging_mixin.py:190} INFO - [2025-12-16T18:38:30.681+0000] {dag.py:3239} INFO - Sync 2 DAGs
[2025-12-16T18:38:30.705+0000] {logging_mixin.py:190} INFO - [2025-12-16T18:38:30.705+0000] {dag.py:4180} INFO - Setting next_dagrun for example_external_task_marker_child to None, run_after=None
[2025-12-16T18:38:30.710+0000] {logging_mixin.py:190} INFO - [2025-12-16T18:38:30.710+0000] {dag.py:4180} INFO - Setting next_dagrun for example_external_task_marker_parent to None, run_after=None
[2025-12-16T18:38:30.732+0000] {processor.py:208} INFO - Processing /home/airflow/.local/lib/python3.12/site-packages/airflow/example_dags/example_external_task_marker_dag.py took 0.110 seconds
[2025-12-16T18:39:01.537+0000] {processor.py:186} INFO - Started process (PID=5522) to work on /home/airflow/.local/lib/python3.12/site-packages/airflow/example_dags/example_external_task_marker_dag.py
[2025-12-16T18:39:01.538+0000] {processor.py:914} INFO - Processing file /home/airflow/.local/lib/python3.12/site-packages/airflow/example_dags/example_external_task_marker_dag.py for tasks to queue
[2025-12-16T18:39:01.541+0000] {logging_mixin.py:190} INFO - [2025-12-16T18:39:01.540+0000] {dagbag.py:588} INFO - Filling up the DagBag from /home/airflow/.local/lib/python3.12/site-packages/airflow/example_dags/example_external_task_marker_dag.py
[2025-12-16T18:39:01.551+0000] {processor.py:925} INFO - DAG(s) 'example_external_task_marker_parent', 'example_external_task_marker_child' retrieved from /home/airflow/.local/lib/python3.12/site-packages/airflow/example_dags/example_external_task_marker_dag.py
[2025-12-16T18:39:01.576+0000] {logging_mixin.py:190} INFO - [2025-12-16T18:39:01.576+0000] {dag.py:3239} INFO - Sync 2 DAGs
[2025-12-16T18:39:01.595+0000] {logging_mixin.py:190} INFO - [2025-12-16T18:39:01.594+0000] {dag.py:4180} INFO - Setting next_dagrun for example_external_task_marker_child to None, run_after=None
[2025-12-16T18:39:01.598+0000] {logging_mixin.py:190} INFO - [2025-12-16T18:39:01.598+0000] {dag.py:4180} INFO - Setting next_dagrun for example_external_task_marker_parent to None, run_after=None
[2025-12-16T18:39:01.615+0000] {processor.py:208} INFO - Processing /home/airflow/.local/lib/python3.12/site-packages/airflow/example_dags/example_external_task_marker_dag.py took 0.085 seconds
[2025-12-16T18:39:33.116+0000] {processor.py:186} INFO - Started process (PID=5813) to work on /home/airflow/.local/lib/python3.12/site-packages/airflow/example_dags/example_external_task_marker_dag.py
[2025-12-16T18:39:33.117+0000] {processor.py:914} INFO - Processing file /home/airflow/.local/lib/python3.12/site-packages/airflow/example_dags/example_external_task_marker_dag.py for tasks to queue
[2025-12-16T18:39:33.119+0000] {logging_mixin.py:190} INFO - [2025-12-16T18:39:33.119+0000] {dagbag.py:588} INFO - Filling up the DagBag from /home/airflow/.local/lib/python3.12/site-packages/airflow/example_dags/example_external_task_marker_dag.py
[2025-12-16T18:39:33.129+0000] {processor.py:925} INFO - DAG(s) 'example_external_task_marker_parent', 'example_external_task_marker_child' retrieved from /home/airflow/.local/lib/python3.12/site-packages/airflow/example_dags/example_external_task_marker_dag.py
[2025-12-16T18:39:33.154+0000] {logging_mixin.py:190} INFO - [2025-12-16T18:39:33.154+0000] {dag.py:3239} INFO - Sync 2 DAGs
[2025-12-16T18:39:33.172+0000] {logging_mixin.py:190} INFO - [2025-12-16T18:39:33.172+0000] {dag.py:4180} INFO - Setting next_dagrun for example_external_task_marker_child to None, run_after=None
[2025-12-16T18:39:33.177+0000] {logging_mixin.py:190} INFO - [2025-12-16T18:39:33.176+0000] {dag.py:4180} INFO - Setting next_dagrun for example_external_task_marker_parent to None, run_after=None
[2025-12-16T18:39:33.193+0000] {processor.py:208} INFO - Processing /home/airflow/.local/lib/python3.12/site-packages/airflow/example_dags/example_external_task_marker_dag.py took 0.085 seconds
[2025-12-16T18:40:04.324+0000] {processor.py:186} INFO - Started process (PID=6102) to work on /home/airflow/.local/lib/python3.12/site-packages/airflow/example_dags/example_external_task_marker_dag.py
[2025-12-16T18:40:04.325+0000] {processor.py:914} INFO - Processing file /home/airflow/.local/lib/python3.12/site-packages/airflow/example_dags/example_external_task_marker_dag.py for tasks to queue
[2025-12-16T18:40:04.327+0000] {logging_mixin.py:190} INFO - [2025-12-16T18:40:04.327+0000] {dagbag.py:588} INFO - Filling up the DagBag from /home/airflow/.local/lib/python3.12/site-packages/airflow/example_dags/example_external_task_marker_dag.py
[2025-12-16T18:40:04.337+0000] {processor.py:925} INFO - DAG(s) 'example_external_task_marker_child', 'example_external_task_marker_parent' retrieved from /home/airflow/.local/lib/python3.12/site-packages/airflow/example_dags/example_external_task_marker_dag.py
[2025-12-16T18:40:04.363+0000] {logging_mixin.py:190} INFO - [2025-12-16T18:40:04.363+0000] {dag.py:3239} INFO - Sync 2 DAGs
[2025-12-16T18:40:04.383+0000] {logging_mixin.py:190} INFO - [2025-12-16T18:40:04.382+0000] {dag.py:4180} INFO - Setting next_dagrun for example_external_task_marker_child to None, run_after=None
[2025-12-16T18:40:04.388+0000] {logging_mixin.py:190} INFO - [2025-12-16T18:40:04.387+0000] {dag.py:4180} INFO - Setting next_dagrun for example_external_task_marker_parent to None, run_after=None
[2025-12-16T18:40:04.406+0000] {processor.py:208} INFO - Processing /home/airflow/.local/lib/python3.12/site-packages/airflow/example_dags/example_external_task_marker_dag.py took 0.090 seconds
[2025-12-16T18:40:35.961+0000] {processor.py:186} INFO - Started process (PID=6395) to work on /home/airflow/.local/lib/python3.12/site-packages/airflow/example_dags/example_external_task_marker_dag.py
[2025-12-16T18:40:35.963+0000] {processor.py:914} INFO - Processing file /home/airflow/.local/lib/python3.12/site-packages/airflow/example_dags/example_external_task_marker_dag.py for tasks to queue
[2025-12-16T18:40:35.965+0000] {logging_mixin.py:190} INFO - [2025-12-16T18:40:35.965+0000] {dagbag.py:588} INFO - Filling up the DagBag from /home/airflow/.local/lib/python3.12/site-packages/airflow/example_dags/example_external_task_marker_dag.py
[2025-12-16T18:40:35.976+0000] {processor.py:925} INFO - DAG(s) 'example_external_task_marker_child', 'example_external_task_marker_parent' retrieved from /home/airflow/.local/lib/python3.12/site-packages/airflow/example_dags/example_external_task_marker_dag.py
[2025-12-16T18:40:36.007+0000] {logging_mixin.py:190} INFO - [2025-12-16T18:40:36.006+0000] {dag.py:3239} INFO - Sync 2 DAGs
[2025-12-16T18:40:36.026+0000] {logging_mixin.py:190} INFO - [2025-12-16T18:40:36.025+0000] {dag.py:4180} INFO - Setting next_dagrun for example_external_task_marker_child to None, run_after=None
[2025-12-16T18:40:36.030+0000] {logging_mixin.py:190} INFO - [2025-12-16T18:40:36.030+0000] {dag.py:4180} INFO - Setting next_dagrun for example_external_task_marker_parent to None, run_after=None
[2025-12-16T18:40:36.048+0000] {processor.py:208} INFO - Processing /home/airflow/.local/lib/python3.12/site-packages/airflow/example_dags/example_external_task_marker_dag.py took 0.095 seconds
