[2025-12-16T18:26:50.059+0000] {processor.py:186} INFO - Started process (PID=432) to work on /home/airflow/.local/lib/python3.12/site-packages/airflow/example_dags/example_xcomargs.py
[2025-12-16T18:26:50.060+0000] {processor.py:914} INFO - Processing file /home/airflow/.local/lib/python3.12/site-packages/airflow/example_dags/example_xcomargs.py for tasks to queue
[2025-12-16T18:26:50.063+0000] {logging_mixin.py:190} INFO - [2025-12-16T18:26:50.062+0000] {dagbag.py:588} INFO - Filling up the DagBag from /home/airflow/.local/lib/python3.12/site-packages/airflow/example_dags/example_xcomargs.py
[2025-12-16T18:26:50.077+0000] {processor.py:925} INFO - DAG(s) 'example_xcom_args_with_operators', 'example_xcom_args' retrieved from /home/airflow/.local/lib/python3.12/site-packages/airflow/example_dags/example_xcomargs.py
[2025-12-16T18:26:50.207+0000] {logging_mixin.py:190} INFO - [2025-12-16T18:26:50.206+0000] {override.py:1911} INFO - Created Permission View: can read on DAG:example_xcom_args_with_operators
[2025-12-16T18:26:50.217+0000] {logging_mixin.py:190} INFO - [2025-12-16T18:26:50.217+0000] {override.py:1911} INFO - Created Permission View: can delete on DAG:example_xcom_args_with_operators
[2025-12-16T18:26:50.223+0000] {logging_mixin.py:190} INFO - [2025-12-16T18:26:50.223+0000] {override.py:1911} INFO - Created Permission View: can edit on DAG:example_xcom_args_with_operators
[2025-12-16T18:26:50.231+0000] {logging_mixin.py:190} INFO - [2025-12-16T18:26:50.231+0000] {override.py:1911} INFO - Created Permission View: can read on DAG Run:example_xcom_args_with_operators
[2025-12-16T18:26:50.238+0000] {logging_mixin.py:190} INFO - [2025-12-16T18:26:50.237+0000] {override.py:1911} INFO - Created Permission View: can create on DAG Run:example_xcom_args_with_operators
[2025-12-16T18:26:50.244+0000] {logging_mixin.py:190} INFO - [2025-12-16T18:26:50.243+0000] {override.py:1911} INFO - Created Permission View: menu access on DAG Run:example_xcom_args_with_operators
[2025-12-16T18:26:50.250+0000] {logging_mixin.py:190} INFO - [2025-12-16T18:26:50.250+0000] {override.py:1911} INFO - Created Permission View: can delete on DAG Run:example_xcom_args_with_operators
[2025-12-16T18:26:50.263+0000] {logging_mixin.py:190} INFO - [2025-12-16T18:26:50.263+0000] {override.py:1911} INFO - Created Permission View: can read on DAG:example_xcom_args
[2025-12-16T18:26:50.270+0000] {logging_mixin.py:190} INFO - [2025-12-16T18:26:50.270+0000] {override.py:1911} INFO - Created Permission View: can delete on DAG:example_xcom_args
[2025-12-16T18:26:50.276+0000] {logging_mixin.py:190} INFO - [2025-12-16T18:26:50.276+0000] {override.py:1911} INFO - Created Permission View: can edit on DAG:example_xcom_args
[2025-12-16T18:26:50.283+0000] {logging_mixin.py:190} INFO - [2025-12-16T18:26:50.283+0000] {override.py:1911} INFO - Created Permission View: can read on DAG Run:example_xcom_args
[2025-12-16T18:26:50.290+0000] {logging_mixin.py:190} INFO - [2025-12-16T18:26:50.290+0000] {override.py:1911} INFO - Created Permission View: can create on DAG Run:example_xcom_args
[2025-12-16T18:26:50.297+0000] {logging_mixin.py:190} INFO - [2025-12-16T18:26:50.296+0000] {override.py:1911} INFO - Created Permission View: menu access on DAG Run:example_xcom_args
[2025-12-16T18:26:50.303+0000] {logging_mixin.py:190} INFO - [2025-12-16T18:26:50.303+0000] {override.py:1911} INFO - Created Permission View: can delete on DAG Run:example_xcom_args
[2025-12-16T18:26:50.304+0000] {logging_mixin.py:190} INFO - [2025-12-16T18:26:50.303+0000] {dag.py:3239} INFO - Sync 2 DAGs
[2025-12-16T18:26:50.320+0000] {logging_mixin.py:190} INFO - [2025-12-16T18:26:50.320+0000] {dag.py:3262} INFO - Creating ORM DAG for example_xcom_args
[2025-12-16T18:26:50.321+0000] {logging_mixin.py:190} INFO - [2025-12-16T18:26:50.321+0000] {dag.py:3262} INFO - Creating ORM DAG for example_xcom_args_with_operators
[2025-12-16T18:26:50.322+0000] {logging_mixin.py:190} INFO - [2025-12-16T18:26:50.322+0000] {dag.py:4180} INFO - Setting next_dagrun for example_xcom_args to None, run_after=None
[2025-12-16T18:26:50.322+0000] {logging_mixin.py:190} INFO - [2025-12-16T18:26:50.322+0000] {dag.py:4180} INFO - Setting next_dagrun for example_xcom_args_with_operators to None, run_after=None
[2025-12-16T18:26:50.341+0000] {processor.py:208} INFO - Processing /home/airflow/.local/lib/python3.12/site-packages/airflow/example_dags/example_xcomargs.py took 0.289 seconds
[2025-12-16T18:27:21.288+0000] {processor.py:186} INFO - Started process (PID=725) to work on /home/airflow/.local/lib/python3.12/site-packages/airflow/example_dags/example_xcomargs.py
[2025-12-16T18:27:21.289+0000] {processor.py:914} INFO - Processing file /home/airflow/.local/lib/python3.12/site-packages/airflow/example_dags/example_xcomargs.py for tasks to queue
[2025-12-16T18:27:21.292+0000] {logging_mixin.py:190} INFO - [2025-12-16T18:27:21.292+0000] {dagbag.py:588} INFO - Filling up the DagBag from /home/airflow/.local/lib/python3.12/site-packages/airflow/example_dags/example_xcomargs.py
[2025-12-16T18:27:21.306+0000] {processor.py:925} INFO - DAG(s) 'example_xcom_args_with_operators', 'example_xcom_args' retrieved from /home/airflow/.local/lib/python3.12/site-packages/airflow/example_dags/example_xcomargs.py
[2025-12-16T18:27:21.338+0000] {logging_mixin.py:190} INFO - [2025-12-16T18:27:21.338+0000] {dag.py:3239} INFO - Sync 2 DAGs
[2025-12-16T18:27:21.358+0000] {logging_mixin.py:190} INFO - [2025-12-16T18:27:21.357+0000] {dag.py:4180} INFO - Setting next_dagrun for example_xcom_args to None, run_after=None
[2025-12-16T18:27:21.362+0000] {logging_mixin.py:190} INFO - [2025-12-16T18:27:21.362+0000] {dag.py:4180} INFO - Setting next_dagrun for example_xcom_args_with_operators to None, run_after=None
[2025-12-16T18:27:21.383+0000] {processor.py:208} INFO - Processing /home/airflow/.local/lib/python3.12/site-packages/airflow/example_dags/example_xcomargs.py took 0.103 seconds
[2025-12-16T18:27:52.028+0000] {processor.py:186} INFO - Started process (PID=1016) to work on /home/airflow/.local/lib/python3.12/site-packages/airflow/example_dags/example_xcomargs.py
[2025-12-16T18:27:52.029+0000] {processor.py:914} INFO - Processing file /home/airflow/.local/lib/python3.12/site-packages/airflow/example_dags/example_xcomargs.py for tasks to queue
[2025-12-16T18:27:52.032+0000] {logging_mixin.py:190} INFO - [2025-12-16T18:27:52.032+0000] {dagbag.py:588} INFO - Filling up the DagBag from /home/airflow/.local/lib/python3.12/site-packages/airflow/example_dags/example_xcomargs.py
[2025-12-16T18:27:52.046+0000] {processor.py:925} INFO - DAG(s) 'example_xcom_args_with_operators', 'example_xcom_args' retrieved from /home/airflow/.local/lib/python3.12/site-packages/airflow/example_dags/example_xcomargs.py
[2025-12-16T18:27:52.075+0000] {logging_mixin.py:190} INFO - [2025-12-16T18:27:52.074+0000] {dag.py:3239} INFO - Sync 2 DAGs
[2025-12-16T18:27:52.092+0000] {logging_mixin.py:190} INFO - [2025-12-16T18:27:52.092+0000] {dag.py:4180} INFO - Setting next_dagrun for example_xcom_args to None, run_after=None
[2025-12-16T18:27:52.097+0000] {logging_mixin.py:190} INFO - [2025-12-16T18:27:52.096+0000] {dag.py:4180} INFO - Setting next_dagrun for example_xcom_args_with_operators to None, run_after=None
[2025-12-16T18:27:52.114+0000] {processor.py:208} INFO - Processing /home/airflow/.local/lib/python3.12/site-packages/airflow/example_dags/example_xcomargs.py took 0.093 seconds
[2025-12-16T18:29:44.242+0000] {processor.py:186} INFO - Started process (PID=432) to work on /home/airflow/.local/lib/python3.12/site-packages/airflow/example_dags/example_xcomargs.py
[2025-12-16T18:29:44.243+0000] {processor.py:914} INFO - Processing file /home/airflow/.local/lib/python3.12/site-packages/airflow/example_dags/example_xcomargs.py for tasks to queue
[2025-12-16T18:29:44.245+0000] {logging_mixin.py:190} INFO - [2025-12-16T18:29:44.245+0000] {dagbag.py:588} INFO - Filling up the DagBag from /home/airflow/.local/lib/python3.12/site-packages/airflow/example_dags/example_xcomargs.py
[2025-12-16T18:29:44.260+0000] {processor.py:925} INFO - DAG(s) 'example_xcom_args', 'example_xcom_args_with_operators' retrieved from /home/airflow/.local/lib/python3.12/site-packages/airflow/example_dags/example_xcomargs.py
[2025-12-16T18:29:44.288+0000] {logging_mixin.py:190} INFO - [2025-12-16T18:29:44.287+0000] {dag.py:3239} INFO - Sync 2 DAGs
[2025-12-16T18:29:44.308+0000] {logging_mixin.py:190} INFO - [2025-12-16T18:29:44.307+0000] {dag.py:4180} INFO - Setting next_dagrun for example_xcom_args to None, run_after=None
[2025-12-16T18:29:44.312+0000] {logging_mixin.py:190} INFO - [2025-12-16T18:29:44.312+0000] {dag.py:4180} INFO - Setting next_dagrun for example_xcom_args_with_operators to None, run_after=None
[2025-12-16T18:29:44.330+0000] {processor.py:208} INFO - Processing /home/airflow/.local/lib/python3.12/site-packages/airflow/example_dags/example_xcomargs.py took 0.096 seconds
[2025-12-16T18:30:16.338+0000] {processor.py:186} INFO - Started process (PID=723) to work on /home/airflow/.local/lib/python3.12/site-packages/airflow/example_dags/example_xcomargs.py
[2025-12-16T18:30:16.340+0000] {processor.py:914} INFO - Processing file /home/airflow/.local/lib/python3.12/site-packages/airflow/example_dags/example_xcomargs.py for tasks to queue
[2025-12-16T18:30:16.342+0000] {logging_mixin.py:190} INFO - [2025-12-16T18:30:16.342+0000] {dagbag.py:588} INFO - Filling up the DagBag from /home/airflow/.local/lib/python3.12/site-packages/airflow/example_dags/example_xcomargs.py
[2025-12-16T18:30:16.356+0000] {processor.py:925} INFO - DAG(s) 'example_xcom_args', 'example_xcom_args_with_operators' retrieved from /home/airflow/.local/lib/python3.12/site-packages/airflow/example_dags/example_xcomargs.py
[2025-12-16T18:30:16.385+0000] {logging_mixin.py:190} INFO - [2025-12-16T18:30:16.385+0000] {dag.py:3239} INFO - Sync 2 DAGs
[2025-12-16T18:30:16.403+0000] {logging_mixin.py:190} INFO - [2025-12-16T18:30:16.403+0000] {dag.py:4180} INFO - Setting next_dagrun for example_xcom_args to None, run_after=None
[2025-12-16T18:30:16.407+0000] {logging_mixin.py:190} INFO - [2025-12-16T18:30:16.407+0000] {dag.py:4180} INFO - Setting next_dagrun for example_xcom_args_with_operators to None, run_after=None
[2025-12-16T18:30:16.423+0000] {processor.py:208} INFO - Processing /home/airflow/.local/lib/python3.12/site-packages/airflow/example_dags/example_xcomargs.py took 0.094 seconds
[2025-12-16T18:30:46.756+0000] {processor.py:186} INFO - Started process (PID=1014) to work on /home/airflow/.local/lib/python3.12/site-packages/airflow/example_dags/example_xcomargs.py
[2025-12-16T18:30:46.757+0000] {processor.py:914} INFO - Processing file /home/airflow/.local/lib/python3.12/site-packages/airflow/example_dags/example_xcomargs.py for tasks to queue
[2025-12-16T18:30:46.759+0000] {logging_mixin.py:190} INFO - [2025-12-16T18:30:46.759+0000] {dagbag.py:588} INFO - Filling up the DagBag from /home/airflow/.local/lib/python3.12/site-packages/airflow/example_dags/example_xcomargs.py
[2025-12-16T18:30:46.772+0000] {processor.py:925} INFO - DAG(s) 'example_xcom_args_with_operators', 'example_xcom_args' retrieved from /home/airflow/.local/lib/python3.12/site-packages/airflow/example_dags/example_xcomargs.py
[2025-12-16T18:30:46.800+0000] {logging_mixin.py:190} INFO - [2025-12-16T18:30:46.799+0000] {dag.py:3239} INFO - Sync 2 DAGs
[2025-12-16T18:30:46.818+0000] {logging_mixin.py:190} INFO - [2025-12-16T18:30:46.818+0000] {dag.py:4180} INFO - Setting next_dagrun for example_xcom_args to None, run_after=None
[2025-12-16T18:30:46.823+0000] {logging_mixin.py:190} INFO - [2025-12-16T18:30:46.822+0000] {dag.py:4180} INFO - Setting next_dagrun for example_xcom_args_with_operators to None, run_after=None
[2025-12-16T18:30:46.841+0000] {processor.py:208} INFO - Processing /home/airflow/.local/lib/python3.12/site-packages/airflow/example_dags/example_xcomargs.py took 0.093 seconds
[2025-12-16T18:31:18.782+0000] {processor.py:186} INFO - Started process (PID=1305) to work on /home/airflow/.local/lib/python3.12/site-packages/airflow/example_dags/example_xcomargs.py
[2025-12-16T18:31:18.783+0000] {processor.py:914} INFO - Processing file /home/airflow/.local/lib/python3.12/site-packages/airflow/example_dags/example_xcomargs.py for tasks to queue
[2025-12-16T18:31:18.787+0000] {logging_mixin.py:190} INFO - [2025-12-16T18:31:18.786+0000] {dagbag.py:588} INFO - Filling up the DagBag from /home/airflow/.local/lib/python3.12/site-packages/airflow/example_dags/example_xcomargs.py
[2025-12-16T18:31:18.804+0000] {processor.py:925} INFO - DAG(s) 'example_xcom_args', 'example_xcom_args_with_operators' retrieved from /home/airflow/.local/lib/python3.12/site-packages/airflow/example_dags/example_xcomargs.py
[2025-12-16T18:31:18.835+0000] {logging_mixin.py:190} INFO - [2025-12-16T18:31:18.835+0000] {dag.py:3239} INFO - Sync 2 DAGs
[2025-12-16T18:31:18.856+0000] {logging_mixin.py:190} INFO - [2025-12-16T18:31:18.856+0000] {dag.py:4180} INFO - Setting next_dagrun for example_xcom_args to None, run_after=None
[2025-12-16T18:31:18.861+0000] {logging_mixin.py:190} INFO - [2025-12-16T18:31:18.860+0000] {dag.py:4180} INFO - Setting next_dagrun for example_xcom_args_with_operators to None, run_after=None
[2025-12-16T18:31:18.881+0000] {processor.py:208} INFO - Processing /home/airflow/.local/lib/python3.12/site-packages/airflow/example_dags/example_xcomargs.py took 0.108 seconds
[2025-12-16T18:31:49.599+0000] {processor.py:186} INFO - Started process (PID=1598) to work on /home/airflow/.local/lib/python3.12/site-packages/airflow/example_dags/example_xcomargs.py
[2025-12-16T18:31:49.600+0000] {processor.py:914} INFO - Processing file /home/airflow/.local/lib/python3.12/site-packages/airflow/example_dags/example_xcomargs.py for tasks to queue
[2025-12-16T18:31:49.603+0000] {logging_mixin.py:190} INFO - [2025-12-16T18:31:49.603+0000] {dagbag.py:588} INFO - Filling up the DagBag from /home/airflow/.local/lib/python3.12/site-packages/airflow/example_dags/example_xcomargs.py
[2025-12-16T18:31:49.617+0000] {processor.py:925} INFO - DAG(s) 'example_xcom_args', 'example_xcom_args_with_operators' retrieved from /home/airflow/.local/lib/python3.12/site-packages/airflow/example_dags/example_xcomargs.py
[2025-12-16T18:31:49.648+0000] {logging_mixin.py:190} INFO - [2025-12-16T18:31:49.648+0000] {dag.py:3239} INFO - Sync 2 DAGs
[2025-12-16T18:31:49.668+0000] {logging_mixin.py:190} INFO - [2025-12-16T18:31:49.668+0000] {dag.py:4180} INFO - Setting next_dagrun for example_xcom_args to None, run_after=None
[2025-12-16T18:31:49.674+0000] {logging_mixin.py:190} INFO - [2025-12-16T18:31:49.674+0000] {dag.py:4180} INFO - Setting next_dagrun for example_xcom_args_with_operators to None, run_after=None
[2025-12-16T18:31:49.696+0000] {processor.py:208} INFO - Processing /home/airflow/.local/lib/python3.12/site-packages/airflow/example_dags/example_xcomargs.py took 0.106 seconds
[2025-12-16T18:32:19.953+0000] {processor.py:186} INFO - Started process (PID=1887) to work on /home/airflow/.local/lib/python3.12/site-packages/airflow/example_dags/example_xcomargs.py
[2025-12-16T18:32:19.955+0000] {processor.py:914} INFO - Processing file /home/airflow/.local/lib/python3.12/site-packages/airflow/example_dags/example_xcomargs.py for tasks to queue
[2025-12-16T18:32:19.958+0000] {logging_mixin.py:190} INFO - [2025-12-16T18:32:19.958+0000] {dagbag.py:588} INFO - Filling up the DagBag from /home/airflow/.local/lib/python3.12/site-packages/airflow/example_dags/example_xcomargs.py
[2025-12-16T18:32:19.971+0000] {processor.py:925} INFO - DAG(s) 'example_xcom_args', 'example_xcom_args_with_operators' retrieved from /home/airflow/.local/lib/python3.12/site-packages/airflow/example_dags/example_xcomargs.py
[2025-12-16T18:32:20.003+0000] {logging_mixin.py:190} INFO - [2025-12-16T18:32:20.002+0000] {dag.py:3239} INFO - Sync 2 DAGs
[2025-12-16T18:32:20.026+0000] {logging_mixin.py:190} INFO - [2025-12-16T18:32:20.026+0000] {dag.py:4180} INFO - Setting next_dagrun for example_xcom_args to None, run_after=None
[2025-12-16T18:32:20.031+0000] {logging_mixin.py:190} INFO - [2025-12-16T18:32:20.031+0000] {dag.py:4180} INFO - Setting next_dagrun for example_xcom_args_with_operators to None, run_after=None
[2025-12-16T18:32:20.052+0000] {processor.py:208} INFO - Processing /home/airflow/.local/lib/python3.12/site-packages/airflow/example_dags/example_xcomargs.py took 0.108 seconds
[2025-12-16T18:32:51.034+0000] {processor.py:186} INFO - Started process (PID=2178) to work on /home/airflow/.local/lib/python3.12/site-packages/airflow/example_dags/example_xcomargs.py
[2025-12-16T18:32:51.036+0000] {processor.py:914} INFO - Processing file /home/airflow/.local/lib/python3.12/site-packages/airflow/example_dags/example_xcomargs.py for tasks to queue
[2025-12-16T18:32:51.039+0000] {logging_mixin.py:190} INFO - [2025-12-16T18:32:51.038+0000] {dagbag.py:588} INFO - Filling up the DagBag from /home/airflow/.local/lib/python3.12/site-packages/airflow/example_dags/example_xcomargs.py
[2025-12-16T18:32:51.053+0000] {processor.py:925} INFO - DAG(s) 'example_xcom_args', 'example_xcom_args_with_operators' retrieved from /home/airflow/.local/lib/python3.12/site-packages/airflow/example_dags/example_xcomargs.py
[2025-12-16T18:32:51.089+0000] {logging_mixin.py:190} INFO - [2025-12-16T18:32:51.089+0000] {dag.py:3239} INFO - Sync 2 DAGs
[2025-12-16T18:32:51.110+0000] {logging_mixin.py:190} INFO - [2025-12-16T18:32:51.110+0000] {dag.py:4180} INFO - Setting next_dagrun for example_xcom_args to None, run_after=None
[2025-12-16T18:32:51.115+0000] {logging_mixin.py:190} INFO - [2025-12-16T18:32:51.115+0000] {dag.py:4180} INFO - Setting next_dagrun for example_xcom_args_with_operators to None, run_after=None
[2025-12-16T18:32:51.140+0000] {processor.py:208} INFO - Processing /home/airflow/.local/lib/python3.12/site-packages/airflow/example_dags/example_xcomargs.py took 0.114 seconds
[2025-12-16T18:33:22.212+0000] {processor.py:186} INFO - Started process (PID=2469) to work on /home/airflow/.local/lib/python3.12/site-packages/airflow/example_dags/example_xcomargs.py
[2025-12-16T18:33:22.213+0000] {processor.py:914} INFO - Processing file /home/airflow/.local/lib/python3.12/site-packages/airflow/example_dags/example_xcomargs.py for tasks to queue
[2025-12-16T18:33:22.216+0000] {logging_mixin.py:190} INFO - [2025-12-16T18:33:22.216+0000] {dagbag.py:588} INFO - Filling up the DagBag from /home/airflow/.local/lib/python3.12/site-packages/airflow/example_dags/example_xcomargs.py
[2025-12-16T18:33:22.229+0000] {processor.py:925} INFO - DAG(s) 'example_xcom_args', 'example_xcom_args_with_operators' retrieved from /home/airflow/.local/lib/python3.12/site-packages/airflow/example_dags/example_xcomargs.py
[2025-12-16T18:33:22.255+0000] {logging_mixin.py:190} INFO - [2025-12-16T18:33:22.255+0000] {dag.py:3239} INFO - Sync 2 DAGs
[2025-12-16T18:33:22.274+0000] {logging_mixin.py:190} INFO - [2025-12-16T18:33:22.273+0000] {dag.py:4180} INFO - Setting next_dagrun for example_xcom_args to None, run_after=None
[2025-12-16T18:33:22.278+0000] {logging_mixin.py:190} INFO - [2025-12-16T18:33:22.278+0000] {dag.py:4180} INFO - Setting next_dagrun for example_xcom_args_with_operators to None, run_after=None
[2025-12-16T18:33:22.296+0000] {processor.py:208} INFO - Processing /home/airflow/.local/lib/python3.12/site-packages/airflow/example_dags/example_xcomargs.py took 0.091 seconds
[2025-12-16T18:33:53.248+0000] {processor.py:186} INFO - Started process (PID=2760) to work on /home/airflow/.local/lib/python3.12/site-packages/airflow/example_dags/example_xcomargs.py
[2025-12-16T18:33:53.249+0000] {processor.py:914} INFO - Processing file /home/airflow/.local/lib/python3.12/site-packages/airflow/example_dags/example_xcomargs.py for tasks to queue
[2025-12-16T18:33:53.251+0000] {logging_mixin.py:190} INFO - [2025-12-16T18:33:53.251+0000] {dagbag.py:588} INFO - Filling up the DagBag from /home/airflow/.local/lib/python3.12/site-packages/airflow/example_dags/example_xcomargs.py
[2025-12-16T18:33:53.265+0000] {processor.py:925} INFO - DAG(s) 'example_xcom_args_with_operators', 'example_xcom_args' retrieved from /home/airflow/.local/lib/python3.12/site-packages/airflow/example_dags/example_xcomargs.py
[2025-12-16T18:33:53.294+0000] {logging_mixin.py:190} INFO - [2025-12-16T18:33:53.294+0000] {dag.py:3239} INFO - Sync 2 DAGs
[2025-12-16T18:33:53.312+0000] {logging_mixin.py:190} INFO - [2025-12-16T18:33:53.312+0000] {dag.py:4180} INFO - Setting next_dagrun for example_xcom_args to None, run_after=None
[2025-12-16T18:33:53.316+0000] {logging_mixin.py:190} INFO - [2025-12-16T18:33:53.316+0000] {dag.py:4180} INFO - Setting next_dagrun for example_xcom_args_with_operators to None, run_after=None
[2025-12-16T18:33:53.335+0000] {processor.py:208} INFO - Processing /home/airflow/.local/lib/python3.12/site-packages/airflow/example_dags/example_xcomargs.py took 0.095 seconds
[2025-12-16T18:34:23.943+0000] {processor.py:186} INFO - Started process (PID=3048) to work on /home/airflow/.local/lib/python3.12/site-packages/airflow/example_dags/example_xcomargs.py
[2025-12-16T18:34:23.944+0000] {processor.py:914} INFO - Processing file /home/airflow/.local/lib/python3.12/site-packages/airflow/example_dags/example_xcomargs.py for tasks to queue
[2025-12-16T18:34:23.946+0000] {logging_mixin.py:190} INFO - [2025-12-16T18:34:23.946+0000] {dagbag.py:588} INFO - Filling up the DagBag from /home/airflow/.local/lib/python3.12/site-packages/airflow/example_dags/example_xcomargs.py
[2025-12-16T18:34:23.959+0000] {processor.py:925} INFO - DAG(s) 'example_xcom_args_with_operators', 'example_xcom_args' retrieved from /home/airflow/.local/lib/python3.12/site-packages/airflow/example_dags/example_xcomargs.py
[2025-12-16T18:34:23.985+0000] {logging_mixin.py:190} INFO - [2025-12-16T18:34:23.984+0000] {dag.py:3239} INFO - Sync 2 DAGs
[2025-12-16T18:34:24.003+0000] {logging_mixin.py:190} INFO - [2025-12-16T18:34:24.003+0000] {dag.py:4180} INFO - Setting next_dagrun for example_xcom_args to None, run_after=None
[2025-12-16T18:34:24.007+0000] {logging_mixin.py:190} INFO - [2025-12-16T18:34:24.007+0000] {dag.py:4180} INFO - Setting next_dagrun for example_xcom_args_with_operators to None, run_after=None
[2025-12-16T18:34:24.023+0000] {processor.py:208} INFO - Processing /home/airflow/.local/lib/python3.12/site-packages/airflow/example_dags/example_xcomargs.py took 0.088 seconds
[2025-12-16T18:34:55.194+0000] {processor.py:186} INFO - Started process (PID=3337) to work on /home/airflow/.local/lib/python3.12/site-packages/airflow/example_dags/example_xcomargs.py
[2025-12-16T18:34:55.195+0000] {processor.py:914} INFO - Processing file /home/airflow/.local/lib/python3.12/site-packages/airflow/example_dags/example_xcomargs.py for tasks to queue
[2025-12-16T18:34:55.198+0000] {logging_mixin.py:190} INFO - [2025-12-16T18:34:55.198+0000] {dagbag.py:588} INFO - Filling up the DagBag from /home/airflow/.local/lib/python3.12/site-packages/airflow/example_dags/example_xcomargs.py
[2025-12-16T18:34:55.213+0000] {processor.py:925} INFO - DAG(s) 'example_xcom_args', 'example_xcom_args_with_operators' retrieved from /home/airflow/.local/lib/python3.12/site-packages/airflow/example_dags/example_xcomargs.py
[2025-12-16T18:34:55.242+0000] {logging_mixin.py:190} INFO - [2025-12-16T18:34:55.242+0000] {dag.py:3239} INFO - Sync 2 DAGs
[2025-12-16T18:34:55.261+0000] {logging_mixin.py:190} INFO - [2025-12-16T18:34:55.261+0000] {dag.py:4180} INFO - Setting next_dagrun for example_xcom_args to None, run_after=None
[2025-12-16T18:34:55.266+0000] {logging_mixin.py:190} INFO - [2025-12-16T18:34:55.266+0000] {dag.py:4180} INFO - Setting next_dagrun for example_xcom_args_with_operators to None, run_after=None
[2025-12-16T18:34:55.285+0000] {processor.py:208} INFO - Processing /home/airflow/.local/lib/python3.12/site-packages/airflow/example_dags/example_xcomargs.py took 0.099 seconds
[2025-12-16T18:35:26.484+0000] {processor.py:186} INFO - Started process (PID=3630) to work on /home/airflow/.local/lib/python3.12/site-packages/airflow/example_dags/example_xcomargs.py
[2025-12-16T18:35:26.485+0000] {processor.py:914} INFO - Processing file /home/airflow/.local/lib/python3.12/site-packages/airflow/example_dags/example_xcomargs.py for tasks to queue
[2025-12-16T18:35:26.487+0000] {logging_mixin.py:190} INFO - [2025-12-16T18:35:26.487+0000] {dagbag.py:588} INFO - Filling up the DagBag from /home/airflow/.local/lib/python3.12/site-packages/airflow/example_dags/example_xcomargs.py
[2025-12-16T18:35:26.500+0000] {processor.py:925} INFO - DAG(s) 'example_xcom_args_with_operators', 'example_xcom_args' retrieved from /home/airflow/.local/lib/python3.12/site-packages/airflow/example_dags/example_xcomargs.py
[2025-12-16T18:35:26.527+0000] {logging_mixin.py:190} INFO - [2025-12-16T18:35:26.527+0000] {dag.py:3239} INFO - Sync 2 DAGs
[2025-12-16T18:35:26.546+0000] {logging_mixin.py:190} INFO - [2025-12-16T18:35:26.546+0000] {dag.py:4180} INFO - Setting next_dagrun for example_xcom_args to None, run_after=None
[2025-12-16T18:35:26.551+0000] {logging_mixin.py:190} INFO - [2025-12-16T18:35:26.550+0000] {dag.py:4180} INFO - Setting next_dagrun for example_xcom_args_with_operators to None, run_after=None
[2025-12-16T18:35:26.569+0000] {processor.py:208} INFO - Processing /home/airflow/.local/lib/python3.12/site-packages/airflow/example_dags/example_xcomargs.py took 0.093 seconds
[2025-12-16T18:35:57.750+0000] {processor.py:186} INFO - Started process (PID=3919) to work on /home/airflow/.local/lib/python3.12/site-packages/airflow/example_dags/example_xcomargs.py
[2025-12-16T18:35:57.751+0000] {processor.py:914} INFO - Processing file /home/airflow/.local/lib/python3.12/site-packages/airflow/example_dags/example_xcomargs.py for tasks to queue
[2025-12-16T18:35:57.753+0000] {logging_mixin.py:190} INFO - [2025-12-16T18:35:57.753+0000] {dagbag.py:588} INFO - Filling up the DagBag from /home/airflow/.local/lib/python3.12/site-packages/airflow/example_dags/example_xcomargs.py
[2025-12-16T18:35:57.767+0000] {processor.py:925} INFO - DAG(s) 'example_xcom_args_with_operators', 'example_xcom_args' retrieved from /home/airflow/.local/lib/python3.12/site-packages/airflow/example_dags/example_xcomargs.py
[2025-12-16T18:35:57.795+0000] {logging_mixin.py:190} INFO - [2025-12-16T18:35:57.795+0000] {dag.py:3239} INFO - Sync 2 DAGs
[2025-12-16T18:35:57.815+0000] {logging_mixin.py:190} INFO - [2025-12-16T18:35:57.814+0000] {dag.py:4180} INFO - Setting next_dagrun for example_xcom_args to None, run_after=None
[2025-12-16T18:35:57.819+0000] {logging_mixin.py:190} INFO - [2025-12-16T18:35:57.819+0000] {dag.py:4180} INFO - Setting next_dagrun for example_xcom_args_with_operators to None, run_after=None
[2025-12-16T18:35:57.837+0000] {processor.py:208} INFO - Processing /home/airflow/.local/lib/python3.12/site-packages/airflow/example_dags/example_xcomargs.py took 0.095 seconds
[2025-12-16T18:36:28.970+0000] {processor.py:186} INFO - Started process (PID=4210) to work on /home/airflow/.local/lib/python3.12/site-packages/airflow/example_dags/example_xcomargs.py
[2025-12-16T18:36:28.971+0000] {processor.py:914} INFO - Processing file /home/airflow/.local/lib/python3.12/site-packages/airflow/example_dags/example_xcomargs.py for tasks to queue
[2025-12-16T18:36:28.974+0000] {logging_mixin.py:190} INFO - [2025-12-16T18:36:28.973+0000] {dagbag.py:588} INFO - Filling up the DagBag from /home/airflow/.local/lib/python3.12/site-packages/airflow/example_dags/example_xcomargs.py
[2025-12-16T18:36:28.987+0000] {processor.py:925} INFO - DAG(s) 'example_xcom_args', 'example_xcom_args_with_operators' retrieved from /home/airflow/.local/lib/python3.12/site-packages/airflow/example_dags/example_xcomargs.py
[2025-12-16T18:36:29.015+0000] {logging_mixin.py:190} INFO - [2025-12-16T18:36:29.014+0000] {dag.py:3239} INFO - Sync 2 DAGs
[2025-12-16T18:36:29.033+0000] {logging_mixin.py:190} INFO - [2025-12-16T18:36:29.033+0000] {dag.py:4180} INFO - Setting next_dagrun for example_xcom_args to None, run_after=None
[2025-12-16T18:36:29.037+0000] {logging_mixin.py:190} INFO - [2025-12-16T18:36:29.037+0000] {dag.py:4180} INFO - Setting next_dagrun for example_xcom_args_with_operators to None, run_after=None
[2025-12-16T18:36:29.055+0000] {processor.py:208} INFO - Processing /home/airflow/.local/lib/python3.12/site-packages/airflow/example_dags/example_xcomargs.py took 0.093 seconds
[2025-12-16T18:37:00.020+0000] {processor.py:186} INFO - Started process (PID=4501) to work on /home/airflow/.local/lib/python3.12/site-packages/airflow/example_dags/example_xcomargs.py
[2025-12-16T18:37:00.021+0000] {processor.py:914} INFO - Processing file /home/airflow/.local/lib/python3.12/site-packages/airflow/example_dags/example_xcomargs.py for tasks to queue
[2025-12-16T18:37:00.023+0000] {logging_mixin.py:190} INFO - [2025-12-16T18:37:00.023+0000] {dagbag.py:588} INFO - Filling up the DagBag from /home/airflow/.local/lib/python3.12/site-packages/airflow/example_dags/example_xcomargs.py
[2025-12-16T18:37:00.036+0000] {processor.py:925} INFO - DAG(s) 'example_xcom_args', 'example_xcom_args_with_operators' retrieved from /home/airflow/.local/lib/python3.12/site-packages/airflow/example_dags/example_xcomargs.py
[2025-12-16T18:37:00.066+0000] {logging_mixin.py:190} INFO - [2025-12-16T18:37:00.066+0000] {dag.py:3239} INFO - Sync 2 DAGs
[2025-12-16T18:37:00.085+0000] {logging_mixin.py:190} INFO - [2025-12-16T18:37:00.085+0000] {dag.py:4180} INFO - Setting next_dagrun for example_xcom_args to None, run_after=None
[2025-12-16T18:37:00.090+0000] {logging_mixin.py:190} INFO - [2025-12-16T18:37:00.090+0000] {dag.py:4180} INFO - Setting next_dagrun for example_xcom_args_with_operators to None, run_after=None
[2025-12-16T18:37:00.109+0000] {processor.py:208} INFO - Processing /home/airflow/.local/lib/python3.12/site-packages/airflow/example_dags/example_xcomargs.py took 0.097 seconds
[2025-12-16T18:37:31.133+0000] {processor.py:186} INFO - Started process (PID=4792) to work on /home/airflow/.local/lib/python3.12/site-packages/airflow/example_dags/example_xcomargs.py
[2025-12-16T18:37:31.134+0000] {processor.py:914} INFO - Processing file /home/airflow/.local/lib/python3.12/site-packages/airflow/example_dags/example_xcomargs.py for tasks to queue
[2025-12-16T18:37:31.136+0000] {logging_mixin.py:190} INFO - [2025-12-16T18:37:31.136+0000] {dagbag.py:588} INFO - Filling up the DagBag from /home/airflow/.local/lib/python3.12/site-packages/airflow/example_dags/example_xcomargs.py
[2025-12-16T18:37:31.150+0000] {processor.py:925} INFO - DAG(s) 'example_xcom_args_with_operators', 'example_xcom_args' retrieved from /home/airflow/.local/lib/python3.12/site-packages/airflow/example_dags/example_xcomargs.py
[2025-12-16T18:37:31.180+0000] {logging_mixin.py:190} INFO - [2025-12-16T18:37:31.179+0000] {dag.py:3239} INFO - Sync 2 DAGs
[2025-12-16T18:37:31.199+0000] {logging_mixin.py:190} INFO - [2025-12-16T18:37:31.199+0000] {dag.py:4180} INFO - Setting next_dagrun for example_xcom_args to None, run_after=None
[2025-12-16T18:37:31.204+0000] {logging_mixin.py:190} INFO - [2025-12-16T18:37:31.204+0000] {dag.py:4180} INFO - Setting next_dagrun for example_xcom_args_with_operators to None, run_after=None
[2025-12-16T18:37:31.224+0000] {processor.py:208} INFO - Processing /home/airflow/.local/lib/python3.12/site-packages/airflow/example_dags/example_xcomargs.py took 0.100 seconds
[2025-12-16T18:38:02.052+0000] {processor.py:186} INFO - Started process (PID=5083) to work on /home/airflow/.local/lib/python3.12/site-packages/airflow/example_dags/example_xcomargs.py
[2025-12-16T18:38:02.053+0000] {processor.py:914} INFO - Processing file /home/airflow/.local/lib/python3.12/site-packages/airflow/example_dags/example_xcomargs.py for tasks to queue
[2025-12-16T18:38:02.056+0000] {logging_mixin.py:190} INFO - [2025-12-16T18:38:02.056+0000] {dagbag.py:588} INFO - Filling up the DagBag from /home/airflow/.local/lib/python3.12/site-packages/airflow/example_dags/example_xcomargs.py
[2025-12-16T18:38:02.070+0000] {processor.py:925} INFO - DAG(s) 'example_xcom_args', 'example_xcom_args_with_operators' retrieved from /home/airflow/.local/lib/python3.12/site-packages/airflow/example_dags/example_xcomargs.py
[2025-12-16T18:38:02.100+0000] {logging_mixin.py:190} INFO - [2025-12-16T18:38:02.100+0000] {dag.py:3239} INFO - Sync 2 DAGs
[2025-12-16T18:38:02.120+0000] {logging_mixin.py:190} INFO - [2025-12-16T18:38:02.120+0000] {dag.py:4180} INFO - Setting next_dagrun for example_xcom_args to None, run_after=None
[2025-12-16T18:38:02.125+0000] {logging_mixin.py:190} INFO - [2025-12-16T18:38:02.125+0000] {dag.py:4180} INFO - Setting next_dagrun for example_xcom_args_with_operators to None, run_after=None
[2025-12-16T18:38:02.142+0000] {processor.py:208} INFO - Processing /home/airflow/.local/lib/python3.12/site-packages/airflow/example_dags/example_xcomargs.py took 0.099 seconds
[2025-12-16T18:38:33.642+0000] {processor.py:186} INFO - Started process (PID=5374) to work on /home/airflow/.local/lib/python3.12/site-packages/airflow/example_dags/example_xcomargs.py
[2025-12-16T18:38:33.643+0000] {processor.py:914} INFO - Processing file /home/airflow/.local/lib/python3.12/site-packages/airflow/example_dags/example_xcomargs.py for tasks to queue
[2025-12-16T18:38:33.647+0000] {logging_mixin.py:190} INFO - [2025-12-16T18:38:33.647+0000] {dagbag.py:588} INFO - Filling up the DagBag from /home/airflow/.local/lib/python3.12/site-packages/airflow/example_dags/example_xcomargs.py
[2025-12-16T18:38:33.662+0000] {processor.py:925} INFO - DAG(s) 'example_xcom_args', 'example_xcom_args_with_operators' retrieved from /home/airflow/.local/lib/python3.12/site-packages/airflow/example_dags/example_xcomargs.py
[2025-12-16T18:38:33.692+0000] {logging_mixin.py:190} INFO - [2025-12-16T18:38:33.692+0000] {dag.py:3239} INFO - Sync 2 DAGs
[2025-12-16T18:38:33.713+0000] {logging_mixin.py:190} INFO - [2025-12-16T18:38:33.713+0000] {dag.py:4180} INFO - Setting next_dagrun for example_xcom_args to None, run_after=None
[2025-12-16T18:38:33.718+0000] {logging_mixin.py:190} INFO - [2025-12-16T18:38:33.717+0000] {dag.py:4180} INFO - Setting next_dagrun for example_xcom_args_with_operators to None, run_after=None
[2025-12-16T18:38:33.737+0000] {processor.py:208} INFO - Processing /home/airflow/.local/lib/python3.12/site-packages/airflow/example_dags/example_xcomargs.py took 0.104 seconds
[2025-12-16T18:39:04.534+0000] {processor.py:186} INFO - Started process (PID=5665) to work on /home/airflow/.local/lib/python3.12/site-packages/airflow/example_dags/example_xcomargs.py
[2025-12-16T18:39:04.535+0000] {processor.py:914} INFO - Processing file /home/airflow/.local/lib/python3.12/site-packages/airflow/example_dags/example_xcomargs.py for tasks to queue
[2025-12-16T18:39:04.538+0000] {logging_mixin.py:190} INFO - [2025-12-16T18:39:04.538+0000] {dagbag.py:588} INFO - Filling up the DagBag from /home/airflow/.local/lib/python3.12/site-packages/airflow/example_dags/example_xcomargs.py
[2025-12-16T18:39:04.552+0000] {processor.py:925} INFO - DAG(s) 'example_xcom_args', 'example_xcom_args_with_operators' retrieved from /home/airflow/.local/lib/python3.12/site-packages/airflow/example_dags/example_xcomargs.py
[2025-12-16T18:39:04.583+0000] {logging_mixin.py:190} INFO - [2025-12-16T18:39:04.583+0000] {dag.py:3239} INFO - Sync 2 DAGs
[2025-12-16T18:39:04.604+0000] {logging_mixin.py:190} INFO - [2025-12-16T18:39:04.604+0000] {dag.py:4180} INFO - Setting next_dagrun for example_xcom_args to None, run_after=None
[2025-12-16T18:39:04.610+0000] {logging_mixin.py:190} INFO - [2025-12-16T18:39:04.609+0000] {dag.py:4180} INFO - Setting next_dagrun for example_xcom_args_with_operators to None, run_after=None
[2025-12-16T18:39:04.628+0000] {processor.py:208} INFO - Processing /home/airflow/.local/lib/python3.12/site-packages/airflow/example_dags/example_xcomargs.py took 0.103 seconds
[2025-12-16T18:39:35.909+0000] {processor.py:186} INFO - Started process (PID=5956) to work on /home/airflow/.local/lib/python3.12/site-packages/airflow/example_dags/example_xcomargs.py
[2025-12-16T18:39:35.910+0000] {processor.py:914} INFO - Processing file /home/airflow/.local/lib/python3.12/site-packages/airflow/example_dags/example_xcomargs.py for tasks to queue
[2025-12-16T18:39:35.913+0000] {logging_mixin.py:190} INFO - [2025-12-16T18:39:35.912+0000] {dagbag.py:588} INFO - Filling up the DagBag from /home/airflow/.local/lib/python3.12/site-packages/airflow/example_dags/example_xcomargs.py
[2025-12-16T18:39:35.926+0000] {processor.py:925} INFO - DAG(s) 'example_xcom_args', 'example_xcom_args_with_operators' retrieved from /home/airflow/.local/lib/python3.12/site-packages/airflow/example_dags/example_xcomargs.py
[2025-12-16T18:39:35.951+0000] {logging_mixin.py:190} INFO - [2025-12-16T18:39:35.951+0000] {dag.py:3239} INFO - Sync 2 DAGs
[2025-12-16T18:39:35.970+0000] {logging_mixin.py:190} INFO - [2025-12-16T18:39:35.970+0000] {dag.py:4180} INFO - Setting next_dagrun for example_xcom_args to None, run_after=None
[2025-12-16T18:39:35.975+0000] {logging_mixin.py:190} INFO - [2025-12-16T18:39:35.974+0000] {dag.py:4180} INFO - Setting next_dagrun for example_xcom_args_with_operators to None, run_after=None
[2025-12-16T18:39:35.992+0000] {processor.py:208} INFO - Processing /home/airflow/.local/lib/python3.12/site-packages/airflow/example_dags/example_xcomargs.py took 0.091 seconds
[2025-12-16T18:40:07.117+0000] {processor.py:186} INFO - Started process (PID=6249) to work on /home/airflow/.local/lib/python3.12/site-packages/airflow/example_dags/example_xcomargs.py
[2025-12-16T18:40:07.118+0000] {processor.py:914} INFO - Processing file /home/airflow/.local/lib/python3.12/site-packages/airflow/example_dags/example_xcomargs.py for tasks to queue
[2025-12-16T18:40:07.121+0000] {logging_mixin.py:190} INFO - [2025-12-16T18:40:07.121+0000] {dagbag.py:588} INFO - Filling up the DagBag from /home/airflow/.local/lib/python3.12/site-packages/airflow/example_dags/example_xcomargs.py
[2025-12-16T18:40:07.135+0000] {processor.py:925} INFO - DAG(s) 'example_xcom_args_with_operators', 'example_xcom_args' retrieved from /home/airflow/.local/lib/python3.12/site-packages/airflow/example_dags/example_xcomargs.py
[2025-12-16T18:40:07.164+0000] {logging_mixin.py:190} INFO - [2025-12-16T18:40:07.164+0000] {dag.py:3239} INFO - Sync 2 DAGs
[2025-12-16T18:40:07.183+0000] {logging_mixin.py:190} INFO - [2025-12-16T18:40:07.183+0000] {dag.py:4180} INFO - Setting next_dagrun for example_xcom_args to None, run_after=None
[2025-12-16T18:40:07.187+0000] {logging_mixin.py:190} INFO - [2025-12-16T18:40:07.187+0000] {dag.py:4180} INFO - Setting next_dagrun for example_xcom_args_with_operators to None, run_after=None
[2025-12-16T18:40:07.206+0000] {processor.py:208} INFO - Processing /home/airflow/.local/lib/python3.12/site-packages/airflow/example_dags/example_xcomargs.py took 0.097 seconds
[2025-12-16T18:40:39.387+0000] {processor.py:186} INFO - Started process (PID=6604) to work on /home/airflow/.local/lib/python3.12/site-packages/airflow/example_dags/example_xcomargs.py
[2025-12-16T18:40:39.388+0000] {processor.py:914} INFO - Processing file /home/airflow/.local/lib/python3.12/site-packages/airflow/example_dags/example_xcomargs.py for tasks to queue
[2025-12-16T18:40:39.391+0000] {logging_mixin.py:190} INFO - [2025-12-16T18:40:39.390+0000] {dagbag.py:588} INFO - Filling up the DagBag from /home/airflow/.local/lib/python3.12/site-packages/airflow/example_dags/example_xcomargs.py
[2025-12-16T18:40:39.405+0000] {processor.py:925} INFO - DAG(s) 'example_xcom_args', 'example_xcom_args_with_operators' retrieved from /home/airflow/.local/lib/python3.12/site-packages/airflow/example_dags/example_xcomargs.py
[2025-12-16T18:40:39.434+0000] {logging_mixin.py:190} INFO - [2025-12-16T18:40:39.434+0000] {dag.py:3239} INFO - Sync 2 DAGs
[2025-12-16T18:40:39.453+0000] {logging_mixin.py:190} INFO - [2025-12-16T18:40:39.453+0000] {dag.py:4180} INFO - Setting next_dagrun for example_xcom_args to None, run_after=None
[2025-12-16T18:40:39.458+0000] {logging_mixin.py:190} INFO - [2025-12-16T18:40:39.458+0000] {dag.py:4180} INFO - Setting next_dagrun for example_xcom_args_with_operators to None, run_after=None
[2025-12-16T18:40:39.477+0000] {processor.py:208} INFO - Processing /home/airflow/.local/lib/python3.12/site-packages/airflow/example_dags/example_xcomargs.py took 0.098 seconds
