[2025-12-16T18:26:48.954+0000] {processor.py:186} INFO - Started process (PID=397) to work on /home/airflow/.local/lib/python3.12/site-packages/airflow/example_dags/example_task_group.py
[2025-12-16T18:26:48.954+0000] {processor.py:914} INFO - Processing file /home/airflow/.local/lib/python3.12/site-packages/airflow/example_dags/example_task_group.py for tasks to queue
[2025-12-16T18:26:48.958+0000] {logging_mixin.py:190} INFO - [2025-12-16T18:26:48.957+0000] {dagbag.py:588} INFO - Filling up the DagBag from /home/airflow/.local/lib/python3.12/site-packages/airflow/example_dags/example_task_group.py
[2025-12-16T18:26:48.970+0000] {processor.py:925} INFO - DAG(s) 'example_task_group' retrieved from /home/airflow/.local/lib/python3.12/site-packages/airflow/example_dags/example_task_group.py
[2025-12-16T18:26:49.108+0000] {logging_mixin.py:190} INFO - [2025-12-16T18:26:49.107+0000] {override.py:1911} INFO - Created Permission View: can read on DAG:example_task_group
[2025-12-16T18:26:49.120+0000] {logging_mixin.py:190} INFO - [2025-12-16T18:26:49.119+0000] {override.py:1911} INFO - Created Permission View: can delete on DAG:example_task_group
[2025-12-16T18:26:49.127+0000] {logging_mixin.py:190} INFO - [2025-12-16T18:26:49.127+0000] {override.py:1911} INFO - Created Permission View: can edit on DAG:example_task_group
[2025-12-16T18:26:49.135+0000] {logging_mixin.py:190} INFO - [2025-12-16T18:26:49.134+0000] {override.py:1911} INFO - Created Permission View: can read on DAG Run:example_task_group
[2025-12-16T18:26:49.142+0000] {logging_mixin.py:190} INFO - [2025-12-16T18:26:49.141+0000] {override.py:1911} INFO - Created Permission View: can create on DAG Run:example_task_group
[2025-12-16T18:26:49.148+0000] {logging_mixin.py:190} INFO - [2025-12-16T18:26:49.148+0000] {override.py:1911} INFO - Created Permission View: menu access on DAG Run:example_task_group
[2025-12-16T18:26:49.156+0000] {logging_mixin.py:190} INFO - [2025-12-16T18:26:49.156+0000] {override.py:1911} INFO - Created Permission View: can delete on DAG Run:example_task_group
[2025-12-16T18:26:49.156+0000] {logging_mixin.py:190} INFO - [2025-12-16T18:26:49.156+0000] {dag.py:3239} INFO - Sync 1 DAGs
[2025-12-16T18:26:49.174+0000] {logging_mixin.py:190} INFO - [2025-12-16T18:26:49.174+0000] {dag.py:3262} INFO - Creating ORM DAG for example_task_group
[2025-12-16T18:26:49.175+0000] {logging_mixin.py:190} INFO - [2025-12-16T18:26:49.175+0000] {dag.py:4180} INFO - Setting next_dagrun for example_task_group to None, run_after=None
[2025-12-16T18:26:49.193+0000] {processor.py:208} INFO - Processing /home/airflow/.local/lib/python3.12/site-packages/airflow/example_dags/example_task_group.py took 0.247 seconds
[2025-12-16T18:27:19.581+0000] {processor.py:186} INFO - Started process (PID=688) to work on /home/airflow/.local/lib/python3.12/site-packages/airflow/example_dags/example_task_group.py
[2025-12-16T18:27:19.583+0000] {processor.py:914} INFO - Processing file /home/airflow/.local/lib/python3.12/site-packages/airflow/example_dags/example_task_group.py for tasks to queue
[2025-12-16T18:27:19.587+0000] {logging_mixin.py:190} INFO - [2025-12-16T18:27:19.586+0000] {dagbag.py:588} INFO - Filling up the DagBag from /home/airflow/.local/lib/python3.12/site-packages/airflow/example_dags/example_task_group.py
[2025-12-16T18:27:19.598+0000] {processor.py:925} INFO - DAG(s) 'example_task_group' retrieved from /home/airflow/.local/lib/python3.12/site-packages/airflow/example_dags/example_task_group.py
[2025-12-16T18:27:19.636+0000] {logging_mixin.py:190} INFO - [2025-12-16T18:27:19.636+0000] {dag.py:3239} INFO - Sync 1 DAGs
[2025-12-16T18:27:19.662+0000] {logging_mixin.py:190} INFO - [2025-12-16T18:27:19.661+0000] {dag.py:4180} INFO - Setting next_dagrun for example_task_group to None, run_after=None
[2025-12-16T18:27:19.701+0000] {processor.py:208} INFO - Processing /home/airflow/.local/lib/python3.12/site-packages/airflow/example_dags/example_task_group.py took 0.127 seconds
[2025-12-16T18:27:50.440+0000] {processor.py:186} INFO - Started process (PID=979) to work on /home/airflow/.local/lib/python3.12/site-packages/airflow/example_dags/example_task_group.py
[2025-12-16T18:27:50.441+0000] {processor.py:914} INFO - Processing file /home/airflow/.local/lib/python3.12/site-packages/airflow/example_dags/example_task_group.py for tasks to queue
[2025-12-16T18:27:50.444+0000] {logging_mixin.py:190} INFO - [2025-12-16T18:27:50.444+0000] {dagbag.py:588} INFO - Filling up the DagBag from /home/airflow/.local/lib/python3.12/site-packages/airflow/example_dags/example_task_group.py
[2025-12-16T18:27:50.456+0000] {processor.py:925} INFO - DAG(s) 'example_task_group' retrieved from /home/airflow/.local/lib/python3.12/site-packages/airflow/example_dags/example_task_group.py
[2025-12-16T18:27:50.483+0000] {logging_mixin.py:190} INFO - [2025-12-16T18:27:50.482+0000] {dag.py:3239} INFO - Sync 1 DAGs
[2025-12-16T18:27:50.505+0000] {logging_mixin.py:190} INFO - [2025-12-16T18:27:50.505+0000] {dag.py:4180} INFO - Setting next_dagrun for example_task_group to None, run_after=None
[2025-12-16T18:27:50.527+0000] {processor.py:208} INFO - Processing /home/airflow/.local/lib/python3.12/site-packages/airflow/example_dags/example_task_group.py took 0.095 seconds
[2025-12-16T18:29:43.654+0000] {processor.py:186} INFO - Started process (PID=397) to work on /home/airflow/.local/lib/python3.12/site-packages/airflow/example_dags/example_task_group.py
[2025-12-16T18:29:43.655+0000] {processor.py:914} INFO - Processing file /home/airflow/.local/lib/python3.12/site-packages/airflow/example_dags/example_task_group.py for tasks to queue
[2025-12-16T18:29:43.658+0000] {logging_mixin.py:190} INFO - [2025-12-16T18:29:43.657+0000] {dagbag.py:588} INFO - Filling up the DagBag from /home/airflow/.local/lib/python3.12/site-packages/airflow/example_dags/example_task_group.py
[2025-12-16T18:29:43.671+0000] {processor.py:925} INFO - DAG(s) 'example_task_group' retrieved from /home/airflow/.local/lib/python3.12/site-packages/airflow/example_dags/example_task_group.py
[2025-12-16T18:29:43.698+0000] {logging_mixin.py:190} INFO - [2025-12-16T18:29:43.698+0000] {dag.py:3239} INFO - Sync 1 DAGs
[2025-12-16T18:29:43.715+0000] {logging_mixin.py:190} INFO - [2025-12-16T18:29:43.715+0000] {dag.py:4180} INFO - Setting next_dagrun for example_task_group to None, run_after=None
[2025-12-16T18:29:43.736+0000] {processor.py:208} INFO - Processing /home/airflow/.local/lib/python3.12/site-packages/airflow/example_dags/example_task_group.py took 0.089 seconds
[2025-12-16T18:30:15.690+0000] {processor.py:186} INFO - Started process (PID=688) to work on /home/airflow/.local/lib/python3.12/site-packages/airflow/example_dags/example_task_group.py
[2025-12-16T18:30:15.691+0000] {processor.py:914} INFO - Processing file /home/airflow/.local/lib/python3.12/site-packages/airflow/example_dags/example_task_group.py for tasks to queue
[2025-12-16T18:30:15.694+0000] {logging_mixin.py:190} INFO - [2025-12-16T18:30:15.694+0000] {dagbag.py:588} INFO - Filling up the DagBag from /home/airflow/.local/lib/python3.12/site-packages/airflow/example_dags/example_task_group.py
[2025-12-16T18:30:15.705+0000] {processor.py:925} INFO - DAG(s) 'example_task_group' retrieved from /home/airflow/.local/lib/python3.12/site-packages/airflow/example_dags/example_task_group.py
[2025-12-16T18:30:15.734+0000] {logging_mixin.py:190} INFO - [2025-12-16T18:30:15.733+0000] {dag.py:3239} INFO - Sync 1 DAGs
[2025-12-16T18:30:15.752+0000] {logging_mixin.py:190} INFO - [2025-12-16T18:30:15.752+0000] {dag.py:4180} INFO - Setting next_dagrun for example_task_group to None, run_after=None
[2025-12-16T18:30:15.777+0000] {processor.py:208} INFO - Processing /home/airflow/.local/lib/python3.12/site-packages/airflow/example_dags/example_task_group.py took 0.096 seconds
[2025-12-16T18:30:46.212+0000] {processor.py:186} INFO - Started process (PID=979) to work on /home/airflow/.local/lib/python3.12/site-packages/airflow/example_dags/example_task_group.py
[2025-12-16T18:30:46.213+0000] {processor.py:914} INFO - Processing file /home/airflow/.local/lib/python3.12/site-packages/airflow/example_dags/example_task_group.py for tasks to queue
[2025-12-16T18:30:46.217+0000] {logging_mixin.py:190} INFO - [2025-12-16T18:30:46.217+0000] {dagbag.py:588} INFO - Filling up the DagBag from /home/airflow/.local/lib/python3.12/site-packages/airflow/example_dags/example_task_group.py
[2025-12-16T18:30:46.228+0000] {processor.py:925} INFO - DAG(s) 'example_task_group' retrieved from /home/airflow/.local/lib/python3.12/site-packages/airflow/example_dags/example_task_group.py
[2025-12-16T18:30:46.252+0000] {logging_mixin.py:190} INFO - [2025-12-16T18:30:46.252+0000] {dag.py:3239} INFO - Sync 1 DAGs
[2025-12-16T18:30:46.269+0000] {logging_mixin.py:190} INFO - [2025-12-16T18:30:46.269+0000] {dag.py:4180} INFO - Setting next_dagrun for example_task_group to None, run_after=None
[2025-12-16T18:30:46.288+0000] {processor.py:208} INFO - Processing /home/airflow/.local/lib/python3.12/site-packages/airflow/example_dags/example_task_group.py took 0.084 seconds
[2025-12-16T18:31:18.206+0000] {processor.py:186} INFO - Started process (PID=1270) to work on /home/airflow/.local/lib/python3.12/site-packages/airflow/example_dags/example_task_group.py
[2025-12-16T18:31:18.207+0000] {processor.py:914} INFO - Processing file /home/airflow/.local/lib/python3.12/site-packages/airflow/example_dags/example_task_group.py for tasks to queue
[2025-12-16T18:31:18.210+0000] {logging_mixin.py:190} INFO - [2025-12-16T18:31:18.209+0000] {dagbag.py:588} INFO - Filling up the DagBag from /home/airflow/.local/lib/python3.12/site-packages/airflow/example_dags/example_task_group.py
[2025-12-16T18:31:18.221+0000] {processor.py:925} INFO - DAG(s) 'example_task_group' retrieved from /home/airflow/.local/lib/python3.12/site-packages/airflow/example_dags/example_task_group.py
[2025-12-16T18:31:18.246+0000] {logging_mixin.py:190} INFO - [2025-12-16T18:31:18.246+0000] {dag.py:3239} INFO - Sync 1 DAGs
[2025-12-16T18:31:18.264+0000] {logging_mixin.py:190} INFO - [2025-12-16T18:31:18.264+0000] {dag.py:4180} INFO - Setting next_dagrun for example_task_group to None, run_after=None
[2025-12-16T18:31:18.286+0000] {processor.py:208} INFO - Processing /home/airflow/.local/lib/python3.12/site-packages/airflow/example_dags/example_task_group.py took 0.089 seconds
[2025-12-16T18:31:48.746+0000] {processor.py:186} INFO - Started process (PID=1561) to work on /home/airflow/.local/lib/python3.12/site-packages/airflow/example_dags/example_task_group.py
[2025-12-16T18:31:48.747+0000] {processor.py:914} INFO - Processing file /home/airflow/.local/lib/python3.12/site-packages/airflow/example_dags/example_task_group.py for tasks to queue
[2025-12-16T18:31:48.750+0000] {logging_mixin.py:190} INFO - [2025-12-16T18:31:48.750+0000] {dagbag.py:588} INFO - Filling up the DagBag from /home/airflow/.local/lib/python3.12/site-packages/airflow/example_dags/example_task_group.py
[2025-12-16T18:31:48.762+0000] {processor.py:925} INFO - DAG(s) 'example_task_group' retrieved from /home/airflow/.local/lib/python3.12/site-packages/airflow/example_dags/example_task_group.py
[2025-12-16T18:31:48.794+0000] {logging_mixin.py:190} INFO - [2025-12-16T18:31:48.793+0000] {dag.py:3239} INFO - Sync 1 DAGs
[2025-12-16T18:31:48.815+0000] {logging_mixin.py:190} INFO - [2025-12-16T18:31:48.815+0000] {dag.py:4180} INFO - Setting next_dagrun for example_task_group to None, run_after=None
[2025-12-16T18:31:48.838+0000] {processor.py:208} INFO - Processing /home/airflow/.local/lib/python3.12/site-packages/airflow/example_dags/example_task_group.py took 0.100 seconds
[2025-12-16T18:32:18.989+0000] {processor.py:186} INFO - Started process (PID=1847) to work on /home/airflow/.local/lib/python3.12/site-packages/airflow/example_dags/example_task_group.py
[2025-12-16T18:32:18.990+0000] {processor.py:914} INFO - Processing file /home/airflow/.local/lib/python3.12/site-packages/airflow/example_dags/example_task_group.py for tasks to queue
[2025-12-16T18:32:18.993+0000] {logging_mixin.py:190} INFO - [2025-12-16T18:32:18.993+0000] {dagbag.py:588} INFO - Filling up the DagBag from /home/airflow/.local/lib/python3.12/site-packages/airflow/example_dags/example_task_group.py
[2025-12-16T18:32:19.004+0000] {processor.py:925} INFO - DAG(s) 'example_task_group' retrieved from /home/airflow/.local/lib/python3.12/site-packages/airflow/example_dags/example_task_group.py
[2025-12-16T18:32:19.029+0000] {logging_mixin.py:190} INFO - [2025-12-16T18:32:19.029+0000] {dag.py:3239} INFO - Sync 1 DAGs
[2025-12-16T18:32:19.048+0000] {logging_mixin.py:190} INFO - [2025-12-16T18:32:19.047+0000] {dag.py:4180} INFO - Setting next_dagrun for example_task_group to None, run_after=None
[2025-12-16T18:32:19.068+0000] {processor.py:208} INFO - Processing /home/airflow/.local/lib/python3.12/site-packages/airflow/example_dags/example_task_group.py took 0.087 seconds
[2025-12-16T18:32:50.148+0000] {processor.py:186} INFO - Started process (PID=2138) to work on /home/airflow/.local/lib/python3.12/site-packages/airflow/example_dags/example_task_group.py
[2025-12-16T18:32:50.149+0000] {processor.py:914} INFO - Processing file /home/airflow/.local/lib/python3.12/site-packages/airflow/example_dags/example_task_group.py for tasks to queue
[2025-12-16T18:32:50.153+0000] {logging_mixin.py:190} INFO - [2025-12-16T18:32:50.153+0000] {dagbag.py:588} INFO - Filling up the DagBag from /home/airflow/.local/lib/python3.12/site-packages/airflow/example_dags/example_task_group.py
[2025-12-16T18:32:50.168+0000] {processor.py:925} INFO - DAG(s) 'example_task_group' retrieved from /home/airflow/.local/lib/python3.12/site-packages/airflow/example_dags/example_task_group.py
[2025-12-16T18:32:50.206+0000] {logging_mixin.py:190} INFO - [2025-12-16T18:32:50.205+0000] {dag.py:3239} INFO - Sync 1 DAGs
[2025-12-16T18:32:50.227+0000] {logging_mixin.py:190} INFO - [2025-12-16T18:32:50.227+0000] {dag.py:4180} INFO - Setting next_dagrun for example_task_group to None, run_after=None
[2025-12-16T18:32:50.248+0000] {processor.py:208} INFO - Processing /home/airflow/.local/lib/python3.12/site-packages/airflow/example_dags/example_task_group.py took 0.110 seconds
[2025-12-16T18:33:21.547+0000] {processor.py:186} INFO - Started process (PID=2429) to work on /home/airflow/.local/lib/python3.12/site-packages/airflow/example_dags/example_task_group.py
[2025-12-16T18:33:21.548+0000] {processor.py:914} INFO - Processing file /home/airflow/.local/lib/python3.12/site-packages/airflow/example_dags/example_task_group.py for tasks to queue
[2025-12-16T18:33:21.551+0000] {logging_mixin.py:190} INFO - [2025-12-16T18:33:21.551+0000] {dagbag.py:588} INFO - Filling up the DagBag from /home/airflow/.local/lib/python3.12/site-packages/airflow/example_dags/example_task_group.py
[2025-12-16T18:33:21.561+0000] {processor.py:925} INFO - DAG(s) 'example_task_group' retrieved from /home/airflow/.local/lib/python3.12/site-packages/airflow/example_dags/example_task_group.py
[2025-12-16T18:33:21.586+0000] {logging_mixin.py:190} INFO - [2025-12-16T18:33:21.586+0000] {dag.py:3239} INFO - Sync 1 DAGs
[2025-12-16T18:33:21.604+0000] {logging_mixin.py:190} INFO - [2025-12-16T18:33:21.603+0000] {dag.py:4180} INFO - Setting next_dagrun for example_task_group to None, run_after=None
[2025-12-16T18:33:21.624+0000] {processor.py:208} INFO - Processing /home/airflow/.local/lib/python3.12/site-packages/airflow/example_dags/example_task_group.py took 0.085 seconds
[2025-12-16T18:33:52.560+0000] {processor.py:186} INFO - Started process (PID=2720) to work on /home/airflow/.local/lib/python3.12/site-packages/airflow/example_dags/example_task_group.py
[2025-12-16T18:33:52.561+0000] {processor.py:914} INFO - Processing file /home/airflow/.local/lib/python3.12/site-packages/airflow/example_dags/example_task_group.py for tasks to queue
[2025-12-16T18:33:52.564+0000] {logging_mixin.py:190} INFO - [2025-12-16T18:33:52.564+0000] {dagbag.py:588} INFO - Filling up the DagBag from /home/airflow/.local/lib/python3.12/site-packages/airflow/example_dags/example_task_group.py
[2025-12-16T18:33:52.576+0000] {processor.py:925} INFO - DAG(s) 'example_task_group' retrieved from /home/airflow/.local/lib/python3.12/site-packages/airflow/example_dags/example_task_group.py
[2025-12-16T18:33:52.602+0000] {logging_mixin.py:190} INFO - [2025-12-16T18:33:52.602+0000] {dag.py:3239} INFO - Sync 1 DAGs
[2025-12-16T18:33:52.621+0000] {logging_mixin.py:190} INFO - [2025-12-16T18:33:52.620+0000] {dag.py:4180} INFO - Setting next_dagrun for example_task_group to None, run_after=None
[2025-12-16T18:33:52.642+0000] {processor.py:208} INFO - Processing /home/airflow/.local/lib/python3.12/site-packages/airflow/example_dags/example_task_group.py took 0.091 seconds
[2025-12-16T18:34:23.459+0000] {processor.py:186} INFO - Started process (PID=3011) to work on /home/airflow/.local/lib/python3.12/site-packages/airflow/example_dags/example_task_group.py
[2025-12-16T18:34:23.460+0000] {processor.py:914} INFO - Processing file /home/airflow/.local/lib/python3.12/site-packages/airflow/example_dags/example_task_group.py for tasks to queue
[2025-12-16T18:34:23.463+0000] {logging_mixin.py:190} INFO - [2025-12-16T18:34:23.462+0000] {dagbag.py:588} INFO - Filling up the DagBag from /home/airflow/.local/lib/python3.12/site-packages/airflow/example_dags/example_task_group.py
[2025-12-16T18:34:23.473+0000] {processor.py:925} INFO - DAG(s) 'example_task_group' retrieved from /home/airflow/.local/lib/python3.12/site-packages/airflow/example_dags/example_task_group.py
[2025-12-16T18:34:23.498+0000] {logging_mixin.py:190} INFO - [2025-12-16T18:34:23.498+0000] {dag.py:3239} INFO - Sync 1 DAGs
[2025-12-16T18:34:23.516+0000] {logging_mixin.py:190} INFO - [2025-12-16T18:34:23.516+0000] {dag.py:4180} INFO - Setting next_dagrun for example_task_group to None, run_after=None
[2025-12-16T18:34:23.535+0000] {processor.py:208} INFO - Processing /home/airflow/.local/lib/python3.12/site-packages/airflow/example_dags/example_task_group.py took 0.084 seconds
[2025-12-16T18:34:54.637+0000] {processor.py:186} INFO - Started process (PID=3302) to work on /home/airflow/.local/lib/python3.12/site-packages/airflow/example_dags/example_task_group.py
[2025-12-16T18:34:54.638+0000] {processor.py:914} INFO - Processing file /home/airflow/.local/lib/python3.12/site-packages/airflow/example_dags/example_task_group.py for tasks to queue
[2025-12-16T18:34:54.641+0000] {logging_mixin.py:190} INFO - [2025-12-16T18:34:54.640+0000] {dagbag.py:588} INFO - Filling up the DagBag from /home/airflow/.local/lib/python3.12/site-packages/airflow/example_dags/example_task_group.py
[2025-12-16T18:34:54.651+0000] {processor.py:925} INFO - DAG(s) 'example_task_group' retrieved from /home/airflow/.local/lib/python3.12/site-packages/airflow/example_dags/example_task_group.py
[2025-12-16T18:34:54.676+0000] {logging_mixin.py:190} INFO - [2025-12-16T18:34:54.676+0000] {dag.py:3239} INFO - Sync 1 DAGs
[2025-12-16T18:34:54.694+0000] {logging_mixin.py:190} INFO - [2025-12-16T18:34:54.693+0000] {dag.py:4180} INFO - Setting next_dagrun for example_task_group to None, run_after=None
[2025-12-16T18:34:54.714+0000] {processor.py:208} INFO - Processing /home/airflow/.local/lib/python3.12/site-packages/airflow/example_dags/example_task_group.py took 0.085 seconds
[2025-12-16T18:35:25.994+0000] {processor.py:186} INFO - Started process (PID=3593) to work on /home/airflow/.local/lib/python3.12/site-packages/airflow/example_dags/example_task_group.py
[2025-12-16T18:35:25.995+0000] {processor.py:914} INFO - Processing file /home/airflow/.local/lib/python3.12/site-packages/airflow/example_dags/example_task_group.py for tasks to queue
[2025-12-16T18:35:25.998+0000] {logging_mixin.py:190} INFO - [2025-12-16T18:35:25.998+0000] {dagbag.py:588} INFO - Filling up the DagBag from /home/airflow/.local/lib/python3.12/site-packages/airflow/example_dags/example_task_group.py
[2025-12-16T18:35:26.008+0000] {processor.py:925} INFO - DAG(s) 'example_task_group' retrieved from /home/airflow/.local/lib/python3.12/site-packages/airflow/example_dags/example_task_group.py
[2025-12-16T18:35:26.034+0000] {logging_mixin.py:190} INFO - [2025-12-16T18:35:26.033+0000] {dag.py:3239} INFO - Sync 1 DAGs
[2025-12-16T18:35:26.053+0000] {logging_mixin.py:190} INFO - [2025-12-16T18:35:26.052+0000] {dag.py:4180} INFO - Setting next_dagrun for example_task_group to None, run_after=None
[2025-12-16T18:35:26.073+0000] {processor.py:208} INFO - Processing /home/airflow/.local/lib/python3.12/site-packages/airflow/example_dags/example_task_group.py took 0.086 seconds
[2025-12-16T18:35:57.195+0000] {processor.py:186} INFO - Started process (PID=3884) to work on /home/airflow/.local/lib/python3.12/site-packages/airflow/example_dags/example_task_group.py
[2025-12-16T18:35:57.196+0000] {processor.py:914} INFO - Processing file /home/airflow/.local/lib/python3.12/site-packages/airflow/example_dags/example_task_group.py for tasks to queue
[2025-12-16T18:35:57.199+0000] {logging_mixin.py:190} INFO - [2025-12-16T18:35:57.198+0000] {dagbag.py:588} INFO - Filling up the DagBag from /home/airflow/.local/lib/python3.12/site-packages/airflow/example_dags/example_task_group.py
[2025-12-16T18:35:57.209+0000] {processor.py:925} INFO - DAG(s) 'example_task_group' retrieved from /home/airflow/.local/lib/python3.12/site-packages/airflow/example_dags/example_task_group.py
[2025-12-16T18:35:57.235+0000] {logging_mixin.py:190} INFO - [2025-12-16T18:35:57.234+0000] {dag.py:3239} INFO - Sync 1 DAGs
[2025-12-16T18:35:57.251+0000] {logging_mixin.py:190} INFO - [2025-12-16T18:35:57.251+0000] {dag.py:4180} INFO - Setting next_dagrun for example_task_group to None, run_after=None
[2025-12-16T18:35:57.272+0000] {processor.py:208} INFO - Processing /home/airflow/.local/lib/python3.12/site-packages/airflow/example_dags/example_task_group.py took 0.086 seconds
[2025-12-16T18:36:28.367+0000] {processor.py:186} INFO - Started process (PID=4175) to work on /home/airflow/.local/lib/python3.12/site-packages/airflow/example_dags/example_task_group.py
[2025-12-16T18:36:28.368+0000] {processor.py:914} INFO - Processing file /home/airflow/.local/lib/python3.12/site-packages/airflow/example_dags/example_task_group.py for tasks to queue
[2025-12-16T18:36:28.371+0000] {logging_mixin.py:190} INFO - [2025-12-16T18:36:28.371+0000] {dagbag.py:588} INFO - Filling up the DagBag from /home/airflow/.local/lib/python3.12/site-packages/airflow/example_dags/example_task_group.py
[2025-12-16T18:36:28.383+0000] {processor.py:925} INFO - DAG(s) 'example_task_group' retrieved from /home/airflow/.local/lib/python3.12/site-packages/airflow/example_dags/example_task_group.py
[2025-12-16T18:36:28.411+0000] {logging_mixin.py:190} INFO - [2025-12-16T18:36:28.411+0000] {dag.py:3239} INFO - Sync 1 DAGs
[2025-12-16T18:36:28.430+0000] {logging_mixin.py:190} INFO - [2025-12-16T18:36:28.430+0000] {dag.py:4180} INFO - Setting next_dagrun for example_task_group to None, run_after=None
[2025-12-16T18:36:28.452+0000] {processor.py:208} INFO - Processing /home/airflow/.local/lib/python3.12/site-packages/airflow/example_dags/example_task_group.py took 0.093 seconds
[2025-12-16T18:36:59.432+0000] {processor.py:186} INFO - Started process (PID=4466) to work on /home/airflow/.local/lib/python3.12/site-packages/airflow/example_dags/example_task_group.py
[2025-12-16T18:36:59.434+0000] {processor.py:914} INFO - Processing file /home/airflow/.local/lib/python3.12/site-packages/airflow/example_dags/example_task_group.py for tasks to queue
[2025-12-16T18:36:59.437+0000] {logging_mixin.py:190} INFO - [2025-12-16T18:36:59.437+0000] {dagbag.py:588} INFO - Filling up the DagBag from /home/airflow/.local/lib/python3.12/site-packages/airflow/example_dags/example_task_group.py
[2025-12-16T18:36:59.449+0000] {processor.py:925} INFO - DAG(s) 'example_task_group' retrieved from /home/airflow/.local/lib/python3.12/site-packages/airflow/example_dags/example_task_group.py
[2025-12-16T18:36:59.486+0000] {logging_mixin.py:190} INFO - [2025-12-16T18:36:59.485+0000] {dag.py:3239} INFO - Sync 1 DAGs
[2025-12-16T18:36:59.506+0000] {logging_mixin.py:190} INFO - [2025-12-16T18:36:59.506+0000] {dag.py:4180} INFO - Setting next_dagrun for example_task_group to None, run_after=None
[2025-12-16T18:36:59.531+0000] {processor.py:208} INFO - Processing /home/airflow/.local/lib/python3.12/site-packages/airflow/example_dags/example_task_group.py took 0.107 seconds
[2025-12-16T18:37:30.575+0000] {processor.py:186} INFO - Started process (PID=4757) to work on /home/airflow/.local/lib/python3.12/site-packages/airflow/example_dags/example_task_group.py
[2025-12-16T18:37:30.576+0000] {processor.py:914} INFO - Processing file /home/airflow/.local/lib/python3.12/site-packages/airflow/example_dags/example_task_group.py for tasks to queue
[2025-12-16T18:37:30.580+0000] {logging_mixin.py:190} INFO - [2025-12-16T18:37:30.580+0000] {dagbag.py:588} INFO - Filling up the DagBag from /home/airflow/.local/lib/python3.12/site-packages/airflow/example_dags/example_task_group.py
[2025-12-16T18:37:30.592+0000] {processor.py:925} INFO - DAG(s) 'example_task_group' retrieved from /home/airflow/.local/lib/python3.12/site-packages/airflow/example_dags/example_task_group.py
[2025-12-16T18:37:30.618+0000] {logging_mixin.py:190} INFO - [2025-12-16T18:37:30.617+0000] {dag.py:3239} INFO - Sync 1 DAGs
[2025-12-16T18:37:30.638+0000] {logging_mixin.py:190} INFO - [2025-12-16T18:37:30.637+0000] {dag.py:4180} INFO - Setting next_dagrun for example_task_group to None, run_after=None
[2025-12-16T18:37:30.659+0000] {processor.py:208} INFO - Processing /home/airflow/.local/lib/python3.12/site-packages/airflow/example_dags/example_task_group.py took 0.092 seconds
[2025-12-16T18:38:01.362+0000] {processor.py:186} INFO - Started process (PID=5048) to work on /home/airflow/.local/lib/python3.12/site-packages/airflow/example_dags/example_task_group.py
[2025-12-16T18:38:01.364+0000] {processor.py:914} INFO - Processing file /home/airflow/.local/lib/python3.12/site-packages/airflow/example_dags/example_task_group.py for tasks to queue
[2025-12-16T18:38:01.367+0000] {logging_mixin.py:190} INFO - [2025-12-16T18:38:01.366+0000] {dagbag.py:588} INFO - Filling up the DagBag from /home/airflow/.local/lib/python3.12/site-packages/airflow/example_dags/example_task_group.py
[2025-12-16T18:38:01.379+0000] {processor.py:925} INFO - DAG(s) 'example_task_group' retrieved from /home/airflow/.local/lib/python3.12/site-packages/airflow/example_dags/example_task_group.py
[2025-12-16T18:38:01.406+0000] {logging_mixin.py:190} INFO - [2025-12-16T18:38:01.405+0000] {dag.py:3239} INFO - Sync 1 DAGs
[2025-12-16T18:38:01.424+0000] {logging_mixin.py:190} INFO - [2025-12-16T18:38:01.424+0000] {dag.py:4180} INFO - Setting next_dagrun for example_task_group to None, run_after=None
[2025-12-16T18:38:01.446+0000] {processor.py:208} INFO - Processing /home/airflow/.local/lib/python3.12/site-packages/airflow/example_dags/example_task_group.py took 0.093 seconds
[2025-12-16T18:38:33.024+0000] {processor.py:186} INFO - Started process (PID=5339) to work on /home/airflow/.local/lib/python3.12/site-packages/airflow/example_dags/example_task_group.py
[2025-12-16T18:38:33.026+0000] {processor.py:914} INFO - Processing file /home/airflow/.local/lib/python3.12/site-packages/airflow/example_dags/example_task_group.py for tasks to queue
[2025-12-16T18:38:33.030+0000] {logging_mixin.py:190} INFO - [2025-12-16T18:38:33.029+0000] {dagbag.py:588} INFO - Filling up the DagBag from /home/airflow/.local/lib/python3.12/site-packages/airflow/example_dags/example_task_group.py
[2025-12-16T18:38:33.042+0000] {processor.py:925} INFO - DAG(s) 'example_task_group' retrieved from /home/airflow/.local/lib/python3.12/site-packages/airflow/example_dags/example_task_group.py
[2025-12-16T18:38:33.069+0000] {logging_mixin.py:190} INFO - [2025-12-16T18:38:33.069+0000] {dag.py:3239} INFO - Sync 1 DAGs
[2025-12-16T18:38:33.090+0000] {logging_mixin.py:190} INFO - [2025-12-16T18:38:33.090+0000] {dag.py:4180} INFO - Setting next_dagrun for example_task_group to None, run_after=None
[2025-12-16T18:38:33.113+0000] {processor.py:208} INFO - Processing /home/airflow/.local/lib/python3.12/site-packages/airflow/example_dags/example_task_group.py took 0.097 seconds
[2025-12-16T18:39:03.965+0000] {processor.py:186} INFO - Started process (PID=5630) to work on /home/airflow/.local/lib/python3.12/site-packages/airflow/example_dags/example_task_group.py
[2025-12-16T18:39:03.966+0000] {processor.py:914} INFO - Processing file /home/airflow/.local/lib/python3.12/site-packages/airflow/example_dags/example_task_group.py for tasks to queue
[2025-12-16T18:39:03.969+0000] {logging_mixin.py:190} INFO - [2025-12-16T18:39:03.969+0000] {dagbag.py:588} INFO - Filling up the DagBag from /home/airflow/.local/lib/python3.12/site-packages/airflow/example_dags/example_task_group.py
[2025-12-16T18:39:03.980+0000] {processor.py:925} INFO - DAG(s) 'example_task_group' retrieved from /home/airflow/.local/lib/python3.12/site-packages/airflow/example_dags/example_task_group.py
[2025-12-16T18:39:04.006+0000] {logging_mixin.py:190} INFO - [2025-12-16T18:39:04.005+0000] {dag.py:3239} INFO - Sync 1 DAGs
[2025-12-16T18:39:04.024+0000] {logging_mixin.py:190} INFO - [2025-12-16T18:39:04.023+0000] {dag.py:4180} INFO - Setting next_dagrun for example_task_group to None, run_after=None
[2025-12-16T18:39:04.043+0000] {processor.py:208} INFO - Processing /home/airflow/.local/lib/python3.12/site-packages/airflow/example_dags/example_task_group.py took 0.085 seconds
[2025-12-16T18:39:35.290+0000] {processor.py:186} INFO - Started process (PID=5921) to work on /home/airflow/.local/lib/python3.12/site-packages/airflow/example_dags/example_task_group.py
[2025-12-16T18:39:35.291+0000] {processor.py:914} INFO - Processing file /home/airflow/.local/lib/python3.12/site-packages/airflow/example_dags/example_task_group.py for tasks to queue
[2025-12-16T18:39:35.294+0000] {logging_mixin.py:190} INFO - [2025-12-16T18:39:35.294+0000] {dagbag.py:588} INFO - Filling up the DagBag from /home/airflow/.local/lib/python3.12/site-packages/airflow/example_dags/example_task_group.py
[2025-12-16T18:39:35.305+0000] {processor.py:925} INFO - DAG(s) 'example_task_group' retrieved from /home/airflow/.local/lib/python3.12/site-packages/airflow/example_dags/example_task_group.py
[2025-12-16T18:39:35.329+0000] {logging_mixin.py:190} INFO - [2025-12-16T18:39:35.329+0000] {dag.py:3239} INFO - Sync 1 DAGs
[2025-12-16T18:39:35.347+0000] {logging_mixin.py:190} INFO - [2025-12-16T18:39:35.347+0000] {dag.py:4180} INFO - Setting next_dagrun for example_task_group to None, run_after=None
[2025-12-16T18:39:35.366+0000] {processor.py:208} INFO - Processing /home/airflow/.local/lib/python3.12/site-packages/airflow/example_dags/example_task_group.py took 0.085 seconds
[2025-12-16T18:40:06.121+0000] {processor.py:186} INFO - Started process (PID=6207) to work on /home/airflow/.local/lib/python3.12/site-packages/airflow/example_dags/example_task_group.py
[2025-12-16T18:40:06.122+0000] {processor.py:914} INFO - Processing file /home/airflow/.local/lib/python3.12/site-packages/airflow/example_dags/example_task_group.py for tasks to queue
[2025-12-16T18:40:06.126+0000] {logging_mixin.py:190} INFO - [2025-12-16T18:40:06.125+0000] {dagbag.py:588} INFO - Filling up the DagBag from /home/airflow/.local/lib/python3.12/site-packages/airflow/example_dags/example_task_group.py
[2025-12-16T18:40:06.139+0000] {processor.py:925} INFO - DAG(s) 'example_task_group' retrieved from /home/airflow/.local/lib/python3.12/site-packages/airflow/example_dags/example_task_group.py
[2025-12-16T18:40:06.166+0000] {logging_mixin.py:190} INFO - [2025-12-16T18:40:06.166+0000] {dag.py:3239} INFO - Sync 1 DAGs
[2025-12-16T18:40:06.184+0000] {logging_mixin.py:190} INFO - [2025-12-16T18:40:06.184+0000] {dag.py:4180} INFO - Setting next_dagrun for example_task_group to None, run_after=None
[2025-12-16T18:40:06.203+0000] {processor.py:208} INFO - Processing /home/airflow/.local/lib/python3.12/site-packages/airflow/example_dags/example_task_group.py took 0.090 seconds
[2025-12-16T18:40:38.379+0000] {processor.py:186} INFO - Started process (PID=6498) to work on /home/airflow/.local/lib/python3.12/site-packages/airflow/example_dags/example_task_group.py
[2025-12-16T18:40:38.380+0000] {processor.py:914} INFO - Processing file /home/airflow/.local/lib/python3.12/site-packages/airflow/example_dags/example_task_group.py for tasks to queue
[2025-12-16T18:40:38.383+0000] {logging_mixin.py:190} INFO - [2025-12-16T18:40:38.383+0000] {dagbag.py:588} INFO - Filling up the DagBag from /home/airflow/.local/lib/python3.12/site-packages/airflow/example_dags/example_task_group.py
[2025-12-16T18:40:38.394+0000] {processor.py:925} INFO - DAG(s) 'example_task_group' retrieved from /home/airflow/.local/lib/python3.12/site-packages/airflow/example_dags/example_task_group.py
[2025-12-16T18:40:38.420+0000] {logging_mixin.py:190} INFO - [2025-12-16T18:40:38.419+0000] {dag.py:3239} INFO - Sync 1 DAGs
[2025-12-16T18:40:38.438+0000] {logging_mixin.py:190} INFO - [2025-12-16T18:40:38.437+0000] {dag.py:4180} INFO - Setting next_dagrun for example_task_group to None, run_after=None
[2025-12-16T18:40:38.458+0000] {processor.py:208} INFO - Processing /home/airflow/.local/lib/python3.12/site-packages/airflow/example_dags/example_task_group.py took 0.088 seconds
