[2025-12-16T18:26:40.197+0000] {processor.py:186} INFO - Started process (PID=241) to work on /home/airflow/.local/lib/python3.12/site-packages/airflow/example_dags/example_complex.py
[2025-12-16T18:26:40.198+0000] {processor.py:914} INFO - Processing file /home/airflow/.local/lib/python3.12/site-packages/airflow/example_dags/example_complex.py for tasks to queue
[2025-12-16T18:26:40.200+0000] {logging_mixin.py:190} INFO - [2025-12-16T18:26:40.200+0000] {dagbag.py:588} INFO - Filling up the DagBag from /home/airflow/.local/lib/python3.12/site-packages/airflow/example_dags/example_complex.py
[2025-12-16T18:26:40.218+0000] {processor.py:925} INFO - DAG(s) 'example_complex' retrieved from /home/airflow/.local/lib/python3.12/site-packages/airflow/example_dags/example_complex.py
[2025-12-16T18:26:40.378+0000] {logging_mixin.py:190} INFO - [2025-12-16T18:26:40.377+0000] {override.py:1911} INFO - Created Permission View: can read on DAG:example_complex
[2025-12-16T18:26:40.390+0000] {logging_mixin.py:190} INFO - [2025-12-16T18:26:40.389+0000] {override.py:1911} INFO - Created Permission View: can delete on DAG:example_complex
[2025-12-16T18:26:40.397+0000] {logging_mixin.py:190} INFO - [2025-12-16T18:26:40.397+0000] {override.py:1911} INFO - Created Permission View: can edit on DAG:example_complex
[2025-12-16T18:26:40.406+0000] {logging_mixin.py:190} INFO - [2025-12-16T18:26:40.405+0000] {override.py:1911} INFO - Created Permission View: can read on DAG Run:example_complex
[2025-12-16T18:26:40.414+0000] {logging_mixin.py:190} INFO - [2025-12-16T18:26:40.413+0000] {override.py:1911} INFO - Created Permission View: can create on DAG Run:example_complex
[2025-12-16T18:26:40.423+0000] {logging_mixin.py:190} INFO - [2025-12-16T18:26:40.422+0000] {override.py:1911} INFO - Created Permission View: menu access on DAG Run:example_complex
[2025-12-16T18:26:40.430+0000] {logging_mixin.py:190} INFO - [2025-12-16T18:26:40.429+0000] {override.py:1911} INFO - Created Permission View: can delete on DAG Run:example_complex
[2025-12-16T18:26:40.430+0000] {logging_mixin.py:190} INFO - [2025-12-16T18:26:40.430+0000] {dag.py:3239} INFO - Sync 1 DAGs
[2025-12-16T18:26:40.445+0000] {logging_mixin.py:190} INFO - [2025-12-16T18:26:40.445+0000] {dag.py:3262} INFO - Creating ORM DAG for example_complex
[2025-12-16T18:26:40.446+0000] {logging_mixin.py:190} INFO - [2025-12-16T18:26:40.446+0000] {dag.py:4180} INFO - Setting next_dagrun for example_complex to None, run_after=None
[2025-12-16T18:26:40.467+0000] {processor.py:208} INFO - Processing /home/airflow/.local/lib/python3.12/site-packages/airflow/example_dags/example_complex.py took 0.278 seconds
[2025-12-16T18:27:10.977+0000] {processor.py:186} INFO - Started process (PID=534) to work on /home/airflow/.local/lib/python3.12/site-packages/airflow/example_dags/example_complex.py
[2025-12-16T18:27:10.978+0000] {processor.py:914} INFO - Processing file /home/airflow/.local/lib/python3.12/site-packages/airflow/example_dags/example_complex.py for tasks to queue
[2025-12-16T18:27:10.980+0000] {logging_mixin.py:190} INFO - [2025-12-16T18:27:10.980+0000] {dagbag.py:588} INFO - Filling up the DagBag from /home/airflow/.local/lib/python3.12/site-packages/airflow/example_dags/example_complex.py
[2025-12-16T18:27:10.996+0000] {processor.py:925} INFO - DAG(s) 'example_complex' retrieved from /home/airflow/.local/lib/python3.12/site-packages/airflow/example_dags/example_complex.py
[2025-12-16T18:27:11.049+0000] {logging_mixin.py:190} INFO - [2025-12-16T18:27:11.049+0000] {dag.py:3239} INFO - Sync 1 DAGs
[2025-12-16T18:27:11.082+0000] {logging_mixin.py:190} INFO - [2025-12-16T18:27:11.080+0000] {dag.py:4180} INFO - Setting next_dagrun for example_complex to None, run_after=None
[2025-12-16T18:27:11.120+0000] {processor.py:208} INFO - Processing /home/airflow/.local/lib/python3.12/site-packages/airflow/example_dags/example_complex.py took 0.151 seconds
[2025-12-16T18:27:41.865+0000] {processor.py:186} INFO - Started process (PID=823) to work on /home/airflow/.local/lib/python3.12/site-packages/airflow/example_dags/example_complex.py
[2025-12-16T18:27:41.866+0000] {processor.py:914} INFO - Processing file /home/airflow/.local/lib/python3.12/site-packages/airflow/example_dags/example_complex.py for tasks to queue
[2025-12-16T18:27:41.870+0000] {logging_mixin.py:190} INFO - [2025-12-16T18:27:41.869+0000] {dagbag.py:588} INFO - Filling up the DagBag from /home/airflow/.local/lib/python3.12/site-packages/airflow/example_dags/example_complex.py
[2025-12-16T18:27:41.887+0000] {processor.py:925} INFO - DAG(s) 'example_complex' retrieved from /home/airflow/.local/lib/python3.12/site-packages/airflow/example_dags/example_complex.py
[2025-12-16T18:27:41.932+0000] {logging_mixin.py:190} INFO - [2025-12-16T18:27:41.932+0000] {dag.py:3239} INFO - Sync 1 DAGs
[2025-12-16T18:27:41.954+0000] {logging_mixin.py:190} INFO - [2025-12-16T18:27:41.954+0000] {dag.py:4180} INFO - Setting next_dagrun for example_complex to None, run_after=None
[2025-12-16T18:27:42.028+0000] {processor.py:208} INFO - Processing /home/airflow/.local/lib/python3.12/site-packages/airflow/example_dags/example_complex.py took 0.172 seconds
[2025-12-16T18:28:12.540+0000] {processor.py:186} INFO - Started process (PID=1164) to work on /home/airflow/.local/lib/python3.12/site-packages/airflow/example_dags/example_complex.py
[2025-12-16T18:28:12.541+0000] {processor.py:914} INFO - Processing file /home/airflow/.local/lib/python3.12/site-packages/airflow/example_dags/example_complex.py for tasks to queue
[2025-12-16T18:28:12.544+0000] {logging_mixin.py:190} INFO - [2025-12-16T18:28:12.544+0000] {dagbag.py:588} INFO - Filling up the DagBag from /home/airflow/.local/lib/python3.12/site-packages/airflow/example_dags/example_complex.py
[2025-12-16T18:28:12.560+0000] {processor.py:925} INFO - DAG(s) 'example_complex' retrieved from /home/airflow/.local/lib/python3.12/site-packages/airflow/example_dags/example_complex.py
[2025-12-16T18:28:12.597+0000] {logging_mixin.py:190} INFO - [2025-12-16T18:28:12.597+0000] {dag.py:3239} INFO - Sync 1 DAGs
[2025-12-16T18:28:12.616+0000] {logging_mixin.py:190} INFO - [2025-12-16T18:28:12.616+0000] {dag.py:4180} INFO - Setting next_dagrun for example_complex to None, run_after=None
[2025-12-16T18:28:12.639+0000] {processor.py:208} INFO - Processing /home/airflow/.local/lib/python3.12/site-packages/airflow/example_dags/example_complex.py took 0.107 seconds
[2025-12-16T18:29:37.966+0000] {processor.py:186} INFO - Started process (PID=241) to work on /home/airflow/.local/lib/python3.12/site-packages/airflow/example_dags/example_complex.py
[2025-12-16T18:29:37.968+0000] {processor.py:914} INFO - Processing file /home/airflow/.local/lib/python3.12/site-packages/airflow/example_dags/example_complex.py for tasks to queue
[2025-12-16T18:29:37.970+0000] {logging_mixin.py:190} INFO - [2025-12-16T18:29:37.970+0000] {dagbag.py:588} INFO - Filling up the DagBag from /home/airflow/.local/lib/python3.12/site-packages/airflow/example_dags/example_complex.py
[2025-12-16T18:29:37.995+0000] {processor.py:925} INFO - DAG(s) 'example_complex' retrieved from /home/airflow/.local/lib/python3.12/site-packages/airflow/example_dags/example_complex.py
[2025-12-16T18:29:38.047+0000] {logging_mixin.py:190} INFO - [2025-12-16T18:29:38.047+0000] {dag.py:3239} INFO - Sync 1 DAGs
[2025-12-16T18:29:38.069+0000] {logging_mixin.py:190} INFO - [2025-12-16T18:29:38.068+0000] {dag.py:4180} INFO - Setting next_dagrun for example_complex to None, run_after=None
[2025-12-16T18:29:38.090+0000] {processor.py:208} INFO - Processing /home/airflow/.local/lib/python3.12/site-packages/airflow/example_dags/example_complex.py took 0.132 seconds
[2025-12-16T18:30:08.665+0000] {processor.py:186} INFO - Started process (PID=532) to work on /home/airflow/.local/lib/python3.12/site-packages/airflow/example_dags/example_complex.py
[2025-12-16T18:30:08.666+0000] {processor.py:914} INFO - Processing file /home/airflow/.local/lib/python3.12/site-packages/airflow/example_dags/example_complex.py for tasks to queue
[2025-12-16T18:30:08.668+0000] {logging_mixin.py:190} INFO - [2025-12-16T18:30:08.668+0000] {dagbag.py:588} INFO - Filling up the DagBag from /home/airflow/.local/lib/python3.12/site-packages/airflow/example_dags/example_complex.py
[2025-12-16T18:30:08.684+0000] {processor.py:925} INFO - DAG(s) 'example_complex' retrieved from /home/airflow/.local/lib/python3.12/site-packages/airflow/example_dags/example_complex.py
[2025-12-16T18:30:08.721+0000] {logging_mixin.py:190} INFO - [2025-12-16T18:30:08.721+0000] {dag.py:3239} INFO - Sync 1 DAGs
[2025-12-16T18:30:08.739+0000] {logging_mixin.py:190} INFO - [2025-12-16T18:30:08.739+0000] {dag.py:4180} INFO - Setting next_dagrun for example_complex to None, run_after=None
[2025-12-16T18:30:08.758+0000] {processor.py:208} INFO - Processing /home/airflow/.local/lib/python3.12/site-packages/airflow/example_dags/example_complex.py took 0.101 seconds
[2025-12-16T18:30:39.695+0000] {processor.py:186} INFO - Started process (PID=823) to work on /home/airflow/.local/lib/python3.12/site-packages/airflow/example_dags/example_complex.py
[2025-12-16T18:30:39.697+0000] {processor.py:914} INFO - Processing file /home/airflow/.local/lib/python3.12/site-packages/airflow/example_dags/example_complex.py for tasks to queue
[2025-12-16T18:30:39.699+0000] {logging_mixin.py:190} INFO - [2025-12-16T18:30:39.699+0000] {dagbag.py:588} INFO - Filling up the DagBag from /home/airflow/.local/lib/python3.12/site-packages/airflow/example_dags/example_complex.py
[2025-12-16T18:30:39.714+0000] {processor.py:925} INFO - DAG(s) 'example_complex' retrieved from /home/airflow/.local/lib/python3.12/site-packages/airflow/example_dags/example_complex.py
[2025-12-16T18:30:39.752+0000] {logging_mixin.py:190} INFO - [2025-12-16T18:30:39.752+0000] {dag.py:3239} INFO - Sync 1 DAGs
[2025-12-16T18:30:39.770+0000] {logging_mixin.py:190} INFO - [2025-12-16T18:30:39.770+0000] {dag.py:4180} INFO - Setting next_dagrun for example_complex to None, run_after=None
[2025-12-16T18:30:39.790+0000] {processor.py:208} INFO - Processing /home/airflow/.local/lib/python3.12/site-packages/airflow/example_dags/example_complex.py took 0.103 seconds
[2025-12-16T18:31:10.238+0000] {processor.py:186} INFO - Started process (PID=1116) to work on /home/airflow/.local/lib/python3.12/site-packages/airflow/example_dags/example_complex.py
[2025-12-16T18:31:10.240+0000] {processor.py:914} INFO - Processing file /home/airflow/.local/lib/python3.12/site-packages/airflow/example_dags/example_complex.py for tasks to queue
[2025-12-16T18:31:10.242+0000] {logging_mixin.py:190} INFO - [2025-12-16T18:31:10.242+0000] {dagbag.py:588} INFO - Filling up the DagBag from /home/airflow/.local/lib/python3.12/site-packages/airflow/example_dags/example_complex.py
[2025-12-16T18:31:10.258+0000] {processor.py:925} INFO - DAG(s) 'example_complex' retrieved from /home/airflow/.local/lib/python3.12/site-packages/airflow/example_dags/example_complex.py
[2025-12-16T18:31:10.295+0000] {logging_mixin.py:190} INFO - [2025-12-16T18:31:10.295+0000] {dag.py:3239} INFO - Sync 1 DAGs
[2025-12-16T18:31:10.313+0000] {logging_mixin.py:190} INFO - [2025-12-16T18:31:10.313+0000] {dag.py:4180} INFO - Setting next_dagrun for example_complex to None, run_after=None
[2025-12-16T18:31:10.335+0000] {processor.py:208} INFO - Processing /home/airflow/.local/lib/python3.12/site-packages/airflow/example_dags/example_complex.py took 0.104 seconds
[2025-12-16T18:31:41.166+0000] {processor.py:186} INFO - Started process (PID=1405) to work on /home/airflow/.local/lib/python3.12/site-packages/airflow/example_dags/example_complex.py
[2025-12-16T18:31:41.167+0000] {processor.py:914} INFO - Processing file /home/airflow/.local/lib/python3.12/site-packages/airflow/example_dags/example_complex.py for tasks to queue
[2025-12-16T18:31:41.170+0000] {logging_mixin.py:190} INFO - [2025-12-16T18:31:41.169+0000] {dagbag.py:588} INFO - Filling up the DagBag from /home/airflow/.local/lib/python3.12/site-packages/airflow/example_dags/example_complex.py
[2025-12-16T18:31:41.184+0000] {processor.py:925} INFO - DAG(s) 'example_complex' retrieved from /home/airflow/.local/lib/python3.12/site-packages/airflow/example_dags/example_complex.py
[2025-12-16T18:31:41.221+0000] {logging_mixin.py:190} INFO - [2025-12-16T18:31:41.221+0000] {dag.py:3239} INFO - Sync 1 DAGs
[2025-12-16T18:31:41.240+0000] {logging_mixin.py:190} INFO - [2025-12-16T18:31:41.240+0000] {dag.py:4180} INFO - Setting next_dagrun for example_complex to None, run_after=None
[2025-12-16T18:31:41.260+0000] {processor.py:208} INFO - Processing /home/airflow/.local/lib/python3.12/site-packages/airflow/example_dags/example_complex.py took 0.102 seconds
[2025-12-16T18:32:12.295+0000] {processor.py:186} INFO - Started process (PID=1698) to work on /home/airflow/.local/lib/python3.12/site-packages/airflow/example_dags/example_complex.py
[2025-12-16T18:32:12.297+0000] {processor.py:914} INFO - Processing file /home/airflow/.local/lib/python3.12/site-packages/airflow/example_dags/example_complex.py for tasks to queue
[2025-12-16T18:32:12.299+0000] {logging_mixin.py:190} INFO - [2025-12-16T18:32:12.299+0000] {dagbag.py:588} INFO - Filling up the DagBag from /home/airflow/.local/lib/python3.12/site-packages/airflow/example_dags/example_complex.py
[2025-12-16T18:32:12.313+0000] {processor.py:925} INFO - DAG(s) 'example_complex' retrieved from /home/airflow/.local/lib/python3.12/site-packages/airflow/example_dags/example_complex.py
[2025-12-16T18:32:12.353+0000] {logging_mixin.py:190} INFO - [2025-12-16T18:32:12.352+0000] {dag.py:3239} INFO - Sync 1 DAGs
[2025-12-16T18:32:12.370+0000] {logging_mixin.py:190} INFO - [2025-12-16T18:32:12.370+0000] {dag.py:4180} INFO - Setting next_dagrun for example_complex to None, run_after=None
[2025-12-16T18:32:12.393+0000] {processor.py:208} INFO - Processing /home/airflow/.local/lib/python3.12/site-packages/airflow/example_dags/example_complex.py took 0.104 seconds
[2025-12-16T18:32:42.455+0000] {processor.py:186} INFO - Started process (PID=1993) to work on /home/airflow/.local/lib/python3.12/site-packages/airflow/example_dags/example_complex.py
[2025-12-16T18:32:42.457+0000] {processor.py:914} INFO - Processing file /home/airflow/.local/lib/python3.12/site-packages/airflow/example_dags/example_complex.py for tasks to queue
[2025-12-16T18:32:42.459+0000] {logging_mixin.py:190} INFO - [2025-12-16T18:32:42.459+0000] {dagbag.py:588} INFO - Filling up the DagBag from /home/airflow/.local/lib/python3.12/site-packages/airflow/example_dags/example_complex.py
[2025-12-16T18:32:42.476+0000] {processor.py:925} INFO - DAG(s) 'example_complex' retrieved from /home/airflow/.local/lib/python3.12/site-packages/airflow/example_dags/example_complex.py
[2025-12-16T18:32:42.516+0000] {logging_mixin.py:190} INFO - [2025-12-16T18:32:42.515+0000] {dag.py:3239} INFO - Sync 1 DAGs
[2025-12-16T18:32:42.534+0000] {logging_mixin.py:190} INFO - [2025-12-16T18:32:42.533+0000] {dag.py:4180} INFO - Setting next_dagrun for example_complex to None, run_after=None
[2025-12-16T18:32:42.554+0000] {processor.py:208} INFO - Processing /home/airflow/.local/lib/python3.12/site-packages/airflow/example_dags/example_complex.py took 0.107 seconds
[2025-12-16T18:33:12.957+0000] {processor.py:186} INFO - Started process (PID=2284) to work on /home/airflow/.local/lib/python3.12/site-packages/airflow/example_dags/example_complex.py
[2025-12-16T18:33:12.958+0000] {processor.py:914} INFO - Processing file /home/airflow/.local/lib/python3.12/site-packages/airflow/example_dags/example_complex.py for tasks to queue
[2025-12-16T18:33:12.962+0000] {logging_mixin.py:190} INFO - [2025-12-16T18:33:12.961+0000] {dagbag.py:588} INFO - Filling up the DagBag from /home/airflow/.local/lib/python3.12/site-packages/airflow/example_dags/example_complex.py
[2025-12-16T18:33:12.979+0000] {processor.py:925} INFO - DAG(s) 'example_complex' retrieved from /home/airflow/.local/lib/python3.12/site-packages/airflow/example_dags/example_complex.py
[2025-12-16T18:33:13.028+0000] {logging_mixin.py:190} INFO - [2025-12-16T18:33:13.027+0000] {dag.py:3239} INFO - Sync 1 DAGs
[2025-12-16T18:33:13.053+0000] {logging_mixin.py:190} INFO - [2025-12-16T18:33:13.052+0000] {dag.py:4180} INFO - Setting next_dagrun for example_complex to None, run_after=None
[2025-12-16T18:33:13.080+0000] {processor.py:208} INFO - Processing /home/airflow/.local/lib/python3.12/site-packages/airflow/example_dags/example_complex.py took 0.133 seconds
[2025-12-16T18:33:43.804+0000] {processor.py:186} INFO - Started process (PID=2575) to work on /home/airflow/.local/lib/python3.12/site-packages/airflow/example_dags/example_complex.py
[2025-12-16T18:33:43.806+0000] {processor.py:914} INFO - Processing file /home/airflow/.local/lib/python3.12/site-packages/airflow/example_dags/example_complex.py for tasks to queue
[2025-12-16T18:33:43.808+0000] {logging_mixin.py:190} INFO - [2025-12-16T18:33:43.808+0000] {dagbag.py:588} INFO - Filling up the DagBag from /home/airflow/.local/lib/python3.12/site-packages/airflow/example_dags/example_complex.py
[2025-12-16T18:33:43.824+0000] {processor.py:925} INFO - DAG(s) 'example_complex' retrieved from /home/airflow/.local/lib/python3.12/site-packages/airflow/example_dags/example_complex.py
[2025-12-16T18:33:43.862+0000] {logging_mixin.py:190} INFO - [2025-12-16T18:33:43.861+0000] {dag.py:3239} INFO - Sync 1 DAGs
[2025-12-16T18:33:43.880+0000] {logging_mixin.py:190} INFO - [2025-12-16T18:33:43.880+0000] {dag.py:4180} INFO - Setting next_dagrun for example_complex to None, run_after=None
[2025-12-16T18:33:43.901+0000] {processor.py:208} INFO - Processing /home/airflow/.local/lib/python3.12/site-packages/airflow/example_dags/example_complex.py took 0.105 seconds
[2025-12-16T18:34:14.899+0000] {processor.py:186} INFO - Started process (PID=2866) to work on /home/airflow/.local/lib/python3.12/site-packages/airflow/example_dags/example_complex.py
[2025-12-16T18:34:14.901+0000] {processor.py:914} INFO - Processing file /home/airflow/.local/lib/python3.12/site-packages/airflow/example_dags/example_complex.py for tasks to queue
[2025-12-16T18:34:14.903+0000] {logging_mixin.py:190} INFO - [2025-12-16T18:34:14.903+0000] {dagbag.py:588} INFO - Filling up the DagBag from /home/airflow/.local/lib/python3.12/site-packages/airflow/example_dags/example_complex.py
[2025-12-16T18:34:14.919+0000] {processor.py:925} INFO - DAG(s) 'example_complex' retrieved from /home/airflow/.local/lib/python3.12/site-packages/airflow/example_dags/example_complex.py
[2025-12-16T18:34:14.956+0000] {logging_mixin.py:190} INFO - [2025-12-16T18:34:14.956+0000] {dag.py:3239} INFO - Sync 1 DAGs
[2025-12-16T18:34:14.975+0000] {logging_mixin.py:190} INFO - [2025-12-16T18:34:14.975+0000] {dag.py:4180} INFO - Setting next_dagrun for example_complex to None, run_after=None
[2025-12-16T18:34:15.025+0000] {processor.py:208} INFO - Processing /home/airflow/.local/lib/python3.12/site-packages/airflow/example_dags/example_complex.py took 0.133 seconds
[2025-12-16T18:34:45.864+0000] {processor.py:186} INFO - Started process (PID=3157) to work on /home/airflow/.local/lib/python3.12/site-packages/airflow/example_dags/example_complex.py
[2025-12-16T18:34:45.866+0000] {processor.py:914} INFO - Processing file /home/airflow/.local/lib/python3.12/site-packages/airflow/example_dags/example_complex.py for tasks to queue
[2025-12-16T18:34:45.868+0000] {logging_mixin.py:190} INFO - [2025-12-16T18:34:45.868+0000] {dagbag.py:588} INFO - Filling up the DagBag from /home/airflow/.local/lib/python3.12/site-packages/airflow/example_dags/example_complex.py
[2025-12-16T18:34:45.884+0000] {processor.py:925} INFO - DAG(s) 'example_complex' retrieved from /home/airflow/.local/lib/python3.12/site-packages/airflow/example_dags/example_complex.py
[2025-12-16T18:34:45.925+0000] {logging_mixin.py:190} INFO - [2025-12-16T18:34:45.924+0000] {dag.py:3239} INFO - Sync 1 DAGs
[2025-12-16T18:34:45.944+0000] {logging_mixin.py:190} INFO - [2025-12-16T18:34:45.944+0000] {dag.py:4180} INFO - Setting next_dagrun for example_complex to None, run_after=None
[2025-12-16T18:34:45.969+0000] {processor.py:208} INFO - Processing /home/airflow/.local/lib/python3.12/site-packages/airflow/example_dags/example_complex.py took 0.113 seconds
[2025-12-16T18:35:16.138+0000] {processor.py:186} INFO - Started process (PID=3448) to work on /home/airflow/.local/lib/python3.12/site-packages/airflow/example_dags/example_complex.py
[2025-12-16T18:35:16.140+0000] {processor.py:914} INFO - Processing file /home/airflow/.local/lib/python3.12/site-packages/airflow/example_dags/example_complex.py for tasks to queue
[2025-12-16T18:35:16.143+0000] {logging_mixin.py:190} INFO - [2025-12-16T18:35:16.142+0000] {dagbag.py:588} INFO - Filling up the DagBag from /home/airflow/.local/lib/python3.12/site-packages/airflow/example_dags/example_complex.py
[2025-12-16T18:35:16.159+0000] {processor.py:925} INFO - DAG(s) 'example_complex' retrieved from /home/airflow/.local/lib/python3.12/site-packages/airflow/example_dags/example_complex.py
[2025-12-16T18:35:16.198+0000] {logging_mixin.py:190} INFO - [2025-12-16T18:35:16.197+0000] {dag.py:3239} INFO - Sync 1 DAGs
[2025-12-16T18:35:16.216+0000] {logging_mixin.py:190} INFO - [2025-12-16T18:35:16.216+0000] {dag.py:4180} INFO - Setting next_dagrun for example_complex to None, run_after=None
[2025-12-16T18:35:16.237+0000] {processor.py:208} INFO - Processing /home/airflow/.local/lib/python3.12/site-packages/airflow/example_dags/example_complex.py took 0.108 seconds
[2025-12-16T18:35:47.023+0000] {processor.py:186} INFO - Started process (PID=3741) to work on /home/airflow/.local/lib/python3.12/site-packages/airflow/example_dags/example_complex.py
[2025-12-16T18:35:47.024+0000] {processor.py:914} INFO - Processing file /home/airflow/.local/lib/python3.12/site-packages/airflow/example_dags/example_complex.py for tasks to queue
[2025-12-16T18:35:47.027+0000] {logging_mixin.py:190} INFO - [2025-12-16T18:35:47.026+0000] {dagbag.py:588} INFO - Filling up the DagBag from /home/airflow/.local/lib/python3.12/site-packages/airflow/example_dags/example_complex.py
[2025-12-16T18:35:47.041+0000] {processor.py:925} INFO - DAG(s) 'example_complex' retrieved from /home/airflow/.local/lib/python3.12/site-packages/airflow/example_dags/example_complex.py
[2025-12-16T18:35:47.080+0000] {logging_mixin.py:190} INFO - [2025-12-16T18:35:47.080+0000] {dag.py:3239} INFO - Sync 1 DAGs
[2025-12-16T18:35:47.099+0000] {logging_mixin.py:190} INFO - [2025-12-16T18:35:47.098+0000] {dag.py:4180} INFO - Setting next_dagrun for example_complex to None, run_after=None
[2025-12-16T18:35:47.121+0000] {processor.py:208} INFO - Processing /home/airflow/.local/lib/python3.12/site-packages/airflow/example_dags/example_complex.py took 0.105 seconds
[2025-12-16T18:36:17.266+0000] {processor.py:186} INFO - Started process (PID=4030) to work on /home/airflow/.local/lib/python3.12/site-packages/airflow/example_dags/example_complex.py
[2025-12-16T18:36:17.267+0000] {processor.py:914} INFO - Processing file /home/airflow/.local/lib/python3.12/site-packages/airflow/example_dags/example_complex.py for tasks to queue
[2025-12-16T18:36:17.269+0000] {logging_mixin.py:190} INFO - [2025-12-16T18:36:17.269+0000] {dagbag.py:588} INFO - Filling up the DagBag from /home/airflow/.local/lib/python3.12/site-packages/airflow/example_dags/example_complex.py
[2025-12-16T18:36:17.286+0000] {processor.py:925} INFO - DAG(s) 'example_complex' retrieved from /home/airflow/.local/lib/python3.12/site-packages/airflow/example_dags/example_complex.py
[2025-12-16T18:36:17.327+0000] {logging_mixin.py:190} INFO - [2025-12-16T18:36:17.327+0000] {dag.py:3239} INFO - Sync 1 DAGs
[2025-12-16T18:36:17.347+0000] {logging_mixin.py:190} INFO - [2025-12-16T18:36:17.347+0000] {dag.py:4180} INFO - Setting next_dagrun for example_complex to None, run_after=None
[2025-12-16T18:36:17.369+0000] {processor.py:208} INFO - Processing /home/airflow/.local/lib/python3.12/site-packages/airflow/example_dags/example_complex.py took 0.111 seconds
[2025-12-16T18:36:48.314+0000] {processor.py:186} INFO - Started process (PID=4321) to work on /home/airflow/.local/lib/python3.12/site-packages/airflow/example_dags/example_complex.py
[2025-12-16T18:36:48.316+0000] {processor.py:914} INFO - Processing file /home/airflow/.local/lib/python3.12/site-packages/airflow/example_dags/example_complex.py for tasks to queue
[2025-12-16T18:36:48.318+0000] {logging_mixin.py:190} INFO - [2025-12-16T18:36:48.318+0000] {dagbag.py:588} INFO - Filling up the DagBag from /home/airflow/.local/lib/python3.12/site-packages/airflow/example_dags/example_complex.py
[2025-12-16T18:36:48.334+0000] {processor.py:925} INFO - DAG(s) 'example_complex' retrieved from /home/airflow/.local/lib/python3.12/site-packages/airflow/example_dags/example_complex.py
[2025-12-16T18:36:48.375+0000] {logging_mixin.py:190} INFO - [2025-12-16T18:36:48.375+0000] {dag.py:3239} INFO - Sync 1 DAGs
[2025-12-16T18:36:48.394+0000] {logging_mixin.py:190} INFO - [2025-12-16T18:36:48.394+0000] {dag.py:4180} INFO - Setting next_dagrun for example_complex to None, run_after=None
[2025-12-16T18:36:48.417+0000] {processor.py:208} INFO - Processing /home/airflow/.local/lib/python3.12/site-packages/airflow/example_dags/example_complex.py took 0.112 seconds
[2025-12-16T18:37:18.526+0000] {processor.py:186} INFO - Started process (PID=4612) to work on /home/airflow/.local/lib/python3.12/site-packages/airflow/example_dags/example_complex.py
[2025-12-16T18:37:18.527+0000] {processor.py:914} INFO - Processing file /home/airflow/.local/lib/python3.12/site-packages/airflow/example_dags/example_complex.py for tasks to queue
[2025-12-16T18:37:18.530+0000] {logging_mixin.py:190} INFO - [2025-12-16T18:37:18.529+0000] {dagbag.py:588} INFO - Filling up the DagBag from /home/airflow/.local/lib/python3.12/site-packages/airflow/example_dags/example_complex.py
[2025-12-16T18:37:18.546+0000] {processor.py:925} INFO - DAG(s) 'example_complex' retrieved from /home/airflow/.local/lib/python3.12/site-packages/airflow/example_dags/example_complex.py
[2025-12-16T18:37:18.587+0000] {logging_mixin.py:190} INFO - [2025-12-16T18:37:18.587+0000] {dag.py:3239} INFO - Sync 1 DAGs
[2025-12-16T18:37:18.607+0000] {logging_mixin.py:190} INFO - [2025-12-16T18:37:18.607+0000] {dag.py:4180} INFO - Setting next_dagrun for example_complex to None, run_after=None
[2025-12-16T18:37:18.630+0000] {processor.py:208} INFO - Processing /home/airflow/.local/lib/python3.12/site-packages/airflow/example_dags/example_complex.py took 0.113 seconds
[2025-12-16T18:37:49.650+0000] {processor.py:186} INFO - Started process (PID=4905) to work on /home/airflow/.local/lib/python3.12/site-packages/airflow/example_dags/example_complex.py
[2025-12-16T18:37:49.652+0000] {processor.py:914} INFO - Processing file /home/airflow/.local/lib/python3.12/site-packages/airflow/example_dags/example_complex.py for tasks to queue
[2025-12-16T18:37:49.654+0000] {logging_mixin.py:190} INFO - [2025-12-16T18:37:49.654+0000] {dagbag.py:588} INFO - Filling up the DagBag from /home/airflow/.local/lib/python3.12/site-packages/airflow/example_dags/example_complex.py
[2025-12-16T18:37:49.670+0000] {processor.py:925} INFO - DAG(s) 'example_complex' retrieved from /home/airflow/.local/lib/python3.12/site-packages/airflow/example_dags/example_complex.py
[2025-12-16T18:37:49.711+0000] {logging_mixin.py:190} INFO - [2025-12-16T18:37:49.710+0000] {dag.py:3239} INFO - Sync 1 DAGs
[2025-12-16T18:37:49.730+0000] {logging_mixin.py:190} INFO - [2025-12-16T18:37:49.729+0000] {dag.py:4180} INFO - Setting next_dagrun for example_complex to None, run_after=None
[2025-12-16T18:37:49.750+0000] {processor.py:208} INFO - Processing /home/airflow/.local/lib/python3.12/site-packages/airflow/example_dags/example_complex.py took 0.108 seconds
[2025-12-16T18:38:20.263+0000] {processor.py:186} INFO - Started process (PID=5194) to work on /home/airflow/.local/lib/python3.12/site-packages/airflow/example_dags/example_complex.py
[2025-12-16T18:38:20.264+0000] {processor.py:914} INFO - Processing file /home/airflow/.local/lib/python3.12/site-packages/airflow/example_dags/example_complex.py for tasks to queue
[2025-12-16T18:38:20.267+0000] {logging_mixin.py:190} INFO - [2025-12-16T18:38:20.266+0000] {dagbag.py:588} INFO - Filling up the DagBag from /home/airflow/.local/lib/python3.12/site-packages/airflow/example_dags/example_complex.py
[2025-12-16T18:38:20.282+0000] {processor.py:925} INFO - DAG(s) 'example_complex' retrieved from /home/airflow/.local/lib/python3.12/site-packages/airflow/example_dags/example_complex.py
[2025-12-16T18:38:20.319+0000] {logging_mixin.py:190} INFO - [2025-12-16T18:38:20.319+0000] {dag.py:3239} INFO - Sync 1 DAGs
[2025-12-16T18:38:20.336+0000] {logging_mixin.py:190} INFO - [2025-12-16T18:38:20.336+0000] {dag.py:4180} INFO - Setting next_dagrun for example_complex to None, run_after=None
[2025-12-16T18:38:20.356+0000] {processor.py:208} INFO - Processing /home/airflow/.local/lib/python3.12/site-packages/airflow/example_dags/example_complex.py took 0.101 seconds
[2025-12-16T18:38:51.043+0000] {processor.py:186} INFO - Started process (PID=5485) to work on /home/airflow/.local/lib/python3.12/site-packages/airflow/example_dags/example_complex.py
[2025-12-16T18:38:51.044+0000] {processor.py:914} INFO - Processing file /home/airflow/.local/lib/python3.12/site-packages/airflow/example_dags/example_complex.py for tasks to queue
[2025-12-16T18:38:51.047+0000] {logging_mixin.py:190} INFO - [2025-12-16T18:38:51.046+0000] {dagbag.py:588} INFO - Filling up the DagBag from /home/airflow/.local/lib/python3.12/site-packages/airflow/example_dags/example_complex.py
[2025-12-16T18:38:51.063+0000] {processor.py:925} INFO - DAG(s) 'example_complex' retrieved from /home/airflow/.local/lib/python3.12/site-packages/airflow/example_dags/example_complex.py
[2025-12-16T18:38:51.103+0000] {logging_mixin.py:190} INFO - [2025-12-16T18:38:51.103+0000] {dag.py:3239} INFO - Sync 1 DAGs
[2025-12-16T18:38:51.120+0000] {logging_mixin.py:190} INFO - [2025-12-16T18:38:51.120+0000] {dag.py:4180} INFO - Setting next_dagrun for example_complex to None, run_after=None
[2025-12-16T18:38:51.140+0000] {processor.py:208} INFO - Processing /home/airflow/.local/lib/python3.12/site-packages/airflow/example_dags/example_complex.py took 0.105 seconds
[2025-12-16T18:39:21.836+0000] {processor.py:186} INFO - Started process (PID=5776) to work on /home/airflow/.local/lib/python3.12/site-packages/airflow/example_dags/example_complex.py
[2025-12-16T18:39:21.837+0000] {processor.py:914} INFO - Processing file /home/airflow/.local/lib/python3.12/site-packages/airflow/example_dags/example_complex.py for tasks to queue
[2025-12-16T18:39:21.840+0000] {logging_mixin.py:190} INFO - [2025-12-16T18:39:21.840+0000] {dagbag.py:588} INFO - Filling up the DagBag from /home/airflow/.local/lib/python3.12/site-packages/airflow/example_dags/example_complex.py
[2025-12-16T18:39:21.857+0000] {processor.py:925} INFO - DAG(s) 'example_complex' retrieved from /home/airflow/.local/lib/python3.12/site-packages/airflow/example_dags/example_complex.py
[2025-12-16T18:39:21.895+0000] {logging_mixin.py:190} INFO - [2025-12-16T18:39:21.894+0000] {dag.py:3239} INFO - Sync 1 DAGs
[2025-12-16T18:39:21.912+0000] {logging_mixin.py:190} INFO - [2025-12-16T18:39:21.912+0000] {dag.py:4180} INFO - Setting next_dagrun for example_complex to None, run_after=None
[2025-12-16T18:39:21.934+0000] {processor.py:208} INFO - Processing /home/airflow/.local/lib/python3.12/site-packages/airflow/example_dags/example_complex.py took 0.105 seconds
[2025-12-16T18:39:52.097+0000] {processor.py:186} INFO - Started process (PID=6067) to work on /home/airflow/.local/lib/python3.12/site-packages/airflow/example_dags/example_complex.py
[2025-12-16T18:39:52.098+0000] {processor.py:914} INFO - Processing file /home/airflow/.local/lib/python3.12/site-packages/airflow/example_dags/example_complex.py for tasks to queue
[2025-12-16T18:39:52.101+0000] {logging_mixin.py:190} INFO - [2025-12-16T18:39:52.100+0000] {dagbag.py:588} INFO - Filling up the DagBag from /home/airflow/.local/lib/python3.12/site-packages/airflow/example_dags/example_complex.py
[2025-12-16T18:39:52.115+0000] {processor.py:925} INFO - DAG(s) 'example_complex' retrieved from /home/airflow/.local/lib/python3.12/site-packages/airflow/example_dags/example_complex.py
[2025-12-16T18:39:52.152+0000] {logging_mixin.py:190} INFO - [2025-12-16T18:39:52.152+0000] {dag.py:3239} INFO - Sync 1 DAGs
[2025-12-16T18:39:52.170+0000] {logging_mixin.py:190} INFO - [2025-12-16T18:39:52.169+0000] {dag.py:4180} INFO - Setting next_dagrun for example_complex to None, run_after=None
[2025-12-16T18:39:52.192+0000] {processor.py:208} INFO - Processing /home/airflow/.local/lib/python3.12/site-packages/airflow/example_dags/example_complex.py took 0.102 seconds
[2025-12-16T18:40:22.517+0000] {processor.py:186} INFO - Started process (PID=6358) to work on /home/airflow/.local/lib/python3.12/site-packages/airflow/example_dags/example_complex.py
[2025-12-16T18:40:22.518+0000] {processor.py:914} INFO - Processing file /home/airflow/.local/lib/python3.12/site-packages/airflow/example_dags/example_complex.py for tasks to queue
[2025-12-16T18:40:22.521+0000] {logging_mixin.py:190} INFO - [2025-12-16T18:40:22.520+0000] {dagbag.py:588} INFO - Filling up the DagBag from /home/airflow/.local/lib/python3.12/site-packages/airflow/example_dags/example_complex.py
[2025-12-16T18:40:22.537+0000] {processor.py:925} INFO - DAG(s) 'example_complex' retrieved from /home/airflow/.local/lib/python3.12/site-packages/airflow/example_dags/example_complex.py
[2025-12-16T18:40:22.579+0000] {logging_mixin.py:190} INFO - [2025-12-16T18:40:22.578+0000] {dag.py:3239} INFO - Sync 1 DAGs
[2025-12-16T18:40:22.599+0000] {logging_mixin.py:190} INFO - [2025-12-16T18:40:22.598+0000] {dag.py:4180} INFO - Setting next_dagrun for example_complex to None, run_after=None
[2025-12-16T18:40:22.622+0000] {processor.py:208} INFO - Processing /home/airflow/.local/lib/python3.12/site-packages/airflow/example_dags/example_complex.py took 0.114 seconds
