[2025-12-16T18:26:49.801+0000] {processor.py:186} INFO - Started process (PID=427) to work on /home/airflow/.local/lib/python3.12/site-packages/airflow/example_dags/example_xcom.py
[2025-12-16T18:26:49.802+0000] {processor.py:914} INFO - Processing file /home/airflow/.local/lib/python3.12/site-packages/airflow/example_dags/example_xcom.py for tasks to queue
[2025-12-16T18:26:49.804+0000] {logging_mixin.py:190} INFO - [2025-12-16T18:26:49.804+0000] {dagbag.py:588} INFO - Filling up the DagBag from /home/airflow/.local/lib/python3.12/site-packages/airflow/example_dags/example_xcom.py
[2025-12-16T18:26:49.817+0000] {processor.py:925} INFO - DAG(s) 'example_xcom' retrieved from /home/airflow/.local/lib/python3.12/site-packages/airflow/example_dags/example_xcom.py
[2025-12-16T18:26:49.953+0000] {logging_mixin.py:190} INFO - [2025-12-16T18:26:49.952+0000] {override.py:1911} INFO - Created Permission View: can read on DAG:example_xcom
[2025-12-16T18:26:49.964+0000] {logging_mixin.py:190} INFO - [2025-12-16T18:26:49.964+0000] {override.py:1911} INFO - Created Permission View: can delete on DAG:example_xcom
[2025-12-16T18:26:49.972+0000] {logging_mixin.py:190} INFO - [2025-12-16T18:26:49.971+0000] {override.py:1911} INFO - Created Permission View: can edit on DAG:example_xcom
[2025-12-16T18:26:49.979+0000] {logging_mixin.py:190} INFO - [2025-12-16T18:26:49.979+0000] {override.py:1911} INFO - Created Permission View: can read on DAG Run:example_xcom
[2025-12-16T18:26:49.985+0000] {logging_mixin.py:190} INFO - [2025-12-16T18:26:49.985+0000] {override.py:1911} INFO - Created Permission View: can create on DAG Run:example_xcom
[2025-12-16T18:26:49.992+0000] {logging_mixin.py:190} INFO - [2025-12-16T18:26:49.991+0000] {override.py:1911} INFO - Created Permission View: menu access on DAG Run:example_xcom
[2025-12-16T18:26:49.998+0000] {logging_mixin.py:190} INFO - [2025-12-16T18:26:49.998+0000] {override.py:1911} INFO - Created Permission View: can delete on DAG Run:example_xcom
[2025-12-16T18:26:49.998+0000] {logging_mixin.py:190} INFO - [2025-12-16T18:26:49.998+0000] {dag.py:3239} INFO - Sync 1 DAGs
[2025-12-16T18:26:50.017+0000] {logging_mixin.py:190} INFO - [2025-12-16T18:26:50.016+0000] {dag.py:3262} INFO - Creating ORM DAG for example_xcom
[2025-12-16T18:26:50.028+0000] {logging_mixin.py:190} INFO - [2025-12-16T18:26:50.028+0000] {dag.py:4180} INFO - Setting next_dagrun for example_xcom to 2021-01-01 00:00:00+00:00, run_after=2021-01-01 00:00:00+00:00
[2025-12-16T18:26:50.046+0000] {processor.py:208} INFO - Processing /home/airflow/.local/lib/python3.12/site-packages/airflow/example_dags/example_xcom.py took 0.252 seconds
[2025-12-16T18:27:20.116+0000] {processor.py:186} INFO - Started process (PID=718) to work on /home/airflow/.local/lib/python3.12/site-packages/airflow/example_dags/example_xcom.py
[2025-12-16T18:27:20.118+0000] {processor.py:914} INFO - Processing file /home/airflow/.local/lib/python3.12/site-packages/airflow/example_dags/example_xcom.py for tasks to queue
[2025-12-16T18:27:20.122+0000] {logging_mixin.py:190} INFO - [2025-12-16T18:27:20.121+0000] {dagbag.py:588} INFO - Filling up the DagBag from /home/airflow/.local/lib/python3.12/site-packages/airflow/example_dags/example_xcom.py
[2025-12-16T18:27:20.139+0000] {processor.py:925} INFO - DAG(s) 'example_xcom' retrieved from /home/airflow/.local/lib/python3.12/site-packages/airflow/example_dags/example_xcom.py
[2025-12-16T18:27:20.171+0000] {logging_mixin.py:190} INFO - [2025-12-16T18:27:20.171+0000] {dag.py:3239} INFO - Sync 1 DAGs
[2025-12-16T18:27:20.206+0000] {logging_mixin.py:190} INFO - [2025-12-16T18:27:20.206+0000] {dag.py:4180} INFO - Setting next_dagrun for example_xcom to 2021-01-01 00:00:00+00:00, run_after=2021-01-01 00:00:00+00:00
[2025-12-16T18:27:20.230+0000] {processor.py:208} INFO - Processing /home/airflow/.local/lib/python3.12/site-packages/airflow/example_dags/example_xcom.py took 0.124 seconds
[2025-12-16T18:27:50.954+0000] {processor.py:186} INFO - Started process (PID=1009) to work on /home/airflow/.local/lib/python3.12/site-packages/airflow/example_dags/example_xcom.py
[2025-12-16T18:27:50.955+0000] {processor.py:914} INFO - Processing file /home/airflow/.local/lib/python3.12/site-packages/airflow/example_dags/example_xcom.py for tasks to queue
[2025-12-16T18:27:50.958+0000] {logging_mixin.py:190} INFO - [2025-12-16T18:27:50.957+0000] {dagbag.py:588} INFO - Filling up the DagBag from /home/airflow/.local/lib/python3.12/site-packages/airflow/example_dags/example_xcom.py
[2025-12-16T18:27:50.968+0000] {processor.py:925} INFO - DAG(s) 'example_xcom' retrieved from /home/airflow/.local/lib/python3.12/site-packages/airflow/example_dags/example_xcom.py
[2025-12-16T18:27:50.993+0000] {logging_mixin.py:190} INFO - [2025-12-16T18:27:50.993+0000] {dag.py:3239} INFO - Sync 1 DAGs
[2025-12-16T18:27:51.020+0000] {logging_mixin.py:190} INFO - [2025-12-16T18:27:51.020+0000] {dag.py:4180} INFO - Setting next_dagrun for example_xcom to 2021-01-01 00:00:00+00:00, run_after=2021-01-01 00:00:00+00:00
[2025-12-16T18:27:51.039+0000] {processor.py:208} INFO - Processing /home/airflow/.local/lib/python3.12/site-packages/airflow/example_dags/example_xcom.py took 0.092 seconds
[2025-12-16T18:29:44.151+0000] {processor.py:186} INFO - Started process (PID=427) to work on /home/airflow/.local/lib/python3.12/site-packages/airflow/example_dags/example_xcom.py
[2025-12-16T18:29:44.153+0000] {processor.py:914} INFO - Processing file /home/airflow/.local/lib/python3.12/site-packages/airflow/example_dags/example_xcom.py for tasks to queue
[2025-12-16T18:29:44.155+0000] {logging_mixin.py:190} INFO - [2025-12-16T18:29:44.155+0000] {dagbag.py:588} INFO - Filling up the DagBag from /home/airflow/.local/lib/python3.12/site-packages/airflow/example_dags/example_xcom.py
[2025-12-16T18:29:44.168+0000] {processor.py:925} INFO - DAG(s) 'example_xcom' retrieved from /home/airflow/.local/lib/python3.12/site-packages/airflow/example_dags/example_xcom.py
[2025-12-16T18:29:44.192+0000] {logging_mixin.py:190} INFO - [2025-12-16T18:29:44.192+0000] {dag.py:3239} INFO - Sync 1 DAGs
[2025-12-16T18:29:44.223+0000] {logging_mixin.py:190} INFO - [2025-12-16T18:29:44.223+0000] {dag.py:4180} INFO - Setting next_dagrun for example_xcom to 2021-01-01 00:00:00+00:00, run_after=2021-01-01 00:00:00+00:00
[2025-12-16T18:29:44.244+0000] {processor.py:208} INFO - Processing /home/airflow/.local/lib/python3.12/site-packages/airflow/example_dags/example_xcom.py took 0.100 seconds
[2025-12-16T18:30:16.245+0000] {processor.py:186} INFO - Started process (PID=718) to work on /home/airflow/.local/lib/python3.12/site-packages/airflow/example_dags/example_xcom.py
[2025-12-16T18:30:16.246+0000] {processor.py:914} INFO - Processing file /home/airflow/.local/lib/python3.12/site-packages/airflow/example_dags/example_xcom.py for tasks to queue
[2025-12-16T18:30:16.249+0000] {logging_mixin.py:190} INFO - [2025-12-16T18:30:16.249+0000] {dagbag.py:588} INFO - Filling up the DagBag from /home/airflow/.local/lib/python3.12/site-packages/airflow/example_dags/example_xcom.py
[2025-12-16T18:30:16.262+0000] {processor.py:925} INFO - DAG(s) 'example_xcom' retrieved from /home/airflow/.local/lib/python3.12/site-packages/airflow/example_dags/example_xcom.py
[2025-12-16T18:30:16.290+0000] {logging_mixin.py:190} INFO - [2025-12-16T18:30:16.290+0000] {dag.py:3239} INFO - Sync 1 DAGs
[2025-12-16T18:30:16.320+0000] {logging_mixin.py:190} INFO - [2025-12-16T18:30:16.320+0000] {dag.py:4180} INFO - Setting next_dagrun for example_xcom to 2021-01-01 00:00:00+00:00, run_after=2021-01-01 00:00:00+00:00
[2025-12-16T18:30:16.346+0000] {processor.py:208} INFO - Processing /home/airflow/.local/lib/python3.12/site-packages/airflow/example_dags/example_xcom.py took 0.112 seconds
[2025-12-16T18:30:46.686+0000] {processor.py:186} INFO - Started process (PID=1009) to work on /home/airflow/.local/lib/python3.12/site-packages/airflow/example_dags/example_xcom.py
[2025-12-16T18:30:46.687+0000] {processor.py:914} INFO - Processing file /home/airflow/.local/lib/python3.12/site-packages/airflow/example_dags/example_xcom.py for tasks to queue
[2025-12-16T18:30:46.689+0000] {logging_mixin.py:190} INFO - [2025-12-16T18:30:46.689+0000] {dagbag.py:588} INFO - Filling up the DagBag from /home/airflow/.local/lib/python3.12/site-packages/airflow/example_dags/example_xcom.py
[2025-12-16T18:30:46.700+0000] {processor.py:925} INFO - DAG(s) 'example_xcom' retrieved from /home/airflow/.local/lib/python3.12/site-packages/airflow/example_dags/example_xcom.py
[2025-12-16T18:30:46.726+0000] {logging_mixin.py:190} INFO - [2025-12-16T18:30:46.726+0000] {dag.py:3239} INFO - Sync 1 DAGs
[2025-12-16T18:30:46.753+0000] {logging_mixin.py:190} INFO - [2025-12-16T18:30:46.752+0000] {dag.py:4180} INFO - Setting next_dagrun for example_xcom to 2021-01-01 00:00:00+00:00, run_after=2021-01-01 00:00:00+00:00
[2025-12-16T18:30:46.771+0000] {processor.py:208} INFO - Processing /home/airflow/.local/lib/python3.12/site-packages/airflow/example_dags/example_xcom.py took 0.092 seconds
[2025-12-16T18:31:18.712+0000] {processor.py:186} INFO - Started process (PID=1300) to work on /home/airflow/.local/lib/python3.12/site-packages/airflow/example_dags/example_xcom.py
[2025-12-16T18:31:18.713+0000] {processor.py:914} INFO - Processing file /home/airflow/.local/lib/python3.12/site-packages/airflow/example_dags/example_xcom.py for tasks to queue
[2025-12-16T18:31:18.716+0000] {logging_mixin.py:190} INFO - [2025-12-16T18:31:18.716+0000] {dagbag.py:588} INFO - Filling up the DagBag from /home/airflow/.local/lib/python3.12/site-packages/airflow/example_dags/example_xcom.py
[2025-12-16T18:31:18.728+0000] {processor.py:925} INFO - DAG(s) 'example_xcom' retrieved from /home/airflow/.local/lib/python3.12/site-packages/airflow/example_dags/example_xcom.py
[2025-12-16T18:31:18.755+0000] {logging_mixin.py:190} INFO - [2025-12-16T18:31:18.755+0000] {dag.py:3239} INFO - Sync 1 DAGs
[2025-12-16T18:31:18.785+0000] {logging_mixin.py:190} INFO - [2025-12-16T18:31:18.785+0000] {dag.py:4180} INFO - Setting next_dagrun for example_xcom to 2021-01-01 00:00:00+00:00, run_after=2021-01-01 00:00:00+00:00
[2025-12-16T18:31:18.811+0000] {processor.py:208} INFO - Processing /home/airflow/.local/lib/python3.12/site-packages/airflow/example_dags/example_xcom.py took 0.106 seconds
[2025-12-16T18:31:49.460+0000] {processor.py:186} INFO - Started process (PID=1593) to work on /home/airflow/.local/lib/python3.12/site-packages/airflow/example_dags/example_xcom.py
[2025-12-16T18:31:49.461+0000] {processor.py:914} INFO - Processing file /home/airflow/.local/lib/python3.12/site-packages/airflow/example_dags/example_xcom.py for tasks to queue
[2025-12-16T18:31:49.464+0000] {logging_mixin.py:190} INFO - [2025-12-16T18:31:49.464+0000] {dagbag.py:588} INFO - Filling up the DagBag from /home/airflow/.local/lib/python3.12/site-packages/airflow/example_dags/example_xcom.py
[2025-12-16T18:31:49.478+0000] {processor.py:925} INFO - DAG(s) 'example_xcom' retrieved from /home/airflow/.local/lib/python3.12/site-packages/airflow/example_dags/example_xcom.py
[2025-12-16T18:31:49.505+0000] {logging_mixin.py:190} INFO - [2025-12-16T18:31:49.505+0000] {dag.py:3239} INFO - Sync 1 DAGs
[2025-12-16T18:31:49.532+0000] {logging_mixin.py:190} INFO - [2025-12-16T18:31:49.532+0000] {dag.py:4180} INFO - Setting next_dagrun for example_xcom to 2021-01-01 00:00:00+00:00, run_after=2021-01-01 00:00:00+00:00
[2025-12-16T18:31:49.552+0000] {processor.py:208} INFO - Processing /home/airflow/.local/lib/python3.12/site-packages/airflow/example_dags/example_xcom.py took 0.103 seconds
[2025-12-16T18:32:19.813+0000] {processor.py:186} INFO - Started process (PID=1882) to work on /home/airflow/.local/lib/python3.12/site-packages/airflow/example_dags/example_xcom.py
[2025-12-16T18:32:19.814+0000] {processor.py:914} INFO - Processing file /home/airflow/.local/lib/python3.12/site-packages/airflow/example_dags/example_xcom.py for tasks to queue
[2025-12-16T18:32:19.817+0000] {logging_mixin.py:190} INFO - [2025-12-16T18:32:19.816+0000] {dagbag.py:588} INFO - Filling up the DagBag from /home/airflow/.local/lib/python3.12/site-packages/airflow/example_dags/example_xcom.py
[2025-12-16T18:32:19.829+0000] {processor.py:925} INFO - DAG(s) 'example_xcom' retrieved from /home/airflow/.local/lib/python3.12/site-packages/airflow/example_dags/example_xcom.py
[2025-12-16T18:32:19.855+0000] {logging_mixin.py:190} INFO - [2025-12-16T18:32:19.855+0000] {dag.py:3239} INFO - Sync 1 DAGs
[2025-12-16T18:32:19.886+0000] {logging_mixin.py:190} INFO - [2025-12-16T18:32:19.885+0000] {dag.py:4180} INFO - Setting next_dagrun for example_xcom to 2021-01-01 00:00:00+00:00, run_after=2021-01-01 00:00:00+00:00
[2025-12-16T18:32:19.906+0000] {processor.py:208} INFO - Processing /home/airflow/.local/lib/python3.12/site-packages/airflow/example_dags/example_xcom.py took 0.102 seconds
[2025-12-16T18:32:50.883+0000] {processor.py:186} INFO - Started process (PID=2173) to work on /home/airflow/.local/lib/python3.12/site-packages/airflow/example_dags/example_xcom.py
[2025-12-16T18:32:50.884+0000] {processor.py:914} INFO - Processing file /home/airflow/.local/lib/python3.12/site-packages/airflow/example_dags/example_xcom.py for tasks to queue
[2025-12-16T18:32:50.887+0000] {logging_mixin.py:190} INFO - [2025-12-16T18:32:50.887+0000] {dagbag.py:588} INFO - Filling up the DagBag from /home/airflow/.local/lib/python3.12/site-packages/airflow/example_dags/example_xcom.py
[2025-12-16T18:32:50.899+0000] {processor.py:925} INFO - DAG(s) 'example_xcom' retrieved from /home/airflow/.local/lib/python3.12/site-packages/airflow/example_dags/example_xcom.py
[2025-12-16T18:32:50.924+0000] {logging_mixin.py:190} INFO - [2025-12-16T18:32:50.924+0000] {dag.py:3239} INFO - Sync 1 DAGs
[2025-12-16T18:32:50.955+0000] {logging_mixin.py:190} INFO - [2025-12-16T18:32:50.954+0000] {dag.py:4180} INFO - Setting next_dagrun for example_xcom to 2021-01-01 00:00:00+00:00, run_after=2021-01-01 00:00:00+00:00
[2025-12-16T18:32:50.980+0000] {processor.py:208} INFO - Processing /home/airflow/.local/lib/python3.12/site-packages/airflow/example_dags/example_xcom.py took 0.104 seconds
[2025-12-16T18:33:22.083+0000] {processor.py:186} INFO - Started process (PID=2464) to work on /home/airflow/.local/lib/python3.12/site-packages/airflow/example_dags/example_xcom.py
[2025-12-16T18:33:22.084+0000] {processor.py:914} INFO - Processing file /home/airflow/.local/lib/python3.12/site-packages/airflow/example_dags/example_xcom.py for tasks to queue
[2025-12-16T18:33:22.087+0000] {logging_mixin.py:190} INFO - [2025-12-16T18:33:22.086+0000] {dagbag.py:588} INFO - Filling up the DagBag from /home/airflow/.local/lib/python3.12/site-packages/airflow/example_dags/example_xcom.py
[2025-12-16T18:33:22.098+0000] {processor.py:925} INFO - DAG(s) 'example_xcom' retrieved from /home/airflow/.local/lib/python3.12/site-packages/airflow/example_dags/example_xcom.py
[2025-12-16T18:33:22.122+0000] {logging_mixin.py:190} INFO - [2025-12-16T18:33:22.122+0000] {dag.py:3239} INFO - Sync 1 DAGs
[2025-12-16T18:33:22.150+0000] {logging_mixin.py:190} INFO - [2025-12-16T18:33:22.149+0000] {dag.py:4180} INFO - Setting next_dagrun for example_xcom to 2021-01-01 00:00:00+00:00, run_after=2021-01-01 00:00:00+00:00
[2025-12-16T18:33:22.170+0000] {processor.py:208} INFO - Processing /home/airflow/.local/lib/python3.12/site-packages/airflow/example_dags/example_xcom.py took 0.095 seconds
[2025-12-16T18:33:53.109+0000] {processor.py:186} INFO - Started process (PID=2755) to work on /home/airflow/.local/lib/python3.12/site-packages/airflow/example_dags/example_xcom.py
[2025-12-16T18:33:53.111+0000] {processor.py:914} INFO - Processing file /home/airflow/.local/lib/python3.12/site-packages/airflow/example_dags/example_xcom.py for tasks to queue
[2025-12-16T18:33:53.114+0000] {logging_mixin.py:190} INFO - [2025-12-16T18:33:53.113+0000] {dagbag.py:588} INFO - Filling up the DagBag from /home/airflow/.local/lib/python3.12/site-packages/airflow/example_dags/example_xcom.py
[2025-12-16T18:33:53.125+0000] {processor.py:925} INFO - DAG(s) 'example_xcom' retrieved from /home/airflow/.local/lib/python3.12/site-packages/airflow/example_dags/example_xcom.py
[2025-12-16T18:33:53.151+0000] {logging_mixin.py:190} INFO - [2025-12-16T18:33:53.151+0000] {dag.py:3239} INFO - Sync 1 DAGs
[2025-12-16T18:33:53.180+0000] {logging_mixin.py:190} INFO - [2025-12-16T18:33:53.180+0000] {dag.py:4180} INFO - Setting next_dagrun for example_xcom to 2021-01-01 00:00:00+00:00, run_after=2021-01-01 00:00:00+00:00
[2025-12-16T18:33:53.202+0000] {processor.py:208} INFO - Processing /home/airflow/.local/lib/python3.12/site-packages/airflow/example_dags/example_xcom.py took 0.102 seconds
[2025-12-16T18:34:23.816+0000] {processor.py:186} INFO - Started process (PID=3041) to work on /home/airflow/.local/lib/python3.12/site-packages/airflow/example_dags/example_xcom.py
[2025-12-16T18:34:23.817+0000] {processor.py:914} INFO - Processing file /home/airflow/.local/lib/python3.12/site-packages/airflow/example_dags/example_xcom.py for tasks to queue
[2025-12-16T18:34:23.820+0000] {logging_mixin.py:190} INFO - [2025-12-16T18:34:23.819+0000] {dagbag.py:588} INFO - Filling up the DagBag from /home/airflow/.local/lib/python3.12/site-packages/airflow/example_dags/example_xcom.py
[2025-12-16T18:34:23.831+0000] {processor.py:925} INFO - DAG(s) 'example_xcom' retrieved from /home/airflow/.local/lib/python3.12/site-packages/airflow/example_dags/example_xcom.py
[2025-12-16T18:34:23.855+0000] {logging_mixin.py:190} INFO - [2025-12-16T18:34:23.855+0000] {dag.py:3239} INFO - Sync 1 DAGs
[2025-12-16T18:34:23.882+0000] {logging_mixin.py:190} INFO - [2025-12-16T18:34:23.882+0000] {dag.py:4180} INFO - Setting next_dagrun for example_xcom to 2021-01-01 00:00:00+00:00, run_after=2021-01-01 00:00:00+00:00
[2025-12-16T18:34:23.902+0000] {processor.py:208} INFO - Processing /home/airflow/.local/lib/python3.12/site-packages/airflow/example_dags/example_xcom.py took 0.093 seconds
[2025-12-16T18:34:55.118+0000] {processor.py:186} INFO - Started process (PID=3332) to work on /home/airflow/.local/lib/python3.12/site-packages/airflow/example_dags/example_xcom.py
[2025-12-16T18:34:55.120+0000] {processor.py:914} INFO - Processing file /home/airflow/.local/lib/python3.12/site-packages/airflow/example_dags/example_xcom.py for tasks to queue
[2025-12-16T18:34:55.122+0000] {logging_mixin.py:190} INFO - [2025-12-16T18:34:55.122+0000] {dagbag.py:588} INFO - Filling up the DagBag from /home/airflow/.local/lib/python3.12/site-packages/airflow/example_dags/example_xcom.py
[2025-12-16T18:34:55.134+0000] {processor.py:925} INFO - DAG(s) 'example_xcom' retrieved from /home/airflow/.local/lib/python3.12/site-packages/airflow/example_dags/example_xcom.py
[2025-12-16T18:34:55.162+0000] {logging_mixin.py:190} INFO - [2025-12-16T18:34:55.161+0000] {dag.py:3239} INFO - Sync 1 DAGs
[2025-12-16T18:34:55.191+0000] {logging_mixin.py:190} INFO - [2025-12-16T18:34:55.191+0000] {dag.py:4180} INFO - Setting next_dagrun for example_xcom to 2021-01-01 00:00:00+00:00, run_after=2021-01-01 00:00:00+00:00
[2025-12-16T18:34:55.214+0000] {processor.py:208} INFO - Processing /home/airflow/.local/lib/python3.12/site-packages/airflow/example_dags/example_xcom.py took 0.103 seconds
[2025-12-16T18:35:26.355+0000] {processor.py:186} INFO - Started process (PID=3623) to work on /home/airflow/.local/lib/python3.12/site-packages/airflow/example_dags/example_xcom.py
[2025-12-16T18:35:26.356+0000] {processor.py:914} INFO - Processing file /home/airflow/.local/lib/python3.12/site-packages/airflow/example_dags/example_xcom.py for tasks to queue
[2025-12-16T18:35:26.359+0000] {logging_mixin.py:190} INFO - [2025-12-16T18:35:26.358+0000] {dagbag.py:588} INFO - Filling up the DagBag from /home/airflow/.local/lib/python3.12/site-packages/airflow/example_dags/example_xcom.py
[2025-12-16T18:35:26.370+0000] {processor.py:925} INFO - DAG(s) 'example_xcom' retrieved from /home/airflow/.local/lib/python3.12/site-packages/airflow/example_dags/example_xcom.py
[2025-12-16T18:35:26.395+0000] {logging_mixin.py:190} INFO - [2025-12-16T18:35:26.394+0000] {dag.py:3239} INFO - Sync 1 DAGs
[2025-12-16T18:35:26.422+0000] {logging_mixin.py:190} INFO - [2025-12-16T18:35:26.422+0000] {dag.py:4180} INFO - Setting next_dagrun for example_xcom to 2021-01-01 00:00:00+00:00, run_after=2021-01-01 00:00:00+00:00
[2025-12-16T18:35:26.442+0000] {processor.py:208} INFO - Processing /home/airflow/.local/lib/python3.12/site-packages/airflow/example_dags/example_xcom.py took 0.094 seconds
[2025-12-16T18:35:57.678+0000] {processor.py:186} INFO - Started process (PID=3914) to work on /home/airflow/.local/lib/python3.12/site-packages/airflow/example_dags/example_xcom.py
[2025-12-16T18:35:57.679+0000] {processor.py:914} INFO - Processing file /home/airflow/.local/lib/python3.12/site-packages/airflow/example_dags/example_xcom.py for tasks to queue
[2025-12-16T18:35:57.682+0000] {logging_mixin.py:190} INFO - [2025-12-16T18:35:57.682+0000] {dagbag.py:588} INFO - Filling up the DagBag from /home/airflow/.local/lib/python3.12/site-packages/airflow/example_dags/example_xcom.py
[2025-12-16T18:35:57.694+0000] {processor.py:925} INFO - DAG(s) 'example_xcom' retrieved from /home/airflow/.local/lib/python3.12/site-packages/airflow/example_dags/example_xcom.py
[2025-12-16T18:35:57.719+0000] {logging_mixin.py:190} INFO - [2025-12-16T18:35:57.719+0000] {dag.py:3239} INFO - Sync 1 DAGs
[2025-12-16T18:35:57.748+0000] {logging_mixin.py:190} INFO - [2025-12-16T18:35:57.748+0000] {dag.py:4180} INFO - Setting next_dagrun for example_xcom to 2021-01-01 00:00:00+00:00, run_after=2021-01-01 00:00:00+00:00
[2025-12-16T18:35:57.767+0000] {processor.py:208} INFO - Processing /home/airflow/.local/lib/python3.12/site-packages/airflow/example_dags/example_xcom.py took 0.097 seconds
[2025-12-16T18:36:28.894+0000] {processor.py:186} INFO - Started process (PID=4205) to work on /home/airflow/.local/lib/python3.12/site-packages/airflow/example_dags/example_xcom.py
[2025-12-16T18:36:28.895+0000] {processor.py:914} INFO - Processing file /home/airflow/.local/lib/python3.12/site-packages/airflow/example_dags/example_xcom.py for tasks to queue
[2025-12-16T18:36:28.898+0000] {logging_mixin.py:190} INFO - [2025-12-16T18:36:28.897+0000] {dagbag.py:588} INFO - Filling up the DagBag from /home/airflow/.local/lib/python3.12/site-packages/airflow/example_dags/example_xcom.py
[2025-12-16T18:36:28.910+0000] {processor.py:925} INFO - DAG(s) 'example_xcom' retrieved from /home/airflow/.local/lib/python3.12/site-packages/airflow/example_dags/example_xcom.py
[2025-12-16T18:36:28.937+0000] {logging_mixin.py:190} INFO - [2025-12-16T18:36:28.937+0000] {dag.py:3239} INFO - Sync 1 DAGs
[2025-12-16T18:36:28.967+0000] {logging_mixin.py:190} INFO - [2025-12-16T18:36:28.967+0000] {dag.py:4180} INFO - Setting next_dagrun for example_xcom to 2021-01-01 00:00:00+00:00, run_after=2021-01-01 00:00:00+00:00
[2025-12-16T18:36:28.988+0000] {processor.py:208} INFO - Processing /home/airflow/.local/lib/python3.12/site-packages/airflow/example_dags/example_xcom.py took 0.103 seconds
[2025-12-16T18:36:59.948+0000] {processor.py:186} INFO - Started process (PID=4496) to work on /home/airflow/.local/lib/python3.12/site-packages/airflow/example_dags/example_xcom.py
[2025-12-16T18:36:59.950+0000] {processor.py:914} INFO - Processing file /home/airflow/.local/lib/python3.12/site-packages/airflow/example_dags/example_xcom.py for tasks to queue
[2025-12-16T18:36:59.952+0000] {logging_mixin.py:190} INFO - [2025-12-16T18:36:59.952+0000] {dagbag.py:588} INFO - Filling up the DagBag from /home/airflow/.local/lib/python3.12/site-packages/airflow/example_dags/example_xcom.py
[2025-12-16T18:36:59.963+0000] {processor.py:925} INFO - DAG(s) 'example_xcom' retrieved from /home/airflow/.local/lib/python3.12/site-packages/airflow/example_dags/example_xcom.py
[2025-12-16T18:36:59.991+0000] {logging_mixin.py:190} INFO - [2025-12-16T18:36:59.991+0000] {dag.py:3239} INFO - Sync 1 DAGs
[2025-12-16T18:37:00.020+0000] {logging_mixin.py:190} INFO - [2025-12-16T18:37:00.019+0000] {dag.py:4180} INFO - Setting next_dagrun for example_xcom to 2021-01-01 00:00:00+00:00, run_after=2021-01-01 00:00:00+00:00
[2025-12-16T18:37:00.040+0000] {processor.py:208} INFO - Processing /home/airflow/.local/lib/python3.12/site-packages/airflow/example_dags/example_xcom.py took 0.100 seconds
[2025-12-16T18:37:31.119+0000] {processor.py:186} INFO - Started process (PID=4789) to work on /home/airflow/.local/lib/python3.12/site-packages/airflow/example_dags/example_xcom.py
[2025-12-16T18:37:31.121+0000] {processor.py:914} INFO - Processing file /home/airflow/.local/lib/python3.12/site-packages/airflow/example_dags/example_xcom.py for tasks to queue
[2025-12-16T18:37:31.123+0000] {logging_mixin.py:190} INFO - [2025-12-16T18:37:31.123+0000] {dagbag.py:588} INFO - Filling up the DagBag from /home/airflow/.local/lib/python3.12/site-packages/airflow/example_dags/example_xcom.py
[2025-12-16T18:37:31.135+0000] {processor.py:925} INFO - DAG(s) 'example_xcom' retrieved from /home/airflow/.local/lib/python3.12/site-packages/airflow/example_dags/example_xcom.py
[2025-12-16T18:37:31.161+0000] {logging_mixin.py:190} INFO - [2025-12-16T18:37:31.160+0000] {dag.py:3239} INFO - Sync 1 DAGs
[2025-12-16T18:37:31.189+0000] {logging_mixin.py:190} INFO - [2025-12-16T18:37:31.188+0000] {dag.py:4180} INFO - Setting next_dagrun for example_xcom to 2021-01-01 00:00:00+00:00, run_after=2021-01-01 00:00:00+00:00
[2025-12-16T18:37:31.212+0000] {processor.py:208} INFO - Processing /home/airflow/.local/lib/python3.12/site-packages/airflow/example_dags/example_xcom.py took 0.100 seconds
[2025-12-16T18:38:01.903+0000] {processor.py:186} INFO - Started process (PID=5078) to work on /home/airflow/.local/lib/python3.12/site-packages/airflow/example_dags/example_xcom.py
[2025-12-16T18:38:01.904+0000] {processor.py:914} INFO - Processing file /home/airflow/.local/lib/python3.12/site-packages/airflow/example_dags/example_xcom.py for tasks to queue
[2025-12-16T18:38:01.909+0000] {logging_mixin.py:190} INFO - [2025-12-16T18:38:01.908+0000] {dagbag.py:588} INFO - Filling up the DagBag from /home/airflow/.local/lib/python3.12/site-packages/airflow/example_dags/example_xcom.py
[2025-12-16T18:38:01.922+0000] {processor.py:925} INFO - DAG(s) 'example_xcom' retrieved from /home/airflow/.local/lib/python3.12/site-packages/airflow/example_dags/example_xcom.py
[2025-12-16T18:38:01.951+0000] {logging_mixin.py:190} INFO - [2025-12-16T18:38:01.951+0000] {dag.py:3239} INFO - Sync 1 DAGs
[2025-12-16T18:38:01.983+0000] {logging_mixin.py:190} INFO - [2025-12-16T18:38:01.983+0000] {dag.py:4180} INFO - Setting next_dagrun for example_xcom to 2021-01-01 00:00:00+00:00, run_after=2021-01-01 00:00:00+00:00
[2025-12-16T18:38:02.004+0000] {processor.py:208} INFO - Processing /home/airflow/.local/lib/python3.12/site-packages/airflow/example_dags/example_xcom.py took 0.110 seconds
[2025-12-16T18:38:33.548+0000] {processor.py:186} INFO - Started process (PID=5369) to work on /home/airflow/.local/lib/python3.12/site-packages/airflow/example_dags/example_xcom.py
[2025-12-16T18:38:33.549+0000] {processor.py:914} INFO - Processing file /home/airflow/.local/lib/python3.12/site-packages/airflow/example_dags/example_xcom.py for tasks to queue
[2025-12-16T18:38:33.552+0000] {logging_mixin.py:190} INFO - [2025-12-16T18:38:33.552+0000] {dagbag.py:588} INFO - Filling up the DagBag from /home/airflow/.local/lib/python3.12/site-packages/airflow/example_dags/example_xcom.py
[2025-12-16T18:38:33.565+0000] {processor.py:925} INFO - DAG(s) 'example_xcom' retrieved from /home/airflow/.local/lib/python3.12/site-packages/airflow/example_dags/example_xcom.py
[2025-12-16T18:38:33.593+0000] {logging_mixin.py:190} INFO - [2025-12-16T18:38:33.593+0000] {dag.py:3239} INFO - Sync 1 DAGs
[2025-12-16T18:38:33.625+0000] {logging_mixin.py:190} INFO - [2025-12-16T18:38:33.625+0000] {dag.py:4180} INFO - Setting next_dagrun for example_xcom to 2021-01-01 00:00:00+00:00, run_after=2021-01-01 00:00:00+00:00
[2025-12-16T18:38:33.649+0000] {processor.py:208} INFO - Processing /home/airflow/.local/lib/python3.12/site-packages/airflow/example_dags/example_xcom.py took 0.111 seconds
[2025-12-16T18:39:04.461+0000] {processor.py:186} INFO - Started process (PID=5660) to work on /home/airflow/.local/lib/python3.12/site-packages/airflow/example_dags/example_xcom.py
[2025-12-16T18:39:04.463+0000] {processor.py:914} INFO - Processing file /home/airflow/.local/lib/python3.12/site-packages/airflow/example_dags/example_xcom.py for tasks to queue
[2025-12-16T18:39:04.465+0000] {logging_mixin.py:190} INFO - [2025-12-16T18:39:04.465+0000] {dagbag.py:588} INFO - Filling up the DagBag from /home/airflow/.local/lib/python3.12/site-packages/airflow/example_dags/example_xcom.py
[2025-12-16T18:39:04.476+0000] {processor.py:925} INFO - DAG(s) 'example_xcom' retrieved from /home/airflow/.local/lib/python3.12/site-packages/airflow/example_dags/example_xcom.py
[2025-12-16T18:39:04.505+0000] {logging_mixin.py:190} INFO - [2025-12-16T18:39:04.505+0000] {dag.py:3239} INFO - Sync 1 DAGs
[2025-12-16T18:39:04.536+0000] {logging_mixin.py:190} INFO - [2025-12-16T18:39:04.535+0000] {dag.py:4180} INFO - Setting next_dagrun for example_xcom to 2021-01-01 00:00:00+00:00, run_after=2021-01-01 00:00:00+00:00
[2025-12-16T18:39:04.559+0000] {processor.py:208} INFO - Processing /home/airflow/.local/lib/python3.12/site-packages/airflow/example_dags/example_xcom.py took 0.105 seconds
[2025-12-16T18:39:35.780+0000] {processor.py:186} INFO - Started process (PID=5951) to work on /home/airflow/.local/lib/python3.12/site-packages/airflow/example_dags/example_xcom.py
[2025-12-16T18:39:35.781+0000] {processor.py:914} INFO - Processing file /home/airflow/.local/lib/python3.12/site-packages/airflow/example_dags/example_xcom.py for tasks to queue
[2025-12-16T18:39:35.783+0000] {logging_mixin.py:190} INFO - [2025-12-16T18:39:35.783+0000] {dagbag.py:588} INFO - Filling up the DagBag from /home/airflow/.local/lib/python3.12/site-packages/airflow/example_dags/example_xcom.py
[2025-12-16T18:39:35.795+0000] {processor.py:925} INFO - DAG(s) 'example_xcom' retrieved from /home/airflow/.local/lib/python3.12/site-packages/airflow/example_dags/example_xcom.py
[2025-12-16T18:39:35.819+0000] {logging_mixin.py:190} INFO - [2025-12-16T18:39:35.819+0000] {dag.py:3239} INFO - Sync 1 DAGs
[2025-12-16T18:39:35.847+0000] {logging_mixin.py:190} INFO - [2025-12-16T18:39:35.847+0000] {dag.py:4180} INFO - Setting next_dagrun for example_xcom to 2021-01-01 00:00:00+00:00, run_after=2021-01-01 00:00:00+00:00
[2025-12-16T18:39:35.866+0000] {processor.py:208} INFO - Processing /home/airflow/.local/lib/python3.12/site-packages/airflow/example_dags/example_xcom.py took 0.094 seconds
[2025-12-16T18:40:06.975+0000] {processor.py:186} INFO - Started process (PID=6242) to work on /home/airflow/.local/lib/python3.12/site-packages/airflow/example_dags/example_xcom.py
[2025-12-16T18:40:06.976+0000] {processor.py:914} INFO - Processing file /home/airflow/.local/lib/python3.12/site-packages/airflow/example_dags/example_xcom.py for tasks to queue
[2025-12-16T18:40:06.980+0000] {logging_mixin.py:190} INFO - [2025-12-16T18:40:06.979+0000] {dagbag.py:588} INFO - Filling up the DagBag from /home/airflow/.local/lib/python3.12/site-packages/airflow/example_dags/example_xcom.py
[2025-12-16T18:40:06.993+0000] {processor.py:925} INFO - DAG(s) 'example_xcom' retrieved from /home/airflow/.local/lib/python3.12/site-packages/airflow/example_dags/example_xcom.py
[2025-12-16T18:40:07.019+0000] {logging_mixin.py:190} INFO - [2025-12-16T18:40:07.019+0000] {dag.py:3239} INFO - Sync 1 DAGs
[2025-12-16T18:40:07.049+0000] {logging_mixin.py:190} INFO - [2025-12-16T18:40:07.049+0000] {dag.py:4180} INFO - Setting next_dagrun for example_xcom to 2021-01-01 00:00:00+00:00, run_after=2021-01-01 00:00:00+00:00
[2025-12-16T18:40:07.071+0000] {processor.py:208} INFO - Processing /home/airflow/.local/lib/python3.12/site-packages/airflow/example_dags/example_xcom.py took 0.104 seconds
[2025-12-16T18:40:39.272+0000] {processor.py:186} INFO - Started process (PID=6597) to work on /home/airflow/.local/lib/python3.12/site-packages/airflow/example_dags/example_xcom.py
[2025-12-16T18:40:39.274+0000] {processor.py:914} INFO - Processing file /home/airflow/.local/lib/python3.12/site-packages/airflow/example_dags/example_xcom.py for tasks to queue
[2025-12-16T18:40:39.276+0000] {logging_mixin.py:190} INFO - [2025-12-16T18:40:39.276+0000] {dagbag.py:588} INFO - Filling up the DagBag from /home/airflow/.local/lib/python3.12/site-packages/airflow/example_dags/example_xcom.py
[2025-12-16T18:40:39.288+0000] {processor.py:925} INFO - DAG(s) 'example_xcom' retrieved from /home/airflow/.local/lib/python3.12/site-packages/airflow/example_dags/example_xcom.py
[2025-12-16T18:40:39.313+0000] {logging_mixin.py:190} INFO - [2025-12-16T18:40:39.312+0000] {dag.py:3239} INFO - Sync 1 DAGs
[2025-12-16T18:40:39.342+0000] {logging_mixin.py:190} INFO - [2025-12-16T18:40:39.342+0000] {dag.py:4180} INFO - Setting next_dagrun for example_xcom to 2021-01-01 00:00:00+00:00, run_after=2021-01-01 00:00:00+00:00
[2025-12-16T18:40:39.365+0000] {processor.py:208} INFO - Processing /home/airflow/.local/lib/python3.12/site-packages/airflow/example_dags/example_xcom.py took 0.101 seconds
