[2025-12-16T18:26:45.821+0000] {processor.py:186} INFO - Started process (PID=307) to work on /home/airflow/.local/lib/python3.12/site-packages/airflow/example_dags/example_latest_only_with_trigger.py
[2025-12-16T18:26:45.822+0000] {processor.py:914} INFO - Processing file /home/airflow/.local/lib/python3.12/site-packages/airflow/example_dags/example_latest_only_with_trigger.py for tasks to queue
[2025-12-16T18:26:45.824+0000] {logging_mixin.py:190} INFO - [2025-12-16T18:26:45.824+0000] {dagbag.py:588} INFO - Filling up the DagBag from /home/airflow/.local/lib/python3.12/site-packages/airflow/example_dags/example_latest_only_with_trigger.py
[2025-12-16T18:26:45.836+0000] {processor.py:925} INFO - DAG(s) 'latest_only_with_trigger' retrieved from /home/airflow/.local/lib/python3.12/site-packages/airflow/example_dags/example_latest_only_with_trigger.py
[2025-12-16T18:26:45.980+0000] {logging_mixin.py:190} INFO - [2025-12-16T18:26:45.979+0000] {override.py:1911} INFO - Created Permission View: can read on DAG:latest_only_with_trigger
[2025-12-16T18:26:45.991+0000] {logging_mixin.py:190} INFO - [2025-12-16T18:26:45.991+0000] {override.py:1911} INFO - Created Permission View: can delete on DAG:latest_only_with_trigger
[2025-12-16T18:26:45.998+0000] {logging_mixin.py:190} INFO - [2025-12-16T18:26:45.998+0000] {override.py:1911} INFO - Created Permission View: can edit on DAG:latest_only_with_trigger
[2025-12-16T18:26:46.006+0000] {logging_mixin.py:190} INFO - [2025-12-16T18:26:46.005+0000] {override.py:1911} INFO - Created Permission View: can read on DAG Run:latest_only_with_trigger
[2025-12-16T18:26:46.015+0000] {logging_mixin.py:190} INFO - [2025-12-16T18:26:46.014+0000] {override.py:1911} INFO - Created Permission View: can create on DAG Run:latest_only_with_trigger
[2025-12-16T18:26:46.024+0000] {logging_mixin.py:190} INFO - [2025-12-16T18:26:46.024+0000] {override.py:1911} INFO - Created Permission View: menu access on DAG Run:latest_only_with_trigger
[2025-12-16T18:26:46.033+0000] {logging_mixin.py:190} INFO - [2025-12-16T18:26:46.033+0000] {override.py:1911} INFO - Created Permission View: can delete on DAG Run:latest_only_with_trigger
[2025-12-16T18:26:46.034+0000] {logging_mixin.py:190} INFO - [2025-12-16T18:26:46.034+0000] {dag.py:3239} INFO - Sync 1 DAGs
[2025-12-16T18:26:46.050+0000] {logging_mixin.py:190} INFO - [2025-12-16T18:26:46.050+0000] {dag.py:3262} INFO - Creating ORM DAG for latest_only_with_trigger
[2025-12-16T18:26:46.062+0000] {logging_mixin.py:190} INFO - [2025-12-16T18:26:46.062+0000] {dag.py:4180} INFO - Setting next_dagrun for latest_only_with_trigger to 2025-12-16 12:00:00+00:00, run_after=2025-12-16 16:00:00+00:00
[2025-12-16T18:26:46.083+0000] {processor.py:208} INFO - Processing /home/airflow/.local/lib/python3.12/site-packages/airflow/example_dags/example_latest_only_with_trigger.py took 0.270 seconds
[2025-12-16T18:27:16.900+0000] {processor.py:186} INFO - Started process (PID=598) to work on /home/airflow/.local/lib/python3.12/site-packages/airflow/example_dags/example_latest_only_with_trigger.py
[2025-12-16T18:27:16.902+0000] {processor.py:914} INFO - Processing file /home/airflow/.local/lib/python3.12/site-packages/airflow/example_dags/example_latest_only_with_trigger.py for tasks to queue
[2025-12-16T18:27:16.906+0000] {logging_mixin.py:190} INFO - [2025-12-16T18:27:16.905+0000] {dagbag.py:588} INFO - Filling up the DagBag from /home/airflow/.local/lib/python3.12/site-packages/airflow/example_dags/example_latest_only_with_trigger.py
[2025-12-16T18:27:16.918+0000] {processor.py:925} INFO - DAG(s) 'latest_only_with_trigger' retrieved from /home/airflow/.local/lib/python3.12/site-packages/airflow/example_dags/example_latest_only_with_trigger.py
[2025-12-16T18:27:16.951+0000] {logging_mixin.py:190} INFO - [2025-12-16T18:27:16.950+0000] {dag.py:3239} INFO - Sync 1 DAGs
[2025-12-16T18:27:16.992+0000] {logging_mixin.py:190} INFO - [2025-12-16T18:27:16.992+0000] {dag.py:4180} INFO - Setting next_dagrun for latest_only_with_trigger to 2025-12-16 12:00:00+00:00, run_after=2025-12-16 16:00:00+00:00
[2025-12-16T18:27:17.022+0000] {processor.py:208} INFO - Processing /home/airflow/.local/lib/python3.12/site-packages/airflow/example_dags/example_latest_only_with_trigger.py took 0.133 seconds
[2025-12-16T18:27:48.732+0000] {processor.py:186} INFO - Started process (PID=889) to work on /home/airflow/.local/lib/python3.12/site-packages/airflow/example_dags/example_latest_only_with_trigger.py
[2025-12-16T18:27:48.733+0000] {processor.py:914} INFO - Processing file /home/airflow/.local/lib/python3.12/site-packages/airflow/example_dags/example_latest_only_with_trigger.py for tasks to queue
[2025-12-16T18:27:48.736+0000] {logging_mixin.py:190} INFO - [2025-12-16T18:27:48.735+0000] {dagbag.py:588} INFO - Filling up the DagBag from /home/airflow/.local/lib/python3.12/site-packages/airflow/example_dags/example_latest_only_with_trigger.py
[2025-12-16T18:27:48.746+0000] {processor.py:925} INFO - DAG(s) 'latest_only_with_trigger' retrieved from /home/airflow/.local/lib/python3.12/site-packages/airflow/example_dags/example_latest_only_with_trigger.py
[2025-12-16T18:27:48.771+0000] {logging_mixin.py:190} INFO - [2025-12-16T18:27:48.771+0000] {dag.py:3239} INFO - Sync 1 DAGs
[2025-12-16T18:27:48.801+0000] {logging_mixin.py:190} INFO - [2025-12-16T18:27:48.801+0000] {dag.py:4180} INFO - Setting next_dagrun for latest_only_with_trigger to 2025-12-16 12:00:00+00:00, run_after=2025-12-16 16:00:00+00:00
[2025-12-16T18:27:48.823+0000] {processor.py:208} INFO - Processing /home/airflow/.local/lib/python3.12/site-packages/airflow/example_dags/example_latest_only_with_trigger.py took 0.099 seconds
[2025-12-16T18:29:41.598+0000] {processor.py:186} INFO - Started process (PID=301) to work on /home/airflow/.local/lib/python3.12/site-packages/airflow/example_dags/example_latest_only_with_trigger.py
[2025-12-16T18:29:41.599+0000] {processor.py:914} INFO - Processing file /home/airflow/.local/lib/python3.12/site-packages/airflow/example_dags/example_latest_only_with_trigger.py for tasks to queue
[2025-12-16T18:29:41.603+0000] {logging_mixin.py:190} INFO - [2025-12-16T18:29:41.602+0000] {dagbag.py:588} INFO - Filling up the DagBag from /home/airflow/.local/lib/python3.12/site-packages/airflow/example_dags/example_latest_only_with_trigger.py
[2025-12-16T18:29:41.615+0000] {processor.py:925} INFO - DAG(s) 'latest_only_with_trigger' retrieved from /home/airflow/.local/lib/python3.12/site-packages/airflow/example_dags/example_latest_only_with_trigger.py
[2025-12-16T18:29:41.647+0000] {logging_mixin.py:190} INFO - [2025-12-16T18:29:41.646+0000] {dag.py:3239} INFO - Sync 1 DAGs
[2025-12-16T18:29:41.676+0000] {logging_mixin.py:190} INFO - [2025-12-16T18:29:41.676+0000] {dag.py:4180} INFO - Setting next_dagrun for latest_only_with_trigger to 2025-12-16 12:00:00+00:00, run_after=2025-12-16 16:00:00+00:00
[2025-12-16T18:29:41.697+0000] {processor.py:208} INFO - Processing /home/airflow/.local/lib/python3.12/site-packages/airflow/example_dags/example_latest_only_with_trigger.py took 0.107 seconds
[2025-12-16T18:30:13.998+0000] {processor.py:186} INFO - Started process (PID=600) to work on /home/airflow/.local/lib/python3.12/site-packages/airflow/example_dags/example_latest_only_with_trigger.py
[2025-12-16T18:30:13.999+0000] {processor.py:914} INFO - Processing file /home/airflow/.local/lib/python3.12/site-packages/airflow/example_dags/example_latest_only_with_trigger.py for tasks to queue
[2025-12-16T18:30:14.002+0000] {logging_mixin.py:190} INFO - [2025-12-16T18:30:14.002+0000] {dagbag.py:588} INFO - Filling up the DagBag from /home/airflow/.local/lib/python3.12/site-packages/airflow/example_dags/example_latest_only_with_trigger.py
[2025-12-16T18:30:14.012+0000] {processor.py:925} INFO - DAG(s) 'latest_only_with_trigger' retrieved from /home/airflow/.local/lib/python3.12/site-packages/airflow/example_dags/example_latest_only_with_trigger.py
[2025-12-16T18:30:14.035+0000] {logging_mixin.py:190} INFO - [2025-12-16T18:30:14.035+0000] {dag.py:3239} INFO - Sync 1 DAGs
[2025-12-16T18:30:14.064+0000] {logging_mixin.py:190} INFO - [2025-12-16T18:30:14.063+0000] {dag.py:4180} INFO - Setting next_dagrun for latest_only_with_trigger to 2025-12-16 12:00:00+00:00, run_after=2025-12-16 16:00:00+00:00
[2025-12-16T18:30:14.082+0000] {processor.py:208} INFO - Processing /home/airflow/.local/lib/python3.12/site-packages/airflow/example_dags/example_latest_only_with_trigger.py took 0.092 seconds
[2025-12-16T18:30:44.673+0000] {processor.py:186} INFO - Started process (PID=889) to work on /home/airflow/.local/lib/python3.12/site-packages/airflow/example_dags/example_latest_only_with_trigger.py
[2025-12-16T18:30:44.674+0000] {processor.py:914} INFO - Processing file /home/airflow/.local/lib/python3.12/site-packages/airflow/example_dags/example_latest_only_with_trigger.py for tasks to queue
[2025-12-16T18:30:44.677+0000] {logging_mixin.py:190} INFO - [2025-12-16T18:30:44.676+0000] {dagbag.py:588} INFO - Filling up the DagBag from /home/airflow/.local/lib/python3.12/site-packages/airflow/example_dags/example_latest_only_with_trigger.py
[2025-12-16T18:30:44.686+0000] {processor.py:925} INFO - DAG(s) 'latest_only_with_trigger' retrieved from /home/airflow/.local/lib/python3.12/site-packages/airflow/example_dags/example_latest_only_with_trigger.py
[2025-12-16T18:30:44.710+0000] {logging_mixin.py:190} INFO - [2025-12-16T18:30:44.709+0000] {dag.py:3239} INFO - Sync 1 DAGs
[2025-12-16T18:30:44.737+0000] {logging_mixin.py:190} INFO - [2025-12-16T18:30:44.736+0000] {dag.py:4180} INFO - Setting next_dagrun for latest_only_with_trigger to 2025-12-16 12:00:00+00:00, run_after=2025-12-16 16:00:00+00:00
[2025-12-16T18:30:44.755+0000] {processor.py:208} INFO - Processing /home/airflow/.local/lib/python3.12/site-packages/airflow/example_dags/example_latest_only_with_trigger.py took 0.089 seconds
[2025-12-16T18:31:16.403+0000] {processor.py:186} INFO - Started process (PID=1182) to work on /home/airflow/.local/lib/python3.12/site-packages/airflow/example_dags/example_latest_only_with_trigger.py
[2025-12-16T18:31:16.405+0000] {processor.py:914} INFO - Processing file /home/airflow/.local/lib/python3.12/site-packages/airflow/example_dags/example_latest_only_with_trigger.py for tasks to queue
[2025-12-16T18:31:16.407+0000] {logging_mixin.py:190} INFO - [2025-12-16T18:31:16.407+0000] {dagbag.py:588} INFO - Filling up the DagBag from /home/airflow/.local/lib/python3.12/site-packages/airflow/example_dags/example_latest_only_with_trigger.py
[2025-12-16T18:31:16.416+0000] {processor.py:925} INFO - DAG(s) 'latest_only_with_trigger' retrieved from /home/airflow/.local/lib/python3.12/site-packages/airflow/example_dags/example_latest_only_with_trigger.py
[2025-12-16T18:31:16.439+0000] {logging_mixin.py:190} INFO - [2025-12-16T18:31:16.439+0000] {dag.py:3239} INFO - Sync 1 DAGs
[2025-12-16T18:31:16.466+0000] {logging_mixin.py:190} INFO - [2025-12-16T18:31:16.466+0000] {dag.py:4180} INFO - Setting next_dagrun for latest_only_with_trigger to 2025-12-16 12:00:00+00:00, run_after=2025-12-16 16:00:00+00:00
[2025-12-16T18:31:16.485+0000] {processor.py:208} INFO - Processing /home/airflow/.local/lib/python3.12/site-packages/airflow/example_dags/example_latest_only_with_trigger.py took 0.089 seconds
[2025-12-16T18:31:47.054+0000] {processor.py:186} INFO - Started process (PID=1471) to work on /home/airflow/.local/lib/python3.12/site-packages/airflow/example_dags/example_latest_only_with_trigger.py
[2025-12-16T18:31:47.055+0000] {processor.py:914} INFO - Processing file /home/airflow/.local/lib/python3.12/site-packages/airflow/example_dags/example_latest_only_with_trigger.py for tasks to queue
[2025-12-16T18:31:47.058+0000] {logging_mixin.py:190} INFO - [2025-12-16T18:31:47.058+0000] {dagbag.py:588} INFO - Filling up the DagBag from /home/airflow/.local/lib/python3.12/site-packages/airflow/example_dags/example_latest_only_with_trigger.py
[2025-12-16T18:31:47.068+0000] {processor.py:925} INFO - DAG(s) 'latest_only_with_trigger' retrieved from /home/airflow/.local/lib/python3.12/site-packages/airflow/example_dags/example_latest_only_with_trigger.py
[2025-12-16T18:31:47.100+0000] {logging_mixin.py:190} INFO - [2025-12-16T18:31:47.099+0000] {dag.py:3239} INFO - Sync 1 DAGs
[2025-12-16T18:31:47.131+0000] {logging_mixin.py:190} INFO - [2025-12-16T18:31:47.131+0000] {dag.py:4180} INFO - Setting next_dagrun for latest_only_with_trigger to 2025-12-16 12:00:00+00:00, run_after=2025-12-16 16:00:00+00:00
[2025-12-16T18:31:47.153+0000] {processor.py:208} INFO - Processing /home/airflow/.local/lib/python3.12/site-packages/airflow/example_dags/example_latest_only_with_trigger.py took 0.107 seconds
[2025-12-16T18:32:17.503+0000] {processor.py:186} INFO - Started process (PID=1762) to work on /home/airflow/.local/lib/python3.12/site-packages/airflow/example_dags/example_latest_only_with_trigger.py
[2025-12-16T18:32:17.505+0000] {processor.py:914} INFO - Processing file /home/airflow/.local/lib/python3.12/site-packages/airflow/example_dags/example_latest_only_with_trigger.py for tasks to queue
[2025-12-16T18:32:17.507+0000] {logging_mixin.py:190} INFO - [2025-12-16T18:32:17.507+0000] {dagbag.py:588} INFO - Filling up the DagBag from /home/airflow/.local/lib/python3.12/site-packages/airflow/example_dags/example_latest_only_with_trigger.py
[2025-12-16T18:32:17.517+0000] {processor.py:925} INFO - DAG(s) 'latest_only_with_trigger' retrieved from /home/airflow/.local/lib/python3.12/site-packages/airflow/example_dags/example_latest_only_with_trigger.py
[2025-12-16T18:32:17.542+0000] {logging_mixin.py:190} INFO - [2025-12-16T18:32:17.542+0000] {dag.py:3239} INFO - Sync 1 DAGs
[2025-12-16T18:32:17.570+0000] {logging_mixin.py:190} INFO - [2025-12-16T18:32:17.570+0000] {dag.py:4180} INFO - Setting next_dagrun for latest_only_with_trigger to 2025-12-16 12:00:00+00:00, run_after=2025-12-16 16:00:00+00:00
[2025-12-16T18:32:17.591+0000] {processor.py:208} INFO - Processing /home/airflow/.local/lib/python3.12/site-packages/airflow/example_dags/example_latest_only_with_trigger.py took 0.095 seconds
[2025-12-16T18:32:48.376+0000] {processor.py:186} INFO - Started process (PID=2048) to work on /home/airflow/.local/lib/python3.12/site-packages/airflow/example_dags/example_latest_only_with_trigger.py
[2025-12-16T18:32:48.377+0000] {processor.py:914} INFO - Processing file /home/airflow/.local/lib/python3.12/site-packages/airflow/example_dags/example_latest_only_with_trigger.py for tasks to queue
[2025-12-16T18:32:48.380+0000] {logging_mixin.py:190} INFO - [2025-12-16T18:32:48.380+0000] {dagbag.py:588} INFO - Filling up the DagBag from /home/airflow/.local/lib/python3.12/site-packages/airflow/example_dags/example_latest_only_with_trigger.py
[2025-12-16T18:32:48.391+0000] {processor.py:925} INFO - DAG(s) 'latest_only_with_trigger' retrieved from /home/airflow/.local/lib/python3.12/site-packages/airflow/example_dags/example_latest_only_with_trigger.py
[2025-12-16T18:32:48.417+0000] {logging_mixin.py:190} INFO - [2025-12-16T18:32:48.417+0000] {dag.py:3239} INFO - Sync 1 DAGs
[2025-12-16T18:32:48.446+0000] {logging_mixin.py:190} INFO - [2025-12-16T18:32:48.446+0000] {dag.py:4180} INFO - Setting next_dagrun for latest_only_with_trigger to 2025-12-16 12:00:00+00:00, run_after=2025-12-16 16:00:00+00:00
[2025-12-16T18:32:48.468+0000] {processor.py:208} INFO - Processing /home/airflow/.local/lib/python3.12/site-packages/airflow/example_dags/example_latest_only_with_trigger.py took 0.101 seconds
[2025-12-16T18:33:20.421+0000] {processor.py:186} INFO - Started process (PID=2344) to work on /home/airflow/.local/lib/python3.12/site-packages/airflow/example_dags/example_latest_only_with_trigger.py
[2025-12-16T18:33:20.422+0000] {processor.py:914} INFO - Processing file /home/airflow/.local/lib/python3.12/site-packages/airflow/example_dags/example_latest_only_with_trigger.py for tasks to queue
[2025-12-16T18:33:20.425+0000] {logging_mixin.py:190} INFO - [2025-12-16T18:33:20.424+0000] {dagbag.py:588} INFO - Filling up the DagBag from /home/airflow/.local/lib/python3.12/site-packages/airflow/example_dags/example_latest_only_with_trigger.py
[2025-12-16T18:33:20.434+0000] {processor.py:925} INFO - DAG(s) 'latest_only_with_trigger' retrieved from /home/airflow/.local/lib/python3.12/site-packages/airflow/example_dags/example_latest_only_with_trigger.py
[2025-12-16T18:33:20.459+0000] {logging_mixin.py:190} INFO - [2025-12-16T18:33:20.458+0000] {dag.py:3239} INFO - Sync 1 DAGs
[2025-12-16T18:33:20.487+0000] {logging_mixin.py:190} INFO - [2025-12-16T18:33:20.487+0000] {dag.py:4180} INFO - Setting next_dagrun for latest_only_with_trigger to 2025-12-16 12:00:00+00:00, run_after=2025-12-16 16:00:00+00:00
[2025-12-16T18:33:20.506+0000] {processor.py:208} INFO - Processing /home/airflow/.local/lib/python3.12/site-packages/airflow/example_dags/example_latest_only_with_trigger.py took 0.092 seconds
[2025-12-16T18:33:51.419+0000] {processor.py:186} INFO - Started process (PID=2635) to work on /home/airflow/.local/lib/python3.12/site-packages/airflow/example_dags/example_latest_only_with_trigger.py
[2025-12-16T18:33:51.420+0000] {processor.py:914} INFO - Processing file /home/airflow/.local/lib/python3.12/site-packages/airflow/example_dags/example_latest_only_with_trigger.py for tasks to queue
[2025-12-16T18:33:51.422+0000] {logging_mixin.py:190} INFO - [2025-12-16T18:33:51.422+0000] {dagbag.py:588} INFO - Filling up the DagBag from /home/airflow/.local/lib/python3.12/site-packages/airflow/example_dags/example_latest_only_with_trigger.py
[2025-12-16T18:33:51.432+0000] {processor.py:925} INFO - DAG(s) 'latest_only_with_trigger' retrieved from /home/airflow/.local/lib/python3.12/site-packages/airflow/example_dags/example_latest_only_with_trigger.py
[2025-12-16T18:33:51.456+0000] {logging_mixin.py:190} INFO - [2025-12-16T18:33:51.455+0000] {dag.py:3239} INFO - Sync 1 DAGs
[2025-12-16T18:33:51.485+0000] {logging_mixin.py:190} INFO - [2025-12-16T18:33:51.485+0000] {dag.py:4180} INFO - Setting next_dagrun for latest_only_with_trigger to 2025-12-16 12:00:00+00:00, run_after=2025-12-16 16:00:00+00:00
[2025-12-16T18:33:51.505+0000] {processor.py:208} INFO - Processing /home/airflow/.local/lib/python3.12/site-packages/airflow/example_dags/example_latest_only_with_trigger.py took 0.094 seconds
[2025-12-16T18:34:22.323+0000] {processor.py:186} INFO - Started process (PID=2926) to work on /home/airflow/.local/lib/python3.12/site-packages/airflow/example_dags/example_latest_only_with_trigger.py
[2025-12-16T18:34:22.324+0000] {processor.py:914} INFO - Processing file /home/airflow/.local/lib/python3.12/site-packages/airflow/example_dags/example_latest_only_with_trigger.py for tasks to queue
[2025-12-16T18:34:22.327+0000] {logging_mixin.py:190} INFO - [2025-12-16T18:34:22.326+0000] {dagbag.py:588} INFO - Filling up the DagBag from /home/airflow/.local/lib/python3.12/site-packages/airflow/example_dags/example_latest_only_with_trigger.py
[2025-12-16T18:34:22.336+0000] {processor.py:925} INFO - DAG(s) 'latest_only_with_trigger' retrieved from /home/airflow/.local/lib/python3.12/site-packages/airflow/example_dags/example_latest_only_with_trigger.py
[2025-12-16T18:34:22.360+0000] {logging_mixin.py:190} INFO - [2025-12-16T18:34:22.359+0000] {dag.py:3239} INFO - Sync 1 DAGs
[2025-12-16T18:34:22.389+0000] {logging_mixin.py:190} INFO - [2025-12-16T18:34:22.388+0000] {dag.py:4180} INFO - Setting next_dagrun for latest_only_with_trigger to 2025-12-16 12:00:00+00:00, run_after=2025-12-16 16:00:00+00:00
[2025-12-16T18:34:22.408+0000] {processor.py:208} INFO - Processing /home/airflow/.local/lib/python3.12/site-packages/airflow/example_dags/example_latest_only_with_trigger.py took 0.092 seconds
[2025-12-16T18:34:53.535+0000] {processor.py:186} INFO - Started process (PID=3219) to work on /home/airflow/.local/lib/python3.12/site-packages/airflow/example_dags/example_latest_only_with_trigger.py
[2025-12-16T18:34:53.536+0000] {processor.py:914} INFO - Processing file /home/airflow/.local/lib/python3.12/site-packages/airflow/example_dags/example_latest_only_with_trigger.py for tasks to queue
[2025-12-16T18:34:53.539+0000] {logging_mixin.py:190} INFO - [2025-12-16T18:34:53.538+0000] {dagbag.py:588} INFO - Filling up the DagBag from /home/airflow/.local/lib/python3.12/site-packages/airflow/example_dags/example_latest_only_with_trigger.py
[2025-12-16T18:34:53.549+0000] {processor.py:925} INFO - DAG(s) 'latest_only_with_trigger' retrieved from /home/airflow/.local/lib/python3.12/site-packages/airflow/example_dags/example_latest_only_with_trigger.py
[2025-12-16T18:34:53.574+0000] {logging_mixin.py:190} INFO - [2025-12-16T18:34:53.574+0000] {dag.py:3239} INFO - Sync 1 DAGs
[2025-12-16T18:34:53.604+0000] {logging_mixin.py:190} INFO - [2025-12-16T18:34:53.603+0000] {dag.py:4180} INFO - Setting next_dagrun for latest_only_with_trigger to 2025-12-16 12:00:00+00:00, run_after=2025-12-16 16:00:00+00:00
[2025-12-16T18:34:53.623+0000] {processor.py:208} INFO - Processing /home/airflow/.local/lib/python3.12/site-packages/airflow/example_dags/example_latest_only_with_trigger.py took 0.096 seconds
[2025-12-16T18:35:24.783+0000] {processor.py:186} INFO - Started process (PID=3508) to work on /home/airflow/.local/lib/python3.12/site-packages/airflow/example_dags/example_latest_only_with_trigger.py
[2025-12-16T18:35:24.784+0000] {processor.py:914} INFO - Processing file /home/airflow/.local/lib/python3.12/site-packages/airflow/example_dags/example_latest_only_with_trigger.py for tasks to queue
[2025-12-16T18:35:24.787+0000] {logging_mixin.py:190} INFO - [2025-12-16T18:35:24.786+0000] {dagbag.py:588} INFO - Filling up the DagBag from /home/airflow/.local/lib/python3.12/site-packages/airflow/example_dags/example_latest_only_with_trigger.py
[2025-12-16T18:35:24.797+0000] {processor.py:925} INFO - DAG(s) 'latest_only_with_trigger' retrieved from /home/airflow/.local/lib/python3.12/site-packages/airflow/example_dags/example_latest_only_with_trigger.py
[2025-12-16T18:35:24.822+0000] {logging_mixin.py:190} INFO - [2025-12-16T18:35:24.821+0000] {dag.py:3239} INFO - Sync 1 DAGs
[2025-12-16T18:35:24.851+0000] {logging_mixin.py:190} INFO - [2025-12-16T18:35:24.851+0000] {dag.py:4180} INFO - Setting next_dagrun for latest_only_with_trigger to 2025-12-16 12:00:00+00:00, run_after=2025-12-16 16:00:00+00:00
[2025-12-16T18:35:24.871+0000] {processor.py:208} INFO - Processing /home/airflow/.local/lib/python3.12/site-packages/airflow/example_dags/example_latest_only_with_trigger.py took 0.096 seconds
[2025-12-16T18:35:55.844+0000] {processor.py:186} INFO - Started process (PID=3799) to work on /home/airflow/.local/lib/python3.12/site-packages/airflow/example_dags/example_latest_only_with_trigger.py
[2025-12-16T18:35:55.845+0000] {processor.py:914} INFO - Processing file /home/airflow/.local/lib/python3.12/site-packages/airflow/example_dags/example_latest_only_with_trigger.py for tasks to queue
[2025-12-16T18:35:55.848+0000] {logging_mixin.py:190} INFO - [2025-12-16T18:35:55.847+0000] {dagbag.py:588} INFO - Filling up the DagBag from /home/airflow/.local/lib/python3.12/site-packages/airflow/example_dags/example_latest_only_with_trigger.py
[2025-12-16T18:35:55.857+0000] {processor.py:925} INFO - DAG(s) 'latest_only_with_trigger' retrieved from /home/airflow/.local/lib/python3.12/site-packages/airflow/example_dags/example_latest_only_with_trigger.py
[2025-12-16T18:35:55.884+0000] {logging_mixin.py:190} INFO - [2025-12-16T18:35:55.884+0000] {dag.py:3239} INFO - Sync 1 DAGs
[2025-12-16T18:35:55.915+0000] {logging_mixin.py:190} INFO - [2025-12-16T18:35:55.914+0000] {dag.py:4180} INFO - Setting next_dagrun for latest_only_with_trigger to 2025-12-16 12:00:00+00:00, run_after=2025-12-16 16:00:00+00:00
[2025-12-16T18:35:55.935+0000] {processor.py:208} INFO - Processing /home/airflow/.local/lib/python3.12/site-packages/airflow/example_dags/example_latest_only_with_trigger.py took 0.098 seconds
[2025-12-16T18:36:26.934+0000] {processor.py:186} INFO - Started process (PID=4090) to work on /home/airflow/.local/lib/python3.12/site-packages/airflow/example_dags/example_latest_only_with_trigger.py
[2025-12-16T18:36:26.935+0000] {processor.py:914} INFO - Processing file /home/airflow/.local/lib/python3.12/site-packages/airflow/example_dags/example_latest_only_with_trigger.py for tasks to queue
[2025-12-16T18:36:26.938+0000] {logging_mixin.py:190} INFO - [2025-12-16T18:36:26.938+0000] {dagbag.py:588} INFO - Filling up the DagBag from /home/airflow/.local/lib/python3.12/site-packages/airflow/example_dags/example_latest_only_with_trigger.py
[2025-12-16T18:36:26.948+0000] {processor.py:925} INFO - DAG(s) 'latest_only_with_trigger' retrieved from /home/airflow/.local/lib/python3.12/site-packages/airflow/example_dags/example_latest_only_with_trigger.py
[2025-12-16T18:36:26.974+0000] {logging_mixin.py:190} INFO - [2025-12-16T18:36:26.973+0000] {dag.py:3239} INFO - Sync 1 DAGs
[2025-12-16T18:36:27.003+0000] {logging_mixin.py:190} INFO - [2025-12-16T18:36:27.002+0000] {dag.py:4180} INFO - Setting next_dagrun for latest_only_with_trigger to 2025-12-16 12:00:00+00:00, run_after=2025-12-16 16:00:00+00:00
[2025-12-16T18:36:27.023+0000] {processor.py:208} INFO - Processing /home/airflow/.local/lib/python3.12/site-packages/airflow/example_dags/example_latest_only_with_trigger.py took 0.096 seconds
[2025-12-16T18:36:58.039+0000] {processor.py:186} INFO - Started process (PID=4381) to work on /home/airflow/.local/lib/python3.12/site-packages/airflow/example_dags/example_latest_only_with_trigger.py
[2025-12-16T18:36:58.040+0000] {processor.py:914} INFO - Processing file /home/airflow/.local/lib/python3.12/site-packages/airflow/example_dags/example_latest_only_with_trigger.py for tasks to queue
[2025-12-16T18:36:58.043+0000] {logging_mixin.py:190} INFO - [2025-12-16T18:36:58.043+0000] {dagbag.py:588} INFO - Filling up the DagBag from /home/airflow/.local/lib/python3.12/site-packages/airflow/example_dags/example_latest_only_with_trigger.py
[2025-12-16T18:36:58.052+0000] {processor.py:925} INFO - DAG(s) 'latest_only_with_trigger' retrieved from /home/airflow/.local/lib/python3.12/site-packages/airflow/example_dags/example_latest_only_with_trigger.py
[2025-12-16T18:36:58.079+0000] {logging_mixin.py:190} INFO - [2025-12-16T18:36:58.079+0000] {dag.py:3239} INFO - Sync 1 DAGs
[2025-12-16T18:36:58.108+0000] {logging_mixin.py:190} INFO - [2025-12-16T18:36:58.108+0000] {dag.py:4180} INFO - Setting next_dagrun for latest_only_with_trigger to 2025-12-16 12:00:00+00:00, run_after=2025-12-16 16:00:00+00:00
[2025-12-16T18:36:58.130+0000] {processor.py:208} INFO - Processing /home/airflow/.local/lib/python3.12/site-packages/airflow/example_dags/example_latest_only_with_trigger.py took 0.098 seconds
[2025-12-16T18:37:29.184+0000] {processor.py:186} INFO - Started process (PID=4672) to work on /home/airflow/.local/lib/python3.12/site-packages/airflow/example_dags/example_latest_only_with_trigger.py
[2025-12-16T18:37:29.185+0000] {processor.py:914} INFO - Processing file /home/airflow/.local/lib/python3.12/site-packages/airflow/example_dags/example_latest_only_with_trigger.py for tasks to queue
[2025-12-16T18:37:29.188+0000] {logging_mixin.py:190} INFO - [2025-12-16T18:37:29.188+0000] {dagbag.py:588} INFO - Filling up the DagBag from /home/airflow/.local/lib/python3.12/site-packages/airflow/example_dags/example_latest_only_with_trigger.py
[2025-12-16T18:37:29.199+0000] {processor.py:925} INFO - DAG(s) 'latest_only_with_trigger' retrieved from /home/airflow/.local/lib/python3.12/site-packages/airflow/example_dags/example_latest_only_with_trigger.py
[2025-12-16T18:37:29.226+0000] {logging_mixin.py:190} INFO - [2025-12-16T18:37:29.226+0000] {dag.py:3239} INFO - Sync 1 DAGs
[2025-12-16T18:37:29.258+0000] {logging_mixin.py:190} INFO - [2025-12-16T18:37:29.258+0000] {dag.py:4180} INFO - Setting next_dagrun for latest_only_with_trigger to 2025-12-16 12:00:00+00:00, run_after=2025-12-16 16:00:00+00:00
[2025-12-16T18:37:29.280+0000] {processor.py:208} INFO - Processing /home/airflow/.local/lib/python3.12/site-packages/airflow/example_dags/example_latest_only_with_trigger.py took 0.104 seconds
[2025-12-16T18:37:59.487+0000] {processor.py:186} INFO - Started process (PID=4958) to work on /home/airflow/.local/lib/python3.12/site-packages/airflow/example_dags/example_latest_only_with_trigger.py
[2025-12-16T18:37:59.488+0000] {processor.py:914} INFO - Processing file /home/airflow/.local/lib/python3.12/site-packages/airflow/example_dags/example_latest_only_with_trigger.py for tasks to queue
[2025-12-16T18:37:59.491+0000] {logging_mixin.py:190} INFO - [2025-12-16T18:37:59.490+0000] {dagbag.py:588} INFO - Filling up the DagBag from /home/airflow/.local/lib/python3.12/site-packages/airflow/example_dags/example_latest_only_with_trigger.py
[2025-12-16T18:37:59.501+0000] {processor.py:925} INFO - DAG(s) 'latest_only_with_trigger' retrieved from /home/airflow/.local/lib/python3.12/site-packages/airflow/example_dags/example_latest_only_with_trigger.py
[2025-12-16T18:37:59.530+0000] {logging_mixin.py:190} INFO - [2025-12-16T18:37:59.530+0000] {dag.py:3239} INFO - Sync 1 DAGs
[2025-12-16T18:37:59.564+0000] {logging_mixin.py:190} INFO - [2025-12-16T18:37:59.564+0000] {dag.py:4180} INFO - Setting next_dagrun for latest_only_with_trigger to 2025-12-16 12:00:00+00:00, run_after=2025-12-16 16:00:00+00:00
[2025-12-16T18:37:59.586+0000] {processor.py:208} INFO - Processing /home/airflow/.local/lib/python3.12/site-packages/airflow/example_dags/example_latest_only_with_trigger.py took 0.107 seconds
[2025-12-16T18:38:30.955+0000] {processor.py:186} INFO - Started process (PID=5249) to work on /home/airflow/.local/lib/python3.12/site-packages/airflow/example_dags/example_latest_only_with_trigger.py
[2025-12-16T18:38:30.956+0000] {processor.py:914} INFO - Processing file /home/airflow/.local/lib/python3.12/site-packages/airflow/example_dags/example_latest_only_with_trigger.py for tasks to queue
[2025-12-16T18:38:30.959+0000] {logging_mixin.py:190} INFO - [2025-12-16T18:38:30.959+0000] {dagbag.py:588} INFO - Filling up the DagBag from /home/airflow/.local/lib/python3.12/site-packages/airflow/example_dags/example_latest_only_with_trigger.py
[2025-12-16T18:38:30.969+0000] {processor.py:925} INFO - DAG(s) 'latest_only_with_trigger' retrieved from /home/airflow/.local/lib/python3.12/site-packages/airflow/example_dags/example_latest_only_with_trigger.py
[2025-12-16T18:38:30.996+0000] {logging_mixin.py:190} INFO - [2025-12-16T18:38:30.995+0000] {dag.py:3239} INFO - Sync 1 DAGs
[2025-12-16T18:38:31.026+0000] {logging_mixin.py:190} INFO - [2025-12-16T18:38:31.026+0000] {dag.py:4180} INFO - Setting next_dagrun for latest_only_with_trigger to 2025-12-16 12:00:00+00:00, run_after=2025-12-16 16:00:00+00:00
[2025-12-16T18:38:31.048+0000] {processor.py:208} INFO - Processing /home/airflow/.local/lib/python3.12/site-packages/airflow/example_dags/example_latest_only_with_trigger.py took 0.101 seconds
[2025-12-16T18:39:01.791+0000] {processor.py:186} INFO - Started process (PID=5537) to work on /home/airflow/.local/lib/python3.12/site-packages/airflow/example_dags/example_latest_only_with_trigger.py
[2025-12-16T18:39:01.792+0000] {processor.py:914} INFO - Processing file /home/airflow/.local/lib/python3.12/site-packages/airflow/example_dags/example_latest_only_with_trigger.py for tasks to queue
[2025-12-16T18:39:01.795+0000] {logging_mixin.py:190} INFO - [2025-12-16T18:39:01.794+0000] {dagbag.py:588} INFO - Filling up the DagBag from /home/airflow/.local/lib/python3.12/site-packages/airflow/example_dags/example_latest_only_with_trigger.py
[2025-12-16T18:39:01.804+0000] {processor.py:925} INFO - DAG(s) 'latest_only_with_trigger' retrieved from /home/airflow/.local/lib/python3.12/site-packages/airflow/example_dags/example_latest_only_with_trigger.py
[2025-12-16T18:39:01.826+0000] {logging_mixin.py:190} INFO - [2025-12-16T18:39:01.826+0000] {dag.py:3239} INFO - Sync 1 DAGs
[2025-12-16T18:39:01.854+0000] {logging_mixin.py:190} INFO - [2025-12-16T18:39:01.854+0000] {dag.py:4180} INFO - Setting next_dagrun for latest_only_with_trigger to 2025-12-16 12:00:00+00:00, run_after=2025-12-16 16:00:00+00:00
[2025-12-16T18:39:01.873+0000] {processor.py:208} INFO - Processing /home/airflow/.local/lib/python3.12/site-packages/airflow/example_dags/example_latest_only_with_trigger.py took 0.089 seconds
[2025-12-16T18:39:33.370+0000] {processor.py:186} INFO - Started process (PID=5828) to work on /home/airflow/.local/lib/python3.12/site-packages/airflow/example_dags/example_latest_only_with_trigger.py
[2025-12-16T18:39:33.371+0000] {processor.py:914} INFO - Processing file /home/airflow/.local/lib/python3.12/site-packages/airflow/example_dags/example_latest_only_with_trigger.py for tasks to queue
[2025-12-16T18:39:33.374+0000] {logging_mixin.py:190} INFO - [2025-12-16T18:39:33.374+0000] {dagbag.py:588} INFO - Filling up the DagBag from /home/airflow/.local/lib/python3.12/site-packages/airflow/example_dags/example_latest_only_with_trigger.py
[2025-12-16T18:39:33.383+0000] {processor.py:925} INFO - DAG(s) 'latest_only_with_trigger' retrieved from /home/airflow/.local/lib/python3.12/site-packages/airflow/example_dags/example_latest_only_with_trigger.py
[2025-12-16T18:39:33.405+0000] {logging_mixin.py:190} INFO - [2025-12-16T18:39:33.405+0000] {dag.py:3239} INFO - Sync 1 DAGs
[2025-12-16T18:39:33.432+0000] {logging_mixin.py:190} INFO - [2025-12-16T18:39:33.432+0000] {dag.py:4180} INFO - Setting next_dagrun for latest_only_with_trigger to 2025-12-16 12:00:00+00:00, run_after=2025-12-16 16:00:00+00:00
[2025-12-16T18:39:33.451+0000] {processor.py:208} INFO - Processing /home/airflow/.local/lib/python3.12/site-packages/airflow/example_dags/example_latest_only_with_trigger.py took 0.088 seconds
[2025-12-16T18:40:04.732+0000] {processor.py:186} INFO - Started process (PID=6122) to work on /home/airflow/.local/lib/python3.12/site-packages/airflow/example_dags/example_latest_only_with_trigger.py
[2025-12-16T18:40:04.733+0000] {processor.py:914} INFO - Processing file /home/airflow/.local/lib/python3.12/site-packages/airflow/example_dags/example_latest_only_with_trigger.py for tasks to queue
[2025-12-16T18:40:04.735+0000] {logging_mixin.py:190} INFO - [2025-12-16T18:40:04.735+0000] {dagbag.py:588} INFO - Filling up the DagBag from /home/airflow/.local/lib/python3.12/site-packages/airflow/example_dags/example_latest_only_with_trigger.py
[2025-12-16T18:40:04.745+0000] {processor.py:925} INFO - DAG(s) 'latest_only_with_trigger' retrieved from /home/airflow/.local/lib/python3.12/site-packages/airflow/example_dags/example_latest_only_with_trigger.py
[2025-12-16T18:40:04.771+0000] {logging_mixin.py:190} INFO - [2025-12-16T18:40:04.770+0000] {dag.py:3239} INFO - Sync 1 DAGs
[2025-12-16T18:40:04.800+0000] {logging_mixin.py:190} INFO - [2025-12-16T18:40:04.800+0000] {dag.py:4180} INFO - Setting next_dagrun for latest_only_with_trigger to 2025-12-16 12:00:00+00:00, run_after=2025-12-16 16:00:00+00:00
[2025-12-16T18:40:04.821+0000] {processor.py:208} INFO - Processing /home/airflow/.local/lib/python3.12/site-packages/airflow/example_dags/example_latest_only_with_trigger.py took 0.098 seconds
[2025-12-16T18:40:37.133+0000] {processor.py:186} INFO - Started process (PID=6413) to work on /home/airflow/.local/lib/python3.12/site-packages/airflow/example_dags/example_latest_only_with_trigger.py
[2025-12-16T18:40:37.135+0000] {processor.py:914} INFO - Processing file /home/airflow/.local/lib/python3.12/site-packages/airflow/example_dags/example_latest_only_with_trigger.py for tasks to queue
[2025-12-16T18:40:37.139+0000] {logging_mixin.py:190} INFO - [2025-12-16T18:40:37.138+0000] {dagbag.py:588} INFO - Filling up the DagBag from /home/airflow/.local/lib/python3.12/site-packages/airflow/example_dags/example_latest_only_with_trigger.py
[2025-12-16T18:40:37.151+0000] {processor.py:925} INFO - DAG(s) 'latest_only_with_trigger' retrieved from /home/airflow/.local/lib/python3.12/site-packages/airflow/example_dags/example_latest_only_with_trigger.py
[2025-12-16T18:40:37.183+0000] {logging_mixin.py:190} INFO - [2025-12-16T18:40:37.183+0000] {dag.py:3239} INFO - Sync 1 DAGs
[2025-12-16T18:40:37.223+0000] {logging_mixin.py:190} INFO - [2025-12-16T18:40:37.223+0000] {dag.py:4180} INFO - Setting next_dagrun for latest_only_with_trigger to 2025-12-16 12:00:00+00:00, run_after=2025-12-16 16:00:00+00:00
[2025-12-16T18:40:37.247+0000] {processor.py:208} INFO - Processing /home/airflow/.local/lib/python3.12/site-packages/airflow/example_dags/example_latest_only_with_trigger.py took 0.125 seconds
