[2025-12-16T18:26:38.695+0000] {processor.py:186} INFO - Started process (PID=206) to work on /home/airflow/.local/lib/python3.12/site-packages/airflow/example_dags/example_bash_operator.py
[2025-12-16T18:26:38.696+0000] {processor.py:914} INFO - Processing file /home/airflow/.local/lib/python3.12/site-packages/airflow/example_dags/example_bash_operator.py for tasks to queue
[2025-12-16T18:26:38.699+0000] {logging_mixin.py:190} INFO - [2025-12-16T18:26:38.698+0000] {dagbag.py:588} INFO - Filling up the DagBag from /home/airflow/.local/lib/python3.12/site-packages/airflow/example_dags/example_bash_operator.py
[2025-12-16T18:26:38.731+0000] {processor.py:925} INFO - DAG(s) 'example_bash_operator' retrieved from /home/airflow/.local/lib/python3.12/site-packages/airflow/example_dags/example_bash_operator.py
[2025-12-16T18:26:39.083+0000] {logging_mixin.py:190} INFO - [2025-12-16T18:26:39.082+0000] {override.py:1911} INFO - Created Permission View: can read on DAG:example_bash_operator
[2025-12-16T18:26:39.095+0000] {logging_mixin.py:190} INFO - [2025-12-16T18:26:39.094+0000] {override.py:1911} INFO - Created Permission View: can delete on DAG:example_bash_operator
[2025-12-16T18:26:39.106+0000] {logging_mixin.py:190} INFO - [2025-12-16T18:26:39.106+0000] {override.py:1911} INFO - Created Permission View: can edit on DAG:example_bash_operator
[2025-12-16T18:26:39.116+0000] {logging_mixin.py:190} INFO - [2025-12-16T18:26:39.116+0000] {override.py:1911} INFO - Created Permission View: can read on DAG Run:example_bash_operator
[2025-12-16T18:26:39.124+0000] {logging_mixin.py:190} INFO - [2025-12-16T18:26:39.124+0000] {override.py:1911} INFO - Created Permission View: can create on DAG Run:example_bash_operator
[2025-12-16T18:26:39.133+0000] {logging_mixin.py:190} INFO - [2025-12-16T18:26:39.132+0000] {override.py:1911} INFO - Created Permission View: menu access on DAG Run:example_bash_operator
[2025-12-16T18:26:39.140+0000] {logging_mixin.py:190} INFO - [2025-12-16T18:26:39.140+0000] {override.py:1911} INFO - Created Permission View: can delete on DAG Run:example_bash_operator
[2025-12-16T18:26:39.141+0000] {logging_mixin.py:190} INFO - [2025-12-16T18:26:39.141+0000] {dag.py:3239} INFO - Sync 1 DAGs
[2025-12-16T18:26:39.158+0000] {logging_mixin.py:190} INFO - [2025-12-16T18:26:39.158+0000] {dag.py:3262} INFO - Creating ORM DAG for example_bash_operator
[2025-12-16T18:26:39.173+0000] {logging_mixin.py:190} INFO - [2025-12-16T18:26:39.173+0000] {dag.py:4180} INFO - Setting next_dagrun for example_bash_operator to 2025-12-15 00:00:00+00:00, run_after=2025-12-16 00:00:00+00:00
[2025-12-16T18:26:39.197+0000] {processor.py:208} INFO - Processing /home/airflow/.local/lib/python3.12/site-packages/airflow/example_dags/example_bash_operator.py took 0.510 seconds
[2025-12-16T18:27:09.303+0000] {processor.py:186} INFO - Started process (PID=497) to work on /home/airflow/.local/lib/python3.12/site-packages/airflow/example_dags/example_bash_operator.py
[2025-12-16T18:27:09.305+0000] {processor.py:914} INFO - Processing file /home/airflow/.local/lib/python3.12/site-packages/airflow/example_dags/example_bash_operator.py for tasks to queue
[2025-12-16T18:27:09.309+0000] {logging_mixin.py:190} INFO - [2025-12-16T18:27:09.308+0000] {dagbag.py:588} INFO - Filling up the DagBag from /home/airflow/.local/lib/python3.12/site-packages/airflow/example_dags/example_bash_operator.py
[2025-12-16T18:27:09.330+0000] {processor.py:925} INFO - DAG(s) 'example_bash_operator' retrieved from /home/airflow/.local/lib/python3.12/site-packages/airflow/example_dags/example_bash_operator.py
[2025-12-16T18:27:09.363+0000] {logging_mixin.py:190} INFO - [2025-12-16T18:27:09.363+0000] {dag.py:3239} INFO - Sync 1 DAGs
[2025-12-16T18:27:09.398+0000] {logging_mixin.py:190} INFO - [2025-12-16T18:27:09.398+0000] {dag.py:4180} INFO - Setting next_dagrun for example_bash_operator to 2025-12-15 00:00:00+00:00, run_after=2025-12-16 00:00:00+00:00
[2025-12-16T18:27:09.420+0000] {processor.py:208} INFO - Processing /home/airflow/.local/lib/python3.12/site-packages/airflow/example_dags/example_bash_operator.py took 0.127 seconds
[2025-12-16T18:27:40.175+0000] {processor.py:186} INFO - Started process (PID=788) to work on /home/airflow/.local/lib/python3.12/site-packages/airflow/example_dags/example_bash_operator.py
[2025-12-16T18:27:40.175+0000] {processor.py:914} INFO - Processing file /home/airflow/.local/lib/python3.12/site-packages/airflow/example_dags/example_bash_operator.py for tasks to queue
[2025-12-16T18:27:40.178+0000] {logging_mixin.py:190} INFO - [2025-12-16T18:27:40.177+0000] {dagbag.py:588} INFO - Filling up the DagBag from /home/airflow/.local/lib/python3.12/site-packages/airflow/example_dags/example_bash_operator.py
[2025-12-16T18:27:40.196+0000] {processor.py:925} INFO - DAG(s) 'example_bash_operator' retrieved from /home/airflow/.local/lib/python3.12/site-packages/airflow/example_dags/example_bash_operator.py
[2025-12-16T18:27:40.230+0000] {logging_mixin.py:190} INFO - [2025-12-16T18:27:40.229+0000] {dag.py:3239} INFO - Sync 1 DAGs
[2025-12-16T18:27:40.262+0000] {logging_mixin.py:190} INFO - [2025-12-16T18:27:40.262+0000] {dag.py:4180} INFO - Setting next_dagrun for example_bash_operator to 2025-12-15 00:00:00+00:00, run_after=2025-12-16 00:00:00+00:00
[2025-12-16T18:27:40.285+0000] {processor.py:208} INFO - Processing /home/airflow/.local/lib/python3.12/site-packages/airflow/example_dags/example_bash_operator.py took 0.118 seconds
[2025-12-16T18:28:10.876+0000] {processor.py:186} INFO - Started process (PID=1079) to work on /home/airflow/.local/lib/python3.12/site-packages/airflow/example_dags/example_bash_operator.py
[2025-12-16T18:28:10.877+0000] {processor.py:914} INFO - Processing file /home/airflow/.local/lib/python3.12/site-packages/airflow/example_dags/example_bash_operator.py for tasks to queue
[2025-12-16T18:28:10.880+0000] {logging_mixin.py:190} INFO - [2025-12-16T18:28:10.880+0000] {dagbag.py:588} INFO - Filling up the DagBag from /home/airflow/.local/lib/python3.12/site-packages/airflow/example_dags/example_bash_operator.py
[2025-12-16T18:28:10.897+0000] {processor.py:925} INFO - DAG(s) 'example_bash_operator' retrieved from /home/airflow/.local/lib/python3.12/site-packages/airflow/example_dags/example_bash_operator.py
[2025-12-16T18:28:10.931+0000] {logging_mixin.py:190} INFO - [2025-12-16T18:28:10.931+0000] {dag.py:3239} INFO - Sync 1 DAGs
[2025-12-16T18:28:10.963+0000] {logging_mixin.py:190} INFO - [2025-12-16T18:28:10.962+0000] {dag.py:4180} INFO - Setting next_dagrun for example_bash_operator to 2025-12-15 00:00:00+00:00, run_after=2025-12-16 00:00:00+00:00
[2025-12-16T18:28:10.982+0000] {processor.py:208} INFO - Processing /home/airflow/.local/lib/python3.12/site-packages/airflow/example_dags/example_bash_operator.py took 0.114 seconds
[2025-12-16T18:29:36.998+0000] {processor.py:186} INFO - Started process (PID=206) to work on /home/airflow/.local/lib/python3.12/site-packages/airflow/example_dags/example_bash_operator.py
[2025-12-16T18:29:37.000+0000] {processor.py:914} INFO - Processing file /home/airflow/.local/lib/python3.12/site-packages/airflow/example_dags/example_bash_operator.py for tasks to queue
[2025-12-16T18:29:37.002+0000] {logging_mixin.py:190} INFO - [2025-12-16T18:29:37.002+0000] {dagbag.py:588} INFO - Filling up the DagBag from /home/airflow/.local/lib/python3.12/site-packages/airflow/example_dags/example_bash_operator.py
[2025-12-16T18:29:37.034+0000] {processor.py:925} INFO - DAG(s) 'example_bash_operator' retrieved from /home/airflow/.local/lib/python3.12/site-packages/airflow/example_dags/example_bash_operator.py
[2025-12-16T18:29:37.091+0000] {logging_mixin.py:190} INFO - [2025-12-16T18:29:37.091+0000] {dag.py:3239} INFO - Sync 1 DAGs
[2025-12-16T18:29:37.124+0000] {logging_mixin.py:190} INFO - [2025-12-16T18:29:37.124+0000] {dag.py:4180} INFO - Setting next_dagrun for example_bash_operator to 2025-12-15 00:00:00+00:00, run_after=2025-12-16 00:00:00+00:00
[2025-12-16T18:29:37.146+0000] {processor.py:208} INFO - Processing /home/airflow/.local/lib/python3.12/site-packages/airflow/example_dags/example_bash_operator.py took 0.156 seconds
[2025-12-16T18:30:08.079+0000] {processor.py:186} INFO - Started process (PID=497) to work on /home/airflow/.local/lib/python3.12/site-packages/airflow/example_dags/example_bash_operator.py
[2025-12-16T18:30:08.080+0000] {processor.py:914} INFO - Processing file /home/airflow/.local/lib/python3.12/site-packages/airflow/example_dags/example_bash_operator.py for tasks to queue
[2025-12-16T18:30:08.083+0000] {logging_mixin.py:190} INFO - [2025-12-16T18:30:08.082+0000] {dagbag.py:588} INFO - Filling up the DagBag from /home/airflow/.local/lib/python3.12/site-packages/airflow/example_dags/example_bash_operator.py
[2025-12-16T18:30:08.099+0000] {processor.py:925} INFO - DAG(s) 'example_bash_operator' retrieved from /home/airflow/.local/lib/python3.12/site-packages/airflow/example_dags/example_bash_operator.py
[2025-12-16T18:30:08.131+0000] {logging_mixin.py:190} INFO - [2025-12-16T18:30:08.130+0000] {dag.py:3239} INFO - Sync 1 DAGs
[2025-12-16T18:30:08.158+0000] {logging_mixin.py:190} INFO - [2025-12-16T18:30:08.158+0000] {dag.py:4180} INFO - Setting next_dagrun for example_bash_operator to 2025-12-15 00:00:00+00:00, run_after=2025-12-16 00:00:00+00:00
[2025-12-16T18:30:08.178+0000] {processor.py:208} INFO - Processing /home/airflow/.local/lib/python3.12/site-packages/airflow/example_dags/example_bash_operator.py took 0.106 seconds
[2025-12-16T18:30:39.118+0000] {processor.py:186} INFO - Started process (PID=788) to work on /home/airflow/.local/lib/python3.12/site-packages/airflow/example_dags/example_bash_operator.py
[2025-12-16T18:30:39.119+0000] {processor.py:914} INFO - Processing file /home/airflow/.local/lib/python3.12/site-packages/airflow/example_dags/example_bash_operator.py for tasks to queue
[2025-12-16T18:30:39.121+0000] {logging_mixin.py:190} INFO - [2025-12-16T18:30:39.121+0000] {dagbag.py:588} INFO - Filling up the DagBag from /home/airflow/.local/lib/python3.12/site-packages/airflow/example_dags/example_bash_operator.py
[2025-12-16T18:30:39.138+0000] {processor.py:925} INFO - DAG(s) 'example_bash_operator' retrieved from /home/airflow/.local/lib/python3.12/site-packages/airflow/example_dags/example_bash_operator.py
[2025-12-16T18:30:39.168+0000] {logging_mixin.py:190} INFO - [2025-12-16T18:30:39.168+0000] {dag.py:3239} INFO - Sync 1 DAGs
[2025-12-16T18:30:39.201+0000] {logging_mixin.py:190} INFO - [2025-12-16T18:30:39.200+0000] {dag.py:4180} INFO - Setting next_dagrun for example_bash_operator to 2025-12-15 00:00:00+00:00, run_after=2025-12-16 00:00:00+00:00
[2025-12-16T18:30:39.221+0000] {processor.py:208} INFO - Processing /home/airflow/.local/lib/python3.12/site-packages/airflow/example_dags/example_bash_operator.py took 0.111 seconds
[2025-12-16T18:31:09.567+0000] {processor.py:186} INFO - Started process (PID=1079) to work on /home/airflow/.local/lib/python3.12/site-packages/airflow/example_dags/example_bash_operator.py
[2025-12-16T18:31:09.568+0000] {processor.py:914} INFO - Processing file /home/airflow/.local/lib/python3.12/site-packages/airflow/example_dags/example_bash_operator.py for tasks to queue
[2025-12-16T18:31:09.570+0000] {logging_mixin.py:190} INFO - [2025-12-16T18:31:09.570+0000] {dagbag.py:588} INFO - Filling up the DagBag from /home/airflow/.local/lib/python3.12/site-packages/airflow/example_dags/example_bash_operator.py
[2025-12-16T18:31:09.586+0000] {processor.py:925} INFO - DAG(s) 'example_bash_operator' retrieved from /home/airflow/.local/lib/python3.12/site-packages/airflow/example_dags/example_bash_operator.py
[2025-12-16T18:31:09.617+0000] {logging_mixin.py:190} INFO - [2025-12-16T18:31:09.616+0000] {dag.py:3239} INFO - Sync 1 DAGs
[2025-12-16T18:31:09.646+0000] {logging_mixin.py:190} INFO - [2025-12-16T18:31:09.646+0000] {dag.py:4180} INFO - Setting next_dagrun for example_bash_operator to 2025-12-15 00:00:00+00:00, run_after=2025-12-16 00:00:00+00:00
[2025-12-16T18:31:09.665+0000] {processor.py:208} INFO - Processing /home/airflow/.local/lib/python3.12/site-packages/airflow/example_dags/example_bash_operator.py took 0.106 seconds
[2025-12-16T18:31:40.600+0000] {processor.py:186} INFO - Started process (PID=1370) to work on /home/airflow/.local/lib/python3.12/site-packages/airflow/example_dags/example_bash_operator.py
[2025-12-16T18:31:40.601+0000] {processor.py:914} INFO - Processing file /home/airflow/.local/lib/python3.12/site-packages/airflow/example_dags/example_bash_operator.py for tasks to queue
[2025-12-16T18:31:40.604+0000] {logging_mixin.py:190} INFO - [2025-12-16T18:31:40.603+0000] {dagbag.py:588} INFO - Filling up the DagBag from /home/airflow/.local/lib/python3.12/site-packages/airflow/example_dags/example_bash_operator.py
[2025-12-16T18:31:40.619+0000] {processor.py:925} INFO - DAG(s) 'example_bash_operator' retrieved from /home/airflow/.local/lib/python3.12/site-packages/airflow/example_dags/example_bash_operator.py
[2025-12-16T18:31:40.649+0000] {logging_mixin.py:190} INFO - [2025-12-16T18:31:40.648+0000] {dag.py:3239} INFO - Sync 1 DAGs
[2025-12-16T18:31:40.678+0000] {logging_mixin.py:190} INFO - [2025-12-16T18:31:40.677+0000] {dag.py:4180} INFO - Setting next_dagrun for example_bash_operator to 2025-12-15 00:00:00+00:00, run_after=2025-12-16 00:00:00+00:00
[2025-12-16T18:31:40.697+0000] {processor.py:208} INFO - Processing /home/airflow/.local/lib/python3.12/site-packages/airflow/example_dags/example_bash_operator.py took 0.104 seconds
[2025-12-16T18:32:11.591+0000] {processor.py:186} INFO - Started process (PID=1661) to work on /home/airflow/.local/lib/python3.12/site-packages/airflow/example_dags/example_bash_operator.py
[2025-12-16T18:32:11.592+0000] {processor.py:914} INFO - Processing file /home/airflow/.local/lib/python3.12/site-packages/airflow/example_dags/example_bash_operator.py for tasks to queue
[2025-12-16T18:32:11.595+0000] {logging_mixin.py:190} INFO - [2025-12-16T18:32:11.594+0000] {dagbag.py:588} INFO - Filling up the DagBag from /home/airflow/.local/lib/python3.12/site-packages/airflow/example_dags/example_bash_operator.py
[2025-12-16T18:32:11.611+0000] {processor.py:925} INFO - DAG(s) 'example_bash_operator' retrieved from /home/airflow/.local/lib/python3.12/site-packages/airflow/example_dags/example_bash_operator.py
[2025-12-16T18:32:11.641+0000] {logging_mixin.py:190} INFO - [2025-12-16T18:32:11.641+0000] {dag.py:3239} INFO - Sync 1 DAGs
[2025-12-16T18:32:11.670+0000] {logging_mixin.py:190} INFO - [2025-12-16T18:32:11.669+0000] {dag.py:4180} INFO - Setting next_dagrun for example_bash_operator to 2025-12-15 00:00:00+00:00, run_after=2025-12-16 00:00:00+00:00
[2025-12-16T18:32:11.689+0000] {processor.py:208} INFO - Processing /home/airflow/.local/lib/python3.12/site-packages/airflow/example_dags/example_bash_operator.py took 0.106 seconds
[2025-12-16T18:32:41.886+0000] {processor.py:186} INFO - Started process (PID=1952) to work on /home/airflow/.local/lib/python3.12/site-packages/airflow/example_dags/example_bash_operator.py
[2025-12-16T18:32:41.887+0000] {processor.py:914} INFO - Processing file /home/airflow/.local/lib/python3.12/site-packages/airflow/example_dags/example_bash_operator.py for tasks to queue
[2025-12-16T18:32:41.889+0000] {logging_mixin.py:190} INFO - [2025-12-16T18:32:41.889+0000] {dagbag.py:588} INFO - Filling up the DagBag from /home/airflow/.local/lib/python3.12/site-packages/airflow/example_dags/example_bash_operator.py
[2025-12-16T18:32:41.904+0000] {processor.py:925} INFO - DAG(s) 'example_bash_operator' retrieved from /home/airflow/.local/lib/python3.12/site-packages/airflow/example_dags/example_bash_operator.py
[2025-12-16T18:32:41.934+0000] {logging_mixin.py:190} INFO - [2025-12-16T18:32:41.934+0000] {dag.py:3239} INFO - Sync 1 DAGs
[2025-12-16T18:32:41.963+0000] {logging_mixin.py:190} INFO - [2025-12-16T18:32:41.963+0000] {dag.py:4180} INFO - Setting next_dagrun for example_bash_operator to 2025-12-15 00:00:00+00:00, run_after=2025-12-16 00:00:00+00:00
[2025-12-16T18:32:41.982+0000] {processor.py:208} INFO - Processing /home/airflow/.local/lib/python3.12/site-packages/airflow/example_dags/example_bash_operator.py took 0.103 seconds
[2025-12-16T18:33:12.262+0000] {processor.py:186} INFO - Started process (PID=2243) to work on /home/airflow/.local/lib/python3.12/site-packages/airflow/example_dags/example_bash_operator.py
[2025-12-16T18:33:12.263+0000] {processor.py:914} INFO - Processing file /home/airflow/.local/lib/python3.12/site-packages/airflow/example_dags/example_bash_operator.py for tasks to queue
[2025-12-16T18:33:12.266+0000] {logging_mixin.py:190} INFO - [2025-12-16T18:33:12.265+0000] {dagbag.py:588} INFO - Filling up the DagBag from /home/airflow/.local/lib/python3.12/site-packages/airflow/example_dags/example_bash_operator.py
[2025-12-16T18:33:12.283+0000] {processor.py:925} INFO - DAG(s) 'example_bash_operator' retrieved from /home/airflow/.local/lib/python3.12/site-packages/airflow/example_dags/example_bash_operator.py
[2025-12-16T18:33:12.314+0000] {logging_mixin.py:190} INFO - [2025-12-16T18:33:12.314+0000] {dag.py:3239} INFO - Sync 1 DAGs
[2025-12-16T18:33:12.348+0000] {logging_mixin.py:190} INFO - [2025-12-16T18:33:12.348+0000] {dag.py:4180} INFO - Setting next_dagrun for example_bash_operator to 2025-12-15 00:00:00+00:00, run_after=2025-12-16 00:00:00+00:00
[2025-12-16T18:33:12.370+0000] {processor.py:208} INFO - Processing /home/airflow/.local/lib/python3.12/site-packages/airflow/example_dags/example_bash_operator.py took 0.116 seconds
[2025-12-16T18:33:43.208+0000] {processor.py:186} INFO - Started process (PID=2540) to work on /home/airflow/.local/lib/python3.12/site-packages/airflow/example_dags/example_bash_operator.py
[2025-12-16T18:33:43.209+0000] {processor.py:914} INFO - Processing file /home/airflow/.local/lib/python3.12/site-packages/airflow/example_dags/example_bash_operator.py for tasks to queue
[2025-12-16T18:33:43.212+0000] {logging_mixin.py:190} INFO - [2025-12-16T18:33:43.211+0000] {dagbag.py:588} INFO - Filling up the DagBag from /home/airflow/.local/lib/python3.12/site-packages/airflow/example_dags/example_bash_operator.py
[2025-12-16T18:33:43.228+0000] {processor.py:925} INFO - DAG(s) 'example_bash_operator' retrieved from /home/airflow/.local/lib/python3.12/site-packages/airflow/example_dags/example_bash_operator.py
[2025-12-16T18:33:43.259+0000] {logging_mixin.py:190} INFO - [2025-12-16T18:33:43.258+0000] {dag.py:3239} INFO - Sync 1 DAGs
[2025-12-16T18:33:43.296+0000] {logging_mixin.py:190} INFO - [2025-12-16T18:33:43.296+0000] {dag.py:4180} INFO - Setting next_dagrun for example_bash_operator to 2025-12-15 00:00:00+00:00, run_after=2025-12-16 00:00:00+00:00
[2025-12-16T18:33:43.322+0000] {processor.py:208} INFO - Processing /home/airflow/.local/lib/python3.12/site-packages/airflow/example_dags/example_bash_operator.py took 0.121 seconds
[2025-12-16T18:34:14.321+0000] {processor.py:186} INFO - Started process (PID=2831) to work on /home/airflow/.local/lib/python3.12/site-packages/airflow/example_dags/example_bash_operator.py
[2025-12-16T18:34:14.323+0000] {processor.py:914} INFO - Processing file /home/airflow/.local/lib/python3.12/site-packages/airflow/example_dags/example_bash_operator.py for tasks to queue
[2025-12-16T18:34:14.325+0000] {logging_mixin.py:190} INFO - [2025-12-16T18:34:14.325+0000] {dagbag.py:588} INFO - Filling up the DagBag from /home/airflow/.local/lib/python3.12/site-packages/airflow/example_dags/example_bash_operator.py
[2025-12-16T18:34:14.342+0000] {processor.py:925} INFO - DAG(s) 'example_bash_operator' retrieved from /home/airflow/.local/lib/python3.12/site-packages/airflow/example_dags/example_bash_operator.py
[2025-12-16T18:34:14.373+0000] {logging_mixin.py:190} INFO - [2025-12-16T18:34:14.372+0000] {dag.py:3239} INFO - Sync 1 DAGs
[2025-12-16T18:34:14.404+0000] {logging_mixin.py:190} INFO - [2025-12-16T18:34:14.403+0000] {dag.py:4180} INFO - Setting next_dagrun for example_bash_operator to 2025-12-15 00:00:00+00:00, run_after=2025-12-16 00:00:00+00:00
[2025-12-16T18:34:14.424+0000] {processor.py:208} INFO - Processing /home/airflow/.local/lib/python3.12/site-packages/airflow/example_dags/example_bash_operator.py took 0.111 seconds
[2025-12-16T18:34:45.252+0000] {processor.py:186} INFO - Started process (PID=3122) to work on /home/airflow/.local/lib/python3.12/site-packages/airflow/example_dags/example_bash_operator.py
[2025-12-16T18:34:45.253+0000] {processor.py:914} INFO - Processing file /home/airflow/.local/lib/python3.12/site-packages/airflow/example_dags/example_bash_operator.py for tasks to queue
[2025-12-16T18:34:45.256+0000] {logging_mixin.py:190} INFO - [2025-12-16T18:34:45.256+0000] {dagbag.py:588} INFO - Filling up the DagBag from /home/airflow/.local/lib/python3.12/site-packages/airflow/example_dags/example_bash_operator.py
[2025-12-16T18:34:45.274+0000] {processor.py:925} INFO - DAG(s) 'example_bash_operator' retrieved from /home/airflow/.local/lib/python3.12/site-packages/airflow/example_dags/example_bash_operator.py
[2025-12-16T18:34:45.307+0000] {logging_mixin.py:190} INFO - [2025-12-16T18:34:45.307+0000] {dag.py:3239} INFO - Sync 1 DAGs
[2025-12-16T18:34:45.337+0000] {logging_mixin.py:190} INFO - [2025-12-16T18:34:45.337+0000] {dag.py:4180} INFO - Setting next_dagrun for example_bash_operator to 2025-12-15 00:00:00+00:00, run_after=2025-12-16 00:00:00+00:00
[2025-12-16T18:34:45.356+0000] {processor.py:208} INFO - Processing /home/airflow/.local/lib/python3.12/site-packages/airflow/example_dags/example_bash_operator.py took 0.112 seconds
[2025-12-16T18:35:15.471+0000] {processor.py:186} INFO - Started process (PID=3413) to work on /home/airflow/.local/lib/python3.12/site-packages/airflow/example_dags/example_bash_operator.py
[2025-12-16T18:35:15.473+0000] {processor.py:914} INFO - Processing file /home/airflow/.local/lib/python3.12/site-packages/airflow/example_dags/example_bash_operator.py for tasks to queue
[2025-12-16T18:35:15.476+0000] {logging_mixin.py:190} INFO - [2025-12-16T18:35:15.475+0000] {dagbag.py:588} INFO - Filling up the DagBag from /home/airflow/.local/lib/python3.12/site-packages/airflow/example_dags/example_bash_operator.py
[2025-12-16T18:35:15.494+0000] {processor.py:925} INFO - DAG(s) 'example_bash_operator' retrieved from /home/airflow/.local/lib/python3.12/site-packages/airflow/example_dags/example_bash_operator.py
[2025-12-16T18:35:15.530+0000] {logging_mixin.py:190} INFO - [2025-12-16T18:35:15.530+0000] {dag.py:3239} INFO - Sync 1 DAGs
[2025-12-16T18:35:15.565+0000] {logging_mixin.py:190} INFO - [2025-12-16T18:35:15.564+0000] {dag.py:4180} INFO - Setting next_dagrun for example_bash_operator to 2025-12-15 00:00:00+00:00, run_after=2025-12-16 00:00:00+00:00
[2025-12-16T18:35:15.589+0000] {processor.py:208} INFO - Processing /home/airflow/.local/lib/python3.12/site-packages/airflow/example_dags/example_bash_operator.py took 0.126 seconds
[2025-12-16T18:35:46.286+0000] {processor.py:186} INFO - Started process (PID=3704) to work on /home/airflow/.local/lib/python3.12/site-packages/airflow/example_dags/example_bash_operator.py
[2025-12-16T18:35:46.287+0000] {processor.py:914} INFO - Processing file /home/airflow/.local/lib/python3.12/site-packages/airflow/example_dags/example_bash_operator.py for tasks to queue
[2025-12-16T18:35:46.290+0000] {logging_mixin.py:190} INFO - [2025-12-16T18:35:46.289+0000] {dagbag.py:588} INFO - Filling up the DagBag from /home/airflow/.local/lib/python3.12/site-packages/airflow/example_dags/example_bash_operator.py
[2025-12-16T18:35:46.307+0000] {processor.py:925} INFO - DAG(s) 'example_bash_operator' retrieved from /home/airflow/.local/lib/python3.12/site-packages/airflow/example_dags/example_bash_operator.py
[2025-12-16T18:35:46.343+0000] {logging_mixin.py:190} INFO - [2025-12-16T18:35:46.342+0000] {dag.py:3239} INFO - Sync 1 DAGs
[2025-12-16T18:35:46.373+0000] {logging_mixin.py:190} INFO - [2025-12-16T18:35:46.373+0000] {dag.py:4180} INFO - Setting next_dagrun for example_bash_operator to 2025-12-15 00:00:00+00:00, run_after=2025-12-16 00:00:00+00:00
[2025-12-16T18:35:46.395+0000] {processor.py:208} INFO - Processing /home/airflow/.local/lib/python3.12/site-packages/airflow/example_dags/example_bash_operator.py took 0.117 seconds
[2025-12-16T18:36:16.640+0000] {processor.py:186} INFO - Started process (PID=3995) to work on /home/airflow/.local/lib/python3.12/site-packages/airflow/example_dags/example_bash_operator.py
[2025-12-16T18:36:16.641+0000] {processor.py:914} INFO - Processing file /home/airflow/.local/lib/python3.12/site-packages/airflow/example_dags/example_bash_operator.py for tasks to queue
[2025-12-16T18:36:16.644+0000] {logging_mixin.py:190} INFO - [2025-12-16T18:36:16.643+0000] {dagbag.py:588} INFO - Filling up the DagBag from /home/airflow/.local/lib/python3.12/site-packages/airflow/example_dags/example_bash_operator.py
[2025-12-16T18:36:16.660+0000] {processor.py:925} INFO - DAG(s) 'example_bash_operator' retrieved from /home/airflow/.local/lib/python3.12/site-packages/airflow/example_dags/example_bash_operator.py
[2025-12-16T18:36:16.696+0000] {logging_mixin.py:190} INFO - [2025-12-16T18:36:16.696+0000] {dag.py:3239} INFO - Sync 1 DAGs
[2025-12-16T18:36:16.729+0000] {logging_mixin.py:190} INFO - [2025-12-16T18:36:16.729+0000] {dag.py:4180} INFO - Setting next_dagrun for example_bash_operator to 2025-12-15 00:00:00+00:00, run_after=2025-12-16 00:00:00+00:00
[2025-12-16T18:36:16.750+0000] {processor.py:208} INFO - Processing /home/airflow/.local/lib/python3.12/site-packages/airflow/example_dags/example_bash_operator.py took 0.118 seconds
[2025-12-16T18:36:47.699+0000] {processor.py:186} INFO - Started process (PID=4286) to work on /home/airflow/.local/lib/python3.12/site-packages/airflow/example_dags/example_bash_operator.py
[2025-12-16T18:36:47.700+0000] {processor.py:914} INFO - Processing file /home/airflow/.local/lib/python3.12/site-packages/airflow/example_dags/example_bash_operator.py for tasks to queue
[2025-12-16T18:36:47.702+0000] {logging_mixin.py:190} INFO - [2025-12-16T18:36:47.702+0000] {dagbag.py:588} INFO - Filling up the DagBag from /home/airflow/.local/lib/python3.12/site-packages/airflow/example_dags/example_bash_operator.py
[2025-12-16T18:36:47.720+0000] {processor.py:925} INFO - DAG(s) 'example_bash_operator' retrieved from /home/airflow/.local/lib/python3.12/site-packages/airflow/example_dags/example_bash_operator.py
[2025-12-16T18:36:47.753+0000] {logging_mixin.py:190} INFO - [2025-12-16T18:36:47.752+0000] {dag.py:3239} INFO - Sync 1 DAGs
[2025-12-16T18:36:47.784+0000] {logging_mixin.py:190} INFO - [2025-12-16T18:36:47.784+0000] {dag.py:4180} INFO - Setting next_dagrun for example_bash_operator to 2025-12-15 00:00:00+00:00, run_after=2025-12-16 00:00:00+00:00
[2025-12-16T18:36:47.806+0000] {processor.py:208} INFO - Processing /home/airflow/.local/lib/python3.12/site-packages/airflow/example_dags/example_bash_operator.py took 0.116 seconds
[2025-12-16T18:37:17.898+0000] {processor.py:186} INFO - Started process (PID=4577) to work on /home/airflow/.local/lib/python3.12/site-packages/airflow/example_dags/example_bash_operator.py
[2025-12-16T18:37:17.899+0000] {processor.py:914} INFO - Processing file /home/airflow/.local/lib/python3.12/site-packages/airflow/example_dags/example_bash_operator.py for tasks to queue
[2025-12-16T18:37:17.901+0000] {logging_mixin.py:190} INFO - [2025-12-16T18:37:17.901+0000] {dagbag.py:588} INFO - Filling up the DagBag from /home/airflow/.local/lib/python3.12/site-packages/airflow/example_dags/example_bash_operator.py
[2025-12-16T18:37:17.919+0000] {processor.py:925} INFO - DAG(s) 'example_bash_operator' retrieved from /home/airflow/.local/lib/python3.12/site-packages/airflow/example_dags/example_bash_operator.py
[2025-12-16T18:37:17.952+0000] {logging_mixin.py:190} INFO - [2025-12-16T18:37:17.952+0000] {dag.py:3239} INFO - Sync 1 DAGs
[2025-12-16T18:37:17.985+0000] {logging_mixin.py:190} INFO - [2025-12-16T18:37:17.985+0000] {dag.py:4180} INFO - Setting next_dagrun for example_bash_operator to 2025-12-15 00:00:00+00:00, run_after=2025-12-16 00:00:00+00:00
[2025-12-16T18:37:18.005+0000] {processor.py:208} INFO - Processing /home/airflow/.local/lib/python3.12/site-packages/airflow/example_dags/example_bash_operator.py took 0.116 seconds
[2025-12-16T18:37:48.891+0000] {processor.py:186} INFO - Started process (PID=4868) to work on /home/airflow/.local/lib/python3.12/site-packages/airflow/example_dags/example_bash_operator.py
[2025-12-16T18:37:48.892+0000] {processor.py:914} INFO - Processing file /home/airflow/.local/lib/python3.12/site-packages/airflow/example_dags/example_bash_operator.py for tasks to queue
[2025-12-16T18:37:48.895+0000] {logging_mixin.py:190} INFO - [2025-12-16T18:37:48.895+0000] {dagbag.py:588} INFO - Filling up the DagBag from /home/airflow/.local/lib/python3.12/site-packages/airflow/example_dags/example_bash_operator.py
[2025-12-16T18:37:48.914+0000] {processor.py:925} INFO - DAG(s) 'example_bash_operator' retrieved from /home/airflow/.local/lib/python3.12/site-packages/airflow/example_dags/example_bash_operator.py
[2025-12-16T18:37:48.951+0000] {logging_mixin.py:190} INFO - [2025-12-16T18:37:48.951+0000] {dag.py:3239} INFO - Sync 1 DAGs
[2025-12-16T18:37:48.983+0000] {logging_mixin.py:190} INFO - [2025-12-16T18:37:48.983+0000] {dag.py:4180} INFO - Setting next_dagrun for example_bash_operator to 2025-12-15 00:00:00+00:00, run_after=2025-12-16 00:00:00+00:00
[2025-12-16T18:37:49.006+0000] {processor.py:208} INFO - Processing /home/airflow/.local/lib/python3.12/site-packages/airflow/example_dags/example_bash_operator.py took 0.124 seconds
[2025-12-16T18:38:19.687+0000] {processor.py:186} INFO - Started process (PID=5159) to work on /home/airflow/.local/lib/python3.12/site-packages/airflow/example_dags/example_bash_operator.py
[2025-12-16T18:38:19.688+0000] {processor.py:914} INFO - Processing file /home/airflow/.local/lib/python3.12/site-packages/airflow/example_dags/example_bash_operator.py for tasks to queue
[2025-12-16T18:38:19.691+0000] {logging_mixin.py:190} INFO - [2025-12-16T18:38:19.690+0000] {dagbag.py:588} INFO - Filling up the DagBag from /home/airflow/.local/lib/python3.12/site-packages/airflow/example_dags/example_bash_operator.py
[2025-12-16T18:38:19.708+0000] {processor.py:925} INFO - DAG(s) 'example_bash_operator' retrieved from /home/airflow/.local/lib/python3.12/site-packages/airflow/example_dags/example_bash_operator.py
[2025-12-16T18:38:19.740+0000] {logging_mixin.py:190} INFO - [2025-12-16T18:38:19.740+0000] {dag.py:3239} INFO - Sync 1 DAGs
[2025-12-16T18:38:19.770+0000] {logging_mixin.py:190} INFO - [2025-12-16T18:38:19.770+0000] {dag.py:4180} INFO - Setting next_dagrun for example_bash_operator to 2025-12-15 00:00:00+00:00, run_after=2025-12-16 00:00:00+00:00
[2025-12-16T18:38:19.791+0000] {processor.py:208} INFO - Processing /home/airflow/.local/lib/python3.12/site-packages/airflow/example_dags/example_bash_operator.py took 0.111 seconds
[2025-12-16T18:38:50.414+0000] {processor.py:186} INFO - Started process (PID=5450) to work on /home/airflow/.local/lib/python3.12/site-packages/airflow/example_dags/example_bash_operator.py
[2025-12-16T18:38:50.415+0000] {processor.py:914} INFO - Processing file /home/airflow/.local/lib/python3.12/site-packages/airflow/example_dags/example_bash_operator.py for tasks to queue
[2025-12-16T18:38:50.417+0000] {logging_mixin.py:190} INFO - [2025-12-16T18:38:50.417+0000] {dagbag.py:588} INFO - Filling up the DagBag from /home/airflow/.local/lib/python3.12/site-packages/airflow/example_dags/example_bash_operator.py
[2025-12-16T18:38:50.432+0000] {processor.py:925} INFO - DAG(s) 'example_bash_operator' retrieved from /home/airflow/.local/lib/python3.12/site-packages/airflow/example_dags/example_bash_operator.py
[2025-12-16T18:38:50.463+0000] {logging_mixin.py:190} INFO - [2025-12-16T18:38:50.463+0000] {dag.py:3239} INFO - Sync 1 DAGs
[2025-12-16T18:38:50.492+0000] {logging_mixin.py:190} INFO - [2025-12-16T18:38:50.492+0000] {dag.py:4180} INFO - Setting next_dagrun for example_bash_operator to 2025-12-15 00:00:00+00:00, run_after=2025-12-16 00:00:00+00:00
[2025-12-16T18:38:50.514+0000] {processor.py:208} INFO - Processing /home/airflow/.local/lib/python3.12/site-packages/airflow/example_dags/example_bash_operator.py took 0.109 seconds
[2025-12-16T18:39:21.212+0000] {processor.py:186} INFO - Started process (PID=5741) to work on /home/airflow/.local/lib/python3.12/site-packages/airflow/example_dags/example_bash_operator.py
[2025-12-16T18:39:21.213+0000] {processor.py:914} INFO - Processing file /home/airflow/.local/lib/python3.12/site-packages/airflow/example_dags/example_bash_operator.py for tasks to queue
[2025-12-16T18:39:21.216+0000] {logging_mixin.py:190} INFO - [2025-12-16T18:39:21.215+0000] {dagbag.py:588} INFO - Filling up the DagBag from /home/airflow/.local/lib/python3.12/site-packages/airflow/example_dags/example_bash_operator.py
[2025-12-16T18:39:21.234+0000] {processor.py:925} INFO - DAG(s) 'example_bash_operator' retrieved from /home/airflow/.local/lib/python3.12/site-packages/airflow/example_dags/example_bash_operator.py
[2025-12-16T18:39:21.269+0000] {logging_mixin.py:190} INFO - [2025-12-16T18:39:21.269+0000] {dag.py:3239} INFO - Sync 1 DAGs
[2025-12-16T18:39:21.301+0000] {logging_mixin.py:190} INFO - [2025-12-16T18:39:21.301+0000] {dag.py:4180} INFO - Setting next_dagrun for example_bash_operator to 2025-12-15 00:00:00+00:00, run_after=2025-12-16 00:00:00+00:00
[2025-12-16T18:39:21.323+0000] {processor.py:208} INFO - Processing /home/airflow/.local/lib/python3.12/site-packages/airflow/example_dags/example_bash_operator.py took 0.118 seconds
[2025-12-16T18:39:51.534+0000] {processor.py:186} INFO - Started process (PID=6032) to work on /home/airflow/.local/lib/python3.12/site-packages/airflow/example_dags/example_bash_operator.py
[2025-12-16T18:39:51.535+0000] {processor.py:914} INFO - Processing file /home/airflow/.local/lib/python3.12/site-packages/airflow/example_dags/example_bash_operator.py for tasks to queue
[2025-12-16T18:39:51.537+0000] {logging_mixin.py:190} INFO - [2025-12-16T18:39:51.537+0000] {dagbag.py:588} INFO - Filling up the DagBag from /home/airflow/.local/lib/python3.12/site-packages/airflow/example_dags/example_bash_operator.py
[2025-12-16T18:39:51.553+0000] {processor.py:925} INFO - DAG(s) 'example_bash_operator' retrieved from /home/airflow/.local/lib/python3.12/site-packages/airflow/example_dags/example_bash_operator.py
[2025-12-16T18:39:51.584+0000] {logging_mixin.py:190} INFO - [2025-12-16T18:39:51.584+0000] {dag.py:3239} INFO - Sync 1 DAGs
[2025-12-16T18:39:51.613+0000] {logging_mixin.py:190} INFO - [2025-12-16T18:39:51.612+0000] {dag.py:4180} INFO - Setting next_dagrun for example_bash_operator to 2025-12-15 00:00:00+00:00, run_after=2025-12-16 00:00:00+00:00
[2025-12-16T18:39:51.632+0000] {processor.py:208} INFO - Processing /home/airflow/.local/lib/python3.12/site-packages/airflow/example_dags/example_bash_operator.py took 0.105 seconds
[2025-12-16T18:40:21.866+0000] {processor.py:186} INFO - Started process (PID=6323) to work on /home/airflow/.local/lib/python3.12/site-packages/airflow/example_dags/example_bash_operator.py
[2025-12-16T18:40:21.867+0000] {processor.py:914} INFO - Processing file /home/airflow/.local/lib/python3.12/site-packages/airflow/example_dags/example_bash_operator.py for tasks to queue
[2025-12-16T18:40:21.869+0000] {logging_mixin.py:190} INFO - [2025-12-16T18:40:21.869+0000] {dagbag.py:588} INFO - Filling up the DagBag from /home/airflow/.local/lib/python3.12/site-packages/airflow/example_dags/example_bash_operator.py
[2025-12-16T18:40:21.887+0000] {processor.py:925} INFO - DAG(s) 'example_bash_operator' retrieved from /home/airflow/.local/lib/python3.12/site-packages/airflow/example_dags/example_bash_operator.py
[2025-12-16T18:40:21.923+0000] {logging_mixin.py:190} INFO - [2025-12-16T18:40:21.922+0000] {dag.py:3239} INFO - Sync 1 DAGs
[2025-12-16T18:40:21.956+0000] {logging_mixin.py:190} INFO - [2025-12-16T18:40:21.956+0000] {dag.py:4180} INFO - Setting next_dagrun for example_bash_operator to 2025-12-15 00:00:00+00:00, run_after=2025-12-16 00:00:00+00:00
[2025-12-16T18:40:21.978+0000] {processor.py:208} INFO - Processing /home/airflow/.local/lib/python3.12/site-packages/airflow/example_dags/example_bash_operator.py took 0.121 seconds
