[2025-12-16T18:26:47.399+0000] {processor.py:186} INFO - Started process (PID=342) to work on /home/airflow/.local/lib/python3.12/site-packages/airflow/example_dags/example_python_decorator.py
[2025-12-16T18:26:47.400+0000] {processor.py:914} INFO - Processing file /home/airflow/.local/lib/python3.12/site-packages/airflow/example_dags/example_python_decorator.py for tasks to queue
[2025-12-16T18:26:47.402+0000] {logging_mixin.py:190} INFO - [2025-12-16T18:26:47.402+0000] {dagbag.py:588} INFO - Filling up the DagBag from /home/airflow/.local/lib/python3.12/site-packages/airflow/example_dags/example_python_decorator.py
[2025-12-16T18:26:47.425+0000] {processor.py:925} INFO - DAG(s) 'example_python_decorator' retrieved from /home/airflow/.local/lib/python3.12/site-packages/airflow/example_dags/example_python_decorator.py
[2025-12-16T18:26:47.565+0000] {logging_mixin.py:190} INFO - [2025-12-16T18:26:47.564+0000] {override.py:1911} INFO - Created Permission View: can read on DAG:example_python_decorator
[2025-12-16T18:26:47.575+0000] {logging_mixin.py:190} INFO - [2025-12-16T18:26:47.575+0000] {override.py:1911} INFO - Created Permission View: can delete on DAG:example_python_decorator
[2025-12-16T18:26:47.582+0000] {logging_mixin.py:190} INFO - [2025-12-16T18:26:47.582+0000] {override.py:1911} INFO - Created Permission View: can edit on DAG:example_python_decorator
[2025-12-16T18:26:47.590+0000] {logging_mixin.py:190} INFO - [2025-12-16T18:26:47.590+0000] {override.py:1911} INFO - Created Permission View: can read on DAG Run:example_python_decorator
[2025-12-16T18:26:47.597+0000] {logging_mixin.py:190} INFO - [2025-12-16T18:26:47.597+0000] {override.py:1911} INFO - Created Permission View: can create on DAG Run:example_python_decorator
[2025-12-16T18:26:47.604+0000] {logging_mixin.py:190} INFO - [2025-12-16T18:26:47.604+0000] {override.py:1911} INFO - Created Permission View: menu access on DAG Run:example_python_decorator
[2025-12-16T18:26:47.611+0000] {logging_mixin.py:190} INFO - [2025-12-16T18:26:47.611+0000] {override.py:1911} INFO - Created Permission View: can delete on DAG Run:example_python_decorator
[2025-12-16T18:26:47.611+0000] {logging_mixin.py:190} INFO - [2025-12-16T18:26:47.611+0000] {dag.py:3239} INFO - Sync 1 DAGs
[2025-12-16T18:26:47.628+0000] {logging_mixin.py:190} INFO - [2025-12-16T18:26:47.628+0000] {dag.py:3262} INFO - Creating ORM DAG for example_python_decorator
[2025-12-16T18:26:47.629+0000] {logging_mixin.py:190} INFO - [2025-12-16T18:26:47.629+0000] {dag.py:4180} INFO - Setting next_dagrun for example_python_decorator to None, run_after=None
[2025-12-16T18:26:47.645+0000] {processor.py:208} INFO - Processing /home/airflow/.local/lib/python3.12/site-packages/airflow/example_dags/example_python_decorator.py took 0.254 seconds
[2025-12-16T18:27:18.602+0000] {processor.py:186} INFO - Started process (PID=633) to work on /home/airflow/.local/lib/python3.12/site-packages/airflow/example_dags/example_python_decorator.py
[2025-12-16T18:27:18.603+0000] {processor.py:914} INFO - Processing file /home/airflow/.local/lib/python3.12/site-packages/airflow/example_dags/example_python_decorator.py for tasks to queue
[2025-12-16T18:27:18.607+0000] {logging_mixin.py:190} INFO - [2025-12-16T18:27:18.607+0000] {dagbag.py:588} INFO - Filling up the DagBag from /home/airflow/.local/lib/python3.12/site-packages/airflow/example_dags/example_python_decorator.py
[2025-12-16T18:27:18.632+0000] {processor.py:925} INFO - DAG(s) 'example_python_decorator' retrieved from /home/airflow/.local/lib/python3.12/site-packages/airflow/example_dags/example_python_decorator.py
[2025-12-16T18:27:18.673+0000] {logging_mixin.py:190} INFO - [2025-12-16T18:27:18.672+0000] {dag.py:3239} INFO - Sync 1 DAGs
[2025-12-16T18:27:18.694+0000] {logging_mixin.py:190} INFO - [2025-12-16T18:27:18.694+0000] {dag.py:4180} INFO - Setting next_dagrun for example_python_decorator to None, run_after=None
[2025-12-16T18:27:18.728+0000] {processor.py:208} INFO - Processing /home/airflow/.local/lib/python3.12/site-packages/airflow/example_dags/example_python_decorator.py took 0.137 seconds
[2025-12-16T18:27:49.290+0000] {processor.py:186} INFO - Started process (PID=924) to work on /home/airflow/.local/lib/python3.12/site-packages/airflow/example_dags/example_python_decorator.py
[2025-12-16T18:27:49.291+0000] {processor.py:914} INFO - Processing file /home/airflow/.local/lib/python3.12/site-packages/airflow/example_dags/example_python_decorator.py for tasks to queue
[2025-12-16T18:27:49.294+0000] {logging_mixin.py:190} INFO - [2025-12-16T18:27:49.294+0000] {dagbag.py:588} INFO - Filling up the DagBag from /home/airflow/.local/lib/python3.12/site-packages/airflow/example_dags/example_python_decorator.py
[2025-12-16T18:27:49.314+0000] {processor.py:925} INFO - DAG(s) 'example_python_decorator' retrieved from /home/airflow/.local/lib/python3.12/site-packages/airflow/example_dags/example_python_decorator.py
[2025-12-16T18:27:49.343+0000] {logging_mixin.py:190} INFO - [2025-12-16T18:27:49.342+0000] {dag.py:3239} INFO - Sync 1 DAGs
[2025-12-16T18:27:49.363+0000] {logging_mixin.py:190} INFO - [2025-12-16T18:27:49.362+0000] {dag.py:4180} INFO - Setting next_dagrun for example_python_decorator to None, run_after=None
[2025-12-16T18:27:49.385+0000] {processor.py:208} INFO - Processing /home/airflow/.local/lib/python3.12/site-packages/airflow/example_dags/example_python_decorator.py took 0.104 seconds
[2025-12-16T18:29:42.481+0000] {processor.py:186} INFO - Started process (PID=342) to work on /home/airflow/.local/lib/python3.12/site-packages/airflow/example_dags/example_python_decorator.py
[2025-12-16T18:29:42.482+0000] {processor.py:914} INFO - Processing file /home/airflow/.local/lib/python3.12/site-packages/airflow/example_dags/example_python_decorator.py for tasks to queue
[2025-12-16T18:29:42.485+0000] {logging_mixin.py:190} INFO - [2025-12-16T18:29:42.484+0000] {dagbag.py:588} INFO - Filling up the DagBag from /home/airflow/.local/lib/python3.12/site-packages/airflow/example_dags/example_python_decorator.py
[2025-12-16T18:29:42.505+0000] {processor.py:925} INFO - DAG(s) 'example_python_decorator' retrieved from /home/airflow/.local/lib/python3.12/site-packages/airflow/example_dags/example_python_decorator.py
[2025-12-16T18:29:42.644+0000] {logging_mixin.py:190} INFO - [2025-12-16T18:29:42.643+0000] {dag.py:3239} INFO - Sync 1 DAGs
[2025-12-16T18:29:42.661+0000] {logging_mixin.py:190} INFO - [2025-12-16T18:29:42.661+0000] {dag.py:4180} INFO - Setting next_dagrun for example_python_decorator to None, run_after=None
[2025-12-16T18:29:42.682+0000] {processor.py:208} INFO - Processing /home/airflow/.local/lib/python3.12/site-packages/airflow/example_dags/example_python_decorator.py took 0.209 seconds
[2025-12-16T18:30:14.834+0000] {processor.py:186} INFO - Started process (PID=633) to work on /home/airflow/.local/lib/python3.12/site-packages/airflow/example_dags/example_python_decorator.py
[2025-12-16T18:30:14.835+0000] {processor.py:914} INFO - Processing file /home/airflow/.local/lib/python3.12/site-packages/airflow/example_dags/example_python_decorator.py for tasks to queue
[2025-12-16T18:30:14.837+0000] {logging_mixin.py:190} INFO - [2025-12-16T18:30:14.837+0000] {dagbag.py:588} INFO - Filling up the DagBag from /home/airflow/.local/lib/python3.12/site-packages/airflow/example_dags/example_python_decorator.py
[2025-12-16T18:30:14.856+0000] {processor.py:925} INFO - DAG(s) 'example_python_decorator' retrieved from /home/airflow/.local/lib/python3.12/site-packages/airflow/example_dags/example_python_decorator.py
[2025-12-16T18:30:14.883+0000] {logging_mixin.py:190} INFO - [2025-12-16T18:30:14.882+0000] {dag.py:3239} INFO - Sync 1 DAGs
[2025-12-16T18:30:14.902+0000] {logging_mixin.py:190} INFO - [2025-12-16T18:30:14.902+0000] {dag.py:4180} INFO - Setting next_dagrun for example_python_decorator to None, run_after=None
[2025-12-16T18:30:14.926+0000] {processor.py:208} INFO - Processing /home/airflow/.local/lib/python3.12/site-packages/airflow/example_dags/example_python_decorator.py took 0.100 seconds
[2025-12-16T18:30:45.090+0000] {processor.py:186} INFO - Started process (PID=919) to work on /home/airflow/.local/lib/python3.12/site-packages/airflow/example_dags/example_python_decorator.py
[2025-12-16T18:30:45.091+0000] {processor.py:914} INFO - Processing file /home/airflow/.local/lib/python3.12/site-packages/airflow/example_dags/example_python_decorator.py for tasks to queue
[2025-12-16T18:30:45.094+0000] {logging_mixin.py:190} INFO - [2025-12-16T18:30:45.094+0000] {dagbag.py:588} INFO - Filling up the DagBag from /home/airflow/.local/lib/python3.12/site-packages/airflow/example_dags/example_python_decorator.py
[2025-12-16T18:30:45.112+0000] {processor.py:925} INFO - DAG(s) 'example_python_decorator' retrieved from /home/airflow/.local/lib/python3.12/site-packages/airflow/example_dags/example_python_decorator.py
[2025-12-16T18:30:45.139+0000] {logging_mixin.py:190} INFO - [2025-12-16T18:30:45.138+0000] {dag.py:3239} INFO - Sync 1 DAGs
[2025-12-16T18:30:45.156+0000] {logging_mixin.py:190} INFO - [2025-12-16T18:30:45.156+0000] {dag.py:4180} INFO - Setting next_dagrun for example_python_decorator to None, run_after=None
[2025-12-16T18:30:45.176+0000] {processor.py:208} INFO - Processing /home/airflow/.local/lib/python3.12/site-packages/airflow/example_dags/example_python_decorator.py took 0.093 seconds
[2025-12-16T18:31:16.949+0000] {processor.py:186} INFO - Started process (PID=1212) to work on /home/airflow/.local/lib/python3.12/site-packages/airflow/example_dags/example_python_decorator.py
[2025-12-16T18:31:16.950+0000] {processor.py:914} INFO - Processing file /home/airflow/.local/lib/python3.12/site-packages/airflow/example_dags/example_python_decorator.py for tasks to queue
[2025-12-16T18:31:16.952+0000] {logging_mixin.py:190} INFO - [2025-12-16T18:31:16.952+0000] {dagbag.py:588} INFO - Filling up the DagBag from /home/airflow/.local/lib/python3.12/site-packages/airflow/example_dags/example_python_decorator.py
[2025-12-16T18:31:16.969+0000] {processor.py:925} INFO - DAG(s) 'example_python_decorator' retrieved from /home/airflow/.local/lib/python3.12/site-packages/airflow/example_dags/example_python_decorator.py
[2025-12-16T18:31:16.994+0000] {logging_mixin.py:190} INFO - [2025-12-16T18:31:16.994+0000] {dag.py:3239} INFO - Sync 1 DAGs
[2025-12-16T18:31:17.011+0000] {logging_mixin.py:190} INFO - [2025-12-16T18:31:17.010+0000] {dag.py:4180} INFO - Setting next_dagrun for example_python_decorator to None, run_after=None
[2025-12-16T18:31:17.030+0000] {processor.py:208} INFO - Processing /home/airflow/.local/lib/python3.12/site-packages/airflow/example_dags/example_python_decorator.py took 0.089 seconds
[2025-12-16T18:31:47.566+0000] {processor.py:186} INFO - Started process (PID=1501) to work on /home/airflow/.local/lib/python3.12/site-packages/airflow/example_dags/example_python_decorator.py
[2025-12-16T18:31:47.568+0000] {processor.py:914} INFO - Processing file /home/airflow/.local/lib/python3.12/site-packages/airflow/example_dags/example_python_decorator.py for tasks to queue
[2025-12-16T18:31:47.571+0000] {logging_mixin.py:190} INFO - [2025-12-16T18:31:47.571+0000] {dagbag.py:588} INFO - Filling up the DagBag from /home/airflow/.local/lib/python3.12/site-packages/airflow/example_dags/example_python_decorator.py
[2025-12-16T18:31:47.592+0000] {processor.py:925} INFO - DAG(s) 'example_python_decorator' retrieved from /home/airflow/.local/lib/python3.12/site-packages/airflow/example_dags/example_python_decorator.py
[2025-12-16T18:31:47.622+0000] {logging_mixin.py:190} INFO - [2025-12-16T18:31:47.621+0000] {dag.py:3239} INFO - Sync 1 DAGs
[2025-12-16T18:31:47.643+0000] {logging_mixin.py:190} INFO - [2025-12-16T18:31:47.643+0000] {dag.py:4180} INFO - Setting next_dagrun for example_python_decorator to None, run_after=None
[2025-12-16T18:31:47.667+0000] {processor.py:208} INFO - Processing /home/airflow/.local/lib/python3.12/site-packages/airflow/example_dags/example_python_decorator.py took 0.109 seconds
[2025-12-16T18:32:18.267+0000] {processor.py:186} INFO - Started process (PID=1792) to work on /home/airflow/.local/lib/python3.12/site-packages/airflow/example_dags/example_python_decorator.py
[2025-12-16T18:32:18.268+0000] {processor.py:914} INFO - Processing file /home/airflow/.local/lib/python3.12/site-packages/airflow/example_dags/example_python_decorator.py for tasks to queue
[2025-12-16T18:32:18.271+0000] {logging_mixin.py:190} INFO - [2025-12-16T18:32:18.271+0000] {dagbag.py:588} INFO - Filling up the DagBag from /home/airflow/.local/lib/python3.12/site-packages/airflow/example_dags/example_python_decorator.py
[2025-12-16T18:32:18.292+0000] {processor.py:925} INFO - DAG(s) 'example_python_decorator' retrieved from /home/airflow/.local/lib/python3.12/site-packages/airflow/example_dags/example_python_decorator.py
[2025-12-16T18:32:18.325+0000] {logging_mixin.py:190} INFO - [2025-12-16T18:32:18.324+0000] {dag.py:3239} INFO - Sync 1 DAGs
[2025-12-16T18:32:18.344+0000] {logging_mixin.py:190} INFO - [2025-12-16T18:32:18.344+0000] {dag.py:4180} INFO - Setting next_dagrun for example_python_decorator to None, run_after=None
[2025-12-16T18:32:18.366+0000] {processor.py:208} INFO - Processing /home/airflow/.local/lib/python3.12/site-packages/airflow/example_dags/example_python_decorator.py took 0.107 seconds
[2025-12-16T18:32:49.399+0000] {processor.py:186} INFO - Started process (PID=2085) to work on /home/airflow/.local/lib/python3.12/site-packages/airflow/example_dags/example_python_decorator.py
[2025-12-16T18:32:49.400+0000] {processor.py:914} INFO - Processing file /home/airflow/.local/lib/python3.12/site-packages/airflow/example_dags/example_python_decorator.py for tasks to queue
[2025-12-16T18:32:49.403+0000] {logging_mixin.py:190} INFO - [2025-12-16T18:32:49.402+0000] {dagbag.py:588} INFO - Filling up the DagBag from /home/airflow/.local/lib/python3.12/site-packages/airflow/example_dags/example_python_decorator.py
[2025-12-16T18:32:49.423+0000] {processor.py:925} INFO - DAG(s) 'example_python_decorator' retrieved from /home/airflow/.local/lib/python3.12/site-packages/airflow/example_dags/example_python_decorator.py
[2025-12-16T18:32:49.450+0000] {logging_mixin.py:190} INFO - [2025-12-16T18:32:49.450+0000] {dag.py:3239} INFO - Sync 1 DAGs
[2025-12-16T18:32:49.469+0000] {logging_mixin.py:190} INFO - [2025-12-16T18:32:49.468+0000] {dag.py:4180} INFO - Setting next_dagrun for example_python_decorator to None, run_after=None
[2025-12-16T18:32:49.491+0000] {processor.py:208} INFO - Processing /home/airflow/.local/lib/python3.12/site-packages/airflow/example_dags/example_python_decorator.py took 0.099 seconds
[2025-12-16T18:33:20.848+0000] {processor.py:186} INFO - Started process (PID=2374) to work on /home/airflow/.local/lib/python3.12/site-packages/airflow/example_dags/example_python_decorator.py
[2025-12-16T18:33:20.849+0000] {processor.py:914} INFO - Processing file /home/airflow/.local/lib/python3.12/site-packages/airflow/example_dags/example_python_decorator.py for tasks to queue
[2025-12-16T18:33:20.851+0000] {logging_mixin.py:190} INFO - [2025-12-16T18:33:20.851+0000] {dagbag.py:588} INFO - Filling up the DagBag from /home/airflow/.local/lib/python3.12/site-packages/airflow/example_dags/example_python_decorator.py
[2025-12-16T18:33:20.869+0000] {processor.py:925} INFO - DAG(s) 'example_python_decorator' retrieved from /home/airflow/.local/lib/python3.12/site-packages/airflow/example_dags/example_python_decorator.py
[2025-12-16T18:33:20.894+0000] {logging_mixin.py:190} INFO - [2025-12-16T18:33:20.894+0000] {dag.py:3239} INFO - Sync 1 DAGs
[2025-12-16T18:33:20.913+0000] {logging_mixin.py:190} INFO - [2025-12-16T18:33:20.913+0000] {dag.py:4180} INFO - Setting next_dagrun for example_python_decorator to None, run_after=None
[2025-12-16T18:33:20.936+0000] {processor.py:208} INFO - Processing /home/airflow/.local/lib/python3.12/site-packages/airflow/example_dags/example_python_decorator.py took 0.096 seconds
[2025-12-16T18:33:51.842+0000] {processor.py:186} INFO - Started process (PID=2665) to work on /home/airflow/.local/lib/python3.12/site-packages/airflow/example_dags/example_python_decorator.py
[2025-12-16T18:33:51.842+0000] {processor.py:914} INFO - Processing file /home/airflow/.local/lib/python3.12/site-packages/airflow/example_dags/example_python_decorator.py for tasks to queue
[2025-12-16T18:33:51.845+0000] {logging_mixin.py:190} INFO - [2025-12-16T18:33:51.844+0000] {dagbag.py:588} INFO - Filling up the DagBag from /home/airflow/.local/lib/python3.12/site-packages/airflow/example_dags/example_python_decorator.py
[2025-12-16T18:33:51.863+0000] {processor.py:925} INFO - DAG(s) 'example_python_decorator' retrieved from /home/airflow/.local/lib/python3.12/site-packages/airflow/example_dags/example_python_decorator.py
[2025-12-16T18:33:51.887+0000] {logging_mixin.py:190} INFO - [2025-12-16T18:33:51.887+0000] {dag.py:3239} INFO - Sync 1 DAGs
[2025-12-16T18:33:51.904+0000] {logging_mixin.py:190} INFO - [2025-12-16T18:33:51.904+0000] {dag.py:4180} INFO - Setting next_dagrun for example_python_decorator to None, run_after=None
[2025-12-16T18:33:51.923+0000] {processor.py:208} INFO - Processing /home/airflow/.local/lib/python3.12/site-packages/airflow/example_dags/example_python_decorator.py took 0.088 seconds
[2025-12-16T18:34:22.748+0000] {processor.py:186} INFO - Started process (PID=2956) to work on /home/airflow/.local/lib/python3.12/site-packages/airflow/example_dags/example_python_decorator.py
[2025-12-16T18:34:22.749+0000] {processor.py:914} INFO - Processing file /home/airflow/.local/lib/python3.12/site-packages/airflow/example_dags/example_python_decorator.py for tasks to queue
[2025-12-16T18:34:22.751+0000] {logging_mixin.py:190} INFO - [2025-12-16T18:34:22.751+0000] {dagbag.py:588} INFO - Filling up the DagBag from /home/airflow/.local/lib/python3.12/site-packages/airflow/example_dags/example_python_decorator.py
[2025-12-16T18:34:22.770+0000] {processor.py:925} INFO - DAG(s) 'example_python_decorator' retrieved from /home/airflow/.local/lib/python3.12/site-packages/airflow/example_dags/example_python_decorator.py
[2025-12-16T18:34:22.796+0000] {logging_mixin.py:190} INFO - [2025-12-16T18:34:22.796+0000] {dag.py:3239} INFO - Sync 1 DAGs
[2025-12-16T18:34:22.814+0000] {logging_mixin.py:190} INFO - [2025-12-16T18:34:22.813+0000] {dag.py:4180} INFO - Setting next_dagrun for example_python_decorator to None, run_after=None
[2025-12-16T18:34:22.833+0000] {processor.py:208} INFO - Processing /home/airflow/.local/lib/python3.12/site-packages/airflow/example_dags/example_python_decorator.py took 0.093 seconds
[2025-12-16T18:34:53.951+0000] {processor.py:186} INFO - Started process (PID=3247) to work on /home/airflow/.local/lib/python3.12/site-packages/airflow/example_dags/example_python_decorator.py
[2025-12-16T18:34:53.952+0000] {processor.py:914} INFO - Processing file /home/airflow/.local/lib/python3.12/site-packages/airflow/example_dags/example_python_decorator.py for tasks to queue
[2025-12-16T18:34:53.955+0000] {logging_mixin.py:190} INFO - [2025-12-16T18:34:53.954+0000] {dagbag.py:588} INFO - Filling up the DagBag from /home/airflow/.local/lib/python3.12/site-packages/airflow/example_dags/example_python_decorator.py
[2025-12-16T18:34:53.974+0000] {processor.py:925} INFO - DAG(s) 'example_python_decorator' retrieved from /home/airflow/.local/lib/python3.12/site-packages/airflow/example_dags/example_python_decorator.py
[2025-12-16T18:34:53.999+0000] {logging_mixin.py:190} INFO - [2025-12-16T18:34:53.999+0000] {dag.py:3239} INFO - Sync 1 DAGs
[2025-12-16T18:34:54.017+0000] {logging_mixin.py:190} INFO - [2025-12-16T18:34:54.017+0000] {dag.py:4180} INFO - Setting next_dagrun for example_python_decorator to None, run_after=None
[2025-12-16T18:34:54.036+0000] {processor.py:208} INFO - Processing /home/airflow/.local/lib/python3.12/site-packages/airflow/example_dags/example_python_decorator.py took 0.093 seconds
[2025-12-16T18:35:25.229+0000] {processor.py:186} INFO - Started process (PID=3538) to work on /home/airflow/.local/lib/python3.12/site-packages/airflow/example_dags/example_python_decorator.py
[2025-12-16T18:35:25.230+0000] {processor.py:914} INFO - Processing file /home/airflow/.local/lib/python3.12/site-packages/airflow/example_dags/example_python_decorator.py for tasks to queue
[2025-12-16T18:35:25.233+0000] {logging_mixin.py:190} INFO - [2025-12-16T18:35:25.233+0000] {dagbag.py:588} INFO - Filling up the DagBag from /home/airflow/.local/lib/python3.12/site-packages/airflow/example_dags/example_python_decorator.py
[2025-12-16T18:35:25.252+0000] {processor.py:925} INFO - DAG(s) 'example_python_decorator' retrieved from /home/airflow/.local/lib/python3.12/site-packages/airflow/example_dags/example_python_decorator.py
[2025-12-16T18:35:25.280+0000] {logging_mixin.py:190} INFO - [2025-12-16T18:35:25.279+0000] {dag.py:3239} INFO - Sync 1 DAGs
[2025-12-16T18:35:25.299+0000] {logging_mixin.py:190} INFO - [2025-12-16T18:35:25.298+0000] {dag.py:4180} INFO - Setting next_dagrun for example_python_decorator to None, run_after=None
[2025-12-16T18:35:25.319+0000] {processor.py:208} INFO - Processing /home/airflow/.local/lib/python3.12/site-packages/airflow/example_dags/example_python_decorator.py took 0.098 seconds
[2025-12-16T18:35:56.507+0000] {processor.py:186} INFO - Started process (PID=3829) to work on /home/airflow/.local/lib/python3.12/site-packages/airflow/example_dags/example_python_decorator.py
[2025-12-16T18:35:56.509+0000] {processor.py:914} INFO - Processing file /home/airflow/.local/lib/python3.12/site-packages/airflow/example_dags/example_python_decorator.py for tasks to queue
[2025-12-16T18:35:56.511+0000] {logging_mixin.py:190} INFO - [2025-12-16T18:35:56.511+0000] {dagbag.py:588} INFO - Filling up the DagBag from /home/airflow/.local/lib/python3.12/site-packages/airflow/example_dags/example_python_decorator.py
[2025-12-16T18:35:56.530+0000] {processor.py:925} INFO - DAG(s) 'example_python_decorator' retrieved from /home/airflow/.local/lib/python3.12/site-packages/airflow/example_dags/example_python_decorator.py
[2025-12-16T18:35:56.556+0000] {logging_mixin.py:190} INFO - [2025-12-16T18:35:56.556+0000] {dag.py:3239} INFO - Sync 1 DAGs
[2025-12-16T18:35:56.574+0000] {logging_mixin.py:190} INFO - [2025-12-16T18:35:56.574+0000] {dag.py:4180} INFO - Setting next_dagrun for example_python_decorator to None, run_after=None
[2025-12-16T18:35:56.595+0000] {processor.py:208} INFO - Processing /home/airflow/.local/lib/python3.12/site-packages/airflow/example_dags/example_python_decorator.py took 0.096 seconds
[2025-12-16T18:36:27.613+0000] {processor.py:186} INFO - Started process (PID=4120) to work on /home/airflow/.local/lib/python3.12/site-packages/airflow/example_dags/example_python_decorator.py
[2025-12-16T18:36:27.614+0000] {processor.py:914} INFO - Processing file /home/airflow/.local/lib/python3.12/site-packages/airflow/example_dags/example_python_decorator.py for tasks to queue
[2025-12-16T18:36:27.616+0000] {logging_mixin.py:190} INFO - [2025-12-16T18:36:27.616+0000] {dagbag.py:588} INFO - Filling up the DagBag from /home/airflow/.local/lib/python3.12/site-packages/airflow/example_dags/example_python_decorator.py
[2025-12-16T18:36:27.637+0000] {processor.py:925} INFO - DAG(s) 'example_python_decorator' retrieved from /home/airflow/.local/lib/python3.12/site-packages/airflow/example_dags/example_python_decorator.py
[2025-12-16T18:36:27.666+0000] {logging_mixin.py:190} INFO - [2025-12-16T18:36:27.665+0000] {dag.py:3239} INFO - Sync 1 DAGs
[2025-12-16T18:36:27.684+0000] {logging_mixin.py:190} INFO - [2025-12-16T18:36:27.684+0000] {dag.py:4180} INFO - Setting next_dagrun for example_python_decorator to None, run_after=None
[2025-12-16T18:36:27.705+0000] {processor.py:208} INFO - Processing /home/airflow/.local/lib/python3.12/site-packages/airflow/example_dags/example_python_decorator.py took 0.101 seconds
[2025-12-16T18:36:58.738+0000] {processor.py:186} INFO - Started process (PID=4413) to work on /home/airflow/.local/lib/python3.12/site-packages/airflow/example_dags/example_python_decorator.py
[2025-12-16T18:36:58.739+0000] {processor.py:914} INFO - Processing file /home/airflow/.local/lib/python3.12/site-packages/airflow/example_dags/example_python_decorator.py for tasks to queue
[2025-12-16T18:36:58.742+0000] {logging_mixin.py:190} INFO - [2025-12-16T18:36:58.742+0000] {dagbag.py:588} INFO - Filling up the DagBag from /home/airflow/.local/lib/python3.12/site-packages/airflow/example_dags/example_python_decorator.py
[2025-12-16T18:36:58.763+0000] {processor.py:925} INFO - DAG(s) 'example_python_decorator' retrieved from /home/airflow/.local/lib/python3.12/site-packages/airflow/example_dags/example_python_decorator.py
[2025-12-16T18:36:58.790+0000] {logging_mixin.py:190} INFO - [2025-12-16T18:36:58.790+0000] {dag.py:3239} INFO - Sync 1 DAGs
[2025-12-16T18:36:58.808+0000] {logging_mixin.py:190} INFO - [2025-12-16T18:36:58.808+0000] {dag.py:4180} INFO - Setting next_dagrun for example_python_decorator to None, run_after=None
[2025-12-16T18:36:58.828+0000] {processor.py:208} INFO - Processing /home/airflow/.local/lib/python3.12/site-packages/airflow/example_dags/example_python_decorator.py took 0.098 seconds
[2025-12-16T18:37:29.860+0000] {processor.py:186} INFO - Started process (PID=4702) to work on /home/airflow/.local/lib/python3.12/site-packages/airflow/example_dags/example_python_decorator.py
[2025-12-16T18:37:29.861+0000] {processor.py:914} INFO - Processing file /home/airflow/.local/lib/python3.12/site-packages/airflow/example_dags/example_python_decorator.py for tasks to queue
[2025-12-16T18:37:29.863+0000] {logging_mixin.py:190} INFO - [2025-12-16T18:37:29.863+0000] {dagbag.py:588} INFO - Filling up the DagBag from /home/airflow/.local/lib/python3.12/site-packages/airflow/example_dags/example_python_decorator.py
[2025-12-16T18:37:29.883+0000] {processor.py:925} INFO - DAG(s) 'example_python_decorator' retrieved from /home/airflow/.local/lib/python3.12/site-packages/airflow/example_dags/example_python_decorator.py
[2025-12-16T18:37:29.910+0000] {logging_mixin.py:190} INFO - [2025-12-16T18:37:29.910+0000] {dag.py:3239} INFO - Sync 1 DAGs
[2025-12-16T18:37:29.928+0000] {logging_mixin.py:190} INFO - [2025-12-16T18:37:29.928+0000] {dag.py:4180} INFO - Setting next_dagrun for example_python_decorator to None, run_after=None
[2025-12-16T18:37:29.949+0000] {processor.py:208} INFO - Processing /home/airflow/.local/lib/python3.12/site-packages/airflow/example_dags/example_python_decorator.py took 0.098 seconds
[2025-12-16T18:38:00.418+0000] {processor.py:186} INFO - Started process (PID=4993) to work on /home/airflow/.local/lib/python3.12/site-packages/airflow/example_dags/example_python_decorator.py
[2025-12-16T18:38:00.419+0000] {processor.py:914} INFO - Processing file /home/airflow/.local/lib/python3.12/site-packages/airflow/example_dags/example_python_decorator.py for tasks to queue
[2025-12-16T18:38:00.421+0000] {logging_mixin.py:190} INFO - [2025-12-16T18:38:00.421+0000] {dagbag.py:588} INFO - Filling up the DagBag from /home/airflow/.local/lib/python3.12/site-packages/airflow/example_dags/example_python_decorator.py
[2025-12-16T18:38:00.441+0000] {processor.py:925} INFO - DAG(s) 'example_python_decorator' retrieved from /home/airflow/.local/lib/python3.12/site-packages/airflow/example_dags/example_python_decorator.py
[2025-12-16T18:38:00.467+0000] {logging_mixin.py:190} INFO - [2025-12-16T18:38:00.467+0000] {dag.py:3239} INFO - Sync 1 DAGs
[2025-12-16T18:38:00.485+0000] {logging_mixin.py:190} INFO - [2025-12-16T18:38:00.485+0000] {dag.py:4180} INFO - Setting next_dagrun for example_python_decorator to None, run_after=None
[2025-12-16T18:38:00.507+0000] {processor.py:208} INFO - Processing /home/airflow/.local/lib/python3.12/site-packages/airflow/example_dags/example_python_decorator.py took 0.098 seconds
[2025-12-16T18:38:31.785+0000] {processor.py:186} INFO - Started process (PID=5279) to work on /home/airflow/.local/lib/python3.12/site-packages/airflow/example_dags/example_python_decorator.py
[2025-12-16T18:38:31.787+0000] {processor.py:914} INFO - Processing file /home/airflow/.local/lib/python3.12/site-packages/airflow/example_dags/example_python_decorator.py for tasks to queue
[2025-12-16T18:38:31.789+0000] {logging_mixin.py:190} INFO - [2025-12-16T18:38:31.789+0000] {dagbag.py:588} INFO - Filling up the DagBag from /home/airflow/.local/lib/python3.12/site-packages/airflow/example_dags/example_python_decorator.py
[2025-12-16T18:38:31.808+0000] {processor.py:925} INFO - DAG(s) 'example_python_decorator' retrieved from /home/airflow/.local/lib/python3.12/site-packages/airflow/example_dags/example_python_decorator.py
[2025-12-16T18:38:31.836+0000] {logging_mixin.py:190} INFO - [2025-12-16T18:38:31.835+0000] {dag.py:3239} INFO - Sync 1 DAGs
[2025-12-16T18:38:31.855+0000] {logging_mixin.py:190} INFO - [2025-12-16T18:38:31.854+0000] {dag.py:4180} INFO - Setting next_dagrun for example_python_decorator to None, run_after=None
[2025-12-16T18:38:31.879+0000] {processor.py:208} INFO - Processing /home/airflow/.local/lib/python3.12/site-packages/airflow/example_dags/example_python_decorator.py took 0.101 seconds
[2025-12-16T18:39:02.708+0000] {processor.py:186} INFO - Started process (PID=5570) to work on /home/airflow/.local/lib/python3.12/site-packages/airflow/example_dags/example_python_decorator.py
[2025-12-16T18:39:02.709+0000] {processor.py:914} INFO - Processing file /home/airflow/.local/lib/python3.12/site-packages/airflow/example_dags/example_python_decorator.py for tasks to queue
[2025-12-16T18:39:02.712+0000] {logging_mixin.py:190} INFO - [2025-12-16T18:39:02.711+0000] {dagbag.py:588} INFO - Filling up the DagBag from /home/airflow/.local/lib/python3.12/site-packages/airflow/example_dags/example_python_decorator.py
[2025-12-16T18:39:02.730+0000] {processor.py:925} INFO - DAG(s) 'example_python_decorator' retrieved from /home/airflow/.local/lib/python3.12/site-packages/airflow/example_dags/example_python_decorator.py
[2025-12-16T18:39:02.758+0000] {logging_mixin.py:190} INFO - [2025-12-16T18:39:02.758+0000] {dag.py:3239} INFO - Sync 1 DAGs
[2025-12-16T18:39:02.778+0000] {logging_mixin.py:190} INFO - [2025-12-16T18:39:02.777+0000] {dag.py:4180} INFO - Setting next_dagrun for example_python_decorator to None, run_after=None
[2025-12-16T18:39:02.800+0000] {processor.py:208} INFO - Processing /home/airflow/.local/lib/python3.12/site-packages/airflow/example_dags/example_python_decorator.py took 0.100 seconds
[2025-12-16T18:39:34.209+0000] {processor.py:186} INFO - Started process (PID=5861) to work on /home/airflow/.local/lib/python3.12/site-packages/airflow/example_dags/example_python_decorator.py
[2025-12-16T18:39:34.210+0000] {processor.py:914} INFO - Processing file /home/airflow/.local/lib/python3.12/site-packages/airflow/example_dags/example_python_decorator.py for tasks to queue
[2025-12-16T18:39:34.212+0000] {logging_mixin.py:190} INFO - [2025-12-16T18:39:34.212+0000] {dagbag.py:588} INFO - Filling up the DagBag from /home/airflow/.local/lib/python3.12/site-packages/airflow/example_dags/example_python_decorator.py
[2025-12-16T18:39:34.231+0000] {processor.py:925} INFO - DAG(s) 'example_python_decorator' retrieved from /home/airflow/.local/lib/python3.12/site-packages/airflow/example_dags/example_python_decorator.py
[2025-12-16T18:39:34.256+0000] {logging_mixin.py:190} INFO - [2025-12-16T18:39:34.256+0000] {dag.py:3239} INFO - Sync 1 DAGs
[2025-12-16T18:39:34.273+0000] {logging_mixin.py:190} INFO - [2025-12-16T18:39:34.273+0000] {dag.py:4180} INFO - Setting next_dagrun for example_python_decorator to None, run_after=None
[2025-12-16T18:39:34.292+0000] {processor.py:208} INFO - Processing /home/airflow/.local/lib/python3.12/site-packages/airflow/example_dags/example_python_decorator.py took 0.090 seconds
[2025-12-16T18:40:05.437+0000] {processor.py:186} INFO - Started process (PID=6152) to work on /home/airflow/.local/lib/python3.12/site-packages/airflow/example_dags/example_python_decorator.py
[2025-12-16T18:40:05.438+0000] {processor.py:914} INFO - Processing file /home/airflow/.local/lib/python3.12/site-packages/airflow/example_dags/example_python_decorator.py for tasks to queue
[2025-12-16T18:40:05.440+0000] {logging_mixin.py:190} INFO - [2025-12-16T18:40:05.440+0000] {dagbag.py:588} INFO - Filling up the DagBag from /home/airflow/.local/lib/python3.12/site-packages/airflow/example_dags/example_python_decorator.py
[2025-12-16T18:40:05.458+0000] {processor.py:925} INFO - DAG(s) 'example_python_decorator' retrieved from /home/airflow/.local/lib/python3.12/site-packages/airflow/example_dags/example_python_decorator.py
[2025-12-16T18:40:05.484+0000] {logging_mixin.py:190} INFO - [2025-12-16T18:40:05.483+0000] {dag.py:3239} INFO - Sync 1 DAGs
[2025-12-16T18:40:05.502+0000] {logging_mixin.py:190} INFO - [2025-12-16T18:40:05.502+0000] {dag.py:4180} INFO - Setting next_dagrun for example_python_decorator to None, run_after=None
[2025-12-16T18:40:05.523+0000] {processor.py:208} INFO - Processing /home/airflow/.local/lib/python3.12/site-packages/airflow/example_dags/example_python_decorator.py took 0.094 seconds
[2025-12-16T18:40:37.665+0000] {processor.py:186} INFO - Started process (PID=6443) to work on /home/airflow/.local/lib/python3.12/site-packages/airflow/example_dags/example_python_decorator.py
[2025-12-16T18:40:37.666+0000] {processor.py:914} INFO - Processing file /home/airflow/.local/lib/python3.12/site-packages/airflow/example_dags/example_python_decorator.py for tasks to queue
[2025-12-16T18:40:37.669+0000] {logging_mixin.py:190} INFO - [2025-12-16T18:40:37.668+0000] {dagbag.py:588} INFO - Filling up the DagBag from /home/airflow/.local/lib/python3.12/site-packages/airflow/example_dags/example_python_decorator.py
[2025-12-16T18:40:37.687+0000] {processor.py:925} INFO - DAG(s) 'example_python_decorator' retrieved from /home/airflow/.local/lib/python3.12/site-packages/airflow/example_dags/example_python_decorator.py
[2025-12-16T18:40:37.714+0000] {logging_mixin.py:190} INFO - [2025-12-16T18:40:37.714+0000] {dag.py:3239} INFO - Sync 1 DAGs
[2025-12-16T18:40:37.732+0000] {logging_mixin.py:190} INFO - [2025-12-16T18:40:37.732+0000] {dag.py:4180} INFO - Setting next_dagrun for example_python_decorator to None, run_after=None
[2025-12-16T18:40:37.752+0000] {processor.py:208} INFO - Processing /home/airflow/.local/lib/python3.12/site-packages/airflow/example_dags/example_python_decorator.py took 0.096 seconds
