[2025-12-16T18:26:49.134+0000] {processor.py:186} INFO - Started process (PID=402) to work on /home/airflow/.local/lib/python3.12/site-packages/airflow/example_dags/example_task_group_decorator.py
[2025-12-16T18:26:49.135+0000] {processor.py:914} INFO - Processing file /home/airflow/.local/lib/python3.12/site-packages/airflow/example_dags/example_task_group_decorator.py for tasks to queue
[2025-12-16T18:26:49.139+0000] {logging_mixin.py:190} INFO - [2025-12-16T18:26:49.138+0000] {dagbag.py:588} INFO - Filling up the DagBag from /home/airflow/.local/lib/python3.12/site-packages/airflow/example_dags/example_task_group_decorator.py
[2025-12-16T18:26:49.161+0000] {processor.py:925} INFO - DAG(s) 'example_task_group_decorator' retrieved from /home/airflow/.local/lib/python3.12/site-packages/airflow/example_dags/example_task_group_decorator.py
[2025-12-16T18:26:49.304+0000] {logging_mixin.py:190} INFO - [2025-12-16T18:26:49.303+0000] {override.py:1911} INFO - Created Permission View: can read on DAG:example_task_group_decorator
[2025-12-16T18:26:49.315+0000] {logging_mixin.py:190} INFO - [2025-12-16T18:26:49.314+0000] {override.py:1911} INFO - Created Permission View: can delete on DAG:example_task_group_decorator
[2025-12-16T18:26:49.322+0000] {logging_mixin.py:190} INFO - [2025-12-16T18:26:49.322+0000] {override.py:1911} INFO - Created Permission View: can edit on DAG:example_task_group_decorator
[2025-12-16T18:26:49.330+0000] {logging_mixin.py:190} INFO - [2025-12-16T18:26:49.330+0000] {override.py:1911} INFO - Created Permission View: can read on DAG Run:example_task_group_decorator
[2025-12-16T18:26:49.337+0000] {logging_mixin.py:190} INFO - [2025-12-16T18:26:49.336+0000] {override.py:1911} INFO - Created Permission View: can create on DAG Run:example_task_group_decorator
[2025-12-16T18:26:49.344+0000] {logging_mixin.py:190} INFO - [2025-12-16T18:26:49.343+0000] {override.py:1911} INFO - Created Permission View: menu access on DAG Run:example_task_group_decorator
[2025-12-16T18:26:49.352+0000] {logging_mixin.py:190} INFO - [2025-12-16T18:26:49.351+0000] {override.py:1911} INFO - Created Permission View: can delete on DAG Run:example_task_group_decorator
[2025-12-16T18:26:49.352+0000] {logging_mixin.py:190} INFO - [2025-12-16T18:26:49.352+0000] {dag.py:3239} INFO - Sync 1 DAGs
[2025-12-16T18:26:49.369+0000] {logging_mixin.py:190} INFO - [2025-12-16T18:26:49.369+0000] {dag.py:3262} INFO - Creating ORM DAG for example_task_group_decorator
[2025-12-16T18:26:49.370+0000] {logging_mixin.py:190} INFO - [2025-12-16T18:26:49.370+0000] {dag.py:4180} INFO - Setting next_dagrun for example_task_group_decorator to None, run_after=None
[2025-12-16T18:26:49.388+0000] {processor.py:208} INFO - Processing /home/airflow/.local/lib/python3.12/site-packages/airflow/example_dags/example_task_group_decorator.py took 0.262 seconds
[2025-12-16T18:27:19.700+0000] {processor.py:186} INFO - Started process (PID=693) to work on /home/airflow/.local/lib/python3.12/site-packages/airflow/example_dags/example_task_group_decorator.py
[2025-12-16T18:27:19.702+0000] {processor.py:914} INFO - Processing file /home/airflow/.local/lib/python3.12/site-packages/airflow/example_dags/example_task_group_decorator.py for tasks to queue
[2025-12-16T18:27:19.706+0000] {logging_mixin.py:190} INFO - [2025-12-16T18:27:19.706+0000] {dagbag.py:588} INFO - Filling up the DagBag from /home/airflow/.local/lib/python3.12/site-packages/airflow/example_dags/example_task_group_decorator.py
[2025-12-16T18:27:19.735+0000] {processor.py:925} INFO - DAG(s) 'example_task_group_decorator' retrieved from /home/airflow/.local/lib/python3.12/site-packages/airflow/example_dags/example_task_group_decorator.py
[2025-12-16T18:27:19.780+0000] {logging_mixin.py:190} INFO - [2025-12-16T18:27:19.780+0000] {dag.py:3239} INFO - Sync 1 DAGs
[2025-12-16T18:27:19.808+0000] {logging_mixin.py:190} INFO - [2025-12-16T18:27:19.808+0000] {dag.py:4180} INFO - Setting next_dagrun for example_task_group_decorator to None, run_after=None
[2025-12-16T18:27:19.835+0000] {processor.py:208} INFO - Processing /home/airflow/.local/lib/python3.12/site-packages/airflow/example_dags/example_task_group_decorator.py took 0.145 seconds
[2025-12-16T18:27:50.575+0000] {processor.py:186} INFO - Started process (PID=986) to work on /home/airflow/.local/lib/python3.12/site-packages/airflow/example_dags/example_task_group_decorator.py
[2025-12-16T18:27:50.576+0000] {processor.py:914} INFO - Processing file /home/airflow/.local/lib/python3.12/site-packages/airflow/example_dags/example_task_group_decorator.py for tasks to queue
[2025-12-16T18:27:50.580+0000] {logging_mixin.py:190} INFO - [2025-12-16T18:27:50.579+0000] {dagbag.py:588} INFO - Filling up the DagBag from /home/airflow/.local/lib/python3.12/site-packages/airflow/example_dags/example_task_group_decorator.py
[2025-12-16T18:27:50.601+0000] {processor.py:925} INFO - DAG(s) 'example_task_group_decorator' retrieved from /home/airflow/.local/lib/python3.12/site-packages/airflow/example_dags/example_task_group_decorator.py
[2025-12-16T18:27:50.631+0000] {logging_mixin.py:190} INFO - [2025-12-16T18:27:50.630+0000] {dag.py:3239} INFO - Sync 1 DAGs
[2025-12-16T18:27:50.649+0000] {logging_mixin.py:190} INFO - [2025-12-16T18:27:50.648+0000] {dag.py:4180} INFO - Setting next_dagrun for example_task_group_decorator to None, run_after=None
[2025-12-16T18:27:50.670+0000] {processor.py:208} INFO - Processing /home/airflow/.local/lib/python3.12/site-packages/airflow/example_dags/example_task_group_decorator.py took 0.103 seconds
[2025-12-16T18:29:43.774+0000] {processor.py:186} INFO - Started process (PID=404) to work on /home/airflow/.local/lib/python3.12/site-packages/airflow/example_dags/example_task_group_decorator.py
[2025-12-16T18:29:43.775+0000] {processor.py:914} INFO - Processing file /home/airflow/.local/lib/python3.12/site-packages/airflow/example_dags/example_task_group_decorator.py for tasks to queue
[2025-12-16T18:29:43.778+0000] {logging_mixin.py:190} INFO - [2025-12-16T18:29:43.778+0000] {dagbag.py:588} INFO - Filling up the DagBag from /home/airflow/.local/lib/python3.12/site-packages/airflow/example_dags/example_task_group_decorator.py
[2025-12-16T18:29:43.798+0000] {processor.py:925} INFO - DAG(s) 'example_task_group_decorator' retrieved from /home/airflow/.local/lib/python3.12/site-packages/airflow/example_dags/example_task_group_decorator.py
[2025-12-16T18:29:43.828+0000] {logging_mixin.py:190} INFO - [2025-12-16T18:29:43.828+0000] {dag.py:3239} INFO - Sync 1 DAGs
[2025-12-16T18:29:43.847+0000] {logging_mixin.py:190} INFO - [2025-12-16T18:29:43.847+0000] {dag.py:4180} INFO - Setting next_dagrun for example_task_group_decorator to None, run_after=None
[2025-12-16T18:29:43.865+0000] {processor.py:208} INFO - Processing /home/airflow/.local/lib/python3.12/site-packages/airflow/example_dags/example_task_group_decorator.py took 0.098 seconds
[2025-12-16T18:30:15.808+0000] {processor.py:186} INFO - Started process (PID=695) to work on /home/airflow/.local/lib/python3.12/site-packages/airflow/example_dags/example_task_group_decorator.py
[2025-12-16T18:30:15.809+0000] {processor.py:914} INFO - Processing file /home/airflow/.local/lib/python3.12/site-packages/airflow/example_dags/example_task_group_decorator.py for tasks to queue
[2025-12-16T18:30:15.813+0000] {logging_mixin.py:190} INFO - [2025-12-16T18:30:15.813+0000] {dagbag.py:588} INFO - Filling up the DagBag from /home/airflow/.local/lib/python3.12/site-packages/airflow/example_dags/example_task_group_decorator.py
[2025-12-16T18:30:15.834+0000] {processor.py:925} INFO - DAG(s) 'example_task_group_decorator' retrieved from /home/airflow/.local/lib/python3.12/site-packages/airflow/example_dags/example_task_group_decorator.py
[2025-12-16T18:30:15.868+0000] {logging_mixin.py:190} INFO - [2025-12-16T18:30:15.867+0000] {dag.py:3239} INFO - Sync 1 DAGs
[2025-12-16T18:30:15.888+0000] {logging_mixin.py:190} INFO - [2025-12-16T18:30:15.888+0000] {dag.py:4180} INFO - Setting next_dagrun for example_task_group_decorator to None, run_after=None
[2025-12-16T18:30:15.911+0000] {processor.py:208} INFO - Processing /home/airflow/.local/lib/python3.12/site-packages/airflow/example_dags/example_task_group_decorator.py took 0.111 seconds
[2025-12-16T18:30:46.330+0000] {processor.py:186} INFO - Started process (PID=986) to work on /home/airflow/.local/lib/python3.12/site-packages/airflow/example_dags/example_task_group_decorator.py
[2025-12-16T18:30:46.331+0000] {processor.py:914} INFO - Processing file /home/airflow/.local/lib/python3.12/site-packages/airflow/example_dags/example_task_group_decorator.py for tasks to queue
[2025-12-16T18:30:46.335+0000] {logging_mixin.py:190} INFO - [2025-12-16T18:30:46.335+0000] {dagbag.py:588} INFO - Filling up the DagBag from /home/airflow/.local/lib/python3.12/site-packages/airflow/example_dags/example_task_group_decorator.py
[2025-12-16T18:30:46.354+0000] {processor.py:925} INFO - DAG(s) 'example_task_group_decorator' retrieved from /home/airflow/.local/lib/python3.12/site-packages/airflow/example_dags/example_task_group_decorator.py
[2025-12-16T18:30:46.385+0000] {logging_mixin.py:190} INFO - [2025-12-16T18:30:46.384+0000] {dag.py:3239} INFO - Sync 1 DAGs
[2025-12-16T18:30:46.402+0000] {logging_mixin.py:190} INFO - [2025-12-16T18:30:46.402+0000] {dag.py:4180} INFO - Setting next_dagrun for example_task_group_decorator to None, run_after=None
[2025-12-16T18:30:46.421+0000] {processor.py:208} INFO - Processing /home/airflow/.local/lib/python3.12/site-packages/airflow/example_dags/example_task_group_decorator.py took 0.100 seconds
[2025-12-16T18:31:18.331+0000] {processor.py:186} INFO - Started process (PID=1277) to work on /home/airflow/.local/lib/python3.12/site-packages/airflow/example_dags/example_task_group_decorator.py
[2025-12-16T18:31:18.332+0000] {processor.py:914} INFO - Processing file /home/airflow/.local/lib/python3.12/site-packages/airflow/example_dags/example_task_group_decorator.py for tasks to queue
[2025-12-16T18:31:18.336+0000] {logging_mixin.py:190} INFO - [2025-12-16T18:31:18.335+0000] {dagbag.py:588} INFO - Filling up the DagBag from /home/airflow/.local/lib/python3.12/site-packages/airflow/example_dags/example_task_group_decorator.py
[2025-12-16T18:31:18.357+0000] {processor.py:925} INFO - DAG(s) 'example_task_group_decorator' retrieved from /home/airflow/.local/lib/python3.12/site-packages/airflow/example_dags/example_task_group_decorator.py
[2025-12-16T18:31:18.387+0000] {logging_mixin.py:190} INFO - [2025-12-16T18:31:18.387+0000] {dag.py:3239} INFO - Sync 1 DAGs
[2025-12-16T18:31:18.405+0000] {logging_mixin.py:190} INFO - [2025-12-16T18:31:18.405+0000] {dag.py:4180} INFO - Setting next_dagrun for example_task_group_decorator to None, run_after=None
[2025-12-16T18:31:18.425+0000] {processor.py:208} INFO - Processing /home/airflow/.local/lib/python3.12/site-packages/airflow/example_dags/example_task_group_decorator.py took 0.101 seconds
[2025-12-16T18:31:48.883+0000] {processor.py:186} INFO - Started process (PID=1566) to work on /home/airflow/.local/lib/python3.12/site-packages/airflow/example_dags/example_task_group_decorator.py
[2025-12-16T18:31:48.884+0000] {processor.py:914} INFO - Processing file /home/airflow/.local/lib/python3.12/site-packages/airflow/example_dags/example_task_group_decorator.py for tasks to queue
[2025-12-16T18:31:48.888+0000] {logging_mixin.py:190} INFO - [2025-12-16T18:31:48.887+0000] {dagbag.py:588} INFO - Filling up the DagBag from /home/airflow/.local/lib/python3.12/site-packages/airflow/example_dags/example_task_group_decorator.py
[2025-12-16T18:31:48.908+0000] {processor.py:925} INFO - DAG(s) 'example_task_group_decorator' retrieved from /home/airflow/.local/lib/python3.12/site-packages/airflow/example_dags/example_task_group_decorator.py
[2025-12-16T18:31:48.940+0000] {logging_mixin.py:190} INFO - [2025-12-16T18:31:48.940+0000] {dag.py:3239} INFO - Sync 1 DAGs
[2025-12-16T18:31:48.959+0000] {logging_mixin.py:190} INFO - [2025-12-16T18:31:48.958+0000] {dag.py:4180} INFO - Setting next_dagrun for example_task_group_decorator to None, run_after=None
[2025-12-16T18:31:48.980+0000] {processor.py:208} INFO - Processing /home/airflow/.local/lib/python3.12/site-packages/airflow/example_dags/example_task_group_decorator.py took 0.105 seconds
[2025-12-16T18:32:19.116+0000] {processor.py:186} INFO - Started process (PID=1857) to work on /home/airflow/.local/lib/python3.12/site-packages/airflow/example_dags/example_task_group_decorator.py
[2025-12-16T18:32:19.117+0000] {processor.py:914} INFO - Processing file /home/airflow/.local/lib/python3.12/site-packages/airflow/example_dags/example_task_group_decorator.py for tasks to queue
[2025-12-16T18:32:19.121+0000] {logging_mixin.py:190} INFO - [2025-12-16T18:32:19.120+0000] {dagbag.py:588} INFO - Filling up the DagBag from /home/airflow/.local/lib/python3.12/site-packages/airflow/example_dags/example_task_group_decorator.py
[2025-12-16T18:32:19.140+0000] {processor.py:925} INFO - DAG(s) 'example_task_group_decorator' retrieved from /home/airflow/.local/lib/python3.12/site-packages/airflow/example_dags/example_task_group_decorator.py
[2025-12-16T18:32:19.170+0000] {logging_mixin.py:190} INFO - [2025-12-16T18:32:19.169+0000] {dag.py:3239} INFO - Sync 1 DAGs
[2025-12-16T18:32:19.188+0000] {logging_mixin.py:190} INFO - [2025-12-16T18:32:19.188+0000] {dag.py:4180} INFO - Setting next_dagrun for example_task_group_decorator to None, run_after=None
[2025-12-16T18:32:19.209+0000] {processor.py:208} INFO - Processing /home/airflow/.local/lib/python3.12/site-packages/airflow/example_dags/example_task_group_decorator.py took 0.100 seconds
[2025-12-16T18:32:50.283+0000] {processor.py:186} INFO - Started process (PID=2145) to work on /home/airflow/.local/lib/python3.12/site-packages/airflow/example_dags/example_task_group_decorator.py
[2025-12-16T18:32:50.284+0000] {processor.py:914} INFO - Processing file /home/airflow/.local/lib/python3.12/site-packages/airflow/example_dags/example_task_group_decorator.py for tasks to queue
[2025-12-16T18:32:50.287+0000] {logging_mixin.py:190} INFO - [2025-12-16T18:32:50.287+0000] {dagbag.py:588} INFO - Filling up the DagBag from /home/airflow/.local/lib/python3.12/site-packages/airflow/example_dags/example_task_group_decorator.py
[2025-12-16T18:32:50.307+0000] {processor.py:925} INFO - DAG(s) 'example_task_group_decorator' retrieved from /home/airflow/.local/lib/python3.12/site-packages/airflow/example_dags/example_task_group_decorator.py
[2025-12-16T18:32:50.338+0000] {logging_mixin.py:190} INFO - [2025-12-16T18:32:50.337+0000] {dag.py:3239} INFO - Sync 1 DAGs
[2025-12-16T18:32:50.356+0000] {logging_mixin.py:190} INFO - [2025-12-16T18:32:50.355+0000] {dag.py:4180} INFO - Setting next_dagrun for example_task_group_decorator to None, run_after=None
[2025-12-16T18:32:50.378+0000] {processor.py:208} INFO - Processing /home/airflow/.local/lib/python3.12/site-packages/airflow/example_dags/example_task_group_decorator.py took 0.103 seconds
[2025-12-16T18:33:21.636+0000] {processor.py:186} INFO - Started process (PID=2434) to work on /home/airflow/.local/lib/python3.12/site-packages/airflow/example_dags/example_task_group_decorator.py
[2025-12-16T18:33:21.637+0000] {processor.py:914} INFO - Processing file /home/airflow/.local/lib/python3.12/site-packages/airflow/example_dags/example_task_group_decorator.py for tasks to queue
[2025-12-16T18:33:21.640+0000] {logging_mixin.py:190} INFO - [2025-12-16T18:33:21.640+0000] {dagbag.py:588} INFO - Filling up the DagBag from /home/airflow/.local/lib/python3.12/site-packages/airflow/example_dags/example_task_group_decorator.py
[2025-12-16T18:33:21.659+0000] {processor.py:925} INFO - DAG(s) 'example_task_group_decorator' retrieved from /home/airflow/.local/lib/python3.12/site-packages/airflow/example_dags/example_task_group_decorator.py
[2025-12-16T18:33:21.688+0000] {logging_mixin.py:190} INFO - [2025-12-16T18:33:21.687+0000] {dag.py:3239} INFO - Sync 1 DAGs
[2025-12-16T18:33:21.705+0000] {logging_mixin.py:190} INFO - [2025-12-16T18:33:21.704+0000] {dag.py:4180} INFO - Setting next_dagrun for example_task_group_decorator to None, run_after=None
[2025-12-16T18:33:21.724+0000] {processor.py:208} INFO - Processing /home/airflow/.local/lib/python3.12/site-packages/airflow/example_dags/example_task_group_decorator.py took 0.096 seconds
[2025-12-16T18:33:52.651+0000] {processor.py:186} INFO - Started process (PID=2725) to work on /home/airflow/.local/lib/python3.12/site-packages/airflow/example_dags/example_task_group_decorator.py
[2025-12-16T18:33:52.652+0000] {processor.py:914} INFO - Processing file /home/airflow/.local/lib/python3.12/site-packages/airflow/example_dags/example_task_group_decorator.py for tasks to queue
[2025-12-16T18:33:52.656+0000] {logging_mixin.py:190} INFO - [2025-12-16T18:33:52.656+0000] {dagbag.py:588} INFO - Filling up the DagBag from /home/airflow/.local/lib/python3.12/site-packages/airflow/example_dags/example_task_group_decorator.py
[2025-12-16T18:33:52.677+0000] {processor.py:925} INFO - DAG(s) 'example_task_group_decorator' retrieved from /home/airflow/.local/lib/python3.12/site-packages/airflow/example_dags/example_task_group_decorator.py
[2025-12-16T18:33:52.708+0000] {logging_mixin.py:190} INFO - [2025-12-16T18:33:52.708+0000] {dag.py:3239} INFO - Sync 1 DAGs
[2025-12-16T18:33:52.726+0000] {logging_mixin.py:190} INFO - [2025-12-16T18:33:52.726+0000] {dag.py:4180} INFO - Setting next_dagrun for example_task_group_decorator to None, run_after=None
[2025-12-16T18:33:52.746+0000] {processor.py:208} INFO - Processing /home/airflow/.local/lib/python3.12/site-packages/airflow/example_dags/example_task_group_decorator.py took 0.102 seconds
[2025-12-16T18:34:23.532+0000] {processor.py:186} INFO - Started process (PID=3016) to work on /home/airflow/.local/lib/python3.12/site-packages/airflow/example_dags/example_task_group_decorator.py
[2025-12-16T18:34:23.533+0000] {processor.py:914} INFO - Processing file /home/airflow/.local/lib/python3.12/site-packages/airflow/example_dags/example_task_group_decorator.py for tasks to queue
[2025-12-16T18:34:23.536+0000] {logging_mixin.py:190} INFO - [2025-12-16T18:34:23.536+0000] {dagbag.py:588} INFO - Filling up the DagBag from /home/airflow/.local/lib/python3.12/site-packages/airflow/example_dags/example_task_group_decorator.py
[2025-12-16T18:34:23.555+0000] {processor.py:925} INFO - DAG(s) 'example_task_group_decorator' retrieved from /home/airflow/.local/lib/python3.12/site-packages/airflow/example_dags/example_task_group_decorator.py
[2025-12-16T18:34:23.584+0000] {logging_mixin.py:190} INFO - [2025-12-16T18:34:23.583+0000] {dag.py:3239} INFO - Sync 1 DAGs
[2025-12-16T18:34:23.601+0000] {logging_mixin.py:190} INFO - [2025-12-16T18:34:23.601+0000] {dag.py:4180} INFO - Setting next_dagrun for example_task_group_decorator to None, run_after=None
[2025-12-16T18:34:23.621+0000] {processor.py:208} INFO - Processing /home/airflow/.local/lib/python3.12/site-packages/airflow/example_dags/example_task_group_decorator.py took 0.096 seconds
[2025-12-16T18:34:54.740+0000] {processor.py:186} INFO - Started process (PID=3309) to work on /home/airflow/.local/lib/python3.12/site-packages/airflow/example_dags/example_task_group_decorator.py
[2025-12-16T18:34:54.741+0000] {processor.py:914} INFO - Processing file /home/airflow/.local/lib/python3.12/site-packages/airflow/example_dags/example_task_group_decorator.py for tasks to queue
[2025-12-16T18:34:54.744+0000] {logging_mixin.py:190} INFO - [2025-12-16T18:34:54.743+0000] {dagbag.py:588} INFO - Filling up the DagBag from /home/airflow/.local/lib/python3.12/site-packages/airflow/example_dags/example_task_group_decorator.py
[2025-12-16T18:34:54.762+0000] {processor.py:925} INFO - DAG(s) 'example_task_group_decorator' retrieved from /home/airflow/.local/lib/python3.12/site-packages/airflow/example_dags/example_task_group_decorator.py
[2025-12-16T18:34:54.791+0000] {logging_mixin.py:190} INFO - [2025-12-16T18:34:54.791+0000] {dag.py:3239} INFO - Sync 1 DAGs
[2025-12-16T18:34:54.809+0000] {logging_mixin.py:190} INFO - [2025-12-16T18:34:54.808+0000] {dag.py:4180} INFO - Setting next_dagrun for example_task_group_decorator to None, run_after=None
[2025-12-16T18:34:54.830+0000] {processor.py:208} INFO - Processing /home/airflow/.local/lib/python3.12/site-packages/airflow/example_dags/example_task_group_decorator.py took 0.097 seconds
[2025-12-16T18:35:26.062+0000] {processor.py:186} INFO - Started process (PID=3598) to work on /home/airflow/.local/lib/python3.12/site-packages/airflow/example_dags/example_task_group_decorator.py
[2025-12-16T18:35:26.063+0000] {processor.py:914} INFO - Processing file /home/airflow/.local/lib/python3.12/site-packages/airflow/example_dags/example_task_group_decorator.py for tasks to queue
[2025-12-16T18:35:26.066+0000] {logging_mixin.py:190} INFO - [2025-12-16T18:35:26.066+0000] {dagbag.py:588} INFO - Filling up the DagBag from /home/airflow/.local/lib/python3.12/site-packages/airflow/example_dags/example_task_group_decorator.py
[2025-12-16T18:35:26.085+0000] {processor.py:925} INFO - DAG(s) 'example_task_group_decorator' retrieved from /home/airflow/.local/lib/python3.12/site-packages/airflow/example_dags/example_task_group_decorator.py
[2025-12-16T18:35:26.114+0000] {logging_mixin.py:190} INFO - [2025-12-16T18:35:26.114+0000] {dag.py:3239} INFO - Sync 1 DAGs
[2025-12-16T18:35:26.134+0000] {logging_mixin.py:190} INFO - [2025-12-16T18:35:26.133+0000] {dag.py:4180} INFO - Setting next_dagrun for example_task_group_decorator to None, run_after=None
[2025-12-16T18:35:26.153+0000] {processor.py:208} INFO - Processing /home/airflow/.local/lib/python3.12/site-packages/airflow/example_dags/example_task_group_decorator.py took 0.099 seconds
[2025-12-16T18:35:57.297+0000] {processor.py:186} INFO - Started process (PID=3891) to work on /home/airflow/.local/lib/python3.12/site-packages/airflow/example_dags/example_task_group_decorator.py
[2025-12-16T18:35:57.298+0000] {processor.py:914} INFO - Processing file /home/airflow/.local/lib/python3.12/site-packages/airflow/example_dags/example_task_group_decorator.py for tasks to queue
[2025-12-16T18:35:57.301+0000] {logging_mixin.py:190} INFO - [2025-12-16T18:35:57.301+0000] {dagbag.py:588} INFO - Filling up the DagBag from /home/airflow/.local/lib/python3.12/site-packages/airflow/example_dags/example_task_group_decorator.py
[2025-12-16T18:35:57.320+0000] {processor.py:925} INFO - DAG(s) 'example_task_group_decorator' retrieved from /home/airflow/.local/lib/python3.12/site-packages/airflow/example_dags/example_task_group_decorator.py
[2025-12-16T18:35:57.348+0000] {logging_mixin.py:190} INFO - [2025-12-16T18:35:57.348+0000] {dag.py:3239} INFO - Sync 1 DAGs
[2025-12-16T18:35:57.365+0000] {logging_mixin.py:190} INFO - [2025-12-16T18:35:57.365+0000] {dag.py:4180} INFO - Setting next_dagrun for example_task_group_decorator to None, run_after=None
[2025-12-16T18:35:57.386+0000] {processor.py:208} INFO - Processing /home/airflow/.local/lib/python3.12/site-packages/airflow/example_dags/example_task_group_decorator.py took 0.096 seconds
[2025-12-16T18:36:28.481+0000] {processor.py:186} INFO - Started process (PID=4182) to work on /home/airflow/.local/lib/python3.12/site-packages/airflow/example_dags/example_task_group_decorator.py
[2025-12-16T18:36:28.482+0000] {processor.py:914} INFO - Processing file /home/airflow/.local/lib/python3.12/site-packages/airflow/example_dags/example_task_group_decorator.py for tasks to queue
[2025-12-16T18:36:28.486+0000] {logging_mixin.py:190} INFO - [2025-12-16T18:36:28.485+0000] {dagbag.py:588} INFO - Filling up the DagBag from /home/airflow/.local/lib/python3.12/site-packages/airflow/example_dags/example_task_group_decorator.py
[2025-12-16T18:36:28.508+0000] {processor.py:925} INFO - DAG(s) 'example_task_group_decorator' retrieved from /home/airflow/.local/lib/python3.12/site-packages/airflow/example_dags/example_task_group_decorator.py
[2025-12-16T18:36:28.542+0000] {logging_mixin.py:190} INFO - [2025-12-16T18:36:28.542+0000] {dag.py:3239} INFO - Sync 1 DAGs
[2025-12-16T18:36:28.562+0000] {logging_mixin.py:190} INFO - [2025-12-16T18:36:28.561+0000] {dag.py:4180} INFO - Setting next_dagrun for example_task_group_decorator to None, run_after=None
[2025-12-16T18:36:28.584+0000] {processor.py:208} INFO - Processing /home/airflow/.local/lib/python3.12/site-packages/airflow/example_dags/example_task_group_decorator.py took 0.113 seconds
[2025-12-16T18:36:59.550+0000] {processor.py:186} INFO - Started process (PID=4473) to work on /home/airflow/.local/lib/python3.12/site-packages/airflow/example_dags/example_task_group_decorator.py
[2025-12-16T18:36:59.552+0000] {processor.py:914} INFO - Processing file /home/airflow/.local/lib/python3.12/site-packages/airflow/example_dags/example_task_group_decorator.py for tasks to queue
[2025-12-16T18:36:59.555+0000] {logging_mixin.py:190} INFO - [2025-12-16T18:36:59.555+0000] {dagbag.py:588} INFO - Filling up the DagBag from /home/airflow/.local/lib/python3.12/site-packages/airflow/example_dags/example_task_group_decorator.py
[2025-12-16T18:36:59.576+0000] {processor.py:925} INFO - DAG(s) 'example_task_group_decorator' retrieved from /home/airflow/.local/lib/python3.12/site-packages/airflow/example_dags/example_task_group_decorator.py
[2025-12-16T18:36:59.610+0000] {logging_mixin.py:190} INFO - [2025-12-16T18:36:59.609+0000] {dag.py:3239} INFO - Sync 1 DAGs
[2025-12-16T18:36:59.630+0000] {logging_mixin.py:190} INFO - [2025-12-16T18:36:59.630+0000] {dag.py:4180} INFO - Setting next_dagrun for example_task_group_decorator to None, run_after=None
[2025-12-16T18:36:59.652+0000] {processor.py:208} INFO - Processing /home/airflow/.local/lib/python3.12/site-packages/airflow/example_dags/example_task_group_decorator.py took 0.109 seconds
[2025-12-16T18:37:30.676+0000] {processor.py:186} INFO - Started process (PID=4764) to work on /home/airflow/.local/lib/python3.12/site-packages/airflow/example_dags/example_task_group_decorator.py
[2025-12-16T18:37:30.677+0000] {processor.py:914} INFO - Processing file /home/airflow/.local/lib/python3.12/site-packages/airflow/example_dags/example_task_group_decorator.py for tasks to queue
[2025-12-16T18:37:30.680+0000] {logging_mixin.py:190} INFO - [2025-12-16T18:37:30.680+0000] {dagbag.py:588} INFO - Filling up the DagBag from /home/airflow/.local/lib/python3.12/site-packages/airflow/example_dags/example_task_group_decorator.py
[2025-12-16T18:37:30.700+0000] {processor.py:925} INFO - DAG(s) 'example_task_group_decorator' retrieved from /home/airflow/.local/lib/python3.12/site-packages/airflow/example_dags/example_task_group_decorator.py
[2025-12-16T18:37:30.731+0000] {logging_mixin.py:190} INFO - [2025-12-16T18:37:30.731+0000] {dag.py:3239} INFO - Sync 1 DAGs
[2025-12-16T18:37:30.749+0000] {logging_mixin.py:190} INFO - [2025-12-16T18:37:30.749+0000] {dag.py:4180} INFO - Setting next_dagrun for example_task_group_decorator to None, run_after=None
[2025-12-16T18:37:30.769+0000] {processor.py:208} INFO - Processing /home/airflow/.local/lib/python3.12/site-packages/airflow/example_dags/example_task_group_decorator.py took 0.101 seconds
[2025-12-16T18:38:01.493+0000] {processor.py:186} INFO - Started process (PID=5055) to work on /home/airflow/.local/lib/python3.12/site-packages/airflow/example_dags/example_task_group_decorator.py
[2025-12-16T18:38:01.494+0000] {processor.py:914} INFO - Processing file /home/airflow/.local/lib/python3.12/site-packages/airflow/example_dags/example_task_group_decorator.py for tasks to queue
[2025-12-16T18:38:01.498+0000] {logging_mixin.py:190} INFO - [2025-12-16T18:38:01.497+0000] {dagbag.py:588} INFO - Filling up the DagBag from /home/airflow/.local/lib/python3.12/site-packages/airflow/example_dags/example_task_group_decorator.py
[2025-12-16T18:38:01.517+0000] {processor.py:925} INFO - DAG(s) 'example_task_group_decorator' retrieved from /home/airflow/.local/lib/python3.12/site-packages/airflow/example_dags/example_task_group_decorator.py
[2025-12-16T18:38:01.550+0000] {logging_mixin.py:190} INFO - [2025-12-16T18:38:01.549+0000] {dag.py:3239} INFO - Sync 1 DAGs
[2025-12-16T18:38:01.569+0000] {logging_mixin.py:190} INFO - [2025-12-16T18:38:01.569+0000] {dag.py:4180} INFO - Setting next_dagrun for example_task_group_decorator to None, run_after=None
[2025-12-16T18:38:01.594+0000] {processor.py:208} INFO - Processing /home/airflow/.local/lib/python3.12/site-packages/airflow/example_dags/example_task_group_decorator.py took 0.109 seconds
[2025-12-16T18:38:33.156+0000] {processor.py:186} INFO - Started process (PID=5346) to work on /home/airflow/.local/lib/python3.12/site-packages/airflow/example_dags/example_task_group_decorator.py
[2025-12-16T18:38:33.157+0000] {processor.py:914} INFO - Processing file /home/airflow/.local/lib/python3.12/site-packages/airflow/example_dags/example_task_group_decorator.py for tasks to queue
[2025-12-16T18:38:33.160+0000] {logging_mixin.py:190} INFO - [2025-12-16T18:38:33.160+0000] {dagbag.py:588} INFO - Filling up the DagBag from /home/airflow/.local/lib/python3.12/site-packages/airflow/example_dags/example_task_group_decorator.py
[2025-12-16T18:38:33.181+0000] {processor.py:925} INFO - DAG(s) 'example_task_group_decorator' retrieved from /home/airflow/.local/lib/python3.12/site-packages/airflow/example_dags/example_task_group_decorator.py
[2025-12-16T18:38:33.212+0000] {logging_mixin.py:190} INFO - [2025-12-16T18:38:33.212+0000] {dag.py:3239} INFO - Sync 1 DAGs
[2025-12-16T18:38:33.230+0000] {logging_mixin.py:190} INFO - [2025-12-16T18:38:33.230+0000] {dag.py:4180} INFO - Setting next_dagrun for example_task_group_decorator to None, run_after=None
[2025-12-16T18:38:33.251+0000] {processor.py:208} INFO - Processing /home/airflow/.local/lib/python3.12/site-packages/airflow/example_dags/example_task_group_decorator.py took 0.102 seconds
[2025-12-16T18:39:04.063+0000] {processor.py:186} INFO - Started process (PID=5637) to work on /home/airflow/.local/lib/python3.12/site-packages/airflow/example_dags/example_task_group_decorator.py
[2025-12-16T18:39:04.064+0000] {processor.py:914} INFO - Processing file /home/airflow/.local/lib/python3.12/site-packages/airflow/example_dags/example_task_group_decorator.py for tasks to queue
[2025-12-16T18:39:04.067+0000] {logging_mixin.py:190} INFO - [2025-12-16T18:39:04.067+0000] {dagbag.py:588} INFO - Filling up the DagBag from /home/airflow/.local/lib/python3.12/site-packages/airflow/example_dags/example_task_group_decorator.py
[2025-12-16T18:39:04.088+0000] {processor.py:925} INFO - DAG(s) 'example_task_group_decorator' retrieved from /home/airflow/.local/lib/python3.12/site-packages/airflow/example_dags/example_task_group_decorator.py
[2025-12-16T18:39:04.117+0000] {logging_mixin.py:190} INFO - [2025-12-16T18:39:04.117+0000] {dag.py:3239} INFO - Sync 1 DAGs
[2025-12-16T18:39:04.135+0000] {logging_mixin.py:190} INFO - [2025-12-16T18:39:04.135+0000] {dag.py:4180} INFO - Setting next_dagrun for example_task_group_decorator to None, run_after=None
[2025-12-16T18:39:04.157+0000] {processor.py:208} INFO - Processing /home/airflow/.local/lib/python3.12/site-packages/airflow/example_dags/example_task_group_decorator.py took 0.102 seconds
[2025-12-16T18:39:35.408+0000] {processor.py:186} INFO - Started process (PID=5926) to work on /home/airflow/.local/lib/python3.12/site-packages/airflow/example_dags/example_task_group_decorator.py
[2025-12-16T18:39:35.409+0000] {processor.py:914} INFO - Processing file /home/airflow/.local/lib/python3.12/site-packages/airflow/example_dags/example_task_group_decorator.py for tasks to queue
[2025-12-16T18:39:35.412+0000] {logging_mixin.py:190} INFO - [2025-12-16T18:39:35.411+0000] {dagbag.py:588} INFO - Filling up the DagBag from /home/airflow/.local/lib/python3.12/site-packages/airflow/example_dags/example_task_group_decorator.py
[2025-12-16T18:39:35.431+0000] {processor.py:925} INFO - DAG(s) 'example_task_group_decorator' retrieved from /home/airflow/.local/lib/python3.12/site-packages/airflow/example_dags/example_task_group_decorator.py
[2025-12-16T18:39:35.461+0000] {logging_mixin.py:190} INFO - [2025-12-16T18:39:35.460+0000] {dag.py:3239} INFO - Sync 1 DAGs
[2025-12-16T18:39:35.478+0000] {logging_mixin.py:190} INFO - [2025-12-16T18:39:35.478+0000] {dag.py:4180} INFO - Setting next_dagrun for example_task_group_decorator to None, run_after=None
[2025-12-16T18:39:35.499+0000] {processor.py:208} INFO - Processing /home/airflow/.local/lib/python3.12/site-packages/airflow/example_dags/example_task_group_decorator.py took 0.099 seconds
[2025-12-16T18:40:06.250+0000] {processor.py:186} INFO - Started process (PID=6217) to work on /home/airflow/.local/lib/python3.12/site-packages/airflow/example_dags/example_task_group_decorator.py
[2025-12-16T18:40:06.251+0000] {processor.py:914} INFO - Processing file /home/airflow/.local/lib/python3.12/site-packages/airflow/example_dags/example_task_group_decorator.py for tasks to queue
[2025-12-16T18:40:06.254+0000] {logging_mixin.py:190} INFO - [2025-12-16T18:40:06.254+0000] {dagbag.py:588} INFO - Filling up the DagBag from /home/airflow/.local/lib/python3.12/site-packages/airflow/example_dags/example_task_group_decorator.py
[2025-12-16T18:40:06.274+0000] {processor.py:925} INFO - DAG(s) 'example_task_group_decorator' retrieved from /home/airflow/.local/lib/python3.12/site-packages/airflow/example_dags/example_task_group_decorator.py
[2025-12-16T18:40:06.303+0000] {logging_mixin.py:190} INFO - [2025-12-16T18:40:06.303+0000] {dag.py:3239} INFO - Sync 1 DAGs
[2025-12-16T18:40:06.320+0000] {logging_mixin.py:190} INFO - [2025-12-16T18:40:06.320+0000] {dag.py:4180} INFO - Setting next_dagrun for example_task_group_decorator to None, run_after=None
[2025-12-16T18:40:06.341+0000] {processor.py:208} INFO - Processing /home/airflow/.local/lib/python3.12/site-packages/airflow/example_dags/example_task_group_decorator.py took 0.098 seconds
[2025-12-16T18:40:38.503+0000] {processor.py:186} INFO - Started process (PID=6508) to work on /home/airflow/.local/lib/python3.12/site-packages/airflow/example_dags/example_task_group_decorator.py
[2025-12-16T18:40:38.505+0000] {processor.py:914} INFO - Processing file /home/airflow/.local/lib/python3.12/site-packages/airflow/example_dags/example_task_group_decorator.py for tasks to queue
[2025-12-16T18:40:38.510+0000] {logging_mixin.py:190} INFO - [2025-12-16T18:40:38.510+0000] {dagbag.py:588} INFO - Filling up the DagBag from /home/airflow/.local/lib/python3.12/site-packages/airflow/example_dags/example_task_group_decorator.py
[2025-12-16T18:40:38.532+0000] {processor.py:925} INFO - DAG(s) 'example_task_group_decorator' retrieved from /home/airflow/.local/lib/python3.12/site-packages/airflow/example_dags/example_task_group_decorator.py
[2025-12-16T18:40:38.566+0000] {logging_mixin.py:190} INFO - [2025-12-16T18:40:38.566+0000] {dag.py:3239} INFO - Sync 1 DAGs
[2025-12-16T18:40:38.586+0000] {logging_mixin.py:190} INFO - [2025-12-16T18:40:38.586+0000] {dag.py:4180} INFO - Setting next_dagrun for example_task_group_decorator to None, run_after=None
[2025-12-16T18:40:38.608+0000] {processor.py:208} INFO - Processing /home/airflow/.local/lib/python3.12/site-packages/airflow/example_dags/example_task_group_decorator.py took 0.113 seconds
