[2025-12-16T18:26:47.517+0000] {processor.py:186} INFO - Started process (PID=347) to work on /home/airflow/.local/lib/python3.12/site-packages/airflow/example_dags/example_python_operator.py
[2025-12-16T18:26:47.518+0000] {processor.py:914} INFO - Processing file /home/airflow/.local/lib/python3.12/site-packages/airflow/example_dags/example_python_operator.py for tasks to queue
[2025-12-16T18:26:47.521+0000] {logging_mixin.py:190} INFO - [2025-12-16T18:26:47.520+0000] {dagbag.py:588} INFO - Filling up the DagBag from /home/airflow/.local/lib/python3.12/site-packages/airflow/example_dags/example_python_operator.py
[2025-12-16T18:26:47.539+0000] {processor.py:925} INFO - DAG(s) 'example_python_operator' retrieved from /home/airflow/.local/lib/python3.12/site-packages/airflow/example_dags/example_python_operator.py
[2025-12-16T18:26:47.685+0000] {logging_mixin.py:190} INFO - [2025-12-16T18:26:47.684+0000] {override.py:1911} INFO - Created Permission View: can read on DAG:example_python_operator
[2025-12-16T18:26:47.698+0000] {logging_mixin.py:190} INFO - [2025-12-16T18:26:47.697+0000] {override.py:1911} INFO - Created Permission View: can delete on DAG:example_python_operator
[2025-12-16T18:26:47.705+0000] {logging_mixin.py:190} INFO - [2025-12-16T18:26:47.704+0000] {override.py:1911} INFO - Created Permission View: can edit on DAG:example_python_operator
[2025-12-16T18:26:47.713+0000] {logging_mixin.py:190} INFO - [2025-12-16T18:26:47.712+0000] {override.py:1911} INFO - Created Permission View: can read on DAG Run:example_python_operator
[2025-12-16T18:26:47.719+0000] {logging_mixin.py:190} INFO - [2025-12-16T18:26:47.719+0000] {override.py:1911} INFO - Created Permission View: can create on DAG Run:example_python_operator
[2025-12-16T18:26:47.725+0000] {logging_mixin.py:190} INFO - [2025-12-16T18:26:47.725+0000] {override.py:1911} INFO - Created Permission View: menu access on DAG Run:example_python_operator
[2025-12-16T18:26:47.733+0000] {logging_mixin.py:190} INFO - [2025-12-16T18:26:47.733+0000] {override.py:1911} INFO - Created Permission View: can delete on DAG Run:example_python_operator
[2025-12-16T18:26:47.734+0000] {logging_mixin.py:190} INFO - [2025-12-16T18:26:47.734+0000] {dag.py:3239} INFO - Sync 1 DAGs
[2025-12-16T18:26:47.749+0000] {logging_mixin.py:190} INFO - [2025-12-16T18:26:47.748+0000] {dag.py:3262} INFO - Creating ORM DAG for example_python_operator
[2025-12-16T18:26:47.749+0000] {logging_mixin.py:190} INFO - [2025-12-16T18:26:47.749+0000] {dag.py:4180} INFO - Setting next_dagrun for example_python_operator to None, run_after=None
[2025-12-16T18:26:47.769+0000] {processor.py:208} INFO - Processing /home/airflow/.local/lib/python3.12/site-packages/airflow/example_dags/example_python_operator.py took 0.260 seconds
[2025-12-16T18:27:18.728+0000] {processor.py:186} INFO - Started process (PID=638) to work on /home/airflow/.local/lib/python3.12/site-packages/airflow/example_dags/example_python_operator.py
[2025-12-16T18:27:18.730+0000] {processor.py:914} INFO - Processing file /home/airflow/.local/lib/python3.12/site-packages/airflow/example_dags/example_python_operator.py for tasks to queue
[2025-12-16T18:27:18.734+0000] {logging_mixin.py:190} INFO - [2025-12-16T18:27:18.733+0000] {dagbag.py:588} INFO - Filling up the DagBag from /home/airflow/.local/lib/python3.12/site-packages/airflow/example_dags/example_python_operator.py
[2025-12-16T18:27:18.757+0000] {processor.py:925} INFO - DAG(s) 'example_python_operator' retrieved from /home/airflow/.local/lib/python3.12/site-packages/airflow/example_dags/example_python_operator.py
[2025-12-16T18:27:18.799+0000] {logging_mixin.py:190} INFO - [2025-12-16T18:27:18.798+0000] {dag.py:3239} INFO - Sync 1 DAGs
[2025-12-16T18:27:18.822+0000] {logging_mixin.py:190} INFO - [2025-12-16T18:27:18.821+0000] {dag.py:4180} INFO - Setting next_dagrun for example_python_operator to None, run_after=None
[2025-12-16T18:27:18.849+0000] {processor.py:208} INFO - Processing /home/airflow/.local/lib/python3.12/site-packages/airflow/example_dags/example_python_operator.py took 0.132 seconds
[2025-12-16T18:27:49.439+0000] {processor.py:186} INFO - Started process (PID=929) to work on /home/airflow/.local/lib/python3.12/site-packages/airflow/example_dags/example_python_operator.py
[2025-12-16T18:27:49.440+0000] {processor.py:914} INFO - Processing file /home/airflow/.local/lib/python3.12/site-packages/airflow/example_dags/example_python_operator.py for tasks to queue
[2025-12-16T18:27:49.443+0000] {logging_mixin.py:190} INFO - [2025-12-16T18:27:49.442+0000] {dagbag.py:588} INFO - Filling up the DagBag from /home/airflow/.local/lib/python3.12/site-packages/airflow/example_dags/example_python_operator.py
[2025-12-16T18:27:49.460+0000] {processor.py:925} INFO - DAG(s) 'example_python_operator' retrieved from /home/airflow/.local/lib/python3.12/site-packages/airflow/example_dags/example_python_operator.py
[2025-12-16T18:27:49.489+0000] {logging_mixin.py:190} INFO - [2025-12-16T18:27:49.489+0000] {dag.py:3239} INFO - Sync 1 DAGs
[2025-12-16T18:27:49.509+0000] {logging_mixin.py:190} INFO - [2025-12-16T18:27:49.508+0000] {dag.py:4180} INFO - Setting next_dagrun for example_python_operator to None, run_after=None
[2025-12-16T18:27:49.531+0000] {processor.py:208} INFO - Processing /home/airflow/.local/lib/python3.12/site-packages/airflow/example_dags/example_python_operator.py took 0.101 seconds
[2025-12-16T18:29:42.727+0000] {processor.py:186} INFO - Started process (PID=347) to work on /home/airflow/.local/lib/python3.12/site-packages/airflow/example_dags/example_python_operator.py
[2025-12-16T18:29:42.728+0000] {processor.py:914} INFO - Processing file /home/airflow/.local/lib/python3.12/site-packages/airflow/example_dags/example_python_operator.py for tasks to queue
[2025-12-16T18:29:42.731+0000] {logging_mixin.py:190} INFO - [2025-12-16T18:29:42.731+0000] {dagbag.py:588} INFO - Filling up the DagBag from /home/airflow/.local/lib/python3.12/site-packages/airflow/example_dags/example_python_operator.py
[2025-12-16T18:29:42.748+0000] {processor.py:925} INFO - DAG(s) 'example_python_operator' retrieved from /home/airflow/.local/lib/python3.12/site-packages/airflow/example_dags/example_python_operator.py
[2025-12-16T18:29:42.887+0000] {logging_mixin.py:190} INFO - [2025-12-16T18:29:42.886+0000] {dag.py:3239} INFO - Sync 1 DAGs
[2025-12-16T18:29:42.902+0000] {logging_mixin.py:190} INFO - [2025-12-16T18:29:42.901+0000] {dag.py:4180} INFO - Setting next_dagrun for example_python_operator to None, run_after=None
[2025-12-16T18:29:43.062+0000] {processor.py:208} INFO - Processing /home/airflow/.local/lib/python3.12/site-packages/airflow/example_dags/example_python_operator.py took 0.343 seconds
[2025-12-16T18:30:14.968+0000] {processor.py:186} INFO - Started process (PID=638) to work on /home/airflow/.local/lib/python3.12/site-packages/airflow/example_dags/example_python_operator.py
[2025-12-16T18:30:14.970+0000] {processor.py:914} INFO - Processing file /home/airflow/.local/lib/python3.12/site-packages/airflow/example_dags/example_python_operator.py for tasks to queue
[2025-12-16T18:30:14.973+0000] {logging_mixin.py:190} INFO - [2025-12-16T18:30:14.972+0000] {dagbag.py:588} INFO - Filling up the DagBag from /home/airflow/.local/lib/python3.12/site-packages/airflow/example_dags/example_python_operator.py
[2025-12-16T18:30:14.989+0000] {processor.py:925} INFO - DAG(s) 'example_python_operator' retrieved from /home/airflow/.local/lib/python3.12/site-packages/airflow/example_dags/example_python_operator.py
[2025-12-16T18:30:15.015+0000] {logging_mixin.py:190} INFO - [2025-12-16T18:30:15.014+0000] {dag.py:3239} INFO - Sync 1 DAGs
[2025-12-16T18:30:15.032+0000] {logging_mixin.py:190} INFO - [2025-12-16T18:30:15.031+0000] {dag.py:4180} INFO - Setting next_dagrun for example_python_operator to None, run_after=None
[2025-12-16T18:30:15.052+0000] {processor.py:208} INFO - Processing /home/airflow/.local/lib/python3.12/site-packages/airflow/example_dags/example_python_operator.py took 0.091 seconds
[2025-12-16T18:30:45.222+0000] {processor.py:186} INFO - Started process (PID=929) to work on /home/airflow/.local/lib/python3.12/site-packages/airflow/example_dags/example_python_operator.py
[2025-12-16T18:30:45.224+0000] {processor.py:914} INFO - Processing file /home/airflow/.local/lib/python3.12/site-packages/airflow/example_dags/example_python_operator.py for tasks to queue
[2025-12-16T18:30:45.227+0000] {logging_mixin.py:190} INFO - [2025-12-16T18:30:45.226+0000] {dagbag.py:588} INFO - Filling up the DagBag from /home/airflow/.local/lib/python3.12/site-packages/airflow/example_dags/example_python_operator.py
[2025-12-16T18:30:45.245+0000] {processor.py:925} INFO - DAG(s) 'example_python_operator' retrieved from /home/airflow/.local/lib/python3.12/site-packages/airflow/example_dags/example_python_operator.py
[2025-12-16T18:30:45.270+0000] {logging_mixin.py:190} INFO - [2025-12-16T18:30:45.270+0000] {dag.py:3239} INFO - Sync 1 DAGs
[2025-12-16T18:30:45.287+0000] {logging_mixin.py:190} INFO - [2025-12-16T18:30:45.287+0000] {dag.py:4180} INFO - Setting next_dagrun for example_python_operator to None, run_after=None
[2025-12-16T18:30:45.308+0000] {processor.py:208} INFO - Processing /home/airflow/.local/lib/python3.12/site-packages/airflow/example_dags/example_python_operator.py took 0.093 seconds
[2025-12-16T18:31:17.071+0000] {processor.py:186} INFO - Started process (PID=1217) to work on /home/airflow/.local/lib/python3.12/site-packages/airflow/example_dags/example_python_operator.py
[2025-12-16T18:31:17.072+0000] {processor.py:914} INFO - Processing file /home/airflow/.local/lib/python3.12/site-packages/airflow/example_dags/example_python_operator.py for tasks to queue
[2025-12-16T18:31:17.075+0000] {logging_mixin.py:190} INFO - [2025-12-16T18:31:17.074+0000] {dagbag.py:588} INFO - Filling up the DagBag from /home/airflow/.local/lib/python3.12/site-packages/airflow/example_dags/example_python_operator.py
[2025-12-16T18:31:17.090+0000] {processor.py:925} INFO - DAG(s) 'example_python_operator' retrieved from /home/airflow/.local/lib/python3.12/site-packages/airflow/example_dags/example_python_operator.py
[2025-12-16T18:31:17.115+0000] {logging_mixin.py:190} INFO - [2025-12-16T18:31:17.115+0000] {dag.py:3239} INFO - Sync 1 DAGs
[2025-12-16T18:31:17.132+0000] {logging_mixin.py:190} INFO - [2025-12-16T18:31:17.132+0000] {dag.py:4180} INFO - Setting next_dagrun for example_python_operator to None, run_after=None
[2025-12-16T18:31:17.151+0000] {processor.py:208} INFO - Processing /home/airflow/.local/lib/python3.12/site-packages/airflow/example_dags/example_python_operator.py took 0.087 seconds
[2025-12-16T18:31:47.677+0000] {processor.py:186} INFO - Started process (PID=1506) to work on /home/airflow/.local/lib/python3.12/site-packages/airflow/example_dags/example_python_operator.py
[2025-12-16T18:31:47.678+0000] {processor.py:914} INFO - Processing file /home/airflow/.local/lib/python3.12/site-packages/airflow/example_dags/example_python_operator.py for tasks to queue
[2025-12-16T18:31:47.681+0000] {logging_mixin.py:190} INFO - [2025-12-16T18:31:47.681+0000] {dagbag.py:588} INFO - Filling up the DagBag from /home/airflow/.local/lib/python3.12/site-packages/airflow/example_dags/example_python_operator.py
[2025-12-16T18:31:47.698+0000] {processor.py:925} INFO - DAG(s) 'example_python_operator' retrieved from /home/airflow/.local/lib/python3.12/site-packages/airflow/example_dags/example_python_operator.py
[2025-12-16T18:31:47.728+0000] {logging_mixin.py:190} INFO - [2025-12-16T18:31:47.727+0000] {dag.py:3239} INFO - Sync 1 DAGs
[2025-12-16T18:31:47.750+0000] {logging_mixin.py:190} INFO - [2025-12-16T18:31:47.750+0000] {dag.py:4180} INFO - Setting next_dagrun for example_python_operator to None, run_after=None
[2025-12-16T18:31:47.774+0000] {processor.py:208} INFO - Processing /home/airflow/.local/lib/python3.12/site-packages/airflow/example_dags/example_python_operator.py took 0.105 seconds
[2025-12-16T18:32:18.304+0000] {processor.py:186} INFO - Started process (PID=1797) to work on /home/airflow/.local/lib/python3.12/site-packages/airflow/example_dags/example_python_operator.py
[2025-12-16T18:32:18.306+0000] {processor.py:914} INFO - Processing file /home/airflow/.local/lib/python3.12/site-packages/airflow/example_dags/example_python_operator.py for tasks to queue
[2025-12-16T18:32:18.309+0000] {logging_mixin.py:190} INFO - [2025-12-16T18:32:18.309+0000] {dagbag.py:588} INFO - Filling up the DagBag from /home/airflow/.local/lib/python3.12/site-packages/airflow/example_dags/example_python_operator.py
[2025-12-16T18:32:18.328+0000] {processor.py:925} INFO - DAG(s) 'example_python_operator' retrieved from /home/airflow/.local/lib/python3.12/site-packages/airflow/example_dags/example_python_operator.py
[2025-12-16T18:32:18.356+0000] {logging_mixin.py:190} INFO - [2025-12-16T18:32:18.355+0000] {dag.py:3239} INFO - Sync 1 DAGs
[2025-12-16T18:32:18.375+0000] {logging_mixin.py:190} INFO - [2025-12-16T18:32:18.375+0000] {dag.py:4180} INFO - Setting next_dagrun for example_python_operator to None, run_after=None
[2025-12-16T18:32:18.397+0000] {processor.py:208} INFO - Processing /home/airflow/.local/lib/python3.12/site-packages/airflow/example_dags/example_python_operator.py took 0.102 seconds
[2025-12-16T18:32:49.427+0000] {processor.py:186} INFO - Started process (PID=2088) to work on /home/airflow/.local/lib/python3.12/site-packages/airflow/example_dags/example_python_operator.py
[2025-12-16T18:32:49.428+0000] {processor.py:914} INFO - Processing file /home/airflow/.local/lib/python3.12/site-packages/airflow/example_dags/example_python_operator.py for tasks to queue
[2025-12-16T18:32:49.431+0000] {logging_mixin.py:190} INFO - [2025-12-16T18:32:49.431+0000] {dagbag.py:588} INFO - Filling up the DagBag from /home/airflow/.local/lib/python3.12/site-packages/airflow/example_dags/example_python_operator.py
[2025-12-16T18:32:49.448+0000] {processor.py:925} INFO - DAG(s) 'example_python_operator' retrieved from /home/airflow/.local/lib/python3.12/site-packages/airflow/example_dags/example_python_operator.py
[2025-12-16T18:32:49.475+0000] {logging_mixin.py:190} INFO - [2025-12-16T18:32:49.475+0000] {dag.py:3239} INFO - Sync 1 DAGs
[2025-12-16T18:32:49.494+0000] {logging_mixin.py:190} INFO - [2025-12-16T18:32:49.494+0000] {dag.py:4180} INFO - Setting next_dagrun for example_python_operator to None, run_after=None
[2025-12-16T18:32:49.516+0000] {processor.py:208} INFO - Processing /home/airflow/.local/lib/python3.12/site-packages/airflow/example_dags/example_python_operator.py took 0.098 seconds
[2025-12-16T18:33:20.889+0000] {processor.py:186} INFO - Started process (PID=2379) to work on /home/airflow/.local/lib/python3.12/site-packages/airflow/example_dags/example_python_operator.py
[2025-12-16T18:33:20.890+0000] {processor.py:914} INFO - Processing file /home/airflow/.local/lib/python3.12/site-packages/airflow/example_dags/example_python_operator.py for tasks to queue
[2025-12-16T18:33:20.893+0000] {logging_mixin.py:190} INFO - [2025-12-16T18:33:20.893+0000] {dagbag.py:588} INFO - Filling up the DagBag from /home/airflow/.local/lib/python3.12/site-packages/airflow/example_dags/example_python_operator.py
[2025-12-16T18:33:20.911+0000] {processor.py:925} INFO - DAG(s) 'example_python_operator' retrieved from /home/airflow/.local/lib/python3.12/site-packages/airflow/example_dags/example_python_operator.py
[2025-12-16T18:33:20.940+0000] {logging_mixin.py:190} INFO - [2025-12-16T18:33:20.939+0000] {dag.py:3239} INFO - Sync 1 DAGs
[2025-12-16T18:33:20.959+0000] {logging_mixin.py:190} INFO - [2025-12-16T18:33:20.959+0000] {dag.py:4180} INFO - Setting next_dagrun for example_python_operator to None, run_after=None
[2025-12-16T18:33:20.982+0000] {processor.py:208} INFO - Processing /home/airflow/.local/lib/python3.12/site-packages/airflow/example_dags/example_python_operator.py took 0.100 seconds
[2025-12-16T18:33:51.889+0000] {processor.py:186} INFO - Started process (PID=2670) to work on /home/airflow/.local/lib/python3.12/site-packages/airflow/example_dags/example_python_operator.py
[2025-12-16T18:33:51.890+0000] {processor.py:914} INFO - Processing file /home/airflow/.local/lib/python3.12/site-packages/airflow/example_dags/example_python_operator.py for tasks to queue
[2025-12-16T18:33:51.893+0000] {logging_mixin.py:190} INFO - [2025-12-16T18:33:51.892+0000] {dagbag.py:588} INFO - Filling up the DagBag from /home/airflow/.local/lib/python3.12/site-packages/airflow/example_dags/example_python_operator.py
[2025-12-16T18:33:51.908+0000] {processor.py:925} INFO - DAG(s) 'example_python_operator' retrieved from /home/airflow/.local/lib/python3.12/site-packages/airflow/example_dags/example_python_operator.py
[2025-12-16T18:33:51.933+0000] {logging_mixin.py:190} INFO - [2025-12-16T18:33:51.933+0000] {dag.py:3239} INFO - Sync 1 DAGs
[2025-12-16T18:33:51.950+0000] {logging_mixin.py:190} INFO - [2025-12-16T18:33:51.950+0000] {dag.py:4180} INFO - Setting next_dagrun for example_python_operator to None, run_after=None
[2025-12-16T18:33:51.971+0000] {processor.py:208} INFO - Processing /home/airflow/.local/lib/python3.12/site-packages/airflow/example_dags/example_python_operator.py took 0.089 seconds
[2025-12-16T18:34:22.830+0000] {processor.py:186} INFO - Started process (PID=2961) to work on /home/airflow/.local/lib/python3.12/site-packages/airflow/example_dags/example_python_operator.py
[2025-12-16T18:34:22.831+0000] {processor.py:914} INFO - Processing file /home/airflow/.local/lib/python3.12/site-packages/airflow/example_dags/example_python_operator.py for tasks to queue
[2025-12-16T18:34:22.834+0000] {logging_mixin.py:190} INFO - [2025-12-16T18:34:22.833+0000] {dagbag.py:588} INFO - Filling up the DagBag from /home/airflow/.local/lib/python3.12/site-packages/airflow/example_dags/example_python_operator.py
[2025-12-16T18:34:22.851+0000] {processor.py:925} INFO - DAG(s) 'example_python_operator' retrieved from /home/airflow/.local/lib/python3.12/site-packages/airflow/example_dags/example_python_operator.py
[2025-12-16T18:34:22.876+0000] {logging_mixin.py:190} INFO - [2025-12-16T18:34:22.876+0000] {dag.py:3239} INFO - Sync 1 DAGs
[2025-12-16T18:34:22.894+0000] {logging_mixin.py:190} INFO - [2025-12-16T18:34:22.893+0000] {dag.py:4180} INFO - Setting next_dagrun for example_python_operator to None, run_after=None
[2025-12-16T18:34:22.914+0000] {processor.py:208} INFO - Processing /home/airflow/.local/lib/python3.12/site-packages/airflow/example_dags/example_python_operator.py took 0.092 seconds
[2025-12-16T18:34:53.984+0000] {processor.py:186} INFO - Started process (PID=3252) to work on /home/airflow/.local/lib/python3.12/site-packages/airflow/example_dags/example_python_operator.py
[2025-12-16T18:34:53.985+0000] {processor.py:914} INFO - Processing file /home/airflow/.local/lib/python3.12/site-packages/airflow/example_dags/example_python_operator.py for tasks to queue
[2025-12-16T18:34:53.988+0000] {logging_mixin.py:190} INFO - [2025-12-16T18:34:53.988+0000] {dagbag.py:588} INFO - Filling up the DagBag from /home/airflow/.local/lib/python3.12/site-packages/airflow/example_dags/example_python_operator.py
[2025-12-16T18:34:54.004+0000] {processor.py:925} INFO - DAG(s) 'example_python_operator' retrieved from /home/airflow/.local/lib/python3.12/site-packages/airflow/example_dags/example_python_operator.py
[2025-12-16T18:34:54.029+0000] {logging_mixin.py:190} INFO - [2025-12-16T18:34:54.029+0000] {dag.py:3239} INFO - Sync 1 DAGs
[2025-12-16T18:34:54.046+0000] {logging_mixin.py:190} INFO - [2025-12-16T18:34:54.046+0000] {dag.py:4180} INFO - Setting next_dagrun for example_python_operator to None, run_after=None
[2025-12-16T18:34:54.065+0000] {processor.py:208} INFO - Processing /home/airflow/.local/lib/python3.12/site-packages/airflow/example_dags/example_python_operator.py took 0.088 seconds
[2025-12-16T18:35:25.315+0000] {processor.py:186} INFO - Started process (PID=3543) to work on /home/airflow/.local/lib/python3.12/site-packages/airflow/example_dags/example_python_operator.py
[2025-12-16T18:35:25.316+0000] {processor.py:914} INFO - Processing file /home/airflow/.local/lib/python3.12/site-packages/airflow/example_dags/example_python_operator.py for tasks to queue
[2025-12-16T18:35:25.319+0000] {logging_mixin.py:190} INFO - [2025-12-16T18:35:25.318+0000] {dagbag.py:588} INFO - Filling up the DagBag from /home/airflow/.local/lib/python3.12/site-packages/airflow/example_dags/example_python_operator.py
[2025-12-16T18:35:25.335+0000] {processor.py:925} INFO - DAG(s) 'example_python_operator' retrieved from /home/airflow/.local/lib/python3.12/site-packages/airflow/example_dags/example_python_operator.py
[2025-12-16T18:35:25.363+0000] {logging_mixin.py:190} INFO - [2025-12-16T18:35:25.362+0000] {dag.py:3239} INFO - Sync 1 DAGs
[2025-12-16T18:35:25.381+0000] {logging_mixin.py:190} INFO - [2025-12-16T18:35:25.381+0000] {dag.py:4180} INFO - Setting next_dagrun for example_python_operator to None, run_after=None
[2025-12-16T18:35:25.403+0000] {processor.py:208} INFO - Processing /home/airflow/.local/lib/python3.12/site-packages/airflow/example_dags/example_python_operator.py took 0.096 seconds
[2025-12-16T18:35:56.546+0000] {processor.py:186} INFO - Started process (PID=3834) to work on /home/airflow/.local/lib/python3.12/site-packages/airflow/example_dags/example_python_operator.py
[2025-12-16T18:35:56.548+0000] {processor.py:914} INFO - Processing file /home/airflow/.local/lib/python3.12/site-packages/airflow/example_dags/example_python_operator.py for tasks to queue
[2025-12-16T18:35:56.550+0000] {logging_mixin.py:190} INFO - [2025-12-16T18:35:56.550+0000] {dagbag.py:588} INFO - Filling up the DagBag from /home/airflow/.local/lib/python3.12/site-packages/airflow/example_dags/example_python_operator.py
[2025-12-16T18:35:56.566+0000] {processor.py:925} INFO - DAG(s) 'example_python_operator' retrieved from /home/airflow/.local/lib/python3.12/site-packages/airflow/example_dags/example_python_operator.py
[2025-12-16T18:35:56.592+0000] {logging_mixin.py:190} INFO - [2025-12-16T18:35:56.592+0000] {dag.py:3239} INFO - Sync 1 DAGs
[2025-12-16T18:35:56.609+0000] {logging_mixin.py:190} INFO - [2025-12-16T18:35:56.609+0000] {dag.py:4180} INFO - Setting next_dagrun for example_python_operator to None, run_after=None
[2025-12-16T18:35:56.630+0000] {processor.py:208} INFO - Processing /home/airflow/.local/lib/python3.12/site-packages/airflow/example_dags/example_python_operator.py took 0.092 seconds
[2025-12-16T18:36:27.668+0000] {processor.py:186} INFO - Started process (PID=4125) to work on /home/airflow/.local/lib/python3.12/site-packages/airflow/example_dags/example_python_operator.py
[2025-12-16T18:36:27.669+0000] {processor.py:914} INFO - Processing file /home/airflow/.local/lib/python3.12/site-packages/airflow/example_dags/example_python_operator.py for tasks to queue
[2025-12-16T18:36:27.672+0000] {logging_mixin.py:190} INFO - [2025-12-16T18:36:27.671+0000] {dagbag.py:588} INFO - Filling up the DagBag from /home/airflow/.local/lib/python3.12/site-packages/airflow/example_dags/example_python_operator.py
[2025-12-16T18:36:27.688+0000] {processor.py:925} INFO - DAG(s) 'example_python_operator' retrieved from /home/airflow/.local/lib/python3.12/site-packages/airflow/example_dags/example_python_operator.py
[2025-12-16T18:36:27.714+0000] {logging_mixin.py:190} INFO - [2025-12-16T18:36:27.714+0000] {dag.py:3239} INFO - Sync 1 DAGs
[2025-12-16T18:36:27.733+0000] {logging_mixin.py:190} INFO - [2025-12-16T18:36:27.732+0000] {dag.py:4180} INFO - Setting next_dagrun for example_python_operator to None, run_after=None
[2025-12-16T18:36:27.754+0000] {processor.py:208} INFO - Processing /home/airflow/.local/lib/python3.12/site-packages/airflow/example_dags/example_python_operator.py took 0.094 seconds
[2025-12-16T18:36:58.766+0000] {processor.py:186} INFO - Started process (PID=4416) to work on /home/airflow/.local/lib/python3.12/site-packages/airflow/example_dags/example_python_operator.py
[2025-12-16T18:36:58.767+0000] {processor.py:914} INFO - Processing file /home/airflow/.local/lib/python3.12/site-packages/airflow/example_dags/example_python_operator.py for tasks to queue
[2025-12-16T18:36:58.770+0000] {logging_mixin.py:190} INFO - [2025-12-16T18:36:58.769+0000] {dagbag.py:588} INFO - Filling up the DagBag from /home/airflow/.local/lib/python3.12/site-packages/airflow/example_dags/example_python_operator.py
[2025-12-16T18:36:58.787+0000] {processor.py:925} INFO - DAG(s) 'example_python_operator' retrieved from /home/airflow/.local/lib/python3.12/site-packages/airflow/example_dags/example_python_operator.py
[2025-12-16T18:36:58.814+0000] {logging_mixin.py:190} INFO - [2025-12-16T18:36:58.814+0000] {dag.py:3239} INFO - Sync 1 DAGs
[2025-12-16T18:36:58.832+0000] {logging_mixin.py:190} INFO - [2025-12-16T18:36:58.831+0000] {dag.py:4180} INFO - Setting next_dagrun for example_python_operator to None, run_after=None
[2025-12-16T18:36:58.851+0000] {processor.py:208} INFO - Processing /home/airflow/.local/lib/python3.12/site-packages/airflow/example_dags/example_python_operator.py took 0.094 seconds
[2025-12-16T18:37:29.910+0000] {processor.py:186} INFO - Started process (PID=4707) to work on /home/airflow/.local/lib/python3.12/site-packages/airflow/example_dags/example_python_operator.py
[2025-12-16T18:37:29.912+0000] {processor.py:914} INFO - Processing file /home/airflow/.local/lib/python3.12/site-packages/airflow/example_dags/example_python_operator.py for tasks to queue
[2025-12-16T18:37:29.914+0000] {logging_mixin.py:190} INFO - [2025-12-16T18:37:29.914+0000] {dagbag.py:588} INFO - Filling up the DagBag from /home/airflow/.local/lib/python3.12/site-packages/airflow/example_dags/example_python_operator.py
[2025-12-16T18:37:29.930+0000] {processor.py:925} INFO - DAG(s) 'example_python_operator' retrieved from /home/airflow/.local/lib/python3.12/site-packages/airflow/example_dags/example_python_operator.py
[2025-12-16T18:37:29.956+0000] {logging_mixin.py:190} INFO - [2025-12-16T18:37:29.956+0000] {dag.py:3239} INFO - Sync 1 DAGs
[2025-12-16T18:37:29.974+0000] {logging_mixin.py:190} INFO - [2025-12-16T18:37:29.974+0000] {dag.py:4180} INFO - Setting next_dagrun for example_python_operator to None, run_after=None
[2025-12-16T18:37:29.995+0000] {processor.py:208} INFO - Processing /home/airflow/.local/lib/python3.12/site-packages/airflow/example_dags/example_python_operator.py took 0.093 seconds
[2025-12-16T18:38:00.554+0000] {processor.py:186} INFO - Started process (PID=4998) to work on /home/airflow/.local/lib/python3.12/site-packages/airflow/example_dags/example_python_operator.py
[2025-12-16T18:38:00.555+0000] {processor.py:914} INFO - Processing file /home/airflow/.local/lib/python3.12/site-packages/airflow/example_dags/example_python_operator.py for tasks to queue
[2025-12-16T18:38:00.558+0000] {logging_mixin.py:190} INFO - [2025-12-16T18:38:00.558+0000] {dagbag.py:588} INFO - Filling up the DagBag from /home/airflow/.local/lib/python3.12/site-packages/airflow/example_dags/example_python_operator.py
[2025-12-16T18:38:00.575+0000] {processor.py:925} INFO - DAG(s) 'example_python_operator' retrieved from /home/airflow/.local/lib/python3.12/site-packages/airflow/example_dags/example_python_operator.py
[2025-12-16T18:38:00.602+0000] {logging_mixin.py:190} INFO - [2025-12-16T18:38:00.602+0000] {dag.py:3239} INFO - Sync 1 DAGs
[2025-12-16T18:38:00.621+0000] {logging_mixin.py:190} INFO - [2025-12-16T18:38:00.620+0000] {dag.py:4180} INFO - Setting next_dagrun for example_python_operator to None, run_after=None
[2025-12-16T18:38:00.641+0000] {processor.py:208} INFO - Processing /home/airflow/.local/lib/python3.12/site-packages/airflow/example_dags/example_python_operator.py took 0.096 seconds
[2025-12-16T18:38:31.877+0000] {processor.py:186} INFO - Started process (PID=5284) to work on /home/airflow/.local/lib/python3.12/site-packages/airflow/example_dags/example_python_operator.py
[2025-12-16T18:38:31.878+0000] {processor.py:914} INFO - Processing file /home/airflow/.local/lib/python3.12/site-packages/airflow/example_dags/example_python_operator.py for tasks to queue
[2025-12-16T18:38:31.881+0000] {logging_mixin.py:190} INFO - [2025-12-16T18:38:31.880+0000] {dagbag.py:588} INFO - Filling up the DagBag from /home/airflow/.local/lib/python3.12/site-packages/airflow/example_dags/example_python_operator.py
[2025-12-16T18:38:31.899+0000] {processor.py:925} INFO - DAG(s) 'example_python_operator' retrieved from /home/airflow/.local/lib/python3.12/site-packages/airflow/example_dags/example_python_operator.py
[2025-12-16T18:38:31.929+0000] {logging_mixin.py:190} INFO - [2025-12-16T18:38:31.929+0000] {dag.py:3239} INFO - Sync 1 DAGs
[2025-12-16T18:38:31.950+0000] {logging_mixin.py:190} INFO - [2025-12-16T18:38:31.950+0000] {dag.py:4180} INFO - Setting next_dagrun for example_python_operator to None, run_after=None
[2025-12-16T18:38:31.977+0000] {processor.py:208} INFO - Processing /home/airflow/.local/lib/python3.12/site-packages/airflow/example_dags/example_python_operator.py took 0.108 seconds
[2025-12-16T18:39:02.848+0000] {processor.py:186} INFO - Started process (PID=5575) to work on /home/airflow/.local/lib/python3.12/site-packages/airflow/example_dags/example_python_operator.py
[2025-12-16T18:39:02.850+0000] {processor.py:914} INFO - Processing file /home/airflow/.local/lib/python3.12/site-packages/airflow/example_dags/example_python_operator.py for tasks to queue
[2025-12-16T18:39:02.853+0000] {logging_mixin.py:190} INFO - [2025-12-16T18:39:02.852+0000] {dagbag.py:588} INFO - Filling up the DagBag from /home/airflow/.local/lib/python3.12/site-packages/airflow/example_dags/example_python_operator.py
[2025-12-16T18:39:02.870+0000] {processor.py:925} INFO - DAG(s) 'example_python_operator' retrieved from /home/airflow/.local/lib/python3.12/site-packages/airflow/example_dags/example_python_operator.py
[2025-12-16T18:39:02.897+0000] {logging_mixin.py:190} INFO - [2025-12-16T18:39:02.897+0000] {dag.py:3239} INFO - Sync 1 DAGs
[2025-12-16T18:39:02.916+0000] {logging_mixin.py:190} INFO - [2025-12-16T18:39:02.916+0000] {dag.py:4180} INFO - Setting next_dagrun for example_python_operator to None, run_after=None
[2025-12-16T18:39:02.936+0000] {processor.py:208} INFO - Processing /home/airflow/.local/lib/python3.12/site-packages/airflow/example_dags/example_python_operator.py took 0.097 seconds
[2025-12-16T18:39:34.334+0000] {processor.py:186} INFO - Started process (PID=5866) to work on /home/airflow/.local/lib/python3.12/site-packages/airflow/example_dags/example_python_operator.py
[2025-12-16T18:39:34.336+0000] {processor.py:914} INFO - Processing file /home/airflow/.local/lib/python3.12/site-packages/airflow/example_dags/example_python_operator.py for tasks to queue
[2025-12-16T18:39:34.338+0000] {logging_mixin.py:190} INFO - [2025-12-16T18:39:34.338+0000] {dagbag.py:588} INFO - Filling up the DagBag from /home/airflow/.local/lib/python3.12/site-packages/airflow/example_dags/example_python_operator.py
[2025-12-16T18:39:34.354+0000] {processor.py:925} INFO - DAG(s) 'example_python_operator' retrieved from /home/airflow/.local/lib/python3.12/site-packages/airflow/example_dags/example_python_operator.py
[2025-12-16T18:39:34.380+0000] {logging_mixin.py:190} INFO - [2025-12-16T18:39:34.380+0000] {dag.py:3239} INFO - Sync 1 DAGs
[2025-12-16T18:39:34.398+0000] {logging_mixin.py:190} INFO - [2025-12-16T18:39:34.397+0000] {dag.py:4180} INFO - Setting next_dagrun for example_python_operator to None, run_after=None
[2025-12-16T18:39:34.417+0000] {processor.py:208} INFO - Processing /home/airflow/.local/lib/python3.12/site-packages/airflow/example_dags/example_python_operator.py took 0.090 seconds
[2025-12-16T18:40:05.480+0000] {processor.py:186} INFO - Started process (PID=6157) to work on /home/airflow/.local/lib/python3.12/site-packages/airflow/example_dags/example_python_operator.py
[2025-12-16T18:40:05.481+0000] {processor.py:914} INFO - Processing file /home/airflow/.local/lib/python3.12/site-packages/airflow/example_dags/example_python_operator.py for tasks to queue
[2025-12-16T18:40:05.484+0000] {logging_mixin.py:190} INFO - [2025-12-16T18:40:05.483+0000] {dagbag.py:588} INFO - Filling up the DagBag from /home/airflow/.local/lib/python3.12/site-packages/airflow/example_dags/example_python_operator.py
[2025-12-16T18:40:05.501+0000] {processor.py:925} INFO - DAG(s) 'example_python_operator' retrieved from /home/airflow/.local/lib/python3.12/site-packages/airflow/example_dags/example_python_operator.py
[2025-12-16T18:40:05.526+0000] {logging_mixin.py:190} INFO - [2025-12-16T18:40:05.526+0000] {dag.py:3239} INFO - Sync 1 DAGs
[2025-12-16T18:40:05.546+0000] {logging_mixin.py:190} INFO - [2025-12-16T18:40:05.545+0000] {dag.py:4180} INFO - Setting next_dagrun for example_python_operator to None, run_after=None
[2025-12-16T18:40:05.565+0000] {processor.py:208} INFO - Processing /home/airflow/.local/lib/python3.12/site-packages/airflow/example_dags/example_python_operator.py took 0.093 seconds
[2025-12-16T18:40:37.727+0000] {processor.py:186} INFO - Started process (PID=6448) to work on /home/airflow/.local/lib/python3.12/site-packages/airflow/example_dags/example_python_operator.py
[2025-12-16T18:40:37.728+0000] {processor.py:914} INFO - Processing file /home/airflow/.local/lib/python3.12/site-packages/airflow/example_dags/example_python_operator.py for tasks to queue
[2025-12-16T18:40:37.731+0000] {logging_mixin.py:190} INFO - [2025-12-16T18:40:37.731+0000] {dagbag.py:588} INFO - Filling up the DagBag from /home/airflow/.local/lib/python3.12/site-packages/airflow/example_dags/example_python_operator.py
[2025-12-16T18:40:37.748+0000] {processor.py:925} INFO - DAG(s) 'example_python_operator' retrieved from /home/airflow/.local/lib/python3.12/site-packages/airflow/example_dags/example_python_operator.py
[2025-12-16T18:40:37.774+0000] {logging_mixin.py:190} INFO - [2025-12-16T18:40:37.774+0000] {dag.py:3239} INFO - Sync 1 DAGs
[2025-12-16T18:40:37.792+0000] {logging_mixin.py:190} INFO - [2025-12-16T18:40:37.792+0000] {dag.py:4180} INFO - Setting next_dagrun for example_python_operator to None, run_after=None
[2025-12-16T18:40:37.812+0000] {processor.py:208} INFO - Processing /home/airflow/.local/lib/python3.12/site-packages/airflow/example_dags/example_python_operator.py took 0.092 seconds
