[2025-12-16T18:26:40.514+0000] {processor.py:186} INFO - Started process (PID=251) to work on /home/airflow/.local/lib/python3.12/site-packages/airflow/example_dags/example_dataset_alias.py
[2025-12-16T18:26:40.515+0000] {processor.py:914} INFO - Processing file /home/airflow/.local/lib/python3.12/site-packages/airflow/example_dags/example_dataset_alias.py for tasks to queue
[2025-12-16T18:26:40.518+0000] {logging_mixin.py:190} INFO - [2025-12-16T18:26:40.517+0000] {dagbag.py:588} INFO - Filling up the DagBag from /home/airflow/.local/lib/python3.12/site-packages/airflow/example_dags/example_dataset_alias.py
[2025-12-16T18:26:42.917+0000] {processor.py:925} INFO - DAG(s) 'dataset_s3_bucket_producer', 'dataset_alias_example_alias_consumer', 'dataset_alias_example_alias_producer', 'dataset_s3_bucket_consumer' retrieved from /home/airflow/.local/lib/python3.12/site-packages/airflow/example_dags/example_dataset_alias.py
[2025-12-16T18:26:43.049+0000] {logging_mixin.py:190} INFO - [2025-12-16T18:26:43.048+0000] {override.py:1911} INFO - Created Permission View: can read on DAG:dataset_s3_bucket_producer
[2025-12-16T18:26:43.062+0000] {logging_mixin.py:190} INFO - [2025-12-16T18:26:43.061+0000] {override.py:1911} INFO - Created Permission View: can delete on DAG:dataset_s3_bucket_producer
[2025-12-16T18:26:43.069+0000] {logging_mixin.py:190} INFO - [2025-12-16T18:26:43.069+0000] {override.py:1911} INFO - Created Permission View: can edit on DAG:dataset_s3_bucket_producer
[2025-12-16T18:26:43.079+0000] {logging_mixin.py:190} INFO - [2025-12-16T18:26:43.078+0000] {override.py:1911} INFO - Created Permission View: can read on DAG Run:dataset_s3_bucket_producer
[2025-12-16T18:26:43.087+0000] {logging_mixin.py:190} INFO - [2025-12-16T18:26:43.087+0000] {override.py:1911} INFO - Created Permission View: can create on DAG Run:dataset_s3_bucket_producer
[2025-12-16T18:26:43.095+0000] {logging_mixin.py:190} INFO - [2025-12-16T18:26:43.094+0000] {override.py:1911} INFO - Created Permission View: menu access on DAG Run:dataset_s3_bucket_producer
[2025-12-16T18:26:43.103+0000] {logging_mixin.py:190} INFO - [2025-12-16T18:26:43.102+0000] {override.py:1911} INFO - Created Permission View: can delete on DAG Run:dataset_s3_bucket_producer
[2025-12-16T18:26:43.120+0000] {logging_mixin.py:190} INFO - [2025-12-16T18:26:43.120+0000] {override.py:1911} INFO - Created Permission View: can read on DAG:dataset_alias_example_alias_consumer
[2025-12-16T18:26:43.129+0000] {logging_mixin.py:190} INFO - [2025-12-16T18:26:43.128+0000] {override.py:1911} INFO - Created Permission View: can delete on DAG:dataset_alias_example_alias_consumer
[2025-12-16T18:26:43.137+0000] {logging_mixin.py:190} INFO - [2025-12-16T18:26:43.136+0000] {override.py:1911} INFO - Created Permission View: can edit on DAG:dataset_alias_example_alias_consumer
[2025-12-16T18:26:43.146+0000] {logging_mixin.py:190} INFO - [2025-12-16T18:26:43.146+0000] {override.py:1911} INFO - Created Permission View: can read on DAG Run:dataset_alias_example_alias_consumer
[2025-12-16T18:26:43.154+0000] {logging_mixin.py:190} INFO - [2025-12-16T18:26:43.153+0000] {override.py:1911} INFO - Created Permission View: can create on DAG Run:dataset_alias_example_alias_consumer
[2025-12-16T18:26:43.160+0000] {logging_mixin.py:190} INFO - [2025-12-16T18:26:43.160+0000] {override.py:1911} INFO - Created Permission View: menu access on DAG Run:dataset_alias_example_alias_consumer
[2025-12-16T18:26:43.168+0000] {logging_mixin.py:190} INFO - [2025-12-16T18:26:43.168+0000] {override.py:1911} INFO - Created Permission View: can delete on DAG Run:dataset_alias_example_alias_consumer
[2025-12-16T18:26:43.183+0000] {logging_mixin.py:190} INFO - [2025-12-16T18:26:43.183+0000] {override.py:1911} INFO - Created Permission View: can read on DAG:dataset_alias_example_alias_producer
[2025-12-16T18:26:43.191+0000] {logging_mixin.py:190} INFO - [2025-12-16T18:26:43.191+0000] {override.py:1911} INFO - Created Permission View: can delete on DAG:dataset_alias_example_alias_producer
[2025-12-16T18:26:43.198+0000] {logging_mixin.py:190} INFO - [2025-12-16T18:26:43.198+0000] {override.py:1911} INFO - Created Permission View: can edit on DAG:dataset_alias_example_alias_producer
[2025-12-16T18:26:43.208+0000] {logging_mixin.py:190} INFO - [2025-12-16T18:26:43.207+0000] {override.py:1911} INFO - Created Permission View: can read on DAG Run:dataset_alias_example_alias_producer
[2025-12-16T18:26:43.216+0000] {logging_mixin.py:190} INFO - [2025-12-16T18:26:43.215+0000] {override.py:1911} INFO - Created Permission View: can create on DAG Run:dataset_alias_example_alias_producer
[2025-12-16T18:26:43.224+0000] {logging_mixin.py:190} INFO - [2025-12-16T18:26:43.224+0000] {override.py:1911} INFO - Created Permission View: menu access on DAG Run:dataset_alias_example_alias_producer
[2025-12-16T18:26:43.232+0000] {logging_mixin.py:190} INFO - [2025-12-16T18:26:43.232+0000] {override.py:1911} INFO - Created Permission View: can delete on DAG Run:dataset_alias_example_alias_producer
[2025-12-16T18:26:43.248+0000] {logging_mixin.py:190} INFO - [2025-12-16T18:26:43.247+0000] {override.py:1911} INFO - Created Permission View: can read on DAG:dataset_s3_bucket_consumer
[2025-12-16T18:26:43.256+0000] {logging_mixin.py:190} INFO - [2025-12-16T18:26:43.255+0000] {override.py:1911} INFO - Created Permission View: can delete on DAG:dataset_s3_bucket_consumer
[2025-12-16T18:26:43.263+0000] {logging_mixin.py:190} INFO - [2025-12-16T18:26:43.263+0000] {override.py:1911} INFO - Created Permission View: can edit on DAG:dataset_s3_bucket_consumer
[2025-12-16T18:26:43.271+0000] {logging_mixin.py:190} INFO - [2025-12-16T18:26:43.271+0000] {override.py:1911} INFO - Created Permission View: can read on DAG Run:dataset_s3_bucket_consumer
[2025-12-16T18:26:43.280+0000] {logging_mixin.py:190} INFO - [2025-12-16T18:26:43.279+0000] {override.py:1911} INFO - Created Permission View: can create on DAG Run:dataset_s3_bucket_consumer
[2025-12-16T18:26:43.288+0000] {logging_mixin.py:190} INFO - [2025-12-16T18:26:43.288+0000] {override.py:1911} INFO - Created Permission View: menu access on DAG Run:dataset_s3_bucket_consumer
[2025-12-16T18:26:43.296+0000] {logging_mixin.py:190} INFO - [2025-12-16T18:26:43.296+0000] {override.py:1911} INFO - Created Permission View: can delete on DAG Run:dataset_s3_bucket_consumer
[2025-12-16T18:26:43.297+0000] {logging_mixin.py:190} INFO - [2025-12-16T18:26:43.296+0000] {dag.py:3239} INFO - Sync 4 DAGs
[2025-12-16T18:26:43.316+0000] {logging_mixin.py:190} INFO - [2025-12-16T18:26:43.316+0000] {dag.py:3262} INFO - Creating ORM DAG for dataset_s3_bucket_producer
[2025-12-16T18:26:43.317+0000] {logging_mixin.py:190} INFO - [2025-12-16T18:26:43.317+0000] {dag.py:3262} INFO - Creating ORM DAG for dataset_alias_example_alias_consumer
[2025-12-16T18:26:43.318+0000] {logging_mixin.py:190} INFO - [2025-12-16T18:26:43.318+0000] {dag.py:3262} INFO - Creating ORM DAG for dataset_alias_example_alias_producer
[2025-12-16T18:26:43.318+0000] {logging_mixin.py:190} INFO - [2025-12-16T18:26:43.318+0000] {dag.py:3262} INFO - Creating ORM DAG for dataset_s3_bucket_consumer
[2025-12-16T18:26:43.329+0000] {logging_mixin.py:190} INFO - [2025-12-16T18:26:43.329+0000] {dag.py:4180} INFO - Setting next_dagrun for dataset_alias_example_alias_consumer to None, run_after=None
[2025-12-16T18:26:43.330+0000] {logging_mixin.py:190} INFO - [2025-12-16T18:26:43.330+0000] {dag.py:4180} INFO - Setting next_dagrun for dataset_alias_example_alias_producer to None, run_after=None
[2025-12-16T18:26:43.331+0000] {logging_mixin.py:190} INFO - [2025-12-16T18:26:43.330+0000] {dag.py:4180} INFO - Setting next_dagrun for dataset_s3_bucket_consumer to None, run_after=None
[2025-12-16T18:26:43.331+0000] {logging_mixin.py:190} INFO - [2025-12-16T18:26:43.331+0000] {dag.py:4180} INFO - Setting next_dagrun for dataset_s3_bucket_producer to None, run_after=None
[2025-12-16T18:26:43.364+0000] {processor.py:208} INFO - Processing /home/airflow/.local/lib/python3.12/site-packages/airflow/example_dags/example_dataset_alias.py took 2.858 seconds
[2025-12-16T18:27:13.557+0000] {processor.py:186} INFO - Started process (PID=544) to work on /home/airflow/.local/lib/python3.12/site-packages/airflow/example_dags/example_dataset_alias.py
[2025-12-16T18:27:13.559+0000] {processor.py:914} INFO - Processing file /home/airflow/.local/lib/python3.12/site-packages/airflow/example_dags/example_dataset_alias.py for tasks to queue
[2025-12-16T18:27:13.561+0000] {logging_mixin.py:190} INFO - [2025-12-16T18:27:13.561+0000] {dagbag.py:588} INFO - Filling up the DagBag from /home/airflow/.local/lib/python3.12/site-packages/airflow/example_dags/example_dataset_alias.py
[2025-12-16T18:27:14.296+0000] {processor.py:925} INFO - DAG(s) 'dataset_s3_bucket_producer', 'dataset_s3_bucket_consumer', 'dataset_alias_example_alias_producer', 'dataset_alias_example_alias_consumer' retrieved from /home/airflow/.local/lib/python3.12/site-packages/airflow/example_dags/example_dataset_alias.py
[2025-12-16T18:27:14.320+0000] {logging_mixin.py:190} INFO - [2025-12-16T18:27:14.319+0000] {dag.py:3239} INFO - Sync 4 DAGs
[2025-12-16T18:27:14.348+0000] {logging_mixin.py:190} INFO - [2025-12-16T18:27:14.348+0000] {dag.py:4180} INFO - Setting next_dagrun for dataset_alias_example_alias_consumer to None, run_after=None
[2025-12-16T18:27:14.351+0000] {logging_mixin.py:190} INFO - [2025-12-16T18:27:14.351+0000] {dag.py:4180} INFO - Setting next_dagrun for dataset_alias_example_alias_producer to None, run_after=None
[2025-12-16T18:27:14.353+0000] {logging_mixin.py:190} INFO - [2025-12-16T18:27:14.352+0000] {dag.py:4180} INFO - Setting next_dagrun for dataset_s3_bucket_consumer to None, run_after=None
[2025-12-16T18:27:14.354+0000] {logging_mixin.py:190} INFO - [2025-12-16T18:27:14.354+0000] {dag.py:4180} INFO - Setting next_dagrun for dataset_s3_bucket_producer to None, run_after=None
[2025-12-16T18:27:14.379+0000] {processor.py:208} INFO - Processing /home/airflow/.local/lib/python3.12/site-packages/airflow/example_dags/example_dataset_alias.py took 0.829 seconds
[2025-12-16T18:27:45.112+0000] {processor.py:186} INFO - Started process (PID=841) to work on /home/airflow/.local/lib/python3.12/site-packages/airflow/example_dags/example_dataset_alias.py
[2025-12-16T18:27:45.115+0000] {processor.py:914} INFO - Processing file /home/airflow/.local/lib/python3.12/site-packages/airflow/example_dags/example_dataset_alias.py for tasks to queue
[2025-12-16T18:27:45.119+0000] {logging_mixin.py:190} INFO - [2025-12-16T18:27:45.119+0000] {dagbag.py:588} INFO - Filling up the DagBag from /home/airflow/.local/lib/python3.12/site-packages/airflow/example_dags/example_dataset_alias.py
[2025-12-16T18:27:46.011+0000] {processor.py:925} INFO - DAG(s) 'dataset_s3_bucket_producer', 'dataset_s3_bucket_consumer', 'dataset_alias_example_alias_producer', 'dataset_alias_example_alias_consumer' retrieved from /home/airflow/.local/lib/python3.12/site-packages/airflow/example_dags/example_dataset_alias.py
[2025-12-16T18:27:46.040+0000] {logging_mixin.py:190} INFO - [2025-12-16T18:27:46.040+0000] {dag.py:3239} INFO - Sync 4 DAGs
[2025-12-16T18:27:46.072+0000] {logging_mixin.py:190} INFO - [2025-12-16T18:27:46.072+0000] {dag.py:4180} INFO - Setting next_dagrun for dataset_alias_example_alias_consumer to None, run_after=None
[2025-12-16T18:27:46.076+0000] {logging_mixin.py:190} INFO - [2025-12-16T18:27:46.076+0000] {dag.py:4180} INFO - Setting next_dagrun for dataset_alias_example_alias_producer to None, run_after=None
[2025-12-16T18:27:46.077+0000] {logging_mixin.py:190} INFO - [2025-12-16T18:27:46.077+0000] {dag.py:4180} INFO - Setting next_dagrun for dataset_s3_bucket_consumer to None, run_after=None
[2025-12-16T18:27:46.079+0000] {logging_mixin.py:190} INFO - [2025-12-16T18:27:46.079+0000] {dag.py:4180} INFO - Setting next_dagrun for dataset_s3_bucket_producer to None, run_after=None
[2025-12-16T18:27:46.109+0000] {processor.py:208} INFO - Processing /home/airflow/.local/lib/python3.12/site-packages/airflow/example_dags/example_dataset_alias.py took 1.006 seconds
[2025-12-16T18:29:38.134+0000] {processor.py:186} INFO - Started process (PID=251) to work on /home/airflow/.local/lib/python3.12/site-packages/airflow/example_dags/example_dataset_alias.py
[2025-12-16T18:29:38.136+0000] {processor.py:914} INFO - Processing file /home/airflow/.local/lib/python3.12/site-packages/airflow/example_dags/example_dataset_alias.py for tasks to queue
[2025-12-16T18:29:38.138+0000] {logging_mixin.py:190} INFO - [2025-12-16T18:29:38.138+0000] {dagbag.py:588} INFO - Filling up the DagBag from /home/airflow/.local/lib/python3.12/site-packages/airflow/example_dags/example_dataset_alias.py
[2025-12-16T18:29:40.174+0000] {processor.py:925} INFO - DAG(s) 'dataset_s3_bucket_producer', 'dataset_alias_example_alias_consumer', 'dataset_alias_example_alias_producer', 'dataset_s3_bucket_consumer' retrieved from /home/airflow/.local/lib/python3.12/site-packages/airflow/example_dags/example_dataset_alias.py
[2025-12-16T18:29:40.204+0000] {logging_mixin.py:190} INFO - [2025-12-16T18:29:40.203+0000] {dag.py:3239} INFO - Sync 4 DAGs
[2025-12-16T18:29:40.235+0000] {logging_mixin.py:190} INFO - [2025-12-16T18:29:40.234+0000] {dag.py:4180} INFO - Setting next_dagrun for dataset_alias_example_alias_consumer to None, run_after=None
[2025-12-16T18:29:40.238+0000] {logging_mixin.py:190} INFO - [2025-12-16T18:29:40.237+0000] {dag.py:4180} INFO - Setting next_dagrun for dataset_alias_example_alias_producer to None, run_after=None
[2025-12-16T18:29:40.239+0000] {logging_mixin.py:190} INFO - [2025-12-16T18:29:40.239+0000] {dag.py:4180} INFO - Setting next_dagrun for dataset_s3_bucket_consumer to None, run_after=None
[2025-12-16T18:29:40.240+0000] {logging_mixin.py:190} INFO - [2025-12-16T18:29:40.240+0000] {dag.py:4180} INFO - Setting next_dagrun for dataset_s3_bucket_producer to None, run_after=None
[2025-12-16T18:29:40.267+0000] {processor.py:208} INFO - Processing /home/airflow/.local/lib/python3.12/site-packages/airflow/example_dags/example_dataset_alias.py took 2.140 seconds
[2025-12-16T18:30:10.816+0000] {processor.py:186} INFO - Started process (PID=544) to work on /home/airflow/.local/lib/python3.12/site-packages/airflow/example_dags/example_dataset_alias.py
[2025-12-16T18:30:10.817+0000] {processor.py:914} INFO - Processing file /home/airflow/.local/lib/python3.12/site-packages/airflow/example_dags/example_dataset_alias.py for tasks to queue
[2025-12-16T18:30:10.819+0000] {logging_mixin.py:190} INFO - [2025-12-16T18:30:10.819+0000] {dagbag.py:588} INFO - Filling up the DagBag from /home/airflow/.local/lib/python3.12/site-packages/airflow/example_dags/example_dataset_alias.py
[2025-12-16T18:30:11.606+0000] {processor.py:925} INFO - DAG(s) 'dataset_alias_example_alias_producer', 'dataset_alias_example_alias_consumer', 'dataset_s3_bucket_producer', 'dataset_s3_bucket_consumer' retrieved from /home/airflow/.local/lib/python3.12/site-packages/airflow/example_dags/example_dataset_alias.py
[2025-12-16T18:30:11.630+0000] {logging_mixin.py:190} INFO - [2025-12-16T18:30:11.629+0000] {dag.py:3239} INFO - Sync 4 DAGs
[2025-12-16T18:30:11.660+0000] {logging_mixin.py:190} INFO - [2025-12-16T18:30:11.660+0000] {dag.py:4180} INFO - Setting next_dagrun for dataset_alias_example_alias_consumer to None, run_after=None
[2025-12-16T18:30:11.664+0000] {logging_mixin.py:190} INFO - [2025-12-16T18:30:11.663+0000] {dag.py:4180} INFO - Setting next_dagrun for dataset_alias_example_alias_producer to None, run_after=None
[2025-12-16T18:30:11.665+0000] {logging_mixin.py:190} INFO - [2025-12-16T18:30:11.665+0000] {dag.py:4180} INFO - Setting next_dagrun for dataset_s3_bucket_consumer to None, run_after=None
[2025-12-16T18:30:11.666+0000] {logging_mixin.py:190} INFO - [2025-12-16T18:30:11.666+0000] {dag.py:4180} INFO - Setting next_dagrun for dataset_s3_bucket_producer to None, run_after=None
[2025-12-16T18:30:11.689+0000] {processor.py:208} INFO - Processing /home/airflow/.local/lib/python3.12/site-packages/airflow/example_dags/example_dataset_alias.py took 0.880 seconds
[2025-12-16T18:30:41.854+0000] {processor.py:186} INFO - Started process (PID=835) to work on /home/airflow/.local/lib/python3.12/site-packages/airflow/example_dags/example_dataset_alias.py
[2025-12-16T18:30:41.856+0000] {processor.py:914} INFO - Processing file /home/airflow/.local/lib/python3.12/site-packages/airflow/example_dags/example_dataset_alias.py for tasks to queue
[2025-12-16T18:30:41.860+0000] {logging_mixin.py:190} INFO - [2025-12-16T18:30:41.859+0000] {dagbag.py:588} INFO - Filling up the DagBag from /home/airflow/.local/lib/python3.12/site-packages/airflow/example_dags/example_dataset_alias.py
[2025-12-16T18:30:42.702+0000] {processor.py:925} INFO - DAG(s) 'dataset_alias_example_alias_producer', 'dataset_s3_bucket_consumer', 'dataset_alias_example_alias_consumer', 'dataset_s3_bucket_producer' retrieved from /home/airflow/.local/lib/python3.12/site-packages/airflow/example_dags/example_dataset_alias.py
[2025-12-16T18:30:42.733+0000] {logging_mixin.py:190} INFO - [2025-12-16T18:30:42.733+0000] {dag.py:3239} INFO - Sync 4 DAGs
[2025-12-16T18:30:42.771+0000] {logging_mixin.py:190} INFO - [2025-12-16T18:30:42.770+0000] {dag.py:4180} INFO - Setting next_dagrun for dataset_alias_example_alias_consumer to None, run_after=None
[2025-12-16T18:30:42.777+0000] {logging_mixin.py:190} INFO - [2025-12-16T18:30:42.777+0000] {dag.py:4180} INFO - Setting next_dagrun for dataset_alias_example_alias_producer to None, run_after=None
[2025-12-16T18:30:42.780+0000] {logging_mixin.py:190} INFO - [2025-12-16T18:30:42.780+0000] {dag.py:4180} INFO - Setting next_dagrun for dataset_s3_bucket_consumer to None, run_after=None
[2025-12-16T18:30:42.782+0000] {logging_mixin.py:190} INFO - [2025-12-16T18:30:42.782+0000] {dag.py:4180} INFO - Setting next_dagrun for dataset_s3_bucket_producer to None, run_after=None
[2025-12-16T18:30:42.808+0000] {processor.py:208} INFO - Processing /home/airflow/.local/lib/python3.12/site-packages/airflow/example_dags/example_dataset_alias.py took 0.964 seconds
[2025-12-16T18:31:13.277+0000] {processor.py:186} INFO - Started process (PID=1132) to work on /home/airflow/.local/lib/python3.12/site-packages/airflow/example_dags/example_dataset_alias.py
[2025-12-16T18:31:13.278+0000] {processor.py:914} INFO - Processing file /home/airflow/.local/lib/python3.12/site-packages/airflow/example_dags/example_dataset_alias.py for tasks to queue
[2025-12-16T18:31:13.281+0000] {logging_mixin.py:190} INFO - [2025-12-16T18:31:13.280+0000] {dagbag.py:588} INFO - Filling up the DagBag from /home/airflow/.local/lib/python3.12/site-packages/airflow/example_dags/example_dataset_alias.py
[2025-12-16T18:31:14.020+0000] {processor.py:925} INFO - DAG(s) 'dataset_s3_bucket_consumer', 'dataset_s3_bucket_producer', 'dataset_alias_example_alias_consumer', 'dataset_alias_example_alias_producer' retrieved from /home/airflow/.local/lib/python3.12/site-packages/airflow/example_dags/example_dataset_alias.py
[2025-12-16T18:31:14.044+0000] {logging_mixin.py:190} INFO - [2025-12-16T18:31:14.044+0000] {dag.py:3239} INFO - Sync 4 DAGs
[2025-12-16T18:31:14.072+0000] {logging_mixin.py:190} INFO - [2025-12-16T18:31:14.071+0000] {dag.py:4180} INFO - Setting next_dagrun for dataset_alias_example_alias_consumer to None, run_after=None
[2025-12-16T18:31:14.076+0000] {logging_mixin.py:190} INFO - [2025-12-16T18:31:14.076+0000] {dag.py:4180} INFO - Setting next_dagrun for dataset_alias_example_alias_producer to None, run_after=None
[2025-12-16T18:31:14.078+0000] {logging_mixin.py:190} INFO - [2025-12-16T18:31:14.077+0000] {dag.py:4180} INFO - Setting next_dagrun for dataset_s3_bucket_consumer to None, run_after=None
[2025-12-16T18:31:14.079+0000] {logging_mixin.py:190} INFO - [2025-12-16T18:31:14.079+0000] {dag.py:4180} INFO - Setting next_dagrun for dataset_s3_bucket_producer to None, run_after=None
[2025-12-16T18:31:14.102+0000] {processor.py:208} INFO - Processing /home/airflow/.local/lib/python3.12/site-packages/airflow/example_dags/example_dataset_alias.py took 0.833 seconds
[2025-12-16T18:31:44.324+0000] {processor.py:186} INFO - Started process (PID=1423) to work on /home/airflow/.local/lib/python3.12/site-packages/airflow/example_dags/example_dataset_alias.py
[2025-12-16T18:31:44.325+0000] {processor.py:914} INFO - Processing file /home/airflow/.local/lib/python3.12/site-packages/airflow/example_dags/example_dataset_alias.py for tasks to queue
[2025-12-16T18:31:44.328+0000] {logging_mixin.py:190} INFO - [2025-12-16T18:31:44.327+0000] {dagbag.py:588} INFO - Filling up the DagBag from /home/airflow/.local/lib/python3.12/site-packages/airflow/example_dags/example_dataset_alias.py
[2025-12-16T18:31:45.076+0000] {processor.py:925} INFO - DAG(s) 'dataset_s3_bucket_producer', 'dataset_s3_bucket_consumer', 'dataset_alias_example_alias_consumer', 'dataset_alias_example_alias_producer' retrieved from /home/airflow/.local/lib/python3.12/site-packages/airflow/example_dags/example_dataset_alias.py
[2025-12-16T18:31:45.099+0000] {logging_mixin.py:190} INFO - [2025-12-16T18:31:45.099+0000] {dag.py:3239} INFO - Sync 4 DAGs
[2025-12-16T18:31:45.127+0000] {logging_mixin.py:190} INFO - [2025-12-16T18:31:45.127+0000] {dag.py:4180} INFO - Setting next_dagrun for dataset_alias_example_alias_consumer to None, run_after=None
[2025-12-16T18:31:45.131+0000] {logging_mixin.py:190} INFO - [2025-12-16T18:31:45.130+0000] {dag.py:4180} INFO - Setting next_dagrun for dataset_alias_example_alias_producer to None, run_after=None
[2025-12-16T18:31:45.132+0000] {logging_mixin.py:190} INFO - [2025-12-16T18:31:45.132+0000] {dag.py:4180} INFO - Setting next_dagrun for dataset_s3_bucket_consumer to None, run_after=None
[2025-12-16T18:31:45.134+0000] {logging_mixin.py:190} INFO - [2025-12-16T18:31:45.133+0000] {dag.py:4180} INFO - Setting next_dagrun for dataset_s3_bucket_producer to None, run_after=None
[2025-12-16T18:31:45.158+0000] {processor.py:208} INFO - Processing /home/airflow/.local/lib/python3.12/site-packages/airflow/example_dags/example_dataset_alias.py took 0.842 seconds
[2025-12-16T18:32:15.339+0000] {processor.py:186} INFO - Started process (PID=1714) to work on /home/airflow/.local/lib/python3.12/site-packages/airflow/example_dags/example_dataset_alias.py
[2025-12-16T18:32:15.340+0000] {processor.py:914} INFO - Processing file /home/airflow/.local/lib/python3.12/site-packages/airflow/example_dags/example_dataset_alias.py for tasks to queue
[2025-12-16T18:32:15.344+0000] {logging_mixin.py:190} INFO - [2025-12-16T18:32:15.343+0000] {dagbag.py:588} INFO - Filling up the DagBag from /home/airflow/.local/lib/python3.12/site-packages/airflow/example_dags/example_dataset_alias.py
[2025-12-16T18:32:16.223+0000] {processor.py:925} INFO - DAG(s) 'dataset_s3_bucket_producer', 'dataset_s3_bucket_consumer', 'dataset_alias_example_alias_producer', 'dataset_alias_example_alias_consumer' retrieved from /home/airflow/.local/lib/python3.12/site-packages/airflow/example_dags/example_dataset_alias.py
[2025-12-16T18:32:16.252+0000] {logging_mixin.py:190} INFO - [2025-12-16T18:32:16.251+0000] {dag.py:3239} INFO - Sync 4 DAGs
[2025-12-16T18:32:16.281+0000] {logging_mixin.py:190} INFO - [2025-12-16T18:32:16.281+0000] {dag.py:4180} INFO - Setting next_dagrun for dataset_alias_example_alias_consumer to None, run_after=None
[2025-12-16T18:32:16.284+0000] {logging_mixin.py:190} INFO - [2025-12-16T18:32:16.284+0000] {dag.py:4180} INFO - Setting next_dagrun for dataset_alias_example_alias_producer to None, run_after=None
[2025-12-16T18:32:16.286+0000] {logging_mixin.py:190} INFO - [2025-12-16T18:32:16.286+0000] {dag.py:4180} INFO - Setting next_dagrun for dataset_s3_bucket_consumer to None, run_after=None
[2025-12-16T18:32:16.288+0000] {logging_mixin.py:190} INFO - [2025-12-16T18:32:16.287+0000] {dag.py:4180} INFO - Setting next_dagrun for dataset_s3_bucket_producer to None, run_after=None
[2025-12-16T18:32:16.313+0000] {processor.py:208} INFO - Processing /home/airflow/.local/lib/python3.12/site-packages/airflow/example_dags/example_dataset_alias.py took 0.983 seconds
[2025-12-16T18:32:46.625+0000] {processor.py:186} INFO - Started process (PID=2005) to work on /home/airflow/.local/lib/python3.12/site-packages/airflow/example_dags/example_dataset_alias.py
[2025-12-16T18:32:46.627+0000] {processor.py:914} INFO - Processing file /home/airflow/.local/lib/python3.12/site-packages/airflow/example_dags/example_dataset_alias.py for tasks to queue
[2025-12-16T18:32:46.630+0000] {logging_mixin.py:190} INFO - [2025-12-16T18:32:46.629+0000] {dagbag.py:588} INFO - Filling up the DagBag from /home/airflow/.local/lib/python3.12/site-packages/airflow/example_dags/example_dataset_alias.py
[2025-12-16T18:32:47.426+0000] {processor.py:925} INFO - DAG(s) 'dataset_alias_example_alias_producer', 'dataset_alias_example_alias_consumer', 'dataset_s3_bucket_producer', 'dataset_s3_bucket_consumer' retrieved from /home/airflow/.local/lib/python3.12/site-packages/airflow/example_dags/example_dataset_alias.py
[2025-12-16T18:32:47.452+0000] {logging_mixin.py:190} INFO - [2025-12-16T18:32:47.451+0000] {dag.py:3239} INFO - Sync 4 DAGs
[2025-12-16T18:32:47.485+0000] {logging_mixin.py:190} INFO - [2025-12-16T18:32:47.484+0000] {dag.py:4180} INFO - Setting next_dagrun for dataset_alias_example_alias_consumer to None, run_after=None
[2025-12-16T18:32:47.488+0000] {logging_mixin.py:190} INFO - [2025-12-16T18:32:47.488+0000] {dag.py:4180} INFO - Setting next_dagrun for dataset_alias_example_alias_producer to None, run_after=None
[2025-12-16T18:32:47.490+0000] {logging_mixin.py:190} INFO - [2025-12-16T18:32:47.490+0000] {dag.py:4180} INFO - Setting next_dagrun for dataset_s3_bucket_consumer to None, run_after=None
[2025-12-16T18:32:47.492+0000] {logging_mixin.py:190} INFO - [2025-12-16T18:32:47.492+0000] {dag.py:4180} INFO - Setting next_dagrun for dataset_s3_bucket_producer to None, run_after=None
[2025-12-16T18:32:47.516+0000] {processor.py:208} INFO - Processing /home/airflow/.local/lib/python3.12/site-packages/airflow/example_dags/example_dataset_alias.py took 0.899 seconds
[2025-12-16T18:33:18.163+0000] {processor.py:186} INFO - Started process (PID=2296) to work on /home/airflow/.local/lib/python3.12/site-packages/airflow/example_dags/example_dataset_alias.py
[2025-12-16T18:33:18.164+0000] {processor.py:914} INFO - Processing file /home/airflow/.local/lib/python3.12/site-packages/airflow/example_dags/example_dataset_alias.py for tasks to queue
[2025-12-16T18:33:18.167+0000] {logging_mixin.py:190} INFO - [2025-12-16T18:33:18.167+0000] {dagbag.py:588} INFO - Filling up the DagBag from /home/airflow/.local/lib/python3.12/site-packages/airflow/example_dags/example_dataset_alias.py
[2025-12-16T18:33:18.910+0000] {processor.py:925} INFO - DAG(s) 'dataset_s3_bucket_consumer', 'dataset_alias_example_alias_consumer', 'dataset_alias_example_alias_producer', 'dataset_s3_bucket_producer' retrieved from /home/airflow/.local/lib/python3.12/site-packages/airflow/example_dags/example_dataset_alias.py
[2025-12-16T18:33:18.933+0000] {logging_mixin.py:190} INFO - [2025-12-16T18:33:18.932+0000] {dag.py:3239} INFO - Sync 4 DAGs
[2025-12-16T18:33:18.962+0000] {logging_mixin.py:190} INFO - [2025-12-16T18:33:18.961+0000] {dag.py:4180} INFO - Setting next_dagrun for dataset_alias_example_alias_consumer to None, run_after=None
[2025-12-16T18:33:18.965+0000] {logging_mixin.py:190} INFO - [2025-12-16T18:33:18.964+0000] {dag.py:4180} INFO - Setting next_dagrun for dataset_alias_example_alias_producer to None, run_after=None
[2025-12-16T18:33:18.966+0000] {logging_mixin.py:190} INFO - [2025-12-16T18:33:18.966+0000] {dag.py:4180} INFO - Setting next_dagrun for dataset_s3_bucket_consumer to None, run_after=None
[2025-12-16T18:33:18.967+0000] {logging_mixin.py:190} INFO - [2025-12-16T18:33:18.967+0000] {dag.py:4180} INFO - Setting next_dagrun for dataset_s3_bucket_producer to None, run_after=None
[2025-12-16T18:33:18.992+0000] {processor.py:208} INFO - Processing /home/airflow/.local/lib/python3.12/site-packages/airflow/example_dags/example_dataset_alias.py took 0.837 seconds
[2025-12-16T18:33:49.188+0000] {processor.py:186} INFO - Started process (PID=2587) to work on /home/airflow/.local/lib/python3.12/site-packages/airflow/example_dags/example_dataset_alias.py
[2025-12-16T18:33:49.190+0000] {processor.py:914} INFO - Processing file /home/airflow/.local/lib/python3.12/site-packages/airflow/example_dags/example_dataset_alias.py for tasks to queue
[2025-12-16T18:33:49.193+0000] {logging_mixin.py:190} INFO - [2025-12-16T18:33:49.192+0000] {dagbag.py:588} INFO - Filling up the DagBag from /home/airflow/.local/lib/python3.12/site-packages/airflow/example_dags/example_dataset_alias.py
[2025-12-16T18:33:49.923+0000] {processor.py:925} INFO - DAG(s) 'dataset_alias_example_alias_producer', 'dataset_s3_bucket_consumer', 'dataset_alias_example_alias_consumer', 'dataset_s3_bucket_producer' retrieved from /home/airflow/.local/lib/python3.12/site-packages/airflow/example_dags/example_dataset_alias.py
[2025-12-16T18:33:49.945+0000] {logging_mixin.py:190} INFO - [2025-12-16T18:33:49.945+0000] {dag.py:3239} INFO - Sync 4 DAGs
[2025-12-16T18:33:49.973+0000] {logging_mixin.py:190} INFO - [2025-12-16T18:33:49.973+0000] {dag.py:4180} INFO - Setting next_dagrun for dataset_alias_example_alias_consumer to None, run_after=None
[2025-12-16T18:33:49.976+0000] {logging_mixin.py:190} INFO - [2025-12-16T18:33:49.976+0000] {dag.py:4180} INFO - Setting next_dagrun for dataset_alias_example_alias_producer to None, run_after=None
[2025-12-16T18:33:49.978+0000] {logging_mixin.py:190} INFO - [2025-12-16T18:33:49.977+0000] {dag.py:4180} INFO - Setting next_dagrun for dataset_s3_bucket_consumer to None, run_after=None
[2025-12-16T18:33:49.979+0000] {logging_mixin.py:190} INFO - [2025-12-16T18:33:49.979+0000] {dag.py:4180} INFO - Setting next_dagrun for dataset_s3_bucket_producer to None, run_after=None
[2025-12-16T18:33:50.003+0000] {processor.py:208} INFO - Processing /home/airflow/.local/lib/python3.12/site-packages/airflow/example_dags/example_dataset_alias.py took 0.822 seconds
[2025-12-16T18:34:20.097+0000] {processor.py:186} INFO - Started process (PID=2878) to work on /home/airflow/.local/lib/python3.12/site-packages/airflow/example_dags/example_dataset_alias.py
[2025-12-16T18:34:20.099+0000] {processor.py:914} INFO - Processing file /home/airflow/.local/lib/python3.12/site-packages/airflow/example_dags/example_dataset_alias.py for tasks to queue
[2025-12-16T18:34:20.102+0000] {logging_mixin.py:190} INFO - [2025-12-16T18:34:20.101+0000] {dagbag.py:588} INFO - Filling up the DagBag from /home/airflow/.local/lib/python3.12/site-packages/airflow/example_dags/example_dataset_alias.py
[2025-12-16T18:34:20.840+0000] {processor.py:925} INFO - DAG(s) 'dataset_s3_bucket_producer', 'dataset_alias_example_alias_producer', 'dataset_alias_example_alias_consumer', 'dataset_s3_bucket_consumer' retrieved from /home/airflow/.local/lib/python3.12/site-packages/airflow/example_dags/example_dataset_alias.py
[2025-12-16T18:34:20.862+0000] {logging_mixin.py:190} INFO - [2025-12-16T18:34:20.862+0000] {dag.py:3239} INFO - Sync 4 DAGs
[2025-12-16T18:34:20.889+0000] {logging_mixin.py:190} INFO - [2025-12-16T18:34:20.889+0000] {dag.py:4180} INFO - Setting next_dagrun for dataset_alias_example_alias_consumer to None, run_after=None
[2025-12-16T18:34:20.892+0000] {logging_mixin.py:190} INFO - [2025-12-16T18:34:20.892+0000] {dag.py:4180} INFO - Setting next_dagrun for dataset_alias_example_alias_producer to None, run_after=None
[2025-12-16T18:34:20.894+0000] {logging_mixin.py:190} INFO - [2025-12-16T18:34:20.893+0000] {dag.py:4180} INFO - Setting next_dagrun for dataset_s3_bucket_consumer to None, run_after=None
[2025-12-16T18:34:20.895+0000] {logging_mixin.py:190} INFO - [2025-12-16T18:34:20.895+0000] {dag.py:4180} INFO - Setting next_dagrun for dataset_s3_bucket_producer to None, run_after=None
[2025-12-16T18:34:20.920+0000] {processor.py:208} INFO - Processing /home/airflow/.local/lib/python3.12/site-packages/airflow/example_dags/example_dataset_alias.py took 0.830 seconds
[2025-12-16T18:34:51.046+0000] {processor.py:186} INFO - Started process (PID=3169) to work on /home/airflow/.local/lib/python3.12/site-packages/airflow/example_dags/example_dataset_alias.py
[2025-12-16T18:34:51.047+0000] {processor.py:914} INFO - Processing file /home/airflow/.local/lib/python3.12/site-packages/airflow/example_dags/example_dataset_alias.py for tasks to queue
[2025-12-16T18:34:51.050+0000] {logging_mixin.py:190} INFO - [2025-12-16T18:34:51.050+0000] {dagbag.py:588} INFO - Filling up the DagBag from /home/airflow/.local/lib/python3.12/site-packages/airflow/example_dags/example_dataset_alias.py
[2025-12-16T18:34:51.869+0000] {processor.py:925} INFO - DAG(s) 'dataset_s3_bucket_consumer', 'dataset_alias_example_alias_producer', 'dataset_s3_bucket_producer', 'dataset_alias_example_alias_consumer' retrieved from /home/airflow/.local/lib/python3.12/site-packages/airflow/example_dags/example_dataset_alias.py
[2025-12-16T18:34:51.896+0000] {logging_mixin.py:190} INFO - [2025-12-16T18:34:51.895+0000] {dag.py:3239} INFO - Sync 4 DAGs
[2025-12-16T18:34:51.929+0000] {logging_mixin.py:190} INFO - [2025-12-16T18:34:51.929+0000] {dag.py:4180} INFO - Setting next_dagrun for dataset_alias_example_alias_consumer to None, run_after=None
[2025-12-16T18:34:51.932+0000] {logging_mixin.py:190} INFO - [2025-12-16T18:34:51.932+0000] {dag.py:4180} INFO - Setting next_dagrun for dataset_alias_example_alias_producer to None, run_after=None
[2025-12-16T18:34:51.933+0000] {logging_mixin.py:190} INFO - [2025-12-16T18:34:51.933+0000] {dag.py:4180} INFO - Setting next_dagrun for dataset_s3_bucket_consumer to None, run_after=None
[2025-12-16T18:34:51.935+0000] {logging_mixin.py:190} INFO - [2025-12-16T18:34:51.935+0000] {dag.py:4180} INFO - Setting next_dagrun for dataset_s3_bucket_producer to None, run_after=None
[2025-12-16T18:34:51.965+0000] {processor.py:208} INFO - Processing /home/airflow/.local/lib/python3.12/site-packages/airflow/example_dags/example_dataset_alias.py took 0.928 seconds
[2025-12-16T18:35:22.319+0000] {processor.py:186} INFO - Started process (PID=3460) to work on /home/airflow/.local/lib/python3.12/site-packages/airflow/example_dags/example_dataset_alias.py
[2025-12-16T18:35:22.320+0000] {processor.py:914} INFO - Processing file /home/airflow/.local/lib/python3.12/site-packages/airflow/example_dags/example_dataset_alias.py for tasks to queue
[2025-12-16T18:35:22.324+0000] {logging_mixin.py:190} INFO - [2025-12-16T18:35:22.323+0000] {dagbag.py:588} INFO - Filling up the DagBag from /home/airflow/.local/lib/python3.12/site-packages/airflow/example_dags/example_dataset_alias.py
[2025-12-16T18:35:23.132+0000] {processor.py:925} INFO - DAG(s) 'dataset_s3_bucket_producer', 'dataset_alias_example_alias_producer', 'dataset_s3_bucket_consumer', 'dataset_alias_example_alias_consumer' retrieved from /home/airflow/.local/lib/python3.12/site-packages/airflow/example_dags/example_dataset_alias.py
[2025-12-16T18:35:23.159+0000] {logging_mixin.py:190} INFO - [2025-12-16T18:35:23.158+0000] {dag.py:3239} INFO - Sync 4 DAGs
[2025-12-16T18:35:23.191+0000] {logging_mixin.py:190} INFO - [2025-12-16T18:35:23.190+0000] {dag.py:4180} INFO - Setting next_dagrun for dataset_alias_example_alias_consumer to None, run_after=None
[2025-12-16T18:35:23.194+0000] {logging_mixin.py:190} INFO - [2025-12-16T18:35:23.194+0000] {dag.py:4180} INFO - Setting next_dagrun for dataset_alias_example_alias_producer to None, run_after=None
[2025-12-16T18:35:23.196+0000] {logging_mixin.py:190} INFO - [2025-12-16T18:35:23.195+0000] {dag.py:4180} INFO - Setting next_dagrun for dataset_s3_bucket_consumer to None, run_after=None
[2025-12-16T18:35:23.197+0000] {logging_mixin.py:190} INFO - [2025-12-16T18:35:23.197+0000] {dag.py:4180} INFO - Setting next_dagrun for dataset_s3_bucket_producer to None, run_after=None
[2025-12-16T18:35:23.220+0000] {processor.py:208} INFO - Processing /home/airflow/.local/lib/python3.12/site-packages/airflow/example_dags/example_dataset_alias.py took 0.910 seconds
[2025-12-16T18:35:53.316+0000] {processor.py:186} INFO - Started process (PID=3751) to work on /home/airflow/.local/lib/python3.12/site-packages/airflow/example_dags/example_dataset_alias.py
[2025-12-16T18:35:53.317+0000] {processor.py:914} INFO - Processing file /home/airflow/.local/lib/python3.12/site-packages/airflow/example_dags/example_dataset_alias.py for tasks to queue
[2025-12-16T18:35:53.321+0000] {logging_mixin.py:190} INFO - [2025-12-16T18:35:53.320+0000] {dagbag.py:588} INFO - Filling up the DagBag from /home/airflow/.local/lib/python3.12/site-packages/airflow/example_dags/example_dataset_alias.py
[2025-12-16T18:35:54.111+0000] {processor.py:925} INFO - DAG(s) 'dataset_alias_example_alias_consumer', 'dataset_alias_example_alias_producer', 'dataset_s3_bucket_consumer', 'dataset_s3_bucket_producer' retrieved from /home/airflow/.local/lib/python3.12/site-packages/airflow/example_dags/example_dataset_alias.py
[2025-12-16T18:35:54.137+0000] {logging_mixin.py:190} INFO - [2025-12-16T18:35:54.136+0000] {dag.py:3239} INFO - Sync 4 DAGs
[2025-12-16T18:35:54.166+0000] {logging_mixin.py:190} INFO - [2025-12-16T18:35:54.165+0000] {dag.py:4180} INFO - Setting next_dagrun for dataset_alias_example_alias_consumer to None, run_after=None
[2025-12-16T18:35:54.169+0000] {logging_mixin.py:190} INFO - [2025-12-16T18:35:54.168+0000] {dag.py:4180} INFO - Setting next_dagrun for dataset_alias_example_alias_producer to None, run_after=None
[2025-12-16T18:35:54.170+0000] {logging_mixin.py:190} INFO - [2025-12-16T18:35:54.170+0000] {dag.py:4180} INFO - Setting next_dagrun for dataset_s3_bucket_consumer to None, run_after=None
[2025-12-16T18:35:54.172+0000] {logging_mixin.py:190} INFO - [2025-12-16T18:35:54.171+0000] {dag.py:4180} INFO - Setting next_dagrun for dataset_s3_bucket_producer to None, run_after=None
[2025-12-16T18:35:54.196+0000] {processor.py:208} INFO - Processing /home/airflow/.local/lib/python3.12/site-packages/airflow/example_dags/example_dataset_alias.py took 0.888 seconds
[2025-12-16T18:36:24.453+0000] {processor.py:186} INFO - Started process (PID=4042) to work on /home/airflow/.local/lib/python3.12/site-packages/airflow/example_dags/example_dataset_alias.py
[2025-12-16T18:36:24.454+0000] {processor.py:914} INFO - Processing file /home/airflow/.local/lib/python3.12/site-packages/airflow/example_dags/example_dataset_alias.py for tasks to queue
[2025-12-16T18:36:24.457+0000] {logging_mixin.py:190} INFO - [2025-12-16T18:36:24.457+0000] {dagbag.py:588} INFO - Filling up the DagBag from /home/airflow/.local/lib/python3.12/site-packages/airflow/example_dags/example_dataset_alias.py
[2025-12-16T18:36:25.181+0000] {processor.py:925} INFO - DAG(s) 'dataset_alias_example_alias_consumer', 'dataset_s3_bucket_consumer', 'dataset_s3_bucket_producer', 'dataset_alias_example_alias_producer' retrieved from /home/airflow/.local/lib/python3.12/site-packages/airflow/example_dags/example_dataset_alias.py
[2025-12-16T18:36:25.203+0000] {logging_mixin.py:190} INFO - [2025-12-16T18:36:25.203+0000] {dag.py:3239} INFO - Sync 4 DAGs
[2025-12-16T18:36:25.232+0000] {logging_mixin.py:190} INFO - [2025-12-16T18:36:25.232+0000] {dag.py:4180} INFO - Setting next_dagrun for dataset_alias_example_alias_consumer to None, run_after=None
[2025-12-16T18:36:25.235+0000] {logging_mixin.py:190} INFO - [2025-12-16T18:36:25.234+0000] {dag.py:4180} INFO - Setting next_dagrun for dataset_alias_example_alias_producer to None, run_after=None
[2025-12-16T18:36:25.236+0000] {logging_mixin.py:190} INFO - [2025-12-16T18:36:25.236+0000] {dag.py:4180} INFO - Setting next_dagrun for dataset_s3_bucket_consumer to None, run_after=None
[2025-12-16T18:36:25.237+0000] {logging_mixin.py:190} INFO - [2025-12-16T18:36:25.237+0000] {dag.py:4180} INFO - Setting next_dagrun for dataset_s3_bucket_producer to None, run_after=None
[2025-12-16T18:36:25.259+0000] {processor.py:208} INFO - Processing /home/airflow/.local/lib/python3.12/site-packages/airflow/example_dags/example_dataset_alias.py took 0.814 seconds
[2025-12-16T18:36:55.503+0000] {processor.py:186} INFO - Started process (PID=4333) to work on /home/airflow/.local/lib/python3.12/site-packages/airflow/example_dags/example_dataset_alias.py
[2025-12-16T18:36:55.504+0000] {processor.py:914} INFO - Processing file /home/airflow/.local/lib/python3.12/site-packages/airflow/example_dags/example_dataset_alias.py for tasks to queue
[2025-12-16T18:36:55.509+0000] {logging_mixin.py:190} INFO - [2025-12-16T18:36:55.508+0000] {dagbag.py:588} INFO - Filling up the DagBag from /home/airflow/.local/lib/python3.12/site-packages/airflow/example_dags/example_dataset_alias.py
[2025-12-16T18:36:56.282+0000] {processor.py:925} INFO - DAG(s) 'dataset_s3_bucket_producer', 'dataset_s3_bucket_consumer', 'dataset_alias_example_alias_consumer', 'dataset_alias_example_alias_producer' retrieved from /home/airflow/.local/lib/python3.12/site-packages/airflow/example_dags/example_dataset_alias.py
[2025-12-16T18:36:56.305+0000] {logging_mixin.py:190} INFO - [2025-12-16T18:36:56.305+0000] {dag.py:3239} INFO - Sync 4 DAGs
[2025-12-16T18:36:56.336+0000] {logging_mixin.py:190} INFO - [2025-12-16T18:36:56.336+0000] {dag.py:4180} INFO - Setting next_dagrun for dataset_alias_example_alias_consumer to None, run_after=None
[2025-12-16T18:36:56.339+0000] {logging_mixin.py:190} INFO - [2025-12-16T18:36:56.339+0000] {dag.py:4180} INFO - Setting next_dagrun for dataset_alias_example_alias_producer to None, run_after=None
[2025-12-16T18:36:56.341+0000] {logging_mixin.py:190} INFO - [2025-12-16T18:36:56.341+0000] {dag.py:4180} INFO - Setting next_dagrun for dataset_s3_bucket_consumer to None, run_after=None
[2025-12-16T18:36:56.343+0000] {logging_mixin.py:190} INFO - [2025-12-16T18:36:56.342+0000] {dag.py:4180} INFO - Setting next_dagrun for dataset_s3_bucket_producer to None, run_after=None
[2025-12-16T18:36:56.367+0000] {processor.py:208} INFO - Processing /home/airflow/.local/lib/python3.12/site-packages/airflow/example_dags/example_dataset_alias.py took 0.871 seconds
[2025-12-16T18:37:26.719+0000] {processor.py:186} INFO - Started process (PID=4624) to work on /home/airflow/.local/lib/python3.12/site-packages/airflow/example_dags/example_dataset_alias.py
[2025-12-16T18:37:26.720+0000] {processor.py:914} INFO - Processing file /home/airflow/.local/lib/python3.12/site-packages/airflow/example_dags/example_dataset_alias.py for tasks to queue
[2025-12-16T18:37:26.724+0000] {logging_mixin.py:190} INFO - [2025-12-16T18:37:26.723+0000] {dagbag.py:588} INFO - Filling up the DagBag from /home/airflow/.local/lib/python3.12/site-packages/airflow/example_dags/example_dataset_alias.py
[2025-12-16T18:37:27.482+0000] {processor.py:925} INFO - DAG(s) 'dataset_alias_example_alias_consumer', 'dataset_alias_example_alias_producer', 'dataset_s3_bucket_producer', 'dataset_s3_bucket_consumer' retrieved from /home/airflow/.local/lib/python3.12/site-packages/airflow/example_dags/example_dataset_alias.py
[2025-12-16T18:37:27.506+0000] {logging_mixin.py:190} INFO - [2025-12-16T18:37:27.505+0000] {dag.py:3239} INFO - Sync 4 DAGs
[2025-12-16T18:37:27.534+0000] {logging_mixin.py:190} INFO - [2025-12-16T18:37:27.534+0000] {dag.py:4180} INFO - Setting next_dagrun for dataset_alias_example_alias_consumer to None, run_after=None
[2025-12-16T18:37:27.537+0000] {logging_mixin.py:190} INFO - [2025-12-16T18:37:27.537+0000] {dag.py:4180} INFO - Setting next_dagrun for dataset_alias_example_alias_producer to None, run_after=None
[2025-12-16T18:37:27.541+0000] {logging_mixin.py:190} INFO - [2025-12-16T18:37:27.541+0000] {dag.py:4180} INFO - Setting next_dagrun for dataset_s3_bucket_consumer to None, run_after=None
[2025-12-16T18:37:27.542+0000] {logging_mixin.py:190} INFO - [2025-12-16T18:37:27.542+0000] {dag.py:4180} INFO - Setting next_dagrun for dataset_s3_bucket_producer to None, run_after=None
[2025-12-16T18:37:27.567+0000] {processor.py:208} INFO - Processing /home/airflow/.local/lib/python3.12/site-packages/airflow/example_dags/example_dataset_alias.py took 0.855 seconds
[2025-12-16T18:37:57.846+0000] {processor.py:186} INFO - Started process (PID=4915) to work on /home/airflow/.local/lib/python3.12/site-packages/airflow/example_dags/example_dataset_alias.py
[2025-12-16T18:37:57.847+0000] {processor.py:914} INFO - Processing file /home/airflow/.local/lib/python3.12/site-packages/airflow/example_dags/example_dataset_alias.py for tasks to queue
[2025-12-16T18:37:57.850+0000] {logging_mixin.py:190} INFO - [2025-12-16T18:37:57.849+0000] {dagbag.py:588} INFO - Filling up the DagBag from /home/airflow/.local/lib/python3.12/site-packages/airflow/example_dags/example_dataset_alias.py
[2025-12-16T18:37:58.579+0000] {processor.py:925} INFO - DAG(s) 'dataset_s3_bucket_consumer', 'dataset_s3_bucket_producer', 'dataset_alias_example_alias_producer', 'dataset_alias_example_alias_consumer' retrieved from /home/airflow/.local/lib/python3.12/site-packages/airflow/example_dags/example_dataset_alias.py
[2025-12-16T18:37:58.603+0000] {logging_mixin.py:190} INFO - [2025-12-16T18:37:58.602+0000] {dag.py:3239} INFO - Sync 4 DAGs
[2025-12-16T18:37:58.629+0000] {logging_mixin.py:190} INFO - [2025-12-16T18:37:58.629+0000] {dag.py:4180} INFO - Setting next_dagrun for dataset_alias_example_alias_consumer to None, run_after=None
[2025-12-16T18:37:58.632+0000] {logging_mixin.py:190} INFO - [2025-12-16T18:37:58.632+0000] {dag.py:4180} INFO - Setting next_dagrun for dataset_alias_example_alias_producer to None, run_after=None
[2025-12-16T18:37:58.634+0000] {logging_mixin.py:190} INFO - [2025-12-16T18:37:58.633+0000] {dag.py:4180} INFO - Setting next_dagrun for dataset_s3_bucket_consumer to None, run_after=None
[2025-12-16T18:37:58.635+0000] {logging_mixin.py:190} INFO - [2025-12-16T18:37:58.635+0000] {dag.py:4180} INFO - Setting next_dagrun for dataset_s3_bucket_producer to None, run_after=None
[2025-12-16T18:37:58.660+0000] {processor.py:208} INFO - Processing /home/airflow/.local/lib/python3.12/site-packages/airflow/example_dags/example_dataset_alias.py took 0.821 seconds
[2025-12-16T18:38:29.448+0000] {processor.py:186} INFO - Started process (PID=5206) to work on /home/airflow/.local/lib/python3.12/site-packages/airflow/example_dags/example_dataset_alias.py
[2025-12-16T18:38:29.449+0000] {processor.py:914} INFO - Processing file /home/airflow/.local/lib/python3.12/site-packages/airflow/example_dags/example_dataset_alias.py for tasks to queue
[2025-12-16T18:38:29.452+0000] {logging_mixin.py:190} INFO - [2025-12-16T18:38:29.452+0000] {dagbag.py:588} INFO - Filling up the DagBag from /home/airflow/.local/lib/python3.12/site-packages/airflow/example_dags/example_dataset_alias.py
[2025-12-16T18:38:30.238+0000] {processor.py:925} INFO - DAG(s) 'dataset_alias_example_alias_producer', 'dataset_s3_bucket_consumer', 'dataset_alias_example_alias_consumer', 'dataset_s3_bucket_producer' retrieved from /home/airflow/.local/lib/python3.12/site-packages/airflow/example_dags/example_dataset_alias.py
[2025-12-16T18:38:30.265+0000] {logging_mixin.py:190} INFO - [2025-12-16T18:38:30.265+0000] {dag.py:3239} INFO - Sync 4 DAGs
[2025-12-16T18:38:30.294+0000] {logging_mixin.py:190} INFO - [2025-12-16T18:38:30.293+0000] {dag.py:4180} INFO - Setting next_dagrun for dataset_alias_example_alias_consumer to None, run_after=None
[2025-12-16T18:38:30.297+0000] {logging_mixin.py:190} INFO - [2025-12-16T18:38:30.297+0000] {dag.py:4180} INFO - Setting next_dagrun for dataset_alias_example_alias_producer to None, run_after=None
[2025-12-16T18:38:30.299+0000] {logging_mixin.py:190} INFO - [2025-12-16T18:38:30.299+0000] {dag.py:4180} INFO - Setting next_dagrun for dataset_s3_bucket_consumer to None, run_after=None
[2025-12-16T18:38:30.300+0000] {logging_mixin.py:190} INFO - [2025-12-16T18:38:30.300+0000] {dag.py:4180} INFO - Setting next_dagrun for dataset_s3_bucket_producer to None, run_after=None
[2025-12-16T18:38:30.324+0000] {processor.py:208} INFO - Processing /home/airflow/.local/lib/python3.12/site-packages/airflow/example_dags/example_dataset_alias.py took 0.885 seconds
[2025-12-16T18:39:00.428+0000] {processor.py:186} INFO - Started process (PID=5497) to work on /home/airflow/.local/lib/python3.12/site-packages/airflow/example_dags/example_dataset_alias.py
[2025-12-16T18:39:00.429+0000] {processor.py:914} INFO - Processing file /home/airflow/.local/lib/python3.12/site-packages/airflow/example_dags/example_dataset_alias.py for tasks to queue
[2025-12-16T18:39:00.432+0000] {logging_mixin.py:190} INFO - [2025-12-16T18:39:00.431+0000] {dagbag.py:588} INFO - Filling up the DagBag from /home/airflow/.local/lib/python3.12/site-packages/airflow/example_dags/example_dataset_alias.py
[2025-12-16T18:39:01.177+0000] {processor.py:925} INFO - DAG(s) 'dataset_s3_bucket_producer', 'dataset_alias_example_alias_consumer', 'dataset_alias_example_alias_producer', 'dataset_s3_bucket_consumer' retrieved from /home/airflow/.local/lib/python3.12/site-packages/airflow/example_dags/example_dataset_alias.py
[2025-12-16T18:39:01.200+0000] {logging_mixin.py:190} INFO - [2025-12-16T18:39:01.200+0000] {dag.py:3239} INFO - Sync 4 DAGs
[2025-12-16T18:39:01.228+0000] {logging_mixin.py:190} INFO - [2025-12-16T18:39:01.227+0000] {dag.py:4180} INFO - Setting next_dagrun for dataset_alias_example_alias_consumer to None, run_after=None
[2025-12-16T18:39:01.231+0000] {logging_mixin.py:190} INFO - [2025-12-16T18:39:01.230+0000] {dag.py:4180} INFO - Setting next_dagrun for dataset_alias_example_alias_producer to None, run_after=None
[2025-12-16T18:39:01.232+0000] {logging_mixin.py:190} INFO - [2025-12-16T18:39:01.232+0000] {dag.py:4180} INFO - Setting next_dagrun for dataset_s3_bucket_consumer to None, run_after=None
[2025-12-16T18:39:01.234+0000] {logging_mixin.py:190} INFO - [2025-12-16T18:39:01.234+0000] {dag.py:4180} INFO - Setting next_dagrun for dataset_s3_bucket_producer to None, run_after=None
[2025-12-16T18:39:01.259+0000] {processor.py:208} INFO - Processing /home/airflow/.local/lib/python3.12/site-packages/airflow/example_dags/example_dataset_alias.py took 0.840 seconds
[2025-12-16T18:39:32.038+0000] {processor.py:186} INFO - Started process (PID=5788) to work on /home/airflow/.local/lib/python3.12/site-packages/airflow/example_dags/example_dataset_alias.py
[2025-12-16T18:39:32.039+0000] {processor.py:914} INFO - Processing file /home/airflow/.local/lib/python3.12/site-packages/airflow/example_dags/example_dataset_alias.py for tasks to queue
[2025-12-16T18:39:32.042+0000] {logging_mixin.py:190} INFO - [2025-12-16T18:39:32.042+0000] {dagbag.py:588} INFO - Filling up the DagBag from /home/airflow/.local/lib/python3.12/site-packages/airflow/example_dags/example_dataset_alias.py
[2025-12-16T18:39:32.771+0000] {processor.py:925} INFO - DAG(s) 'dataset_s3_bucket_consumer', 'dataset_alias_example_alias_consumer', 'dataset_alias_example_alias_producer', 'dataset_s3_bucket_producer' retrieved from /home/airflow/.local/lib/python3.12/site-packages/airflow/example_dags/example_dataset_alias.py
[2025-12-16T18:39:32.793+0000] {logging_mixin.py:190} INFO - [2025-12-16T18:39:32.793+0000] {dag.py:3239} INFO - Sync 4 DAGs
[2025-12-16T18:39:32.821+0000] {logging_mixin.py:190} INFO - [2025-12-16T18:39:32.821+0000] {dag.py:4180} INFO - Setting next_dagrun for dataset_alias_example_alias_consumer to None, run_after=None
[2025-12-16T18:39:32.824+0000] {logging_mixin.py:190} INFO - [2025-12-16T18:39:32.824+0000] {dag.py:4180} INFO - Setting next_dagrun for dataset_alias_example_alias_producer to None, run_after=None
[2025-12-16T18:39:32.825+0000] {logging_mixin.py:190} INFO - [2025-12-16T18:39:32.825+0000] {dag.py:4180} INFO - Setting next_dagrun for dataset_s3_bucket_consumer to None, run_after=None
[2025-12-16T18:39:32.827+0000] {logging_mixin.py:190} INFO - [2025-12-16T18:39:32.826+0000] {dag.py:4180} INFO - Setting next_dagrun for dataset_s3_bucket_producer to None, run_after=None
[2025-12-16T18:39:32.850+0000] {processor.py:208} INFO - Processing /home/airflow/.local/lib/python3.12/site-packages/airflow/example_dags/example_dataset_alias.py took 0.818 seconds
[2025-12-16T18:40:03.299+0000] {processor.py:186} INFO - Started process (PID=6079) to work on /home/airflow/.local/lib/python3.12/site-packages/airflow/example_dags/example_dataset_alias.py
[2025-12-16T18:40:03.300+0000] {processor.py:914} INFO - Processing file /home/airflow/.local/lib/python3.12/site-packages/airflow/example_dags/example_dataset_alias.py for tasks to queue
[2025-12-16T18:40:03.303+0000] {logging_mixin.py:190} INFO - [2025-12-16T18:40:03.302+0000] {dagbag.py:588} INFO - Filling up the DagBag from /home/airflow/.local/lib/python3.12/site-packages/airflow/example_dags/example_dataset_alias.py
[2025-12-16T18:40:04.030+0000] {processor.py:925} INFO - DAG(s) 'dataset_s3_bucket_producer', 'dataset_alias_example_alias_consumer', 'dataset_alias_example_alias_producer', 'dataset_s3_bucket_consumer' retrieved from /home/airflow/.local/lib/python3.12/site-packages/airflow/example_dags/example_dataset_alias.py
[2025-12-16T18:40:04.057+0000] {logging_mixin.py:190} INFO - [2025-12-16T18:40:04.057+0000] {dag.py:3239} INFO - Sync 4 DAGs
[2025-12-16T18:40:04.087+0000] {logging_mixin.py:190} INFO - [2025-12-16T18:40:04.087+0000] {dag.py:4180} INFO - Setting next_dagrun for dataset_alias_example_alias_consumer to None, run_after=None
[2025-12-16T18:40:04.090+0000] {logging_mixin.py:190} INFO - [2025-12-16T18:40:04.090+0000] {dag.py:4180} INFO - Setting next_dagrun for dataset_alias_example_alias_producer to None, run_after=None
[2025-12-16T18:40:04.092+0000] {logging_mixin.py:190} INFO - [2025-12-16T18:40:04.091+0000] {dag.py:4180} INFO - Setting next_dagrun for dataset_s3_bucket_consumer to None, run_after=None
[2025-12-16T18:40:04.093+0000] {logging_mixin.py:190} INFO - [2025-12-16T18:40:04.093+0000] {dag.py:4180} INFO - Setting next_dagrun for dataset_s3_bucket_producer to None, run_after=None
[2025-12-16T18:40:04.118+0000] {processor.py:208} INFO - Processing /home/airflow/.local/lib/python3.12/site-packages/airflow/example_dags/example_dataset_alias.py took 0.826 seconds
[2025-12-16T18:40:34.743+0000] {processor.py:186} INFO - Started process (PID=6370) to work on /home/airflow/.local/lib/python3.12/site-packages/airflow/example_dags/example_dataset_alias.py
[2025-12-16T18:40:34.744+0000] {processor.py:914} INFO - Processing file /home/airflow/.local/lib/python3.12/site-packages/airflow/example_dags/example_dataset_alias.py for tasks to queue
[2025-12-16T18:40:34.747+0000] {logging_mixin.py:190} INFO - [2025-12-16T18:40:34.746+0000] {dagbag.py:588} INFO - Filling up the DagBag from /home/airflow/.local/lib/python3.12/site-packages/airflow/example_dags/example_dataset_alias.py
[2025-12-16T18:40:35.573+0000] {processor.py:925} INFO - DAG(s) 'dataset_s3_bucket_producer', 'dataset_alias_example_alias_producer', 'dataset_s3_bucket_consumer', 'dataset_alias_example_alias_consumer' retrieved from /home/airflow/.local/lib/python3.12/site-packages/airflow/example_dags/example_dataset_alias.py
[2025-12-16T18:40:35.602+0000] {logging_mixin.py:190} INFO - [2025-12-16T18:40:35.601+0000] {dag.py:3239} INFO - Sync 4 DAGs
[2025-12-16T18:40:35.630+0000] {logging_mixin.py:190} INFO - [2025-12-16T18:40:35.630+0000] {dag.py:4180} INFO - Setting next_dagrun for dataset_alias_example_alias_consumer to None, run_after=None
[2025-12-16T18:40:35.633+0000] {logging_mixin.py:190} INFO - [2025-12-16T18:40:35.633+0000] {dag.py:4180} INFO - Setting next_dagrun for dataset_alias_example_alias_producer to None, run_after=None
[2025-12-16T18:40:35.637+0000] {logging_mixin.py:190} INFO - [2025-12-16T18:40:35.636+0000] {dag.py:4180} INFO - Setting next_dagrun for dataset_s3_bucket_consumer to None, run_after=None
[2025-12-16T18:40:35.638+0000] {logging_mixin.py:190} INFO - [2025-12-16T18:40:35.638+0000] {dag.py:4180} INFO - Setting next_dagrun for dataset_s3_bucket_producer to None, run_after=None
[2025-12-16T18:40:35.663+0000] {processor.py:208} INFO - Processing /home/airflow/.local/lib/python3.12/site-packages/airflow/example_dags/example_dataset_alias.py took 0.930 seconds
