[2025-12-16T18:26:48.528+0000] {processor.py:186} INFO - Started process (PID=382) to work on /home/airflow/.local/lib/python3.12/site-packages/airflow/example_dags/example_skip_dag.py
[2025-12-16T18:26:48.529+0000] {processor.py:914} INFO - Processing file /home/airflow/.local/lib/python3.12/site-packages/airflow/example_dags/example_skip_dag.py for tasks to queue
[2025-12-16T18:26:48.531+0000] {logging_mixin.py:190} INFO - [2025-12-16T18:26:48.531+0000] {dagbag.py:588} INFO - Filling up the DagBag from /home/airflow/.local/lib/python3.12/site-packages/airflow/example_dags/example_skip_dag.py
[2025-12-16T18:26:48.543+0000] {processor.py:925} INFO - DAG(s) 'example_skip_dag' retrieved from /home/airflow/.local/lib/python3.12/site-packages/airflow/example_dags/example_skip_dag.py
[2025-12-16T18:26:48.675+0000] {logging_mixin.py:190} INFO - [2025-12-16T18:26:48.674+0000] {override.py:1911} INFO - Created Permission View: can read on DAG:example_skip_dag
[2025-12-16T18:26:48.685+0000] {logging_mixin.py:190} INFO - [2025-12-16T18:26:48.685+0000] {override.py:1911} INFO - Created Permission View: can delete on DAG:example_skip_dag
[2025-12-16T18:26:48.692+0000] {logging_mixin.py:190} INFO - [2025-12-16T18:26:48.691+0000] {override.py:1911} INFO - Created Permission View: can edit on DAG:example_skip_dag
[2025-12-16T18:26:48.699+0000] {logging_mixin.py:190} INFO - [2025-12-16T18:26:48.699+0000] {override.py:1911} INFO - Created Permission View: can read on DAG Run:example_skip_dag
[2025-12-16T18:26:48.705+0000] {logging_mixin.py:190} INFO - [2025-12-16T18:26:48.705+0000] {override.py:1911} INFO - Created Permission View: can create on DAG Run:example_skip_dag
[2025-12-16T18:26:48.712+0000] {logging_mixin.py:190} INFO - [2025-12-16T18:26:48.712+0000] {override.py:1911} INFO - Created Permission View: menu access on DAG Run:example_skip_dag
[2025-12-16T18:26:48.718+0000] {logging_mixin.py:190} INFO - [2025-12-16T18:26:48.718+0000] {override.py:1911} INFO - Created Permission View: can delete on DAG Run:example_skip_dag
[2025-12-16T18:26:48.719+0000] {logging_mixin.py:190} INFO - [2025-12-16T18:26:48.718+0000] {dag.py:3239} INFO - Sync 1 DAGs
[2025-12-16T18:26:48.735+0000] {logging_mixin.py:190} INFO - [2025-12-16T18:26:48.734+0000] {dag.py:3262} INFO - Creating ORM DAG for example_skip_dag
[2025-12-16T18:26:48.747+0000] {logging_mixin.py:190} INFO - [2025-12-16T18:26:48.747+0000] {dag.py:4180} INFO - Setting next_dagrun for example_skip_dag to 2025-12-15 00:00:00+00:00, run_after=2025-12-16 00:00:00+00:00
[2025-12-16T18:26:48.764+0000] {processor.py:208} INFO - Processing /home/airflow/.local/lib/python3.12/site-packages/airflow/example_dags/example_skip_dag.py took 0.244 seconds
[2025-12-16T18:27:19.304+0000] {processor.py:186} INFO - Started process (PID=673) to work on /home/airflow/.local/lib/python3.12/site-packages/airflow/example_dags/example_skip_dag.py
[2025-12-16T18:27:19.305+0000] {processor.py:914} INFO - Processing file /home/airflow/.local/lib/python3.12/site-packages/airflow/example_dags/example_skip_dag.py for tasks to queue
[2025-12-16T18:27:19.309+0000] {logging_mixin.py:190} INFO - [2025-12-16T18:27:19.308+0000] {dagbag.py:588} INFO - Filling up the DagBag from /home/airflow/.local/lib/python3.12/site-packages/airflow/example_dags/example_skip_dag.py
[2025-12-16T18:27:19.322+0000] {processor.py:925} INFO - DAG(s) 'example_skip_dag' retrieved from /home/airflow/.local/lib/python3.12/site-packages/airflow/example_dags/example_skip_dag.py
[2025-12-16T18:27:19.359+0000] {logging_mixin.py:190} INFO - [2025-12-16T18:27:19.359+0000] {dag.py:3239} INFO - Sync 1 DAGs
[2025-12-16T18:27:19.397+0000] {logging_mixin.py:190} INFO - [2025-12-16T18:27:19.396+0000] {dag.py:4180} INFO - Setting next_dagrun for example_skip_dag to 2025-12-15 00:00:00+00:00, run_after=2025-12-16 00:00:00+00:00
[2025-12-16T18:27:19.430+0000] {processor.py:208} INFO - Processing /home/airflow/.local/lib/python3.12/site-packages/airflow/example_dags/example_skip_dag.py took 0.137 seconds
[2025-12-16T18:27:50.265+0000] {processor.py:186} INFO - Started process (PID=966) to work on /home/airflow/.local/lib/python3.12/site-packages/airflow/example_dags/example_skip_dag.py
[2025-12-16T18:27:50.266+0000] {processor.py:914} INFO - Processing file /home/airflow/.local/lib/python3.12/site-packages/airflow/example_dags/example_skip_dag.py for tasks to queue
[2025-12-16T18:27:50.269+0000] {logging_mixin.py:190} INFO - [2025-12-16T18:27:50.269+0000] {dagbag.py:588} INFO - Filling up the DagBag from /home/airflow/.local/lib/python3.12/site-packages/airflow/example_dags/example_skip_dag.py
[2025-12-16T18:27:50.279+0000] {processor.py:925} INFO - DAG(s) 'example_skip_dag' retrieved from /home/airflow/.local/lib/python3.12/site-packages/airflow/example_dags/example_skip_dag.py
[2025-12-16T18:27:50.304+0000] {logging_mixin.py:190} INFO - [2025-12-16T18:27:50.303+0000] {dag.py:3239} INFO - Sync 1 DAGs
[2025-12-16T18:27:50.332+0000] {logging_mixin.py:190} INFO - [2025-12-16T18:27:50.331+0000] {dag.py:4180} INFO - Setting next_dagrun for example_skip_dag to 2025-12-15 00:00:00+00:00, run_after=2025-12-16 00:00:00+00:00
[2025-12-16T18:27:50.358+0000] {processor.py:208} INFO - Processing /home/airflow/.local/lib/python3.12/site-packages/airflow/example_dags/example_skip_dag.py took 0.100 seconds
[2025-12-16T18:29:43.496+0000] {processor.py:186} INFO - Started process (PID=384) to work on /home/airflow/.local/lib/python3.12/site-packages/airflow/example_dags/example_skip_dag.py
[2025-12-16T18:29:43.497+0000] {processor.py:914} INFO - Processing file /home/airflow/.local/lib/python3.12/site-packages/airflow/example_dags/example_skip_dag.py for tasks to queue
[2025-12-16T18:29:43.500+0000] {logging_mixin.py:190} INFO - [2025-12-16T18:29:43.499+0000] {dagbag.py:588} INFO - Filling up the DagBag from /home/airflow/.local/lib/python3.12/site-packages/airflow/example_dags/example_skip_dag.py
[2025-12-16T18:29:43.512+0000] {processor.py:925} INFO - DAG(s) 'example_skip_dag' retrieved from /home/airflow/.local/lib/python3.12/site-packages/airflow/example_dags/example_skip_dag.py
[2025-12-16T18:29:43.537+0000] {logging_mixin.py:190} INFO - [2025-12-16T18:29:43.537+0000] {dag.py:3239} INFO - Sync 1 DAGs
[2025-12-16T18:29:43.566+0000] {logging_mixin.py:190} INFO - [2025-12-16T18:29:43.566+0000] {dag.py:4180} INFO - Setting next_dagrun for example_skip_dag to 2025-12-15 00:00:00+00:00, run_after=2025-12-16 00:00:00+00:00
[2025-12-16T18:29:43.585+0000] {processor.py:208} INFO - Processing /home/airflow/.local/lib/python3.12/site-packages/airflow/example_dags/example_skip_dag.py took 0.096 seconds
[2025-12-16T18:30:15.460+0000] {processor.py:186} INFO - Started process (PID=673) to work on /home/airflow/.local/lib/python3.12/site-packages/airflow/example_dags/example_skip_dag.py
[2025-12-16T18:30:15.461+0000] {processor.py:914} INFO - Processing file /home/airflow/.local/lib/python3.12/site-packages/airflow/example_dags/example_skip_dag.py for tasks to queue
[2025-12-16T18:30:15.464+0000] {logging_mixin.py:190} INFO - [2025-12-16T18:30:15.463+0000] {dagbag.py:588} INFO - Filling up the DagBag from /home/airflow/.local/lib/python3.12/site-packages/airflow/example_dags/example_skip_dag.py
[2025-12-16T18:30:15.474+0000] {processor.py:925} INFO - DAG(s) 'example_skip_dag' retrieved from /home/airflow/.local/lib/python3.12/site-packages/airflow/example_dags/example_skip_dag.py
[2025-12-16T18:30:15.500+0000] {logging_mixin.py:190} INFO - [2025-12-16T18:30:15.500+0000] {dag.py:3239} INFO - Sync 1 DAGs
[2025-12-16T18:30:15.532+0000] {logging_mixin.py:190} INFO - [2025-12-16T18:30:15.531+0000] {dag.py:4180} INFO - Setting next_dagrun for example_skip_dag to 2025-12-15 00:00:00+00:00, run_after=2025-12-16 00:00:00+00:00
[2025-12-16T18:30:15.573+0000] {processor.py:208} INFO - Processing /home/airflow/.local/lib/python3.12/site-packages/airflow/example_dags/example_skip_dag.py took 0.120 seconds
[2025-12-16T18:30:46.050+0000] {processor.py:186} INFO - Started process (PID=966) to work on /home/airflow/.local/lib/python3.12/site-packages/airflow/example_dags/example_skip_dag.py
[2025-12-16T18:30:46.051+0000] {processor.py:914} INFO - Processing file /home/airflow/.local/lib/python3.12/site-packages/airflow/example_dags/example_skip_dag.py for tasks to queue
[2025-12-16T18:30:46.054+0000] {logging_mixin.py:190} INFO - [2025-12-16T18:30:46.054+0000] {dagbag.py:588} INFO - Filling up the DagBag from /home/airflow/.local/lib/python3.12/site-packages/airflow/example_dags/example_skip_dag.py
[2025-12-16T18:30:46.064+0000] {processor.py:925} INFO - DAG(s) 'example_skip_dag' retrieved from /home/airflow/.local/lib/python3.12/site-packages/airflow/example_dags/example_skip_dag.py
[2025-12-16T18:30:46.087+0000] {logging_mixin.py:190} INFO - [2025-12-16T18:30:46.087+0000] {dag.py:3239} INFO - Sync 1 DAGs
[2025-12-16T18:30:46.114+0000] {logging_mixin.py:190} INFO - [2025-12-16T18:30:46.114+0000] {dag.py:4180} INFO - Setting next_dagrun for example_skip_dag to 2025-12-15 00:00:00+00:00, run_after=2025-12-16 00:00:00+00:00
[2025-12-16T18:30:46.133+0000] {processor.py:208} INFO - Processing /home/airflow/.local/lib/python3.12/site-packages/airflow/example_dags/example_skip_dag.py took 0.090 seconds
[2025-12-16T18:31:17.938+0000] {processor.py:186} INFO - Started process (PID=1255) to work on /home/airflow/.local/lib/python3.12/site-packages/airflow/example_dags/example_skip_dag.py
[2025-12-16T18:31:17.939+0000] {processor.py:914} INFO - Processing file /home/airflow/.local/lib/python3.12/site-packages/airflow/example_dags/example_skip_dag.py for tasks to queue
[2025-12-16T18:31:17.942+0000] {logging_mixin.py:190} INFO - [2025-12-16T18:31:17.942+0000] {dagbag.py:588} INFO - Filling up the DagBag from /home/airflow/.local/lib/python3.12/site-packages/airflow/example_dags/example_skip_dag.py
[2025-12-16T18:31:17.952+0000] {processor.py:925} INFO - DAG(s) 'example_skip_dag' retrieved from /home/airflow/.local/lib/python3.12/site-packages/airflow/example_dags/example_skip_dag.py
[2025-12-16T18:31:17.977+0000] {logging_mixin.py:190} INFO - [2025-12-16T18:31:17.977+0000] {dag.py:3239} INFO - Sync 1 DAGs
[2025-12-16T18:31:18.004+0000] {logging_mixin.py:190} INFO - [2025-12-16T18:31:18.004+0000] {dag.py:4180} INFO - Setting next_dagrun for example_skip_dag to 2025-12-15 00:00:00+00:00, run_after=2025-12-16 00:00:00+00:00
[2025-12-16T18:31:18.027+0000] {processor.py:208} INFO - Processing /home/airflow/.local/lib/python3.12/site-packages/airflow/example_dags/example_skip_dag.py took 0.096 seconds
[2025-12-16T18:31:48.274+0000] {processor.py:186} INFO - Started process (PID=1546) to work on /home/airflow/.local/lib/python3.12/site-packages/airflow/example_dags/example_skip_dag.py
[2025-12-16T18:31:48.275+0000] {processor.py:914} INFO - Processing file /home/airflow/.local/lib/python3.12/site-packages/airflow/example_dags/example_skip_dag.py for tasks to queue
[2025-12-16T18:31:48.278+0000] {logging_mixin.py:190} INFO - [2025-12-16T18:31:48.278+0000] {dagbag.py:588} INFO - Filling up the DagBag from /home/airflow/.local/lib/python3.12/site-packages/airflow/example_dags/example_skip_dag.py
[2025-12-16T18:31:48.288+0000] {processor.py:925} INFO - DAG(s) 'example_skip_dag' retrieved from /home/airflow/.local/lib/python3.12/site-packages/airflow/example_dags/example_skip_dag.py
[2025-12-16T18:31:48.313+0000] {logging_mixin.py:190} INFO - [2025-12-16T18:31:48.312+0000] {dag.py:3239} INFO - Sync 1 DAGs
[2025-12-16T18:31:48.340+0000] {logging_mixin.py:190} INFO - [2025-12-16T18:31:48.339+0000] {dag.py:4180} INFO - Setting next_dagrun for example_skip_dag to 2025-12-15 00:00:00+00:00, run_after=2025-12-16 00:00:00+00:00
[2025-12-16T18:31:48.358+0000] {processor.py:208} INFO - Processing /home/airflow/.local/lib/python3.12/site-packages/airflow/example_dags/example_skip_dag.py took 0.092 seconds
[2025-12-16T18:32:18.799+0000] {processor.py:186} INFO - Started process (PID=1832) to work on /home/airflow/.local/lib/python3.12/site-packages/airflow/example_dags/example_skip_dag.py
[2025-12-16T18:32:18.801+0000] {processor.py:914} INFO - Processing file /home/airflow/.local/lib/python3.12/site-packages/airflow/example_dags/example_skip_dag.py for tasks to queue
[2025-12-16T18:32:18.803+0000] {logging_mixin.py:190} INFO - [2025-12-16T18:32:18.803+0000] {dagbag.py:588} INFO - Filling up the DagBag from /home/airflow/.local/lib/python3.12/site-packages/airflow/example_dags/example_skip_dag.py
[2025-12-16T18:32:18.814+0000] {processor.py:925} INFO - DAG(s) 'example_skip_dag' retrieved from /home/airflow/.local/lib/python3.12/site-packages/airflow/example_dags/example_skip_dag.py
[2025-12-16T18:32:18.839+0000] {logging_mixin.py:190} INFO - [2025-12-16T18:32:18.839+0000] {dag.py:3239} INFO - Sync 1 DAGs
[2025-12-16T18:32:18.870+0000] {logging_mixin.py:190} INFO - [2025-12-16T18:32:18.870+0000] {dag.py:4180} INFO - Setting next_dagrun for example_skip_dag to 2025-12-15 00:00:00+00:00, run_after=2025-12-16 00:00:00+00:00
[2025-12-16T18:32:18.890+0000] {processor.py:208} INFO - Processing /home/airflow/.local/lib/python3.12/site-packages/airflow/example_dags/example_skip_dag.py took 0.098 seconds
[2025-12-16T18:32:49.944+0000] {processor.py:186} INFO - Started process (PID=2123) to work on /home/airflow/.local/lib/python3.12/site-packages/airflow/example_dags/example_skip_dag.py
[2025-12-16T18:32:49.946+0000] {processor.py:914} INFO - Processing file /home/airflow/.local/lib/python3.12/site-packages/airflow/example_dags/example_skip_dag.py for tasks to queue
[2025-12-16T18:32:49.948+0000] {logging_mixin.py:190} INFO - [2025-12-16T18:32:49.948+0000] {dagbag.py:588} INFO - Filling up the DagBag from /home/airflow/.local/lib/python3.12/site-packages/airflow/example_dags/example_skip_dag.py
[2025-12-16T18:32:49.959+0000] {processor.py:925} INFO - DAG(s) 'example_skip_dag' retrieved from /home/airflow/.local/lib/python3.12/site-packages/airflow/example_dags/example_skip_dag.py
[2025-12-16T18:32:49.986+0000] {logging_mixin.py:190} INFO - [2025-12-16T18:32:49.985+0000] {dag.py:3239} INFO - Sync 1 DAGs
[2025-12-16T18:32:50.019+0000] {logging_mixin.py:190} INFO - [2025-12-16T18:32:50.019+0000] {dag.py:4180} INFO - Setting next_dagrun for example_skip_dag to 2025-12-15 00:00:00+00:00, run_after=2025-12-16 00:00:00+00:00
[2025-12-16T18:32:50.042+0000] {processor.py:208} INFO - Processing /home/airflow/.local/lib/python3.12/site-packages/airflow/example_dags/example_skip_dag.py took 0.105 seconds
[2025-12-16T18:33:21.355+0000] {processor.py:186} INFO - Started process (PID=2414) to work on /home/airflow/.local/lib/python3.12/site-packages/airflow/example_dags/example_skip_dag.py
[2025-12-16T18:33:21.356+0000] {processor.py:914} INFO - Processing file /home/airflow/.local/lib/python3.12/site-packages/airflow/example_dags/example_skip_dag.py for tasks to queue
[2025-12-16T18:33:21.359+0000] {logging_mixin.py:190} INFO - [2025-12-16T18:33:21.358+0000] {dagbag.py:588} INFO - Filling up the DagBag from /home/airflow/.local/lib/python3.12/site-packages/airflow/example_dags/example_skip_dag.py
[2025-12-16T18:33:21.368+0000] {processor.py:925} INFO - DAG(s) 'example_skip_dag' retrieved from /home/airflow/.local/lib/python3.12/site-packages/airflow/example_dags/example_skip_dag.py
[2025-12-16T18:33:21.393+0000] {logging_mixin.py:190} INFO - [2025-12-16T18:33:21.392+0000] {dag.py:3239} INFO - Sync 1 DAGs
[2025-12-16T18:33:21.420+0000] {logging_mixin.py:190} INFO - [2025-12-16T18:33:21.420+0000] {dag.py:4180} INFO - Setting next_dagrun for example_skip_dag to 2025-12-15 00:00:00+00:00, run_after=2025-12-16 00:00:00+00:00
[2025-12-16T18:33:21.438+0000] {processor.py:208} INFO - Processing /home/airflow/.local/lib/python3.12/site-packages/airflow/example_dags/example_skip_dag.py took 0.091 seconds
[2025-12-16T18:33:52.342+0000] {processor.py:186} INFO - Started process (PID=2705) to work on /home/airflow/.local/lib/python3.12/site-packages/airflow/example_dags/example_skip_dag.py
[2025-12-16T18:33:52.343+0000] {processor.py:914} INFO - Processing file /home/airflow/.local/lib/python3.12/site-packages/airflow/example_dags/example_skip_dag.py for tasks to queue
[2025-12-16T18:33:52.345+0000] {logging_mixin.py:190} INFO - [2025-12-16T18:33:52.345+0000] {dagbag.py:588} INFO - Filling up the DagBag from /home/airflow/.local/lib/python3.12/site-packages/airflow/example_dags/example_skip_dag.py
[2025-12-16T18:33:52.356+0000] {processor.py:925} INFO - DAG(s) 'example_skip_dag' retrieved from /home/airflow/.local/lib/python3.12/site-packages/airflow/example_dags/example_skip_dag.py
[2025-12-16T18:33:52.382+0000] {logging_mixin.py:190} INFO - [2025-12-16T18:33:52.382+0000] {dag.py:3239} INFO - Sync 1 DAGs
[2025-12-16T18:33:52.412+0000] {logging_mixin.py:190} INFO - [2025-12-16T18:33:52.412+0000] {dag.py:4180} INFO - Setting next_dagrun for example_skip_dag to 2025-12-15 00:00:00+00:00, run_after=2025-12-16 00:00:00+00:00
[2025-12-16T18:33:52.434+0000] {processor.py:208} INFO - Processing /home/airflow/.local/lib/python3.12/site-packages/airflow/example_dags/example_skip_dag.py took 0.101 seconds
[2025-12-16T18:34:23.241+0000] {processor.py:186} INFO - Started process (PID=2996) to work on /home/airflow/.local/lib/python3.12/site-packages/airflow/example_dags/example_skip_dag.py
[2025-12-16T18:34:23.242+0000] {processor.py:914} INFO - Processing file /home/airflow/.local/lib/python3.12/site-packages/airflow/example_dags/example_skip_dag.py for tasks to queue
[2025-12-16T18:34:23.245+0000] {logging_mixin.py:190} INFO - [2025-12-16T18:34:23.244+0000] {dagbag.py:588} INFO - Filling up the DagBag from /home/airflow/.local/lib/python3.12/site-packages/airflow/example_dags/example_skip_dag.py
[2025-12-16T18:34:23.255+0000] {processor.py:925} INFO - DAG(s) 'example_skip_dag' retrieved from /home/airflow/.local/lib/python3.12/site-packages/airflow/example_dags/example_skip_dag.py
[2025-12-16T18:34:23.281+0000] {logging_mixin.py:190} INFO - [2025-12-16T18:34:23.281+0000] {dag.py:3239} INFO - Sync 1 DAGs
[2025-12-16T18:34:23.310+0000] {logging_mixin.py:190} INFO - [2025-12-16T18:34:23.310+0000] {dag.py:4180} INFO - Setting next_dagrun for example_skip_dag to 2025-12-15 00:00:00+00:00, run_after=2025-12-16 00:00:00+00:00
[2025-12-16T18:34:23.330+0000] {processor.py:208} INFO - Processing /home/airflow/.local/lib/python3.12/site-packages/airflow/example_dags/example_skip_dag.py took 0.097 seconds
[2025-12-16T18:34:54.450+0000] {processor.py:186} INFO - Started process (PID=3287) to work on /home/airflow/.local/lib/python3.12/site-packages/airflow/example_dags/example_skip_dag.py
[2025-12-16T18:34:54.451+0000] {processor.py:914} INFO - Processing file /home/airflow/.local/lib/python3.12/site-packages/airflow/example_dags/example_skip_dag.py for tasks to queue
[2025-12-16T18:34:54.453+0000] {logging_mixin.py:190} INFO - [2025-12-16T18:34:54.453+0000] {dagbag.py:588} INFO - Filling up the DagBag from /home/airflow/.local/lib/python3.12/site-packages/airflow/example_dags/example_skip_dag.py
[2025-12-16T18:34:54.463+0000] {processor.py:925} INFO - DAG(s) 'example_skip_dag' retrieved from /home/airflow/.local/lib/python3.12/site-packages/airflow/example_dags/example_skip_dag.py
[2025-12-16T18:34:54.492+0000] {logging_mixin.py:190} INFO - [2025-12-16T18:34:54.491+0000] {dag.py:3239} INFO - Sync 1 DAGs
[2025-12-16T18:34:54.520+0000] {logging_mixin.py:190} INFO - [2025-12-16T18:34:54.520+0000] {dag.py:4180} INFO - Setting next_dagrun for example_skip_dag to 2025-12-15 00:00:00+00:00, run_after=2025-12-16 00:00:00+00:00
[2025-12-16T18:34:54.540+0000] {processor.py:208} INFO - Processing /home/airflow/.local/lib/python3.12/site-packages/airflow/example_dags/example_skip_dag.py took 0.097 seconds
[2025-12-16T18:35:25.759+0000] {processor.py:186} INFO - Started process (PID=3578) to work on /home/airflow/.local/lib/python3.12/site-packages/airflow/example_dags/example_skip_dag.py
[2025-12-16T18:35:25.761+0000] {processor.py:914} INFO - Processing file /home/airflow/.local/lib/python3.12/site-packages/airflow/example_dags/example_skip_dag.py for tasks to queue
[2025-12-16T18:35:25.763+0000] {logging_mixin.py:190} INFO - [2025-12-16T18:35:25.763+0000] {dagbag.py:588} INFO - Filling up the DagBag from /home/airflow/.local/lib/python3.12/site-packages/airflow/example_dags/example_skip_dag.py
[2025-12-16T18:35:25.775+0000] {processor.py:925} INFO - DAG(s) 'example_skip_dag' retrieved from /home/airflow/.local/lib/python3.12/site-packages/airflow/example_dags/example_skip_dag.py
[2025-12-16T18:35:25.803+0000] {logging_mixin.py:190} INFO - [2025-12-16T18:35:25.803+0000] {dag.py:3239} INFO - Sync 1 DAGs
[2025-12-16T18:35:25.837+0000] {logging_mixin.py:190} INFO - [2025-12-16T18:35:25.837+0000] {dag.py:4180} INFO - Setting next_dagrun for example_skip_dag to 2025-12-15 00:00:00+00:00, run_after=2025-12-16 00:00:00+00:00
[2025-12-16T18:35:25.859+0000] {processor.py:208} INFO - Processing /home/airflow/.local/lib/python3.12/site-packages/airflow/example_dags/example_skip_dag.py took 0.108 seconds
[2025-12-16T18:35:57.011+0000] {processor.py:186} INFO - Started process (PID=3869) to work on /home/airflow/.local/lib/python3.12/site-packages/airflow/example_dags/example_skip_dag.py
[2025-12-16T18:35:57.012+0000] {processor.py:914} INFO - Processing file /home/airflow/.local/lib/python3.12/site-packages/airflow/example_dags/example_skip_dag.py for tasks to queue
[2025-12-16T18:35:57.015+0000] {logging_mixin.py:190} INFO - [2025-12-16T18:35:57.015+0000] {dagbag.py:588} INFO - Filling up the DagBag from /home/airflow/.local/lib/python3.12/site-packages/airflow/example_dags/example_skip_dag.py
[2025-12-16T18:35:57.026+0000] {processor.py:925} INFO - DAG(s) 'example_skip_dag' retrieved from /home/airflow/.local/lib/python3.12/site-packages/airflow/example_dags/example_skip_dag.py
[2025-12-16T18:35:57.050+0000] {logging_mixin.py:190} INFO - [2025-12-16T18:35:57.049+0000] {dag.py:3239} INFO - Sync 1 DAGs
[2025-12-16T18:35:57.078+0000] {logging_mixin.py:190} INFO - [2025-12-16T18:35:57.078+0000] {dag.py:4180} INFO - Setting next_dagrun for example_skip_dag to 2025-12-15 00:00:00+00:00, run_after=2025-12-16 00:00:00+00:00
[2025-12-16T18:35:57.097+0000] {processor.py:208} INFO - Processing /home/airflow/.local/lib/python3.12/site-packages/airflow/example_dags/example_skip_dag.py took 0.093 seconds
[2025-12-16T18:36:28.160+0000] {processor.py:186} INFO - Started process (PID=4160) to work on /home/airflow/.local/lib/python3.12/site-packages/airflow/example_dags/example_skip_dag.py
[2025-12-16T18:36:28.161+0000] {processor.py:914} INFO - Processing file /home/airflow/.local/lib/python3.12/site-packages/airflow/example_dags/example_skip_dag.py for tasks to queue
[2025-12-16T18:36:28.164+0000] {logging_mixin.py:190} INFO - [2025-12-16T18:36:28.164+0000] {dagbag.py:588} INFO - Filling up the DagBag from /home/airflow/.local/lib/python3.12/site-packages/airflow/example_dags/example_skip_dag.py
[2025-12-16T18:36:28.176+0000] {processor.py:925} INFO - DAG(s) 'example_skip_dag' retrieved from /home/airflow/.local/lib/python3.12/site-packages/airflow/example_dags/example_skip_dag.py
[2025-12-16T18:36:28.203+0000] {logging_mixin.py:190} INFO - [2025-12-16T18:36:28.202+0000] {dag.py:3239} INFO - Sync 1 DAGs
[2025-12-16T18:36:28.234+0000] {logging_mixin.py:190} INFO - [2025-12-16T18:36:28.234+0000] {dag.py:4180} INFO - Setting next_dagrun for example_skip_dag to 2025-12-15 00:00:00+00:00, run_after=2025-12-16 00:00:00+00:00
[2025-12-16T18:36:28.256+0000] {processor.py:208} INFO - Processing /home/airflow/.local/lib/python3.12/site-packages/airflow/example_dags/example_skip_dag.py took 0.105 seconds
[2025-12-16T18:36:59.225+0000] {processor.py:186} INFO - Started process (PID=4451) to work on /home/airflow/.local/lib/python3.12/site-packages/airflow/example_dags/example_skip_dag.py
[2025-12-16T18:36:59.226+0000] {processor.py:914} INFO - Processing file /home/airflow/.local/lib/python3.12/site-packages/airflow/example_dags/example_skip_dag.py for tasks to queue
[2025-12-16T18:36:59.229+0000] {logging_mixin.py:190} INFO - [2025-12-16T18:36:59.228+0000] {dagbag.py:588} INFO - Filling up the DagBag from /home/airflow/.local/lib/python3.12/site-packages/airflow/example_dags/example_skip_dag.py
[2025-12-16T18:36:59.239+0000] {processor.py:925} INFO - DAG(s) 'example_skip_dag' retrieved from /home/airflow/.local/lib/python3.12/site-packages/airflow/example_dags/example_skip_dag.py
[2025-12-16T18:36:59.262+0000] {logging_mixin.py:190} INFO - [2025-12-16T18:36:59.262+0000] {dag.py:3239} INFO - Sync 1 DAGs
[2025-12-16T18:36:59.291+0000] {logging_mixin.py:190} INFO - [2025-12-16T18:36:59.291+0000] {dag.py:4180} INFO - Setting next_dagrun for example_skip_dag to 2025-12-15 00:00:00+00:00, run_after=2025-12-16 00:00:00+00:00
[2025-12-16T18:36:59.311+0000] {processor.py:208} INFO - Processing /home/airflow/.local/lib/python3.12/site-packages/airflow/example_dags/example_skip_dag.py took 0.092 seconds
[2025-12-16T18:37:30.374+0000] {processor.py:186} INFO - Started process (PID=4742) to work on /home/airflow/.local/lib/python3.12/site-packages/airflow/example_dags/example_skip_dag.py
[2025-12-16T18:37:30.375+0000] {processor.py:914} INFO - Processing file /home/airflow/.local/lib/python3.12/site-packages/airflow/example_dags/example_skip_dag.py for tasks to queue
[2025-12-16T18:37:30.378+0000] {logging_mixin.py:190} INFO - [2025-12-16T18:37:30.378+0000] {dagbag.py:588} INFO - Filling up the DagBag from /home/airflow/.local/lib/python3.12/site-packages/airflow/example_dags/example_skip_dag.py
[2025-12-16T18:37:30.388+0000] {processor.py:925} INFO - DAG(s) 'example_skip_dag' retrieved from /home/airflow/.local/lib/python3.12/site-packages/airflow/example_dags/example_skip_dag.py
[2025-12-16T18:37:30.414+0000] {logging_mixin.py:190} INFO - [2025-12-16T18:37:30.414+0000] {dag.py:3239} INFO - Sync 1 DAGs
[2025-12-16T18:37:30.443+0000] {logging_mixin.py:190} INFO - [2025-12-16T18:37:30.443+0000] {dag.py:4180} INFO - Setting next_dagrun for example_skip_dag to 2025-12-15 00:00:00+00:00, run_after=2025-12-16 00:00:00+00:00
[2025-12-16T18:37:30.464+0000] {processor.py:208} INFO - Processing /home/airflow/.local/lib/python3.12/site-packages/airflow/example_dags/example_skip_dag.py took 0.097 seconds
[2025-12-16T18:38:01.189+0000] {processor.py:186} INFO - Started process (PID=5035) to work on /home/airflow/.local/lib/python3.12/site-packages/airflow/example_dags/example_skip_dag.py
[2025-12-16T18:38:01.191+0000] {processor.py:914} INFO - Processing file /home/airflow/.local/lib/python3.12/site-packages/airflow/example_dags/example_skip_dag.py for tasks to queue
[2025-12-16T18:38:01.193+0000] {logging_mixin.py:190} INFO - [2025-12-16T18:38:01.193+0000] {dagbag.py:588} INFO - Filling up the DagBag from /home/airflow/.local/lib/python3.12/site-packages/airflow/example_dags/example_skip_dag.py
[2025-12-16T18:38:01.203+0000] {processor.py:925} INFO - DAG(s) 'example_skip_dag' retrieved from /home/airflow/.local/lib/python3.12/site-packages/airflow/example_dags/example_skip_dag.py
[2025-12-16T18:38:01.229+0000] {logging_mixin.py:190} INFO - [2025-12-16T18:38:01.229+0000] {dag.py:3239} INFO - Sync 1 DAGs
[2025-12-16T18:38:01.260+0000] {logging_mixin.py:190} INFO - [2025-12-16T18:38:01.259+0000] {dag.py:4180} INFO - Setting next_dagrun for example_skip_dag to 2025-12-15 00:00:00+00:00, run_after=2025-12-16 00:00:00+00:00
[2025-12-16T18:38:01.280+0000] {processor.py:208} INFO - Processing /home/airflow/.local/lib/python3.12/site-packages/airflow/example_dags/example_skip_dag.py took 0.097 seconds
[2025-12-16T18:38:32.848+0000] {processor.py:186} INFO - Started process (PID=5326) to work on /home/airflow/.local/lib/python3.12/site-packages/airflow/example_dags/example_skip_dag.py
[2025-12-16T18:38:32.849+0000] {processor.py:914} INFO - Processing file /home/airflow/.local/lib/python3.12/site-packages/airflow/example_dags/example_skip_dag.py for tasks to queue
[2025-12-16T18:38:32.852+0000] {logging_mixin.py:190} INFO - [2025-12-16T18:38:32.852+0000] {dagbag.py:588} INFO - Filling up the DagBag from /home/airflow/.local/lib/python3.12/site-packages/airflow/example_dags/example_skip_dag.py
[2025-12-16T18:38:32.863+0000] {processor.py:925} INFO - DAG(s) 'example_skip_dag' retrieved from /home/airflow/.local/lib/python3.12/site-packages/airflow/example_dags/example_skip_dag.py
[2025-12-16T18:38:32.893+0000] {logging_mixin.py:190} INFO - [2025-12-16T18:38:32.892+0000] {dag.py:3239} INFO - Sync 1 DAGs
[2025-12-16T18:38:32.923+0000] {logging_mixin.py:190} INFO - [2025-12-16T18:38:32.923+0000] {dag.py:4180} INFO - Setting next_dagrun for example_skip_dag to 2025-12-15 00:00:00+00:00, run_after=2025-12-16 00:00:00+00:00
[2025-12-16T18:38:32.947+0000] {processor.py:208} INFO - Processing /home/airflow/.local/lib/python3.12/site-packages/airflow/example_dags/example_skip_dag.py took 0.107 seconds
[2025-12-16T18:39:03.538+0000] {processor.py:186} INFO - Started process (PID=5615) to work on /home/airflow/.local/lib/python3.12/site-packages/airflow/example_dags/example_skip_dag.py
[2025-12-16T18:39:03.539+0000] {processor.py:914} INFO - Processing file /home/airflow/.local/lib/python3.12/site-packages/airflow/example_dags/example_skip_dag.py for tasks to queue
[2025-12-16T18:39:03.542+0000] {logging_mixin.py:190} INFO - [2025-12-16T18:39:03.542+0000] {dagbag.py:588} INFO - Filling up the DagBag from /home/airflow/.local/lib/python3.12/site-packages/airflow/example_dags/example_skip_dag.py
[2025-12-16T18:39:03.552+0000] {processor.py:925} INFO - DAG(s) 'example_skip_dag' retrieved from /home/airflow/.local/lib/python3.12/site-packages/airflow/example_dags/example_skip_dag.py
[2025-12-16T18:39:03.579+0000] {logging_mixin.py:190} INFO - [2025-12-16T18:39:03.579+0000] {dag.py:3239} INFO - Sync 1 DAGs
[2025-12-16T18:39:03.611+0000] {logging_mixin.py:190} INFO - [2025-12-16T18:39:03.611+0000] {dag.py:4180} INFO - Setting next_dagrun for example_skip_dag to 2025-12-15 00:00:00+00:00, run_after=2025-12-16 00:00:00+00:00
[2025-12-16T18:39:03.636+0000] {processor.py:208} INFO - Processing /home/airflow/.local/lib/python3.12/site-packages/airflow/example_dags/example_skip_dag.py took 0.106 seconds
[2025-12-16T18:39:34.873+0000] {processor.py:186} INFO - Started process (PID=5906) to work on /home/airflow/.local/lib/python3.12/site-packages/airflow/example_dags/example_skip_dag.py
[2025-12-16T18:39:34.874+0000] {processor.py:914} INFO - Processing file /home/airflow/.local/lib/python3.12/site-packages/airflow/example_dags/example_skip_dag.py for tasks to queue
[2025-12-16T18:39:34.877+0000] {logging_mixin.py:190} INFO - [2025-12-16T18:39:34.877+0000] {dagbag.py:588} INFO - Filling up the DagBag from /home/airflow/.local/lib/python3.12/site-packages/airflow/example_dags/example_skip_dag.py
[2025-12-16T18:39:34.886+0000] {processor.py:925} INFO - DAG(s) 'example_skip_dag' retrieved from /home/airflow/.local/lib/python3.12/site-packages/airflow/example_dags/example_skip_dag.py
[2025-12-16T18:39:34.910+0000] {logging_mixin.py:190} INFO - [2025-12-16T18:39:34.910+0000] {dag.py:3239} INFO - Sync 1 DAGs
[2025-12-16T18:39:34.938+0000] {logging_mixin.py:190} INFO - [2025-12-16T18:39:34.938+0000] {dag.py:4180} INFO - Setting next_dagrun for example_skip_dag to 2025-12-15 00:00:00+00:00, run_after=2025-12-16 00:00:00+00:00
[2025-12-16T18:39:34.959+0000] {processor.py:208} INFO - Processing /home/airflow/.local/lib/python3.12/site-packages/airflow/example_dags/example_skip_dag.py took 0.093 seconds
[2025-12-16T18:40:05.929+0000] {processor.py:186} INFO - Started process (PID=6192) to work on /home/airflow/.local/lib/python3.12/site-packages/airflow/example_dags/example_skip_dag.py
[2025-12-16T18:40:05.930+0000] {processor.py:914} INFO - Processing file /home/airflow/.local/lib/python3.12/site-packages/airflow/example_dags/example_skip_dag.py for tasks to queue
[2025-12-16T18:40:05.933+0000] {logging_mixin.py:190} INFO - [2025-12-16T18:40:05.932+0000] {dagbag.py:588} INFO - Filling up the DagBag from /home/airflow/.local/lib/python3.12/site-packages/airflow/example_dags/example_skip_dag.py
[2025-12-16T18:40:05.943+0000] {processor.py:925} INFO - DAG(s) 'example_skip_dag' retrieved from /home/airflow/.local/lib/python3.12/site-packages/airflow/example_dags/example_skip_dag.py
[2025-12-16T18:40:05.967+0000] {logging_mixin.py:190} INFO - [2025-12-16T18:40:05.967+0000] {dag.py:3239} INFO - Sync 1 DAGs
[2025-12-16T18:40:05.994+0000] {logging_mixin.py:190} INFO - [2025-12-16T18:40:05.994+0000] {dag.py:4180} INFO - Setting next_dagrun for example_skip_dag to 2025-12-15 00:00:00+00:00, run_after=2025-12-16 00:00:00+00:00
[2025-12-16T18:40:06.013+0000] {processor.py:208} INFO - Processing /home/airflow/.local/lib/python3.12/site-packages/airflow/example_dags/example_skip_dag.py took 0.091 seconds
[2025-12-16T18:40:38.170+0000] {processor.py:186} INFO - Started process (PID=6483) to work on /home/airflow/.local/lib/python3.12/site-packages/airflow/example_dags/example_skip_dag.py
[2025-12-16T18:40:38.171+0000] {processor.py:914} INFO - Processing file /home/airflow/.local/lib/python3.12/site-packages/airflow/example_dags/example_skip_dag.py for tasks to queue
[2025-12-16T18:40:38.174+0000] {logging_mixin.py:190} INFO - [2025-12-16T18:40:38.174+0000] {dagbag.py:588} INFO - Filling up the DagBag from /home/airflow/.local/lib/python3.12/site-packages/airflow/example_dags/example_skip_dag.py
[2025-12-16T18:40:38.185+0000] {processor.py:925} INFO - DAG(s) 'example_skip_dag' retrieved from /home/airflow/.local/lib/python3.12/site-packages/airflow/example_dags/example_skip_dag.py
[2025-12-16T18:40:38.210+0000] {logging_mixin.py:190} INFO - [2025-12-16T18:40:38.210+0000] {dag.py:3239} INFO - Sync 1 DAGs
[2025-12-16T18:40:38.238+0000] {logging_mixin.py:190} INFO - [2025-12-16T18:40:38.237+0000] {dag.py:4180} INFO - Setting next_dagrun for example_skip_dag to 2025-12-15 00:00:00+00:00, run_after=2025-12-16 00:00:00+00:00
[2025-12-16T18:40:38.258+0000] {processor.py:208} INFO - Processing /home/airflow/.local/lib/python3.12/site-packages/airflow/example_dags/example_skip_dag.py took 0.095 seconds
