[2025-12-16T18:26:43.629+0000] {processor.py:186} INFO - Started process (PID=266) to work on /home/airflow/.local/lib/python3.12/site-packages/airflow/example_dags/example_display_name.py
[2025-12-16T18:26:43.630+0000] {processor.py:914} INFO - Processing file /home/airflow/.local/lib/python3.12/site-packages/airflow/example_dags/example_display_name.py for tasks to queue
[2025-12-16T18:26:43.633+0000] {logging_mixin.py:190} INFO - [2025-12-16T18:26:43.633+0000] {dagbag.py:588} INFO - Filling up the DagBag from /home/airflow/.local/lib/python3.12/site-packages/airflow/example_dags/example_display_name.py
[2025-12-16T18:26:43.648+0000] {processor.py:925} INFO - DAG(s) 'example_display_name' retrieved from /home/airflow/.local/lib/python3.12/site-packages/airflow/example_dags/example_display_name.py
[2025-12-16T18:26:43.792+0000] {logging_mixin.py:190} INFO - [2025-12-16T18:26:43.791+0000] {override.py:1911} INFO - Created Permission View: can read on DAG:example_display_name
[2025-12-16T18:26:43.803+0000] {logging_mixin.py:190} INFO - [2025-12-16T18:26:43.803+0000] {override.py:1911} INFO - Created Permission View: can delete on DAG:example_display_name
[2025-12-16T18:26:43.811+0000] {logging_mixin.py:190} INFO - [2025-12-16T18:26:43.810+0000] {override.py:1911} INFO - Created Permission View: can edit on DAG:example_display_name
[2025-12-16T18:26:43.819+0000] {logging_mixin.py:190} INFO - [2025-12-16T18:26:43.819+0000] {override.py:1911} INFO - Created Permission View: can read on DAG Run:example_display_name
[2025-12-16T18:26:43.827+0000] {logging_mixin.py:190} INFO - [2025-12-16T18:26:43.826+0000] {override.py:1911} INFO - Created Permission View: can create on DAG Run:example_display_name
[2025-12-16T18:26:43.833+0000] {logging_mixin.py:190} INFO - [2025-12-16T18:26:43.833+0000] {override.py:1911} INFO - Created Permission View: menu access on DAG Run:example_display_name
[2025-12-16T18:26:43.841+0000] {logging_mixin.py:190} INFO - [2025-12-16T18:26:43.841+0000] {override.py:1911} INFO - Created Permission View: can delete on DAG Run:example_display_name
[2025-12-16T18:26:43.841+0000] {logging_mixin.py:190} INFO - [2025-12-16T18:26:43.841+0000] {dag.py:3239} INFO - Sync 1 DAGs
[2025-12-16T18:26:43.856+0000] {logging_mixin.py:190} INFO - [2025-12-16T18:26:43.856+0000] {dag.py:3262} INFO - Creating ORM DAG for example_display_name
[2025-12-16T18:26:43.857+0000] {logging_mixin.py:190} INFO - [2025-12-16T18:26:43.857+0000] {dag.py:4180} INFO - Setting next_dagrun for example_display_name to None, run_after=None
[2025-12-16T18:26:43.879+0000] {processor.py:208} INFO - Processing /home/airflow/.local/lib/python3.12/site-packages/airflow/example_dags/example_display_name.py took 0.258 seconds
[2025-12-16T18:27:14.430+0000] {processor.py:186} INFO - Started process (PID=560) to work on /home/airflow/.local/lib/python3.12/site-packages/airflow/example_dags/example_display_name.py
[2025-12-16T18:27:14.431+0000] {processor.py:914} INFO - Processing file /home/airflow/.local/lib/python3.12/site-packages/airflow/example_dags/example_display_name.py for tasks to queue
[2025-12-16T18:27:14.433+0000] {logging_mixin.py:190} INFO - [2025-12-16T18:27:14.433+0000] {dagbag.py:588} INFO - Filling up the DagBag from /home/airflow/.local/lib/python3.12/site-packages/airflow/example_dags/example_display_name.py
[2025-12-16T18:27:14.443+0000] {processor.py:925} INFO - DAG(s) 'example_display_name' retrieved from /home/airflow/.local/lib/python3.12/site-packages/airflow/example_dags/example_display_name.py
[2025-12-16T18:27:14.466+0000] {logging_mixin.py:190} INFO - [2025-12-16T18:27:14.466+0000] {dag.py:3239} INFO - Sync 1 DAGs
[2025-12-16T18:27:14.484+0000] {logging_mixin.py:190} INFO - [2025-12-16T18:27:14.483+0000] {dag.py:4180} INFO - Setting next_dagrun for example_display_name to None, run_after=None
[2025-12-16T18:27:14.503+0000] {processor.py:208} INFO - Processing /home/airflow/.local/lib/python3.12/site-packages/airflow/example_dags/example_display_name.py took 0.080 seconds
[2025-12-16T18:27:46.175+0000] {processor.py:186} INFO - Started process (PID=851) to work on /home/airflow/.local/lib/python3.12/site-packages/airflow/example_dags/example_display_name.py
[2025-12-16T18:27:46.176+0000] {processor.py:914} INFO - Processing file /home/airflow/.local/lib/python3.12/site-packages/airflow/example_dags/example_display_name.py for tasks to queue
[2025-12-16T18:27:46.179+0000] {logging_mixin.py:190} INFO - [2025-12-16T18:27:46.179+0000] {dagbag.py:588} INFO - Filling up the DagBag from /home/airflow/.local/lib/python3.12/site-packages/airflow/example_dags/example_display_name.py
[2025-12-16T18:27:46.190+0000] {processor.py:925} INFO - DAG(s) 'example_display_name' retrieved from /home/airflow/.local/lib/python3.12/site-packages/airflow/example_dags/example_display_name.py
[2025-12-16T18:27:46.215+0000] {logging_mixin.py:190} INFO - [2025-12-16T18:27:46.215+0000] {dag.py:3239} INFO - Sync 1 DAGs
[2025-12-16T18:27:46.235+0000] {logging_mixin.py:190} INFO - [2025-12-16T18:27:46.234+0000] {dag.py:4180} INFO - Setting next_dagrun for example_display_name to None, run_after=None
[2025-12-16T18:27:46.259+0000] {processor.py:208} INFO - Processing /home/airflow/.local/lib/python3.12/site-packages/airflow/example_dags/example_display_name.py took 0.093 seconds
[2025-12-16T18:29:40.436+0000] {processor.py:186} INFO - Started process (PID=266) to work on /home/airflow/.local/lib/python3.12/site-packages/airflow/example_dags/example_display_name.py
[2025-12-16T18:29:40.437+0000] {processor.py:914} INFO - Processing file /home/airflow/.local/lib/python3.12/site-packages/airflow/example_dags/example_display_name.py for tasks to queue
[2025-12-16T18:29:40.440+0000] {logging_mixin.py:190} INFO - [2025-12-16T18:29:40.439+0000] {dagbag.py:588} INFO - Filling up the DagBag from /home/airflow/.local/lib/python3.12/site-packages/airflow/example_dags/example_display_name.py
[2025-12-16T18:29:40.451+0000] {processor.py:925} INFO - DAG(s) 'example_display_name' retrieved from /home/airflow/.local/lib/python3.12/site-packages/airflow/example_dags/example_display_name.py
[2025-12-16T18:29:40.482+0000] {logging_mixin.py:190} INFO - [2025-12-16T18:29:40.482+0000] {dag.py:3239} INFO - Sync 1 DAGs
[2025-12-16T18:29:40.500+0000] {logging_mixin.py:190} INFO - [2025-12-16T18:29:40.500+0000] {dag.py:4180} INFO - Setting next_dagrun for example_display_name to None, run_after=None
[2025-12-16T18:29:40.522+0000] {processor.py:208} INFO - Processing /home/airflow/.local/lib/python3.12/site-packages/airflow/example_dags/example_display_name.py took 0.094 seconds
[2025-12-16T18:30:11.748+0000] {processor.py:186} INFO - Started process (PID=554) to work on /home/airflow/.local/lib/python3.12/site-packages/airflow/example_dags/example_display_name.py
[2025-12-16T18:30:11.749+0000] {processor.py:914} INFO - Processing file /home/airflow/.local/lib/python3.12/site-packages/airflow/example_dags/example_display_name.py for tasks to queue
[2025-12-16T18:30:11.751+0000] {logging_mixin.py:190} INFO - [2025-12-16T18:30:11.751+0000] {dagbag.py:588} INFO - Filling up the DagBag from /home/airflow/.local/lib/python3.12/site-packages/airflow/example_dags/example_display_name.py
[2025-12-16T18:30:11.762+0000] {processor.py:925} INFO - DAG(s) 'example_display_name' retrieved from /home/airflow/.local/lib/python3.12/site-packages/airflow/example_dags/example_display_name.py
[2025-12-16T18:30:11.783+0000] {logging_mixin.py:190} INFO - [2025-12-16T18:30:11.783+0000] {dag.py:3239} INFO - Sync 1 DAGs
[2025-12-16T18:30:11.800+0000] {logging_mixin.py:190} INFO - [2025-12-16T18:30:11.800+0000] {dag.py:4180} INFO - Setting next_dagrun for example_display_name to None, run_after=None
[2025-12-16T18:30:11.819+0000] {processor.py:208} INFO - Processing /home/airflow/.local/lib/python3.12/site-packages/airflow/example_dags/example_display_name.py took 0.078 seconds
[2025-12-16T18:30:42.874+0000] {processor.py:186} INFO - Started process (PID=851) to work on /home/airflow/.local/lib/python3.12/site-packages/airflow/example_dags/example_display_name.py
[2025-12-16T18:30:42.876+0000] {processor.py:914} INFO - Processing file /home/airflow/.local/lib/python3.12/site-packages/airflow/example_dags/example_display_name.py for tasks to queue
[2025-12-16T18:30:42.879+0000] {logging_mixin.py:190} INFO - [2025-12-16T18:30:42.878+0000] {dagbag.py:588} INFO - Filling up the DagBag from /home/airflow/.local/lib/python3.12/site-packages/airflow/example_dags/example_display_name.py
[2025-12-16T18:30:42.890+0000] {processor.py:925} INFO - DAG(s) 'example_display_name' retrieved from /home/airflow/.local/lib/python3.12/site-packages/airflow/example_dags/example_display_name.py
[2025-12-16T18:30:42.916+0000] {logging_mixin.py:190} INFO - [2025-12-16T18:30:42.916+0000] {dag.py:3239} INFO - Sync 1 DAGs
[2025-12-16T18:30:42.936+0000] {logging_mixin.py:190} INFO - [2025-12-16T18:30:42.935+0000] {dag.py:4180} INFO - Setting next_dagrun for example_display_name to None, run_after=None
[2025-12-16T18:30:42.958+0000] {processor.py:208} INFO - Processing /home/airflow/.local/lib/python3.12/site-packages/airflow/example_dags/example_display_name.py took 0.092 seconds
[2025-12-16T18:31:14.155+0000] {processor.py:186} INFO - Started process (PID=1142) to work on /home/airflow/.local/lib/python3.12/site-packages/airflow/example_dags/example_display_name.py
[2025-12-16T18:31:14.156+0000] {processor.py:914} INFO - Processing file /home/airflow/.local/lib/python3.12/site-packages/airflow/example_dags/example_display_name.py for tasks to queue
[2025-12-16T18:31:14.158+0000] {logging_mixin.py:190} INFO - [2025-12-16T18:31:14.158+0000] {dagbag.py:588} INFO - Filling up the DagBag from /home/airflow/.local/lib/python3.12/site-packages/airflow/example_dags/example_display_name.py
[2025-12-16T18:31:14.167+0000] {processor.py:925} INFO - DAG(s) 'example_display_name' retrieved from /home/airflow/.local/lib/python3.12/site-packages/airflow/example_dags/example_display_name.py
[2025-12-16T18:31:14.189+0000] {logging_mixin.py:190} INFO - [2025-12-16T18:31:14.189+0000] {dag.py:3239} INFO - Sync 1 DAGs
[2025-12-16T18:31:14.207+0000] {logging_mixin.py:190} INFO - [2025-12-16T18:31:14.207+0000] {dag.py:4180} INFO - Setting next_dagrun for example_display_name to None, run_after=None
[2025-12-16T18:31:14.226+0000] {processor.py:208} INFO - Processing /home/airflow/.local/lib/python3.12/site-packages/airflow/example_dags/example_display_name.py took 0.079 seconds
[2025-12-16T18:31:45.211+0000] {processor.py:186} INFO - Started process (PID=1433) to work on /home/airflow/.local/lib/python3.12/site-packages/airflow/example_dags/example_display_name.py
[2025-12-16T18:31:45.212+0000] {processor.py:914} INFO - Processing file /home/airflow/.local/lib/python3.12/site-packages/airflow/example_dags/example_display_name.py for tasks to queue
[2025-12-16T18:31:45.215+0000] {logging_mixin.py:190} INFO - [2025-12-16T18:31:45.215+0000] {dagbag.py:588} INFO - Filling up the DagBag from /home/airflow/.local/lib/python3.12/site-packages/airflow/example_dags/example_display_name.py
[2025-12-16T18:31:45.225+0000] {processor.py:925} INFO - DAG(s) 'example_display_name' retrieved from /home/airflow/.local/lib/python3.12/site-packages/airflow/example_dags/example_display_name.py
[2025-12-16T18:31:45.248+0000] {logging_mixin.py:190} INFO - [2025-12-16T18:31:45.247+0000] {dag.py:3239} INFO - Sync 1 DAGs
[2025-12-16T18:31:45.265+0000] {logging_mixin.py:190} INFO - [2025-12-16T18:31:45.265+0000] {dag.py:4180} INFO - Setting next_dagrun for example_display_name to None, run_after=None
[2025-12-16T18:31:45.285+0000] {processor.py:208} INFO - Processing /home/airflow/.local/lib/python3.12/site-packages/airflow/example_dags/example_display_name.py took 0.081 seconds
[2025-12-16T18:32:16.381+0000] {processor.py:186} INFO - Started process (PID=1724) to work on /home/airflow/.local/lib/python3.12/site-packages/airflow/example_dags/example_display_name.py
[2025-12-16T18:32:16.383+0000] {processor.py:914} INFO - Processing file /home/airflow/.local/lib/python3.12/site-packages/airflow/example_dags/example_display_name.py for tasks to queue
[2025-12-16T18:32:16.385+0000] {logging_mixin.py:190} INFO - [2025-12-16T18:32:16.385+0000] {dagbag.py:588} INFO - Filling up the DagBag from /home/airflow/.local/lib/python3.12/site-packages/airflow/example_dags/example_display_name.py
[2025-12-16T18:32:16.395+0000] {processor.py:925} INFO - DAG(s) 'example_display_name' retrieved from /home/airflow/.local/lib/python3.12/site-packages/airflow/example_dags/example_display_name.py
[2025-12-16T18:32:16.419+0000] {logging_mixin.py:190} INFO - [2025-12-16T18:32:16.419+0000] {dag.py:3239} INFO - Sync 1 DAGs
[2025-12-16T18:32:16.437+0000] {logging_mixin.py:190} INFO - [2025-12-16T18:32:16.437+0000] {dag.py:4180} INFO - Setting next_dagrun for example_display_name to None, run_after=None
[2025-12-16T18:32:16.458+0000] {processor.py:208} INFO - Processing /home/airflow/.local/lib/python3.12/site-packages/airflow/example_dags/example_display_name.py took 0.084 seconds
[2025-12-16T18:32:47.574+0000] {processor.py:186} INFO - Started process (PID=2015) to work on /home/airflow/.local/lib/python3.12/site-packages/airflow/example_dags/example_display_name.py
[2025-12-16T18:32:47.575+0000] {processor.py:914} INFO - Processing file /home/airflow/.local/lib/python3.12/site-packages/airflow/example_dags/example_display_name.py for tasks to queue
[2025-12-16T18:32:47.578+0000] {logging_mixin.py:190} INFO - [2025-12-16T18:32:47.578+0000] {dagbag.py:588} INFO - Filling up the DagBag from /home/airflow/.local/lib/python3.12/site-packages/airflow/example_dags/example_display_name.py
[2025-12-16T18:32:47.588+0000] {processor.py:925} INFO - DAG(s) 'example_display_name' retrieved from /home/airflow/.local/lib/python3.12/site-packages/airflow/example_dags/example_display_name.py
[2025-12-16T18:32:47.611+0000] {logging_mixin.py:190} INFO - [2025-12-16T18:32:47.610+0000] {dag.py:3239} INFO - Sync 1 DAGs
[2025-12-16T18:32:47.629+0000] {logging_mixin.py:190} INFO - [2025-12-16T18:32:47.629+0000] {dag.py:4180} INFO - Setting next_dagrun for example_display_name to None, run_after=None
[2025-12-16T18:32:47.649+0000] {processor.py:208} INFO - Processing /home/airflow/.local/lib/python3.12/site-packages/airflow/example_dags/example_display_name.py took 0.083 seconds
[2025-12-16T18:33:19.042+0000] {processor.py:186} INFO - Started process (PID=2306) to work on /home/airflow/.local/lib/python3.12/site-packages/airflow/example_dags/example_display_name.py
[2025-12-16T18:33:19.043+0000] {processor.py:914} INFO - Processing file /home/airflow/.local/lib/python3.12/site-packages/airflow/example_dags/example_display_name.py for tasks to queue
[2025-12-16T18:33:19.046+0000] {logging_mixin.py:190} INFO - [2025-12-16T18:33:19.046+0000] {dagbag.py:588} INFO - Filling up the DagBag from /home/airflow/.local/lib/python3.12/site-packages/airflow/example_dags/example_display_name.py
[2025-12-16T18:33:19.055+0000] {processor.py:925} INFO - DAG(s) 'example_display_name' retrieved from /home/airflow/.local/lib/python3.12/site-packages/airflow/example_dags/example_display_name.py
[2025-12-16T18:33:19.080+0000] {logging_mixin.py:190} INFO - [2025-12-16T18:33:19.079+0000] {dag.py:3239} INFO - Sync 1 DAGs
[2025-12-16T18:33:19.098+0000] {logging_mixin.py:190} INFO - [2025-12-16T18:33:19.098+0000] {dag.py:4180} INFO - Setting next_dagrun for example_display_name to None, run_after=None
[2025-12-16T18:33:19.119+0000] {processor.py:208} INFO - Processing /home/airflow/.local/lib/python3.12/site-packages/airflow/example_dags/example_display_name.py took 0.084 seconds
[2025-12-16T18:33:50.052+0000] {processor.py:186} INFO - Started process (PID=2597) to work on /home/airflow/.local/lib/python3.12/site-packages/airflow/example_dags/example_display_name.py
[2025-12-16T18:33:50.053+0000] {processor.py:914} INFO - Processing file /home/airflow/.local/lib/python3.12/site-packages/airflow/example_dags/example_display_name.py for tasks to queue
[2025-12-16T18:33:50.056+0000] {logging_mixin.py:190} INFO - [2025-12-16T18:33:50.056+0000] {dagbag.py:588} INFO - Filling up the DagBag from /home/airflow/.local/lib/python3.12/site-packages/airflow/example_dags/example_display_name.py
[2025-12-16T18:33:50.065+0000] {processor.py:925} INFO - DAG(s) 'example_display_name' retrieved from /home/airflow/.local/lib/python3.12/site-packages/airflow/example_dags/example_display_name.py
[2025-12-16T18:33:50.087+0000] {logging_mixin.py:190} INFO - [2025-12-16T18:33:50.087+0000] {dag.py:3239} INFO - Sync 1 DAGs
[2025-12-16T18:33:50.104+0000] {logging_mixin.py:190} INFO - [2025-12-16T18:33:50.104+0000] {dag.py:4180} INFO - Setting next_dagrun for example_display_name to None, run_after=None
[2025-12-16T18:33:50.123+0000] {processor.py:208} INFO - Processing /home/airflow/.local/lib/python3.12/site-packages/airflow/example_dags/example_display_name.py took 0.078 seconds
[2025-12-16T18:34:20.972+0000] {processor.py:186} INFO - Started process (PID=2888) to work on /home/airflow/.local/lib/python3.12/site-packages/airflow/example_dags/example_display_name.py
[2025-12-16T18:34:20.973+0000] {processor.py:914} INFO - Processing file /home/airflow/.local/lib/python3.12/site-packages/airflow/example_dags/example_display_name.py for tasks to queue
[2025-12-16T18:34:20.976+0000] {logging_mixin.py:190} INFO - [2025-12-16T18:34:20.975+0000] {dagbag.py:588} INFO - Filling up the DagBag from /home/airflow/.local/lib/python3.12/site-packages/airflow/example_dags/example_display_name.py
[2025-12-16T18:34:20.985+0000] {processor.py:925} INFO - DAG(s) 'example_display_name' retrieved from /home/airflow/.local/lib/python3.12/site-packages/airflow/example_dags/example_display_name.py
[2025-12-16T18:34:21.006+0000] {logging_mixin.py:190} INFO - [2025-12-16T18:34:21.006+0000] {dag.py:3239} INFO - Sync 1 DAGs
[2025-12-16T18:34:21.023+0000] {logging_mixin.py:190} INFO - [2025-12-16T18:34:21.023+0000] {dag.py:4180} INFO - Setting next_dagrun for example_display_name to None, run_after=None
[2025-12-16T18:34:21.043+0000] {processor.py:208} INFO - Processing /home/airflow/.local/lib/python3.12/site-packages/airflow/example_dags/example_display_name.py took 0.078 seconds
[2025-12-16T18:34:52.021+0000] {processor.py:186} INFO - Started process (PID=3179) to work on /home/airflow/.local/lib/python3.12/site-packages/airflow/example_dags/example_display_name.py
[2025-12-16T18:34:52.023+0000] {processor.py:914} INFO - Processing file /home/airflow/.local/lib/python3.12/site-packages/airflow/example_dags/example_display_name.py for tasks to queue
[2025-12-16T18:34:52.026+0000] {logging_mixin.py:190} INFO - [2025-12-16T18:34:52.026+0000] {dagbag.py:588} INFO - Filling up the DagBag from /home/airflow/.local/lib/python3.12/site-packages/airflow/example_dags/example_display_name.py
[2025-12-16T18:34:52.035+0000] {processor.py:925} INFO - DAG(s) 'example_display_name' retrieved from /home/airflow/.local/lib/python3.12/site-packages/airflow/example_dags/example_display_name.py
[2025-12-16T18:34:52.059+0000] {logging_mixin.py:190} INFO - [2025-12-16T18:34:52.058+0000] {dag.py:3239} INFO - Sync 1 DAGs
[2025-12-16T18:34:52.078+0000] {logging_mixin.py:190} INFO - [2025-12-16T18:34:52.078+0000] {dag.py:4180} INFO - Setting next_dagrun for example_display_name to None, run_after=None
[2025-12-16T18:34:52.100+0000] {processor.py:208} INFO - Processing /home/airflow/.local/lib/python3.12/site-packages/airflow/example_dags/example_display_name.py took 0.086 seconds
[2025-12-16T18:35:23.275+0000] {processor.py:186} INFO - Started process (PID=3470) to work on /home/airflow/.local/lib/python3.12/site-packages/airflow/example_dags/example_display_name.py
[2025-12-16T18:35:23.276+0000] {processor.py:914} INFO - Processing file /home/airflow/.local/lib/python3.12/site-packages/airflow/example_dags/example_display_name.py for tasks to queue
[2025-12-16T18:35:23.280+0000] {logging_mixin.py:190} INFO - [2025-12-16T18:35:23.279+0000] {dagbag.py:588} INFO - Filling up the DagBag from /home/airflow/.local/lib/python3.12/site-packages/airflow/example_dags/example_display_name.py
[2025-12-16T18:35:23.289+0000] {processor.py:925} INFO - DAG(s) 'example_display_name' retrieved from /home/airflow/.local/lib/python3.12/site-packages/airflow/example_dags/example_display_name.py
[2025-12-16T18:35:23.313+0000] {logging_mixin.py:190} INFO - [2025-12-16T18:35:23.312+0000] {dag.py:3239} INFO - Sync 1 DAGs
[2025-12-16T18:35:23.331+0000] {logging_mixin.py:190} INFO - [2025-12-16T18:35:23.331+0000] {dag.py:4180} INFO - Setting next_dagrun for example_display_name to None, run_after=None
[2025-12-16T18:35:23.351+0000] {processor.py:208} INFO - Processing /home/airflow/.local/lib/python3.12/site-packages/airflow/example_dags/example_display_name.py took 0.083 seconds
[2025-12-16T18:35:54.253+0000] {processor.py:186} INFO - Started process (PID=3761) to work on /home/airflow/.local/lib/python3.12/site-packages/airflow/example_dags/example_display_name.py
[2025-12-16T18:35:54.255+0000] {processor.py:914} INFO - Processing file /home/airflow/.local/lib/python3.12/site-packages/airflow/example_dags/example_display_name.py for tasks to queue
[2025-12-16T18:35:54.259+0000] {logging_mixin.py:190} INFO - [2025-12-16T18:35:54.258+0000] {dagbag.py:588} INFO - Filling up the DagBag from /home/airflow/.local/lib/python3.12/site-packages/airflow/example_dags/example_display_name.py
[2025-12-16T18:35:54.268+0000] {processor.py:925} INFO - DAG(s) 'example_display_name' retrieved from /home/airflow/.local/lib/python3.12/site-packages/airflow/example_dags/example_display_name.py
[2025-12-16T18:35:54.291+0000] {logging_mixin.py:190} INFO - [2025-12-16T18:35:54.291+0000] {dag.py:3239} INFO - Sync 1 DAGs
[2025-12-16T18:35:54.309+0000] {logging_mixin.py:190} INFO - [2025-12-16T18:35:54.309+0000] {dag.py:4180} INFO - Setting next_dagrun for example_display_name to None, run_after=None
[2025-12-16T18:35:54.330+0000] {processor.py:208} INFO - Processing /home/airflow/.local/lib/python3.12/site-packages/airflow/example_dags/example_display_name.py took 0.084 seconds
[2025-12-16T18:36:25.306+0000] {processor.py:186} INFO - Started process (PID=4052) to work on /home/airflow/.local/lib/python3.12/site-packages/airflow/example_dags/example_display_name.py
[2025-12-16T18:36:25.307+0000] {processor.py:914} INFO - Processing file /home/airflow/.local/lib/python3.12/site-packages/airflow/example_dags/example_display_name.py for tasks to queue
[2025-12-16T18:36:25.310+0000] {logging_mixin.py:190} INFO - [2025-12-16T18:36:25.310+0000] {dagbag.py:588} INFO - Filling up the DagBag from /home/airflow/.local/lib/python3.12/site-packages/airflow/example_dags/example_display_name.py
[2025-12-16T18:36:25.319+0000] {processor.py:925} INFO - DAG(s) 'example_display_name' retrieved from /home/airflow/.local/lib/python3.12/site-packages/airflow/example_dags/example_display_name.py
[2025-12-16T18:36:25.340+0000] {logging_mixin.py:190} INFO - [2025-12-16T18:36:25.340+0000] {dag.py:3239} INFO - Sync 1 DAGs
[2025-12-16T18:36:25.357+0000] {logging_mixin.py:190} INFO - [2025-12-16T18:36:25.357+0000] {dag.py:4180} INFO - Setting next_dagrun for example_display_name to None, run_after=None
[2025-12-16T18:36:25.377+0000] {processor.py:208} INFO - Processing /home/airflow/.local/lib/python3.12/site-packages/airflow/example_dags/example_display_name.py took 0.078 seconds
[2025-12-16T18:36:56.423+0000] {processor.py:186} INFO - Started process (PID=4343) to work on /home/airflow/.local/lib/python3.12/site-packages/airflow/example_dags/example_display_name.py
[2025-12-16T18:36:56.424+0000] {processor.py:914} INFO - Processing file /home/airflow/.local/lib/python3.12/site-packages/airflow/example_dags/example_display_name.py for tasks to queue
[2025-12-16T18:36:56.428+0000] {logging_mixin.py:190} INFO - [2025-12-16T18:36:56.427+0000] {dagbag.py:588} INFO - Filling up the DagBag from /home/airflow/.local/lib/python3.12/site-packages/airflow/example_dags/example_display_name.py
[2025-12-16T18:36:56.437+0000] {processor.py:925} INFO - DAG(s) 'example_display_name' retrieved from /home/airflow/.local/lib/python3.12/site-packages/airflow/example_dags/example_display_name.py
[2025-12-16T18:36:56.460+0000] {logging_mixin.py:190} INFO - [2025-12-16T18:36:56.460+0000] {dag.py:3239} INFO - Sync 1 DAGs
[2025-12-16T18:36:56.478+0000] {logging_mixin.py:190} INFO - [2025-12-16T18:36:56.478+0000] {dag.py:4180} INFO - Setting next_dagrun for example_display_name to None, run_after=None
[2025-12-16T18:36:56.499+0000] {processor.py:208} INFO - Processing /home/airflow/.local/lib/python3.12/site-packages/airflow/example_dags/example_display_name.py took 0.084 seconds
[2025-12-16T18:37:27.617+0000] {processor.py:186} INFO - Started process (PID=4634) to work on /home/airflow/.local/lib/python3.12/site-packages/airflow/example_dags/example_display_name.py
[2025-12-16T18:37:27.618+0000] {processor.py:914} INFO - Processing file /home/airflow/.local/lib/python3.12/site-packages/airflow/example_dags/example_display_name.py for tasks to queue
[2025-12-16T18:37:27.621+0000] {logging_mixin.py:190} INFO - [2025-12-16T18:37:27.620+0000] {dagbag.py:588} INFO - Filling up the DagBag from /home/airflow/.local/lib/python3.12/site-packages/airflow/example_dags/example_display_name.py
[2025-12-16T18:37:27.631+0000] {processor.py:925} INFO - DAG(s) 'example_display_name' retrieved from /home/airflow/.local/lib/python3.12/site-packages/airflow/example_dags/example_display_name.py
[2025-12-16T18:37:27.654+0000] {logging_mixin.py:190} INFO - [2025-12-16T18:37:27.653+0000] {dag.py:3239} INFO - Sync 1 DAGs
[2025-12-16T18:37:27.673+0000] {logging_mixin.py:190} INFO - [2025-12-16T18:37:27.672+0000] {dag.py:4180} INFO - Setting next_dagrun for example_display_name to None, run_after=None
[2025-12-16T18:37:27.693+0000] {processor.py:208} INFO - Processing /home/airflow/.local/lib/python3.12/site-packages/airflow/example_dags/example_display_name.py took 0.084 seconds
[2025-12-16T18:37:58.708+0000] {processor.py:186} INFO - Started process (PID=4925) to work on /home/airflow/.local/lib/python3.12/site-packages/airflow/example_dags/example_display_name.py
[2025-12-16T18:37:58.709+0000] {processor.py:914} INFO - Processing file /home/airflow/.local/lib/python3.12/site-packages/airflow/example_dags/example_display_name.py for tasks to queue
[2025-12-16T18:37:58.712+0000] {logging_mixin.py:190} INFO - [2025-12-16T18:37:58.711+0000] {dagbag.py:588} INFO - Filling up the DagBag from /home/airflow/.local/lib/python3.12/site-packages/airflow/example_dags/example_display_name.py
[2025-12-16T18:37:58.721+0000] {processor.py:925} INFO - DAG(s) 'example_display_name' retrieved from /home/airflow/.local/lib/python3.12/site-packages/airflow/example_dags/example_display_name.py
[2025-12-16T18:37:58.743+0000] {logging_mixin.py:190} INFO - [2025-12-16T18:37:58.742+0000] {dag.py:3239} INFO - Sync 1 DAGs
[2025-12-16T18:37:58.760+0000] {logging_mixin.py:190} INFO - [2025-12-16T18:37:58.760+0000] {dag.py:4180} INFO - Setting next_dagrun for example_display_name to None, run_after=None
[2025-12-16T18:37:58.779+0000] {processor.py:208} INFO - Processing /home/airflow/.local/lib/python3.12/site-packages/airflow/example_dags/example_display_name.py took 0.079 seconds
[2025-12-16T18:38:30.379+0000] {processor.py:186} INFO - Started process (PID=5216) to work on /home/airflow/.local/lib/python3.12/site-packages/airflow/example_dags/example_display_name.py
[2025-12-16T18:38:30.380+0000] {processor.py:914} INFO - Processing file /home/airflow/.local/lib/python3.12/site-packages/airflow/example_dags/example_display_name.py for tasks to queue
[2025-12-16T18:38:30.382+0000] {logging_mixin.py:190} INFO - [2025-12-16T18:38:30.382+0000] {dagbag.py:588} INFO - Filling up the DagBag from /home/airflow/.local/lib/python3.12/site-packages/airflow/example_dags/example_display_name.py
[2025-12-16T18:38:30.393+0000] {processor.py:925} INFO - DAG(s) 'example_display_name' retrieved from /home/airflow/.local/lib/python3.12/site-packages/airflow/example_dags/example_display_name.py
[2025-12-16T18:38:30.417+0000] {logging_mixin.py:190} INFO - [2025-12-16T18:38:30.416+0000] {dag.py:3239} INFO - Sync 1 DAGs
[2025-12-16T18:38:30.435+0000] {logging_mixin.py:190} INFO - [2025-12-16T18:38:30.435+0000] {dag.py:4180} INFO - Setting next_dagrun for example_display_name to None, run_after=None
[2025-12-16T18:38:30.460+0000] {processor.py:208} INFO - Processing /home/airflow/.local/lib/python3.12/site-packages/airflow/example_dags/example_display_name.py took 0.091 seconds
[2025-12-16T18:39:01.309+0000] {processor.py:186} INFO - Started process (PID=5507) to work on /home/airflow/.local/lib/python3.12/site-packages/airflow/example_dags/example_display_name.py
[2025-12-16T18:39:01.310+0000] {processor.py:914} INFO - Processing file /home/airflow/.local/lib/python3.12/site-packages/airflow/example_dags/example_display_name.py for tasks to queue
[2025-12-16T18:39:01.312+0000] {logging_mixin.py:190} INFO - [2025-12-16T18:39:01.312+0000] {dagbag.py:588} INFO - Filling up the DagBag from /home/airflow/.local/lib/python3.12/site-packages/airflow/example_dags/example_display_name.py
[2025-12-16T18:39:01.321+0000] {processor.py:925} INFO - DAG(s) 'example_display_name' retrieved from /home/airflow/.local/lib/python3.12/site-packages/airflow/example_dags/example_display_name.py
[2025-12-16T18:39:01.343+0000] {logging_mixin.py:190} INFO - [2025-12-16T18:39:01.343+0000] {dag.py:3239} INFO - Sync 1 DAGs
[2025-12-16T18:39:01.360+0000] {logging_mixin.py:190} INFO - [2025-12-16T18:39:01.360+0000] {dag.py:4180} INFO - Setting next_dagrun for example_display_name to None, run_after=None
[2025-12-16T18:39:01.379+0000] {processor.py:208} INFO - Processing /home/airflow/.local/lib/python3.12/site-packages/airflow/example_dags/example_display_name.py took 0.077 seconds
[2025-12-16T18:39:32.896+0000] {processor.py:186} INFO - Started process (PID=5798) to work on /home/airflow/.local/lib/python3.12/site-packages/airflow/example_dags/example_display_name.py
[2025-12-16T18:39:32.897+0000] {processor.py:914} INFO - Processing file /home/airflow/.local/lib/python3.12/site-packages/airflow/example_dags/example_display_name.py for tasks to queue
[2025-12-16T18:39:32.899+0000] {logging_mixin.py:190} INFO - [2025-12-16T18:39:32.899+0000] {dagbag.py:588} INFO - Filling up the DagBag from /home/airflow/.local/lib/python3.12/site-packages/airflow/example_dags/example_display_name.py
[2025-12-16T18:39:32.908+0000] {processor.py:925} INFO - DAG(s) 'example_display_name' retrieved from /home/airflow/.local/lib/python3.12/site-packages/airflow/example_dags/example_display_name.py
[2025-12-16T18:39:32.930+0000] {logging_mixin.py:190} INFO - [2025-12-16T18:39:32.929+0000] {dag.py:3239} INFO - Sync 1 DAGs
[2025-12-16T18:39:32.947+0000] {logging_mixin.py:190} INFO - [2025-12-16T18:39:32.946+0000] {dag.py:4180} INFO - Setting next_dagrun for example_display_name to None, run_after=None
[2025-12-16T18:39:32.965+0000] {processor.py:208} INFO - Processing /home/airflow/.local/lib/python3.12/site-packages/airflow/example_dags/example_display_name.py took 0.076 seconds
[2025-12-16T18:40:04.168+0000] {processor.py:186} INFO - Started process (PID=6089) to work on /home/airflow/.local/lib/python3.12/site-packages/airflow/example_dags/example_display_name.py
[2025-12-16T18:40:04.169+0000] {processor.py:914} INFO - Processing file /home/airflow/.local/lib/python3.12/site-packages/airflow/example_dags/example_display_name.py for tasks to queue
[2025-12-16T18:40:04.172+0000] {logging_mixin.py:190} INFO - [2025-12-16T18:40:04.171+0000] {dagbag.py:588} INFO - Filling up the DagBag from /home/airflow/.local/lib/python3.12/site-packages/airflow/example_dags/example_display_name.py
[2025-12-16T18:40:04.182+0000] {processor.py:925} INFO - DAG(s) 'example_display_name' retrieved from /home/airflow/.local/lib/python3.12/site-packages/airflow/example_dags/example_display_name.py
[2025-12-16T18:40:04.203+0000] {logging_mixin.py:190} INFO - [2025-12-16T18:40:04.203+0000] {dag.py:3239} INFO - Sync 1 DAGs
[2025-12-16T18:40:04.220+0000] {logging_mixin.py:190} INFO - [2025-12-16T18:40:04.220+0000] {dag.py:4180} INFO - Setting next_dagrun for example_display_name to None, run_after=None
[2025-12-16T18:40:04.240+0000] {processor.py:208} INFO - Processing /home/airflow/.local/lib/python3.12/site-packages/airflow/example_dags/example_display_name.py took 0.080 seconds
[2025-12-16T18:40:35.714+0000] {processor.py:186} INFO - Started process (PID=6380) to work on /home/airflow/.local/lib/python3.12/site-packages/airflow/example_dags/example_display_name.py
[2025-12-16T18:40:35.715+0000] {processor.py:914} INFO - Processing file /home/airflow/.local/lib/python3.12/site-packages/airflow/example_dags/example_display_name.py for tasks to queue
[2025-12-16T18:40:35.717+0000] {logging_mixin.py:190} INFO - [2025-12-16T18:40:35.717+0000] {dagbag.py:588} INFO - Filling up the DagBag from /home/airflow/.local/lib/python3.12/site-packages/airflow/example_dags/example_display_name.py
[2025-12-16T18:40:35.728+0000] {processor.py:925} INFO - DAG(s) 'example_display_name' retrieved from /home/airflow/.local/lib/python3.12/site-packages/airflow/example_dags/example_display_name.py
[2025-12-16T18:40:35.750+0000] {logging_mixin.py:190} INFO - [2025-12-16T18:40:35.750+0000] {dag.py:3239} INFO - Sync 1 DAGs
[2025-12-16T18:40:35.770+0000] {logging_mixin.py:190} INFO - [2025-12-16T18:40:35.770+0000] {dag.py:4180} INFO - Setting next_dagrun for example_display_name to None, run_after=None
[2025-12-16T18:40:35.790+0000] {processor.py:208} INFO - Processing /home/airflow/.local/lib/python3.12/site-packages/airflow/example_dags/example_display_name.py took 0.084 seconds
