[2025-12-16T18:26:39.225+0000] {processor.py:186} INFO - Started process (PID=213) to work on /home/airflow/.local/lib/python3.12/site-packages/airflow/example_dags/example_branch_datetime_operator.py
[2025-12-16T18:26:39.225+0000] {processor.py:914} INFO - Processing file /home/airflow/.local/lib/python3.12/site-packages/airflow/example_dags/example_branch_datetime_operator.py for tasks to queue
[2025-12-16T18:26:39.228+0000] {logging_mixin.py:190} INFO - [2025-12-16T18:26:39.228+0000] {dagbag.py:588} INFO - Filling up the DagBag from /home/airflow/.local/lib/python3.12/site-packages/airflow/example_dags/example_branch_datetime_operator.py
[2025-12-16T18:26:39.245+0000] {processor.py:925} INFO - DAG(s) 'example_branch_datetime_operator', 'example_branch_datetime_operator_2', 'example_branch_datetime_operator_3' retrieved from /home/airflow/.local/lib/python3.12/site-packages/airflow/example_dags/example_branch_datetime_operator.py
[2025-12-16T18:26:39.389+0000] {logging_mixin.py:190} INFO - [2025-12-16T18:26:39.388+0000] {override.py:1911} INFO - Created Permission View: can read on DAG:example_branch_datetime_operator
[2025-12-16T18:26:39.402+0000] {logging_mixin.py:190} INFO - [2025-12-16T18:26:39.402+0000] {override.py:1911} INFO - Created Permission View: can delete on DAG:example_branch_datetime_operator
[2025-12-16T18:26:39.410+0000] {logging_mixin.py:190} INFO - [2025-12-16T18:26:39.410+0000] {override.py:1911} INFO - Created Permission View: can edit on DAG:example_branch_datetime_operator
[2025-12-16T18:26:39.419+0000] {logging_mixin.py:190} INFO - [2025-12-16T18:26:39.419+0000] {override.py:1911} INFO - Created Permission View: can read on DAG Run:example_branch_datetime_operator
[2025-12-16T18:26:39.426+0000] {logging_mixin.py:190} INFO - [2025-12-16T18:26:39.426+0000] {override.py:1911} INFO - Created Permission View: can create on DAG Run:example_branch_datetime_operator
[2025-12-16T18:26:39.434+0000] {logging_mixin.py:190} INFO - [2025-12-16T18:26:39.433+0000] {override.py:1911} INFO - Created Permission View: menu access on DAG Run:example_branch_datetime_operator
[2025-12-16T18:26:39.442+0000] {logging_mixin.py:190} INFO - [2025-12-16T18:26:39.442+0000] {override.py:1911} INFO - Created Permission View: can delete on DAG Run:example_branch_datetime_operator
[2025-12-16T18:26:39.457+0000] {logging_mixin.py:190} INFO - [2025-12-16T18:26:39.457+0000] {override.py:1911} INFO - Created Permission View: can read on DAG:example_branch_datetime_operator_2
[2025-12-16T18:26:39.464+0000] {logging_mixin.py:190} INFO - [2025-12-16T18:26:39.464+0000] {override.py:1911} INFO - Created Permission View: can delete on DAG:example_branch_datetime_operator_2
[2025-12-16T18:26:39.471+0000] {logging_mixin.py:190} INFO - [2025-12-16T18:26:39.471+0000] {override.py:1911} INFO - Created Permission View: can edit on DAG:example_branch_datetime_operator_2
[2025-12-16T18:26:39.479+0000] {logging_mixin.py:190} INFO - [2025-12-16T18:26:39.478+0000] {override.py:1911} INFO - Created Permission View: can read on DAG Run:example_branch_datetime_operator_2
[2025-12-16T18:26:39.486+0000] {logging_mixin.py:190} INFO - [2025-12-16T18:26:39.486+0000] {override.py:1911} INFO - Created Permission View: can create on DAG Run:example_branch_datetime_operator_2
[2025-12-16T18:26:39.493+0000] {logging_mixin.py:190} INFO - [2025-12-16T18:26:39.493+0000] {override.py:1911} INFO - Created Permission View: menu access on DAG Run:example_branch_datetime_operator_2
[2025-12-16T18:26:39.501+0000] {logging_mixin.py:190} INFO - [2025-12-16T18:26:39.500+0000] {override.py:1911} INFO - Created Permission View: can delete on DAG Run:example_branch_datetime_operator_2
[2025-12-16T18:26:39.515+0000] {logging_mixin.py:190} INFO - [2025-12-16T18:26:39.514+0000] {override.py:1911} INFO - Created Permission View: can read on DAG:example_branch_datetime_operator_3
[2025-12-16T18:26:39.523+0000] {logging_mixin.py:190} INFO - [2025-12-16T18:26:39.522+0000] {override.py:1911} INFO - Created Permission View: can delete on DAG:example_branch_datetime_operator_3
[2025-12-16T18:26:39.529+0000] {logging_mixin.py:190} INFO - [2025-12-16T18:26:39.529+0000] {override.py:1911} INFO - Created Permission View: can edit on DAG:example_branch_datetime_operator_3
[2025-12-16T18:26:39.537+0000] {logging_mixin.py:190} INFO - [2025-12-16T18:26:39.537+0000] {override.py:1911} INFO - Created Permission View: can read on DAG Run:example_branch_datetime_operator_3
[2025-12-16T18:26:39.544+0000] {logging_mixin.py:190} INFO - [2025-12-16T18:26:39.544+0000] {override.py:1911} INFO - Created Permission View: can create on DAG Run:example_branch_datetime_operator_3
[2025-12-16T18:26:39.551+0000] {logging_mixin.py:190} INFO - [2025-12-16T18:26:39.551+0000] {override.py:1911} INFO - Created Permission View: menu access on DAG Run:example_branch_datetime_operator_3
[2025-12-16T18:26:39.558+0000] {logging_mixin.py:190} INFO - [2025-12-16T18:26:39.558+0000] {override.py:1911} INFO - Created Permission View: can delete on DAG Run:example_branch_datetime_operator_3
[2025-12-16T18:26:39.558+0000] {logging_mixin.py:190} INFO - [2025-12-16T18:26:39.558+0000] {dag.py:3239} INFO - Sync 3 DAGs
[2025-12-16T18:26:39.574+0000] {logging_mixin.py:190} INFO - [2025-12-16T18:26:39.574+0000] {dag.py:3262} INFO - Creating ORM DAG for example_branch_datetime_operator
[2025-12-16T18:26:39.575+0000] {logging_mixin.py:190} INFO - [2025-12-16T18:26:39.575+0000] {dag.py:3262} INFO - Creating ORM DAG for example_branch_datetime_operator_2
[2025-12-16T18:26:39.576+0000] {logging_mixin.py:190} INFO - [2025-12-16T18:26:39.575+0000] {dag.py:3262} INFO - Creating ORM DAG for example_branch_datetime_operator_3
[2025-12-16T18:26:39.591+0000] {logging_mixin.py:190} INFO - [2025-12-16T18:26:39.591+0000] {dag.py:4180} INFO - Setting next_dagrun for example_branch_datetime_operator to 2025-12-15 00:00:00+00:00, run_after=2025-12-16 00:00:00+00:00
[2025-12-16T18:26:39.593+0000] {logging_mixin.py:190} INFO - [2025-12-16T18:26:39.593+0000] {dag.py:4180} INFO - Setting next_dagrun for example_branch_datetime_operator_2 to 2025-12-15 00:00:00+00:00, run_after=2025-12-16 00:00:00+00:00
[2025-12-16T18:26:39.595+0000] {logging_mixin.py:190} INFO - [2025-12-16T18:26:39.595+0000] {dag.py:4180} INFO - Setting next_dagrun for example_branch_datetime_operator_3 to 2025-12-15 00:00:00+00:00, run_after=2025-12-16 00:00:00+00:00
[2025-12-16T18:26:39.614+0000] {processor.py:208} INFO - Processing /home/airflow/.local/lib/python3.12/site-packages/airflow/example_dags/example_branch_datetime_operator.py took 0.396 seconds
[2025-12-16T18:27:10.469+0000] {processor.py:186} INFO - Started process (PID=504) to work on /home/airflow/.local/lib/python3.12/site-packages/airflow/example_dags/example_branch_datetime_operator.py
[2025-12-16T18:27:10.471+0000] {processor.py:914} INFO - Processing file /home/airflow/.local/lib/python3.12/site-packages/airflow/example_dags/example_branch_datetime_operator.py for tasks to queue
[2025-12-16T18:27:10.476+0000] {logging_mixin.py:190} INFO - [2025-12-16T18:27:10.476+0000] {dagbag.py:588} INFO - Filling up the DagBag from /home/airflow/.local/lib/python3.12/site-packages/airflow/example_dags/example_branch_datetime_operator.py
[2025-12-16T18:27:10.508+0000] {processor.py:925} INFO - DAG(s) 'example_branch_datetime_operator_3', 'example_branch_datetime_operator_2', 'example_branch_datetime_operator' retrieved from /home/airflow/.local/lib/python3.12/site-packages/airflow/example_dags/example_branch_datetime_operator.py
[2025-12-16T18:27:10.553+0000] {logging_mixin.py:190} INFO - [2025-12-16T18:27:10.552+0000] {dag.py:3239} INFO - Sync 3 DAGs
[2025-12-16T18:27:10.586+0000] {logging_mixin.py:190} INFO - [2025-12-16T18:27:10.585+0000] {dag.py:4180} INFO - Setting next_dagrun for example_branch_datetime_operator to 2025-12-15 00:00:00+00:00, run_after=2025-12-16 00:00:00+00:00
[2025-12-16T18:27:10.592+0000] {logging_mixin.py:190} INFO - [2025-12-16T18:27:10.591+0000] {dag.py:4180} INFO - Setting next_dagrun for example_branch_datetime_operator_2 to 2025-12-15 00:00:00+00:00, run_after=2025-12-16 00:00:00+00:00
[2025-12-16T18:27:10.595+0000] {logging_mixin.py:190} INFO - [2025-12-16T18:27:10.594+0000] {dag.py:4180} INFO - Setting next_dagrun for example_branch_datetime_operator_3 to 2025-12-15 00:00:00+00:00, run_after=2025-12-16 00:00:00+00:00
[2025-12-16T18:27:10.621+0000] {processor.py:208} INFO - Processing /home/airflow/.local/lib/python3.12/site-packages/airflow/example_dags/example_branch_datetime_operator.py took 0.164 seconds
[2025-12-16T18:27:41.312+0000] {processor.py:186} INFO - Started process (PID=795) to work on /home/airflow/.local/lib/python3.12/site-packages/airflow/example_dags/example_branch_datetime_operator.py
[2025-12-16T18:27:41.314+0000] {processor.py:914} INFO - Processing file /home/airflow/.local/lib/python3.12/site-packages/airflow/example_dags/example_branch_datetime_operator.py for tasks to queue
[2025-12-16T18:27:41.318+0000] {logging_mixin.py:190} INFO - [2025-12-16T18:27:41.318+0000] {dagbag.py:588} INFO - Filling up the DagBag from /home/airflow/.local/lib/python3.12/site-packages/airflow/example_dags/example_branch_datetime_operator.py
[2025-12-16T18:27:41.335+0000] {processor.py:925} INFO - DAG(s) 'example_branch_datetime_operator_3', 'example_branch_datetime_operator', 'example_branch_datetime_operator_2' retrieved from /home/airflow/.local/lib/python3.12/site-packages/airflow/example_dags/example_branch_datetime_operator.py
[2025-12-16T18:27:41.373+0000] {logging_mixin.py:190} INFO - [2025-12-16T18:27:41.373+0000] {dag.py:3239} INFO - Sync 3 DAGs
[2025-12-16T18:27:41.409+0000] {logging_mixin.py:190} INFO - [2025-12-16T18:27:41.409+0000] {dag.py:4180} INFO - Setting next_dagrun for example_branch_datetime_operator to 2025-12-15 00:00:00+00:00, run_after=2025-12-16 00:00:00+00:00
[2025-12-16T18:27:41.417+0000] {logging_mixin.py:190} INFO - [2025-12-16T18:27:41.417+0000] {dag.py:4180} INFO - Setting next_dagrun for example_branch_datetime_operator_2 to 2025-12-15 00:00:00+00:00, run_after=2025-12-16 00:00:00+00:00
[2025-12-16T18:27:41.421+0000] {logging_mixin.py:190} INFO - [2025-12-16T18:27:41.421+0000] {dag.py:4180} INFO - Setting next_dagrun for example_branch_datetime_operator_3 to 2025-12-15 00:00:00+00:00, run_after=2025-12-16 00:00:00+00:00
[2025-12-16T18:27:41.441+0000] {processor.py:208} INFO - Processing /home/airflow/.local/lib/python3.12/site-packages/airflow/example_dags/example_branch_datetime_operator.py took 0.136 seconds
[2025-12-16T18:28:12.008+0000] {processor.py:186} INFO - Started process (PID=1086) to work on /home/airflow/.local/lib/python3.12/site-packages/airflow/example_dags/example_branch_datetime_operator.py
[2025-12-16T18:28:12.010+0000] {processor.py:914} INFO - Processing file /home/airflow/.local/lib/python3.12/site-packages/airflow/example_dags/example_branch_datetime_operator.py for tasks to queue
[2025-12-16T18:28:12.013+0000] {logging_mixin.py:190} INFO - [2025-12-16T18:28:12.012+0000] {dagbag.py:588} INFO - Filling up the DagBag from /home/airflow/.local/lib/python3.12/site-packages/airflow/example_dags/example_branch_datetime_operator.py
[2025-12-16T18:28:12.032+0000] {processor.py:925} INFO - DAG(s) 'example_branch_datetime_operator_2', 'example_branch_datetime_operator_3', 'example_branch_datetime_operator' retrieved from /home/airflow/.local/lib/python3.12/site-packages/airflow/example_dags/example_branch_datetime_operator.py
[2025-12-16T18:28:12.078+0000] {logging_mixin.py:190} INFO - [2025-12-16T18:28:12.078+0000] {dag.py:3239} INFO - Sync 3 DAGs
[2025-12-16T18:28:12.127+0000] {logging_mixin.py:190} INFO - [2025-12-16T18:28:12.126+0000] {dag.py:4180} INFO - Setting next_dagrun for example_branch_datetime_operator to 2025-12-15 00:00:00+00:00, run_after=2025-12-16 00:00:00+00:00
[2025-12-16T18:28:12.141+0000] {logging_mixin.py:190} INFO - [2025-12-16T18:28:12.140+0000] {dag.py:4180} INFO - Setting next_dagrun for example_branch_datetime_operator_2 to 2025-12-15 00:00:00+00:00, run_after=2025-12-16 00:00:00+00:00
[2025-12-16T18:28:12.145+0000] {logging_mixin.py:190} INFO - [2025-12-16T18:28:12.145+0000] {dag.py:4180} INFO - Setting next_dagrun for example_branch_datetime_operator_3 to 2025-12-15 00:00:00+00:00, run_after=2025-12-16 00:00:00+00:00
[2025-12-16T18:28:12.170+0000] {processor.py:208} INFO - Processing /home/airflow/.local/lib/python3.12/site-packages/airflow/example_dags/example_branch_datetime_operator.py took 0.172 seconds
[2025-12-16T18:29:37.190+0000] {processor.py:186} INFO - Started process (PID=211) to work on /home/airflow/.local/lib/python3.12/site-packages/airflow/example_dags/example_branch_datetime_operator.py
[2025-12-16T18:29:37.191+0000] {processor.py:914} INFO - Processing file /home/airflow/.local/lib/python3.12/site-packages/airflow/example_dags/example_branch_datetime_operator.py for tasks to queue
[2025-12-16T18:29:37.193+0000] {logging_mixin.py:190} INFO - [2025-12-16T18:29:37.193+0000] {dagbag.py:588} INFO - Filling up the DagBag from /home/airflow/.local/lib/python3.12/site-packages/airflow/example_dags/example_branch_datetime_operator.py
[2025-12-16T18:29:37.210+0000] {processor.py:925} INFO - DAG(s) 'example_branch_datetime_operator_2', 'example_branch_datetime_operator_3', 'example_branch_datetime_operator' retrieved from /home/airflow/.local/lib/python3.12/site-packages/airflow/example_dags/example_branch_datetime_operator.py
[2025-12-16T18:29:37.255+0000] {logging_mixin.py:190} INFO - [2025-12-16T18:29:37.255+0000] {dag.py:3239} INFO - Sync 3 DAGs
[2025-12-16T18:29:37.288+0000] {logging_mixin.py:190} INFO - [2025-12-16T18:29:37.288+0000] {dag.py:4180} INFO - Setting next_dagrun for example_branch_datetime_operator to 2025-12-15 00:00:00+00:00, run_after=2025-12-16 00:00:00+00:00
[2025-12-16T18:29:37.295+0000] {logging_mixin.py:190} INFO - [2025-12-16T18:29:37.295+0000] {dag.py:4180} INFO - Setting next_dagrun for example_branch_datetime_operator_2 to 2025-12-15 00:00:00+00:00, run_after=2025-12-16 00:00:00+00:00
[2025-12-16T18:29:37.298+0000] {logging_mixin.py:190} INFO - [2025-12-16T18:29:37.298+0000] {dag.py:4180} INFO - Setting next_dagrun for example_branch_datetime_operator_3 to 2025-12-15 00:00:00+00:00, run_after=2025-12-16 00:00:00+00:00
[2025-12-16T18:29:37.320+0000] {processor.py:208} INFO - Processing /home/airflow/.local/lib/python3.12/site-packages/airflow/example_dags/example_branch_datetime_operator.py took 0.137 seconds
[2025-12-16T18:30:08.197+0000] {processor.py:186} INFO - Started process (PID=504) to work on /home/airflow/.local/lib/python3.12/site-packages/airflow/example_dags/example_branch_datetime_operator.py
[2025-12-16T18:30:08.198+0000] {processor.py:914} INFO - Processing file /home/airflow/.local/lib/python3.12/site-packages/airflow/example_dags/example_branch_datetime_operator.py for tasks to queue
[2025-12-16T18:30:08.200+0000] {logging_mixin.py:190} INFO - [2025-12-16T18:30:08.200+0000] {dagbag.py:588} INFO - Filling up the DagBag from /home/airflow/.local/lib/python3.12/site-packages/airflow/example_dags/example_branch_datetime_operator.py
[2025-12-16T18:30:08.218+0000] {processor.py:925} INFO - DAG(s) 'example_branch_datetime_operator_3', 'example_branch_datetime_operator_2', 'example_branch_datetime_operator' retrieved from /home/airflow/.local/lib/python3.12/site-packages/airflow/example_dags/example_branch_datetime_operator.py
[2025-12-16T18:30:08.248+0000] {logging_mixin.py:190} INFO - [2025-12-16T18:30:08.248+0000] {dag.py:3239} INFO - Sync 3 DAGs
[2025-12-16T18:30:08.280+0000] {logging_mixin.py:190} INFO - [2025-12-16T18:30:08.280+0000] {dag.py:4180} INFO - Setting next_dagrun for example_branch_datetime_operator to 2025-12-15 00:00:00+00:00, run_after=2025-12-16 00:00:00+00:00
[2025-12-16T18:30:08.289+0000] {logging_mixin.py:190} INFO - [2025-12-16T18:30:08.289+0000] {dag.py:4180} INFO - Setting next_dagrun for example_branch_datetime_operator_2 to 2025-12-15 00:00:00+00:00, run_after=2025-12-16 00:00:00+00:00
[2025-12-16T18:30:08.296+0000] {logging_mixin.py:190} INFO - [2025-12-16T18:30:08.296+0000] {dag.py:4180} INFO - Setting next_dagrun for example_branch_datetime_operator_3 to 2025-12-15 00:00:00+00:00, run_after=2025-12-16 00:00:00+00:00
[2025-12-16T18:30:08.315+0000] {processor.py:208} INFO - Processing /home/airflow/.local/lib/python3.12/site-packages/airflow/example_dags/example_branch_datetime_operator.py took 0.126 seconds
[2025-12-16T18:30:39.238+0000] {processor.py:186} INFO - Started process (PID=795) to work on /home/airflow/.local/lib/python3.12/site-packages/airflow/example_dags/example_branch_datetime_operator.py
[2025-12-16T18:30:39.239+0000] {processor.py:914} INFO - Processing file /home/airflow/.local/lib/python3.12/site-packages/airflow/example_dags/example_branch_datetime_operator.py for tasks to queue
[2025-12-16T18:30:39.242+0000] {logging_mixin.py:190} INFO - [2025-12-16T18:30:39.242+0000] {dagbag.py:588} INFO - Filling up the DagBag from /home/airflow/.local/lib/python3.12/site-packages/airflow/example_dags/example_branch_datetime_operator.py
[2025-12-16T18:30:39.258+0000] {processor.py:925} INFO - DAG(s) 'example_branch_datetime_operator', 'example_branch_datetime_operator_3', 'example_branch_datetime_operator_2' retrieved from /home/airflow/.local/lib/python3.12/site-packages/airflow/example_dags/example_branch_datetime_operator.py
[2025-12-16T18:30:39.288+0000] {logging_mixin.py:190} INFO - [2025-12-16T18:30:39.288+0000] {dag.py:3239} INFO - Sync 3 DAGs
[2025-12-16T18:30:39.319+0000] {logging_mixin.py:190} INFO - [2025-12-16T18:30:39.319+0000] {dag.py:4180} INFO - Setting next_dagrun for example_branch_datetime_operator to 2025-12-15 00:00:00+00:00, run_after=2025-12-16 00:00:00+00:00
[2025-12-16T18:30:39.325+0000] {logging_mixin.py:190} INFO - [2025-12-16T18:30:39.324+0000] {dag.py:4180} INFO - Setting next_dagrun for example_branch_datetime_operator_2 to 2025-12-15 00:00:00+00:00, run_after=2025-12-16 00:00:00+00:00
[2025-12-16T18:30:39.327+0000] {logging_mixin.py:190} INFO - [2025-12-16T18:30:39.327+0000] {dag.py:4180} INFO - Setting next_dagrun for example_branch_datetime_operator_3 to 2025-12-15 00:00:00+00:00, run_after=2025-12-16 00:00:00+00:00
[2025-12-16T18:30:39.345+0000] {processor.py:208} INFO - Processing /home/airflow/.local/lib/python3.12/site-packages/airflow/example_dags/example_branch_datetime_operator.py took 0.114 seconds
[2025-12-16T18:31:09.683+0000] {processor.py:186} INFO - Started process (PID=1086) to work on /home/airflow/.local/lib/python3.12/site-packages/airflow/example_dags/example_branch_datetime_operator.py
[2025-12-16T18:31:09.684+0000] {processor.py:914} INFO - Processing file /home/airflow/.local/lib/python3.12/site-packages/airflow/example_dags/example_branch_datetime_operator.py for tasks to queue
[2025-12-16T18:31:09.686+0000] {logging_mixin.py:190} INFO - [2025-12-16T18:31:09.686+0000] {dagbag.py:588} INFO - Filling up the DagBag from /home/airflow/.local/lib/python3.12/site-packages/airflow/example_dags/example_branch_datetime_operator.py
[2025-12-16T18:31:09.701+0000] {processor.py:925} INFO - DAG(s) 'example_branch_datetime_operator_2', 'example_branch_datetime_operator', 'example_branch_datetime_operator_3' retrieved from /home/airflow/.local/lib/python3.12/site-packages/airflow/example_dags/example_branch_datetime_operator.py
[2025-12-16T18:31:09.730+0000] {logging_mixin.py:190} INFO - [2025-12-16T18:31:09.730+0000] {dag.py:3239} INFO - Sync 3 DAGs
[2025-12-16T18:31:09.759+0000] {logging_mixin.py:190} INFO - [2025-12-16T18:31:09.759+0000] {dag.py:4180} INFO - Setting next_dagrun for example_branch_datetime_operator to 2025-12-15 00:00:00+00:00, run_after=2025-12-16 00:00:00+00:00
[2025-12-16T18:31:09.766+0000] {logging_mixin.py:190} INFO - [2025-12-16T18:31:09.765+0000] {dag.py:4180} INFO - Setting next_dagrun for example_branch_datetime_operator_2 to 2025-12-15 00:00:00+00:00, run_after=2025-12-16 00:00:00+00:00
[2025-12-16T18:31:09.768+0000] {logging_mixin.py:190} INFO - [2025-12-16T18:31:09.768+0000] {dag.py:4180} INFO - Setting next_dagrun for example_branch_datetime_operator_3 to 2025-12-15 00:00:00+00:00, run_after=2025-12-16 00:00:00+00:00
[2025-12-16T18:31:09.786+0000] {processor.py:208} INFO - Processing /home/airflow/.local/lib/python3.12/site-packages/airflow/example_dags/example_branch_datetime_operator.py took 0.111 seconds
[2025-12-16T18:31:40.717+0000] {processor.py:186} INFO - Started process (PID=1377) to work on /home/airflow/.local/lib/python3.12/site-packages/airflow/example_dags/example_branch_datetime_operator.py
[2025-12-16T18:31:40.718+0000] {processor.py:914} INFO - Processing file /home/airflow/.local/lib/python3.12/site-packages/airflow/example_dags/example_branch_datetime_operator.py for tasks to queue
[2025-12-16T18:31:40.721+0000] {logging_mixin.py:190} INFO - [2025-12-16T18:31:40.720+0000] {dagbag.py:588} INFO - Filling up the DagBag from /home/airflow/.local/lib/python3.12/site-packages/airflow/example_dags/example_branch_datetime_operator.py
[2025-12-16T18:31:40.736+0000] {processor.py:925} INFO - DAG(s) 'example_branch_datetime_operator', 'example_branch_datetime_operator_2', 'example_branch_datetime_operator_3' retrieved from /home/airflow/.local/lib/python3.12/site-packages/airflow/example_dags/example_branch_datetime_operator.py
[2025-12-16T18:31:40.767+0000] {logging_mixin.py:190} INFO - [2025-12-16T18:31:40.767+0000] {dag.py:3239} INFO - Sync 3 DAGs
[2025-12-16T18:31:40.799+0000] {logging_mixin.py:190} INFO - [2025-12-16T18:31:40.798+0000] {dag.py:4180} INFO - Setting next_dagrun for example_branch_datetime_operator to 2025-12-15 00:00:00+00:00, run_after=2025-12-16 00:00:00+00:00
[2025-12-16T18:31:40.805+0000] {logging_mixin.py:190} INFO - [2025-12-16T18:31:40.805+0000] {dag.py:4180} INFO - Setting next_dagrun for example_branch_datetime_operator_2 to 2025-12-15 00:00:00+00:00, run_after=2025-12-16 00:00:00+00:00
[2025-12-16T18:31:40.808+0000] {logging_mixin.py:190} INFO - [2025-12-16T18:31:40.807+0000] {dag.py:4180} INFO - Setting next_dagrun for example_branch_datetime_operator_3 to 2025-12-15 00:00:00+00:00, run_after=2025-12-16 00:00:00+00:00
[2025-12-16T18:31:40.824+0000] {processor.py:208} INFO - Processing /home/airflow/.local/lib/python3.12/site-packages/airflow/example_dags/example_branch_datetime_operator.py took 0.115 seconds
[2025-12-16T18:32:11.708+0000] {processor.py:186} INFO - Started process (PID=1668) to work on /home/airflow/.local/lib/python3.12/site-packages/airflow/example_dags/example_branch_datetime_operator.py
[2025-12-16T18:32:11.709+0000] {processor.py:914} INFO - Processing file /home/airflow/.local/lib/python3.12/site-packages/airflow/example_dags/example_branch_datetime_operator.py for tasks to queue
[2025-12-16T18:32:11.711+0000] {logging_mixin.py:190} INFO - [2025-12-16T18:32:11.711+0000] {dagbag.py:588} INFO - Filling up the DagBag from /home/airflow/.local/lib/python3.12/site-packages/airflow/example_dags/example_branch_datetime_operator.py
[2025-12-16T18:32:11.727+0000] {processor.py:925} INFO - DAG(s) 'example_branch_datetime_operator_2', 'example_branch_datetime_operator', 'example_branch_datetime_operator_3' retrieved from /home/airflow/.local/lib/python3.12/site-packages/airflow/example_dags/example_branch_datetime_operator.py
[2025-12-16T18:32:11.759+0000] {logging_mixin.py:190} INFO - [2025-12-16T18:32:11.758+0000] {dag.py:3239} INFO - Sync 3 DAGs
[2025-12-16T18:32:11.793+0000] {logging_mixin.py:190} INFO - [2025-12-16T18:32:11.792+0000] {dag.py:4180} INFO - Setting next_dagrun for example_branch_datetime_operator to 2025-12-15 00:00:00+00:00, run_after=2025-12-16 00:00:00+00:00
[2025-12-16T18:32:11.798+0000] {logging_mixin.py:190} INFO - [2025-12-16T18:32:11.798+0000] {dag.py:4180} INFO - Setting next_dagrun for example_branch_datetime_operator_2 to 2025-12-15 00:00:00+00:00, run_after=2025-12-16 00:00:00+00:00
[2025-12-16T18:32:11.801+0000] {logging_mixin.py:190} INFO - [2025-12-16T18:32:11.800+0000] {dag.py:4180} INFO - Setting next_dagrun for example_branch_datetime_operator_3 to 2025-12-15 00:00:00+00:00, run_after=2025-12-16 00:00:00+00:00
[2025-12-16T18:32:11.820+0000] {processor.py:208} INFO - Processing /home/airflow/.local/lib/python3.12/site-packages/airflow/example_dags/example_branch_datetime_operator.py took 0.120 seconds
[2025-12-16T18:32:42.001+0000] {processor.py:186} INFO - Started process (PID=1959) to work on /home/airflow/.local/lib/python3.12/site-packages/airflow/example_dags/example_branch_datetime_operator.py
[2025-12-16T18:32:42.002+0000] {processor.py:914} INFO - Processing file /home/airflow/.local/lib/python3.12/site-packages/airflow/example_dags/example_branch_datetime_operator.py for tasks to queue
[2025-12-16T18:32:42.004+0000] {logging_mixin.py:190} INFO - [2025-12-16T18:32:42.004+0000] {dagbag.py:588} INFO - Filling up the DagBag from /home/airflow/.local/lib/python3.12/site-packages/airflow/example_dags/example_branch_datetime_operator.py
[2025-12-16T18:32:42.019+0000] {processor.py:925} INFO - DAG(s) 'example_branch_datetime_operator_2', 'example_branch_datetime_operator_3', 'example_branch_datetime_operator' retrieved from /home/airflow/.local/lib/python3.12/site-packages/airflow/example_dags/example_branch_datetime_operator.py
[2025-12-16T18:32:42.049+0000] {logging_mixin.py:190} INFO - [2025-12-16T18:32:42.049+0000] {dag.py:3239} INFO - Sync 3 DAGs
[2025-12-16T18:32:42.079+0000] {logging_mixin.py:190} INFO - [2025-12-16T18:32:42.079+0000] {dag.py:4180} INFO - Setting next_dagrun for example_branch_datetime_operator to 2025-12-15 00:00:00+00:00, run_after=2025-12-16 00:00:00+00:00
[2025-12-16T18:32:42.084+0000] {logging_mixin.py:190} INFO - [2025-12-16T18:32:42.084+0000] {dag.py:4180} INFO - Setting next_dagrun for example_branch_datetime_operator_2 to 2025-12-15 00:00:00+00:00, run_after=2025-12-16 00:00:00+00:00
[2025-12-16T18:32:42.087+0000] {logging_mixin.py:190} INFO - [2025-12-16T18:32:42.087+0000] {dag.py:4180} INFO - Setting next_dagrun for example_branch_datetime_operator_3 to 2025-12-15 00:00:00+00:00, run_after=2025-12-16 00:00:00+00:00
[2025-12-16T18:32:42.104+0000] {processor.py:208} INFO - Processing /home/airflow/.local/lib/python3.12/site-packages/airflow/example_dags/example_branch_datetime_operator.py took 0.111 seconds
[2025-12-16T18:33:12.388+0000] {processor.py:186} INFO - Started process (PID=2250) to work on /home/airflow/.local/lib/python3.12/site-packages/airflow/example_dags/example_branch_datetime_operator.py
[2025-12-16T18:33:12.390+0000] {processor.py:914} INFO - Processing file /home/airflow/.local/lib/python3.12/site-packages/airflow/example_dags/example_branch_datetime_operator.py for tasks to queue
[2025-12-16T18:33:12.393+0000] {logging_mixin.py:190} INFO - [2025-12-16T18:33:12.392+0000] {dagbag.py:588} INFO - Filling up the DagBag from /home/airflow/.local/lib/python3.12/site-packages/airflow/example_dags/example_branch_datetime_operator.py
[2025-12-16T18:33:12.409+0000] {processor.py:925} INFO - DAG(s) 'example_branch_datetime_operator_3', 'example_branch_datetime_operator_2', 'example_branch_datetime_operator' retrieved from /home/airflow/.local/lib/python3.12/site-packages/airflow/example_dags/example_branch_datetime_operator.py
[2025-12-16T18:33:12.448+0000] {logging_mixin.py:190} INFO - [2025-12-16T18:33:12.448+0000] {dag.py:3239} INFO - Sync 3 DAGs
[2025-12-16T18:33:12.503+0000] {logging_mixin.py:190} INFO - [2025-12-16T18:33:12.503+0000] {dag.py:4180} INFO - Setting next_dagrun for example_branch_datetime_operator to 2025-12-15 00:00:00+00:00, run_after=2025-12-16 00:00:00+00:00
[2025-12-16T18:33:12.512+0000] {logging_mixin.py:190} INFO - [2025-12-16T18:33:12.511+0000] {dag.py:4180} INFO - Setting next_dagrun for example_branch_datetime_operator_2 to 2025-12-15 00:00:00+00:00, run_after=2025-12-16 00:00:00+00:00
[2025-12-16T18:33:12.515+0000] {logging_mixin.py:190} INFO - [2025-12-16T18:33:12.515+0000] {dag.py:4180} INFO - Setting next_dagrun for example_branch_datetime_operator_3 to 2025-12-15 00:00:00+00:00, run_after=2025-12-16 00:00:00+00:00
[2025-12-16T18:33:12.538+0000] {processor.py:208} INFO - Processing /home/airflow/.local/lib/python3.12/site-packages/airflow/example_dags/example_branch_datetime_operator.py took 0.158 seconds
[2025-12-16T18:33:43.345+0000] {processor.py:186} INFO - Started process (PID=2547) to work on /home/airflow/.local/lib/python3.12/site-packages/airflow/example_dags/example_branch_datetime_operator.py
[2025-12-16T18:33:43.346+0000] {processor.py:914} INFO - Processing file /home/airflow/.local/lib/python3.12/site-packages/airflow/example_dags/example_branch_datetime_operator.py for tasks to queue
[2025-12-16T18:33:43.348+0000] {logging_mixin.py:190} INFO - [2025-12-16T18:33:43.348+0000] {dagbag.py:588} INFO - Filling up the DagBag from /home/airflow/.local/lib/python3.12/site-packages/airflow/example_dags/example_branch_datetime_operator.py
[2025-12-16T18:33:43.364+0000] {processor.py:925} INFO - DAG(s) 'example_branch_datetime_operator', 'example_branch_datetime_operator_2', 'example_branch_datetime_operator_3' retrieved from /home/airflow/.local/lib/python3.12/site-packages/airflow/example_dags/example_branch_datetime_operator.py
[2025-12-16T18:33:43.395+0000] {logging_mixin.py:190} INFO - [2025-12-16T18:33:43.395+0000] {dag.py:3239} INFO - Sync 3 DAGs
[2025-12-16T18:33:43.427+0000] {logging_mixin.py:190} INFO - [2025-12-16T18:33:43.427+0000] {dag.py:4180} INFO - Setting next_dagrun for example_branch_datetime_operator to 2025-12-15 00:00:00+00:00, run_after=2025-12-16 00:00:00+00:00
[2025-12-16T18:33:43.433+0000] {logging_mixin.py:190} INFO - [2025-12-16T18:33:43.433+0000] {dag.py:4180} INFO - Setting next_dagrun for example_branch_datetime_operator_2 to 2025-12-15 00:00:00+00:00, run_after=2025-12-16 00:00:00+00:00
[2025-12-16T18:33:43.436+0000] {logging_mixin.py:190} INFO - [2025-12-16T18:33:43.436+0000] {dag.py:4180} INFO - Setting next_dagrun for example_branch_datetime_operator_3 to 2025-12-15 00:00:00+00:00, run_after=2025-12-16 00:00:00+00:00
[2025-12-16T18:33:43.453+0000] {processor.py:208} INFO - Processing /home/airflow/.local/lib/python3.12/site-packages/airflow/example_dags/example_branch_datetime_operator.py took 0.117 seconds
[2025-12-16T18:34:14.439+0000] {processor.py:186} INFO - Started process (PID=2836) to work on /home/airflow/.local/lib/python3.12/site-packages/airflow/example_dags/example_branch_datetime_operator.py
[2025-12-16T18:34:14.440+0000] {processor.py:914} INFO - Processing file /home/airflow/.local/lib/python3.12/site-packages/airflow/example_dags/example_branch_datetime_operator.py for tasks to queue
[2025-12-16T18:34:14.443+0000] {logging_mixin.py:190} INFO - [2025-12-16T18:34:14.443+0000] {dagbag.py:588} INFO - Filling up the DagBag from /home/airflow/.local/lib/python3.12/site-packages/airflow/example_dags/example_branch_datetime_operator.py
[2025-12-16T18:34:14.458+0000] {processor.py:925} INFO - DAG(s) 'example_branch_datetime_operator', 'example_branch_datetime_operator_3', 'example_branch_datetime_operator_2' retrieved from /home/airflow/.local/lib/python3.12/site-packages/airflow/example_dags/example_branch_datetime_operator.py
[2025-12-16T18:34:14.487+0000] {logging_mixin.py:190} INFO - [2025-12-16T18:34:14.487+0000] {dag.py:3239} INFO - Sync 3 DAGs
[2025-12-16T18:34:14.518+0000] {logging_mixin.py:190} INFO - [2025-12-16T18:34:14.518+0000] {dag.py:4180} INFO - Setting next_dagrun for example_branch_datetime_operator to 2025-12-15 00:00:00+00:00, run_after=2025-12-16 00:00:00+00:00
[2025-12-16T18:34:14.524+0000] {logging_mixin.py:190} INFO - [2025-12-16T18:34:14.523+0000] {dag.py:4180} INFO - Setting next_dagrun for example_branch_datetime_operator_2 to 2025-12-15 00:00:00+00:00, run_after=2025-12-16 00:00:00+00:00
[2025-12-16T18:34:14.526+0000] {logging_mixin.py:190} INFO - [2025-12-16T18:34:14.526+0000] {dag.py:4180} INFO - Setting next_dagrun for example_branch_datetime_operator_3 to 2025-12-15 00:00:00+00:00, run_after=2025-12-16 00:00:00+00:00
[2025-12-16T18:34:14.545+0000] {processor.py:208} INFO - Processing /home/airflow/.local/lib/python3.12/site-packages/airflow/example_dags/example_branch_datetime_operator.py took 0.113 seconds
[2025-12-16T18:34:45.375+0000] {processor.py:186} INFO - Started process (PID=3129) to work on /home/airflow/.local/lib/python3.12/site-packages/airflow/example_dags/example_branch_datetime_operator.py
[2025-12-16T18:34:45.376+0000] {processor.py:914} INFO - Processing file /home/airflow/.local/lib/python3.12/site-packages/airflow/example_dags/example_branch_datetime_operator.py for tasks to queue
[2025-12-16T18:34:45.379+0000] {logging_mixin.py:190} INFO - [2025-12-16T18:34:45.378+0000] {dagbag.py:588} INFO - Filling up the DagBag from /home/airflow/.local/lib/python3.12/site-packages/airflow/example_dags/example_branch_datetime_operator.py
[2025-12-16T18:34:45.394+0000] {processor.py:925} INFO - DAG(s) 'example_branch_datetime_operator_2', 'example_branch_datetime_operator', 'example_branch_datetime_operator_3' retrieved from /home/airflow/.local/lib/python3.12/site-packages/airflow/example_dags/example_branch_datetime_operator.py
[2025-12-16T18:34:45.429+0000] {logging_mixin.py:190} INFO - [2025-12-16T18:34:45.429+0000] {dag.py:3239} INFO - Sync 3 DAGs
[2025-12-16T18:34:45.461+0000] {logging_mixin.py:190} INFO - [2025-12-16T18:34:45.461+0000] {dag.py:4180} INFO - Setting next_dagrun for example_branch_datetime_operator to 2025-12-15 00:00:00+00:00, run_after=2025-12-16 00:00:00+00:00
[2025-12-16T18:34:45.467+0000] {logging_mixin.py:190} INFO - [2025-12-16T18:34:45.466+0000] {dag.py:4180} INFO - Setting next_dagrun for example_branch_datetime_operator_2 to 2025-12-15 00:00:00+00:00, run_after=2025-12-16 00:00:00+00:00
[2025-12-16T18:34:45.470+0000] {logging_mixin.py:190} INFO - [2025-12-16T18:34:45.469+0000] {dag.py:4180} INFO - Setting next_dagrun for example_branch_datetime_operator_3 to 2025-12-15 00:00:00+00:00, run_after=2025-12-16 00:00:00+00:00
[2025-12-16T18:34:45.488+0000] {processor.py:208} INFO - Processing /home/airflow/.local/lib/python3.12/site-packages/airflow/example_dags/example_branch_datetime_operator.py took 0.122 seconds
[2025-12-16T18:35:15.607+0000] {processor.py:186} INFO - Started process (PID=3418) to work on /home/airflow/.local/lib/python3.12/site-packages/airflow/example_dags/example_branch_datetime_operator.py
[2025-12-16T18:35:15.608+0000] {processor.py:914} INFO - Processing file /home/airflow/.local/lib/python3.12/site-packages/airflow/example_dags/example_branch_datetime_operator.py for tasks to queue
[2025-12-16T18:35:15.611+0000] {logging_mixin.py:190} INFO - [2025-12-16T18:35:15.611+0000] {dagbag.py:588} INFO - Filling up the DagBag from /home/airflow/.local/lib/python3.12/site-packages/airflow/example_dags/example_branch_datetime_operator.py
[2025-12-16T18:35:15.628+0000] {processor.py:925} INFO - DAG(s) 'example_branch_datetime_operator_3', 'example_branch_datetime_operator', 'example_branch_datetime_operator_2' retrieved from /home/airflow/.local/lib/python3.12/site-packages/airflow/example_dags/example_branch_datetime_operator.py
[2025-12-16T18:35:15.663+0000] {logging_mixin.py:190} INFO - [2025-12-16T18:35:15.663+0000] {dag.py:3239} INFO - Sync 3 DAGs
[2025-12-16T18:35:15.698+0000] {logging_mixin.py:190} INFO - [2025-12-16T18:35:15.697+0000] {dag.py:4180} INFO - Setting next_dagrun for example_branch_datetime_operator to 2025-12-15 00:00:00+00:00, run_after=2025-12-16 00:00:00+00:00
[2025-12-16T18:35:15.704+0000] {logging_mixin.py:190} INFO - [2025-12-16T18:35:15.704+0000] {dag.py:4180} INFO - Setting next_dagrun for example_branch_datetime_operator_2 to 2025-12-15 00:00:00+00:00, run_after=2025-12-16 00:00:00+00:00
[2025-12-16T18:35:15.708+0000] {logging_mixin.py:190} INFO - [2025-12-16T18:35:15.707+0000] {dag.py:4180} INFO - Setting next_dagrun for example_branch_datetime_operator_3 to 2025-12-15 00:00:00+00:00, run_after=2025-12-16 00:00:00+00:00
[2025-12-16T18:35:15.729+0000] {processor.py:208} INFO - Processing /home/airflow/.local/lib/python3.12/site-packages/airflow/example_dags/example_branch_datetime_operator.py took 0.132 seconds
[2025-12-16T18:35:46.416+0000] {processor.py:186} INFO - Started process (PID=3711) to work on /home/airflow/.local/lib/python3.12/site-packages/airflow/example_dags/example_branch_datetime_operator.py
[2025-12-16T18:35:46.418+0000] {processor.py:914} INFO - Processing file /home/airflow/.local/lib/python3.12/site-packages/airflow/example_dags/example_branch_datetime_operator.py for tasks to queue
[2025-12-16T18:35:46.420+0000] {logging_mixin.py:190} INFO - [2025-12-16T18:35:46.420+0000] {dagbag.py:588} INFO - Filling up the DagBag from /home/airflow/.local/lib/python3.12/site-packages/airflow/example_dags/example_branch_datetime_operator.py
[2025-12-16T18:35:46.438+0000] {processor.py:925} INFO - DAG(s) 'example_branch_datetime_operator_2', 'example_branch_datetime_operator_3', 'example_branch_datetime_operator' retrieved from /home/airflow/.local/lib/python3.12/site-packages/airflow/example_dags/example_branch_datetime_operator.py
[2025-12-16T18:35:46.470+0000] {logging_mixin.py:190} INFO - [2025-12-16T18:35:46.470+0000] {dag.py:3239} INFO - Sync 3 DAGs
[2025-12-16T18:35:46.502+0000] {logging_mixin.py:190} INFO - [2025-12-16T18:35:46.501+0000] {dag.py:4180} INFO - Setting next_dagrun for example_branch_datetime_operator to 2025-12-15 00:00:00+00:00, run_after=2025-12-16 00:00:00+00:00
[2025-12-16T18:35:46.508+0000] {logging_mixin.py:190} INFO - [2025-12-16T18:35:46.507+0000] {dag.py:4180} INFO - Setting next_dagrun for example_branch_datetime_operator_2 to 2025-12-15 00:00:00+00:00, run_after=2025-12-16 00:00:00+00:00
[2025-12-16T18:35:46.511+0000] {logging_mixin.py:190} INFO - [2025-12-16T18:35:46.510+0000] {dag.py:4180} INFO - Setting next_dagrun for example_branch_datetime_operator_3 to 2025-12-15 00:00:00+00:00, run_after=2025-12-16 00:00:00+00:00
[2025-12-16T18:35:46.531+0000] {processor.py:208} INFO - Processing /home/airflow/.local/lib/python3.12/site-packages/airflow/example_dags/example_branch_datetime_operator.py took 0.123 seconds
[2025-12-16T18:36:16.771+0000] {processor.py:186} INFO - Started process (PID=4002) to work on /home/airflow/.local/lib/python3.12/site-packages/airflow/example_dags/example_branch_datetime_operator.py
[2025-12-16T18:36:16.773+0000] {processor.py:914} INFO - Processing file /home/airflow/.local/lib/python3.12/site-packages/airflow/example_dags/example_branch_datetime_operator.py for tasks to queue
[2025-12-16T18:36:16.775+0000] {logging_mixin.py:190} INFO - [2025-12-16T18:36:16.775+0000] {dagbag.py:588} INFO - Filling up the DagBag from /home/airflow/.local/lib/python3.12/site-packages/airflow/example_dags/example_branch_datetime_operator.py
[2025-12-16T18:36:16.791+0000] {processor.py:925} INFO - DAG(s) 'example_branch_datetime_operator_3', 'example_branch_datetime_operator_2', 'example_branch_datetime_operator' retrieved from /home/airflow/.local/lib/python3.12/site-packages/airflow/example_dags/example_branch_datetime_operator.py
[2025-12-16T18:36:16.824+0000] {logging_mixin.py:190} INFO - [2025-12-16T18:36:16.824+0000] {dag.py:3239} INFO - Sync 3 DAGs
[2025-12-16T18:36:16.855+0000] {logging_mixin.py:190} INFO - [2025-12-16T18:36:16.854+0000] {dag.py:4180} INFO - Setting next_dagrun for example_branch_datetime_operator to 2025-12-15 00:00:00+00:00, run_after=2025-12-16 00:00:00+00:00
[2025-12-16T18:36:16.861+0000] {logging_mixin.py:190} INFO - [2025-12-16T18:36:16.860+0000] {dag.py:4180} INFO - Setting next_dagrun for example_branch_datetime_operator_2 to 2025-12-15 00:00:00+00:00, run_after=2025-12-16 00:00:00+00:00
[2025-12-16T18:36:16.864+0000] {logging_mixin.py:190} INFO - [2025-12-16T18:36:16.863+0000] {dag.py:4180} INFO - Setting next_dagrun for example_branch_datetime_operator_3 to 2025-12-15 00:00:00+00:00, run_after=2025-12-16 00:00:00+00:00
[2025-12-16T18:36:16.883+0000] {processor.py:208} INFO - Processing /home/airflow/.local/lib/python3.12/site-packages/airflow/example_dags/example_branch_datetime_operator.py took 0.119 seconds
[2025-12-16T18:36:47.827+0000] {processor.py:186} INFO - Started process (PID=4293) to work on /home/airflow/.local/lib/python3.12/site-packages/airflow/example_dags/example_branch_datetime_operator.py
[2025-12-16T18:36:47.828+0000] {processor.py:914} INFO - Processing file /home/airflow/.local/lib/python3.12/site-packages/airflow/example_dags/example_branch_datetime_operator.py for tasks to queue
[2025-12-16T18:36:47.831+0000] {logging_mixin.py:190} INFO - [2025-12-16T18:36:47.830+0000] {dagbag.py:588} INFO - Filling up the DagBag from /home/airflow/.local/lib/python3.12/site-packages/airflow/example_dags/example_branch_datetime_operator.py
[2025-12-16T18:36:47.846+0000] {processor.py:925} INFO - DAG(s) 'example_branch_datetime_operator', 'example_branch_datetime_operator_2', 'example_branch_datetime_operator_3' retrieved from /home/airflow/.local/lib/python3.12/site-packages/airflow/example_dags/example_branch_datetime_operator.py
[2025-12-16T18:36:47.877+0000] {logging_mixin.py:190} INFO - [2025-12-16T18:36:47.877+0000] {dag.py:3239} INFO - Sync 3 DAGs
[2025-12-16T18:36:47.910+0000] {logging_mixin.py:190} INFO - [2025-12-16T18:36:47.909+0000] {dag.py:4180} INFO - Setting next_dagrun for example_branch_datetime_operator to 2025-12-15 00:00:00+00:00, run_after=2025-12-16 00:00:00+00:00
[2025-12-16T18:36:47.916+0000] {logging_mixin.py:190} INFO - [2025-12-16T18:36:47.916+0000] {dag.py:4180} INFO - Setting next_dagrun for example_branch_datetime_operator_2 to 2025-12-15 00:00:00+00:00, run_after=2025-12-16 00:00:00+00:00
[2025-12-16T18:36:47.919+0000] {logging_mixin.py:190} INFO - [2025-12-16T18:36:47.919+0000] {dag.py:4180} INFO - Setting next_dagrun for example_branch_datetime_operator_3 to 2025-12-15 00:00:00+00:00, run_after=2025-12-16 00:00:00+00:00
[2025-12-16T18:36:47.938+0000] {processor.py:208} INFO - Processing /home/airflow/.local/lib/python3.12/site-packages/airflow/example_dags/example_branch_datetime_operator.py took 0.120 seconds
[2025-12-16T18:37:18.030+0000] {processor.py:186} INFO - Started process (PID=4584) to work on /home/airflow/.local/lib/python3.12/site-packages/airflow/example_dags/example_branch_datetime_operator.py
[2025-12-16T18:37:18.032+0000] {processor.py:914} INFO - Processing file /home/airflow/.local/lib/python3.12/site-packages/airflow/example_dags/example_branch_datetime_operator.py for tasks to queue
[2025-12-16T18:37:18.034+0000] {logging_mixin.py:190} INFO - [2025-12-16T18:37:18.034+0000] {dagbag.py:588} INFO - Filling up the DagBag from /home/airflow/.local/lib/python3.12/site-packages/airflow/example_dags/example_branch_datetime_operator.py
[2025-12-16T18:37:18.050+0000] {processor.py:925} INFO - DAG(s) 'example_branch_datetime_operator_3', 'example_branch_datetime_operator', 'example_branch_datetime_operator_2' retrieved from /home/airflow/.local/lib/python3.12/site-packages/airflow/example_dags/example_branch_datetime_operator.py
[2025-12-16T18:37:18.082+0000] {logging_mixin.py:190} INFO - [2025-12-16T18:37:18.081+0000] {dag.py:3239} INFO - Sync 3 DAGs
[2025-12-16T18:37:18.114+0000] {logging_mixin.py:190} INFO - [2025-12-16T18:37:18.113+0000] {dag.py:4180} INFO - Setting next_dagrun for example_branch_datetime_operator to 2025-12-15 00:00:00+00:00, run_after=2025-12-16 00:00:00+00:00
[2025-12-16T18:37:18.122+0000] {logging_mixin.py:190} INFO - [2025-12-16T18:37:18.121+0000] {dag.py:4180} INFO - Setting next_dagrun for example_branch_datetime_operator_2 to 2025-12-15 00:00:00+00:00, run_after=2025-12-16 00:00:00+00:00
[2025-12-16T18:37:18.124+0000] {logging_mixin.py:190} INFO - [2025-12-16T18:37:18.124+0000] {dag.py:4180} INFO - Setting next_dagrun for example_branch_datetime_operator_3 to 2025-12-15 00:00:00+00:00, run_after=2025-12-16 00:00:00+00:00
[2025-12-16T18:37:18.142+0000] {processor.py:208} INFO - Processing /home/airflow/.local/lib/python3.12/site-packages/airflow/example_dags/example_branch_datetime_operator.py took 0.121 seconds
[2025-12-16T18:37:49.022+0000] {processor.py:186} INFO - Started process (PID=4873) to work on /home/airflow/.local/lib/python3.12/site-packages/airflow/example_dags/example_branch_datetime_operator.py
[2025-12-16T18:37:49.023+0000] {processor.py:914} INFO - Processing file /home/airflow/.local/lib/python3.12/site-packages/airflow/example_dags/example_branch_datetime_operator.py for tasks to queue
[2025-12-16T18:37:49.027+0000] {logging_mixin.py:190} INFO - [2025-12-16T18:37:49.026+0000] {dagbag.py:588} INFO - Filling up the DagBag from /home/airflow/.local/lib/python3.12/site-packages/airflow/example_dags/example_branch_datetime_operator.py
[2025-12-16T18:37:49.043+0000] {processor.py:925} INFO - DAG(s) 'example_branch_datetime_operator', 'example_branch_datetime_operator_3', 'example_branch_datetime_operator_2' retrieved from /home/airflow/.local/lib/python3.12/site-packages/airflow/example_dags/example_branch_datetime_operator.py
[2025-12-16T18:37:49.075+0000] {logging_mixin.py:190} INFO - [2025-12-16T18:37:49.075+0000] {dag.py:3239} INFO - Sync 3 DAGs
[2025-12-16T18:37:49.109+0000] {logging_mixin.py:190} INFO - [2025-12-16T18:37:49.109+0000] {dag.py:4180} INFO - Setting next_dagrun for example_branch_datetime_operator to 2025-12-15 00:00:00+00:00, run_after=2025-12-16 00:00:00+00:00
[2025-12-16T18:37:49.114+0000] {logging_mixin.py:190} INFO - [2025-12-16T18:37:49.114+0000] {dag.py:4180} INFO - Setting next_dagrun for example_branch_datetime_operator_2 to 2025-12-15 00:00:00+00:00, run_after=2025-12-16 00:00:00+00:00
[2025-12-16T18:37:49.117+0000] {logging_mixin.py:190} INFO - [2025-12-16T18:37:49.117+0000] {dag.py:4180} INFO - Setting next_dagrun for example_branch_datetime_operator_3 to 2025-12-15 00:00:00+00:00, run_after=2025-12-16 00:00:00+00:00
[2025-12-16T18:37:49.138+0000] {processor.py:208} INFO - Processing /home/airflow/.local/lib/python3.12/site-packages/airflow/example_dags/example_branch_datetime_operator.py took 0.125 seconds
[2025-12-16T18:38:19.809+0000] {processor.py:186} INFO - Started process (PID=5166) to work on /home/airflow/.local/lib/python3.12/site-packages/airflow/example_dags/example_branch_datetime_operator.py
[2025-12-16T18:38:19.810+0000] {processor.py:914} INFO - Processing file /home/airflow/.local/lib/python3.12/site-packages/airflow/example_dags/example_branch_datetime_operator.py for tasks to queue
[2025-12-16T18:38:19.813+0000] {logging_mixin.py:190} INFO - [2025-12-16T18:38:19.812+0000] {dagbag.py:588} INFO - Filling up the DagBag from /home/airflow/.local/lib/python3.12/site-packages/airflow/example_dags/example_branch_datetime_operator.py
[2025-12-16T18:38:19.828+0000] {processor.py:925} INFO - DAG(s) 'example_branch_datetime_operator_3', 'example_branch_datetime_operator_2', 'example_branch_datetime_operator' retrieved from /home/airflow/.local/lib/python3.12/site-packages/airflow/example_dags/example_branch_datetime_operator.py
[2025-12-16T18:38:19.858+0000] {logging_mixin.py:190} INFO - [2025-12-16T18:38:19.858+0000] {dag.py:3239} INFO - Sync 3 DAGs
[2025-12-16T18:38:19.889+0000] {logging_mixin.py:190} INFO - [2025-12-16T18:38:19.889+0000] {dag.py:4180} INFO - Setting next_dagrun for example_branch_datetime_operator to 2025-12-15 00:00:00+00:00, run_after=2025-12-16 00:00:00+00:00
[2025-12-16T18:38:19.896+0000] {logging_mixin.py:190} INFO - [2025-12-16T18:38:19.896+0000] {dag.py:4180} INFO - Setting next_dagrun for example_branch_datetime_operator_2 to 2025-12-15 00:00:00+00:00, run_after=2025-12-16 00:00:00+00:00
[2025-12-16T18:38:19.899+0000] {logging_mixin.py:190} INFO - [2025-12-16T18:38:19.899+0000] {dag.py:4180} INFO - Setting next_dagrun for example_branch_datetime_operator_3 to 2025-12-15 00:00:00+00:00, run_after=2025-12-16 00:00:00+00:00
[2025-12-16T18:38:19.917+0000] {processor.py:208} INFO - Processing /home/airflow/.local/lib/python3.12/site-packages/airflow/example_dags/example_branch_datetime_operator.py took 0.116 seconds
[2025-12-16T18:38:50.534+0000] {processor.py:186} INFO - Started process (PID=5457) to work on /home/airflow/.local/lib/python3.12/site-packages/airflow/example_dags/example_branch_datetime_operator.py
[2025-12-16T18:38:50.536+0000] {processor.py:914} INFO - Processing file /home/airflow/.local/lib/python3.12/site-packages/airflow/example_dags/example_branch_datetime_operator.py for tasks to queue
[2025-12-16T18:38:50.538+0000] {logging_mixin.py:190} INFO - [2025-12-16T18:38:50.538+0000] {dagbag.py:588} INFO - Filling up the DagBag from /home/airflow/.local/lib/python3.12/site-packages/airflow/example_dags/example_branch_datetime_operator.py
[2025-12-16T18:38:50.553+0000] {processor.py:925} INFO - DAG(s) 'example_branch_datetime_operator', 'example_branch_datetime_operator_3', 'example_branch_datetime_operator_2' retrieved from /home/airflow/.local/lib/python3.12/site-packages/airflow/example_dags/example_branch_datetime_operator.py
[2025-12-16T18:38:50.584+0000] {logging_mixin.py:190} INFO - [2025-12-16T18:38:50.583+0000] {dag.py:3239} INFO - Sync 3 DAGs
[2025-12-16T18:38:50.614+0000] {logging_mixin.py:190} INFO - [2025-12-16T18:38:50.614+0000] {dag.py:4180} INFO - Setting next_dagrun for example_branch_datetime_operator to 2025-12-15 00:00:00+00:00, run_after=2025-12-16 00:00:00+00:00
[2025-12-16T18:38:50.620+0000] {logging_mixin.py:190} INFO - [2025-12-16T18:38:50.620+0000] {dag.py:4180} INFO - Setting next_dagrun for example_branch_datetime_operator_2 to 2025-12-15 00:00:00+00:00, run_after=2025-12-16 00:00:00+00:00
[2025-12-16T18:38:50.623+0000] {logging_mixin.py:190} INFO - [2025-12-16T18:38:50.623+0000] {dag.py:4180} INFO - Setting next_dagrun for example_branch_datetime_operator_3 to 2025-12-15 00:00:00+00:00, run_after=2025-12-16 00:00:00+00:00
[2025-12-16T18:38:50.644+0000] {processor.py:208} INFO - Processing /home/airflow/.local/lib/python3.12/site-packages/airflow/example_dags/example_branch_datetime_operator.py took 0.118 seconds
[2025-12-16T18:39:21.339+0000] {processor.py:186} INFO - Started process (PID=5746) to work on /home/airflow/.local/lib/python3.12/site-packages/airflow/example_dags/example_branch_datetime_operator.py
[2025-12-16T18:39:21.341+0000] {processor.py:914} INFO - Processing file /home/airflow/.local/lib/python3.12/site-packages/airflow/example_dags/example_branch_datetime_operator.py for tasks to queue
[2025-12-16T18:39:21.344+0000] {logging_mixin.py:190} INFO - [2025-12-16T18:39:21.343+0000] {dagbag.py:588} INFO - Filling up the DagBag from /home/airflow/.local/lib/python3.12/site-packages/airflow/example_dags/example_branch_datetime_operator.py
[2025-12-16T18:39:21.362+0000] {processor.py:925} INFO - DAG(s) 'example_branch_datetime_operator', 'example_branch_datetime_operator_2', 'example_branch_datetime_operator_3' retrieved from /home/airflow/.local/lib/python3.12/site-packages/airflow/example_dags/example_branch_datetime_operator.py
[2025-12-16T18:39:21.396+0000] {logging_mixin.py:190} INFO - [2025-12-16T18:39:21.396+0000] {dag.py:3239} INFO - Sync 3 DAGs
[2025-12-16T18:39:21.429+0000] {logging_mixin.py:190} INFO - [2025-12-16T18:39:21.429+0000] {dag.py:4180} INFO - Setting next_dagrun for example_branch_datetime_operator to 2025-12-15 00:00:00+00:00, run_after=2025-12-16 00:00:00+00:00
[2025-12-16T18:39:21.435+0000] {logging_mixin.py:190} INFO - [2025-12-16T18:39:21.435+0000] {dag.py:4180} INFO - Setting next_dagrun for example_branch_datetime_operator_2 to 2025-12-15 00:00:00+00:00, run_after=2025-12-16 00:00:00+00:00
[2025-12-16T18:39:21.438+0000] {logging_mixin.py:190} INFO - [2025-12-16T18:39:21.437+0000] {dag.py:4180} INFO - Setting next_dagrun for example_branch_datetime_operator_3 to 2025-12-15 00:00:00+00:00, run_after=2025-12-16 00:00:00+00:00
[2025-12-16T18:39:21.456+0000] {processor.py:208} INFO - Processing /home/airflow/.local/lib/python3.12/site-packages/airflow/example_dags/example_branch_datetime_operator.py took 0.125 seconds
[2025-12-16T18:39:51.652+0000] {processor.py:186} INFO - Started process (PID=6039) to work on /home/airflow/.local/lib/python3.12/site-packages/airflow/example_dags/example_branch_datetime_operator.py
[2025-12-16T18:39:51.654+0000] {processor.py:914} INFO - Processing file /home/airflow/.local/lib/python3.12/site-packages/airflow/example_dags/example_branch_datetime_operator.py for tasks to queue
[2025-12-16T18:39:51.656+0000] {logging_mixin.py:190} INFO - [2025-12-16T18:39:51.656+0000] {dagbag.py:588} INFO - Filling up the DagBag from /home/airflow/.local/lib/python3.12/site-packages/airflow/example_dags/example_branch_datetime_operator.py
[2025-12-16T18:39:51.671+0000] {processor.py:925} INFO - DAG(s) 'example_branch_datetime_operator_2', 'example_branch_datetime_operator_3', 'example_branch_datetime_operator' retrieved from /home/airflow/.local/lib/python3.12/site-packages/airflow/example_dags/example_branch_datetime_operator.py
[2025-12-16T18:39:51.701+0000] {logging_mixin.py:190} INFO - [2025-12-16T18:39:51.700+0000] {dag.py:3239} INFO - Sync 3 DAGs
[2025-12-16T18:39:51.730+0000] {logging_mixin.py:190} INFO - [2025-12-16T18:39:51.730+0000] {dag.py:4180} INFO - Setting next_dagrun for example_branch_datetime_operator to 2025-12-15 00:00:00+00:00, run_after=2025-12-16 00:00:00+00:00
[2025-12-16T18:39:51.736+0000] {logging_mixin.py:190} INFO - [2025-12-16T18:39:51.736+0000] {dag.py:4180} INFO - Setting next_dagrun for example_branch_datetime_operator_2 to 2025-12-15 00:00:00+00:00, run_after=2025-12-16 00:00:00+00:00
[2025-12-16T18:39:51.739+0000] {logging_mixin.py:190} INFO - [2025-12-16T18:39:51.738+0000] {dag.py:4180} INFO - Setting next_dagrun for example_branch_datetime_operator_3 to 2025-12-15 00:00:00+00:00, run_after=2025-12-16 00:00:00+00:00
[2025-12-16T18:39:51.756+0000] {processor.py:208} INFO - Processing /home/airflow/.local/lib/python3.12/site-packages/airflow/example_dags/example_branch_datetime_operator.py took 0.110 seconds
[2025-12-16T18:40:21.999+0000] {processor.py:186} INFO - Started process (PID=6330) to work on /home/airflow/.local/lib/python3.12/site-packages/airflow/example_dags/example_branch_datetime_operator.py
[2025-12-16T18:40:22.000+0000] {processor.py:914} INFO - Processing file /home/airflow/.local/lib/python3.12/site-packages/airflow/example_dags/example_branch_datetime_operator.py for tasks to queue
[2025-12-16T18:40:22.003+0000] {logging_mixin.py:190} INFO - [2025-12-16T18:40:22.003+0000] {dagbag.py:588} INFO - Filling up the DagBag from /home/airflow/.local/lib/python3.12/site-packages/airflow/example_dags/example_branch_datetime_operator.py
[2025-12-16T18:40:22.019+0000] {processor.py:925} INFO - DAG(s) 'example_branch_datetime_operator_2', 'example_branch_datetime_operator', 'example_branch_datetime_operator_3' retrieved from /home/airflow/.local/lib/python3.12/site-packages/airflow/example_dags/example_branch_datetime_operator.py
[2025-12-16T18:40:22.054+0000] {logging_mixin.py:190} INFO - [2025-12-16T18:40:22.053+0000] {dag.py:3239} INFO - Sync 3 DAGs
[2025-12-16T18:40:22.090+0000] {logging_mixin.py:190} INFO - [2025-12-16T18:40:22.090+0000] {dag.py:4180} INFO - Setting next_dagrun for example_branch_datetime_operator to 2025-12-15 00:00:00+00:00, run_after=2025-12-16 00:00:00+00:00
[2025-12-16T18:40:22.097+0000] {logging_mixin.py:190} INFO - [2025-12-16T18:40:22.097+0000] {dag.py:4180} INFO - Setting next_dagrun for example_branch_datetime_operator_2 to 2025-12-15 00:00:00+00:00, run_after=2025-12-16 00:00:00+00:00
[2025-12-16T18:40:22.100+0000] {logging_mixin.py:190} INFO - [2025-12-16T18:40:22.100+0000] {dag.py:4180} INFO - Setting next_dagrun for example_branch_datetime_operator_3 to 2025-12-15 00:00:00+00:00, run_after=2025-12-16 00:00:00+00:00
[2025-12-16T18:40:22.119+0000] {processor.py:208} INFO - Processing /home/airflow/.local/lib/python3.12/site-packages/airflow/example_dags/example_branch_datetime_operator.py took 0.128 seconds
