[2025-12-16T18:26:47.827+0000] {processor.py:186} INFO - Started process (PID=357) to work on /home/airflow/.local/lib/python3.12/site-packages/airflow/example_dags/example_sensors.py
[2025-12-16T18:26:47.828+0000] {processor.py:914} INFO - Processing file /home/airflow/.local/lib/python3.12/site-packages/airflow/example_dags/example_sensors.py for tasks to queue
[2025-12-16T18:26:47.830+0000] {logging_mixin.py:190} INFO - [2025-12-16T18:26:47.830+0000] {dagbag.py:588} INFO - Filling up the DagBag from /home/airflow/.local/lib/python3.12/site-packages/airflow/example_dags/example_sensors.py
[2025-12-16T18:26:47.846+0000] {processor.py:925} INFO - DAG(s) 'example_sensors' retrieved from /home/airflow/.local/lib/python3.12/site-packages/airflow/example_dags/example_sensors.py
[2025-12-16T18:26:47.989+0000] {logging_mixin.py:190} INFO - [2025-12-16T18:26:47.988+0000] {override.py:1911} INFO - Created Permission View: can read on DAG:example_sensors
[2025-12-16T18:26:48.000+0000] {logging_mixin.py:190} INFO - [2025-12-16T18:26:47.999+0000] {override.py:1911} INFO - Created Permission View: can delete on DAG:example_sensors
[2025-12-16T18:26:48.006+0000] {logging_mixin.py:190} INFO - [2025-12-16T18:26:48.005+0000] {override.py:1911} INFO - Created Permission View: can edit on DAG:example_sensors
[2025-12-16T18:26:48.013+0000] {logging_mixin.py:190} INFO - [2025-12-16T18:26:48.013+0000] {override.py:1911} INFO - Created Permission View: can read on DAG Run:example_sensors
[2025-12-16T18:26:48.019+0000] {logging_mixin.py:190} INFO - [2025-12-16T18:26:48.019+0000] {override.py:1911} INFO - Created Permission View: can create on DAG Run:example_sensors
[2025-12-16T18:26:48.025+0000] {logging_mixin.py:190} INFO - [2025-12-16T18:26:48.025+0000] {override.py:1911} INFO - Created Permission View: menu access on DAG Run:example_sensors
[2025-12-16T18:26:48.032+0000] {logging_mixin.py:190} INFO - [2025-12-16T18:26:48.031+0000] {override.py:1911} INFO - Created Permission View: can delete on DAG Run:example_sensors
[2025-12-16T18:26:48.032+0000] {logging_mixin.py:190} INFO - [2025-12-16T18:26:48.032+0000] {dag.py:3239} INFO - Sync 1 DAGs
[2025-12-16T18:26:48.049+0000] {logging_mixin.py:190} INFO - [2025-12-16T18:26:48.048+0000] {dag.py:3262} INFO - Creating ORM DAG for example_sensors
[2025-12-16T18:26:48.049+0000] {logging_mixin.py:190} INFO - [2025-12-16T18:26:48.049+0000] {dag.py:4180} INFO - Setting next_dagrun for example_sensors to None, run_after=None
[2025-12-16T18:26:48.068+0000] {processor.py:208} INFO - Processing /home/airflow/.local/lib/python3.12/site-packages/airflow/example_dags/example_sensors.py took 0.248 seconds
[2025-12-16T18:27:18.911+0000] {processor.py:186} INFO - Started process (PID=648) to work on /home/airflow/.local/lib/python3.12/site-packages/airflow/example_dags/example_sensors.py
[2025-12-16T18:27:18.913+0000] {processor.py:914} INFO - Processing file /home/airflow/.local/lib/python3.12/site-packages/airflow/example_dags/example_sensors.py for tasks to queue
[2025-12-16T18:27:18.916+0000] {logging_mixin.py:190} INFO - [2025-12-16T18:27:18.916+0000] {dagbag.py:588} INFO - Filling up the DagBag from /home/airflow/.local/lib/python3.12/site-packages/airflow/example_dags/example_sensors.py
[2025-12-16T18:27:18.939+0000] {processor.py:925} INFO - DAG(s) 'example_sensors' retrieved from /home/airflow/.local/lib/python3.12/site-packages/airflow/example_dags/example_sensors.py
[2025-12-16T18:27:18.974+0000] {logging_mixin.py:190} INFO - [2025-12-16T18:27:18.974+0000] {dag.py:3239} INFO - Sync 1 DAGs
[2025-12-16T18:27:18.995+0000] {logging_mixin.py:190} INFO - [2025-12-16T18:27:18.995+0000] {dag.py:4180} INFO - Setting next_dagrun for example_sensors to None, run_after=None
[2025-12-16T18:27:19.024+0000] {processor.py:208} INFO - Processing /home/airflow/.local/lib/python3.12/site-packages/airflow/example_dags/example_sensors.py took 0.122 seconds
[2025-12-16T18:27:49.714+0000] {processor.py:186} INFO - Started process (PID=939) to work on /home/airflow/.local/lib/python3.12/site-packages/airflow/example_dags/example_sensors.py
[2025-12-16T18:27:49.716+0000] {processor.py:914} INFO - Processing file /home/airflow/.local/lib/python3.12/site-packages/airflow/example_dags/example_sensors.py for tasks to queue
[2025-12-16T18:27:49.718+0000] {logging_mixin.py:190} INFO - [2025-12-16T18:27:49.718+0000] {dagbag.py:588} INFO - Filling up the DagBag from /home/airflow/.local/lib/python3.12/site-packages/airflow/example_dags/example_sensors.py
[2025-12-16T18:27:49.733+0000] {processor.py:925} INFO - DAG(s) 'example_sensors' retrieved from /home/airflow/.local/lib/python3.12/site-packages/airflow/example_dags/example_sensors.py
[2025-12-16T18:27:49.767+0000] {logging_mixin.py:190} INFO - [2025-12-16T18:27:49.766+0000] {dag.py:3239} INFO - Sync 1 DAGs
[2025-12-16T18:27:49.789+0000] {logging_mixin.py:190} INFO - [2025-12-16T18:27:49.789+0000] {dag.py:4180} INFO - Setting next_dagrun for example_sensors to None, run_after=None
[2025-12-16T18:27:49.818+0000] {processor.py:208} INFO - Processing /home/airflow/.local/lib/python3.12/site-packages/airflow/example_dags/example_sensors.py took 0.111 seconds
[2025-12-16T18:29:43.115+0000] {processor.py:186} INFO - Started process (PID=359) to work on /home/airflow/.local/lib/python3.12/site-packages/airflow/example_dags/example_sensors.py
[2025-12-16T18:29:43.116+0000] {processor.py:914} INFO - Processing file /home/airflow/.local/lib/python3.12/site-packages/airflow/example_dags/example_sensors.py for tasks to queue
[2025-12-16T18:29:43.118+0000] {logging_mixin.py:190} INFO - [2025-12-16T18:29:43.118+0000] {dagbag.py:588} INFO - Filling up the DagBag from /home/airflow/.local/lib/python3.12/site-packages/airflow/example_dags/example_sensors.py
[2025-12-16T18:29:43.134+0000] {processor.py:925} INFO - DAG(s) 'example_sensors' retrieved from /home/airflow/.local/lib/python3.12/site-packages/airflow/example_dags/example_sensors.py
[2025-12-16T18:29:43.166+0000] {logging_mixin.py:190} INFO - [2025-12-16T18:29:43.166+0000] {dag.py:3239} INFO - Sync 1 DAGs
[2025-12-16T18:29:43.185+0000] {logging_mixin.py:190} INFO - [2025-12-16T18:29:43.184+0000] {dag.py:4180} INFO - Setting next_dagrun for example_sensors to None, run_after=None
[2025-12-16T18:29:43.204+0000] {processor.py:208} INFO - Processing /home/airflow/.local/lib/python3.12/site-packages/airflow/example_dags/example_sensors.py took 0.096 seconds
[2025-12-16T18:30:15.139+0000] {processor.py:186} INFO - Started process (PID=648) to work on /home/airflow/.local/lib/python3.12/site-packages/airflow/example_dags/example_sensors.py
[2025-12-16T18:30:15.140+0000] {processor.py:914} INFO - Processing file /home/airflow/.local/lib/python3.12/site-packages/airflow/example_dags/example_sensors.py for tasks to queue
[2025-12-16T18:30:15.142+0000] {logging_mixin.py:190} INFO - [2025-12-16T18:30:15.142+0000] {dagbag.py:588} INFO - Filling up the DagBag from /home/airflow/.local/lib/python3.12/site-packages/airflow/example_dags/example_sensors.py
[2025-12-16T18:30:15.156+0000] {processor.py:925} INFO - DAG(s) 'example_sensors' retrieved from /home/airflow/.local/lib/python3.12/site-packages/airflow/example_dags/example_sensors.py
[2025-12-16T18:30:15.186+0000] {logging_mixin.py:190} INFO - [2025-12-16T18:30:15.186+0000] {dag.py:3239} INFO - Sync 1 DAGs
[2025-12-16T18:30:15.203+0000] {logging_mixin.py:190} INFO - [2025-12-16T18:30:15.203+0000] {dag.py:4180} INFO - Setting next_dagrun for example_sensors to None, run_after=None
[2025-12-16T18:30:15.222+0000] {processor.py:208} INFO - Processing /home/airflow/.local/lib/python3.12/site-packages/airflow/example_dags/example_sensors.py took 0.090 seconds
[2025-12-16T18:30:45.465+0000] {processor.py:186} INFO - Started process (PID=939) to work on /home/airflow/.local/lib/python3.12/site-packages/airflow/example_dags/example_sensors.py
[2025-12-16T18:30:45.466+0000] {processor.py:914} INFO - Processing file /home/airflow/.local/lib/python3.12/site-packages/airflow/example_dags/example_sensors.py for tasks to queue
[2025-12-16T18:30:45.469+0000] {logging_mixin.py:190} INFO - [2025-12-16T18:30:45.469+0000] {dagbag.py:588} INFO - Filling up the DagBag from /home/airflow/.local/lib/python3.12/site-packages/airflow/example_dags/example_sensors.py
[2025-12-16T18:30:45.482+0000] {processor.py:925} INFO - DAG(s) 'example_sensors' retrieved from /home/airflow/.local/lib/python3.12/site-packages/airflow/example_dags/example_sensors.py
[2025-12-16T18:30:45.513+0000] {logging_mixin.py:190} INFO - [2025-12-16T18:30:45.512+0000] {dag.py:3239} INFO - Sync 1 DAGs
[2025-12-16T18:30:45.531+0000] {logging_mixin.py:190} INFO - [2025-12-16T18:30:45.530+0000] {dag.py:4180} INFO - Setting next_dagrun for example_sensors to None, run_after=None
[2025-12-16T18:30:45.550+0000] {processor.py:208} INFO - Processing /home/airflow/.local/lib/python3.12/site-packages/airflow/example_dags/example_sensors.py took 0.094 seconds
[2025-12-16T18:31:17.322+0000] {processor.py:186} INFO - Started process (PID=1230) to work on /home/airflow/.local/lib/python3.12/site-packages/airflow/example_dags/example_sensors.py
[2025-12-16T18:31:17.323+0000] {processor.py:914} INFO - Processing file /home/airflow/.local/lib/python3.12/site-packages/airflow/example_dags/example_sensors.py for tasks to queue
[2025-12-16T18:31:17.325+0000] {logging_mixin.py:190} INFO - [2025-12-16T18:31:17.325+0000] {dagbag.py:588} INFO - Filling up the DagBag from /home/airflow/.local/lib/python3.12/site-packages/airflow/example_dags/example_sensors.py
[2025-12-16T18:31:17.338+0000] {processor.py:925} INFO - DAG(s) 'example_sensors' retrieved from /home/airflow/.local/lib/python3.12/site-packages/airflow/example_dags/example_sensors.py
[2025-12-16T18:31:17.368+0000] {logging_mixin.py:190} INFO - [2025-12-16T18:31:17.367+0000] {dag.py:3239} INFO - Sync 1 DAGs
[2025-12-16T18:31:17.385+0000] {logging_mixin.py:190} INFO - [2025-12-16T18:31:17.385+0000] {dag.py:4180} INFO - Setting next_dagrun for example_sensors to None, run_after=None
[2025-12-16T18:31:17.404+0000] {processor.py:208} INFO - Processing /home/airflow/.local/lib/python3.12/site-packages/airflow/example_dags/example_sensors.py took 0.090 seconds
[2025-12-16T18:31:47.825+0000] {processor.py:186} INFO - Started process (PID=1518) to work on /home/airflow/.local/lib/python3.12/site-packages/airflow/example_dags/example_sensors.py
[2025-12-16T18:31:47.826+0000] {processor.py:914} INFO - Processing file /home/airflow/.local/lib/python3.12/site-packages/airflow/example_dags/example_sensors.py for tasks to queue
[2025-12-16T18:31:47.829+0000] {logging_mixin.py:190} INFO - [2025-12-16T18:31:47.829+0000] {dagbag.py:588} INFO - Filling up the DagBag from /home/airflow/.local/lib/python3.12/site-packages/airflow/example_dags/example_sensors.py
[2025-12-16T18:31:47.845+0000] {processor.py:925} INFO - DAG(s) 'example_sensors' retrieved from /home/airflow/.local/lib/python3.12/site-packages/airflow/example_dags/example_sensors.py
[2025-12-16T18:31:47.879+0000] {logging_mixin.py:190} INFO - [2025-12-16T18:31:47.879+0000] {dag.py:3239} INFO - Sync 1 DAGs
[2025-12-16T18:31:47.902+0000] {logging_mixin.py:190} INFO - [2025-12-16T18:31:47.902+0000] {dag.py:4180} INFO - Setting next_dagrun for example_sensors to None, run_after=None
[2025-12-16T18:31:47.929+0000] {processor.py:208} INFO - Processing /home/airflow/.local/lib/python3.12/site-packages/airflow/example_dags/example_sensors.py took 0.114 seconds
[2025-12-16T18:32:18.448+0000] {processor.py:186} INFO - Started process (PID=1807) to work on /home/airflow/.local/lib/python3.12/site-packages/airflow/example_dags/example_sensors.py
[2025-12-16T18:32:18.449+0000] {processor.py:914} INFO - Processing file /home/airflow/.local/lib/python3.12/site-packages/airflow/example_dags/example_sensors.py for tasks to queue
[2025-12-16T18:32:18.451+0000] {logging_mixin.py:190} INFO - [2025-12-16T18:32:18.451+0000] {dagbag.py:588} INFO - Filling up the DagBag from /home/airflow/.local/lib/python3.12/site-packages/airflow/example_dags/example_sensors.py
[2025-12-16T18:32:18.472+0000] {processor.py:925} INFO - DAG(s) 'example_sensors' retrieved from /home/airflow/.local/lib/python3.12/site-packages/airflow/example_dags/example_sensors.py
[2025-12-16T18:32:18.505+0000] {logging_mixin.py:190} INFO - [2025-12-16T18:32:18.505+0000] {dag.py:3239} INFO - Sync 1 DAGs
[2025-12-16T18:32:18.524+0000] {logging_mixin.py:190} INFO - [2025-12-16T18:32:18.524+0000] {dag.py:4180} INFO - Setting next_dagrun for example_sensors to None, run_after=None
[2025-12-16T18:32:18.547+0000] {processor.py:208} INFO - Processing /home/airflow/.local/lib/python3.12/site-packages/airflow/example_dags/example_sensors.py took 0.107 seconds
[2025-12-16T18:32:49.571+0000] {processor.py:186} INFO - Started process (PID=2098) to work on /home/airflow/.local/lib/python3.12/site-packages/airflow/example_dags/example_sensors.py
[2025-12-16T18:32:49.572+0000] {processor.py:914} INFO - Processing file /home/airflow/.local/lib/python3.12/site-packages/airflow/example_dags/example_sensors.py for tasks to queue
[2025-12-16T18:32:49.575+0000] {logging_mixin.py:190} INFO - [2025-12-16T18:32:49.574+0000] {dagbag.py:588} INFO - Filling up the DagBag from /home/airflow/.local/lib/python3.12/site-packages/airflow/example_dags/example_sensors.py
[2025-12-16T18:32:49.591+0000] {processor.py:925} INFO - DAG(s) 'example_sensors' retrieved from /home/airflow/.local/lib/python3.12/site-packages/airflow/example_dags/example_sensors.py
[2025-12-16T18:32:49.626+0000] {logging_mixin.py:190} INFO - [2025-12-16T18:32:49.626+0000] {dag.py:3239} INFO - Sync 1 DAGs
[2025-12-16T18:32:49.645+0000] {logging_mixin.py:190} INFO - [2025-12-16T18:32:49.645+0000] {dag.py:4180} INFO - Setting next_dagrun for example_sensors to None, run_after=None
[2025-12-16T18:32:49.667+0000] {processor.py:208} INFO - Processing /home/airflow/.local/lib/python3.12/site-packages/airflow/example_dags/example_sensors.py took 0.105 seconds
[2025-12-16T18:33:21.027+0000] {processor.py:186} INFO - Started process (PID=2389) to work on /home/airflow/.local/lib/python3.12/site-packages/airflow/example_dags/example_sensors.py
[2025-12-16T18:33:21.028+0000] {processor.py:914} INFO - Processing file /home/airflow/.local/lib/python3.12/site-packages/airflow/example_dags/example_sensors.py for tasks to queue
[2025-12-16T18:33:21.031+0000] {logging_mixin.py:190} INFO - [2025-12-16T18:33:21.030+0000] {dagbag.py:588} INFO - Filling up the DagBag from /home/airflow/.local/lib/python3.12/site-packages/airflow/example_dags/example_sensors.py
[2025-12-16T18:33:21.045+0000] {processor.py:925} INFO - DAG(s) 'example_sensors' retrieved from /home/airflow/.local/lib/python3.12/site-packages/airflow/example_dags/example_sensors.py
[2025-12-16T18:33:21.078+0000] {logging_mixin.py:190} INFO - [2025-12-16T18:33:21.078+0000] {dag.py:3239} INFO - Sync 1 DAGs
[2025-12-16T18:33:21.096+0000] {logging_mixin.py:190} INFO - [2025-12-16T18:33:21.096+0000] {dag.py:4180} INFO - Setting next_dagrun for example_sensors to None, run_after=None
[2025-12-16T18:33:21.117+0000] {processor.py:208} INFO - Processing /home/airflow/.local/lib/python3.12/site-packages/airflow/example_dags/example_sensors.py took 0.097 seconds
[2025-12-16T18:33:52.016+0000] {processor.py:186} INFO - Started process (PID=2680) to work on /home/airflow/.local/lib/python3.12/site-packages/airflow/example_dags/example_sensors.py
[2025-12-16T18:33:52.017+0000] {processor.py:914} INFO - Processing file /home/airflow/.local/lib/python3.12/site-packages/airflow/example_dags/example_sensors.py for tasks to queue
[2025-12-16T18:33:52.020+0000] {logging_mixin.py:190} INFO - [2025-12-16T18:33:52.020+0000] {dagbag.py:588} INFO - Filling up the DagBag from /home/airflow/.local/lib/python3.12/site-packages/airflow/example_dags/example_sensors.py
[2025-12-16T18:33:52.034+0000] {processor.py:925} INFO - DAG(s) 'example_sensors' retrieved from /home/airflow/.local/lib/python3.12/site-packages/airflow/example_dags/example_sensors.py
[2025-12-16T18:33:52.064+0000] {logging_mixin.py:190} INFO - [2025-12-16T18:33:52.064+0000] {dag.py:3239} INFO - Sync 1 DAGs
[2025-12-16T18:33:52.081+0000] {logging_mixin.py:190} INFO - [2025-12-16T18:33:52.081+0000] {dag.py:4180} INFO - Setting next_dagrun for example_sensors to None, run_after=None
[2025-12-16T18:33:52.101+0000] {processor.py:208} INFO - Processing /home/airflow/.local/lib/python3.12/site-packages/airflow/example_dags/example_sensors.py took 0.093 seconds
[2025-12-16T18:34:22.958+0000] {processor.py:186} INFO - Started process (PID=2971) to work on /home/airflow/.local/lib/python3.12/site-packages/airflow/example_dags/example_sensors.py
[2025-12-16T18:34:22.959+0000] {processor.py:914} INFO - Processing file /home/airflow/.local/lib/python3.12/site-packages/airflow/example_dags/example_sensors.py for tasks to queue
[2025-12-16T18:34:22.962+0000] {logging_mixin.py:190} INFO - [2025-12-16T18:34:22.961+0000] {dagbag.py:588} INFO - Filling up the DagBag from /home/airflow/.local/lib/python3.12/site-packages/airflow/example_dags/example_sensors.py
[2025-12-16T18:34:22.975+0000] {processor.py:925} INFO - DAG(s) 'example_sensors' retrieved from /home/airflow/.local/lib/python3.12/site-packages/airflow/example_dags/example_sensors.py
[2025-12-16T18:34:23.004+0000] {logging_mixin.py:190} INFO - [2025-12-16T18:34:23.004+0000] {dag.py:3239} INFO - Sync 1 DAGs
[2025-12-16T18:34:23.021+0000] {logging_mixin.py:190} INFO - [2025-12-16T18:34:23.020+0000] {dag.py:4180} INFO - Setting next_dagrun for example_sensors to None, run_after=None
[2025-12-16T18:34:23.039+0000] {processor.py:208} INFO - Processing /home/airflow/.local/lib/python3.12/site-packages/airflow/example_dags/example_sensors.py took 0.089 seconds
[2025-12-16T18:34:54.111+0000] {processor.py:186} INFO - Started process (PID=3262) to work on /home/airflow/.local/lib/python3.12/site-packages/airflow/example_dags/example_sensors.py
[2025-12-16T18:34:54.112+0000] {processor.py:914} INFO - Processing file /home/airflow/.local/lib/python3.12/site-packages/airflow/example_dags/example_sensors.py for tasks to queue
[2025-12-16T18:34:54.114+0000] {logging_mixin.py:190} INFO - [2025-12-16T18:34:54.114+0000] {dagbag.py:588} INFO - Filling up the DagBag from /home/airflow/.local/lib/python3.12/site-packages/airflow/example_dags/example_sensors.py
[2025-12-16T18:34:54.128+0000] {processor.py:925} INFO - DAG(s) 'example_sensors' retrieved from /home/airflow/.local/lib/python3.12/site-packages/airflow/example_dags/example_sensors.py
[2025-12-16T18:34:54.159+0000] {logging_mixin.py:190} INFO - [2025-12-16T18:34:54.159+0000] {dag.py:3239} INFO - Sync 1 DAGs
[2025-12-16T18:34:54.176+0000] {logging_mixin.py:190} INFO - [2025-12-16T18:34:54.176+0000] {dag.py:4180} INFO - Setting next_dagrun for example_sensors to None, run_after=None
[2025-12-16T18:34:54.196+0000] {processor.py:208} INFO - Processing /home/airflow/.local/lib/python3.12/site-packages/airflow/example_dags/example_sensors.py took 0.092 seconds
[2025-12-16T18:35:25.448+0000] {processor.py:186} INFO - Started process (PID=3553) to work on /home/airflow/.local/lib/python3.12/site-packages/airflow/example_dags/example_sensors.py
[2025-12-16T18:35:25.449+0000] {processor.py:914} INFO - Processing file /home/airflow/.local/lib/python3.12/site-packages/airflow/example_dags/example_sensors.py for tasks to queue
[2025-12-16T18:35:25.452+0000] {logging_mixin.py:190} INFO - [2025-12-16T18:35:25.452+0000] {dagbag.py:588} INFO - Filling up the DagBag from /home/airflow/.local/lib/python3.12/site-packages/airflow/example_dags/example_sensors.py
[2025-12-16T18:35:25.467+0000] {processor.py:925} INFO - DAG(s) 'example_sensors' retrieved from /home/airflow/.local/lib/python3.12/site-packages/airflow/example_dags/example_sensors.py
[2025-12-16T18:35:25.499+0000] {logging_mixin.py:190} INFO - [2025-12-16T18:35:25.498+0000] {dag.py:3239} INFO - Sync 1 DAGs
[2025-12-16T18:35:25.519+0000] {logging_mixin.py:190} INFO - [2025-12-16T18:35:25.518+0000] {dag.py:4180} INFO - Setting next_dagrun for example_sensors to None, run_after=None
[2025-12-16T18:35:25.542+0000] {processor.py:208} INFO - Processing /home/airflow/.local/lib/python3.12/site-packages/airflow/example_dags/example_sensors.py took 0.102 seconds
[2025-12-16T18:35:56.679+0000] {processor.py:186} INFO - Started process (PID=3844) to work on /home/airflow/.local/lib/python3.12/site-packages/airflow/example_dags/example_sensors.py
[2025-12-16T18:35:56.681+0000] {processor.py:914} INFO - Processing file /home/airflow/.local/lib/python3.12/site-packages/airflow/example_dags/example_sensors.py for tasks to queue
[2025-12-16T18:35:56.683+0000] {logging_mixin.py:190} INFO - [2025-12-16T18:35:56.683+0000] {dagbag.py:588} INFO - Filling up the DagBag from /home/airflow/.local/lib/python3.12/site-packages/airflow/example_dags/example_sensors.py
[2025-12-16T18:35:56.697+0000] {processor.py:925} INFO - DAG(s) 'example_sensors' retrieved from /home/airflow/.local/lib/python3.12/site-packages/airflow/example_dags/example_sensors.py
[2025-12-16T18:35:56.728+0000] {logging_mixin.py:190} INFO - [2025-12-16T18:35:56.728+0000] {dag.py:3239} INFO - Sync 1 DAGs
[2025-12-16T18:35:56.746+0000] {logging_mixin.py:190} INFO - [2025-12-16T18:35:56.745+0000] {dag.py:4180} INFO - Setting next_dagrun for example_sensors to None, run_after=None
[2025-12-16T18:35:56.767+0000] {processor.py:208} INFO - Processing /home/airflow/.local/lib/python3.12/site-packages/airflow/example_dags/example_sensors.py took 0.096 seconds
[2025-12-16T18:36:27.801+0000] {processor.py:186} INFO - Started process (PID=4135) to work on /home/airflow/.local/lib/python3.12/site-packages/airflow/example_dags/example_sensors.py
[2025-12-16T18:36:27.802+0000] {processor.py:914} INFO - Processing file /home/airflow/.local/lib/python3.12/site-packages/airflow/example_dags/example_sensors.py for tasks to queue
[2025-12-16T18:36:27.805+0000] {logging_mixin.py:190} INFO - [2025-12-16T18:36:27.804+0000] {dagbag.py:588} INFO - Filling up the DagBag from /home/airflow/.local/lib/python3.12/site-packages/airflow/example_dags/example_sensors.py
[2025-12-16T18:36:27.820+0000] {processor.py:925} INFO - DAG(s) 'example_sensors' retrieved from /home/airflow/.local/lib/python3.12/site-packages/airflow/example_dags/example_sensors.py
[2025-12-16T18:36:27.853+0000] {logging_mixin.py:190} INFO - [2025-12-16T18:36:27.852+0000] {dag.py:3239} INFO - Sync 1 DAGs
[2025-12-16T18:36:27.873+0000] {logging_mixin.py:190} INFO - [2025-12-16T18:36:27.872+0000] {dag.py:4180} INFO - Setting next_dagrun for example_sensors to None, run_after=None
[2025-12-16T18:36:27.896+0000] {processor.py:208} INFO - Processing /home/airflow/.local/lib/python3.12/site-packages/airflow/example_dags/example_sensors.py took 0.102 seconds
[2025-12-16T18:36:58.897+0000] {processor.py:186} INFO - Started process (PID=4426) to work on /home/airflow/.local/lib/python3.12/site-packages/airflow/example_dags/example_sensors.py
[2025-12-16T18:36:58.898+0000] {processor.py:914} INFO - Processing file /home/airflow/.local/lib/python3.12/site-packages/airflow/example_dags/example_sensors.py for tasks to queue
[2025-12-16T18:36:58.901+0000] {logging_mixin.py:190} INFO - [2025-12-16T18:36:58.900+0000] {dagbag.py:588} INFO - Filling up the DagBag from /home/airflow/.local/lib/python3.12/site-packages/airflow/example_dags/example_sensors.py
[2025-12-16T18:36:58.914+0000] {processor.py:925} INFO - DAG(s) 'example_sensors' retrieved from /home/airflow/.local/lib/python3.12/site-packages/airflow/example_dags/example_sensors.py
[2025-12-16T18:36:58.944+0000] {logging_mixin.py:190} INFO - [2025-12-16T18:36:58.944+0000] {dag.py:3239} INFO - Sync 1 DAGs
[2025-12-16T18:36:58.961+0000] {logging_mixin.py:190} INFO - [2025-12-16T18:36:58.961+0000] {dag.py:4180} INFO - Setting next_dagrun for example_sensors to None, run_after=None
[2025-12-16T18:36:58.981+0000] {processor.py:208} INFO - Processing /home/airflow/.local/lib/python3.12/site-packages/airflow/example_dags/example_sensors.py took 0.091 seconds
[2025-12-16T18:37:30.041+0000] {processor.py:186} INFO - Started process (PID=4717) to work on /home/airflow/.local/lib/python3.12/site-packages/airflow/example_dags/example_sensors.py
[2025-12-16T18:37:30.042+0000] {processor.py:914} INFO - Processing file /home/airflow/.local/lib/python3.12/site-packages/airflow/example_dags/example_sensors.py for tasks to queue
[2025-12-16T18:37:30.044+0000] {logging_mixin.py:190} INFO - [2025-12-16T18:37:30.044+0000] {dagbag.py:588} INFO - Filling up the DagBag from /home/airflow/.local/lib/python3.12/site-packages/airflow/example_dags/example_sensors.py
[2025-12-16T18:37:30.058+0000] {processor.py:925} INFO - DAG(s) 'example_sensors' retrieved from /home/airflow/.local/lib/python3.12/site-packages/airflow/example_dags/example_sensors.py
[2025-12-16T18:37:30.090+0000] {logging_mixin.py:190} INFO - [2025-12-16T18:37:30.090+0000] {dag.py:3239} INFO - Sync 1 DAGs
[2025-12-16T18:37:30.109+0000] {logging_mixin.py:190} INFO - [2025-12-16T18:37:30.108+0000] {dag.py:4180} INFO - Setting next_dagrun for example_sensors to None, run_after=None
[2025-12-16T18:37:30.129+0000] {processor.py:208} INFO - Processing /home/airflow/.local/lib/python3.12/site-packages/airflow/example_dags/example_sensors.py took 0.096 seconds
[2025-12-16T18:38:00.809+0000] {processor.py:186} INFO - Started process (PID=5010) to work on /home/airflow/.local/lib/python3.12/site-packages/airflow/example_dags/example_sensors.py
[2025-12-16T18:38:00.810+0000] {processor.py:914} INFO - Processing file /home/airflow/.local/lib/python3.12/site-packages/airflow/example_dags/example_sensors.py for tasks to queue
[2025-12-16T18:38:00.813+0000] {logging_mixin.py:190} INFO - [2025-12-16T18:38:00.813+0000] {dagbag.py:588} INFO - Filling up the DagBag from /home/airflow/.local/lib/python3.12/site-packages/airflow/example_dags/example_sensors.py
[2025-12-16T18:38:00.827+0000] {processor.py:925} INFO - DAG(s) 'example_sensors' retrieved from /home/airflow/.local/lib/python3.12/site-packages/airflow/example_dags/example_sensors.py
[2025-12-16T18:38:00.858+0000] {logging_mixin.py:190} INFO - [2025-12-16T18:38:00.858+0000] {dag.py:3239} INFO - Sync 1 DAGs
[2025-12-16T18:38:00.875+0000] {logging_mixin.py:190} INFO - [2025-12-16T18:38:00.875+0000] {dag.py:4180} INFO - Setting next_dagrun for example_sensors to None, run_after=None
[2025-12-16T18:38:00.895+0000] {processor.py:208} INFO - Processing /home/airflow/.local/lib/python3.12/site-packages/airflow/example_dags/example_sensors.py took 0.095 seconds
[2025-12-16T18:38:32.166+0000] {processor.py:186} INFO - Started process (PID=5299) to work on /home/airflow/.local/lib/python3.12/site-packages/airflow/example_dags/example_sensors.py
[2025-12-16T18:38:32.167+0000] {processor.py:914} INFO - Processing file /home/airflow/.local/lib/python3.12/site-packages/airflow/example_dags/example_sensors.py for tasks to queue
[2025-12-16T18:38:32.170+0000] {logging_mixin.py:190} INFO - [2025-12-16T18:38:32.170+0000] {dagbag.py:588} INFO - Filling up the DagBag from /home/airflow/.local/lib/python3.12/site-packages/airflow/example_dags/example_sensors.py
[2025-12-16T18:38:32.185+0000] {processor.py:925} INFO - DAG(s) 'example_sensors' retrieved from /home/airflow/.local/lib/python3.12/site-packages/airflow/example_dags/example_sensors.py
[2025-12-16T18:38:32.218+0000] {logging_mixin.py:190} INFO - [2025-12-16T18:38:32.217+0000] {dag.py:3239} INFO - Sync 1 DAGs
[2025-12-16T18:38:32.237+0000] {logging_mixin.py:190} INFO - [2025-12-16T18:38:32.236+0000] {dag.py:4180} INFO - Setting next_dagrun for example_sensors to None, run_after=None
[2025-12-16T18:38:32.262+0000] {processor.py:208} INFO - Processing /home/airflow/.local/lib/python3.12/site-packages/airflow/example_dags/example_sensors.py took 0.104 seconds
[2025-12-16T18:39:02.985+0000] {processor.py:186} INFO - Started process (PID=5585) to work on /home/airflow/.local/lib/python3.12/site-packages/airflow/example_dags/example_sensors.py
[2025-12-16T18:39:02.987+0000] {processor.py:914} INFO - Processing file /home/airflow/.local/lib/python3.12/site-packages/airflow/example_dags/example_sensors.py for tasks to queue
[2025-12-16T18:39:02.990+0000] {logging_mixin.py:190} INFO - [2025-12-16T18:39:02.989+0000] {dagbag.py:588} INFO - Filling up the DagBag from /home/airflow/.local/lib/python3.12/site-packages/airflow/example_dags/example_sensors.py
[2025-12-16T18:39:03.007+0000] {processor.py:925} INFO - DAG(s) 'example_sensors' retrieved from /home/airflow/.local/lib/python3.12/site-packages/airflow/example_dags/example_sensors.py
[2025-12-16T18:39:03.040+0000] {logging_mixin.py:190} INFO - [2025-12-16T18:39:03.040+0000] {dag.py:3239} INFO - Sync 1 DAGs
[2025-12-16T18:39:03.060+0000] {logging_mixin.py:190} INFO - [2025-12-16T18:39:03.059+0000] {dag.py:4180} INFO - Setting next_dagrun for example_sensors to None, run_after=None
[2025-12-16T18:39:03.081+0000] {processor.py:208} INFO - Processing /home/airflow/.local/lib/python3.12/site-packages/airflow/example_dags/example_sensors.py took 0.105 seconds
[2025-12-16T18:39:34.460+0000] {processor.py:186} INFO - Started process (PID=5876) to work on /home/airflow/.local/lib/python3.12/site-packages/airflow/example_dags/example_sensors.py
[2025-12-16T18:39:34.462+0000] {processor.py:914} INFO - Processing file /home/airflow/.local/lib/python3.12/site-packages/airflow/example_dags/example_sensors.py for tasks to queue
[2025-12-16T18:39:34.464+0000] {logging_mixin.py:190} INFO - [2025-12-16T18:39:34.464+0000] {dagbag.py:588} INFO - Filling up the DagBag from /home/airflow/.local/lib/python3.12/site-packages/airflow/example_dags/example_sensors.py
[2025-12-16T18:39:34.478+0000] {processor.py:925} INFO - DAG(s) 'example_sensors' retrieved from /home/airflow/.local/lib/python3.12/site-packages/airflow/example_dags/example_sensors.py
[2025-12-16T18:39:34.507+0000] {logging_mixin.py:190} INFO - [2025-12-16T18:39:34.506+0000] {dag.py:3239} INFO - Sync 1 DAGs
[2025-12-16T18:39:34.523+0000] {logging_mixin.py:190} INFO - [2025-12-16T18:39:34.523+0000] {dag.py:4180} INFO - Setting next_dagrun for example_sensors to None, run_after=None
[2025-12-16T18:39:34.544+0000] {processor.py:208} INFO - Processing /home/airflow/.local/lib/python3.12/site-packages/airflow/example_dags/example_sensors.py took 0.091 seconds
[2025-12-16T18:40:05.611+0000] {processor.py:186} INFO - Started process (PID=6167) to work on /home/airflow/.local/lib/python3.12/site-packages/airflow/example_dags/example_sensors.py
[2025-12-16T18:40:05.612+0000] {processor.py:914} INFO - Processing file /home/airflow/.local/lib/python3.12/site-packages/airflow/example_dags/example_sensors.py for tasks to queue
[2025-12-16T18:40:05.614+0000] {logging_mixin.py:190} INFO - [2025-12-16T18:40:05.614+0000] {dagbag.py:588} INFO - Filling up the DagBag from /home/airflow/.local/lib/python3.12/site-packages/airflow/example_dags/example_sensors.py
[2025-12-16T18:40:05.627+0000] {processor.py:925} INFO - DAG(s) 'example_sensors' retrieved from /home/airflow/.local/lib/python3.12/site-packages/airflow/example_dags/example_sensors.py
[2025-12-16T18:40:05.658+0000] {logging_mixin.py:190} INFO - [2025-12-16T18:40:05.657+0000] {dag.py:3239} INFO - Sync 1 DAGs
[2025-12-16T18:40:05.675+0000] {logging_mixin.py:190} INFO - [2025-12-16T18:40:05.674+0000] {dag.py:4180} INFO - Setting next_dagrun for example_sensors to None, run_after=None
[2025-12-16T18:40:05.695+0000] {processor.py:208} INFO - Processing /home/airflow/.local/lib/python3.12/site-packages/airflow/example_dags/example_sensors.py took 0.092 seconds
[2025-12-16T18:40:37.858+0000] {processor.py:186} INFO - Started process (PID=6458) to work on /home/airflow/.local/lib/python3.12/site-packages/airflow/example_dags/example_sensors.py
[2025-12-16T18:40:37.859+0000] {processor.py:914} INFO - Processing file /home/airflow/.local/lib/python3.12/site-packages/airflow/example_dags/example_sensors.py for tasks to queue
[2025-12-16T18:40:37.862+0000] {logging_mixin.py:190} INFO - [2025-12-16T18:40:37.862+0000] {dagbag.py:588} INFO - Filling up the DagBag from /home/airflow/.local/lib/python3.12/site-packages/airflow/example_dags/example_sensors.py
[2025-12-16T18:40:37.877+0000] {processor.py:925} INFO - DAG(s) 'example_sensors' retrieved from /home/airflow/.local/lib/python3.12/site-packages/airflow/example_dags/example_sensors.py
[2025-12-16T18:40:37.908+0000] {logging_mixin.py:190} INFO - [2025-12-16T18:40:37.908+0000] {dag.py:3239} INFO - Sync 1 DAGs
[2025-12-16T18:40:37.926+0000] {logging_mixin.py:190} INFO - [2025-12-16T18:40:37.926+0000] {dag.py:4180} INFO - Setting next_dagrun for example_sensors to None, run_after=None
[2025-12-16T18:40:37.947+0000] {processor.py:208} INFO - Processing /home/airflow/.local/lib/python3.12/site-packages/airflow/example_dags/example_sensors.py took 0.097 seconds
