[2025-12-16T18:26:45.534+0000] {processor.py:186} INFO - Started process (PID=302) to work on /home/airflow/.local/lib/python3.12/site-packages/airflow/example_dags/example_latest_only.py
[2025-12-16T18:26:45.535+0000] {processor.py:914} INFO - Processing file /home/airflow/.local/lib/python3.12/site-packages/airflow/example_dags/example_latest_only.py for tasks to queue
[2025-12-16T18:26:45.537+0000] {logging_mixin.py:190} INFO - [2025-12-16T18:26:45.537+0000] {dagbag.py:588} INFO - Filling up the DagBag from /home/airflow/.local/lib/python3.12/site-packages/airflow/example_dags/example_latest_only.py
[2025-12-16T18:26:45.549+0000] {processor.py:925} INFO - DAG(s) 'latest_only' retrieved from /home/airflow/.local/lib/python3.12/site-packages/airflow/example_dags/example_latest_only.py
[2025-12-16T18:26:45.679+0000] {logging_mixin.py:190} INFO - [2025-12-16T18:26:45.678+0000] {override.py:1911} INFO - Created Permission View: can read on DAG:latest_only
[2025-12-16T18:26:45.690+0000] {logging_mixin.py:190} INFO - [2025-12-16T18:26:45.689+0000] {override.py:1911} INFO - Created Permission View: can delete on DAG:latest_only
[2025-12-16T18:26:45.698+0000] {logging_mixin.py:190} INFO - [2025-12-16T18:26:45.698+0000] {override.py:1911} INFO - Created Permission View: can edit on DAG:latest_only
[2025-12-16T18:26:45.706+0000] {logging_mixin.py:190} INFO - [2025-12-16T18:26:45.706+0000] {override.py:1911} INFO - Created Permission View: can read on DAG Run:latest_only
[2025-12-16T18:26:45.715+0000] {logging_mixin.py:190} INFO - [2025-12-16T18:26:45.714+0000] {override.py:1911} INFO - Created Permission View: can create on DAG Run:latest_only
[2025-12-16T18:26:45.722+0000] {logging_mixin.py:190} INFO - [2025-12-16T18:26:45.722+0000] {override.py:1911} INFO - Created Permission View: menu access on DAG Run:latest_only
[2025-12-16T18:26:45.729+0000] {logging_mixin.py:190} INFO - [2025-12-16T18:26:45.728+0000] {override.py:1911} INFO - Created Permission View: can delete on DAG Run:latest_only
[2025-12-16T18:26:45.729+0000] {logging_mixin.py:190} INFO - [2025-12-16T18:26:45.729+0000] {dag.py:3239} INFO - Sync 1 DAGs
[2025-12-16T18:26:45.743+0000] {logging_mixin.py:190} INFO - [2025-12-16T18:26:45.743+0000] {dag.py:3262} INFO - Creating ORM DAG for latest_only
[2025-12-16T18:26:45.755+0000] {logging_mixin.py:190} INFO - [2025-12-16T18:26:45.755+0000] {dag.py:4180} INFO - Setting next_dagrun for latest_only to 2025-12-16 12:00:00+00:00, run_after=2025-12-16 16:00:00+00:00
[2025-12-16T18:26:45.774+0000] {processor.py:208} INFO - Processing /home/airflow/.local/lib/python3.12/site-packages/airflow/example_dags/example_latest_only.py took 0.248 seconds
[2025-12-16T18:27:15.974+0000] {processor.py:186} INFO - Started process (PID=588) to work on /home/airflow/.local/lib/python3.12/site-packages/airflow/example_dags/example_latest_only.py
[2025-12-16T18:27:15.975+0000] {processor.py:914} INFO - Processing file /home/airflow/.local/lib/python3.12/site-packages/airflow/example_dags/example_latest_only.py for tasks to queue
[2025-12-16T18:27:15.978+0000] {logging_mixin.py:190} INFO - [2025-12-16T18:27:15.978+0000] {dagbag.py:588} INFO - Filling up the DagBag from /home/airflow/.local/lib/python3.12/site-packages/airflow/example_dags/example_latest_only.py
[2025-12-16T18:27:15.989+0000] {processor.py:925} INFO - DAG(s) 'latest_only' retrieved from /home/airflow/.local/lib/python3.12/site-packages/airflow/example_dags/example_latest_only.py
[2025-12-16T18:27:16.013+0000] {logging_mixin.py:190} INFO - [2025-12-16T18:27:16.013+0000] {dag.py:3239} INFO - Sync 1 DAGs
[2025-12-16T18:27:16.045+0000] {logging_mixin.py:190} INFO - [2025-12-16T18:27:16.044+0000] {dag.py:4180} INFO - Setting next_dagrun for latest_only to 2025-12-16 12:00:00+00:00, run_after=2025-12-16 16:00:00+00:00
[2025-12-16T18:27:16.068+0000] {processor.py:208} INFO - Processing /home/airflow/.local/lib/python3.12/site-packages/airflow/example_dags/example_latest_only.py took 0.101 seconds
[2025-12-16T18:27:46.608+0000] {processor.py:186} INFO - Started process (PID=874) to work on /home/airflow/.local/lib/python3.12/site-packages/airflow/example_dags/example_latest_only.py
[2025-12-16T18:27:46.609+0000] {processor.py:914} INFO - Processing file /home/airflow/.local/lib/python3.12/site-packages/airflow/example_dags/example_latest_only.py for tasks to queue
[2025-12-16T18:27:46.612+0000] {logging_mixin.py:190} INFO - [2025-12-16T18:27:46.611+0000] {dagbag.py:588} INFO - Filling up the DagBag from /home/airflow/.local/lib/python3.12/site-packages/airflow/example_dags/example_latest_only.py
[2025-12-16T18:27:46.621+0000] {processor.py:925} INFO - DAG(s) 'latest_only' retrieved from /home/airflow/.local/lib/python3.12/site-packages/airflow/example_dags/example_latest_only.py
[2025-12-16T18:27:46.649+0000] {logging_mixin.py:190} INFO - [2025-12-16T18:27:46.648+0000] {dag.py:3239} INFO - Sync 1 DAGs
[2025-12-16T18:27:46.691+0000] {logging_mixin.py:190} INFO - [2025-12-16T18:27:46.691+0000] {dag.py:4180} INFO - Setting next_dagrun for latest_only to 2025-12-16 12:00:00+00:00, run_after=2025-12-16 16:00:00+00:00
[2025-12-16T18:27:46.717+0000] {processor.py:208} INFO - Processing /home/airflow/.local/lib/python3.12/site-packages/airflow/example_dags/example_latest_only.py took 0.117 seconds
[2025-12-16T18:29:41.460+0000] {processor.py:186} INFO - Started process (PID=296) to work on /home/airflow/.local/lib/python3.12/site-packages/airflow/example_dags/example_latest_only.py
[2025-12-16T18:29:41.462+0000] {processor.py:914} INFO - Processing file /home/airflow/.local/lib/python3.12/site-packages/airflow/example_dags/example_latest_only.py for tasks to queue
[2025-12-16T18:29:41.464+0000] {logging_mixin.py:190} INFO - [2025-12-16T18:29:41.464+0000] {dagbag.py:588} INFO - Filling up the DagBag from /home/airflow/.local/lib/python3.12/site-packages/airflow/example_dags/example_latest_only.py
[2025-12-16T18:29:41.475+0000] {processor.py:925} INFO - DAG(s) 'latest_only' retrieved from /home/airflow/.local/lib/python3.12/site-packages/airflow/example_dags/example_latest_only.py
[2025-12-16T18:29:41.501+0000] {logging_mixin.py:190} INFO - [2025-12-16T18:29:41.501+0000] {dag.py:3239} INFO - Sync 1 DAGs
[2025-12-16T18:29:41.533+0000] {logging_mixin.py:190} INFO - [2025-12-16T18:29:41.533+0000] {dag.py:4180} INFO - Setting next_dagrun for latest_only to 2025-12-16 12:00:00+00:00, run_after=2025-12-16 16:00:00+00:00
[2025-12-16T18:29:41.554+0000] {processor.py:208} INFO - Processing /home/airflow/.local/lib/python3.12/site-packages/airflow/example_dags/example_latest_only.py took 0.102 seconds
[2025-12-16T18:30:13.869+0000] {processor.py:186} INFO - Started process (PID=593) to work on /home/airflow/.local/lib/python3.12/site-packages/airflow/example_dags/example_latest_only.py
[2025-12-16T18:30:13.870+0000] {processor.py:914} INFO - Processing file /home/airflow/.local/lib/python3.12/site-packages/airflow/example_dags/example_latest_only.py for tasks to queue
[2025-12-16T18:30:13.873+0000] {logging_mixin.py:190} INFO - [2025-12-16T18:30:13.873+0000] {dagbag.py:588} INFO - Filling up the DagBag from /home/airflow/.local/lib/python3.12/site-packages/airflow/example_dags/example_latest_only.py
[2025-12-16T18:30:13.882+0000] {processor.py:925} INFO - DAG(s) 'latest_only' retrieved from /home/airflow/.local/lib/python3.12/site-packages/airflow/example_dags/example_latest_only.py
[2025-12-16T18:30:13.906+0000] {logging_mixin.py:190} INFO - [2025-12-16T18:30:13.905+0000] {dag.py:3239} INFO - Sync 1 DAGs
[2025-12-16T18:30:13.935+0000] {logging_mixin.py:190} INFO - [2025-12-16T18:30:13.934+0000] {dag.py:4180} INFO - Setting next_dagrun for latest_only to 2025-12-16 12:00:00+00:00, run_after=2025-12-16 16:00:00+00:00
[2025-12-16T18:30:13.955+0000] {processor.py:208} INFO - Processing /home/airflow/.local/lib/python3.12/site-packages/airflow/example_dags/example_latest_only.py took 0.094 seconds
[2025-12-16T18:30:44.546+0000] {processor.py:186} INFO - Started process (PID=884) to work on /home/airflow/.local/lib/python3.12/site-packages/airflow/example_dags/example_latest_only.py
[2025-12-16T18:30:44.547+0000] {processor.py:914} INFO - Processing file /home/airflow/.local/lib/python3.12/site-packages/airflow/example_dags/example_latest_only.py for tasks to queue
[2025-12-16T18:30:44.550+0000] {logging_mixin.py:190} INFO - [2025-12-16T18:30:44.549+0000] {dagbag.py:588} INFO - Filling up the DagBag from /home/airflow/.local/lib/python3.12/site-packages/airflow/example_dags/example_latest_only.py
[2025-12-16T18:30:44.558+0000] {processor.py:925} INFO - DAG(s) 'latest_only' retrieved from /home/airflow/.local/lib/python3.12/site-packages/airflow/example_dags/example_latest_only.py
[2025-12-16T18:30:44.582+0000] {logging_mixin.py:190} INFO - [2025-12-16T18:30:44.581+0000] {dag.py:3239} INFO - Sync 1 DAGs
[2025-12-16T18:30:44.611+0000] {logging_mixin.py:190} INFO - [2025-12-16T18:30:44.611+0000] {dag.py:4180} INFO - Setting next_dagrun for latest_only to 2025-12-16 12:00:00+00:00, run_after=2025-12-16 16:00:00+00:00
[2025-12-16T18:30:44.633+0000] {processor.py:208} INFO - Processing /home/airflow/.local/lib/python3.12/site-packages/airflow/example_dags/example_latest_only.py took 0.095 seconds
[2025-12-16T18:31:16.284+0000] {processor.py:186} INFO - Started process (PID=1175) to work on /home/airflow/.local/lib/python3.12/site-packages/airflow/example_dags/example_latest_only.py
[2025-12-16T18:31:16.285+0000] {processor.py:914} INFO - Processing file /home/airflow/.local/lib/python3.12/site-packages/airflow/example_dags/example_latest_only.py for tasks to queue
[2025-12-16T18:31:16.288+0000] {logging_mixin.py:190} INFO - [2025-12-16T18:31:16.287+0000] {dagbag.py:588} INFO - Filling up the DagBag from /home/airflow/.local/lib/python3.12/site-packages/airflow/example_dags/example_latest_only.py
[2025-12-16T18:31:16.296+0000] {processor.py:925} INFO - DAG(s) 'latest_only' retrieved from /home/airflow/.local/lib/python3.12/site-packages/airflow/example_dags/example_latest_only.py
[2025-12-16T18:31:16.318+0000] {logging_mixin.py:190} INFO - [2025-12-16T18:31:16.317+0000] {dag.py:3239} INFO - Sync 1 DAGs
[2025-12-16T18:31:16.345+0000] {logging_mixin.py:190} INFO - [2025-12-16T18:31:16.345+0000] {dag.py:4180} INFO - Setting next_dagrun for latest_only to 2025-12-16 12:00:00+00:00, run_after=2025-12-16 16:00:00+00:00
[2025-12-16T18:31:16.364+0000] {processor.py:208} INFO - Processing /home/airflow/.local/lib/python3.12/site-packages/airflow/example_dags/example_latest_only.py took 0.087 seconds
[2025-12-16T18:31:46.920+0000] {processor.py:186} INFO - Started process (PID=1466) to work on /home/airflow/.local/lib/python3.12/site-packages/airflow/example_dags/example_latest_only.py
[2025-12-16T18:31:46.921+0000] {processor.py:914} INFO - Processing file /home/airflow/.local/lib/python3.12/site-packages/airflow/example_dags/example_latest_only.py for tasks to queue
[2025-12-16T18:31:46.924+0000] {logging_mixin.py:190} INFO - [2025-12-16T18:31:46.923+0000] {dagbag.py:588} INFO - Filling up the DagBag from /home/airflow/.local/lib/python3.12/site-packages/airflow/example_dags/example_latest_only.py
[2025-12-16T18:31:46.933+0000] {processor.py:925} INFO - DAG(s) 'latest_only' retrieved from /home/airflow/.local/lib/python3.12/site-packages/airflow/example_dags/example_latest_only.py
[2025-12-16T18:31:46.960+0000] {logging_mixin.py:190} INFO - [2025-12-16T18:31:46.960+0000] {dag.py:3239} INFO - Sync 1 DAGs
[2025-12-16T18:31:46.991+0000] {logging_mixin.py:190} INFO - [2025-12-16T18:31:46.990+0000] {dag.py:4180} INFO - Setting next_dagrun for latest_only to 2025-12-16 12:00:00+00:00, run_after=2025-12-16 16:00:00+00:00
[2025-12-16T18:31:47.011+0000] {processor.py:208} INFO - Processing /home/airflow/.local/lib/python3.12/site-packages/airflow/example_dags/example_latest_only.py took 0.100 seconds
[2025-12-16T18:32:17.111+0000] {processor.py:186} INFO - Started process (PID=1752) to work on /home/airflow/.local/lib/python3.12/site-packages/airflow/example_dags/example_latest_only.py
[2025-12-16T18:32:17.113+0000] {processor.py:914} INFO - Processing file /home/airflow/.local/lib/python3.12/site-packages/airflow/example_dags/example_latest_only.py for tasks to queue
[2025-12-16T18:32:17.116+0000] {logging_mixin.py:190} INFO - [2025-12-16T18:32:17.115+0000] {dagbag.py:588} INFO - Filling up the DagBag from /home/airflow/.local/lib/python3.12/site-packages/airflow/example_dags/example_latest_only.py
[2025-12-16T18:32:17.126+0000] {processor.py:925} INFO - DAG(s) 'latest_only' retrieved from /home/airflow/.local/lib/python3.12/site-packages/airflow/example_dags/example_latest_only.py
[2025-12-16T18:32:17.151+0000] {logging_mixin.py:190} INFO - [2025-12-16T18:32:17.150+0000] {dag.py:3239} INFO - Sync 1 DAGs
[2025-12-16T18:32:17.182+0000] {logging_mixin.py:190} INFO - [2025-12-16T18:32:17.182+0000] {dag.py:4180} INFO - Setting next_dagrun for latest_only to 2025-12-16 12:00:00+00:00, run_after=2025-12-16 16:00:00+00:00
[2025-12-16T18:32:17.205+0000] {processor.py:208} INFO - Processing /home/airflow/.local/lib/python3.12/site-packages/airflow/example_dags/example_latest_only.py took 0.103 seconds
[2025-12-16T18:32:48.240+0000] {processor.py:186} INFO - Started process (PID=2043) to work on /home/airflow/.local/lib/python3.12/site-packages/airflow/example_dags/example_latest_only.py
[2025-12-16T18:32:48.242+0000] {processor.py:914} INFO - Processing file /home/airflow/.local/lib/python3.12/site-packages/airflow/example_dags/example_latest_only.py for tasks to queue
[2025-12-16T18:32:48.244+0000] {logging_mixin.py:190} INFO - [2025-12-16T18:32:48.244+0000] {dagbag.py:588} INFO - Filling up the DagBag from /home/airflow/.local/lib/python3.12/site-packages/airflow/example_dags/example_latest_only.py
[2025-12-16T18:32:48.254+0000] {processor.py:925} INFO - DAG(s) 'latest_only' retrieved from /home/airflow/.local/lib/python3.12/site-packages/airflow/example_dags/example_latest_only.py
[2025-12-16T18:32:48.278+0000] {logging_mixin.py:190} INFO - [2025-12-16T18:32:48.278+0000] {dag.py:3239} INFO - Sync 1 DAGs
[2025-12-16T18:32:48.310+0000] {logging_mixin.py:190} INFO - [2025-12-16T18:32:48.310+0000] {dag.py:4180} INFO - Setting next_dagrun for latest_only to 2025-12-16 12:00:00+00:00, run_after=2025-12-16 16:00:00+00:00
[2025-12-16T18:32:48.331+0000] {processor.py:208} INFO - Processing /home/airflow/.local/lib/python3.12/site-packages/airflow/example_dags/example_latest_only.py took 0.099 seconds
[2025-12-16T18:33:20.333+0000] {processor.py:186} INFO - Started process (PID=2339) to work on /home/airflow/.local/lib/python3.12/site-packages/airflow/example_dags/example_latest_only.py
[2025-12-16T18:33:20.334+0000] {processor.py:914} INFO - Processing file /home/airflow/.local/lib/python3.12/site-packages/airflow/example_dags/example_latest_only.py for tasks to queue
[2025-12-16T18:33:20.337+0000] {logging_mixin.py:190} INFO - [2025-12-16T18:33:20.337+0000] {dagbag.py:588} INFO - Filling up the DagBag from /home/airflow/.local/lib/python3.12/site-packages/airflow/example_dags/example_latest_only.py
[2025-12-16T18:33:20.346+0000] {processor.py:925} INFO - DAG(s) 'latest_only' retrieved from /home/airflow/.local/lib/python3.12/site-packages/airflow/example_dags/example_latest_only.py
[2025-12-16T18:33:20.368+0000] {logging_mixin.py:190} INFO - [2025-12-16T18:33:20.367+0000] {dag.py:3239} INFO - Sync 1 DAGs
[2025-12-16T18:33:20.396+0000] {logging_mixin.py:190} INFO - [2025-12-16T18:33:20.395+0000] {dag.py:4180} INFO - Setting next_dagrun for latest_only to 2025-12-16 12:00:00+00:00, run_after=2025-12-16 16:00:00+00:00
[2025-12-16T18:33:20.415+0000] {processor.py:208} INFO - Processing /home/airflow/.local/lib/python3.12/site-packages/airflow/example_dags/example_latest_only.py took 0.089 seconds
[2025-12-16T18:33:51.330+0000] {processor.py:186} INFO - Started process (PID=2630) to work on /home/airflow/.local/lib/python3.12/site-packages/airflow/example_dags/example_latest_only.py
[2025-12-16T18:33:51.331+0000] {processor.py:914} INFO - Processing file /home/airflow/.local/lib/python3.12/site-packages/airflow/example_dags/example_latest_only.py for tasks to queue
[2025-12-16T18:33:51.333+0000] {logging_mixin.py:190} INFO - [2025-12-16T18:33:51.333+0000] {dagbag.py:588} INFO - Filling up the DagBag from /home/airflow/.local/lib/python3.12/site-packages/airflow/example_dags/example_latest_only.py
[2025-12-16T18:33:51.342+0000] {processor.py:925} INFO - DAG(s) 'latest_only' retrieved from /home/airflow/.local/lib/python3.12/site-packages/airflow/example_dags/example_latest_only.py
[2025-12-16T18:33:51.366+0000] {logging_mixin.py:190} INFO - [2025-12-16T18:33:51.366+0000] {dag.py:3239} INFO - Sync 1 DAGs
[2025-12-16T18:33:51.395+0000] {logging_mixin.py:190} INFO - [2025-12-16T18:33:51.395+0000] {dag.py:4180} INFO - Setting next_dagrun for latest_only to 2025-12-16 12:00:00+00:00, run_after=2025-12-16 16:00:00+00:00
[2025-12-16T18:33:51.414+0000] {processor.py:208} INFO - Processing /home/airflow/.local/lib/python3.12/site-packages/airflow/example_dags/example_latest_only.py took 0.092 seconds
[2025-12-16T18:34:22.274+0000] {processor.py:186} INFO - Started process (PID=2921) to work on /home/airflow/.local/lib/python3.12/site-packages/airflow/example_dags/example_latest_only.py
[2025-12-16T18:34:22.275+0000] {processor.py:914} INFO - Processing file /home/airflow/.local/lib/python3.12/site-packages/airflow/example_dags/example_latest_only.py for tasks to queue
[2025-12-16T18:34:22.278+0000] {logging_mixin.py:190} INFO - [2025-12-16T18:34:22.278+0000] {dagbag.py:588} INFO - Filling up the DagBag from /home/airflow/.local/lib/python3.12/site-packages/airflow/example_dags/example_latest_only.py
[2025-12-16T18:34:22.287+0000] {processor.py:925} INFO - DAG(s) 'latest_only' retrieved from /home/airflow/.local/lib/python3.12/site-packages/airflow/example_dags/example_latest_only.py
[2025-12-16T18:34:22.309+0000] {logging_mixin.py:190} INFO - [2025-12-16T18:34:22.309+0000] {dag.py:3239} INFO - Sync 1 DAGs
[2025-12-16T18:34:22.338+0000] {logging_mixin.py:190} INFO - [2025-12-16T18:34:22.338+0000] {dag.py:4180} INFO - Setting next_dagrun for latest_only to 2025-12-16 12:00:00+00:00, run_after=2025-12-16 16:00:00+00:00
[2025-12-16T18:34:22.358+0000] {processor.py:208} INFO - Processing /home/airflow/.local/lib/python3.12/site-packages/airflow/example_dags/example_latest_only.py took 0.092 seconds
[2025-12-16T18:34:53.402+0000] {processor.py:186} INFO - Started process (PID=3214) to work on /home/airflow/.local/lib/python3.12/site-packages/airflow/example_dags/example_latest_only.py
[2025-12-16T18:34:53.403+0000] {processor.py:914} INFO - Processing file /home/airflow/.local/lib/python3.12/site-packages/airflow/example_dags/example_latest_only.py for tasks to queue
[2025-12-16T18:34:53.406+0000] {logging_mixin.py:190} INFO - [2025-12-16T18:34:53.405+0000] {dagbag.py:588} INFO - Filling up the DagBag from /home/airflow/.local/lib/python3.12/site-packages/airflow/example_dags/example_latest_only.py
[2025-12-16T18:34:53.414+0000] {processor.py:925} INFO - DAG(s) 'latest_only' retrieved from /home/airflow/.local/lib/python3.12/site-packages/airflow/example_dags/example_latest_only.py
[2025-12-16T18:34:53.437+0000] {logging_mixin.py:190} INFO - [2025-12-16T18:34:53.437+0000] {dag.py:3239} INFO - Sync 1 DAGs
[2025-12-16T18:34:53.468+0000] {logging_mixin.py:190} INFO - [2025-12-16T18:34:53.468+0000] {dag.py:4180} INFO - Setting next_dagrun for latest_only to 2025-12-16 12:00:00+00:00, run_after=2025-12-16 16:00:00+00:00
[2025-12-16T18:34:53.490+0000] {processor.py:208} INFO - Processing /home/airflow/.local/lib/python3.12/site-packages/airflow/example_dags/example_latest_only.py took 0.095 seconds
[2025-12-16T18:35:24.722+0000] {processor.py:186} INFO - Started process (PID=3503) to work on /home/airflow/.local/lib/python3.12/site-packages/airflow/example_dags/example_latest_only.py
[2025-12-16T18:35:24.723+0000] {processor.py:914} INFO - Processing file /home/airflow/.local/lib/python3.12/site-packages/airflow/example_dags/example_latest_only.py for tasks to queue
[2025-12-16T18:35:24.726+0000] {logging_mixin.py:190} INFO - [2025-12-16T18:35:24.726+0000] {dagbag.py:588} INFO - Filling up the DagBag from /home/airflow/.local/lib/python3.12/site-packages/airflow/example_dags/example_latest_only.py
[2025-12-16T18:35:24.735+0000] {processor.py:925} INFO - DAG(s) 'latest_only' retrieved from /home/airflow/.local/lib/python3.12/site-packages/airflow/example_dags/example_latest_only.py
[2025-12-16T18:35:24.759+0000] {logging_mixin.py:190} INFO - [2025-12-16T18:35:24.759+0000] {dag.py:3239} INFO - Sync 1 DAGs
[2025-12-16T18:35:24.790+0000] {logging_mixin.py:190} INFO - [2025-12-16T18:35:24.790+0000] {dag.py:4180} INFO - Setting next_dagrun for latest_only to 2025-12-16 12:00:00+00:00, run_after=2025-12-16 16:00:00+00:00
[2025-12-16T18:35:24.811+0000] {processor.py:208} INFO - Processing /home/airflow/.local/lib/python3.12/site-packages/airflow/example_dags/example_latest_only.py took 0.097 seconds
[2025-12-16T18:35:55.720+0000] {processor.py:186} INFO - Started process (PID=3794) to work on /home/airflow/.local/lib/python3.12/site-packages/airflow/example_dags/example_latest_only.py
[2025-12-16T18:35:55.721+0000] {processor.py:914} INFO - Processing file /home/airflow/.local/lib/python3.12/site-packages/airflow/example_dags/example_latest_only.py for tasks to queue
[2025-12-16T18:35:55.724+0000] {logging_mixin.py:190} INFO - [2025-12-16T18:35:55.724+0000] {dagbag.py:588} INFO - Filling up the DagBag from /home/airflow/.local/lib/python3.12/site-packages/airflow/example_dags/example_latest_only.py
[2025-12-16T18:35:55.733+0000] {processor.py:925} INFO - DAG(s) 'latest_only' retrieved from /home/airflow/.local/lib/python3.12/site-packages/airflow/example_dags/example_latest_only.py
[2025-12-16T18:35:55.756+0000] {logging_mixin.py:190} INFO - [2025-12-16T18:35:55.755+0000] {dag.py:3239} INFO - Sync 1 DAGs
[2025-12-16T18:35:55.783+0000] {logging_mixin.py:190} INFO - [2025-12-16T18:35:55.783+0000] {dag.py:4180} INFO - Setting next_dagrun for latest_only to 2025-12-16 12:00:00+00:00, run_after=2025-12-16 16:00:00+00:00
[2025-12-16T18:35:55.802+0000] {processor.py:208} INFO - Processing /home/airflow/.local/lib/python3.12/site-packages/airflow/example_dags/example_latest_only.py took 0.090 seconds
[2025-12-16T18:36:26.808+0000] {processor.py:186} INFO - Started process (PID=4085) to work on /home/airflow/.local/lib/python3.12/site-packages/airflow/example_dags/example_latest_only.py
[2025-12-16T18:36:26.809+0000] {processor.py:914} INFO - Processing file /home/airflow/.local/lib/python3.12/site-packages/airflow/example_dags/example_latest_only.py for tasks to queue
[2025-12-16T18:36:26.811+0000] {logging_mixin.py:190} INFO - [2025-12-16T18:36:26.811+0000] {dagbag.py:588} INFO - Filling up the DagBag from /home/airflow/.local/lib/python3.12/site-packages/airflow/example_dags/example_latest_only.py
[2025-12-16T18:36:26.820+0000] {processor.py:925} INFO - DAG(s) 'latest_only' retrieved from /home/airflow/.local/lib/python3.12/site-packages/airflow/example_dags/example_latest_only.py
[2025-12-16T18:36:26.844+0000] {logging_mixin.py:190} INFO - [2025-12-16T18:36:26.843+0000] {dag.py:3239} INFO - Sync 1 DAGs
[2025-12-16T18:36:26.873+0000] {logging_mixin.py:190} INFO - [2025-12-16T18:36:26.873+0000] {dag.py:4180} INFO - Setting next_dagrun for latest_only to 2025-12-16 12:00:00+00:00, run_after=2025-12-16 16:00:00+00:00
[2025-12-16T18:36:26.893+0000] {processor.py:208} INFO - Processing /home/airflow/.local/lib/python3.12/site-packages/airflow/example_dags/example_latest_only.py took 0.092 seconds
[2025-12-16T18:36:57.908+0000] {processor.py:186} INFO - Started process (PID=4376) to work on /home/airflow/.local/lib/python3.12/site-packages/airflow/example_dags/example_latest_only.py
[2025-12-16T18:36:57.909+0000] {processor.py:914} INFO - Processing file /home/airflow/.local/lib/python3.12/site-packages/airflow/example_dags/example_latest_only.py for tasks to queue
[2025-12-16T18:36:57.912+0000] {logging_mixin.py:190} INFO - [2025-12-16T18:36:57.911+0000] {dagbag.py:588} INFO - Filling up the DagBag from /home/airflow/.local/lib/python3.12/site-packages/airflow/example_dags/example_latest_only.py
[2025-12-16T18:36:57.921+0000] {processor.py:925} INFO - DAG(s) 'latest_only' retrieved from /home/airflow/.local/lib/python3.12/site-packages/airflow/example_dags/example_latest_only.py
[2025-12-16T18:36:57.946+0000] {logging_mixin.py:190} INFO - [2025-12-16T18:36:57.945+0000] {dag.py:3239} INFO - Sync 1 DAGs
[2025-12-16T18:36:57.974+0000] {logging_mixin.py:190} INFO - [2025-12-16T18:36:57.974+0000] {dag.py:4180} INFO - Setting next_dagrun for latest_only to 2025-12-16 12:00:00+00:00, run_after=2025-12-16 16:00:00+00:00
[2025-12-16T18:36:57.994+0000] {processor.py:208} INFO - Processing /home/airflow/.local/lib/python3.12/site-packages/airflow/example_dags/example_latest_only.py took 0.094 seconds
[2025-12-16T18:37:29.049+0000] {processor.py:186} INFO - Started process (PID=4667) to work on /home/airflow/.local/lib/python3.12/site-packages/airflow/example_dags/example_latest_only.py
[2025-12-16T18:37:29.050+0000] {processor.py:914} INFO - Processing file /home/airflow/.local/lib/python3.12/site-packages/airflow/example_dags/example_latest_only.py for tasks to queue
[2025-12-16T18:37:29.052+0000] {logging_mixin.py:190} INFO - [2025-12-16T18:37:29.052+0000] {dagbag.py:588} INFO - Filling up the DagBag from /home/airflow/.local/lib/python3.12/site-packages/airflow/example_dags/example_latest_only.py
[2025-12-16T18:37:29.061+0000] {processor.py:925} INFO - DAG(s) 'latest_only' retrieved from /home/airflow/.local/lib/python3.12/site-packages/airflow/example_dags/example_latest_only.py
[2025-12-16T18:37:29.085+0000] {logging_mixin.py:190} INFO - [2025-12-16T18:37:29.085+0000] {dag.py:3239} INFO - Sync 1 DAGs
[2025-12-16T18:37:29.115+0000] {logging_mixin.py:190} INFO - [2025-12-16T18:37:29.115+0000] {dag.py:4180} INFO - Setting next_dagrun for latest_only to 2025-12-16 12:00:00+00:00, run_after=2025-12-16 16:00:00+00:00
[2025-12-16T18:37:29.136+0000] {processor.py:208} INFO - Processing /home/airflow/.local/lib/python3.12/site-packages/airflow/example_dags/example_latest_only.py took 0.095 seconds
[2025-12-16T18:37:59.350+0000] {processor.py:186} INFO - Started process (PID=4953) to work on /home/airflow/.local/lib/python3.12/site-packages/airflow/example_dags/example_latest_only.py
[2025-12-16T18:37:59.351+0000] {processor.py:914} INFO - Processing file /home/airflow/.local/lib/python3.12/site-packages/airflow/example_dags/example_latest_only.py for tasks to queue
[2025-12-16T18:37:59.354+0000] {logging_mixin.py:190} INFO - [2025-12-16T18:37:59.354+0000] {dagbag.py:588} INFO - Filling up the DagBag from /home/airflow/.local/lib/python3.12/site-packages/airflow/example_dags/example_latest_only.py
[2025-12-16T18:37:59.364+0000] {processor.py:925} INFO - DAG(s) 'latest_only' retrieved from /home/airflow/.local/lib/python3.12/site-packages/airflow/example_dags/example_latest_only.py
[2025-12-16T18:37:59.389+0000] {logging_mixin.py:190} INFO - [2025-12-16T18:37:59.388+0000] {dag.py:3239} INFO - Sync 1 DAGs
[2025-12-16T18:37:59.418+0000] {logging_mixin.py:190} INFO - [2025-12-16T18:37:59.418+0000] {dag.py:4180} INFO - Setting next_dagrun for latest_only to 2025-12-16 12:00:00+00:00, run_after=2025-12-16 16:00:00+00:00
[2025-12-16T18:37:59.440+0000] {processor.py:208} INFO - Processing /home/airflow/.local/lib/python3.12/site-packages/airflow/example_dags/example_latest_only.py took 0.100 seconds
[2025-12-16T18:38:30.815+0000] {processor.py:186} INFO - Started process (PID=5244) to work on /home/airflow/.local/lib/python3.12/site-packages/airflow/example_dags/example_latest_only.py
[2025-12-16T18:38:30.816+0000] {processor.py:914} INFO - Processing file /home/airflow/.local/lib/python3.12/site-packages/airflow/example_dags/example_latest_only.py for tasks to queue
[2025-12-16T18:38:30.819+0000] {logging_mixin.py:190} INFO - [2025-12-16T18:38:30.818+0000] {dagbag.py:588} INFO - Filling up the DagBag from /home/airflow/.local/lib/python3.12/site-packages/airflow/example_dags/example_latest_only.py
[2025-12-16T18:38:30.828+0000] {processor.py:925} INFO - DAG(s) 'latest_only' retrieved from /home/airflow/.local/lib/python3.12/site-packages/airflow/example_dags/example_latest_only.py
[2025-12-16T18:38:30.854+0000] {logging_mixin.py:190} INFO - [2025-12-16T18:38:30.854+0000] {dag.py:3239} INFO - Sync 1 DAGs
[2025-12-16T18:38:30.885+0000] {logging_mixin.py:190} INFO - [2025-12-16T18:38:30.885+0000] {dag.py:4180} INFO - Setting next_dagrun for latest_only to 2025-12-16 12:00:00+00:00, run_after=2025-12-16 16:00:00+00:00
[2025-12-16T18:38:30.907+0000] {processor.py:208} INFO - Processing /home/airflow/.local/lib/python3.12/site-packages/airflow/example_dags/example_latest_only.py took 0.101 seconds
[2025-12-16T18:39:01.668+0000] {processor.py:186} INFO - Started process (PID=5530) to work on /home/airflow/.local/lib/python3.12/site-packages/airflow/example_dags/example_latest_only.py
[2025-12-16T18:39:01.669+0000] {processor.py:914} INFO - Processing file /home/airflow/.local/lib/python3.12/site-packages/airflow/example_dags/example_latest_only.py for tasks to queue
[2025-12-16T18:39:01.672+0000] {logging_mixin.py:190} INFO - [2025-12-16T18:39:01.671+0000] {dagbag.py:588} INFO - Filling up the DagBag from /home/airflow/.local/lib/python3.12/site-packages/airflow/example_dags/example_latest_only.py
[2025-12-16T18:39:01.680+0000] {processor.py:925} INFO - DAG(s) 'latest_only' retrieved from /home/airflow/.local/lib/python3.12/site-packages/airflow/example_dags/example_latest_only.py
[2025-12-16T18:39:01.702+0000] {logging_mixin.py:190} INFO - [2025-12-16T18:39:01.702+0000] {dag.py:3239} INFO - Sync 1 DAGs
[2025-12-16T18:39:01.731+0000] {logging_mixin.py:190} INFO - [2025-12-16T18:39:01.731+0000] {dag.py:4180} INFO - Setting next_dagrun for latest_only to 2025-12-16 12:00:00+00:00, run_after=2025-12-16 16:00:00+00:00
[2025-12-16T18:39:01.751+0000] {processor.py:208} INFO - Processing /home/airflow/.local/lib/python3.12/site-packages/airflow/example_dags/example_latest_only.py took 0.090 seconds
[2025-12-16T18:39:33.248+0000] {processor.py:186} INFO - Started process (PID=5821) to work on /home/airflow/.local/lib/python3.12/site-packages/airflow/example_dags/example_latest_only.py
[2025-12-16T18:39:33.249+0000] {processor.py:914} INFO - Processing file /home/airflow/.local/lib/python3.12/site-packages/airflow/example_dags/example_latest_only.py for tasks to queue
[2025-12-16T18:39:33.251+0000] {logging_mixin.py:190} INFO - [2025-12-16T18:39:33.251+0000] {dagbag.py:588} INFO - Filling up the DagBag from /home/airflow/.local/lib/python3.12/site-packages/airflow/example_dags/example_latest_only.py
[2025-12-16T18:39:33.260+0000] {processor.py:925} INFO - DAG(s) 'latest_only' retrieved from /home/airflow/.local/lib/python3.12/site-packages/airflow/example_dags/example_latest_only.py
[2025-12-16T18:39:33.282+0000] {logging_mixin.py:190} INFO - [2025-12-16T18:39:33.282+0000] {dag.py:3239} INFO - Sync 1 DAGs
[2025-12-16T18:39:33.310+0000] {logging_mixin.py:190} INFO - [2025-12-16T18:39:33.310+0000] {dag.py:4180} INFO - Setting next_dagrun for latest_only to 2025-12-16 12:00:00+00:00, run_after=2025-12-16 16:00:00+00:00
[2025-12-16T18:39:33.329+0000] {processor.py:208} INFO - Processing /home/airflow/.local/lib/python3.12/site-packages/airflow/example_dags/example_latest_only.py took 0.089 seconds
[2025-12-16T18:40:04.603+0000] {processor.py:186} INFO - Started process (PID=6117) to work on /home/airflow/.local/lib/python3.12/site-packages/airflow/example_dags/example_latest_only.py
[2025-12-16T18:40:04.604+0000] {processor.py:914} INFO - Processing file /home/airflow/.local/lib/python3.12/site-packages/airflow/example_dags/example_latest_only.py for tasks to queue
[2025-12-16T18:40:04.606+0000] {logging_mixin.py:190} INFO - [2025-12-16T18:40:04.606+0000] {dagbag.py:588} INFO - Filling up the DagBag from /home/airflow/.local/lib/python3.12/site-packages/airflow/example_dags/example_latest_only.py
[2025-12-16T18:40:04.615+0000] {processor.py:925} INFO - DAG(s) 'latest_only' retrieved from /home/airflow/.local/lib/python3.12/site-packages/airflow/example_dags/example_latest_only.py
[2025-12-16T18:40:04.638+0000] {logging_mixin.py:190} INFO - [2025-12-16T18:40:04.638+0000] {dag.py:3239} INFO - Sync 1 DAGs
[2025-12-16T18:40:04.667+0000] {logging_mixin.py:190} INFO - [2025-12-16T18:40:04.667+0000] {dag.py:4180} INFO - Setting next_dagrun for latest_only to 2025-12-16 12:00:00+00:00, run_after=2025-12-16 16:00:00+00:00
[2025-12-16T18:40:04.687+0000] {processor.py:208} INFO - Processing /home/airflow/.local/lib/python3.12/site-packages/airflow/example_dags/example_latest_only.py took 0.092 seconds
[2025-12-16T18:40:36.105+0000] {processor.py:186} INFO - Started process (PID=6403) to work on /home/airflow/.local/lib/python3.12/site-packages/airflow/example_dags/example_latest_only.py
[2025-12-16T18:40:36.106+0000] {processor.py:914} INFO - Processing file /home/airflow/.local/lib/python3.12/site-packages/airflow/example_dags/example_latest_only.py for tasks to queue
[2025-12-16T18:40:36.108+0000] {logging_mixin.py:190} INFO - [2025-12-16T18:40:36.108+0000] {dagbag.py:588} INFO - Filling up the DagBag from /home/airflow/.local/lib/python3.12/site-packages/airflow/example_dags/example_latest_only.py
[2025-12-16T18:40:36.117+0000] {processor.py:925} INFO - DAG(s) 'latest_only' retrieved from /home/airflow/.local/lib/python3.12/site-packages/airflow/example_dags/example_latest_only.py
[2025-12-16T18:40:36.142+0000] {logging_mixin.py:190} INFO - [2025-12-16T18:40:36.142+0000] {dag.py:3239} INFO - Sync 1 DAGs
[2025-12-16T18:40:36.177+0000] {logging_mixin.py:190} INFO - [2025-12-16T18:40:36.177+0000] {dag.py:4180} INFO - Setting next_dagrun for latest_only to 2025-12-16 12:00:00+00:00, run_after=2025-12-16 16:00:00+00:00
[2025-12-16T18:40:36.198+0000] {processor.py:208} INFO - Processing /home/airflow/.local/lib/python3.12/site-packages/airflow/example_dags/example_latest_only.py took 0.101 seconds
