[2025-12-16T18:26:44.892+0000] {processor.py:186} INFO - Started process (PID=292) to work on /home/airflow/.local/lib/python3.12/site-packages/airflow/example_dags/example_inlet_event_extra.py
[2025-12-16T18:26:44.893+0000] {processor.py:914} INFO - Processing file /home/airflow/.local/lib/python3.12/site-packages/airflow/example_dags/example_inlet_event_extra.py for tasks to queue
[2025-12-16T18:26:44.895+0000] {logging_mixin.py:190} INFO - [2025-12-16T18:26:44.895+0000] {dagbag.py:588} INFO - Filling up the DagBag from /home/airflow/.local/lib/python3.12/site-packages/airflow/example_dags/example_inlet_event_extra.py
[2025-12-16T18:26:45.657+0000] {processor.py:925} INFO - DAG(s) 'read_dataset_event', 'read_dataset_event_from_classic' retrieved from /home/airflow/.local/lib/python3.12/site-packages/airflow/example_dags/example_inlet_event_extra.py
[2025-12-16T18:26:45.785+0000] {logging_mixin.py:190} INFO - [2025-12-16T18:26:45.784+0000] {override.py:1911} INFO - Created Permission View: can read on DAG:read_dataset_event
[2025-12-16T18:26:45.797+0000] {logging_mixin.py:190} INFO - [2025-12-16T18:26:45.796+0000] {override.py:1911} INFO - Created Permission View: can delete on DAG:read_dataset_event
[2025-12-16T18:26:45.804+0000] {logging_mixin.py:190} INFO - [2025-12-16T18:26:45.803+0000] {override.py:1911} INFO - Created Permission View: can edit on DAG:read_dataset_event
[2025-12-16T18:26:45.813+0000] {logging_mixin.py:190} INFO - [2025-12-16T18:26:45.812+0000] {override.py:1911} INFO - Created Permission View: can read on DAG Run:read_dataset_event
[2025-12-16T18:26:45.820+0000] {logging_mixin.py:190} INFO - [2025-12-16T18:26:45.819+0000] {override.py:1911} INFO - Created Permission View: can create on DAG Run:read_dataset_event
[2025-12-16T18:26:45.827+0000] {logging_mixin.py:190} INFO - [2025-12-16T18:26:45.826+0000] {override.py:1911} INFO - Created Permission View: menu access on DAG Run:read_dataset_event
[2025-12-16T18:26:45.833+0000] {logging_mixin.py:190} INFO - [2025-12-16T18:26:45.833+0000] {override.py:1911} INFO - Created Permission View: can delete on DAG Run:read_dataset_event
[2025-12-16T18:26:45.847+0000] {logging_mixin.py:190} INFO - [2025-12-16T18:26:45.847+0000] {override.py:1911} INFO - Created Permission View: can read on DAG:read_dataset_event_from_classic
[2025-12-16T18:26:45.855+0000] {logging_mixin.py:190} INFO - [2025-12-16T18:26:45.854+0000] {override.py:1911} INFO - Created Permission View: can delete on DAG:read_dataset_event_from_classic
[2025-12-16T18:26:45.862+0000] {logging_mixin.py:190} INFO - [2025-12-16T18:26:45.861+0000] {override.py:1911} INFO - Created Permission View: can edit on DAG:read_dataset_event_from_classic
[2025-12-16T18:26:45.870+0000] {logging_mixin.py:190} INFO - [2025-12-16T18:26:45.870+0000] {override.py:1911} INFO - Created Permission View: can read on DAG Run:read_dataset_event_from_classic
[2025-12-16T18:26:45.878+0000] {logging_mixin.py:190} INFO - [2025-12-16T18:26:45.877+0000] {override.py:1911} INFO - Created Permission View: can create on DAG Run:read_dataset_event_from_classic
[2025-12-16T18:26:45.885+0000] {logging_mixin.py:190} INFO - [2025-12-16T18:26:45.885+0000] {override.py:1911} INFO - Created Permission View: menu access on DAG Run:read_dataset_event_from_classic
[2025-12-16T18:26:45.893+0000] {logging_mixin.py:190} INFO - [2025-12-16T18:26:45.892+0000] {override.py:1911} INFO - Created Permission View: can delete on DAG Run:read_dataset_event_from_classic
[2025-12-16T18:26:45.893+0000] {logging_mixin.py:190} INFO - [2025-12-16T18:26:45.893+0000] {dag.py:3239} INFO - Sync 2 DAGs
[2025-12-16T18:26:45.910+0000] {logging_mixin.py:190} INFO - [2025-12-16T18:26:45.909+0000] {dag.py:3262} INFO - Creating ORM DAG for read_dataset_event
[2025-12-16T18:26:45.911+0000] {logging_mixin.py:190} INFO - [2025-12-16T18:26:45.910+0000] {dag.py:3262} INFO - Creating ORM DAG for read_dataset_event_from_classic
[2025-12-16T18:26:45.925+0000] {logging_mixin.py:190} INFO - [2025-12-16T18:26:45.924+0000] {dag.py:4180} INFO - Setting next_dagrun for read_dataset_event to 2025-12-15 00:00:00+00:00, run_after=2025-12-16 00:00:00+00:00
[2025-12-16T18:26:45.927+0000] {logging_mixin.py:190} INFO - [2025-12-16T18:26:45.927+0000] {dag.py:4180} INFO - Setting next_dagrun for read_dataset_event_from_classic to 2025-12-15 00:00:00+00:00, run_after=2025-12-16 00:00:00+00:00
[2025-12-16T18:26:45.949+0000] {processor.py:208} INFO - Processing /home/airflow/.local/lib/python3.12/site-packages/airflow/example_dags/example_inlet_event_extra.py took 1.066 seconds
[2025-12-16T18:27:16.117+0000] {processor.py:186} INFO - Started process (PID=593) to work on /home/airflow/.local/lib/python3.12/site-packages/airflow/example_dags/example_inlet_event_extra.py
[2025-12-16T18:27:16.118+0000] {processor.py:914} INFO - Processing file /home/airflow/.local/lib/python3.12/site-packages/airflow/example_dags/example_inlet_event_extra.py for tasks to queue
[2025-12-16T18:27:16.121+0000] {logging_mixin.py:190} INFO - [2025-12-16T18:27:16.120+0000] {dagbag.py:588} INFO - Filling up the DagBag from /home/airflow/.local/lib/python3.12/site-packages/airflow/example_dags/example_inlet_event_extra.py
[2025-12-16T18:27:17.137+0000] {processor.py:925} INFO - DAG(s) 'read_dataset_event_from_classic', 'read_dataset_event' retrieved from /home/airflow/.local/lib/python3.12/site-packages/airflow/example_dags/example_inlet_event_extra.py
[2025-12-16T18:27:17.168+0000] {logging_mixin.py:190} INFO - [2025-12-16T18:27:17.168+0000] {dag.py:3239} INFO - Sync 2 DAGs
[2025-12-16T18:27:17.215+0000] {logging_mixin.py:190} INFO - [2025-12-16T18:27:17.215+0000] {dag.py:4180} INFO - Setting next_dagrun for read_dataset_event to 2025-12-15 00:00:00+00:00, run_after=2025-12-16 00:00:00+00:00
[2025-12-16T18:27:17.223+0000] {logging_mixin.py:190} INFO - [2025-12-16T18:27:17.222+0000] {dag.py:4180} INFO - Setting next_dagrun for read_dataset_event_from_classic to 2025-12-15 00:00:00+00:00, run_after=2025-12-16 00:00:00+00:00
[2025-12-16T18:27:17.245+0000] {processor.py:208} INFO - Processing /home/airflow/.local/lib/python3.12/site-packages/airflow/example_dags/example_inlet_event_extra.py took 1.138 seconds
[2025-12-16T18:27:47.792+0000] {processor.py:186} INFO - Started process (PID=884) to work on /home/airflow/.local/lib/python3.12/site-packages/airflow/example_dags/example_inlet_event_extra.py
[2025-12-16T18:27:47.793+0000] {processor.py:914} INFO - Processing file /home/airflow/.local/lib/python3.12/site-packages/airflow/example_dags/example_inlet_event_extra.py for tasks to queue
[2025-12-16T18:27:47.795+0000] {logging_mixin.py:190} INFO - [2025-12-16T18:27:47.795+0000] {dagbag.py:588} INFO - Filling up the DagBag from /home/airflow/.local/lib/python3.12/site-packages/airflow/example_dags/example_inlet_event_extra.py
[2025-12-16T18:27:48.590+0000] {processor.py:925} INFO - DAG(s) 'read_dataset_event_from_classic', 'read_dataset_event' retrieved from /home/airflow/.local/lib/python3.12/site-packages/airflow/example_dags/example_inlet_event_extra.py
[2025-12-16T18:27:48.615+0000] {logging_mixin.py:190} INFO - [2025-12-16T18:27:48.615+0000] {dag.py:3239} INFO - Sync 2 DAGs
[2025-12-16T18:27:48.649+0000] {logging_mixin.py:190} INFO - [2025-12-16T18:27:48.648+0000] {dag.py:4180} INFO - Setting next_dagrun for read_dataset_event to 2025-12-15 00:00:00+00:00, run_after=2025-12-16 00:00:00+00:00
[2025-12-16T18:27:48.655+0000] {logging_mixin.py:190} INFO - [2025-12-16T18:27:48.655+0000] {dag.py:4180} INFO - Setting next_dagrun for read_dataset_event_from_classic to 2025-12-15 00:00:00+00:00, run_after=2025-12-16 00:00:00+00:00
[2025-12-16T18:27:48.674+0000] {processor.py:208} INFO - Processing /home/airflow/.local/lib/python3.12/site-packages/airflow/example_dags/example_inlet_event_extra.py took 0.892 seconds
[2025-12-16T18:29:40.949+0000] {processor.py:186} INFO - Started process (PID=286) to work on /home/airflow/.local/lib/python3.12/site-packages/airflow/example_dags/example_inlet_event_extra.py
[2025-12-16T18:29:40.950+0000] {processor.py:914} INFO - Processing file /home/airflow/.local/lib/python3.12/site-packages/airflow/example_dags/example_inlet_event_extra.py for tasks to queue
[2025-12-16T18:29:40.953+0000] {logging_mixin.py:190} INFO - [2025-12-16T18:29:40.952+0000] {dagbag.py:588} INFO - Filling up the DagBag from /home/airflow/.local/lib/python3.12/site-packages/airflow/example_dags/example_inlet_event_extra.py
[2025-12-16T18:29:41.712+0000] {processor.py:925} INFO - DAG(s) 'read_dataset_event_from_classic', 'read_dataset_event' retrieved from /home/airflow/.local/lib/python3.12/site-packages/airflow/example_dags/example_inlet_event_extra.py
[2025-12-16T18:29:41.739+0000] {logging_mixin.py:190} INFO - [2025-12-16T18:29:41.739+0000] {dag.py:3239} INFO - Sync 2 DAGs
[2025-12-16T18:29:41.771+0000] {logging_mixin.py:190} INFO - [2025-12-16T18:29:41.770+0000] {dag.py:4180} INFO - Setting next_dagrun for read_dataset_event to 2025-12-15 00:00:00+00:00, run_after=2025-12-16 00:00:00+00:00
[2025-12-16T18:29:41.777+0000] {logging_mixin.py:190} INFO - [2025-12-16T18:29:41.777+0000] {dag.py:4180} INFO - Setting next_dagrun for read_dataset_event_from_classic to 2025-12-15 00:00:00+00:00, run_after=2025-12-16 00:00:00+00:00
[2025-12-16T18:29:41.797+0000] {processor.py:208} INFO - Processing /home/airflow/.local/lib/python3.12/site-packages/airflow/example_dags/example_inlet_event_extra.py took 0.855 seconds
[2025-12-16T18:30:12.991+0000] {processor.py:186} INFO - Started process (PID=585) to work on /home/airflow/.local/lib/python3.12/site-packages/airflow/example_dags/example_inlet_event_extra.py
[2025-12-16T18:30:12.992+0000] {processor.py:914} INFO - Processing file /home/airflow/.local/lib/python3.12/site-packages/airflow/example_dags/example_inlet_event_extra.py for tasks to queue
[2025-12-16T18:30:12.995+0000] {logging_mixin.py:190} INFO - [2025-12-16T18:30:12.995+0000] {dagbag.py:588} INFO - Filling up the DagBag from /home/airflow/.local/lib/python3.12/site-packages/airflow/example_dags/example_inlet_event_extra.py
[2025-12-16T18:30:13.716+0000] {processor.py:925} INFO - DAG(s) 'read_dataset_event', 'read_dataset_event_from_classic' retrieved from /home/airflow/.local/lib/python3.12/site-packages/airflow/example_dags/example_inlet_event_extra.py
[2025-12-16T18:30:13.740+0000] {logging_mixin.py:190} INFO - [2025-12-16T18:30:13.740+0000] {dag.py:3239} INFO - Sync 2 DAGs
[2025-12-16T18:30:13.775+0000] {logging_mixin.py:190} INFO - [2025-12-16T18:30:13.774+0000] {dag.py:4180} INFO - Setting next_dagrun for read_dataset_event to 2025-12-15 00:00:00+00:00, run_after=2025-12-16 00:00:00+00:00
[2025-12-16T18:30:13.781+0000] {logging_mixin.py:190} INFO - [2025-12-16T18:30:13.780+0000] {dag.py:4180} INFO - Setting next_dagrun for read_dataset_event_from_classic to 2025-12-15 00:00:00+00:00, run_after=2025-12-16 00:00:00+00:00
[2025-12-16T18:30:13.798+0000] {processor.py:208} INFO - Processing /home/airflow/.local/lib/python3.12/site-packages/airflow/example_dags/example_inlet_event_extra.py took 0.815 seconds
[2025-12-16T18:30:43.895+0000] {processor.py:186} INFO - Started process (PID=876) to work on /home/airflow/.local/lib/python3.12/site-packages/airflow/example_dags/example_inlet_event_extra.py
[2025-12-16T18:30:43.896+0000] {processor.py:914} INFO - Processing file /home/airflow/.local/lib/python3.12/site-packages/airflow/example_dags/example_inlet_event_extra.py for tasks to queue
[2025-12-16T18:30:43.899+0000] {logging_mixin.py:190} INFO - [2025-12-16T18:30:43.898+0000] {dagbag.py:588} INFO - Filling up the DagBag from /home/airflow/.local/lib/python3.12/site-packages/airflow/example_dags/example_inlet_event_extra.py
[2025-12-16T18:30:44.628+0000] {processor.py:925} INFO - DAG(s) 'read_dataset_event_from_classic', 'read_dataset_event' retrieved from /home/airflow/.local/lib/python3.12/site-packages/airflow/example_dags/example_inlet_event_extra.py
[2025-12-16T18:30:44.650+0000] {logging_mixin.py:190} INFO - [2025-12-16T18:30:44.650+0000] {dag.py:3239} INFO - Sync 2 DAGs
[2025-12-16T18:30:44.681+0000] {logging_mixin.py:190} INFO - [2025-12-16T18:30:44.681+0000] {dag.py:4180} INFO - Setting next_dagrun for read_dataset_event to 2025-12-15 00:00:00+00:00, run_after=2025-12-16 00:00:00+00:00
[2025-12-16T18:30:44.687+0000] {logging_mixin.py:190} INFO - [2025-12-16T18:30:44.687+0000] {dag.py:4180} INFO - Setting next_dagrun for read_dataset_event_from_classic to 2025-12-15 00:00:00+00:00, run_after=2025-12-16 00:00:00+00:00
[2025-12-16T18:30:44.703+0000] {processor.py:208} INFO - Processing /home/airflow/.local/lib/python3.12/site-packages/airflow/example_dags/example_inlet_event_extra.py took 0.815 seconds
[2025-12-16T18:31:15.411+0000] {processor.py:186} INFO - Started process (PID=1167) to work on /home/airflow/.local/lib/python3.12/site-packages/airflow/example_dags/example_inlet_event_extra.py
[2025-12-16T18:31:15.412+0000] {processor.py:914} INFO - Processing file /home/airflow/.local/lib/python3.12/site-packages/airflow/example_dags/example_inlet_event_extra.py for tasks to queue
[2025-12-16T18:31:15.414+0000] {logging_mixin.py:190} INFO - [2025-12-16T18:31:15.414+0000] {dagbag.py:588} INFO - Filling up the DagBag from /home/airflow/.local/lib/python3.12/site-packages/airflow/example_dags/example_inlet_event_extra.py
[2025-12-16T18:31:16.145+0000] {processor.py:925} INFO - DAG(s) 'read_dataset_event_from_classic', 'read_dataset_event' retrieved from /home/airflow/.local/lib/python3.12/site-packages/airflow/example_dags/example_inlet_event_extra.py
[2025-12-16T18:31:16.167+0000] {logging_mixin.py:190} INFO - [2025-12-16T18:31:16.167+0000] {dag.py:3239} INFO - Sync 2 DAGs
[2025-12-16T18:31:16.196+0000] {logging_mixin.py:190} INFO - [2025-12-16T18:31:16.196+0000] {dag.py:4180} INFO - Setting next_dagrun for read_dataset_event to 2025-12-15 00:00:00+00:00, run_after=2025-12-16 00:00:00+00:00
[2025-12-16T18:31:16.201+0000] {logging_mixin.py:190} INFO - [2025-12-16T18:31:16.201+0000] {dag.py:4180} INFO - Setting next_dagrun for read_dataset_event_from_classic to 2025-12-15 00:00:00+00:00, run_after=2025-12-16 00:00:00+00:00
[2025-12-16T18:31:16.220+0000] {processor.py:208} INFO - Processing /home/airflow/.local/lib/python3.12/site-packages/airflow/example_dags/example_inlet_event_extra.py took 0.817 seconds
[2025-12-16T18:31:46.362+0000] {processor.py:186} INFO - Started process (PID=1458) to work on /home/airflow/.local/lib/python3.12/site-packages/airflow/example_dags/example_inlet_event_extra.py
[2025-12-16T18:31:46.363+0000] {processor.py:914} INFO - Processing file /home/airflow/.local/lib/python3.12/site-packages/airflow/example_dags/example_inlet_event_extra.py for tasks to queue
[2025-12-16T18:31:46.366+0000] {logging_mixin.py:190} INFO - [2025-12-16T18:31:46.365+0000] {dagbag.py:588} INFO - Filling up the DagBag from /home/airflow/.local/lib/python3.12/site-packages/airflow/example_dags/example_inlet_event_extra.py
[2025-12-16T18:31:47.106+0000] {processor.py:925} INFO - DAG(s) 'read_dataset_event_from_classic', 'read_dataset_event' retrieved from /home/airflow/.local/lib/python3.12/site-packages/airflow/example_dags/example_inlet_event_extra.py
[2025-12-16T18:31:47.130+0000] {logging_mixin.py:190} INFO - [2025-12-16T18:31:47.129+0000] {dag.py:3239} INFO - Sync 2 DAGs
[2025-12-16T18:31:47.160+0000] {logging_mixin.py:190} INFO - [2025-12-16T18:31:47.160+0000] {dag.py:4180} INFO - Setting next_dagrun for read_dataset_event to 2025-12-15 00:00:00+00:00, run_after=2025-12-16 00:00:00+00:00
[2025-12-16T18:31:47.166+0000] {logging_mixin.py:190} INFO - [2025-12-16T18:31:47.166+0000] {dag.py:4180} INFO - Setting next_dagrun for read_dataset_event_from_classic to 2025-12-15 00:00:00+00:00, run_after=2025-12-16 00:00:00+00:00
[2025-12-16T18:31:47.185+0000] {processor.py:208} INFO - Processing /home/airflow/.local/lib/python3.12/site-packages/airflow/example_dags/example_inlet_event_extra.py took 0.831 seconds
[2025-12-16T18:32:17.249+0000] {processor.py:186} INFO - Started process (PID=1757) to work on /home/airflow/.local/lib/python3.12/site-packages/airflow/example_dags/example_inlet_event_extra.py
[2025-12-16T18:32:17.250+0000] {processor.py:914} INFO - Processing file /home/airflow/.local/lib/python3.12/site-packages/airflow/example_dags/example_inlet_event_extra.py for tasks to queue
[2025-12-16T18:32:17.253+0000] {logging_mixin.py:190} INFO - [2025-12-16T18:32:17.252+0000] {dagbag.py:588} INFO - Filling up the DagBag from /home/airflow/.local/lib/python3.12/site-packages/airflow/example_dags/example_inlet_event_extra.py
[2025-12-16T18:32:17.987+0000] {processor.py:925} INFO - DAG(s) 'read_dataset_event', 'read_dataset_event_from_classic' retrieved from /home/airflow/.local/lib/python3.12/site-packages/airflow/example_dags/example_inlet_event_extra.py
[2025-12-16T18:32:18.015+0000] {logging_mixin.py:190} INFO - [2025-12-16T18:32:18.015+0000] {dag.py:3239} INFO - Sync 2 DAGs
[2025-12-16T18:32:18.048+0000] {logging_mixin.py:190} INFO - [2025-12-16T18:32:18.048+0000] {dag.py:4180} INFO - Setting next_dagrun for read_dataset_event to 2025-12-15 00:00:00+00:00, run_after=2025-12-16 00:00:00+00:00
[2025-12-16T18:32:18.056+0000] {logging_mixin.py:190} INFO - [2025-12-16T18:32:18.055+0000] {dag.py:4180} INFO - Setting next_dagrun for read_dataset_event_from_classic to 2025-12-15 00:00:00+00:00, run_after=2025-12-16 00:00:00+00:00
[2025-12-16T18:32:18.076+0000] {processor.py:208} INFO - Processing /home/airflow/.local/lib/python3.12/site-packages/airflow/example_dags/example_inlet_event_extra.py took 0.835 seconds
[2025-12-16T18:32:48.518+0000] {processor.py:186} INFO - Started process (PID=2053) to work on /home/airflow/.local/lib/python3.12/site-packages/airflow/example_dags/example_inlet_event_extra.py
[2025-12-16T18:32:48.519+0000] {processor.py:914} INFO - Processing file /home/airflow/.local/lib/python3.12/site-packages/airflow/example_dags/example_inlet_event_extra.py for tasks to queue
[2025-12-16T18:32:48.523+0000] {logging_mixin.py:190} INFO - [2025-12-16T18:32:48.523+0000] {dagbag.py:588} INFO - Filling up the DagBag from /home/airflow/.local/lib/python3.12/site-packages/airflow/example_dags/example_inlet_event_extra.py
[2025-12-16T18:32:49.266+0000] {processor.py:925} INFO - DAG(s) 'read_dataset_event', 'read_dataset_event_from_classic' retrieved from /home/airflow/.local/lib/python3.12/site-packages/airflow/example_dags/example_inlet_event_extra.py
[2025-12-16T18:32:49.292+0000] {logging_mixin.py:190} INFO - [2025-12-16T18:32:49.292+0000] {dag.py:3239} INFO - Sync 2 DAGs
[2025-12-16T18:32:49.320+0000] {logging_mixin.py:190} INFO - [2025-12-16T18:32:49.320+0000] {dag.py:4180} INFO - Setting next_dagrun for read_dataset_event to 2025-12-15 00:00:00+00:00, run_after=2025-12-16 00:00:00+00:00
[2025-12-16T18:32:49.326+0000] {logging_mixin.py:190} INFO - [2025-12-16T18:32:49.325+0000] {dag.py:4180} INFO - Setting next_dagrun for read_dataset_event_from_classic to 2025-12-15 00:00:00+00:00, run_after=2025-12-16 00:00:00+00:00
[2025-12-16T18:32:49.342+0000] {processor.py:208} INFO - Processing /home/airflow/.local/lib/python3.12/site-packages/airflow/example_dags/example_inlet_event_extra.py took 0.834 seconds
[2025-12-16T18:33:19.409+0000] {processor.py:186} INFO - Started process (PID=2329) to work on /home/airflow/.local/lib/python3.12/site-packages/airflow/example_dags/example_inlet_event_extra.py
[2025-12-16T18:33:19.410+0000] {processor.py:914} INFO - Processing file /home/airflow/.local/lib/python3.12/site-packages/airflow/example_dags/example_inlet_event_extra.py for tasks to queue
[2025-12-16T18:33:19.413+0000] {logging_mixin.py:190} INFO - [2025-12-16T18:33:19.412+0000] {dagbag.py:588} INFO - Filling up the DagBag from /home/airflow/.local/lib/python3.12/site-packages/airflow/example_dags/example_inlet_event_extra.py
[2025-12-16T18:33:20.142+0000] {processor.py:925} INFO - DAG(s) 'read_dataset_event_from_classic', 'read_dataset_event' retrieved from /home/airflow/.local/lib/python3.12/site-packages/airflow/example_dags/example_inlet_event_extra.py
[2025-12-16T18:33:20.166+0000] {logging_mixin.py:190} INFO - [2025-12-16T18:33:20.166+0000] {dag.py:3239} INFO - Sync 2 DAGs
[2025-12-16T18:33:20.197+0000] {logging_mixin.py:190} INFO - [2025-12-16T18:33:20.197+0000] {dag.py:4180} INFO - Setting next_dagrun for read_dataset_event to 2025-12-15 00:00:00+00:00, run_after=2025-12-16 00:00:00+00:00
[2025-12-16T18:33:20.203+0000] {logging_mixin.py:190} INFO - [2025-12-16T18:33:20.203+0000] {dag.py:4180} INFO - Setting next_dagrun for read_dataset_event_from_classic to 2025-12-15 00:00:00+00:00, run_after=2025-12-16 00:00:00+00:00
[2025-12-16T18:33:20.221+0000] {processor.py:208} INFO - Processing /home/airflow/.local/lib/python3.12/site-packages/airflow/example_dags/example_inlet_event_extra.py took 0.820 seconds
[2025-12-16T18:33:50.414+0000] {processor.py:186} INFO - Started process (PID=2620) to work on /home/airflow/.local/lib/python3.12/site-packages/airflow/example_dags/example_inlet_event_extra.py
[2025-12-16T18:33:50.416+0000] {processor.py:914} INFO - Processing file /home/airflow/.local/lib/python3.12/site-packages/airflow/example_dags/example_inlet_event_extra.py for tasks to queue
[2025-12-16T18:33:50.418+0000] {logging_mixin.py:190} INFO - [2025-12-16T18:33:50.418+0000] {dagbag.py:588} INFO - Filling up the DagBag from /home/airflow/.local/lib/python3.12/site-packages/airflow/example_dags/example_inlet_event_extra.py
[2025-12-16T18:33:51.136+0000] {processor.py:925} INFO - DAG(s) 'read_dataset_event_from_classic', 'read_dataset_event' retrieved from /home/airflow/.local/lib/python3.12/site-packages/airflow/example_dags/example_inlet_event_extra.py
[2025-12-16T18:33:51.159+0000] {logging_mixin.py:190} INFO - [2025-12-16T18:33:51.159+0000] {dag.py:3239} INFO - Sync 2 DAGs
[2025-12-16T18:33:51.190+0000] {logging_mixin.py:190} INFO - [2025-12-16T18:33:51.190+0000] {dag.py:4180} INFO - Setting next_dagrun for read_dataset_event to 2025-12-15 00:00:00+00:00, run_after=2025-12-16 00:00:00+00:00
[2025-12-16T18:33:51.196+0000] {logging_mixin.py:190} INFO - [2025-12-16T18:33:51.196+0000] {dag.py:4180} INFO - Setting next_dagrun for read_dataset_event_from_classic to 2025-12-15 00:00:00+00:00, run_after=2025-12-16 00:00:00+00:00
[2025-12-16T18:33:51.213+0000] {processor.py:208} INFO - Processing /home/airflow/.local/lib/python3.12/site-packages/airflow/example_dags/example_inlet_event_extra.py took 0.806 seconds
[2025-12-16T18:34:21.322+0000] {processor.py:186} INFO - Started process (PID=2908) to work on /home/airflow/.local/lib/python3.12/site-packages/airflow/example_dags/example_inlet_event_extra.py
[2025-12-16T18:34:21.323+0000] {processor.py:914} INFO - Processing file /home/airflow/.local/lib/python3.12/site-packages/airflow/example_dags/example_inlet_event_extra.py for tasks to queue
[2025-12-16T18:34:21.326+0000] {logging_mixin.py:190} INFO - [2025-12-16T18:34:21.326+0000] {dagbag.py:588} INFO - Filling up the DagBag from /home/airflow/.local/lib/python3.12/site-packages/airflow/example_dags/example_inlet_event_extra.py
[2025-12-16T18:34:22.041+0000] {processor.py:925} INFO - DAG(s) 'read_dataset_event_from_classic', 'read_dataset_event' retrieved from /home/airflow/.local/lib/python3.12/site-packages/airflow/example_dags/example_inlet_event_extra.py
[2025-12-16T18:34:22.064+0000] {logging_mixin.py:190} INFO - [2025-12-16T18:34:22.063+0000] {dag.py:3239} INFO - Sync 2 DAGs
[2025-12-16T18:34:22.093+0000] {logging_mixin.py:190} INFO - [2025-12-16T18:34:22.093+0000] {dag.py:4180} INFO - Setting next_dagrun for read_dataset_event to 2025-12-15 00:00:00+00:00, run_after=2025-12-16 00:00:00+00:00
[2025-12-16T18:34:22.099+0000] {logging_mixin.py:190} INFO - [2025-12-16T18:34:22.099+0000] {dag.py:4180} INFO - Setting next_dagrun for read_dataset_event_from_classic to 2025-12-15 00:00:00+00:00, run_after=2025-12-16 00:00:00+00:00
[2025-12-16T18:34:22.116+0000] {processor.py:208} INFO - Processing /home/airflow/.local/lib/python3.12/site-packages/airflow/example_dags/example_inlet_event_extra.py took 0.803 seconds
[2025-12-16T18:34:52.548+0000] {processor.py:186} INFO - Started process (PID=3202) to work on /home/airflow/.local/lib/python3.12/site-packages/airflow/example_dags/example_inlet_event_extra.py
[2025-12-16T18:34:52.549+0000] {processor.py:914} INFO - Processing file /home/airflow/.local/lib/python3.12/site-packages/airflow/example_dags/example_inlet_event_extra.py for tasks to queue
[2025-12-16T18:34:52.552+0000] {logging_mixin.py:190} INFO - [2025-12-16T18:34:52.551+0000] {dagbag.py:588} INFO - Filling up the DagBag from /home/airflow/.local/lib/python3.12/site-packages/airflow/example_dags/example_inlet_event_extra.py
[2025-12-16T18:34:53.286+0000] {processor.py:925} INFO - DAG(s) 'read_dataset_event', 'read_dataset_event_from_classic' retrieved from /home/airflow/.local/lib/python3.12/site-packages/airflow/example_dags/example_inlet_event_extra.py
[2025-12-16T18:34:53.308+0000] {logging_mixin.py:190} INFO - [2025-12-16T18:34:53.308+0000] {dag.py:3239} INFO - Sync 2 DAGs
[2025-12-16T18:34:53.337+0000] {logging_mixin.py:190} INFO - [2025-12-16T18:34:53.336+0000] {dag.py:4180} INFO - Setting next_dagrun for read_dataset_event to 2025-12-15 00:00:00+00:00, run_after=2025-12-16 00:00:00+00:00
[2025-12-16T18:34:53.342+0000] {logging_mixin.py:190} INFO - [2025-12-16T18:34:53.342+0000] {dag.py:4180} INFO - Setting next_dagrun for read_dataset_event_from_classic to 2025-12-15 00:00:00+00:00, run_after=2025-12-16 00:00:00+00:00
[2025-12-16T18:34:53.359+0000] {processor.py:208} INFO - Processing /home/airflow/.local/lib/python3.12/site-packages/airflow/example_dags/example_inlet_event_extra.py took 0.819 seconds
[2025-12-16T18:35:23.871+0000] {processor.py:186} INFO - Started process (PID=3493) to work on /home/airflow/.local/lib/python3.12/site-packages/airflow/example_dags/example_inlet_event_extra.py
[2025-12-16T18:35:23.872+0000] {processor.py:914} INFO - Processing file /home/airflow/.local/lib/python3.12/site-packages/airflow/example_dags/example_inlet_event_extra.py for tasks to queue
[2025-12-16T18:35:23.875+0000] {logging_mixin.py:190} INFO - [2025-12-16T18:35:23.875+0000] {dagbag.py:588} INFO - Filling up the DagBag from /home/airflow/.local/lib/python3.12/site-packages/airflow/example_dags/example_inlet_event_extra.py
[2025-12-16T18:35:24.642+0000] {processor.py:925} INFO - DAG(s) 'read_dataset_event', 'read_dataset_event_from_classic' retrieved from /home/airflow/.local/lib/python3.12/site-packages/airflow/example_dags/example_inlet_event_extra.py
[2025-12-16T18:35:24.666+0000] {logging_mixin.py:190} INFO - [2025-12-16T18:35:24.666+0000] {dag.py:3239} INFO - Sync 2 DAGs
[2025-12-16T18:35:24.696+0000] {logging_mixin.py:190} INFO - [2025-12-16T18:35:24.696+0000] {dag.py:4180} INFO - Setting next_dagrun for read_dataset_event to 2025-12-15 00:00:00+00:00, run_after=2025-12-16 00:00:00+00:00
[2025-12-16T18:35:24.702+0000] {logging_mixin.py:190} INFO - [2025-12-16T18:35:24.702+0000] {dag.py:4180} INFO - Setting next_dagrun for read_dataset_event_from_classic to 2025-12-15 00:00:00+00:00, run_after=2025-12-16 00:00:00+00:00
[2025-12-16T18:35:24.720+0000] {processor.py:208} INFO - Processing /home/airflow/.local/lib/python3.12/site-packages/airflow/example_dags/example_inlet_event_extra.py took 0.857 seconds
[2025-12-16T18:35:55.509+0000] {processor.py:186} INFO - Started process (PID=3784) to work on /home/airflow/.local/lib/python3.12/site-packages/airflow/example_dags/example_inlet_event_extra.py
[2025-12-16T18:35:55.510+0000] {processor.py:914} INFO - Processing file /home/airflow/.local/lib/python3.12/site-packages/airflow/example_dags/example_inlet_event_extra.py for tasks to queue
[2025-12-16T18:35:55.512+0000] {logging_mixin.py:190} INFO - [2025-12-16T18:35:55.512+0000] {dagbag.py:588} INFO - Filling up the DagBag from /home/airflow/.local/lib/python3.12/site-packages/airflow/example_dags/example_inlet_event_extra.py
[2025-12-16T18:35:56.227+0000] {processor.py:925} INFO - DAG(s) 'read_dataset_event', 'read_dataset_event_from_classic' retrieved from /home/airflow/.local/lib/python3.12/site-packages/airflow/example_dags/example_inlet_event_extra.py
[2025-12-16T18:35:56.251+0000] {logging_mixin.py:190} INFO - [2025-12-16T18:35:56.250+0000] {dag.py:3239} INFO - Sync 2 DAGs
[2025-12-16T18:35:56.278+0000] {logging_mixin.py:190} INFO - [2025-12-16T18:35:56.278+0000] {dag.py:4180} INFO - Setting next_dagrun for read_dataset_event to 2025-12-15 00:00:00+00:00, run_after=2025-12-16 00:00:00+00:00
[2025-12-16T18:35:56.284+0000] {logging_mixin.py:190} INFO - [2025-12-16T18:35:56.284+0000] {dag.py:4180} INFO - Setting next_dagrun for read_dataset_event_from_classic to 2025-12-15 00:00:00+00:00, run_after=2025-12-16 00:00:00+00:00
[2025-12-16T18:35:56.300+0000] {processor.py:208} INFO - Processing /home/airflow/.local/lib/python3.12/site-packages/airflow/example_dags/example_inlet_event_extra.py took 0.799 seconds
[2025-12-16T18:36:26.573+0000] {processor.py:186} INFO - Started process (PID=4075) to work on /home/airflow/.local/lib/python3.12/site-packages/airflow/example_dags/example_inlet_event_extra.py
[2025-12-16T18:36:26.574+0000] {processor.py:914} INFO - Processing file /home/airflow/.local/lib/python3.12/site-packages/airflow/example_dags/example_inlet_event_extra.py for tasks to queue
[2025-12-16T18:36:26.577+0000] {logging_mixin.py:190} INFO - [2025-12-16T18:36:26.576+0000] {dagbag.py:588} INFO - Filling up the DagBag from /home/airflow/.local/lib/python3.12/site-packages/airflow/example_dags/example_inlet_event_extra.py
[2025-12-16T18:36:27.298+0000] {processor.py:925} INFO - DAG(s) 'read_dataset_event_from_classic', 'read_dataset_event' retrieved from /home/airflow/.local/lib/python3.12/site-packages/airflow/example_dags/example_inlet_event_extra.py
[2025-12-16T18:36:27.322+0000] {logging_mixin.py:190} INFO - [2025-12-16T18:36:27.322+0000] {dag.py:3239} INFO - Sync 2 DAGs
[2025-12-16T18:36:27.357+0000] {logging_mixin.py:190} INFO - [2025-12-16T18:36:27.356+0000] {dag.py:4180} INFO - Setting next_dagrun for read_dataset_event to 2025-12-15 00:00:00+00:00, run_after=2025-12-16 00:00:00+00:00
[2025-12-16T18:36:27.363+0000] {logging_mixin.py:190} INFO - [2025-12-16T18:36:27.363+0000] {dag.py:4180} INFO - Setting next_dagrun for read_dataset_event_from_classic to 2025-12-15 00:00:00+00:00, run_after=2025-12-16 00:00:00+00:00
[2025-12-16T18:36:27.382+0000] {processor.py:208} INFO - Processing /home/airflow/.local/lib/python3.12/site-packages/airflow/example_dags/example_inlet_event_extra.py took 0.817 seconds
[2025-12-16T18:36:57.686+0000] {processor.py:186} INFO - Started process (PID=4366) to work on /home/airflow/.local/lib/python3.12/site-packages/airflow/example_dags/example_inlet_event_extra.py
[2025-12-16T18:36:57.687+0000] {processor.py:914} INFO - Processing file /home/airflow/.local/lib/python3.12/site-packages/airflow/example_dags/example_inlet_event_extra.py for tasks to queue
[2025-12-16T18:36:57.689+0000] {logging_mixin.py:190} INFO - [2025-12-16T18:36:57.689+0000] {dagbag.py:588} INFO - Filling up the DagBag from /home/airflow/.local/lib/python3.12/site-packages/airflow/example_dags/example_inlet_event_extra.py
[2025-12-16T18:36:58.440+0000] {processor.py:925} INFO - DAG(s) 'read_dataset_event_from_classic', 'read_dataset_event' retrieved from /home/airflow/.local/lib/python3.12/site-packages/airflow/example_dags/example_inlet_event_extra.py
[2025-12-16T18:36:58.463+0000] {logging_mixin.py:190} INFO - [2025-12-16T18:36:58.463+0000] {dag.py:3239} INFO - Sync 2 DAGs
[2025-12-16T18:36:58.495+0000] {logging_mixin.py:190} INFO - [2025-12-16T18:36:58.495+0000] {dag.py:4180} INFO - Setting next_dagrun for read_dataset_event to 2025-12-15 00:00:00+00:00, run_after=2025-12-16 00:00:00+00:00
[2025-12-16T18:36:58.501+0000] {logging_mixin.py:190} INFO - [2025-12-16T18:36:58.501+0000] {dag.py:4180} INFO - Setting next_dagrun for read_dataset_event_from_classic to 2025-12-15 00:00:00+00:00, run_after=2025-12-16 00:00:00+00:00
[2025-12-16T18:36:58.517+0000] {processor.py:208} INFO - Processing /home/airflow/.local/lib/python3.12/site-packages/airflow/example_dags/example_inlet_event_extra.py took 0.839 seconds
[2025-12-16T18:37:28.809+0000] {processor.py:186} INFO - Started process (PID=4657) to work on /home/airflow/.local/lib/python3.12/site-packages/airflow/example_dags/example_inlet_event_extra.py
[2025-12-16T18:37:28.810+0000] {processor.py:914} INFO - Processing file /home/airflow/.local/lib/python3.12/site-packages/airflow/example_dags/example_inlet_event_extra.py for tasks to queue
[2025-12-16T18:37:28.813+0000] {logging_mixin.py:190} INFO - [2025-12-16T18:37:28.813+0000] {dagbag.py:588} INFO - Filling up the DagBag from /home/airflow/.local/lib/python3.12/site-packages/airflow/example_dags/example_inlet_event_extra.py
[2025-12-16T18:37:29.558+0000] {processor.py:925} INFO - DAG(s) 'read_dataset_event_from_classic', 'read_dataset_event' retrieved from /home/airflow/.local/lib/python3.12/site-packages/airflow/example_dags/example_inlet_event_extra.py
[2025-12-16T18:37:29.583+0000] {logging_mixin.py:190} INFO - [2025-12-16T18:37:29.583+0000] {dag.py:3239} INFO - Sync 2 DAGs
[2025-12-16T18:37:29.615+0000] {logging_mixin.py:190} INFO - [2025-12-16T18:37:29.615+0000] {dag.py:4180} INFO - Setting next_dagrun for read_dataset_event to 2025-12-15 00:00:00+00:00, run_after=2025-12-16 00:00:00+00:00
[2025-12-16T18:37:29.621+0000] {logging_mixin.py:190} INFO - [2025-12-16T18:37:29.621+0000] {dag.py:4180} INFO - Setting next_dagrun for read_dataset_event_from_classic to 2025-12-15 00:00:00+00:00, run_after=2025-12-16 00:00:00+00:00
[2025-12-16T18:37:29.642+0000] {processor.py:208} INFO - Processing /home/airflow/.local/lib/python3.12/site-packages/airflow/example_dags/example_inlet_event_extra.py took 0.841 seconds
[2025-12-16T18:37:59.919+0000] {processor.py:186} INFO - Started process (PID=4975) to work on /home/airflow/.local/lib/python3.12/site-packages/airflow/example_dags/example_inlet_event_extra.py
[2025-12-16T18:37:59.920+0000] {processor.py:914} INFO - Processing file /home/airflow/.local/lib/python3.12/site-packages/airflow/example_dags/example_inlet_event_extra.py for tasks to queue
[2025-12-16T18:37:59.922+0000] {logging_mixin.py:190} INFO - [2025-12-16T18:37:59.922+0000] {dagbag.py:588} INFO - Filling up the DagBag from /home/airflow/.local/lib/python3.12/site-packages/airflow/example_dags/example_inlet_event_extra.py
[2025-12-16T18:38:00.677+0000] {processor.py:925} INFO - DAG(s) 'read_dataset_event', 'read_dataset_event_from_classic' retrieved from /home/airflow/.local/lib/python3.12/site-packages/airflow/example_dags/example_inlet_event_extra.py
[2025-12-16T18:38:00.700+0000] {logging_mixin.py:190} INFO - [2025-12-16T18:38:00.700+0000] {dag.py:3239} INFO - Sync 2 DAGs
[2025-12-16T18:38:00.730+0000] {logging_mixin.py:190} INFO - [2025-12-16T18:38:00.730+0000] {dag.py:4180} INFO - Setting next_dagrun for read_dataset_event to 2025-12-15 00:00:00+00:00, run_after=2025-12-16 00:00:00+00:00
[2025-12-16T18:38:00.736+0000] {logging_mixin.py:190} INFO - [2025-12-16T18:38:00.735+0000] {dag.py:4180} INFO - Setting next_dagrun for read_dataset_event_from_classic to 2025-12-15 00:00:00+00:00, run_after=2025-12-16 00:00:00+00:00
[2025-12-16T18:38:00.758+0000] {processor.py:208} INFO - Processing /home/airflow/.local/lib/python3.12/site-packages/airflow/example_dags/example_inlet_event_extra.py took 0.847 seconds
[2025-12-16T18:38:31.930+0000] {processor.py:186} INFO - Started process (PID=5289) to work on /home/airflow/.local/lib/python3.12/site-packages/airflow/example_dags/example_inlet_event_extra.py
[2025-12-16T18:38:31.931+0000] {processor.py:914} INFO - Processing file /home/airflow/.local/lib/python3.12/site-packages/airflow/example_dags/example_inlet_event_extra.py for tasks to queue
[2025-12-16T18:38:31.934+0000] {logging_mixin.py:190} INFO - [2025-12-16T18:38:31.934+0000] {dagbag.py:588} INFO - Filling up the DagBag from /home/airflow/.local/lib/python3.12/site-packages/airflow/example_dags/example_inlet_event_extra.py
[2025-12-16T18:38:32.720+0000] {processor.py:925} INFO - DAG(s) 'read_dataset_event_from_classic', 'read_dataset_event' retrieved from /home/airflow/.local/lib/python3.12/site-packages/airflow/example_dags/example_inlet_event_extra.py
[2025-12-16T18:38:32.748+0000] {logging_mixin.py:190} INFO - [2025-12-16T18:38:32.748+0000] {dag.py:3239} INFO - Sync 2 DAGs
[2025-12-16T18:38:32.779+0000] {logging_mixin.py:190} INFO - [2025-12-16T18:38:32.779+0000] {dag.py:4180} INFO - Setting next_dagrun for read_dataset_event to 2025-12-15 00:00:00+00:00, run_after=2025-12-16 00:00:00+00:00
[2025-12-16T18:38:32.787+0000] {logging_mixin.py:190} INFO - [2025-12-16T18:38:32.786+0000] {dag.py:4180} INFO - Setting next_dagrun for read_dataset_event_from_classic to 2025-12-15 00:00:00+00:00, run_after=2025-12-16 00:00:00+00:00
[2025-12-16T18:38:32.807+0000] {processor.py:208} INFO - Processing /home/airflow/.local/lib/python3.12/site-packages/airflow/example_dags/example_inlet_event_extra.py took 0.885 seconds
[2025-12-16T18:39:03.181+0000] {processor.py:186} INFO - Started process (PID=5600) to work on /home/airflow/.local/lib/python3.12/site-packages/airflow/example_dags/example_inlet_event_extra.py
[2025-12-16T18:39:03.182+0000] {processor.py:914} INFO - Processing file /home/airflow/.local/lib/python3.12/site-packages/airflow/example_dags/example_inlet_event_extra.py for tasks to queue
[2025-12-16T18:39:03.185+0000] {logging_mixin.py:190} INFO - [2025-12-16T18:39:03.184+0000] {dagbag.py:588} INFO - Filling up the DagBag from /home/airflow/.local/lib/python3.12/site-packages/airflow/example_dags/example_inlet_event_extra.py
[2025-12-16T18:39:03.929+0000] {processor.py:925} INFO - DAG(s) 'read_dataset_event', 'read_dataset_event_from_classic' retrieved from /home/airflow/.local/lib/python3.12/site-packages/airflow/example_dags/example_inlet_event_extra.py
[2025-12-16T18:39:03.951+0000] {logging_mixin.py:190} INFO - [2025-12-16T18:39:03.950+0000] {dag.py:3239} INFO - Sync 2 DAGs
[2025-12-16T18:39:03.981+0000] {logging_mixin.py:190} INFO - [2025-12-16T18:39:03.981+0000] {dag.py:4180} INFO - Setting next_dagrun for read_dataset_event to 2025-12-15 00:00:00+00:00, run_after=2025-12-16 00:00:00+00:00
[2025-12-16T18:39:03.988+0000] {logging_mixin.py:190} INFO - [2025-12-16T18:39:03.988+0000] {dag.py:4180} INFO - Setting next_dagrun for read_dataset_event_from_classic to 2025-12-15 00:00:00+00:00, run_after=2025-12-16 00:00:00+00:00
[2025-12-16T18:39:04.005+0000] {processor.py:208} INFO - Processing /home/airflow/.local/lib/python3.12/site-packages/airflow/example_dags/example_inlet_event_extra.py took 0.833 seconds
[2025-12-16T18:39:34.707+0000] {processor.py:186} INFO - Started process (PID=5896) to work on /home/airflow/.local/lib/python3.12/site-packages/airflow/example_dags/example_inlet_event_extra.py
[2025-12-16T18:39:34.708+0000] {processor.py:914} INFO - Processing file /home/airflow/.local/lib/python3.12/site-packages/airflow/example_dags/example_inlet_event_extra.py for tasks to queue
[2025-12-16T18:39:34.710+0000] {logging_mixin.py:190} INFO - [2025-12-16T18:39:34.710+0000] {dagbag.py:588} INFO - Filling up the DagBag from /home/airflow/.local/lib/python3.12/site-packages/airflow/example_dags/example_inlet_event_extra.py
[2025-12-16T18:39:35.410+0000] {processor.py:925} INFO - DAG(s) 'read_dataset_event_from_classic', 'read_dataset_event' retrieved from /home/airflow/.local/lib/python3.12/site-packages/airflow/example_dags/example_inlet_event_extra.py
[2025-12-16T18:39:35.434+0000] {logging_mixin.py:190} INFO - [2025-12-16T18:39:35.433+0000] {dag.py:3239} INFO - Sync 2 DAGs
[2025-12-16T18:39:35.462+0000] {logging_mixin.py:190} INFO - [2025-12-16T18:39:35.462+0000] {dag.py:4180} INFO - Setting next_dagrun for read_dataset_event to 2025-12-15 00:00:00+00:00, run_after=2025-12-16 00:00:00+00:00
[2025-12-16T18:39:35.468+0000] {logging_mixin.py:190} INFO - [2025-12-16T18:39:35.468+0000] {dag.py:4180} INFO - Setting next_dagrun for read_dataset_event_from_classic to 2025-12-15 00:00:00+00:00, run_after=2025-12-16 00:00:00+00:00
[2025-12-16T18:39:35.484+0000] {processor.py:208} INFO - Processing /home/airflow/.local/lib/python3.12/site-packages/airflow/example_dags/example_inlet_event_extra.py took 0.785 seconds
[2025-12-16T18:40:06.218+0000] {processor.py:186} INFO - Started process (PID=6213) to work on /home/airflow/.local/lib/python3.12/site-packages/airflow/example_dags/example_inlet_event_extra.py
[2025-12-16T18:40:06.219+0000] {processor.py:914} INFO - Processing file /home/airflow/.local/lib/python3.12/site-packages/airflow/example_dags/example_inlet_event_extra.py for tasks to queue
[2025-12-16T18:40:06.223+0000] {logging_mixin.py:190} INFO - [2025-12-16T18:40:06.222+0000] {dagbag.py:588} INFO - Filling up the DagBag from /home/airflow/.local/lib/python3.12/site-packages/airflow/example_dags/example_inlet_event_extra.py
[2025-12-16T18:40:06.981+0000] {processor.py:925} INFO - DAG(s) 'read_dataset_event_from_classic', 'read_dataset_event' retrieved from /home/airflow/.local/lib/python3.12/site-packages/airflow/example_dags/example_inlet_event_extra.py
[2025-12-16T18:40:07.008+0000] {logging_mixin.py:190} INFO - [2025-12-16T18:40:07.008+0000] {dag.py:3239} INFO - Sync 2 DAGs
[2025-12-16T18:40:07.040+0000] {logging_mixin.py:190} INFO - [2025-12-16T18:40:07.040+0000] {dag.py:4180} INFO - Setting next_dagrun for read_dataset_event to 2025-12-15 00:00:00+00:00, run_after=2025-12-16 00:00:00+00:00
[2025-12-16T18:40:07.047+0000] {logging_mixin.py:190} INFO - [2025-12-16T18:40:07.046+0000] {dag.py:4180} INFO - Setting next_dagrun for read_dataset_event_from_classic to 2025-12-15 00:00:00+00:00, run_after=2025-12-16 00:00:00+00:00
[2025-12-16T18:40:07.066+0000] {processor.py:208} INFO - Processing /home/airflow/.local/lib/python3.12/site-packages/airflow/example_dags/example_inlet_event_extra.py took 0.855 seconds
[2025-12-16T18:40:38.456+0000] {processor.py:186} INFO - Started process (PID=6503) to work on /home/airflow/.local/lib/python3.12/site-packages/airflow/example_dags/example_inlet_event_extra.py
[2025-12-16T18:40:38.457+0000] {processor.py:914} INFO - Processing file /home/airflow/.local/lib/python3.12/site-packages/airflow/example_dags/example_inlet_event_extra.py for tasks to queue
[2025-12-16T18:40:38.460+0000] {logging_mixin.py:190} INFO - [2025-12-16T18:40:38.460+0000] {dagbag.py:588} INFO - Filling up the DagBag from /home/airflow/.local/lib/python3.12/site-packages/airflow/example_dags/example_inlet_event_extra.py
[2025-12-16T18:40:39.246+0000] {processor.py:925} INFO - DAG(s) 'read_dataset_event_from_classic', 'read_dataset_event' retrieved from /home/airflow/.local/lib/python3.12/site-packages/airflow/example_dags/example_inlet_event_extra.py
[2025-12-16T18:40:39.272+0000] {logging_mixin.py:190} INFO - [2025-12-16T18:40:39.271+0000] {dag.py:3239} INFO - Sync 2 DAGs
[2025-12-16T18:40:39.305+0000] {logging_mixin.py:190} INFO - [2025-12-16T18:40:39.305+0000] {dag.py:4180} INFO - Setting next_dagrun for read_dataset_event to 2025-12-15 00:00:00+00:00, run_after=2025-12-16 00:00:00+00:00
[2025-12-16T18:40:39.312+0000] {logging_mixin.py:190} INFO - [2025-12-16T18:40:39.312+0000] {dag.py:4180} INFO - Setting next_dagrun for read_dataset_event_from_classic to 2025-12-15 00:00:00+00:00, run_after=2025-12-16 00:00:00+00:00
[2025-12-16T18:40:39.329+0000] {processor.py:208} INFO - Processing /home/airflow/.local/lib/python3.12/site-packages/airflow/example_dags/example_inlet_event_extra.py took 0.881 seconds
