[2025-12-16T18:26:39.250+0000] {processor.py:186} INFO - Started process (PID=216) to work on /home/airflow/.local/lib/python3.12/site-packages/airflow/example_dags/example_branch_day_of_week_operator.py
[2025-12-16T18:26:39.251+0000] {processor.py:914} INFO - Processing file /home/airflow/.local/lib/python3.12/site-packages/airflow/example_dags/example_branch_day_of_week_operator.py for tasks to queue
[2025-12-16T18:26:39.254+0000] {logging_mixin.py:190} INFO - [2025-12-16T18:26:39.254+0000] {dagbag.py:588} INFO - Filling up the DagBag from /home/airflow/.local/lib/python3.12/site-packages/airflow/example_dags/example_branch_day_of_week_operator.py
[2025-12-16T18:26:39.269+0000] {processor.py:925} INFO - DAG(s) 'example_weekday_branch_operator' retrieved from /home/airflow/.local/lib/python3.12/site-packages/airflow/example_dags/example_branch_day_of_week_operator.py
[2025-12-16T18:26:39.415+0000] {logging_mixin.py:190} INFO - [2025-12-16T18:26:39.414+0000] {override.py:1911} INFO - Created Permission View: can read on DAG:example_weekday_branch_operator
[2025-12-16T18:26:39.428+0000] {logging_mixin.py:190} INFO - [2025-12-16T18:26:39.428+0000] {override.py:1911} INFO - Created Permission View: can delete on DAG:example_weekday_branch_operator
[2025-12-16T18:26:39.435+0000] {logging_mixin.py:190} INFO - [2025-12-16T18:26:39.435+0000] {override.py:1911} INFO - Created Permission View: can edit on DAG:example_weekday_branch_operator
[2025-12-16T18:26:39.444+0000] {logging_mixin.py:190} INFO - [2025-12-16T18:26:39.444+0000] {override.py:1911} INFO - Created Permission View: can read on DAG Run:example_weekday_branch_operator
[2025-12-16T18:26:39.451+0000] {logging_mixin.py:190} INFO - [2025-12-16T18:26:39.450+0000] {override.py:1911} INFO - Created Permission View: can create on DAG Run:example_weekday_branch_operator
[2025-12-16T18:26:39.459+0000] {logging_mixin.py:190} INFO - [2025-12-16T18:26:39.458+0000] {override.py:1911} INFO - Created Permission View: menu access on DAG Run:example_weekday_branch_operator
[2025-12-16T18:26:39.466+0000] {logging_mixin.py:190} INFO - [2025-12-16T18:26:39.466+0000] {override.py:1911} INFO - Created Permission View: can delete on DAG Run:example_weekday_branch_operator
[2025-12-16T18:26:39.466+0000] {logging_mixin.py:190} INFO - [2025-12-16T18:26:39.466+0000] {dag.py:3239} INFO - Sync 1 DAGs
[2025-12-16T18:26:39.481+0000] {logging_mixin.py:190} INFO - [2025-12-16T18:26:39.481+0000] {dag.py:3262} INFO - Creating ORM DAG for example_weekday_branch_operator
[2025-12-16T18:26:39.494+0000] {logging_mixin.py:190} INFO - [2025-12-16T18:26:39.494+0000] {dag.py:4180} INFO - Setting next_dagrun for example_weekday_branch_operator to 2025-12-15 00:00:00+00:00, run_after=2025-12-16 00:00:00+00:00
[2025-12-16T18:26:39.511+0000] {processor.py:208} INFO - Processing /home/airflow/.local/lib/python3.12/site-packages/airflow/example_dags/example_branch_day_of_week_operator.py took 0.269 seconds
[2025-12-16T18:27:10.491+0000] {processor.py:186} INFO - Started process (PID=507) to work on /home/airflow/.local/lib/python3.12/site-packages/airflow/example_dags/example_branch_day_of_week_operator.py
[2025-12-16T18:27:10.492+0000] {processor.py:914} INFO - Processing file /home/airflow/.local/lib/python3.12/site-packages/airflow/example_dags/example_branch_day_of_week_operator.py for tasks to queue
[2025-12-16T18:27:10.496+0000] {logging_mixin.py:190} INFO - [2025-12-16T18:27:10.495+0000] {dagbag.py:588} INFO - Filling up the DagBag from /home/airflow/.local/lib/python3.12/site-packages/airflow/example_dags/example_branch_day_of_week_operator.py
[2025-12-16T18:27:10.516+0000] {processor.py:925} INFO - DAG(s) 'example_weekday_branch_operator' retrieved from /home/airflow/.local/lib/python3.12/site-packages/airflow/example_dags/example_branch_day_of_week_operator.py
[2025-12-16T18:27:10.549+0000] {logging_mixin.py:190} INFO - [2025-12-16T18:27:10.549+0000] {dag.py:3239} INFO - Sync 1 DAGs
[2025-12-16T18:27:10.583+0000] {logging_mixin.py:190} INFO - [2025-12-16T18:27:10.583+0000] {dag.py:4180} INFO - Setting next_dagrun for example_weekday_branch_operator to 2025-12-15 00:00:00+00:00, run_after=2025-12-16 00:00:00+00:00
[2025-12-16T18:27:10.618+0000] {processor.py:208} INFO - Processing /home/airflow/.local/lib/python3.12/site-packages/airflow/example_dags/example_branch_day_of_week_operator.py took 0.140 seconds
[2025-12-16T18:27:41.330+0000] {processor.py:186} INFO - Started process (PID=798) to work on /home/airflow/.local/lib/python3.12/site-packages/airflow/example_dags/example_branch_day_of_week_operator.py
[2025-12-16T18:27:41.331+0000] {processor.py:914} INFO - Processing file /home/airflow/.local/lib/python3.12/site-packages/airflow/example_dags/example_branch_day_of_week_operator.py for tasks to queue
[2025-12-16T18:27:41.334+0000] {logging_mixin.py:190} INFO - [2025-12-16T18:27:41.334+0000] {dagbag.py:588} INFO - Filling up the DagBag from /home/airflow/.local/lib/python3.12/site-packages/airflow/example_dags/example_branch_day_of_week_operator.py
[2025-12-16T18:27:41.348+0000] {processor.py:925} INFO - DAG(s) 'example_weekday_branch_operator' retrieved from /home/airflow/.local/lib/python3.12/site-packages/airflow/example_dags/example_branch_day_of_week_operator.py
[2025-12-16T18:27:41.374+0000] {logging_mixin.py:190} INFO - [2025-12-16T18:27:41.373+0000] {dag.py:3239} INFO - Sync 1 DAGs
[2025-12-16T18:27:41.410+0000] {logging_mixin.py:190} INFO - [2025-12-16T18:27:41.410+0000] {dag.py:4180} INFO - Setting next_dagrun for example_weekday_branch_operator to 2025-12-15 00:00:00+00:00, run_after=2025-12-16 00:00:00+00:00
[2025-12-16T18:27:41.436+0000] {processor.py:208} INFO - Processing /home/airflow/.local/lib/python3.12/site-packages/airflow/example_dags/example_branch_day_of_week_operator.py took 0.115 seconds
[2025-12-16T18:28:12.020+0000] {processor.py:186} INFO - Started process (PID=1089) to work on /home/airflow/.local/lib/python3.12/site-packages/airflow/example_dags/example_branch_day_of_week_operator.py
[2025-12-16T18:28:12.022+0000] {processor.py:914} INFO - Processing file /home/airflow/.local/lib/python3.12/site-packages/airflow/example_dags/example_branch_day_of_week_operator.py for tasks to queue
[2025-12-16T18:28:12.025+0000] {logging_mixin.py:190} INFO - [2025-12-16T18:28:12.025+0000] {dagbag.py:588} INFO - Filling up the DagBag from /home/airflow/.local/lib/python3.12/site-packages/airflow/example_dags/example_branch_day_of_week_operator.py
[2025-12-16T18:28:12.042+0000] {processor.py:925} INFO - DAG(s) 'example_weekday_branch_operator' retrieved from /home/airflow/.local/lib/python3.12/site-packages/airflow/example_dags/example_branch_day_of_week_operator.py
[2025-12-16T18:28:12.074+0000] {logging_mixin.py:190} INFO - [2025-12-16T18:28:12.073+0000] {dag.py:3239} INFO - Sync 1 DAGs
[2025-12-16T18:28:12.123+0000] {logging_mixin.py:190} INFO - [2025-12-16T18:28:12.123+0000] {dag.py:4180} INFO - Setting next_dagrun for example_weekday_branch_operator to 2025-12-15 00:00:00+00:00, run_after=2025-12-16 00:00:00+00:00
[2025-12-16T18:28:12.164+0000] {processor.py:208} INFO - Processing /home/airflow/.local/lib/python3.12/site-packages/airflow/example_dags/example_branch_day_of_week_operator.py took 0.152 seconds
[2025-12-16T18:29:37.376+0000] {processor.py:186} INFO - Started process (PID=216) to work on /home/airflow/.local/lib/python3.12/site-packages/airflow/example_dags/example_branch_day_of_week_operator.py
[2025-12-16T18:29:37.378+0000] {processor.py:914} INFO - Processing file /home/airflow/.local/lib/python3.12/site-packages/airflow/example_dags/example_branch_day_of_week_operator.py for tasks to queue
[2025-12-16T18:29:37.381+0000] {logging_mixin.py:190} INFO - [2025-12-16T18:29:37.380+0000] {dagbag.py:588} INFO - Filling up the DagBag from /home/airflow/.local/lib/python3.12/site-packages/airflow/example_dags/example_branch_day_of_week_operator.py
[2025-12-16T18:29:37.396+0000] {processor.py:925} INFO - DAG(s) 'example_weekday_branch_operator' retrieved from /home/airflow/.local/lib/python3.12/site-packages/airflow/example_dags/example_branch_day_of_week_operator.py
[2025-12-16T18:29:37.437+0000] {logging_mixin.py:190} INFO - [2025-12-16T18:29:37.436+0000] {dag.py:3239} INFO - Sync 1 DAGs
[2025-12-16T18:29:37.470+0000] {logging_mixin.py:190} INFO - [2025-12-16T18:29:37.470+0000] {dag.py:4180} INFO - Setting next_dagrun for example_weekday_branch_operator to 2025-12-15 00:00:00+00:00, run_after=2025-12-16 00:00:00+00:00
[2025-12-16T18:29:37.495+0000] {processor.py:208} INFO - Processing /home/airflow/.local/lib/python3.12/site-packages/airflow/example_dags/example_branch_day_of_week_operator.py took 0.128 seconds
[2025-12-16T18:30:08.226+0000] {processor.py:186} INFO - Started process (PID=507) to work on /home/airflow/.local/lib/python3.12/site-packages/airflow/example_dags/example_branch_day_of_week_operator.py
[2025-12-16T18:30:08.227+0000] {processor.py:914} INFO - Processing file /home/airflow/.local/lib/python3.12/site-packages/airflow/example_dags/example_branch_day_of_week_operator.py for tasks to queue
[2025-12-16T18:30:08.229+0000] {logging_mixin.py:190} INFO - [2025-12-16T18:30:08.229+0000] {dagbag.py:588} INFO - Filling up the DagBag from /home/airflow/.local/lib/python3.12/site-packages/airflow/example_dags/example_branch_day_of_week_operator.py
[2025-12-16T18:30:08.241+0000] {processor.py:925} INFO - DAG(s) 'example_weekday_branch_operator' retrieved from /home/airflow/.local/lib/python3.12/site-packages/airflow/example_dags/example_branch_day_of_week_operator.py
[2025-12-16T18:30:08.265+0000] {logging_mixin.py:190} INFO - [2025-12-16T18:30:08.265+0000] {dag.py:3239} INFO - Sync 1 DAGs
[2025-12-16T18:30:08.302+0000] {logging_mixin.py:190} INFO - [2025-12-16T18:30:08.302+0000] {dag.py:4180} INFO - Setting next_dagrun for example_weekday_branch_operator to 2025-12-15 00:00:00+00:00, run_after=2025-12-16 00:00:00+00:00
[2025-12-16T18:30:08.324+0000] {processor.py:208} INFO - Processing /home/airflow/.local/lib/python3.12/site-packages/airflow/example_dags/example_branch_day_of_week_operator.py took 0.105 seconds
[2025-12-16T18:30:39.266+0000] {processor.py:186} INFO - Started process (PID=798) to work on /home/airflow/.local/lib/python3.12/site-packages/airflow/example_dags/example_branch_day_of_week_operator.py
[2025-12-16T18:30:39.268+0000] {processor.py:914} INFO - Processing file /home/airflow/.local/lib/python3.12/site-packages/airflow/example_dags/example_branch_day_of_week_operator.py for tasks to queue
[2025-12-16T18:30:39.270+0000] {logging_mixin.py:190} INFO - [2025-12-16T18:30:39.270+0000] {dagbag.py:588} INFO - Filling up the DagBag from /home/airflow/.local/lib/python3.12/site-packages/airflow/example_dags/example_branch_day_of_week_operator.py
[2025-12-16T18:30:39.283+0000] {processor.py:925} INFO - DAG(s) 'example_weekday_branch_operator' retrieved from /home/airflow/.local/lib/python3.12/site-packages/airflow/example_dags/example_branch_day_of_week_operator.py
[2025-12-16T18:30:39.308+0000] {logging_mixin.py:190} INFO - [2025-12-16T18:30:39.307+0000] {dag.py:3239} INFO - Sync 1 DAGs
[2025-12-16T18:30:39.336+0000] {logging_mixin.py:190} INFO - [2025-12-16T18:30:39.335+0000] {dag.py:4180} INFO - Setting next_dagrun for example_weekday_branch_operator to 2025-12-15 00:00:00+00:00, run_after=2025-12-16 00:00:00+00:00
[2025-12-16T18:30:39.356+0000] {processor.py:208} INFO - Processing /home/airflow/.local/lib/python3.12/site-packages/airflow/example_dags/example_branch_day_of_week_operator.py took 0.098 seconds
[2025-12-16T18:31:09.710+0000] {processor.py:186} INFO - Started process (PID=1089) to work on /home/airflow/.local/lib/python3.12/site-packages/airflow/example_dags/example_branch_day_of_week_operator.py
[2025-12-16T18:31:09.711+0000] {processor.py:914} INFO - Processing file /home/airflow/.local/lib/python3.12/site-packages/airflow/example_dags/example_branch_day_of_week_operator.py for tasks to queue
[2025-12-16T18:31:09.714+0000] {logging_mixin.py:190} INFO - [2025-12-16T18:31:09.713+0000] {dagbag.py:588} INFO - Filling up the DagBag from /home/airflow/.local/lib/python3.12/site-packages/airflow/example_dags/example_branch_day_of_week_operator.py
[2025-12-16T18:31:09.726+0000] {processor.py:925} INFO - DAG(s) 'example_weekday_branch_operator' retrieved from /home/airflow/.local/lib/python3.12/site-packages/airflow/example_dags/example_branch_day_of_week_operator.py
[2025-12-16T18:31:09.749+0000] {logging_mixin.py:190} INFO - [2025-12-16T18:31:09.749+0000] {dag.py:3239} INFO - Sync 1 DAGs
[2025-12-16T18:31:09.778+0000] {logging_mixin.py:190} INFO - [2025-12-16T18:31:09.778+0000] {dag.py:4180} INFO - Setting next_dagrun for example_weekday_branch_operator to 2025-12-15 00:00:00+00:00, run_after=2025-12-16 00:00:00+00:00
[2025-12-16T18:31:09.799+0000] {processor.py:208} INFO - Processing /home/airflow/.local/lib/python3.12/site-packages/airflow/example_dags/example_branch_day_of_week_operator.py took 0.097 seconds
[2025-12-16T18:31:40.743+0000] {processor.py:186} INFO - Started process (PID=1380) to work on /home/airflow/.local/lib/python3.12/site-packages/airflow/example_dags/example_branch_day_of_week_operator.py
[2025-12-16T18:31:40.744+0000] {processor.py:914} INFO - Processing file /home/airflow/.local/lib/python3.12/site-packages/airflow/example_dags/example_branch_day_of_week_operator.py for tasks to queue
[2025-12-16T18:31:40.747+0000] {logging_mixin.py:190} INFO - [2025-12-16T18:31:40.746+0000] {dagbag.py:588} INFO - Filling up the DagBag from /home/airflow/.local/lib/python3.12/site-packages/airflow/example_dags/example_branch_day_of_week_operator.py
[2025-12-16T18:31:40.760+0000] {processor.py:925} INFO - DAG(s) 'example_weekday_branch_operator' retrieved from /home/airflow/.local/lib/python3.12/site-packages/airflow/example_dags/example_branch_day_of_week_operator.py
[2025-12-16T18:31:40.785+0000] {logging_mixin.py:190} INFO - [2025-12-16T18:31:40.784+0000] {dag.py:3239} INFO - Sync 1 DAGs
[2025-12-16T18:31:40.814+0000] {logging_mixin.py:190} INFO - [2025-12-16T18:31:40.814+0000] {dag.py:4180} INFO - Setting next_dagrun for example_weekday_branch_operator to 2025-12-15 00:00:00+00:00, run_after=2025-12-16 00:00:00+00:00
[2025-12-16T18:31:40.834+0000] {processor.py:208} INFO - Processing /home/airflow/.local/lib/python3.12/site-packages/airflow/example_dags/example_branch_day_of_week_operator.py took 0.098 seconds
[2025-12-16T18:32:11.735+0000] {processor.py:186} INFO - Started process (PID=1671) to work on /home/airflow/.local/lib/python3.12/site-packages/airflow/example_dags/example_branch_day_of_week_operator.py
[2025-12-16T18:32:11.736+0000] {processor.py:914} INFO - Processing file /home/airflow/.local/lib/python3.12/site-packages/airflow/example_dags/example_branch_day_of_week_operator.py for tasks to queue
[2025-12-16T18:32:11.739+0000] {logging_mixin.py:190} INFO - [2025-12-16T18:32:11.739+0000] {dagbag.py:588} INFO - Filling up the DagBag from /home/airflow/.local/lib/python3.12/site-packages/airflow/example_dags/example_branch_day_of_week_operator.py
[2025-12-16T18:32:11.752+0000] {processor.py:925} INFO - DAG(s) 'example_weekday_branch_operator' retrieved from /home/airflow/.local/lib/python3.12/site-packages/airflow/example_dags/example_branch_day_of_week_operator.py
[2025-12-16T18:32:11.776+0000] {logging_mixin.py:190} INFO - [2025-12-16T18:32:11.776+0000] {dag.py:3239} INFO - Sync 1 DAGs
[2025-12-16T18:32:11.807+0000] {logging_mixin.py:190} INFO - [2025-12-16T18:32:11.807+0000] {dag.py:4180} INFO - Setting next_dagrun for example_weekday_branch_operator to 2025-12-15 00:00:00+00:00, run_after=2025-12-16 00:00:00+00:00
[2025-12-16T18:32:11.830+0000] {processor.py:208} INFO - Processing /home/airflow/.local/lib/python3.12/site-packages/airflow/example_dags/example_branch_day_of_week_operator.py took 0.103 seconds
[2025-12-16T18:32:42.027+0000] {processor.py:186} INFO - Started process (PID=1962) to work on /home/airflow/.local/lib/python3.12/site-packages/airflow/example_dags/example_branch_day_of_week_operator.py
[2025-12-16T18:32:42.028+0000] {processor.py:914} INFO - Processing file /home/airflow/.local/lib/python3.12/site-packages/airflow/example_dags/example_branch_day_of_week_operator.py for tasks to queue
[2025-12-16T18:32:42.031+0000] {logging_mixin.py:190} INFO - [2025-12-16T18:32:42.031+0000] {dagbag.py:588} INFO - Filling up the DagBag from /home/airflow/.local/lib/python3.12/site-packages/airflow/example_dags/example_branch_day_of_week_operator.py
[2025-12-16T18:32:42.043+0000] {processor.py:925} INFO - DAG(s) 'example_weekday_branch_operator' retrieved from /home/airflow/.local/lib/python3.12/site-packages/airflow/example_dags/example_branch_day_of_week_operator.py
[2025-12-16T18:32:42.068+0000] {logging_mixin.py:190} INFO - [2025-12-16T18:32:42.067+0000] {dag.py:3239} INFO - Sync 1 DAGs
[2025-12-16T18:32:42.096+0000] {logging_mixin.py:190} INFO - [2025-12-16T18:32:42.096+0000] {dag.py:4180} INFO - Setting next_dagrun for example_weekday_branch_operator to 2025-12-15 00:00:00+00:00, run_after=2025-12-16 00:00:00+00:00
[2025-12-16T18:32:42.116+0000] {processor.py:208} INFO - Processing /home/airflow/.local/lib/python3.12/site-packages/airflow/example_dags/example_branch_day_of_week_operator.py took 0.096 seconds
[2025-12-16T18:33:12.422+0000] {processor.py:186} INFO - Started process (PID=2253) to work on /home/airflow/.local/lib/python3.12/site-packages/airflow/example_dags/example_branch_day_of_week_operator.py
[2025-12-16T18:33:12.423+0000] {processor.py:914} INFO - Processing file /home/airflow/.local/lib/python3.12/site-packages/airflow/example_dags/example_branch_day_of_week_operator.py for tasks to queue
[2025-12-16T18:33:12.426+0000] {logging_mixin.py:190} INFO - [2025-12-16T18:33:12.425+0000] {dagbag.py:588} INFO - Filling up the DagBag from /home/airflow/.local/lib/python3.12/site-packages/airflow/example_dags/example_branch_day_of_week_operator.py
[2025-12-16T18:33:12.442+0000] {processor.py:925} INFO - DAG(s) 'example_weekday_branch_operator' retrieved from /home/airflow/.local/lib/python3.12/site-packages/airflow/example_dags/example_branch_day_of_week_operator.py
[2025-12-16T18:33:12.482+0000] {logging_mixin.py:190} INFO - [2025-12-16T18:33:12.481+0000] {dag.py:3239} INFO - Sync 1 DAGs
[2025-12-16T18:33:12.525+0000] {logging_mixin.py:190} INFO - [2025-12-16T18:33:12.524+0000] {dag.py:4180} INFO - Setting next_dagrun for example_weekday_branch_operator to 2025-12-15 00:00:00+00:00, run_after=2025-12-16 00:00:00+00:00
[2025-12-16T18:33:12.552+0000] {processor.py:208} INFO - Processing /home/airflow/.local/lib/python3.12/site-packages/airflow/example_dags/example_branch_day_of_week_operator.py took 0.140 seconds
[2025-12-16T18:33:43.374+0000] {processor.py:186} INFO - Started process (PID=2550) to work on /home/airflow/.local/lib/python3.12/site-packages/airflow/example_dags/example_branch_day_of_week_operator.py
[2025-12-16T18:33:43.376+0000] {processor.py:914} INFO - Processing file /home/airflow/.local/lib/python3.12/site-packages/airflow/example_dags/example_branch_day_of_week_operator.py for tasks to queue
[2025-12-16T18:33:43.378+0000] {logging_mixin.py:190} INFO - [2025-12-16T18:33:43.378+0000] {dagbag.py:588} INFO - Filling up the DagBag from /home/airflow/.local/lib/python3.12/site-packages/airflow/example_dags/example_branch_day_of_week_operator.py
[2025-12-16T18:33:43.391+0000] {processor.py:925} INFO - DAG(s) 'example_weekday_branch_operator' retrieved from /home/airflow/.local/lib/python3.12/site-packages/airflow/example_dags/example_branch_day_of_week_operator.py
[2025-12-16T18:33:43.416+0000] {logging_mixin.py:190} INFO - [2025-12-16T18:33:43.416+0000] {dag.py:3239} INFO - Sync 1 DAGs
[2025-12-16T18:33:43.446+0000] {logging_mixin.py:190} INFO - [2025-12-16T18:33:43.446+0000] {dag.py:4180} INFO - Setting next_dagrun for example_weekday_branch_operator to 2025-12-15 00:00:00+00:00, run_after=2025-12-16 00:00:00+00:00
[2025-12-16T18:33:43.466+0000] {processor.py:208} INFO - Processing /home/airflow/.local/lib/python3.12/site-packages/airflow/example_dags/example_branch_day_of_week_operator.py took 0.100 seconds
[2025-12-16T18:34:14.468+0000] {processor.py:186} INFO - Started process (PID=2841) to work on /home/airflow/.local/lib/python3.12/site-packages/airflow/example_dags/example_branch_day_of_week_operator.py
[2025-12-16T18:34:14.470+0000] {processor.py:914} INFO - Processing file /home/airflow/.local/lib/python3.12/site-packages/airflow/example_dags/example_branch_day_of_week_operator.py for tasks to queue
[2025-12-16T18:34:14.472+0000] {logging_mixin.py:190} INFO - [2025-12-16T18:34:14.472+0000] {dagbag.py:588} INFO - Filling up the DagBag from /home/airflow/.local/lib/python3.12/site-packages/airflow/example_dags/example_branch_day_of_week_operator.py
[2025-12-16T18:34:14.484+0000] {processor.py:925} INFO - DAG(s) 'example_weekday_branch_operator' retrieved from /home/airflow/.local/lib/python3.12/site-packages/airflow/example_dags/example_branch_day_of_week_operator.py
[2025-12-16T18:34:14.508+0000] {logging_mixin.py:190} INFO - [2025-12-16T18:34:14.508+0000] {dag.py:3239} INFO - Sync 1 DAGs
[2025-12-16T18:34:14.539+0000] {logging_mixin.py:190} INFO - [2025-12-16T18:34:14.539+0000] {dag.py:4180} INFO - Setting next_dagrun for example_weekday_branch_operator to 2025-12-15 00:00:00+00:00, run_after=2025-12-16 00:00:00+00:00
[2025-12-16T18:34:14.560+0000] {processor.py:208} INFO - Processing /home/airflow/.local/lib/python3.12/site-packages/airflow/example_dags/example_branch_day_of_week_operator.py took 0.099 seconds
[2025-12-16T18:34:45.404+0000] {processor.py:186} INFO - Started process (PID=3132) to work on /home/airflow/.local/lib/python3.12/site-packages/airflow/example_dags/example_branch_day_of_week_operator.py
[2025-12-16T18:34:45.405+0000] {processor.py:914} INFO - Processing file /home/airflow/.local/lib/python3.12/site-packages/airflow/example_dags/example_branch_day_of_week_operator.py for tasks to queue
[2025-12-16T18:34:45.409+0000] {logging_mixin.py:190} INFO - [2025-12-16T18:34:45.408+0000] {dagbag.py:588} INFO - Filling up the DagBag from /home/airflow/.local/lib/python3.12/site-packages/airflow/example_dags/example_branch_day_of_week_operator.py
[2025-12-16T18:34:45.424+0000] {processor.py:925} INFO - DAG(s) 'example_weekday_branch_operator' retrieved from /home/airflow/.local/lib/python3.12/site-packages/airflow/example_dags/example_branch_day_of_week_operator.py
[2025-12-16T18:34:45.450+0000] {logging_mixin.py:190} INFO - [2025-12-16T18:34:45.450+0000] {dag.py:3239} INFO - Sync 1 DAGs
[2025-12-16T18:34:45.481+0000] {logging_mixin.py:190} INFO - [2025-12-16T18:34:45.481+0000] {dag.py:4180} INFO - Setting next_dagrun for example_weekday_branch_operator to 2025-12-15 00:00:00+00:00, run_after=2025-12-16 00:00:00+00:00
[2025-12-16T18:34:45.504+0000] {processor.py:208} INFO - Processing /home/airflow/.local/lib/python3.12/site-packages/airflow/example_dags/example_branch_day_of_week_operator.py took 0.108 seconds
[2025-12-16T18:35:15.643+0000] {processor.py:186} INFO - Started process (PID=3423) to work on /home/airflow/.local/lib/python3.12/site-packages/airflow/example_dags/example_branch_day_of_week_operator.py
[2025-12-16T18:35:15.645+0000] {processor.py:914} INFO - Processing file /home/airflow/.local/lib/python3.12/site-packages/airflow/example_dags/example_branch_day_of_week_operator.py for tasks to queue
[2025-12-16T18:35:15.647+0000] {logging_mixin.py:190} INFO - [2025-12-16T18:35:15.647+0000] {dagbag.py:588} INFO - Filling up the DagBag from /home/airflow/.local/lib/python3.12/site-packages/airflow/example_dags/example_branch_day_of_week_operator.py
[2025-12-16T18:35:15.662+0000] {processor.py:925} INFO - DAG(s) 'example_weekday_branch_operator' retrieved from /home/airflow/.local/lib/python3.12/site-packages/airflow/example_dags/example_branch_day_of_week_operator.py
[2025-12-16T18:35:15.689+0000] {logging_mixin.py:190} INFO - [2025-12-16T18:35:15.688+0000] {dag.py:3239} INFO - Sync 1 DAGs
[2025-12-16T18:35:15.725+0000] {logging_mixin.py:190} INFO - [2025-12-16T18:35:15.725+0000] {dag.py:4180} INFO - Setting next_dagrun for example_weekday_branch_operator to 2025-12-15 00:00:00+00:00, run_after=2025-12-16 00:00:00+00:00
[2025-12-16T18:35:15.749+0000] {processor.py:208} INFO - Processing /home/airflow/.local/lib/python3.12/site-packages/airflow/example_dags/example_branch_day_of_week_operator.py took 0.115 seconds
[2025-12-16T18:35:46.444+0000] {processor.py:186} INFO - Started process (PID=3714) to work on /home/airflow/.local/lib/python3.12/site-packages/airflow/example_dags/example_branch_day_of_week_operator.py
[2025-12-16T18:35:46.445+0000] {processor.py:914} INFO - Processing file /home/airflow/.local/lib/python3.12/site-packages/airflow/example_dags/example_branch_day_of_week_operator.py for tasks to queue
[2025-12-16T18:35:46.448+0000] {logging_mixin.py:190} INFO - [2025-12-16T18:35:46.447+0000] {dagbag.py:588} INFO - Filling up the DagBag from /home/airflow/.local/lib/python3.12/site-packages/airflow/example_dags/example_branch_day_of_week_operator.py
[2025-12-16T18:35:46.461+0000] {processor.py:925} INFO - DAG(s) 'example_weekday_branch_operator' retrieved from /home/airflow/.local/lib/python3.12/site-packages/airflow/example_dags/example_branch_day_of_week_operator.py
[2025-12-16T18:35:46.485+0000] {logging_mixin.py:190} INFO - [2025-12-16T18:35:46.485+0000] {dag.py:3239} INFO - Sync 1 DAGs
[2025-12-16T18:35:46.516+0000] {logging_mixin.py:190} INFO - [2025-12-16T18:35:46.516+0000] {dag.py:4180} INFO - Setting next_dagrun for example_weekday_branch_operator to 2025-12-15 00:00:00+00:00, run_after=2025-12-16 00:00:00+00:00
[2025-12-16T18:35:46.540+0000] {processor.py:208} INFO - Processing /home/airflow/.local/lib/python3.12/site-packages/airflow/example_dags/example_branch_day_of_week_operator.py took 0.104 seconds
[2025-12-16T18:36:16.801+0000] {processor.py:186} INFO - Started process (PID=4005) to work on /home/airflow/.local/lib/python3.12/site-packages/airflow/example_dags/example_branch_day_of_week_operator.py
[2025-12-16T18:36:16.802+0000] {processor.py:914} INFO - Processing file /home/airflow/.local/lib/python3.12/site-packages/airflow/example_dags/example_branch_day_of_week_operator.py for tasks to queue
[2025-12-16T18:36:16.805+0000] {logging_mixin.py:190} INFO - [2025-12-16T18:36:16.804+0000] {dagbag.py:588} INFO - Filling up the DagBag from /home/airflow/.local/lib/python3.12/site-packages/airflow/example_dags/example_branch_day_of_week_operator.py
[2025-12-16T18:36:16.817+0000] {processor.py:925} INFO - DAG(s) 'example_weekday_branch_operator' retrieved from /home/airflow/.local/lib/python3.12/site-packages/airflow/example_dags/example_branch_day_of_week_operator.py
[2025-12-16T18:36:16.841+0000] {logging_mixin.py:190} INFO - [2025-12-16T18:36:16.841+0000] {dag.py:3239} INFO - Sync 1 DAGs
[2025-12-16T18:36:16.871+0000] {logging_mixin.py:190} INFO - [2025-12-16T18:36:16.871+0000] {dag.py:4180} INFO - Setting next_dagrun for example_weekday_branch_operator to 2025-12-15 00:00:00+00:00, run_after=2025-12-16 00:00:00+00:00
[2025-12-16T18:36:16.892+0000] {processor.py:208} INFO - Processing /home/airflow/.local/lib/python3.12/site-packages/airflow/example_dags/example_branch_day_of_week_operator.py took 0.100 seconds
[2025-12-16T18:36:47.854+0000] {processor.py:186} INFO - Started process (PID=4296) to work on /home/airflow/.local/lib/python3.12/site-packages/airflow/example_dags/example_branch_day_of_week_operator.py
[2025-12-16T18:36:47.856+0000] {processor.py:914} INFO - Processing file /home/airflow/.local/lib/python3.12/site-packages/airflow/example_dags/example_branch_day_of_week_operator.py for tasks to queue
[2025-12-16T18:36:47.858+0000] {logging_mixin.py:190} INFO - [2025-12-16T18:36:47.858+0000] {dagbag.py:588} INFO - Filling up the DagBag from /home/airflow/.local/lib/python3.12/site-packages/airflow/example_dags/example_branch_day_of_week_operator.py
[2025-12-16T18:36:47.870+0000] {processor.py:925} INFO - DAG(s) 'example_weekday_branch_operator' retrieved from /home/airflow/.local/lib/python3.12/site-packages/airflow/example_dags/example_branch_day_of_week_operator.py
[2025-12-16T18:36:47.897+0000] {logging_mixin.py:190} INFO - [2025-12-16T18:36:47.896+0000] {dag.py:3239} INFO - Sync 1 DAGs
[2025-12-16T18:36:47.929+0000] {logging_mixin.py:190} INFO - [2025-12-16T18:36:47.929+0000] {dag.py:4180} INFO - Setting next_dagrun for example_weekday_branch_operator to 2025-12-15 00:00:00+00:00, run_after=2025-12-16 00:00:00+00:00
[2025-12-16T18:36:47.951+0000] {processor.py:208} INFO - Processing /home/airflow/.local/lib/python3.12/site-packages/airflow/example_dags/example_branch_day_of_week_operator.py took 0.104 seconds
[2025-12-16T18:37:18.053+0000] {processor.py:186} INFO - Started process (PID=4587) to work on /home/airflow/.local/lib/python3.12/site-packages/airflow/example_dags/example_branch_day_of_week_operator.py
[2025-12-16T18:37:18.054+0000] {processor.py:914} INFO - Processing file /home/airflow/.local/lib/python3.12/site-packages/airflow/example_dags/example_branch_day_of_week_operator.py for tasks to queue
[2025-12-16T18:37:18.057+0000] {logging_mixin.py:190} INFO - [2025-12-16T18:37:18.057+0000] {dagbag.py:588} INFO - Filling up the DagBag from /home/airflow/.local/lib/python3.12/site-packages/airflow/example_dags/example_branch_day_of_week_operator.py
[2025-12-16T18:37:18.070+0000] {processor.py:925} INFO - DAG(s) 'example_weekday_branch_operator' retrieved from /home/airflow/.local/lib/python3.12/site-packages/airflow/example_dags/example_branch_day_of_week_operator.py
[2025-12-16T18:37:18.096+0000] {logging_mixin.py:190} INFO - [2025-12-16T18:37:18.095+0000] {dag.py:3239} INFO - Sync 1 DAGs
[2025-12-16T18:37:18.126+0000] {logging_mixin.py:190} INFO - [2025-12-16T18:37:18.126+0000] {dag.py:4180} INFO - Setting next_dagrun for example_weekday_branch_operator to 2025-12-15 00:00:00+00:00, run_after=2025-12-16 00:00:00+00:00
[2025-12-16T18:37:18.148+0000] {processor.py:208} INFO - Processing /home/airflow/.local/lib/python3.12/site-packages/airflow/example_dags/example_branch_day_of_week_operator.py took 0.103 seconds
[2025-12-16T18:37:49.058+0000] {processor.py:186} INFO - Started process (PID=4878) to work on /home/airflow/.local/lib/python3.12/site-packages/airflow/example_dags/example_branch_day_of_week_operator.py
[2025-12-16T18:37:49.059+0000] {processor.py:914} INFO - Processing file /home/airflow/.local/lib/python3.12/site-packages/airflow/example_dags/example_branch_day_of_week_operator.py for tasks to queue
[2025-12-16T18:37:49.062+0000] {logging_mixin.py:190} INFO - [2025-12-16T18:37:49.061+0000] {dagbag.py:588} INFO - Filling up the DagBag from /home/airflow/.local/lib/python3.12/site-packages/airflow/example_dags/example_branch_day_of_week_operator.py
[2025-12-16T18:37:49.075+0000] {processor.py:925} INFO - DAG(s) 'example_weekday_branch_operator' retrieved from /home/airflow/.local/lib/python3.12/site-packages/airflow/example_dags/example_branch_day_of_week_operator.py
[2025-12-16T18:37:49.100+0000] {logging_mixin.py:190} INFO - [2025-12-16T18:37:49.100+0000] {dag.py:3239} INFO - Sync 1 DAGs
[2025-12-16T18:37:49.131+0000] {logging_mixin.py:190} INFO - [2025-12-16T18:37:49.130+0000] {dag.py:4180} INFO - Setting next_dagrun for example_weekday_branch_operator to 2025-12-15 00:00:00+00:00, run_after=2025-12-16 00:00:00+00:00
[2025-12-16T18:37:49.155+0000] {processor.py:208} INFO - Processing /home/airflow/.local/lib/python3.12/site-packages/airflow/example_dags/example_branch_day_of_week_operator.py took 0.106 seconds
[2025-12-16T18:38:19.839+0000] {processor.py:186} INFO - Started process (PID=5169) to work on /home/airflow/.local/lib/python3.12/site-packages/airflow/example_dags/example_branch_day_of_week_operator.py
[2025-12-16T18:38:19.840+0000] {processor.py:914} INFO - Processing file /home/airflow/.local/lib/python3.12/site-packages/airflow/example_dags/example_branch_day_of_week_operator.py for tasks to queue
[2025-12-16T18:38:19.843+0000] {logging_mixin.py:190} INFO - [2025-12-16T18:38:19.842+0000] {dagbag.py:588} INFO - Filling up the DagBag from /home/airflow/.local/lib/python3.12/site-packages/airflow/example_dags/example_branch_day_of_week_operator.py
[2025-12-16T18:38:19.856+0000] {processor.py:925} INFO - DAG(s) 'example_weekday_branch_operator' retrieved from /home/airflow/.local/lib/python3.12/site-packages/airflow/example_dags/example_branch_day_of_week_operator.py
[2025-12-16T18:38:19.880+0000] {logging_mixin.py:190} INFO - [2025-12-16T18:38:19.880+0000] {dag.py:3239} INFO - Sync 1 DAGs
[2025-12-16T18:38:19.910+0000] {logging_mixin.py:190} INFO - [2025-12-16T18:38:19.910+0000] {dag.py:4180} INFO - Setting next_dagrun for example_weekday_branch_operator to 2025-12-15 00:00:00+00:00, run_after=2025-12-16 00:00:00+00:00
[2025-12-16T18:38:19.930+0000] {processor.py:208} INFO - Processing /home/airflow/.local/lib/python3.12/site-packages/airflow/example_dags/example_branch_day_of_week_operator.py took 0.100 seconds
[2025-12-16T18:38:50.559+0000] {processor.py:186} INFO - Started process (PID=5460) to work on /home/airflow/.local/lib/python3.12/site-packages/airflow/example_dags/example_branch_day_of_week_operator.py
[2025-12-16T18:38:50.560+0000] {processor.py:914} INFO - Processing file /home/airflow/.local/lib/python3.12/site-packages/airflow/example_dags/example_branch_day_of_week_operator.py for tasks to queue
[2025-12-16T18:38:50.563+0000] {logging_mixin.py:190} INFO - [2025-12-16T18:38:50.563+0000] {dagbag.py:588} INFO - Filling up the DagBag from /home/airflow/.local/lib/python3.12/site-packages/airflow/example_dags/example_branch_day_of_week_operator.py
[2025-12-16T18:38:50.575+0000] {processor.py:925} INFO - DAG(s) 'example_weekday_branch_operator' retrieved from /home/airflow/.local/lib/python3.12/site-packages/airflow/example_dags/example_branch_day_of_week_operator.py
[2025-12-16T18:38:50.598+0000] {logging_mixin.py:190} INFO - [2025-12-16T18:38:50.598+0000] {dag.py:3239} INFO - Sync 1 DAGs
[2025-12-16T18:38:50.630+0000] {logging_mixin.py:190} INFO - [2025-12-16T18:38:50.629+0000] {dag.py:4180} INFO - Setting next_dagrun for example_weekday_branch_operator to 2025-12-15 00:00:00+00:00, run_after=2025-12-16 00:00:00+00:00
[2025-12-16T18:38:50.654+0000] {processor.py:208} INFO - Processing /home/airflow/.local/lib/python3.12/site-packages/airflow/example_dags/example_branch_day_of_week_operator.py took 0.102 seconds
[2025-12-16T18:39:21.374+0000] {processor.py:186} INFO - Started process (PID=5751) to work on /home/airflow/.local/lib/python3.12/site-packages/airflow/example_dags/example_branch_day_of_week_operator.py
[2025-12-16T18:39:21.375+0000] {processor.py:914} INFO - Processing file /home/airflow/.local/lib/python3.12/site-packages/airflow/example_dags/example_branch_day_of_week_operator.py for tasks to queue
[2025-12-16T18:39:21.378+0000] {logging_mixin.py:190} INFO - [2025-12-16T18:39:21.378+0000] {dagbag.py:588} INFO - Filling up the DagBag from /home/airflow/.local/lib/python3.12/site-packages/airflow/example_dags/example_branch_day_of_week_operator.py
[2025-12-16T18:39:21.392+0000] {processor.py:925} INFO - DAG(s) 'example_weekday_branch_operator' retrieved from /home/airflow/.local/lib/python3.12/site-packages/airflow/example_dags/example_branch_day_of_week_operator.py
[2025-12-16T18:39:21.418+0000] {logging_mixin.py:190} INFO - [2025-12-16T18:39:21.418+0000] {dag.py:3239} INFO - Sync 1 DAGs
[2025-12-16T18:39:21.451+0000] {logging_mixin.py:190} INFO - [2025-12-16T18:39:21.451+0000] {dag.py:4180} INFO - Setting next_dagrun for example_weekday_branch_operator to 2025-12-15 00:00:00+00:00, run_after=2025-12-16 00:00:00+00:00
[2025-12-16T18:39:21.472+0000] {processor.py:208} INFO - Processing /home/airflow/.local/lib/python3.12/site-packages/airflow/example_dags/example_branch_day_of_week_operator.py took 0.107 seconds
[2025-12-16T18:39:51.676+0000] {processor.py:186} INFO - Started process (PID=6042) to work on /home/airflow/.local/lib/python3.12/site-packages/airflow/example_dags/example_branch_day_of_week_operator.py
[2025-12-16T18:39:51.678+0000] {processor.py:914} INFO - Processing file /home/airflow/.local/lib/python3.12/site-packages/airflow/example_dags/example_branch_day_of_week_operator.py for tasks to queue
[2025-12-16T18:39:51.680+0000] {logging_mixin.py:190} INFO - [2025-12-16T18:39:51.680+0000] {dagbag.py:588} INFO - Filling up the DagBag from /home/airflow/.local/lib/python3.12/site-packages/airflow/example_dags/example_branch_day_of_week_operator.py
[2025-12-16T18:39:51.693+0000] {processor.py:925} INFO - DAG(s) 'example_weekday_branch_operator' retrieved from /home/airflow/.local/lib/python3.12/site-packages/airflow/example_dags/example_branch_day_of_week_operator.py
[2025-12-16T18:39:51.716+0000] {logging_mixin.py:190} INFO - [2025-12-16T18:39:51.715+0000] {dag.py:3239} INFO - Sync 1 DAGs
[2025-12-16T18:39:51.745+0000] {logging_mixin.py:190} INFO - [2025-12-16T18:39:51.745+0000] {dag.py:4180} INFO - Setting next_dagrun for example_weekday_branch_operator to 2025-12-15 00:00:00+00:00, run_after=2025-12-16 00:00:00+00:00
[2025-12-16T18:39:51.764+0000] {processor.py:208} INFO - Processing /home/airflow/.local/lib/python3.12/site-packages/airflow/example_dags/example_branch_day_of_week_operator.py took 0.095 seconds
[2025-12-16T18:40:22.029+0000] {processor.py:186} INFO - Started process (PID=6333) to work on /home/airflow/.local/lib/python3.12/site-packages/airflow/example_dags/example_branch_day_of_week_operator.py
[2025-12-16T18:40:22.030+0000] {processor.py:914} INFO - Processing file /home/airflow/.local/lib/python3.12/site-packages/airflow/example_dags/example_branch_day_of_week_operator.py for tasks to queue
[2025-12-16T18:40:22.033+0000] {logging_mixin.py:190} INFO - [2025-12-16T18:40:22.033+0000] {dagbag.py:588} INFO - Filling up the DagBag from /home/airflow/.local/lib/python3.12/site-packages/airflow/example_dags/example_branch_day_of_week_operator.py
[2025-12-16T18:40:22.046+0000] {processor.py:925} INFO - DAG(s) 'example_weekday_branch_operator' retrieved from /home/airflow/.local/lib/python3.12/site-packages/airflow/example_dags/example_branch_day_of_week_operator.py
[2025-12-16T18:40:22.074+0000] {logging_mixin.py:190} INFO - [2025-12-16T18:40:22.074+0000] {dag.py:3239} INFO - Sync 1 DAGs
[2025-12-16T18:40:22.107+0000] {logging_mixin.py:190} INFO - [2025-12-16T18:40:22.107+0000] {dag.py:4180} INFO - Setting next_dagrun for example_weekday_branch_operator to 2025-12-15 00:00:00+00:00, run_after=2025-12-16 00:00:00+00:00
[2025-12-16T18:40:22.130+0000] {processor.py:208} INFO - Processing /home/airflow/.local/lib/python3.12/site-packages/airflow/example_dags/example_branch_day_of_week_operator.py took 0.110 seconds
