[2025-12-16T18:26:40.603+0000] {processor.py:186} INFO - Started process (PID=256) to work on /home/airflow/.local/lib/python3.12/site-packages/airflow/example_dags/example_dataset_alias_with_no_taskflow.py
[2025-12-16T18:26:40.604+0000] {processor.py:914} INFO - Processing file /home/airflow/.local/lib/python3.12/site-packages/airflow/example_dags/example_dataset_alias_with_no_taskflow.py for tasks to queue
[2025-12-16T18:26:40.607+0000] {logging_mixin.py:190} INFO - [2025-12-16T18:26:40.607+0000] {dagbag.py:588} INFO - Filling up the DagBag from /home/airflow/.local/lib/python3.12/site-packages/airflow/example_dags/example_dataset_alias_with_no_taskflow.py
[2025-12-16T18:26:42.917+0000] {processor.py:925} INFO - DAG(s) 'dataset_alias_example_alias_producer_with_no_taskflow', 'dataset_s3_bucket_consumer_with_no_taskflow', 'dataset_alias_example_alias_consumer_with_no_taskflow', 'dataset_s3_bucket_producer_with_no_taskflow' retrieved from /home/airflow/.local/lib/python3.12/site-packages/airflow/example_dags/example_dataset_alias_with_no_taskflow.py
[2025-12-16T18:26:43.052+0000] {logging_mixin.py:190} INFO - [2025-12-16T18:26:43.050+0000] {override.py:1911} INFO - Created Permission View: can read on DAG:dataset_alias_example_alias_producer_with_no_taskflow
[2025-12-16T18:26:43.064+0000] {logging_mixin.py:190} INFO - [2025-12-16T18:26:43.064+0000] {override.py:1911} INFO - Created Permission View: can delete on DAG:dataset_alias_example_alias_producer_with_no_taskflow
[2025-12-16T18:26:43.072+0000] {logging_mixin.py:190} INFO - [2025-12-16T18:26:43.071+0000] {override.py:1911} INFO - Created Permission View: can edit on DAG:dataset_alias_example_alias_producer_with_no_taskflow
[2025-12-16T18:26:43.080+0000] {logging_mixin.py:190} INFO - [2025-12-16T18:26:43.080+0000] {override.py:1911} INFO - Created Permission View: can read on DAG Run:dataset_alias_example_alias_producer_with_no_taskflow
[2025-12-16T18:26:43.089+0000] {logging_mixin.py:190} INFO - [2025-12-16T18:26:43.088+0000] {override.py:1911} INFO - Created Permission View: can create on DAG Run:dataset_alias_example_alias_producer_with_no_taskflow
[2025-12-16T18:26:43.097+0000] {logging_mixin.py:190} INFO - [2025-12-16T18:26:43.097+0000] {override.py:1911} INFO - Created Permission View: menu access on DAG Run:dataset_alias_example_alias_producer_with_no_taskflow
[2025-12-16T18:26:43.106+0000] {logging_mixin.py:190} INFO - [2025-12-16T18:26:43.105+0000] {override.py:1911} INFO - Created Permission View: can delete on DAG Run:dataset_alias_example_alias_producer_with_no_taskflow
[2025-12-16T18:26:43.123+0000] {logging_mixin.py:190} INFO - [2025-12-16T18:26:43.122+0000] {override.py:1911} INFO - Created Permission View: can read on DAG:dataset_s3_bucket_consumer_with_no_taskflow
[2025-12-16T18:26:43.131+0000] {logging_mixin.py:190} INFO - [2025-12-16T18:26:43.131+0000] {override.py:1911} INFO - Created Permission View: can delete on DAG:dataset_s3_bucket_consumer_with_no_taskflow
[2025-12-16T18:26:43.139+0000] {logging_mixin.py:190} INFO - [2025-12-16T18:26:43.139+0000] {override.py:1911} INFO - Created Permission View: can edit on DAG:dataset_s3_bucket_consumer_with_no_taskflow
[2025-12-16T18:26:43.148+0000] {logging_mixin.py:190} INFO - [2025-12-16T18:26:43.147+0000] {override.py:1911} INFO - Created Permission View: can read on DAG Run:dataset_s3_bucket_consumer_with_no_taskflow
[2025-12-16T18:26:43.155+0000] {logging_mixin.py:190} INFO - [2025-12-16T18:26:43.155+0000] {override.py:1911} INFO - Created Permission View: can create on DAG Run:dataset_s3_bucket_consumer_with_no_taskflow
[2025-12-16T18:26:43.162+0000] {logging_mixin.py:190} INFO - [2025-12-16T18:26:43.162+0000] {override.py:1911} INFO - Created Permission View: menu access on DAG Run:dataset_s3_bucket_consumer_with_no_taskflow
[2025-12-16T18:26:43.170+0000] {logging_mixin.py:190} INFO - [2025-12-16T18:26:43.170+0000] {override.py:1911} INFO - Created Permission View: can delete on DAG Run:dataset_s3_bucket_consumer_with_no_taskflow
[2025-12-16T18:26:43.185+0000] {logging_mixin.py:190} INFO - [2025-12-16T18:26:43.184+0000] {override.py:1911} INFO - Created Permission View: can read on DAG:dataset_alias_example_alias_consumer_with_no_taskflow
[2025-12-16T18:26:43.192+0000] {logging_mixin.py:190} INFO - [2025-12-16T18:26:43.192+0000] {override.py:1911} INFO - Created Permission View: can delete on DAG:dataset_alias_example_alias_consumer_with_no_taskflow
[2025-12-16T18:26:43.200+0000] {logging_mixin.py:190} INFO - [2025-12-16T18:26:43.199+0000] {override.py:1911} INFO - Created Permission View: can edit on DAG:dataset_alias_example_alias_consumer_with_no_taskflow
[2025-12-16T18:26:43.209+0000] {logging_mixin.py:190} INFO - [2025-12-16T18:26:43.209+0000] {override.py:1911} INFO - Created Permission View: can read on DAG Run:dataset_alias_example_alias_consumer_with_no_taskflow
[2025-12-16T18:26:43.217+0000] {logging_mixin.py:190} INFO - [2025-12-16T18:26:43.217+0000] {override.py:1911} INFO - Created Permission View: can create on DAG Run:dataset_alias_example_alias_consumer_with_no_taskflow
[2025-12-16T18:26:43.225+0000] {logging_mixin.py:190} INFO - [2025-12-16T18:26:43.225+0000] {override.py:1911} INFO - Created Permission View: menu access on DAG Run:dataset_alias_example_alias_consumer_with_no_taskflow
[2025-12-16T18:26:43.234+0000] {logging_mixin.py:190} INFO - [2025-12-16T18:26:43.233+0000] {override.py:1911} INFO - Created Permission View: can delete on DAG Run:dataset_alias_example_alias_consumer_with_no_taskflow
[2025-12-16T18:26:43.249+0000] {logging_mixin.py:190} INFO - [2025-12-16T18:26:43.249+0000] {override.py:1911} INFO - Created Permission View: can read on DAG:dataset_s3_bucket_producer_with_no_taskflow
[2025-12-16T18:26:43.257+0000] {logging_mixin.py:190} INFO - [2025-12-16T18:26:43.257+0000] {override.py:1911} INFO - Created Permission View: can delete on DAG:dataset_s3_bucket_producer_with_no_taskflow
[2025-12-16T18:26:43.265+0000] {logging_mixin.py:190} INFO - [2025-12-16T18:26:43.264+0000] {override.py:1911} INFO - Created Permission View: can edit on DAG:dataset_s3_bucket_producer_with_no_taskflow
[2025-12-16T18:26:43.273+0000] {logging_mixin.py:190} INFO - [2025-12-16T18:26:43.273+0000] {override.py:1911} INFO - Created Permission View: can read on DAG Run:dataset_s3_bucket_producer_with_no_taskflow
[2025-12-16T18:26:43.282+0000] {logging_mixin.py:190} INFO - [2025-12-16T18:26:43.281+0000] {override.py:1911} INFO - Created Permission View: can create on DAG Run:dataset_s3_bucket_producer_with_no_taskflow
[2025-12-16T18:26:43.290+0000] {logging_mixin.py:190} INFO - [2025-12-16T18:26:43.290+0000] {override.py:1911} INFO - Created Permission View: menu access on DAG Run:dataset_s3_bucket_producer_with_no_taskflow
[2025-12-16T18:26:43.298+0000] {logging_mixin.py:190} INFO - [2025-12-16T18:26:43.298+0000] {override.py:1911} INFO - Created Permission View: can delete on DAG Run:dataset_s3_bucket_producer_with_no_taskflow
[2025-12-16T18:26:43.299+0000] {logging_mixin.py:190} INFO - [2025-12-16T18:26:43.298+0000] {dag.py:3239} INFO - Sync 4 DAGs
[2025-12-16T18:26:43.314+0000] {logging_mixin.py:190} INFO - [2025-12-16T18:26:43.313+0000] {dag.py:3262} INFO - Creating ORM DAG for dataset_s3_bucket_consumer_with_no_taskflow
[2025-12-16T18:26:43.315+0000] {logging_mixin.py:190} INFO - [2025-12-16T18:26:43.315+0000] {dag.py:3262} INFO - Creating ORM DAG for dataset_alias_example_alias_producer_with_no_taskflow
[2025-12-16T18:26:43.315+0000] {logging_mixin.py:190} INFO - [2025-12-16T18:26:43.315+0000] {dag.py:3262} INFO - Creating ORM DAG for dataset_alias_example_alias_consumer_with_no_taskflow
[2025-12-16T18:26:43.316+0000] {logging_mixin.py:190} INFO - [2025-12-16T18:26:43.316+0000] {dag.py:3262} INFO - Creating ORM DAG for dataset_s3_bucket_producer_with_no_taskflow
[2025-12-16T18:26:43.329+0000] {logging_mixin.py:190} INFO - [2025-12-16T18:26:43.328+0000] {dag.py:4180} INFO - Setting next_dagrun for dataset_alias_example_alias_consumer_with_no_taskflow to None, run_after=None
[2025-12-16T18:26:43.329+0000] {logging_mixin.py:190} INFO - [2025-12-16T18:26:43.329+0000] {dag.py:4180} INFO - Setting next_dagrun for dataset_alias_example_alias_producer_with_no_taskflow to None, run_after=None
[2025-12-16T18:26:43.330+0000] {logging_mixin.py:190} INFO - [2025-12-16T18:26:43.330+0000] {dag.py:4180} INFO - Setting next_dagrun for dataset_s3_bucket_consumer_with_no_taskflow to None, run_after=None
[2025-12-16T18:26:43.331+0000] {logging_mixin.py:190} INFO - [2025-12-16T18:26:43.331+0000] {dag.py:4180} INFO - Setting next_dagrun for dataset_s3_bucket_producer_with_no_taskflow to None, run_after=None
[2025-12-16T18:26:43.366+0000] {processor.py:208} INFO - Processing /home/airflow/.local/lib/python3.12/site-packages/airflow/example_dags/example_dataset_alias_with_no_taskflow.py took 2.771 seconds
[2025-12-16T18:27:13.570+0000] {processor.py:186} INFO - Started process (PID=547) to work on /home/airflow/.local/lib/python3.12/site-packages/airflow/example_dags/example_dataset_alias_with_no_taskflow.py
[2025-12-16T18:27:13.571+0000] {processor.py:914} INFO - Processing file /home/airflow/.local/lib/python3.12/site-packages/airflow/example_dags/example_dataset_alias_with_no_taskflow.py for tasks to queue
[2025-12-16T18:27:13.574+0000] {logging_mixin.py:190} INFO - [2025-12-16T18:27:13.573+0000] {dagbag.py:588} INFO - Filling up the DagBag from /home/airflow/.local/lib/python3.12/site-packages/airflow/example_dags/example_dataset_alias_with_no_taskflow.py
[2025-12-16T18:27:14.307+0000] {processor.py:925} INFO - DAG(s) 'dataset_alias_example_alias_producer_with_no_taskflow', 'dataset_s3_bucket_consumer_with_no_taskflow', 'dataset_s3_bucket_producer_with_no_taskflow', 'dataset_alias_example_alias_consumer_with_no_taskflow' retrieved from /home/airflow/.local/lib/python3.12/site-packages/airflow/example_dags/example_dataset_alias_with_no_taskflow.py
[2025-12-16T18:27:14.332+0000] {logging_mixin.py:190} INFO - [2025-12-16T18:27:14.331+0000] {dag.py:3239} INFO - Sync 4 DAGs
[2025-12-16T18:27:14.360+0000] {logging_mixin.py:190} INFO - [2025-12-16T18:27:14.360+0000] {dag.py:4180} INFO - Setting next_dagrun for dataset_alias_example_alias_consumer_with_no_taskflow to None, run_after=None
[2025-12-16T18:27:14.364+0000] {logging_mixin.py:190} INFO - [2025-12-16T18:27:14.364+0000] {dag.py:4180} INFO - Setting next_dagrun for dataset_alias_example_alias_producer_with_no_taskflow to None, run_after=None
[2025-12-16T18:27:14.366+0000] {logging_mixin.py:190} INFO - [2025-12-16T18:27:14.365+0000] {dag.py:4180} INFO - Setting next_dagrun for dataset_s3_bucket_consumer_with_no_taskflow to None, run_after=None
[2025-12-16T18:27:14.367+0000] {logging_mixin.py:190} INFO - [2025-12-16T18:27:14.367+0000] {dag.py:4180} INFO - Setting next_dagrun for dataset_s3_bucket_producer_with_no_taskflow to None, run_after=None
[2025-12-16T18:27:14.391+0000] {processor.py:208} INFO - Processing /home/airflow/.local/lib/python3.12/site-packages/airflow/example_dags/example_dataset_alias_with_no_taskflow.py took 0.828 seconds
[2025-12-16T18:27:45.128+0000] {processor.py:186} INFO - Started process (PID=844) to work on /home/airflow/.local/lib/python3.12/site-packages/airflow/example_dags/example_dataset_alias_with_no_taskflow.py
[2025-12-16T18:27:45.129+0000] {processor.py:914} INFO - Processing file /home/airflow/.local/lib/python3.12/site-packages/airflow/example_dags/example_dataset_alias_with_no_taskflow.py for tasks to queue
[2025-12-16T18:27:45.132+0000] {logging_mixin.py:190} INFO - [2025-12-16T18:27:45.132+0000] {dagbag.py:588} INFO - Filling up the DagBag from /home/airflow/.local/lib/python3.12/site-packages/airflow/example_dags/example_dataset_alias_with_no_taskflow.py
[2025-12-16T18:27:46.026+0000] {processor.py:925} INFO - DAG(s) 'dataset_alias_example_alias_producer_with_no_taskflow', 'dataset_s3_bucket_producer_with_no_taskflow', 'dataset_s3_bucket_consumer_with_no_taskflow', 'dataset_alias_example_alias_consumer_with_no_taskflow' retrieved from /home/airflow/.local/lib/python3.12/site-packages/airflow/example_dags/example_dataset_alias_with_no_taskflow.py
[2025-12-16T18:27:46.054+0000] {logging_mixin.py:190} INFO - [2025-12-16T18:27:46.053+0000] {dag.py:3239} INFO - Sync 4 DAGs
[2025-12-16T18:27:46.087+0000] {logging_mixin.py:190} INFO - [2025-12-16T18:27:46.087+0000] {dag.py:4180} INFO - Setting next_dagrun for dataset_alias_example_alias_consumer_with_no_taskflow to None, run_after=None
[2025-12-16T18:27:46.091+0000] {logging_mixin.py:190} INFO - [2025-12-16T18:27:46.091+0000] {dag.py:4180} INFO - Setting next_dagrun for dataset_alias_example_alias_producer_with_no_taskflow to None, run_after=None
[2025-12-16T18:27:46.093+0000] {logging_mixin.py:190} INFO - [2025-12-16T18:27:46.093+0000] {dag.py:4180} INFO - Setting next_dagrun for dataset_s3_bucket_consumer_with_no_taskflow to None, run_after=None
[2025-12-16T18:27:46.094+0000] {logging_mixin.py:190} INFO - [2025-12-16T18:27:46.094+0000] {dag.py:4180} INFO - Setting next_dagrun for dataset_s3_bucket_producer_with_no_taskflow to None, run_after=None
[2025-12-16T18:27:46.125+0000] {processor.py:208} INFO - Processing /home/airflow/.local/lib/python3.12/site-packages/airflow/example_dags/example_dataset_alias_with_no_taskflow.py took 1.007 seconds
[2025-12-16T18:29:38.296+0000] {processor.py:186} INFO - Started process (PID=256) to work on /home/airflow/.local/lib/python3.12/site-packages/airflow/example_dags/example_dataset_alias_with_no_taskflow.py
[2025-12-16T18:29:38.297+0000] {processor.py:914} INFO - Processing file /home/airflow/.local/lib/python3.12/site-packages/airflow/example_dags/example_dataset_alias_with_no_taskflow.py for tasks to queue
[2025-12-16T18:29:38.300+0000] {logging_mixin.py:190} INFO - [2025-12-16T18:29:38.299+0000] {dagbag.py:588} INFO - Filling up the DagBag from /home/airflow/.local/lib/python3.12/site-packages/airflow/example_dags/example_dataset_alias_with_no_taskflow.py
[2025-12-16T18:29:40.292+0000] {processor.py:925} INFO - DAG(s) 'dataset_s3_bucket_producer_with_no_taskflow', 'dataset_alias_example_alias_producer_with_no_taskflow', 'dataset_alias_example_alias_consumer_with_no_taskflow', 'dataset_s3_bucket_consumer_with_no_taskflow' retrieved from /home/airflow/.local/lib/python3.12/site-packages/airflow/example_dags/example_dataset_alias_with_no_taskflow.py
[2025-12-16T18:29:40.321+0000] {logging_mixin.py:190} INFO - [2025-12-16T18:29:40.320+0000] {dag.py:3239} INFO - Sync 4 DAGs
[2025-12-16T18:29:40.351+0000] {logging_mixin.py:190} INFO - [2025-12-16T18:29:40.350+0000] {dag.py:4180} INFO - Setting next_dagrun for dataset_alias_example_alias_consumer_with_no_taskflow to None, run_after=None
[2025-12-16T18:29:40.353+0000] {logging_mixin.py:190} INFO - [2025-12-16T18:29:40.353+0000] {dag.py:4180} INFO - Setting next_dagrun for dataset_alias_example_alias_producer_with_no_taskflow to None, run_after=None
[2025-12-16T18:29:40.355+0000] {logging_mixin.py:190} INFO - [2025-12-16T18:29:40.355+0000] {dag.py:4180} INFO - Setting next_dagrun for dataset_s3_bucket_consumer_with_no_taskflow to None, run_after=None
[2025-12-16T18:29:40.356+0000] {logging_mixin.py:190} INFO - [2025-12-16T18:29:40.356+0000] {dag.py:4180} INFO - Setting next_dagrun for dataset_s3_bucket_producer_with_no_taskflow to None, run_after=None
[2025-12-16T18:29:40.381+0000] {processor.py:208} INFO - Processing /home/airflow/.local/lib/python3.12/site-packages/airflow/example_dags/example_dataset_alias_with_no_taskflow.py took 2.094 seconds
[2025-12-16T18:30:10.829+0000] {processor.py:186} INFO - Started process (PID=547) to work on /home/airflow/.local/lib/python3.12/site-packages/airflow/example_dags/example_dataset_alias_with_no_taskflow.py
[2025-12-16T18:30:10.830+0000] {processor.py:914} INFO - Processing file /home/airflow/.local/lib/python3.12/site-packages/airflow/example_dags/example_dataset_alias_with_no_taskflow.py for tasks to queue
[2025-12-16T18:30:10.832+0000] {logging_mixin.py:190} INFO - [2025-12-16T18:30:10.832+0000] {dagbag.py:588} INFO - Filling up the DagBag from /home/airflow/.local/lib/python3.12/site-packages/airflow/example_dags/example_dataset_alias_with_no_taskflow.py
[2025-12-16T18:30:11.612+0000] {processor.py:925} INFO - DAG(s) 'dataset_s3_bucket_producer_with_no_taskflow', 'dataset_s3_bucket_consumer_with_no_taskflow', 'dataset_alias_example_alias_consumer_with_no_taskflow', 'dataset_alias_example_alias_producer_with_no_taskflow' retrieved from /home/airflow/.local/lib/python3.12/site-packages/airflow/example_dags/example_dataset_alias_with_no_taskflow.py
[2025-12-16T18:30:11.636+0000] {logging_mixin.py:190} INFO - [2025-12-16T18:30:11.635+0000] {dag.py:3239} INFO - Sync 4 DAGs
[2025-12-16T18:30:11.665+0000] {logging_mixin.py:190} INFO - [2025-12-16T18:30:11.665+0000] {dag.py:4180} INFO - Setting next_dagrun for dataset_alias_example_alias_consumer_with_no_taskflow to None, run_after=None
[2025-12-16T18:30:11.668+0000] {logging_mixin.py:190} INFO - [2025-12-16T18:30:11.668+0000] {dag.py:4180} INFO - Setting next_dagrun for dataset_alias_example_alias_producer_with_no_taskflow to None, run_after=None
[2025-12-16T18:30:11.670+0000] {logging_mixin.py:190} INFO - [2025-12-16T18:30:11.669+0000] {dag.py:4180} INFO - Setting next_dagrun for dataset_s3_bucket_consumer_with_no_taskflow to None, run_after=None
[2025-12-16T18:30:11.671+0000] {logging_mixin.py:190} INFO - [2025-12-16T18:30:11.671+0000] {dag.py:4180} INFO - Setting next_dagrun for dataset_s3_bucket_producer_with_no_taskflow to None, run_after=None
[2025-12-16T18:30:11.693+0000] {processor.py:208} INFO - Processing /home/airflow/.local/lib/python3.12/site-packages/airflow/example_dags/example_dataset_alias_with_no_taskflow.py took 0.873 seconds
[2025-12-16T18:30:41.870+0000] {processor.py:186} INFO - Started process (PID=838) to work on /home/airflow/.local/lib/python3.12/site-packages/airflow/example_dags/example_dataset_alias_with_no_taskflow.py
[2025-12-16T18:30:41.872+0000] {processor.py:914} INFO - Processing file /home/airflow/.local/lib/python3.12/site-packages/airflow/example_dags/example_dataset_alias_with_no_taskflow.py for tasks to queue
[2025-12-16T18:30:41.877+0000] {logging_mixin.py:190} INFO - [2025-12-16T18:30:41.876+0000] {dagbag.py:588} INFO - Filling up the DagBag from /home/airflow/.local/lib/python3.12/site-packages/airflow/example_dags/example_dataset_alias_with_no_taskflow.py
[2025-12-16T18:30:42.702+0000] {processor.py:925} INFO - DAG(s) 'dataset_alias_example_alias_producer_with_no_taskflow', 'dataset_s3_bucket_consumer_with_no_taskflow', 'dataset_alias_example_alias_consumer_with_no_taskflow', 'dataset_s3_bucket_producer_with_no_taskflow' retrieved from /home/airflow/.local/lib/python3.12/site-packages/airflow/example_dags/example_dataset_alias_with_no_taskflow.py
[2025-12-16T18:30:42.733+0000] {logging_mixin.py:190} INFO - [2025-12-16T18:30:42.732+0000] {dag.py:3239} INFO - Sync 4 DAGs
[2025-12-16T18:30:42.771+0000] {logging_mixin.py:190} INFO - [2025-12-16T18:30:42.770+0000] {dag.py:4180} INFO - Setting next_dagrun for dataset_alias_example_alias_consumer_with_no_taskflow to None, run_after=None
[2025-12-16T18:30:42.777+0000] {logging_mixin.py:190} INFO - [2025-12-16T18:30:42.777+0000] {dag.py:4180} INFO - Setting next_dagrun for dataset_alias_example_alias_producer_with_no_taskflow to None, run_after=None
[2025-12-16T18:30:42.780+0000] {logging_mixin.py:190} INFO - [2025-12-16T18:30:42.780+0000] {dag.py:4180} INFO - Setting next_dagrun for dataset_s3_bucket_consumer_with_no_taskflow to None, run_after=None
[2025-12-16T18:30:42.782+0000] {logging_mixin.py:190} INFO - [2025-12-16T18:30:42.782+0000] {dag.py:4180} INFO - Setting next_dagrun for dataset_s3_bucket_producer_with_no_taskflow to None, run_after=None
[2025-12-16T18:30:42.810+0000] {processor.py:208} INFO - Processing /home/airflow/.local/lib/python3.12/site-packages/airflow/example_dags/example_dataset_alias_with_no_taskflow.py took 0.949 seconds
[2025-12-16T18:31:13.289+0000] {processor.py:186} INFO - Started process (PID=1135) to work on /home/airflow/.local/lib/python3.12/site-packages/airflow/example_dags/example_dataset_alias_with_no_taskflow.py
[2025-12-16T18:31:13.290+0000] {processor.py:914} INFO - Processing file /home/airflow/.local/lib/python3.12/site-packages/airflow/example_dags/example_dataset_alias_with_no_taskflow.py for tasks to queue
[2025-12-16T18:31:13.292+0000] {logging_mixin.py:190} INFO - [2025-12-16T18:31:13.292+0000] {dagbag.py:588} INFO - Filling up the DagBag from /home/airflow/.local/lib/python3.12/site-packages/airflow/example_dags/example_dataset_alias_with_no_taskflow.py
[2025-12-16T18:31:14.025+0000] {processor.py:925} INFO - DAG(s) 'dataset_s3_bucket_producer_with_no_taskflow', 'dataset_alias_example_alias_consumer_with_no_taskflow', 'dataset_alias_example_alias_producer_with_no_taskflow', 'dataset_s3_bucket_consumer_with_no_taskflow' retrieved from /home/airflow/.local/lib/python3.12/site-packages/airflow/example_dags/example_dataset_alias_with_no_taskflow.py
[2025-12-16T18:31:14.050+0000] {logging_mixin.py:190} INFO - [2025-12-16T18:31:14.049+0000] {dag.py:3239} INFO - Sync 4 DAGs
[2025-12-16T18:31:14.077+0000] {logging_mixin.py:190} INFO - [2025-12-16T18:31:14.076+0000] {dag.py:4180} INFO - Setting next_dagrun for dataset_alias_example_alias_consumer_with_no_taskflow to None, run_after=None
[2025-12-16T18:31:14.080+0000] {logging_mixin.py:190} INFO - [2025-12-16T18:31:14.079+0000] {dag.py:4180} INFO - Setting next_dagrun for dataset_alias_example_alias_producer_with_no_taskflow to None, run_after=None
[2025-12-16T18:31:14.083+0000] {logging_mixin.py:190} INFO - [2025-12-16T18:31:14.083+0000] {dag.py:4180} INFO - Setting next_dagrun for dataset_s3_bucket_consumer_with_no_taskflow to None, run_after=None
[2025-12-16T18:31:14.084+0000] {logging_mixin.py:190} INFO - [2025-12-16T18:31:14.084+0000] {dag.py:4180} INFO - Setting next_dagrun for dataset_s3_bucket_producer_with_no_taskflow to None, run_after=None
[2025-12-16T18:31:14.107+0000] {processor.py:208} INFO - Processing /home/airflow/.local/lib/python3.12/site-packages/airflow/example_dags/example_dataset_alias_with_no_taskflow.py took 0.826 seconds
[2025-12-16T18:31:44.337+0000] {processor.py:186} INFO - Started process (PID=1426) to work on /home/airflow/.local/lib/python3.12/site-packages/airflow/example_dags/example_dataset_alias_with_no_taskflow.py
[2025-12-16T18:31:44.338+0000] {processor.py:914} INFO - Processing file /home/airflow/.local/lib/python3.12/site-packages/airflow/example_dags/example_dataset_alias_with_no_taskflow.py for tasks to queue
[2025-12-16T18:31:44.341+0000] {logging_mixin.py:190} INFO - [2025-12-16T18:31:44.340+0000] {dagbag.py:588} INFO - Filling up the DagBag from /home/airflow/.local/lib/python3.12/site-packages/airflow/example_dags/example_dataset_alias_with_no_taskflow.py
[2025-12-16T18:31:45.075+0000] {processor.py:925} INFO - DAG(s) 'dataset_alias_example_alias_producer_with_no_taskflow', 'dataset_alias_example_alias_consumer_with_no_taskflow', 'dataset_s3_bucket_consumer_with_no_taskflow', 'dataset_s3_bucket_producer_with_no_taskflow' retrieved from /home/airflow/.local/lib/python3.12/site-packages/airflow/example_dags/example_dataset_alias_with_no_taskflow.py
[2025-12-16T18:31:45.098+0000] {logging_mixin.py:190} INFO - [2025-12-16T18:31:45.098+0000] {dag.py:3239} INFO - Sync 4 DAGs
[2025-12-16T18:31:45.127+0000] {logging_mixin.py:190} INFO - [2025-12-16T18:31:45.127+0000] {dag.py:4180} INFO - Setting next_dagrun for dataset_alias_example_alias_consumer_with_no_taskflow to None, run_after=None
[2025-12-16T18:31:45.131+0000] {logging_mixin.py:190} INFO - [2025-12-16T18:31:45.130+0000] {dag.py:4180} INFO - Setting next_dagrun for dataset_alias_example_alias_producer_with_no_taskflow to None, run_after=None
[2025-12-16T18:31:45.132+0000] {logging_mixin.py:190} INFO - [2025-12-16T18:31:45.132+0000] {dag.py:4180} INFO - Setting next_dagrun for dataset_s3_bucket_consumer_with_no_taskflow to None, run_after=None
[2025-12-16T18:31:45.133+0000] {logging_mixin.py:190} INFO - [2025-12-16T18:31:45.133+0000] {dag.py:4180} INFO - Setting next_dagrun for dataset_s3_bucket_producer_with_no_taskflow to None, run_after=None
[2025-12-16T18:31:45.157+0000] {processor.py:208} INFO - Processing /home/airflow/.local/lib/python3.12/site-packages/airflow/example_dags/example_dataset_alias_with_no_taskflow.py took 0.829 seconds
[2025-12-16T18:32:15.354+0000] {processor.py:186} INFO - Started process (PID=1717) to work on /home/airflow/.local/lib/python3.12/site-packages/airflow/example_dags/example_dataset_alias_with_no_taskflow.py
[2025-12-16T18:32:15.355+0000] {processor.py:914} INFO - Processing file /home/airflow/.local/lib/python3.12/site-packages/airflow/example_dags/example_dataset_alias_with_no_taskflow.py for tasks to queue
[2025-12-16T18:32:15.358+0000] {logging_mixin.py:190} INFO - [2025-12-16T18:32:15.357+0000] {dagbag.py:588} INFO - Filling up the DagBag from /home/airflow/.local/lib/python3.12/site-packages/airflow/example_dags/example_dataset_alias_with_no_taskflow.py
[2025-12-16T18:32:16.231+0000] {processor.py:925} INFO - DAG(s) 'dataset_alias_example_alias_consumer_with_no_taskflow', 'dataset_s3_bucket_producer_with_no_taskflow', 'dataset_s3_bucket_consumer_with_no_taskflow', 'dataset_alias_example_alias_producer_with_no_taskflow' retrieved from /home/airflow/.local/lib/python3.12/site-packages/airflow/example_dags/example_dataset_alias_with_no_taskflow.py
[2025-12-16T18:32:16.263+0000] {logging_mixin.py:190} INFO - [2025-12-16T18:32:16.262+0000] {dag.py:3239} INFO - Sync 4 DAGs
[2025-12-16T18:32:16.293+0000] {logging_mixin.py:190} INFO - [2025-12-16T18:32:16.293+0000] {dag.py:4180} INFO - Setting next_dagrun for dataset_alias_example_alias_consumer_with_no_taskflow to None, run_after=None
[2025-12-16T18:32:16.296+0000] {logging_mixin.py:190} INFO - [2025-12-16T18:32:16.296+0000] {dag.py:4180} INFO - Setting next_dagrun for dataset_alias_example_alias_producer_with_no_taskflow to None, run_after=None
[2025-12-16T18:32:16.298+0000] {logging_mixin.py:190} INFO - [2025-12-16T18:32:16.298+0000] {dag.py:4180} INFO - Setting next_dagrun for dataset_s3_bucket_consumer_with_no_taskflow to None, run_after=None
[2025-12-16T18:32:16.300+0000] {logging_mixin.py:190} INFO - [2025-12-16T18:32:16.300+0000] {dag.py:4180} INFO - Setting next_dagrun for dataset_s3_bucket_producer_with_no_taskflow to None, run_after=None
[2025-12-16T18:32:16.325+0000] {processor.py:208} INFO - Processing /home/airflow/.local/lib/python3.12/site-packages/airflow/example_dags/example_dataset_alias_with_no_taskflow.py took 0.982 seconds
[2025-12-16T18:32:46.642+0000] {processor.py:186} INFO - Started process (PID=2008) to work on /home/airflow/.local/lib/python3.12/site-packages/airflow/example_dags/example_dataset_alias_with_no_taskflow.py
[2025-12-16T18:32:46.643+0000] {processor.py:914} INFO - Processing file /home/airflow/.local/lib/python3.12/site-packages/airflow/example_dags/example_dataset_alias_with_no_taskflow.py for tasks to queue
[2025-12-16T18:32:46.646+0000] {logging_mixin.py:190} INFO - [2025-12-16T18:32:46.646+0000] {dagbag.py:588} INFO - Filling up the DagBag from /home/airflow/.local/lib/python3.12/site-packages/airflow/example_dags/example_dataset_alias_with_no_taskflow.py
[2025-12-16T18:32:47.430+0000] {processor.py:925} INFO - DAG(s) 'dataset_s3_bucket_producer_with_no_taskflow', 'dataset_alias_example_alias_producer_with_no_taskflow', 'dataset_s3_bucket_consumer_with_no_taskflow', 'dataset_alias_example_alias_consumer_with_no_taskflow' retrieved from /home/airflow/.local/lib/python3.12/site-packages/airflow/example_dags/example_dataset_alias_with_no_taskflow.py
[2025-12-16T18:32:47.456+0000] {logging_mixin.py:190} INFO - [2025-12-16T18:32:47.455+0000] {dag.py:3239} INFO - Sync 4 DAGs
[2025-12-16T18:32:47.485+0000] {logging_mixin.py:190} INFO - [2025-12-16T18:32:47.485+0000] {dag.py:4180} INFO - Setting next_dagrun for dataset_alias_example_alias_consumer_with_no_taskflow to None, run_after=None
[2025-12-16T18:32:47.488+0000] {logging_mixin.py:190} INFO - [2025-12-16T18:32:47.488+0000] {dag.py:4180} INFO - Setting next_dagrun for dataset_alias_example_alias_producer_with_no_taskflow to None, run_after=None
[2025-12-16T18:32:47.490+0000] {logging_mixin.py:190} INFO - [2025-12-16T18:32:47.490+0000] {dag.py:4180} INFO - Setting next_dagrun for dataset_s3_bucket_consumer_with_no_taskflow to None, run_after=None
[2025-12-16T18:32:47.492+0000] {logging_mixin.py:190} INFO - [2025-12-16T18:32:47.492+0000] {dag.py:4180} INFO - Setting next_dagrun for dataset_s3_bucket_producer_with_no_taskflow to None, run_after=None
[2025-12-16T18:32:47.520+0000] {processor.py:208} INFO - Processing /home/airflow/.local/lib/python3.12/site-packages/airflow/example_dags/example_dataset_alias_with_no_taskflow.py took 0.887 seconds
[2025-12-16T18:33:18.174+0000] {processor.py:186} INFO - Started process (PID=2299) to work on /home/airflow/.local/lib/python3.12/site-packages/airflow/example_dags/example_dataset_alias_with_no_taskflow.py
[2025-12-16T18:33:18.175+0000] {processor.py:914} INFO - Processing file /home/airflow/.local/lib/python3.12/site-packages/airflow/example_dags/example_dataset_alias_with_no_taskflow.py for tasks to queue
[2025-12-16T18:33:18.178+0000] {logging_mixin.py:190} INFO - [2025-12-16T18:33:18.178+0000] {dagbag.py:588} INFO - Filling up the DagBag from /home/airflow/.local/lib/python3.12/site-packages/airflow/example_dags/example_dataset_alias_with_no_taskflow.py
[2025-12-16T18:33:18.912+0000] {processor.py:925} INFO - DAG(s) 'dataset_s3_bucket_producer_with_no_taskflow', 'dataset_alias_example_alias_producer_with_no_taskflow', 'dataset_alias_example_alias_consumer_with_no_taskflow', 'dataset_s3_bucket_consumer_with_no_taskflow' retrieved from /home/airflow/.local/lib/python3.12/site-packages/airflow/example_dags/example_dataset_alias_with_no_taskflow.py
[2025-12-16T18:33:18.935+0000] {logging_mixin.py:190} INFO - [2025-12-16T18:33:18.935+0000] {dag.py:3239} INFO - Sync 4 DAGs
[2025-12-16T18:33:18.962+0000] {logging_mixin.py:190} INFO - [2025-12-16T18:33:18.962+0000] {dag.py:4180} INFO - Setting next_dagrun for dataset_alias_example_alias_consumer_with_no_taskflow to None, run_after=None
[2025-12-16T18:33:18.965+0000] {logging_mixin.py:190} INFO - [2025-12-16T18:33:18.965+0000] {dag.py:4180} INFO - Setting next_dagrun for dataset_alias_example_alias_producer_with_no_taskflow to None, run_after=None
[2025-12-16T18:33:18.967+0000] {logging_mixin.py:190} INFO - [2025-12-16T18:33:18.967+0000] {dag.py:4180} INFO - Setting next_dagrun for dataset_s3_bucket_consumer_with_no_taskflow to None, run_after=None
[2025-12-16T18:33:18.968+0000] {logging_mixin.py:190} INFO - [2025-12-16T18:33:18.968+0000] {dag.py:4180} INFO - Setting next_dagrun for dataset_s3_bucket_producer_with_no_taskflow to None, run_after=None
[2025-12-16T18:33:18.992+0000] {processor.py:208} INFO - Processing /home/airflow/.local/lib/python3.12/site-packages/airflow/example_dags/example_dataset_alias_with_no_taskflow.py took 0.826 seconds
[2025-12-16T18:33:49.200+0000] {processor.py:186} INFO - Started process (PID=2590) to work on /home/airflow/.local/lib/python3.12/site-packages/airflow/example_dags/example_dataset_alias_with_no_taskflow.py
[2025-12-16T18:33:49.201+0000] {processor.py:914} INFO - Processing file /home/airflow/.local/lib/python3.12/site-packages/airflow/example_dags/example_dataset_alias_with_no_taskflow.py for tasks to queue
[2025-12-16T18:33:49.204+0000] {logging_mixin.py:190} INFO - [2025-12-16T18:33:49.204+0000] {dagbag.py:588} INFO - Filling up the DagBag from /home/airflow/.local/lib/python3.12/site-packages/airflow/example_dags/example_dataset_alias_with_no_taskflow.py
[2025-12-16T18:33:49.923+0000] {processor.py:925} INFO - DAG(s) 'dataset_s3_bucket_consumer_with_no_taskflow', 'dataset_alias_example_alias_consumer_with_no_taskflow', 'dataset_s3_bucket_producer_with_no_taskflow', 'dataset_alias_example_alias_producer_with_no_taskflow' retrieved from /home/airflow/.local/lib/python3.12/site-packages/airflow/example_dags/example_dataset_alias_with_no_taskflow.py
[2025-12-16T18:33:49.945+0000] {logging_mixin.py:190} INFO - [2025-12-16T18:33:49.945+0000] {dag.py:3239} INFO - Sync 4 DAGs
[2025-12-16T18:33:49.973+0000] {logging_mixin.py:190} INFO - [2025-12-16T18:33:49.973+0000] {dag.py:4180} INFO - Setting next_dagrun for dataset_alias_example_alias_consumer_with_no_taskflow to None, run_after=None
[2025-12-16T18:33:49.976+0000] {logging_mixin.py:190} INFO - [2025-12-16T18:33:49.976+0000] {dag.py:4180} INFO - Setting next_dagrun for dataset_alias_example_alias_producer_with_no_taskflow to None, run_after=None
[2025-12-16T18:33:49.978+0000] {logging_mixin.py:190} INFO - [2025-12-16T18:33:49.977+0000] {dag.py:4180} INFO - Setting next_dagrun for dataset_s3_bucket_consumer_with_no_taskflow to None, run_after=None
[2025-12-16T18:33:49.979+0000] {logging_mixin.py:190} INFO - [2025-12-16T18:33:49.979+0000] {dag.py:4180} INFO - Setting next_dagrun for dataset_s3_bucket_producer_with_no_taskflow to None, run_after=None
[2025-12-16T18:33:50.001+0000] {processor.py:208} INFO - Processing /home/airflow/.local/lib/python3.12/site-packages/airflow/example_dags/example_dataset_alias_with_no_taskflow.py took 0.809 seconds
[2025-12-16T18:34:20.108+0000] {processor.py:186} INFO - Started process (PID=2881) to work on /home/airflow/.local/lib/python3.12/site-packages/airflow/example_dags/example_dataset_alias_with_no_taskflow.py
[2025-12-16T18:34:20.109+0000] {processor.py:914} INFO - Processing file /home/airflow/.local/lib/python3.12/site-packages/airflow/example_dags/example_dataset_alias_with_no_taskflow.py for tasks to queue
[2025-12-16T18:34:20.112+0000] {logging_mixin.py:190} INFO - [2025-12-16T18:34:20.112+0000] {dagbag.py:588} INFO - Filling up the DagBag from /home/airflow/.local/lib/python3.12/site-packages/airflow/example_dags/example_dataset_alias_with_no_taskflow.py
[2025-12-16T18:34:20.839+0000] {processor.py:925} INFO - DAG(s) 'dataset_s3_bucket_producer_with_no_taskflow', 'dataset_alias_example_alias_consumer_with_no_taskflow', 'dataset_s3_bucket_consumer_with_no_taskflow', 'dataset_alias_example_alias_producer_with_no_taskflow' retrieved from /home/airflow/.local/lib/python3.12/site-packages/airflow/example_dags/example_dataset_alias_with_no_taskflow.py
[2025-12-16T18:34:20.861+0000] {logging_mixin.py:190} INFO - [2025-12-16T18:34:20.861+0000] {dag.py:3239} INFO - Sync 4 DAGs
[2025-12-16T18:34:20.889+0000] {logging_mixin.py:190} INFO - [2025-12-16T18:34:20.889+0000] {dag.py:4180} INFO - Setting next_dagrun for dataset_alias_example_alias_consumer_with_no_taskflow to None, run_after=None
[2025-12-16T18:34:20.892+0000] {logging_mixin.py:190} INFO - [2025-12-16T18:34:20.892+0000] {dag.py:4180} INFO - Setting next_dagrun for dataset_alias_example_alias_producer_with_no_taskflow to None, run_after=None
[2025-12-16T18:34:20.894+0000] {logging_mixin.py:190} INFO - [2025-12-16T18:34:20.894+0000] {dag.py:4180} INFO - Setting next_dagrun for dataset_s3_bucket_consumer_with_no_taskflow to None, run_after=None
[2025-12-16T18:34:20.895+0000] {logging_mixin.py:190} INFO - [2025-12-16T18:34:20.895+0000] {dag.py:4180} INFO - Setting next_dagrun for dataset_s3_bucket_producer_with_no_taskflow to None, run_after=None
[2025-12-16T18:34:20.923+0000] {processor.py:208} INFO - Processing /home/airflow/.local/lib/python3.12/site-packages/airflow/example_dags/example_dataset_alias_with_no_taskflow.py took 0.822 seconds
[2025-12-16T18:34:51.058+0000] {processor.py:186} INFO - Started process (PID=3172) to work on /home/airflow/.local/lib/python3.12/site-packages/airflow/example_dags/example_dataset_alias_with_no_taskflow.py
[2025-12-16T18:34:51.059+0000] {processor.py:914} INFO - Processing file /home/airflow/.local/lib/python3.12/site-packages/airflow/example_dags/example_dataset_alias_with_no_taskflow.py for tasks to queue
[2025-12-16T18:34:51.063+0000] {logging_mixin.py:190} INFO - [2025-12-16T18:34:51.063+0000] {dagbag.py:588} INFO - Filling up the DagBag from /home/airflow/.local/lib/python3.12/site-packages/airflow/example_dags/example_dataset_alias_with_no_taskflow.py
[2025-12-16T18:34:51.876+0000] {processor.py:925} INFO - DAG(s) 'dataset_s3_bucket_producer_with_no_taskflow', 'dataset_s3_bucket_consumer_with_no_taskflow', 'dataset_alias_example_alias_consumer_with_no_taskflow', 'dataset_alias_example_alias_producer_with_no_taskflow' retrieved from /home/airflow/.local/lib/python3.12/site-packages/airflow/example_dags/example_dataset_alias_with_no_taskflow.py
[2025-12-16T18:34:51.902+0000] {logging_mixin.py:190} INFO - [2025-12-16T18:34:51.902+0000] {dag.py:3239} INFO - Sync 4 DAGs
[2025-12-16T18:34:51.932+0000] {logging_mixin.py:190} INFO - [2025-12-16T18:34:51.932+0000] {dag.py:4180} INFO - Setting next_dagrun for dataset_alias_example_alias_consumer_with_no_taskflow to None, run_after=None
[2025-12-16T18:34:51.935+0000] {logging_mixin.py:190} INFO - [2025-12-16T18:34:51.935+0000] {dag.py:4180} INFO - Setting next_dagrun for dataset_alias_example_alias_producer_with_no_taskflow to None, run_after=None
[2025-12-16T18:34:51.937+0000] {logging_mixin.py:190} INFO - [2025-12-16T18:34:51.936+0000] {dag.py:4180} INFO - Setting next_dagrun for dataset_s3_bucket_consumer_with_no_taskflow to None, run_after=None
[2025-12-16T18:34:51.938+0000] {logging_mixin.py:190} INFO - [2025-12-16T18:34:51.938+0000] {dag.py:4180} INFO - Setting next_dagrun for dataset_s3_bucket_producer_with_no_taskflow to None, run_after=None
[2025-12-16T18:34:51.966+0000] {processor.py:208} INFO - Processing /home/airflow/.local/lib/python3.12/site-packages/airflow/example_dags/example_dataset_alias_with_no_taskflow.py took 0.916 seconds
[2025-12-16T18:35:22.332+0000] {processor.py:186} INFO - Started process (PID=3463) to work on /home/airflow/.local/lib/python3.12/site-packages/airflow/example_dags/example_dataset_alias_with_no_taskflow.py
[2025-12-16T18:35:22.333+0000] {processor.py:914} INFO - Processing file /home/airflow/.local/lib/python3.12/site-packages/airflow/example_dags/example_dataset_alias_with_no_taskflow.py for tasks to queue
[2025-12-16T18:35:22.337+0000] {logging_mixin.py:190} INFO - [2025-12-16T18:35:22.336+0000] {dagbag.py:588} INFO - Filling up the DagBag from /home/airflow/.local/lib/python3.12/site-packages/airflow/example_dags/example_dataset_alias_with_no_taskflow.py
[2025-12-16T18:35:23.140+0000] {processor.py:925} INFO - DAG(s) 'dataset_alias_example_alias_consumer_with_no_taskflow', 'dataset_s3_bucket_producer_with_no_taskflow', 'dataset_s3_bucket_consumer_with_no_taskflow', 'dataset_alias_example_alias_producer_with_no_taskflow' retrieved from /home/airflow/.local/lib/python3.12/site-packages/airflow/example_dags/example_dataset_alias_with_no_taskflow.py
[2025-12-16T18:35:23.166+0000] {logging_mixin.py:190} INFO - [2025-12-16T18:35:23.165+0000] {dag.py:3239} INFO - Sync 4 DAGs
[2025-12-16T18:35:23.197+0000] {logging_mixin.py:190} INFO - [2025-12-16T18:35:23.197+0000] {dag.py:4180} INFO - Setting next_dagrun for dataset_alias_example_alias_consumer_with_no_taskflow to None, run_after=None
[2025-12-16T18:35:23.200+0000] {logging_mixin.py:190} INFO - [2025-12-16T18:35:23.200+0000] {dag.py:4180} INFO - Setting next_dagrun for dataset_alias_example_alias_producer_with_no_taskflow to None, run_after=None
[2025-12-16T18:35:23.202+0000] {logging_mixin.py:190} INFO - [2025-12-16T18:35:23.202+0000] {dag.py:4180} INFO - Setting next_dagrun for dataset_s3_bucket_consumer_with_no_taskflow to None, run_after=None
[2025-12-16T18:35:23.203+0000] {logging_mixin.py:190} INFO - [2025-12-16T18:35:23.203+0000] {dag.py:4180} INFO - Setting next_dagrun for dataset_s3_bucket_producer_with_no_taskflow to None, run_after=None
[2025-12-16T18:35:23.227+0000] {processor.py:208} INFO - Processing /home/airflow/.local/lib/python3.12/site-packages/airflow/example_dags/example_dataset_alias_with_no_taskflow.py took 0.904 seconds
[2025-12-16T18:35:53.329+0000] {processor.py:186} INFO - Started process (PID=3754) to work on /home/airflow/.local/lib/python3.12/site-packages/airflow/example_dags/example_dataset_alias_with_no_taskflow.py
[2025-12-16T18:35:53.330+0000] {processor.py:914} INFO - Processing file /home/airflow/.local/lib/python3.12/site-packages/airflow/example_dags/example_dataset_alias_with_no_taskflow.py for tasks to queue
[2025-12-16T18:35:53.333+0000] {logging_mixin.py:190} INFO - [2025-12-16T18:35:53.333+0000] {dagbag.py:588} INFO - Filling up the DagBag from /home/airflow/.local/lib/python3.12/site-packages/airflow/example_dags/example_dataset_alias_with_no_taskflow.py
[2025-12-16T18:35:54.111+0000] {processor.py:925} INFO - DAG(s) 'dataset_s3_bucket_consumer_with_no_taskflow', 'dataset_alias_example_alias_producer_with_no_taskflow', 'dataset_alias_example_alias_consumer_with_no_taskflow', 'dataset_s3_bucket_producer_with_no_taskflow' retrieved from /home/airflow/.local/lib/python3.12/site-packages/airflow/example_dags/example_dataset_alias_with_no_taskflow.py
[2025-12-16T18:35:54.137+0000] {logging_mixin.py:190} INFO - [2025-12-16T18:35:54.137+0000] {dag.py:3239} INFO - Sync 4 DAGs
[2025-12-16T18:35:54.165+0000] {logging_mixin.py:190} INFO - [2025-12-16T18:35:54.165+0000] {dag.py:4180} INFO - Setting next_dagrun for dataset_alias_example_alias_consumer_with_no_taskflow to None, run_after=None
[2025-12-16T18:35:54.168+0000] {logging_mixin.py:190} INFO - [2025-12-16T18:35:54.168+0000] {dag.py:4180} INFO - Setting next_dagrun for dataset_alias_example_alias_producer_with_no_taskflow to None, run_after=None
[2025-12-16T18:35:54.170+0000] {logging_mixin.py:190} INFO - [2025-12-16T18:35:54.170+0000] {dag.py:4180} INFO - Setting next_dagrun for dataset_s3_bucket_consumer_with_no_taskflow to None, run_after=None
[2025-12-16T18:35:54.171+0000] {logging_mixin.py:190} INFO - [2025-12-16T18:35:54.171+0000] {dag.py:4180} INFO - Setting next_dagrun for dataset_s3_bucket_producer_with_no_taskflow to None, run_after=None
[2025-12-16T18:35:54.198+0000] {processor.py:208} INFO - Processing /home/airflow/.local/lib/python3.12/site-packages/airflow/example_dags/example_dataset_alias_with_no_taskflow.py took 0.877 seconds
[2025-12-16T18:36:24.464+0000] {processor.py:186} INFO - Started process (PID=4045) to work on /home/airflow/.local/lib/python3.12/site-packages/airflow/example_dags/example_dataset_alias_with_no_taskflow.py
[2025-12-16T18:36:24.465+0000] {processor.py:914} INFO - Processing file /home/airflow/.local/lib/python3.12/site-packages/airflow/example_dags/example_dataset_alias_with_no_taskflow.py for tasks to queue
[2025-12-16T18:36:24.468+0000] {logging_mixin.py:190} INFO - [2025-12-16T18:36:24.468+0000] {dagbag.py:588} INFO - Filling up the DagBag from /home/airflow/.local/lib/python3.12/site-packages/airflow/example_dags/example_dataset_alias_with_no_taskflow.py
[2025-12-16T18:36:25.178+0000] {processor.py:925} INFO - DAG(s) 'dataset_alias_example_alias_consumer_with_no_taskflow', 'dataset_alias_example_alias_producer_with_no_taskflow', 'dataset_s3_bucket_consumer_with_no_taskflow', 'dataset_s3_bucket_producer_with_no_taskflow' retrieved from /home/airflow/.local/lib/python3.12/site-packages/airflow/example_dags/example_dataset_alias_with_no_taskflow.py
[2025-12-16T18:36:25.200+0000] {logging_mixin.py:190} INFO - [2025-12-16T18:36:25.199+0000] {dag.py:3239} INFO - Sync 4 DAGs
[2025-12-16T18:36:25.228+0000] {logging_mixin.py:190} INFO - [2025-12-16T18:36:25.228+0000] {dag.py:4180} INFO - Setting next_dagrun for dataset_alias_example_alias_consumer_with_no_taskflow to None, run_after=None
[2025-12-16T18:36:25.231+0000] {logging_mixin.py:190} INFO - [2025-12-16T18:36:25.231+0000] {dag.py:4180} INFO - Setting next_dagrun for dataset_alias_example_alias_producer_with_no_taskflow to None, run_after=None
[2025-12-16T18:36:25.233+0000] {logging_mixin.py:190} INFO - [2025-12-16T18:36:25.232+0000] {dag.py:4180} INFO - Setting next_dagrun for dataset_s3_bucket_consumer_with_no_taskflow to None, run_after=None
[2025-12-16T18:36:25.234+0000] {logging_mixin.py:190} INFO - [2025-12-16T18:36:25.234+0000] {dag.py:4180} INFO - Setting next_dagrun for dataset_s3_bucket_producer_with_no_taskflow to None, run_after=None
[2025-12-16T18:36:25.256+0000] {processor.py:208} INFO - Processing /home/airflow/.local/lib/python3.12/site-packages/airflow/example_dags/example_dataset_alias_with_no_taskflow.py took 0.799 seconds
[2025-12-16T18:36:55.515+0000] {processor.py:186} INFO - Started process (PID=4336) to work on /home/airflow/.local/lib/python3.12/site-packages/airflow/example_dags/example_dataset_alias_with_no_taskflow.py
[2025-12-16T18:36:55.516+0000] {processor.py:914} INFO - Processing file /home/airflow/.local/lib/python3.12/site-packages/airflow/example_dags/example_dataset_alias_with_no_taskflow.py for tasks to queue
[2025-12-16T18:36:55.519+0000] {logging_mixin.py:190} INFO - [2025-12-16T18:36:55.519+0000] {dagbag.py:588} INFO - Filling up the DagBag from /home/airflow/.local/lib/python3.12/site-packages/airflow/example_dags/example_dataset_alias_with_no_taskflow.py
[2025-12-16T18:36:56.296+0000] {processor.py:925} INFO - DAG(s) 'dataset_s3_bucket_consumer_with_no_taskflow', 'dataset_alias_example_alias_consumer_with_no_taskflow', 'dataset_alias_example_alias_producer_with_no_taskflow', 'dataset_s3_bucket_producer_with_no_taskflow' retrieved from /home/airflow/.local/lib/python3.12/site-packages/airflow/example_dags/example_dataset_alias_with_no_taskflow.py
[2025-12-16T18:36:56.321+0000] {logging_mixin.py:190} INFO - [2025-12-16T18:36:56.321+0000] {dag.py:3239} INFO - Sync 4 DAGs
[2025-12-16T18:36:56.351+0000] {logging_mixin.py:190} INFO - [2025-12-16T18:36:56.351+0000] {dag.py:4180} INFO - Setting next_dagrun for dataset_alias_example_alias_consumer_with_no_taskflow to None, run_after=None
[2025-12-16T18:36:56.354+0000] {logging_mixin.py:190} INFO - [2025-12-16T18:36:56.354+0000] {dag.py:4180} INFO - Setting next_dagrun for dataset_alias_example_alias_producer_with_no_taskflow to None, run_after=None
[2025-12-16T18:36:56.355+0000] {logging_mixin.py:190} INFO - [2025-12-16T18:36:56.355+0000] {dag.py:4180} INFO - Setting next_dagrun for dataset_s3_bucket_consumer_with_no_taskflow to None, run_after=None
[2025-12-16T18:36:56.357+0000] {logging_mixin.py:190} INFO - [2025-12-16T18:36:56.357+0000] {dag.py:4180} INFO - Setting next_dagrun for dataset_s3_bucket_producer_with_no_taskflow to None, run_after=None
[2025-12-16T18:36:56.382+0000] {processor.py:208} INFO - Processing /home/airflow/.local/lib/python3.12/site-packages/airflow/example_dags/example_dataset_alias_with_no_taskflow.py took 0.875 seconds
[2025-12-16T18:37:26.733+0000] {processor.py:186} INFO - Started process (PID=4627) to work on /home/airflow/.local/lib/python3.12/site-packages/airflow/example_dags/example_dataset_alias_with_no_taskflow.py
[2025-12-16T18:37:26.734+0000] {processor.py:914} INFO - Processing file /home/airflow/.local/lib/python3.12/site-packages/airflow/example_dags/example_dataset_alias_with_no_taskflow.py for tasks to queue
[2025-12-16T18:37:26.736+0000] {logging_mixin.py:190} INFO - [2025-12-16T18:37:26.736+0000] {dagbag.py:588} INFO - Filling up the DagBag from /home/airflow/.local/lib/python3.12/site-packages/airflow/example_dags/example_dataset_alias_with_no_taskflow.py
[2025-12-16T18:37:27.478+0000] {processor.py:925} INFO - DAG(s) 'dataset_s3_bucket_consumer_with_no_taskflow', 'dataset_s3_bucket_producer_with_no_taskflow', 'dataset_alias_example_alias_consumer_with_no_taskflow', 'dataset_alias_example_alias_producer_with_no_taskflow' retrieved from /home/airflow/.local/lib/python3.12/site-packages/airflow/example_dags/example_dataset_alias_with_no_taskflow.py
[2025-12-16T18:37:27.502+0000] {logging_mixin.py:190} INFO - [2025-12-16T18:37:27.501+0000] {dag.py:3239} INFO - Sync 4 DAGs
[2025-12-16T18:37:27.529+0000] {logging_mixin.py:190} INFO - [2025-12-16T18:37:27.529+0000] {dag.py:4180} INFO - Setting next_dagrun for dataset_alias_example_alias_consumer_with_no_taskflow to None, run_after=None
[2025-12-16T18:37:27.532+0000] {logging_mixin.py:190} INFO - [2025-12-16T18:37:27.532+0000] {dag.py:4180} INFO - Setting next_dagrun for dataset_alias_example_alias_producer_with_no_taskflow to None, run_after=None
[2025-12-16T18:37:27.535+0000] {logging_mixin.py:190} INFO - [2025-12-16T18:37:27.535+0000] {dag.py:4180} INFO - Setting next_dagrun for dataset_s3_bucket_consumer_with_no_taskflow to None, run_after=None
[2025-12-16T18:37:27.536+0000] {logging_mixin.py:190} INFO - [2025-12-16T18:37:27.536+0000] {dag.py:4180} INFO - Setting next_dagrun for dataset_s3_bucket_producer_with_no_taskflow to None, run_after=None
[2025-12-16T18:37:27.563+0000] {processor.py:208} INFO - Processing /home/airflow/.local/lib/python3.12/site-packages/airflow/example_dags/example_dataset_alias_with_no_taskflow.py took 0.839 seconds
[2025-12-16T18:37:57.858+0000] {processor.py:186} INFO - Started process (PID=4918) to work on /home/airflow/.local/lib/python3.12/site-packages/airflow/example_dags/example_dataset_alias_with_no_taskflow.py
[2025-12-16T18:37:57.859+0000] {processor.py:914} INFO - Processing file /home/airflow/.local/lib/python3.12/site-packages/airflow/example_dags/example_dataset_alias_with_no_taskflow.py for tasks to queue
[2025-12-16T18:37:57.862+0000] {logging_mixin.py:190} INFO - [2025-12-16T18:37:57.861+0000] {dagbag.py:588} INFO - Filling up the DagBag from /home/airflow/.local/lib/python3.12/site-packages/airflow/example_dags/example_dataset_alias_with_no_taskflow.py
[2025-12-16T18:37:58.578+0000] {processor.py:925} INFO - DAG(s) 'dataset_alias_example_alias_consumer_with_no_taskflow', 'dataset_s3_bucket_consumer_with_no_taskflow', 'dataset_s3_bucket_producer_with_no_taskflow', 'dataset_alias_example_alias_producer_with_no_taskflow' retrieved from /home/airflow/.local/lib/python3.12/site-packages/airflow/example_dags/example_dataset_alias_with_no_taskflow.py
[2025-12-16T18:37:58.601+0000] {logging_mixin.py:190} INFO - [2025-12-16T18:37:58.600+0000] {dag.py:3239} INFO - Sync 4 DAGs
[2025-12-16T18:37:58.628+0000] {logging_mixin.py:190} INFO - [2025-12-16T18:37:58.628+0000] {dag.py:4180} INFO - Setting next_dagrun for dataset_alias_example_alias_consumer_with_no_taskflow to None, run_after=None
[2025-12-16T18:37:58.631+0000] {logging_mixin.py:190} INFO - [2025-12-16T18:37:58.631+0000] {dag.py:4180} INFO - Setting next_dagrun for dataset_alias_example_alias_producer_with_no_taskflow to None, run_after=None
[2025-12-16T18:37:58.632+0000] {logging_mixin.py:190} INFO - [2025-12-16T18:37:58.632+0000] {dag.py:4180} INFO - Setting next_dagrun for dataset_s3_bucket_consumer_with_no_taskflow to None, run_after=None
[2025-12-16T18:37:58.634+0000] {logging_mixin.py:190} INFO - [2025-12-16T18:37:58.634+0000] {dag.py:4180} INFO - Setting next_dagrun for dataset_s3_bucket_producer_with_no_taskflow to None, run_after=None
[2025-12-16T18:37:58.659+0000] {processor.py:208} INFO - Processing /home/airflow/.local/lib/python3.12/site-packages/airflow/example_dags/example_dataset_alias_with_no_taskflow.py took 0.808 seconds
[2025-12-16T18:38:29.461+0000] {processor.py:186} INFO - Started process (PID=5209) to work on /home/airflow/.local/lib/python3.12/site-packages/airflow/example_dags/example_dataset_alias_with_no_taskflow.py
[2025-12-16T18:38:29.462+0000] {processor.py:914} INFO - Processing file /home/airflow/.local/lib/python3.12/site-packages/airflow/example_dags/example_dataset_alias_with_no_taskflow.py for tasks to queue
[2025-12-16T18:38:29.466+0000] {logging_mixin.py:190} INFO - [2025-12-16T18:38:29.465+0000] {dagbag.py:588} INFO - Filling up the DagBag from /home/airflow/.local/lib/python3.12/site-packages/airflow/example_dags/example_dataset_alias_with_no_taskflow.py
[2025-12-16T18:38:30.237+0000] {processor.py:925} INFO - DAG(s) 'dataset_alias_example_alias_consumer_with_no_taskflow', 'dataset_s3_bucket_producer_with_no_taskflow', 'dataset_s3_bucket_consumer_with_no_taskflow', 'dataset_alias_example_alias_producer_with_no_taskflow' retrieved from /home/airflow/.local/lib/python3.12/site-packages/airflow/example_dags/example_dataset_alias_with_no_taskflow.py
[2025-12-16T18:38:30.264+0000] {logging_mixin.py:190} INFO - [2025-12-16T18:38:30.263+0000] {dag.py:3239} INFO - Sync 4 DAGs
[2025-12-16T18:38:30.292+0000] {logging_mixin.py:190} INFO - [2025-12-16T18:38:30.291+0000] {dag.py:4180} INFO - Setting next_dagrun for dataset_alias_example_alias_consumer_with_no_taskflow to None, run_after=None
[2025-12-16T18:38:30.295+0000] {logging_mixin.py:190} INFO - [2025-12-16T18:38:30.295+0000] {dag.py:4180} INFO - Setting next_dagrun for dataset_alias_example_alias_producer_with_no_taskflow to None, run_after=None
[2025-12-16T18:38:30.297+0000] {logging_mixin.py:190} INFO - [2025-12-16T18:38:30.297+0000] {dag.py:4180} INFO - Setting next_dagrun for dataset_s3_bucket_consumer_with_no_taskflow to None, run_after=None
[2025-12-16T18:38:30.298+0000] {logging_mixin.py:190} INFO - [2025-12-16T18:38:30.298+0000] {dag.py:4180} INFO - Setting next_dagrun for dataset_s3_bucket_producer_with_no_taskflow to None, run_after=None
[2025-12-16T18:38:30.323+0000] {processor.py:208} INFO - Processing /home/airflow/.local/lib/python3.12/site-packages/airflow/example_dags/example_dataset_alias_with_no_taskflow.py took 0.870 seconds
[2025-12-16T18:39:00.440+0000] {processor.py:186} INFO - Started process (PID=5500) to work on /home/airflow/.local/lib/python3.12/site-packages/airflow/example_dags/example_dataset_alias_with_no_taskflow.py
[2025-12-16T18:39:00.441+0000] {processor.py:914} INFO - Processing file /home/airflow/.local/lib/python3.12/site-packages/airflow/example_dags/example_dataset_alias_with_no_taskflow.py for tasks to queue
[2025-12-16T18:39:00.444+0000] {logging_mixin.py:190} INFO - [2025-12-16T18:39:00.443+0000] {dagbag.py:588} INFO - Filling up the DagBag from /home/airflow/.local/lib/python3.12/site-packages/airflow/example_dags/example_dataset_alias_with_no_taskflow.py
[2025-12-16T18:39:01.187+0000] {processor.py:925} INFO - DAG(s) 'dataset_s3_bucket_consumer_with_no_taskflow', 'dataset_s3_bucket_producer_with_no_taskflow', 'dataset_alias_example_alias_consumer_with_no_taskflow', 'dataset_alias_example_alias_producer_with_no_taskflow' retrieved from /home/airflow/.local/lib/python3.12/site-packages/airflow/example_dags/example_dataset_alias_with_no_taskflow.py
[2025-12-16T18:39:01.209+0000] {logging_mixin.py:190} INFO - [2025-12-16T18:39:01.209+0000] {dag.py:3239} INFO - Sync 4 DAGs
[2025-12-16T18:39:01.236+0000] {logging_mixin.py:190} INFO - [2025-12-16T18:39:01.236+0000] {dag.py:4180} INFO - Setting next_dagrun for dataset_alias_example_alias_consumer_with_no_taskflow to None, run_after=None
[2025-12-16T18:39:01.240+0000] {logging_mixin.py:190} INFO - [2025-12-16T18:39:01.240+0000] {dag.py:4180} INFO - Setting next_dagrun for dataset_alias_example_alias_producer_with_no_taskflow to None, run_after=None
[2025-12-16T18:39:01.242+0000] {logging_mixin.py:190} INFO - [2025-12-16T18:39:01.242+0000] {dag.py:4180} INFO - Setting next_dagrun for dataset_s3_bucket_consumer_with_no_taskflow to None, run_after=None
[2025-12-16T18:39:01.243+0000] {logging_mixin.py:190} INFO - [2025-12-16T18:39:01.243+0000] {dag.py:4180} INFO - Setting next_dagrun for dataset_s3_bucket_producer_with_no_taskflow to None, run_after=None
[2025-12-16T18:39:01.267+0000] {processor.py:208} INFO - Processing /home/airflow/.local/lib/python3.12/site-packages/airflow/example_dags/example_dataset_alias_with_no_taskflow.py took 0.835 seconds
[2025-12-16T18:39:32.050+0000] {processor.py:186} INFO - Started process (PID=5791) to work on /home/airflow/.local/lib/python3.12/site-packages/airflow/example_dags/example_dataset_alias_with_no_taskflow.py
[2025-12-16T18:39:32.051+0000] {processor.py:914} INFO - Processing file /home/airflow/.local/lib/python3.12/site-packages/airflow/example_dags/example_dataset_alias_with_no_taskflow.py for tasks to queue
[2025-12-16T18:39:32.054+0000] {logging_mixin.py:190} INFO - [2025-12-16T18:39:32.054+0000] {dagbag.py:588} INFO - Filling up the DagBag from /home/airflow/.local/lib/python3.12/site-packages/airflow/example_dags/example_dataset_alias_with_no_taskflow.py
[2025-12-16T18:39:32.770+0000] {processor.py:925} INFO - DAG(s) 'dataset_alias_example_alias_producer_with_no_taskflow', 'dataset_s3_bucket_consumer_with_no_taskflow', 'dataset_alias_example_alias_consumer_with_no_taskflow', 'dataset_s3_bucket_producer_with_no_taskflow' retrieved from /home/airflow/.local/lib/python3.12/site-packages/airflow/example_dags/example_dataset_alias_with_no_taskflow.py
[2025-12-16T18:39:32.793+0000] {logging_mixin.py:190} INFO - [2025-12-16T18:39:32.792+0000] {dag.py:3239} INFO - Sync 4 DAGs
[2025-12-16T18:39:32.821+0000] {logging_mixin.py:190} INFO - [2025-12-16T18:39:32.821+0000] {dag.py:4180} INFO - Setting next_dagrun for dataset_alias_example_alias_consumer_with_no_taskflow to None, run_after=None
[2025-12-16T18:39:32.824+0000] {logging_mixin.py:190} INFO - [2025-12-16T18:39:32.824+0000] {dag.py:4180} INFO - Setting next_dagrun for dataset_alias_example_alias_producer_with_no_taskflow to None, run_after=None
[2025-12-16T18:39:32.825+0000] {logging_mixin.py:190} INFO - [2025-12-16T18:39:32.825+0000] {dag.py:4180} INFO - Setting next_dagrun for dataset_s3_bucket_consumer_with_no_taskflow to None, run_after=None
[2025-12-16T18:39:32.827+0000] {logging_mixin.py:190} INFO - [2025-12-16T18:39:32.826+0000] {dag.py:4180} INFO - Setting next_dagrun for dataset_s3_bucket_producer_with_no_taskflow to None, run_after=None
[2025-12-16T18:39:32.848+0000] {processor.py:208} INFO - Processing /home/airflow/.local/lib/python3.12/site-packages/airflow/example_dags/example_dataset_alias_with_no_taskflow.py took 0.805 seconds
[2025-12-16T18:40:03.311+0000] {processor.py:186} INFO - Started process (PID=6082) to work on /home/airflow/.local/lib/python3.12/site-packages/airflow/example_dags/example_dataset_alias_with_no_taskflow.py
[2025-12-16T18:40:03.312+0000] {processor.py:914} INFO - Processing file /home/airflow/.local/lib/python3.12/site-packages/airflow/example_dags/example_dataset_alias_with_no_taskflow.py for tasks to queue
[2025-12-16T18:40:03.315+0000] {logging_mixin.py:190} INFO - [2025-12-16T18:40:03.314+0000] {dagbag.py:588} INFO - Filling up the DagBag from /home/airflow/.local/lib/python3.12/site-packages/airflow/example_dags/example_dataset_alias_with_no_taskflow.py
[2025-12-16T18:40:04.054+0000] {processor.py:925} INFO - DAG(s) 'dataset_alias_example_alias_consumer_with_no_taskflow', 'dataset_s3_bucket_producer_with_no_taskflow', 'dataset_alias_example_alias_producer_with_no_taskflow', 'dataset_s3_bucket_consumer_with_no_taskflow' retrieved from /home/airflow/.local/lib/python3.12/site-packages/airflow/example_dags/example_dataset_alias_with_no_taskflow.py
[2025-12-16T18:40:04.080+0000] {logging_mixin.py:190} INFO - [2025-12-16T18:40:04.079+0000] {dag.py:3239} INFO - Sync 4 DAGs
[2025-12-16T18:40:04.109+0000] {logging_mixin.py:190} INFO - [2025-12-16T18:40:04.109+0000] {dag.py:4180} INFO - Setting next_dagrun for dataset_alias_example_alias_consumer_with_no_taskflow to None, run_after=None
[2025-12-16T18:40:04.113+0000] {logging_mixin.py:190} INFO - [2025-12-16T18:40:04.113+0000] {dag.py:4180} INFO - Setting next_dagrun for dataset_alias_example_alias_producer_with_no_taskflow to None, run_after=None
[2025-12-16T18:40:04.116+0000] {logging_mixin.py:190} INFO - [2025-12-16T18:40:04.115+0000] {dag.py:4180} INFO - Setting next_dagrun for dataset_s3_bucket_consumer_with_no_taskflow to None, run_after=None
[2025-12-16T18:40:04.118+0000] {logging_mixin.py:190} INFO - [2025-12-16T18:40:04.117+0000] {dag.py:4180} INFO - Setting next_dagrun for dataset_s3_bucket_producer_with_no_taskflow to None, run_after=None
[2025-12-16T18:40:04.144+0000] {processor.py:208} INFO - Processing /home/airflow/.local/lib/python3.12/site-packages/airflow/example_dags/example_dataset_alias_with_no_taskflow.py took 0.841 seconds
[2025-12-16T18:40:34.758+0000] {processor.py:186} INFO - Started process (PID=6373) to work on /home/airflow/.local/lib/python3.12/site-packages/airflow/example_dags/example_dataset_alias_with_no_taskflow.py
[2025-12-16T18:40:34.759+0000] {processor.py:914} INFO - Processing file /home/airflow/.local/lib/python3.12/site-packages/airflow/example_dags/example_dataset_alias_with_no_taskflow.py for tasks to queue
[2025-12-16T18:40:34.761+0000] {logging_mixin.py:190} INFO - [2025-12-16T18:40:34.761+0000] {dagbag.py:588} INFO - Filling up the DagBag from /home/airflow/.local/lib/python3.12/site-packages/airflow/example_dags/example_dataset_alias_with_no_taskflow.py
[2025-12-16T18:40:35.572+0000] {processor.py:925} INFO - DAG(s) 'dataset_alias_example_alias_producer_with_no_taskflow', 'dataset_s3_bucket_producer_with_no_taskflow', 'dataset_alias_example_alias_consumer_with_no_taskflow', 'dataset_s3_bucket_consumer_with_no_taskflow' retrieved from /home/airflow/.local/lib/python3.12/site-packages/airflow/example_dags/example_dataset_alias_with_no_taskflow.py
[2025-12-16T18:40:35.602+0000] {logging_mixin.py:190} INFO - [2025-12-16T18:40:35.601+0000] {dag.py:3239} INFO - Sync 4 DAGs
[2025-12-16T18:40:35.631+0000] {logging_mixin.py:190} INFO - [2025-12-16T18:40:35.630+0000] {dag.py:4180} INFO - Setting next_dagrun for dataset_alias_example_alias_consumer_with_no_taskflow to None, run_after=None
[2025-12-16T18:40:35.633+0000] {logging_mixin.py:190} INFO - [2025-12-16T18:40:35.633+0000] {dag.py:4180} INFO - Setting next_dagrun for dataset_alias_example_alias_producer_with_no_taskflow to None, run_after=None
[2025-12-16T18:40:35.639+0000] {logging_mixin.py:190} INFO - [2025-12-16T18:40:35.639+0000] {dag.py:4180} INFO - Setting next_dagrun for dataset_s3_bucket_consumer_with_no_taskflow to None, run_after=None
[2025-12-16T18:40:35.641+0000] {logging_mixin.py:190} INFO - [2025-12-16T18:40:35.641+0000] {dag.py:4180} INFO - Setting next_dagrun for dataset_s3_bucket_producer_with_no_taskflow to None, run_after=None
[2025-12-16T18:40:35.664+0000] {processor.py:208} INFO - Processing /home/airflow/.local/lib/python3.12/site-packages/airflow/example_dags/example_dataset_alias_with_no_taskflow.py took 0.916 seconds
