[2025-12-16T18:26:48.671+0000] {processor.py:186} INFO - Started process (PID=387) to work on /home/airflow/.local/lib/python3.12/site-packages/airflow/example_dags/example_sla_dag.py
[2025-12-16T18:26:48.672+0000] {processor.py:914} INFO - Processing file /home/airflow/.local/lib/python3.12/site-packages/airflow/example_dags/example_sla_dag.py for tasks to queue
[2025-12-16T18:26:48.674+0000] {logging_mixin.py:190} INFO - [2025-12-16T18:26:48.674+0000] {dagbag.py:588} INFO - Filling up the DagBag from /home/airflow/.local/lib/python3.12/site-packages/airflow/example_dags/example_sla_dag.py
[2025-12-16T18:26:48.689+0000] {processor.py:925} INFO - DAG(s) 'example_sla_dag' retrieved from /home/airflow/.local/lib/python3.12/site-packages/airflow/example_dags/example_sla_dag.py
[2025-12-16T18:26:48.818+0000] {logging_mixin.py:190} INFO - [2025-12-16T18:26:48.817+0000] {override.py:1911} INFO - Created Permission View: can read on DAG:example_sla_dag
[2025-12-16T18:26:48.828+0000] {logging_mixin.py:190} INFO - [2025-12-16T18:26:48.828+0000] {override.py:1911} INFO - Created Permission View: can delete on DAG:example_sla_dag
[2025-12-16T18:26:48.835+0000] {logging_mixin.py:190} INFO - [2025-12-16T18:26:48.834+0000] {override.py:1911} INFO - Created Permission View: can edit on DAG:example_sla_dag
[2025-12-16T18:26:48.842+0000] {logging_mixin.py:190} INFO - [2025-12-16T18:26:48.842+0000] {override.py:1911} INFO - Created Permission View: can read on DAG Run:example_sla_dag
[2025-12-16T18:26:48.849+0000] {logging_mixin.py:190} INFO - [2025-12-16T18:26:48.848+0000] {override.py:1911} INFO - Created Permission View: can create on DAG Run:example_sla_dag
[2025-12-16T18:26:48.855+0000] {logging_mixin.py:190} INFO - [2025-12-16T18:26:48.854+0000] {override.py:1911} INFO - Created Permission View: menu access on DAG Run:example_sla_dag
[2025-12-16T18:26:48.861+0000] {logging_mixin.py:190} INFO - [2025-12-16T18:26:48.860+0000] {override.py:1911} INFO - Created Permission View: can delete on DAG Run:example_sla_dag
[2025-12-16T18:26:48.861+0000] {logging_mixin.py:190} INFO - [2025-12-16T18:26:48.861+0000] {dag.py:3239} INFO - Sync 1 DAGs
[2025-12-16T18:26:48.878+0000] {logging_mixin.py:190} INFO - [2025-12-16T18:26:48.877+0000] {dag.py:3262} INFO - Creating ORM DAG for example_sla_dag
[2025-12-16T18:26:48.892+0000] {logging_mixin.py:190} INFO - [2025-12-16T18:26:48.892+0000] {dag.py:4180} INFO - Setting next_dagrun for example_sla_dag to 2025-12-16 18:24:00+00:00, run_after=2025-12-16 18:26:00+00:00
[2025-12-16T18:26:48.907+0000] {processor.py:208} INFO - Processing /home/airflow/.local/lib/python3.12/site-packages/airflow/example_dags/example_sla_dag.py took 0.244 seconds
[2025-12-16T18:27:19.410+0000] {processor.py:186} INFO - Started process (PID=678) to work on /home/airflow/.local/lib/python3.12/site-packages/airflow/example_dags/example_sla_dag.py
[2025-12-16T18:27:19.411+0000] {processor.py:914} INFO - Processing file /home/airflow/.local/lib/python3.12/site-packages/airflow/example_dags/example_sla_dag.py for tasks to queue
[2025-12-16T18:27:19.415+0000] {logging_mixin.py:190} INFO - [2025-12-16T18:27:19.414+0000] {dagbag.py:588} INFO - Filling up the DagBag from /home/airflow/.local/lib/python3.12/site-packages/airflow/example_dags/example_sla_dag.py
[2025-12-16T18:27:19.430+0000] {processor.py:925} INFO - DAG(s) 'example_sla_dag' retrieved from /home/airflow/.local/lib/python3.12/site-packages/airflow/example_dags/example_sla_dag.py
[2025-12-16T18:27:19.461+0000] {logging_mixin.py:190} INFO - [2025-12-16T18:27:19.461+0000] {dag.py:3239} INFO - Sync 1 DAGs
[2025-12-16T18:27:19.500+0000] {logging_mixin.py:190} INFO - [2025-12-16T18:27:19.500+0000] {dag.py:4180} INFO - Setting next_dagrun for example_sla_dag to 2025-12-16 18:24:00+00:00, run_after=2025-12-16 18:26:00+00:00
[2025-12-16T18:27:19.526+0000] {processor.py:208} INFO - Processing /home/airflow/.local/lib/python3.12/site-packages/airflow/example_dags/example_sla_dag.py took 0.128 seconds
[2025-12-16T18:27:50.293+0000] {processor.py:186} INFO - Started process (PID=969) to work on /home/airflow/.local/lib/python3.12/site-packages/airflow/example_dags/example_sla_dag.py
[2025-12-16T18:27:50.294+0000] {processor.py:914} INFO - Processing file /home/airflow/.local/lib/python3.12/site-packages/airflow/example_dags/example_sla_dag.py for tasks to queue
[2025-12-16T18:27:50.297+0000] {logging_mixin.py:190} INFO - [2025-12-16T18:27:50.297+0000] {dagbag.py:588} INFO - Filling up the DagBag from /home/airflow/.local/lib/python3.12/site-packages/airflow/example_dags/example_sla_dag.py
[2025-12-16T18:27:50.309+0000] {processor.py:925} INFO - DAG(s) 'example_sla_dag' retrieved from /home/airflow/.local/lib/python3.12/site-packages/airflow/example_dags/example_sla_dag.py
[2025-12-16T18:27:50.332+0000] {logging_mixin.py:190} INFO - [2025-12-16T18:27:50.332+0000] {dag.py:3239} INFO - Sync 1 DAGs
[2025-12-16T18:27:50.366+0000] {logging_mixin.py:190} INFO - [2025-12-16T18:27:50.366+0000] {dag.py:4180} INFO - Setting next_dagrun for example_sla_dag to 2025-12-16 18:24:00+00:00, run_after=2025-12-16 18:26:00+00:00
[2025-12-16T18:27:50.386+0000] {processor.py:208} INFO - Processing /home/airflow/.local/lib/python3.12/site-packages/airflow/example_dags/example_sla_dag.py took 0.102 seconds
[2025-12-16T18:29:43.517+0000] {processor.py:186} INFO - Started process (PID=387) to work on /home/airflow/.local/lib/python3.12/site-packages/airflow/example_dags/example_sla_dag.py
[2025-12-16T18:29:43.518+0000] {processor.py:914} INFO - Processing file /home/airflow/.local/lib/python3.12/site-packages/airflow/example_dags/example_sla_dag.py for tasks to queue
[2025-12-16T18:29:43.521+0000] {logging_mixin.py:190} INFO - [2025-12-16T18:29:43.520+0000] {dagbag.py:588} INFO - Filling up the DagBag from /home/airflow/.local/lib/python3.12/site-packages/airflow/example_dags/example_sla_dag.py
[2025-12-16T18:29:43.535+0000] {processor.py:925} INFO - DAG(s) 'example_sla_dag' retrieved from /home/airflow/.local/lib/python3.12/site-packages/airflow/example_dags/example_sla_dag.py
[2025-12-16T18:29:43.559+0000] {logging_mixin.py:190} INFO - [2025-12-16T18:29:43.559+0000] {dag.py:3239} INFO - Sync 1 DAGs
[2025-12-16T18:29:43.591+0000] {logging_mixin.py:190} INFO - [2025-12-16T18:29:43.591+0000] {dag.py:4180} INFO - Setting next_dagrun for example_sla_dag to 2025-12-16 18:26:00+00:00, run_after=2025-12-16 18:28:00+00:00
[2025-12-16T18:29:43.610+0000] {processor.py:208} INFO - Processing /home/airflow/.local/lib/python3.12/site-packages/airflow/example_dags/example_sla_dag.py took 0.101 seconds
[2025-12-16T18:30:15.519+0000] {processor.py:186} INFO - Started process (PID=678) to work on /home/airflow/.local/lib/python3.12/site-packages/airflow/example_dags/example_sla_dag.py
[2025-12-16T18:30:15.520+0000] {processor.py:914} INFO - Processing file /home/airflow/.local/lib/python3.12/site-packages/airflow/example_dags/example_sla_dag.py for tasks to queue
[2025-12-16T18:30:15.523+0000] {logging_mixin.py:190} INFO - [2025-12-16T18:30:15.523+0000] {dagbag.py:588} INFO - Filling up the DagBag from /home/airflow/.local/lib/python3.12/site-packages/airflow/example_dags/example_sla_dag.py
[2025-12-16T18:30:15.542+0000] {processor.py:925} INFO - DAG(s) 'example_sla_dag' retrieved from /home/airflow/.local/lib/python3.12/site-packages/airflow/example_dags/example_sla_dag.py
[2025-12-16T18:30:15.577+0000] {logging_mixin.py:190} INFO - [2025-12-16T18:30:15.577+0000] {dag.py:3239} INFO - Sync 1 DAGs
[2025-12-16T18:30:15.616+0000] {logging_mixin.py:190} INFO - [2025-12-16T18:30:15.616+0000] {dag.py:4180} INFO - Setting next_dagrun for example_sla_dag to 2025-12-16 18:28:00+00:00, run_after=2025-12-16 18:30:00+00:00
[2025-12-16T18:30:15.640+0000] {processor.py:208} INFO - Processing /home/airflow/.local/lib/python3.12/site-packages/airflow/example_dags/example_sla_dag.py took 0.128 seconds
[2025-12-16T18:30:46.079+0000] {processor.py:186} INFO - Started process (PID=969) to work on /home/airflow/.local/lib/python3.12/site-packages/airflow/example_dags/example_sla_dag.py
[2025-12-16T18:30:46.080+0000] {processor.py:914} INFO - Processing file /home/airflow/.local/lib/python3.12/site-packages/airflow/example_dags/example_sla_dag.py for tasks to queue
[2025-12-16T18:30:46.083+0000] {logging_mixin.py:190} INFO - [2025-12-16T18:30:46.083+0000] {dagbag.py:588} INFO - Filling up the DagBag from /home/airflow/.local/lib/python3.12/site-packages/airflow/example_dags/example_sla_dag.py
[2025-12-16T18:30:46.096+0000] {processor.py:925} INFO - DAG(s) 'example_sla_dag' retrieved from /home/airflow/.local/lib/python3.12/site-packages/airflow/example_dags/example_sla_dag.py
[2025-12-16T18:30:46.118+0000] {logging_mixin.py:190} INFO - [2025-12-16T18:30:46.118+0000] {dag.py:3239} INFO - Sync 1 DAGs
[2025-12-16T18:30:46.149+0000] {logging_mixin.py:190} INFO - [2025-12-16T18:30:46.148+0000] {dag.py:4180} INFO - Setting next_dagrun for example_sla_dag to 2025-12-16 18:28:00+00:00, run_after=2025-12-16 18:30:00+00:00
[2025-12-16T18:30:46.168+0000] {processor.py:208} INFO - Processing /home/airflow/.local/lib/python3.12/site-packages/airflow/example_dags/example_sla_dag.py took 0.096 seconds
[2025-12-16T18:31:18.058+0000] {processor.py:186} INFO - Started process (PID=1262) to work on /home/airflow/.local/lib/python3.12/site-packages/airflow/example_dags/example_sla_dag.py
[2025-12-16T18:31:18.059+0000] {processor.py:914} INFO - Processing file /home/airflow/.local/lib/python3.12/site-packages/airflow/example_dags/example_sla_dag.py for tasks to queue
[2025-12-16T18:31:18.062+0000] {logging_mixin.py:190} INFO - [2025-12-16T18:31:18.062+0000] {dagbag.py:588} INFO - Filling up the DagBag from /home/airflow/.local/lib/python3.12/site-packages/airflow/example_dags/example_sla_dag.py
[2025-12-16T18:31:18.075+0000] {processor.py:925} INFO - DAG(s) 'example_sla_dag' retrieved from /home/airflow/.local/lib/python3.12/site-packages/airflow/example_dags/example_sla_dag.py
[2025-12-16T18:31:18.098+0000] {logging_mixin.py:190} INFO - [2025-12-16T18:31:18.098+0000] {dag.py:3239} INFO - Sync 1 DAGs
[2025-12-16T18:31:18.129+0000] {logging_mixin.py:190} INFO - [2025-12-16T18:31:18.129+0000] {dag.py:4180} INFO - Setting next_dagrun for example_sla_dag to 2025-12-16 18:28:00+00:00, run_after=2025-12-16 18:30:00+00:00
[2025-12-16T18:31:18.148+0000] {processor.py:208} INFO - Processing /home/airflow/.local/lib/python3.12/site-packages/airflow/example_dags/example_sla_dag.py took 0.098 seconds
[2025-12-16T18:31:48.401+0000] {processor.py:186} INFO - Started process (PID=1551) to work on /home/airflow/.local/lib/python3.12/site-packages/airflow/example_dags/example_sla_dag.py
[2025-12-16T18:31:48.402+0000] {processor.py:914} INFO - Processing file /home/airflow/.local/lib/python3.12/site-packages/airflow/example_dags/example_sla_dag.py for tasks to queue
[2025-12-16T18:31:48.405+0000] {logging_mixin.py:190} INFO - [2025-12-16T18:31:48.405+0000] {dagbag.py:588} INFO - Filling up the DagBag from /home/airflow/.local/lib/python3.12/site-packages/airflow/example_dags/example_sla_dag.py
[2025-12-16T18:31:48.417+0000] {processor.py:925} INFO - DAG(s) 'example_sla_dag' retrieved from /home/airflow/.local/lib/python3.12/site-packages/airflow/example_dags/example_sla_dag.py
[2025-12-16T18:31:48.442+0000] {logging_mixin.py:190} INFO - [2025-12-16T18:31:48.442+0000] {dag.py:3239} INFO - Sync 1 DAGs
[2025-12-16T18:31:48.480+0000] {logging_mixin.py:190} INFO - [2025-12-16T18:31:48.479+0000] {dag.py:4180} INFO - Setting next_dagrun for example_sla_dag to 2025-12-16 18:28:00+00:00, run_after=2025-12-16 18:30:00+00:00
[2025-12-16T18:31:48.505+0000] {processor.py:208} INFO - Processing /home/airflow/.local/lib/python3.12/site-packages/airflow/example_dags/example_sla_dag.py took 0.112 seconds
[2025-12-16T18:32:18.848+0000] {processor.py:186} INFO - Started process (PID=1837) to work on /home/airflow/.local/lib/python3.12/site-packages/airflow/example_dags/example_sla_dag.py
[2025-12-16T18:32:18.850+0000] {processor.py:914} INFO - Processing file /home/airflow/.local/lib/python3.12/site-packages/airflow/example_dags/example_sla_dag.py for tasks to queue
[2025-12-16T18:32:18.854+0000] {logging_mixin.py:190} INFO - [2025-12-16T18:32:18.853+0000] {dagbag.py:588} INFO - Filling up the DagBag from /home/airflow/.local/lib/python3.12/site-packages/airflow/example_dags/example_sla_dag.py
[2025-12-16T18:32:18.866+0000] {processor.py:925} INFO - DAG(s) 'example_sla_dag' retrieved from /home/airflow/.local/lib/python3.12/site-packages/airflow/example_dags/example_sla_dag.py
[2025-12-16T18:32:18.889+0000] {logging_mixin.py:190} INFO - [2025-12-16T18:32:18.889+0000] {dag.py:3239} INFO - Sync 1 DAGs
[2025-12-16T18:32:18.923+0000] {logging_mixin.py:190} INFO - [2025-12-16T18:32:18.923+0000] {dag.py:4180} INFO - Setting next_dagrun for example_sla_dag to 2025-12-16 18:30:00+00:00, run_after=2025-12-16 18:32:00+00:00
[2025-12-16T18:32:18.943+0000] {processor.py:208} INFO - Processing /home/airflow/.local/lib/python3.12/site-packages/airflow/example_dags/example_sla_dag.py took 0.103 seconds
[2025-12-16T18:32:49.989+0000] {processor.py:186} INFO - Started process (PID=2128) to work on /home/airflow/.local/lib/python3.12/site-packages/airflow/example_dags/example_sla_dag.py
[2025-12-16T18:32:49.991+0000] {processor.py:914} INFO - Processing file /home/airflow/.local/lib/python3.12/site-packages/airflow/example_dags/example_sla_dag.py for tasks to queue
[2025-12-16T18:32:49.994+0000] {logging_mixin.py:190} INFO - [2025-12-16T18:32:49.994+0000] {dagbag.py:588} INFO - Filling up the DagBag from /home/airflow/.local/lib/python3.12/site-packages/airflow/example_dags/example_sla_dag.py
[2025-12-16T18:32:50.009+0000] {processor.py:925} INFO - DAG(s) 'example_sla_dag' retrieved from /home/airflow/.local/lib/python3.12/site-packages/airflow/example_dags/example_sla_dag.py
[2025-12-16T18:32:50.033+0000] {logging_mixin.py:190} INFO - [2025-12-16T18:32:50.033+0000] {dag.py:3239} INFO - Sync 1 DAGs
[2025-12-16T18:32:50.069+0000] {logging_mixin.py:190} INFO - [2025-12-16T18:32:50.069+0000] {dag.py:4180} INFO - Setting next_dagrun for example_sla_dag to 2025-12-16 18:30:00+00:00, run_after=2025-12-16 18:32:00+00:00
[2025-12-16T18:32:50.095+0000] {processor.py:208} INFO - Processing /home/airflow/.local/lib/python3.12/site-packages/airflow/example_dags/example_sla_dag.py took 0.114 seconds
[2025-12-16T18:33:21.413+0000] {processor.py:186} INFO - Started process (PID=2419) to work on /home/airflow/.local/lib/python3.12/site-packages/airflow/example_dags/example_sla_dag.py
[2025-12-16T18:33:21.414+0000] {processor.py:914} INFO - Processing file /home/airflow/.local/lib/python3.12/site-packages/airflow/example_dags/example_sla_dag.py for tasks to queue
[2025-12-16T18:33:21.417+0000] {logging_mixin.py:190} INFO - [2025-12-16T18:33:21.416+0000] {dagbag.py:588} INFO - Filling up the DagBag from /home/airflow/.local/lib/python3.12/site-packages/airflow/example_dags/example_sla_dag.py
[2025-12-16T18:33:21.429+0000] {processor.py:925} INFO - DAG(s) 'example_sla_dag' retrieved from /home/airflow/.local/lib/python3.12/site-packages/airflow/example_dags/example_sla_dag.py
[2025-12-16T18:33:21.451+0000] {logging_mixin.py:190} INFO - [2025-12-16T18:33:21.451+0000] {dag.py:3239} INFO - Sync 1 DAGs
[2025-12-16T18:33:21.484+0000] {logging_mixin.py:190} INFO - [2025-12-16T18:33:21.484+0000] {dag.py:4180} INFO - Setting next_dagrun for example_sla_dag to 2025-12-16 18:30:00+00:00, run_after=2025-12-16 18:32:00+00:00
[2025-12-16T18:33:21.504+0000] {processor.py:208} INFO - Processing /home/airflow/.local/lib/python3.12/site-packages/airflow/example_dags/example_sla_dag.py took 0.099 seconds
[2025-12-16T18:33:52.408+0000] {processor.py:186} INFO - Started process (PID=2710) to work on /home/airflow/.local/lib/python3.12/site-packages/airflow/example_dags/example_sla_dag.py
[2025-12-16T18:33:52.409+0000] {processor.py:914} INFO - Processing file /home/airflow/.local/lib/python3.12/site-packages/airflow/example_dags/example_sla_dag.py for tasks to queue
[2025-12-16T18:33:52.413+0000] {logging_mixin.py:190} INFO - [2025-12-16T18:33:52.412+0000] {dagbag.py:588} INFO - Filling up the DagBag from /home/airflow/.local/lib/python3.12/site-packages/airflow/example_dags/example_sla_dag.py
[2025-12-16T18:33:52.426+0000] {processor.py:925} INFO - DAG(s) 'example_sla_dag' retrieved from /home/airflow/.local/lib/python3.12/site-packages/airflow/example_dags/example_sla_dag.py
[2025-12-16T18:33:52.453+0000] {logging_mixin.py:190} INFO - [2025-12-16T18:33:52.453+0000] {dag.py:3239} INFO - Sync 1 DAGs
[2025-12-16T18:33:52.490+0000] {logging_mixin.py:190} INFO - [2025-12-16T18:33:52.489+0000] {dag.py:4180} INFO - Setting next_dagrun for example_sla_dag to 2025-12-16 18:30:00+00:00, run_after=2025-12-16 18:32:00+00:00
[2025-12-16T18:33:52.512+0000] {processor.py:208} INFO - Processing /home/airflow/.local/lib/python3.12/site-packages/airflow/example_dags/example_sla_dag.py took 0.112 seconds
[2025-12-16T18:34:23.327+0000] {processor.py:186} INFO - Started process (PID=3001) to work on /home/airflow/.local/lib/python3.12/site-packages/airflow/example_dags/example_sla_dag.py
[2025-12-16T18:34:23.329+0000] {processor.py:914} INFO - Processing file /home/airflow/.local/lib/python3.12/site-packages/airflow/example_dags/example_sla_dag.py for tasks to queue
[2025-12-16T18:34:23.332+0000] {logging_mixin.py:190} INFO - [2025-12-16T18:34:23.331+0000] {dagbag.py:588} INFO - Filling up the DagBag from /home/airflow/.local/lib/python3.12/site-packages/airflow/example_dags/example_sla_dag.py
[2025-12-16T18:34:23.344+0000] {processor.py:925} INFO - DAG(s) 'example_sla_dag' retrieved from /home/airflow/.local/lib/python3.12/site-packages/airflow/example_dags/example_sla_dag.py
[2025-12-16T18:34:23.366+0000] {logging_mixin.py:190} INFO - [2025-12-16T18:34:23.366+0000] {dag.py:3239} INFO - Sync 1 DAGs
[2025-12-16T18:34:23.397+0000] {logging_mixin.py:190} INFO - [2025-12-16T18:34:23.397+0000] {dag.py:4180} INFO - Setting next_dagrun for example_sla_dag to 2025-12-16 18:32:00+00:00, run_after=2025-12-16 18:34:00+00:00
[2025-12-16T18:34:23.416+0000] {processor.py:208} INFO - Processing /home/airflow/.local/lib/python3.12/site-packages/airflow/example_dags/example_sla_dag.py took 0.096 seconds
[2025-12-16T18:34:54.502+0000] {processor.py:186} INFO - Started process (PID=3292) to work on /home/airflow/.local/lib/python3.12/site-packages/airflow/example_dags/example_sla_dag.py
[2025-12-16T18:34:54.503+0000] {processor.py:914} INFO - Processing file /home/airflow/.local/lib/python3.12/site-packages/airflow/example_dags/example_sla_dag.py for tasks to queue
[2025-12-16T18:34:54.507+0000] {logging_mixin.py:190} INFO - [2025-12-16T18:34:54.506+0000] {dagbag.py:588} INFO - Filling up the DagBag from /home/airflow/.local/lib/python3.12/site-packages/airflow/example_dags/example_sla_dag.py
[2025-12-16T18:34:54.519+0000] {processor.py:925} INFO - DAG(s) 'example_sla_dag' retrieved from /home/airflow/.local/lib/python3.12/site-packages/airflow/example_dags/example_sla_dag.py
[2025-12-16T18:34:54.543+0000] {logging_mixin.py:190} INFO - [2025-12-16T18:34:54.542+0000] {dag.py:3239} INFO - Sync 1 DAGs
[2025-12-16T18:34:54.573+0000] {logging_mixin.py:190} INFO - [2025-12-16T18:34:54.573+0000] {dag.py:4180} INFO - Setting next_dagrun for example_sla_dag to 2025-12-16 18:32:00+00:00, run_after=2025-12-16 18:34:00+00:00
[2025-12-16T18:34:54.592+0000] {processor.py:208} INFO - Processing /home/airflow/.local/lib/python3.12/site-packages/airflow/example_dags/example_sla_dag.py took 0.098 seconds
[2025-12-16T18:35:25.857+0000] {processor.py:186} INFO - Started process (PID=3583) to work on /home/airflow/.local/lib/python3.12/site-packages/airflow/example_dags/example_sla_dag.py
[2025-12-16T18:35:25.858+0000] {processor.py:914} INFO - Processing file /home/airflow/.local/lib/python3.12/site-packages/airflow/example_dags/example_sla_dag.py for tasks to queue
[2025-12-16T18:35:25.862+0000] {logging_mixin.py:190} INFO - [2025-12-16T18:35:25.861+0000] {dagbag.py:588} INFO - Filling up the DagBag from /home/airflow/.local/lib/python3.12/site-packages/airflow/example_dags/example_sla_dag.py
[2025-12-16T18:35:25.875+0000] {processor.py:925} INFO - DAG(s) 'example_sla_dag' retrieved from /home/airflow/.local/lib/python3.12/site-packages/airflow/example_dags/example_sla_dag.py
[2025-12-16T18:35:25.898+0000] {logging_mixin.py:190} INFO - [2025-12-16T18:35:25.897+0000] {dag.py:3239} INFO - Sync 1 DAGs
[2025-12-16T18:35:25.929+0000] {logging_mixin.py:190} INFO - [2025-12-16T18:35:25.929+0000] {dag.py:4180} INFO - Setting next_dagrun for example_sla_dag to 2025-12-16 18:32:00+00:00, run_after=2025-12-16 18:34:00+00:00
[2025-12-16T18:35:25.949+0000] {processor.py:208} INFO - Processing /home/airflow/.local/lib/python3.12/site-packages/airflow/example_dags/example_sla_dag.py took 0.101 seconds
[2025-12-16T18:35:57.065+0000] {processor.py:186} INFO - Started process (PID=3874) to work on /home/airflow/.local/lib/python3.12/site-packages/airflow/example_dags/example_sla_dag.py
[2025-12-16T18:35:57.066+0000] {processor.py:914} INFO - Processing file /home/airflow/.local/lib/python3.12/site-packages/airflow/example_dags/example_sla_dag.py for tasks to queue
[2025-12-16T18:35:57.069+0000] {logging_mixin.py:190} INFO - [2025-12-16T18:35:57.069+0000] {dagbag.py:588} INFO - Filling up the DagBag from /home/airflow/.local/lib/python3.12/site-packages/airflow/example_dags/example_sla_dag.py
[2025-12-16T18:35:57.081+0000] {processor.py:925} INFO - DAG(s) 'example_sla_dag' retrieved from /home/airflow/.local/lib/python3.12/site-packages/airflow/example_dags/example_sla_dag.py
[2025-12-16T18:35:57.102+0000] {logging_mixin.py:190} INFO - [2025-12-16T18:35:57.102+0000] {dag.py:3239} INFO - Sync 1 DAGs
[2025-12-16T18:35:57.133+0000] {logging_mixin.py:190} INFO - [2025-12-16T18:35:57.133+0000] {dag.py:4180} INFO - Setting next_dagrun for example_sla_dag to 2025-12-16 18:32:00+00:00, run_after=2025-12-16 18:34:00+00:00
[2025-12-16T18:35:57.152+0000] {processor.py:208} INFO - Processing /home/airflow/.local/lib/python3.12/site-packages/airflow/example_dags/example_sla_dag.py took 0.094 seconds
[2025-12-16T18:36:28.220+0000] {processor.py:186} INFO - Started process (PID=4165) to work on /home/airflow/.local/lib/python3.12/site-packages/airflow/example_dags/example_sla_dag.py
[2025-12-16T18:36:28.221+0000] {processor.py:914} INFO - Processing file /home/airflow/.local/lib/python3.12/site-packages/airflow/example_dags/example_sla_dag.py for tasks to queue
[2025-12-16T18:36:28.225+0000] {logging_mixin.py:190} INFO - [2025-12-16T18:36:28.225+0000] {dagbag.py:588} INFO - Filling up the DagBag from /home/airflow/.local/lib/python3.12/site-packages/airflow/example_dags/example_sla_dag.py
[2025-12-16T18:36:28.238+0000] {processor.py:925} INFO - DAG(s) 'example_sla_dag' retrieved from /home/airflow/.local/lib/python3.12/site-packages/airflow/example_dags/example_sla_dag.py
[2025-12-16T18:36:28.264+0000] {logging_mixin.py:190} INFO - [2025-12-16T18:36:28.264+0000] {dag.py:3239} INFO - Sync 1 DAGs
[2025-12-16T18:36:28.298+0000] {logging_mixin.py:190} INFO - [2025-12-16T18:36:28.298+0000] {dag.py:4180} INFO - Setting next_dagrun for example_sla_dag to 2025-12-16 18:34:00+00:00, run_after=2025-12-16 18:36:00+00:00
[2025-12-16T18:36:28.317+0000] {processor.py:208} INFO - Processing /home/airflow/.local/lib/python3.12/site-packages/airflow/example_dags/example_sla_dag.py took 0.106 seconds
[2025-12-16T18:36:59.277+0000] {processor.py:186} INFO - Started process (PID=4456) to work on /home/airflow/.local/lib/python3.12/site-packages/airflow/example_dags/example_sla_dag.py
[2025-12-16T18:36:59.278+0000] {processor.py:914} INFO - Processing file /home/airflow/.local/lib/python3.12/site-packages/airflow/example_dags/example_sla_dag.py for tasks to queue
[2025-12-16T18:36:59.281+0000] {logging_mixin.py:190} INFO - [2025-12-16T18:36:59.281+0000] {dagbag.py:588} INFO - Filling up the DagBag from /home/airflow/.local/lib/python3.12/site-packages/airflow/example_dags/example_sla_dag.py
[2025-12-16T18:36:59.293+0000] {processor.py:925} INFO - DAG(s) 'example_sla_dag' retrieved from /home/airflow/.local/lib/python3.12/site-packages/airflow/example_dags/example_sla_dag.py
[2025-12-16T18:36:59.315+0000] {logging_mixin.py:190} INFO - [2025-12-16T18:36:59.315+0000] {dag.py:3239} INFO - Sync 1 DAGs
[2025-12-16T18:36:59.351+0000] {logging_mixin.py:190} INFO - [2025-12-16T18:36:59.350+0000] {dag.py:4180} INFO - Setting next_dagrun for example_sla_dag to 2025-12-16 18:34:00+00:00, run_after=2025-12-16 18:36:00+00:00
[2025-12-16T18:36:59.373+0000] {processor.py:208} INFO - Processing /home/airflow/.local/lib/python3.12/site-packages/airflow/example_dags/example_sla_dag.py took 0.104 seconds
[2025-12-16T18:37:30.434+0000] {processor.py:186} INFO - Started process (PID=4747) to work on /home/airflow/.local/lib/python3.12/site-packages/airflow/example_dags/example_sla_dag.py
[2025-12-16T18:37:30.435+0000] {processor.py:914} INFO - Processing file /home/airflow/.local/lib/python3.12/site-packages/airflow/example_dags/example_sla_dag.py for tasks to queue
[2025-12-16T18:37:30.438+0000] {logging_mixin.py:190} INFO - [2025-12-16T18:37:30.438+0000] {dagbag.py:588} INFO - Filling up the DagBag from /home/airflow/.local/lib/python3.12/site-packages/airflow/example_dags/example_sla_dag.py
[2025-12-16T18:37:30.452+0000] {processor.py:925} INFO - DAG(s) 'example_sla_dag' retrieved from /home/airflow/.local/lib/python3.12/site-packages/airflow/example_dags/example_sla_dag.py
[2025-12-16T18:37:30.475+0000] {logging_mixin.py:190} INFO - [2025-12-16T18:37:30.475+0000] {dag.py:3239} INFO - Sync 1 DAGs
[2025-12-16T18:37:30.509+0000] {logging_mixin.py:190} INFO - [2025-12-16T18:37:30.508+0000] {dag.py:4180} INFO - Setting next_dagrun for example_sla_dag to 2025-12-16 18:34:00+00:00, run_after=2025-12-16 18:36:00+00:00
[2025-12-16T18:37:30.530+0000] {processor.py:208} INFO - Processing /home/airflow/.local/lib/python3.12/site-packages/airflow/example_dags/example_sla_dag.py took 0.104 seconds
[2025-12-16T18:38:01.213+0000] {processor.py:186} INFO - Started process (PID=5038) to work on /home/airflow/.local/lib/python3.12/site-packages/airflow/example_dags/example_sla_dag.py
[2025-12-16T18:38:01.214+0000] {processor.py:914} INFO - Processing file /home/airflow/.local/lib/python3.12/site-packages/airflow/example_dags/example_sla_dag.py for tasks to queue
[2025-12-16T18:38:01.217+0000] {logging_mixin.py:190} INFO - [2025-12-16T18:38:01.216+0000] {dagbag.py:588} INFO - Filling up the DagBag from /home/airflow/.local/lib/python3.12/site-packages/airflow/example_dags/example_sla_dag.py
[2025-12-16T18:38:01.230+0000] {processor.py:925} INFO - DAG(s) 'example_sla_dag' retrieved from /home/airflow/.local/lib/python3.12/site-packages/airflow/example_dags/example_sla_dag.py
[2025-12-16T18:38:01.255+0000] {logging_mixin.py:190} INFO - [2025-12-16T18:38:01.254+0000] {dag.py:3239} INFO - Sync 1 DAGs
[2025-12-16T18:38:01.288+0000] {logging_mixin.py:190} INFO - [2025-12-16T18:38:01.288+0000] {dag.py:4180} INFO - Setting next_dagrun for example_sla_dag to 2025-12-16 18:36:00+00:00, run_after=2025-12-16 18:38:00+00:00
[2025-12-16T18:38:01.311+0000] {processor.py:208} INFO - Processing /home/airflow/.local/lib/python3.12/site-packages/airflow/example_dags/example_sla_dag.py took 0.107 seconds
[2025-12-16T18:38:32.871+0000] {processor.py:186} INFO - Started process (PID=5329) to work on /home/airflow/.local/lib/python3.12/site-packages/airflow/example_dags/example_sla_dag.py
[2025-12-16T18:38:32.872+0000] {processor.py:914} INFO - Processing file /home/airflow/.local/lib/python3.12/site-packages/airflow/example_dags/example_sla_dag.py for tasks to queue
[2025-12-16T18:38:32.877+0000] {logging_mixin.py:190} INFO - [2025-12-16T18:38:32.876+0000] {dagbag.py:588} INFO - Filling up the DagBag from /home/airflow/.local/lib/python3.12/site-packages/airflow/example_dags/example_sla_dag.py
[2025-12-16T18:38:32.890+0000] {processor.py:925} INFO - DAG(s) 'example_sla_dag' retrieved from /home/airflow/.local/lib/python3.12/site-packages/airflow/example_dags/example_sla_dag.py
[2025-12-16T18:38:32.916+0000] {logging_mixin.py:190} INFO - [2025-12-16T18:38:32.916+0000] {dag.py:3239} INFO - Sync 1 DAGs
[2025-12-16T18:38:32.951+0000] {logging_mixin.py:190} INFO - [2025-12-16T18:38:32.950+0000] {dag.py:4180} INFO - Setting next_dagrun for example_sla_dag to 2025-12-16 18:36:00+00:00, run_after=2025-12-16 18:38:00+00:00
[2025-12-16T18:38:32.973+0000] {processor.py:208} INFO - Processing /home/airflow/.local/lib/python3.12/site-packages/airflow/example_dags/example_sla_dag.py took 0.109 seconds
[2025-12-16T18:39:03.681+0000] {processor.py:186} INFO - Started process (PID=5620) to work on /home/airflow/.local/lib/python3.12/site-packages/airflow/example_dags/example_sla_dag.py
[2025-12-16T18:39:03.682+0000] {processor.py:914} INFO - Processing file /home/airflow/.local/lib/python3.12/site-packages/airflow/example_dags/example_sla_dag.py for tasks to queue
[2025-12-16T18:39:03.685+0000] {logging_mixin.py:190} INFO - [2025-12-16T18:39:03.684+0000] {dagbag.py:588} INFO - Filling up the DagBag from /home/airflow/.local/lib/python3.12/site-packages/airflow/example_dags/example_sla_dag.py
[2025-12-16T18:39:03.697+0000] {processor.py:925} INFO - DAG(s) 'example_sla_dag' retrieved from /home/airflow/.local/lib/python3.12/site-packages/airflow/example_dags/example_sla_dag.py
[2025-12-16T18:39:03.720+0000] {logging_mixin.py:190} INFO - [2025-12-16T18:39:03.720+0000] {dag.py:3239} INFO - Sync 1 DAGs
[2025-12-16T18:39:03.751+0000] {logging_mixin.py:190} INFO - [2025-12-16T18:39:03.751+0000] {dag.py:4180} INFO - Setting next_dagrun for example_sla_dag to 2025-12-16 18:36:00+00:00, run_after=2025-12-16 18:38:00+00:00
[2025-12-16T18:39:03.770+0000] {processor.py:208} INFO - Processing /home/airflow/.local/lib/python3.12/site-packages/airflow/example_dags/example_sla_dag.py took 0.096 seconds
[2025-12-16T18:39:35.001+0000] {processor.py:186} INFO - Started process (PID=5911) to work on /home/airflow/.local/lib/python3.12/site-packages/airflow/example_dags/example_sla_dag.py
[2025-12-16T18:39:35.003+0000] {processor.py:914} INFO - Processing file /home/airflow/.local/lib/python3.12/site-packages/airflow/example_dags/example_sla_dag.py for tasks to queue
[2025-12-16T18:39:35.006+0000] {logging_mixin.py:190} INFO - [2025-12-16T18:39:35.005+0000] {dagbag.py:588} INFO - Filling up the DagBag from /home/airflow/.local/lib/python3.12/site-packages/airflow/example_dags/example_sla_dag.py
[2025-12-16T18:39:35.018+0000] {processor.py:925} INFO - DAG(s) 'example_sla_dag' retrieved from /home/airflow/.local/lib/python3.12/site-packages/airflow/example_dags/example_sla_dag.py
[2025-12-16T18:39:35.041+0000] {logging_mixin.py:190} INFO - [2025-12-16T18:39:35.041+0000] {dag.py:3239} INFO - Sync 1 DAGs
[2025-12-16T18:39:35.073+0000] {logging_mixin.py:190} INFO - [2025-12-16T18:39:35.072+0000] {dag.py:4180} INFO - Setting next_dagrun for example_sla_dag to 2025-12-16 18:36:00+00:00, run_after=2025-12-16 18:38:00+00:00
[2025-12-16T18:39:35.094+0000] {processor.py:208} INFO - Processing /home/airflow/.local/lib/python3.12/site-packages/airflow/example_dags/example_sla_dag.py took 0.100 seconds
[2025-12-16T18:40:05.988+0000] {processor.py:186} INFO - Started process (PID=6197) to work on /home/airflow/.local/lib/python3.12/site-packages/airflow/example_dags/example_sla_dag.py
[2025-12-16T18:40:05.989+0000] {processor.py:914} INFO - Processing file /home/airflow/.local/lib/python3.12/site-packages/airflow/example_dags/example_sla_dag.py for tasks to queue
[2025-12-16T18:40:05.992+0000] {logging_mixin.py:190} INFO - [2025-12-16T18:40:05.992+0000] {dagbag.py:588} INFO - Filling up the DagBag from /home/airflow/.local/lib/python3.12/site-packages/airflow/example_dags/example_sla_dag.py
[2025-12-16T18:40:06.005+0000] {processor.py:925} INFO - DAG(s) 'example_sla_dag' retrieved from /home/airflow/.local/lib/python3.12/site-packages/airflow/example_dags/example_sla_dag.py
[2025-12-16T18:40:06.027+0000] {logging_mixin.py:190} INFO - [2025-12-16T18:40:06.026+0000] {dag.py:3239} INFO - Sync 1 DAGs
[2025-12-16T18:40:06.059+0000] {logging_mixin.py:190} INFO - [2025-12-16T18:40:06.059+0000] {dag.py:4180} INFO - Setting next_dagrun for example_sla_dag to 2025-12-16 18:38:00+00:00, run_after=2025-12-16 18:40:00+00:00
[2025-12-16T18:40:06.077+0000] {processor.py:208} INFO - Processing /home/airflow/.local/lib/python3.12/site-packages/airflow/example_dags/example_sla_dag.py took 0.097 seconds
[2025-12-16T18:40:38.245+0000] {processor.py:186} INFO - Started process (PID=6488) to work on /home/airflow/.local/lib/python3.12/site-packages/airflow/example_dags/example_sla_dag.py
[2025-12-16T18:40:38.246+0000] {processor.py:914} INFO - Processing file /home/airflow/.local/lib/python3.12/site-packages/airflow/example_dags/example_sla_dag.py for tasks to queue
[2025-12-16T18:40:38.249+0000] {logging_mixin.py:190} INFO - [2025-12-16T18:40:38.248+0000] {dagbag.py:588} INFO - Filling up the DagBag from /home/airflow/.local/lib/python3.12/site-packages/airflow/example_dags/example_sla_dag.py
[2025-12-16T18:40:38.261+0000] {processor.py:925} INFO - DAG(s) 'example_sla_dag' retrieved from /home/airflow/.local/lib/python3.12/site-packages/airflow/example_dags/example_sla_dag.py
[2025-12-16T18:40:38.284+0000] {logging_mixin.py:190} INFO - [2025-12-16T18:40:38.284+0000] {dag.py:3239} INFO - Sync 1 DAGs
[2025-12-16T18:40:38.316+0000] {logging_mixin.py:190} INFO - [2025-12-16T18:40:38.315+0000] {dag.py:4180} INFO - Setting next_dagrun for example_sla_dag to 2025-12-16 18:38:00+00:00, run_after=2025-12-16 18:40:00+00:00
[2025-12-16T18:40:38.335+0000] {processor.py:208} INFO - Processing /home/airflow/.local/lib/python3.12/site-packages/airflow/example_dags/example_sla_dag.py took 0.098 seconds
