[2025-12-16T18:26:48.809+0000] {processor.py:186} INFO - Started process (PID=392) to work on /home/airflow/.local/lib/python3.12/site-packages/airflow/example_dags/example_subdag_operator.py
[2025-12-16T18:26:48.810+0000] {processor.py:914} INFO - Processing file /home/airflow/.local/lib/python3.12/site-packages/airflow/example_dags/example_subdag_operator.py for tasks to queue
[2025-12-16T18:26:48.813+0000] {logging_mixin.py:190} INFO - [2025-12-16T18:26:48.813+0000] {dagbag.py:588} INFO - Filling up the DagBag from /home/airflow/.local/lib/python3.12/site-packages/airflow/example_dags/example_subdag_operator.py
[2025-12-16T18:26:48.847+0000] {processor.py:925} INFO - DAG(s) 'example_subdag_operator.section-1', 'example_subdag_operator.section-2', 'example_subdag_operator' retrieved from /home/airflow/.local/lib/python3.12/site-packages/airflow/example_dags/example_subdag_operator.py
[2025-12-16T18:26:48.973+0000] {logging_mixin.py:190} INFO - [2025-12-16T18:26:48.972+0000] {override.py:1911} INFO - Created Permission View: can read on DAG:example_subdag_operator
[2025-12-16T18:26:48.984+0000] {logging_mixin.py:190} INFO - [2025-12-16T18:26:48.984+0000] {override.py:1911} INFO - Created Permission View: can delete on DAG:example_subdag_operator
[2025-12-16T18:26:48.992+0000] {logging_mixin.py:190} INFO - [2025-12-16T18:26:48.991+0000] {override.py:1911} INFO - Created Permission View: can edit on DAG:example_subdag_operator
[2025-12-16T18:26:49.000+0000] {logging_mixin.py:190} INFO - [2025-12-16T18:26:48.999+0000] {override.py:1911} INFO - Created Permission View: can read on DAG Run:example_subdag_operator
[2025-12-16T18:26:49.008+0000] {logging_mixin.py:190} INFO - [2025-12-16T18:26:49.007+0000] {override.py:1911} INFO - Created Permission View: can create on DAG Run:example_subdag_operator
[2025-12-16T18:26:49.015+0000] {logging_mixin.py:190} INFO - [2025-12-16T18:26:49.014+0000] {override.py:1911} INFO - Created Permission View: menu access on DAG Run:example_subdag_operator
[2025-12-16T18:26:49.022+0000] {logging_mixin.py:190} INFO - [2025-12-16T18:26:49.021+0000] {override.py:1911} INFO - Created Permission View: can delete on DAG Run:example_subdag_operator
[2025-12-16T18:26:49.022+0000] {logging_mixin.py:190} INFO - [2025-12-16T18:26:49.022+0000] {dag.py:3239} INFO - Sync 3 DAGs
[2025-12-16T18:26:49.040+0000] {logging_mixin.py:190} INFO - [2025-12-16T18:26:49.039+0000] {dag.py:3262} INFO - Creating ORM DAG for example_subdag_operator.section-1
[2025-12-16T18:26:49.040+0000] {logging_mixin.py:190} INFO - [2025-12-16T18:26:49.040+0000] {dag.py:3262} INFO - Creating ORM DAG for example_subdag_operator.section-2
[2025-12-16T18:26:49.041+0000] {logging_mixin.py:190} INFO - [2025-12-16T18:26:49.041+0000] {dag.py:3262} INFO - Creating ORM DAG for example_subdag_operator
[2025-12-16T18:26:49.053+0000] {logging_mixin.py:190} INFO - [2025-12-16T18:26:49.053+0000] {dag.py:4180} INFO - Setting next_dagrun for example_subdag_operator to 2022-01-01 00:00:00+00:00, run_after=2022-01-01 00:00:00+00:00
[2025-12-16T18:26:49.054+0000] {logging_mixin.py:190} INFO - [2025-12-16T18:26:49.054+0000] {dag.py:4180} INFO - Setting next_dagrun for example_subdag_operator.section-1 to None, run_after=None
[2025-12-16T18:26:49.054+0000] {logging_mixin.py:190} INFO - [2025-12-16T18:26:49.054+0000] {dag.py:4180} INFO - Setting next_dagrun for example_subdag_operator.section-2 to None, run_after=None
[2025-12-16T18:26:49.064+0000] {logging_mixin.py:190} INFO - [2025-12-16T18:26:49.064+0000] {dag.py:3239} INFO - Sync 2 DAGs
[2025-12-16T18:26:49.070+0000] {logging_mixin.py:190} INFO - [2025-12-16T18:26:49.070+0000] {dag.py:4180} INFO - Setting next_dagrun for example_subdag_operator.section-1 to None, run_after=None
[2025-12-16T18:26:49.073+0000] {logging_mixin.py:190} INFO - [2025-12-16T18:26:49.073+0000] {dag.py:4180} INFO - Setting next_dagrun for example_subdag_operator.section-2 to None, run_after=None
[2025-12-16T18:26:49.086+0000] {processor.py:208} INFO - Processing /home/airflow/.local/lib/python3.12/site-packages/airflow/example_dags/example_subdag_operator.py took 0.285 seconds
[2025-12-16T18:27:19.491+0000] {processor.py:186} INFO - Started process (PID=683) to work on /home/airflow/.local/lib/python3.12/site-packages/airflow/example_dags/example_subdag_operator.py
[2025-12-16T18:27:19.492+0000] {processor.py:914} INFO - Processing file /home/airflow/.local/lib/python3.12/site-packages/airflow/example_dags/example_subdag_operator.py for tasks to queue
[2025-12-16T18:27:19.495+0000] {logging_mixin.py:190} INFO - [2025-12-16T18:27:19.495+0000] {dagbag.py:588} INFO - Filling up the DagBag from /home/airflow/.local/lib/python3.12/site-packages/airflow/example_dags/example_subdag_operator.py
[2025-12-16T18:27:19.530+0000] {processor.py:925} INFO - DAG(s) 'example_subdag_operator.section-1', 'example_subdag_operator.section-2', 'example_subdag_operator' retrieved from /home/airflow/.local/lib/python3.12/site-packages/airflow/example_dags/example_subdag_operator.py
[2025-12-16T18:27:19.553+0000] {logging_mixin.py:190} INFO - [2025-12-16T18:27:19.552+0000] {dag.py:3239} INFO - Sync 3 DAGs
[2025-12-16T18:27:19.587+0000] {logging_mixin.py:190} INFO - [2025-12-16T18:27:19.587+0000] {dag.py:4180} INFO - Setting next_dagrun for example_subdag_operator to 2022-01-01 00:00:00+00:00, run_after=2022-01-01 00:00:00+00:00
[2025-12-16T18:27:19.592+0000] {logging_mixin.py:190} INFO - [2025-12-16T18:27:19.592+0000] {dag.py:4180} INFO - Setting next_dagrun for example_subdag_operator.section-1 to None, run_after=None
[2025-12-16T18:27:19.594+0000] {logging_mixin.py:190} INFO - [2025-12-16T18:27:19.594+0000] {dag.py:4180} INFO - Setting next_dagrun for example_subdag_operator.section-2 to None, run_after=None
[2025-12-16T18:27:19.607+0000] {logging_mixin.py:190} INFO - [2025-12-16T18:27:19.607+0000] {dag.py:3239} INFO - Sync 2 DAGs
[2025-12-16T18:27:19.616+0000] {logging_mixin.py:190} INFO - [2025-12-16T18:27:19.616+0000] {dag.py:4180} INFO - Setting next_dagrun for example_subdag_operator.section-1 to None, run_after=None
[2025-12-16T18:27:19.617+0000] {logging_mixin.py:190} INFO - [2025-12-16T18:27:19.617+0000] {dag.py:4180} INFO - Setting next_dagrun for example_subdag_operator.section-2 to None, run_after=None
[2025-12-16T18:27:19.631+0000] {processor.py:208} INFO - Processing /home/airflow/.local/lib/python3.12/site-packages/airflow/example_dags/example_subdag_operator.py took 0.149 seconds
[2025-12-16T18:27:50.407+0000] {processor.py:186} INFO - Started process (PID=976) to work on /home/airflow/.local/lib/python3.12/site-packages/airflow/example_dags/example_subdag_operator.py
[2025-12-16T18:27:50.408+0000] {processor.py:914} INFO - Processing file /home/airflow/.local/lib/python3.12/site-packages/airflow/example_dags/example_subdag_operator.py for tasks to queue
[2025-12-16T18:27:50.411+0000] {logging_mixin.py:190} INFO - [2025-12-16T18:27:50.410+0000] {dagbag.py:588} INFO - Filling up the DagBag from /home/airflow/.local/lib/python3.12/site-packages/airflow/example_dags/example_subdag_operator.py
[2025-12-16T18:27:50.441+0000] {processor.py:925} INFO - DAG(s) 'example_subdag_operator.section-1', 'example_subdag_operator.section-2', 'example_subdag_operator' retrieved from /home/airflow/.local/lib/python3.12/site-packages/airflow/example_dags/example_subdag_operator.py
[2025-12-16T18:27:50.460+0000] {logging_mixin.py:190} INFO - [2025-12-16T18:27:50.459+0000] {dag.py:3239} INFO - Sync 3 DAGs
[2025-12-16T18:27:50.493+0000] {logging_mixin.py:190} INFO - [2025-12-16T18:27:50.493+0000] {dag.py:4180} INFO - Setting next_dagrun for example_subdag_operator to 2022-01-01 00:00:00+00:00, run_after=2022-01-01 00:00:00+00:00
[2025-12-16T18:27:50.498+0000] {logging_mixin.py:190} INFO - [2025-12-16T18:27:50.498+0000] {dag.py:4180} INFO - Setting next_dagrun for example_subdag_operator.section-1 to None, run_after=None
[2025-12-16T18:27:50.500+0000] {logging_mixin.py:190} INFO - [2025-12-16T18:27:50.500+0000] {dag.py:4180} INFO - Setting next_dagrun for example_subdag_operator.section-2 to None, run_after=None
[2025-12-16T18:27:50.509+0000] {logging_mixin.py:190} INFO - [2025-12-16T18:27:50.509+0000] {dag.py:3239} INFO - Sync 2 DAGs
[2025-12-16T18:27:50.516+0000] {logging_mixin.py:190} INFO - [2025-12-16T18:27:50.516+0000] {dag.py:4180} INFO - Setting next_dagrun for example_subdag_operator.section-1 to None, run_after=None
[2025-12-16T18:27:50.516+0000] {logging_mixin.py:190} INFO - [2025-12-16T18:27:50.516+0000] {dag.py:4180} INFO - Setting next_dagrun for example_subdag_operator.section-2 to None, run_after=None
[2025-12-16T18:27:50.528+0000] {processor.py:208} INFO - Processing /home/airflow/.local/lib/python3.12/site-packages/airflow/example_dags/example_subdag_operator.py took 0.130 seconds
[2025-12-16T18:29:43.626+0000] {processor.py:186} INFO - Started process (PID=394) to work on /home/airflow/.local/lib/python3.12/site-packages/airflow/example_dags/example_subdag_operator.py
[2025-12-16T18:29:43.627+0000] {processor.py:914} INFO - Processing file /home/airflow/.local/lib/python3.12/site-packages/airflow/example_dags/example_subdag_operator.py for tasks to queue
[2025-12-16T18:29:43.630+0000] {logging_mixin.py:190} INFO - [2025-12-16T18:29:43.629+0000] {dagbag.py:588} INFO - Filling up the DagBag from /home/airflow/.local/lib/python3.12/site-packages/airflow/example_dags/example_subdag_operator.py
[2025-12-16T18:29:43.663+0000] {processor.py:925} INFO - DAG(s) 'example_subdag_operator.section-1', 'example_subdag_operator.section-2', 'example_subdag_operator' retrieved from /home/airflow/.local/lib/python3.12/site-packages/airflow/example_dags/example_subdag_operator.py
[2025-12-16T18:29:43.683+0000] {logging_mixin.py:190} INFO - [2025-12-16T18:29:43.683+0000] {dag.py:3239} INFO - Sync 3 DAGs
[2025-12-16T18:29:43.712+0000] {logging_mixin.py:190} INFO - [2025-12-16T18:29:43.712+0000] {dag.py:4180} INFO - Setting next_dagrun for example_subdag_operator to 2022-01-01 00:00:00+00:00, run_after=2022-01-01 00:00:00+00:00
[2025-12-16T18:29:43.716+0000] {logging_mixin.py:190} INFO - [2025-12-16T18:29:43.716+0000] {dag.py:4180} INFO - Setting next_dagrun for example_subdag_operator.section-1 to None, run_after=None
[2025-12-16T18:29:43.718+0000] {logging_mixin.py:190} INFO - [2025-12-16T18:29:43.717+0000] {dag.py:4180} INFO - Setting next_dagrun for example_subdag_operator.section-2 to None, run_after=None
[2025-12-16T18:29:43.725+0000] {logging_mixin.py:190} INFO - [2025-12-16T18:29:43.725+0000] {dag.py:3239} INFO - Sync 2 DAGs
[2025-12-16T18:29:43.731+0000] {logging_mixin.py:190} INFO - [2025-12-16T18:29:43.731+0000] {dag.py:4180} INFO - Setting next_dagrun for example_subdag_operator.section-1 to None, run_after=None
[2025-12-16T18:29:43.732+0000] {logging_mixin.py:190} INFO - [2025-12-16T18:29:43.731+0000] {dag.py:4180} INFO - Setting next_dagrun for example_subdag_operator.section-2 to None, run_after=None
[2025-12-16T18:29:43.742+0000] {processor.py:208} INFO - Processing /home/airflow/.local/lib/python3.12/site-packages/airflow/example_dags/example_subdag_operator.py took 0.123 seconds
[2025-12-16T18:30:15.628+0000] {processor.py:186} INFO - Started process (PID=683) to work on /home/airflow/.local/lib/python3.12/site-packages/airflow/example_dags/example_subdag_operator.py
[2025-12-16T18:30:15.629+0000] {processor.py:914} INFO - Processing file /home/airflow/.local/lib/python3.12/site-packages/airflow/example_dags/example_subdag_operator.py for tasks to queue
[2025-12-16T18:30:15.632+0000] {logging_mixin.py:190} INFO - [2025-12-16T18:30:15.632+0000] {dagbag.py:588} INFO - Filling up the DagBag from /home/airflow/.local/lib/python3.12/site-packages/airflow/example_dags/example_subdag_operator.py
[2025-12-16T18:30:15.665+0000] {processor.py:925} INFO - DAG(s) 'example_subdag_operator.section-1', 'example_subdag_operator.section-2', 'example_subdag_operator' retrieved from /home/airflow/.local/lib/python3.12/site-packages/airflow/example_dags/example_subdag_operator.py
[2025-12-16T18:30:15.684+0000] {logging_mixin.py:190} INFO - [2025-12-16T18:30:15.683+0000] {dag.py:3239} INFO - Sync 3 DAGs
[2025-12-16T18:30:15.715+0000] {logging_mixin.py:190} INFO - [2025-12-16T18:30:15.714+0000] {dag.py:4180} INFO - Setting next_dagrun for example_subdag_operator to 2022-01-01 00:00:00+00:00, run_after=2022-01-01 00:00:00+00:00
[2025-12-16T18:30:15.721+0000] {logging_mixin.py:190} INFO - [2025-12-16T18:30:15.721+0000] {dag.py:4180} INFO - Setting next_dagrun for example_subdag_operator.section-1 to None, run_after=None
[2025-12-16T18:30:15.723+0000] {logging_mixin.py:190} INFO - [2025-12-16T18:30:15.722+0000] {dag.py:4180} INFO - Setting next_dagrun for example_subdag_operator.section-2 to None, run_after=None
[2025-12-16T18:30:15.738+0000] {logging_mixin.py:190} INFO - [2025-12-16T18:30:15.738+0000] {dag.py:3239} INFO - Sync 2 DAGs
[2025-12-16T18:30:15.744+0000] {logging_mixin.py:190} INFO - [2025-12-16T18:30:15.744+0000] {dag.py:4180} INFO - Setting next_dagrun for example_subdag_operator.section-1 to None, run_after=None
[2025-12-16T18:30:15.745+0000] {logging_mixin.py:190} INFO - [2025-12-16T18:30:15.745+0000] {dag.py:4180} INFO - Setting next_dagrun for example_subdag_operator.section-2 to None, run_after=None
[2025-12-16T18:30:15.757+0000] {processor.py:208} INFO - Processing /home/airflow/.local/lib/python3.12/site-packages/airflow/example_dags/example_subdag_operator.py took 0.138 seconds
[2025-12-16T18:30:46.177+0000] {processor.py:186} INFO - Started process (PID=974) to work on /home/airflow/.local/lib/python3.12/site-packages/airflow/example_dags/example_subdag_operator.py
[2025-12-16T18:30:46.178+0000] {processor.py:914} INFO - Processing file /home/airflow/.local/lib/python3.12/site-packages/airflow/example_dags/example_subdag_operator.py for tasks to queue
[2025-12-16T18:30:46.181+0000] {logging_mixin.py:190} INFO - [2025-12-16T18:30:46.181+0000] {dagbag.py:588} INFO - Filling up the DagBag from /home/airflow/.local/lib/python3.12/site-packages/airflow/example_dags/example_subdag_operator.py
[2025-12-16T18:30:46.211+0000] {processor.py:925} INFO - DAG(s) 'example_subdag_operator.section-1', 'example_subdag_operator.section-2', 'example_subdag_operator' retrieved from /home/airflow/.local/lib/python3.12/site-packages/airflow/example_dags/example_subdag_operator.py
[2025-12-16T18:30:46.230+0000] {logging_mixin.py:190} INFO - [2025-12-16T18:30:46.230+0000] {dag.py:3239} INFO - Sync 3 DAGs
[2025-12-16T18:30:46.257+0000] {logging_mixin.py:190} INFO - [2025-12-16T18:30:46.257+0000] {dag.py:4180} INFO - Setting next_dagrun for example_subdag_operator to 2022-01-01 00:00:00+00:00, run_after=2022-01-01 00:00:00+00:00
[2025-12-16T18:30:46.261+0000] {logging_mixin.py:190} INFO - [2025-12-16T18:30:46.261+0000] {dag.py:4180} INFO - Setting next_dagrun for example_subdag_operator.section-1 to None, run_after=None
[2025-12-16T18:30:46.263+0000] {logging_mixin.py:190} INFO - [2025-12-16T18:30:46.262+0000] {dag.py:4180} INFO - Setting next_dagrun for example_subdag_operator.section-2 to None, run_after=None
[2025-12-16T18:30:46.270+0000] {logging_mixin.py:190} INFO - [2025-12-16T18:30:46.270+0000] {dag.py:3239} INFO - Sync 2 DAGs
[2025-12-16T18:30:46.276+0000] {logging_mixin.py:190} INFO - [2025-12-16T18:30:46.275+0000] {dag.py:4180} INFO - Setting next_dagrun for example_subdag_operator.section-1 to None, run_after=None
[2025-12-16T18:30:46.276+0000] {logging_mixin.py:190} INFO - [2025-12-16T18:30:46.276+0000] {dag.py:4180} INFO - Setting next_dagrun for example_subdag_operator.section-2 to None, run_after=None
[2025-12-16T18:30:46.286+0000] {processor.py:208} INFO - Processing /home/airflow/.local/lib/python3.12/site-packages/airflow/example_dags/example_subdag_operator.py took 0.117 seconds
[2025-12-16T18:31:18.193+0000] {processor.py:186} INFO - Started process (PID=1267) to work on /home/airflow/.local/lib/python3.12/site-packages/airflow/example_dags/example_subdag_operator.py
[2025-12-16T18:31:18.194+0000] {processor.py:914} INFO - Processing file /home/airflow/.local/lib/python3.12/site-packages/airflow/example_dags/example_subdag_operator.py for tasks to queue
[2025-12-16T18:31:18.197+0000] {logging_mixin.py:190} INFO - [2025-12-16T18:31:18.197+0000] {dagbag.py:588} INFO - Filling up the DagBag from /home/airflow/.local/lib/python3.12/site-packages/airflow/example_dags/example_subdag_operator.py
[2025-12-16T18:31:18.230+0000] {processor.py:925} INFO - DAG(s) 'example_subdag_operator.section-1', 'example_subdag_operator.section-2', 'example_subdag_operator' retrieved from /home/airflow/.local/lib/python3.12/site-packages/airflow/example_dags/example_subdag_operator.py
[2025-12-16T18:31:18.248+0000] {logging_mixin.py:190} INFO - [2025-12-16T18:31:18.248+0000] {dag.py:3239} INFO - Sync 3 DAGs
[2025-12-16T18:31:18.277+0000] {logging_mixin.py:190} INFO - [2025-12-16T18:31:18.277+0000] {dag.py:4180} INFO - Setting next_dagrun for example_subdag_operator to 2022-01-01 00:00:00+00:00, run_after=2022-01-01 00:00:00+00:00
[2025-12-16T18:31:18.281+0000] {logging_mixin.py:190} INFO - [2025-12-16T18:31:18.281+0000] {dag.py:4180} INFO - Setting next_dagrun for example_subdag_operator.section-1 to None, run_after=None
[2025-12-16T18:31:18.283+0000] {logging_mixin.py:190} INFO - [2025-12-16T18:31:18.283+0000] {dag.py:4180} INFO - Setting next_dagrun for example_subdag_operator.section-2 to None, run_after=None
[2025-12-16T18:31:18.292+0000] {logging_mixin.py:190} INFO - [2025-12-16T18:31:18.292+0000] {dag.py:3239} INFO - Sync 2 DAGs
[2025-12-16T18:31:18.298+0000] {logging_mixin.py:190} INFO - [2025-12-16T18:31:18.298+0000] {dag.py:4180} INFO - Setting next_dagrun for example_subdag_operator.section-1 to None, run_after=None
[2025-12-16T18:31:18.299+0000] {logging_mixin.py:190} INFO - [2025-12-16T18:31:18.299+0000] {dag.py:4180} INFO - Setting next_dagrun for example_subdag_operator.section-2 to None, run_after=None
[2025-12-16T18:31:18.310+0000] {processor.py:208} INFO - Processing /home/airflow/.local/lib/python3.12/site-packages/airflow/example_dags/example_subdag_operator.py took 0.126 seconds
[2025-12-16T18:31:48.560+0000] {processor.py:186} INFO - Started process (PID=1556) to work on /home/airflow/.local/lib/python3.12/site-packages/airflow/example_dags/example_subdag_operator.py
[2025-12-16T18:31:48.561+0000] {processor.py:914} INFO - Processing file /home/airflow/.local/lib/python3.12/site-packages/airflow/example_dags/example_subdag_operator.py for tasks to queue
[2025-12-16T18:31:48.565+0000] {logging_mixin.py:190} INFO - [2025-12-16T18:31:48.564+0000] {dagbag.py:588} INFO - Filling up the DagBag from /home/airflow/.local/lib/python3.12/site-packages/airflow/example_dags/example_subdag_operator.py
[2025-12-16T18:31:48.602+0000] {processor.py:925} INFO - DAG(s) 'example_subdag_operator.section-1', 'example_subdag_operator.section-2', 'example_subdag_operator' retrieved from /home/airflow/.local/lib/python3.12/site-packages/airflow/example_dags/example_subdag_operator.py
[2025-12-16T18:31:48.624+0000] {logging_mixin.py:190} INFO - [2025-12-16T18:31:48.624+0000] {dag.py:3239} INFO - Sync 3 DAGs
[2025-12-16T18:31:48.655+0000] {logging_mixin.py:190} INFO - [2025-12-16T18:31:48.654+0000] {dag.py:4180} INFO - Setting next_dagrun for example_subdag_operator to 2022-01-01 00:00:00+00:00, run_after=2022-01-01 00:00:00+00:00
[2025-12-16T18:31:48.660+0000] {logging_mixin.py:190} INFO - [2025-12-16T18:31:48.660+0000] {dag.py:4180} INFO - Setting next_dagrun for example_subdag_operator.section-1 to None, run_after=None
[2025-12-16T18:31:48.661+0000] {logging_mixin.py:190} INFO - [2025-12-16T18:31:48.661+0000] {dag.py:4180} INFO - Setting next_dagrun for example_subdag_operator.section-2 to None, run_after=None
[2025-12-16T18:31:48.671+0000] {logging_mixin.py:190} INFO - [2025-12-16T18:31:48.670+0000] {dag.py:3239} INFO - Sync 2 DAGs
[2025-12-16T18:31:48.678+0000] {logging_mixin.py:190} INFO - [2025-12-16T18:31:48.678+0000] {dag.py:4180} INFO - Setting next_dagrun for example_subdag_operator.section-1 to None, run_after=None
[2025-12-16T18:31:48.679+0000] {logging_mixin.py:190} INFO - [2025-12-16T18:31:48.679+0000] {dag.py:4180} INFO - Setting next_dagrun for example_subdag_operator.section-2 to None, run_after=None
[2025-12-16T18:31:48.694+0000] {processor.py:208} INFO - Processing /home/airflow/.local/lib/python3.12/site-packages/airflow/example_dags/example_subdag_operator.py took 0.144 seconds
[2025-12-16T18:32:18.935+0000] {processor.py:186} INFO - Started process (PID=1842) to work on /home/airflow/.local/lib/python3.12/site-packages/airflow/example_dags/example_subdag_operator.py
[2025-12-16T18:32:18.936+0000] {processor.py:914} INFO - Processing file /home/airflow/.local/lib/python3.12/site-packages/airflow/example_dags/example_subdag_operator.py for tasks to queue
[2025-12-16T18:32:18.939+0000] {logging_mixin.py:190} INFO - [2025-12-16T18:32:18.939+0000] {dagbag.py:588} INFO - Filling up the DagBag from /home/airflow/.local/lib/python3.12/site-packages/airflow/example_dags/example_subdag_operator.py
[2025-12-16T18:32:18.970+0000] {processor.py:925} INFO - DAG(s) 'example_subdag_operator.section-1', 'example_subdag_operator.section-2', 'example_subdag_operator' retrieved from /home/airflow/.local/lib/python3.12/site-packages/airflow/example_dags/example_subdag_operator.py
[2025-12-16T18:32:18.987+0000] {logging_mixin.py:190} INFO - [2025-12-16T18:32:18.987+0000] {dag.py:3239} INFO - Sync 3 DAGs
[2025-12-16T18:32:19.016+0000] {logging_mixin.py:190} INFO - [2025-12-16T18:32:19.016+0000] {dag.py:4180} INFO - Setting next_dagrun for example_subdag_operator to 2022-01-01 00:00:00+00:00, run_after=2022-01-01 00:00:00+00:00
[2025-12-16T18:32:19.020+0000] {logging_mixin.py:190} INFO - [2025-12-16T18:32:19.020+0000] {dag.py:4180} INFO - Setting next_dagrun for example_subdag_operator.section-1 to None, run_after=None
[2025-12-16T18:32:19.021+0000] {logging_mixin.py:190} INFO - [2025-12-16T18:32:19.021+0000] {dag.py:4180} INFO - Setting next_dagrun for example_subdag_operator.section-2 to None, run_after=None
[2025-12-16T18:32:19.028+0000] {logging_mixin.py:190} INFO - [2025-12-16T18:32:19.028+0000] {dag.py:3239} INFO - Sync 2 DAGs
[2025-12-16T18:32:19.034+0000] {logging_mixin.py:190} INFO - [2025-12-16T18:32:19.034+0000] {dag.py:4180} INFO - Setting next_dagrun for example_subdag_operator.section-1 to None, run_after=None
[2025-12-16T18:32:19.035+0000] {logging_mixin.py:190} INFO - [2025-12-16T18:32:19.035+0000] {dag.py:4180} INFO - Setting next_dagrun for example_subdag_operator.section-2 to None, run_after=None
[2025-12-16T18:32:19.046+0000] {processor.py:208} INFO - Processing /home/airflow/.local/lib/python3.12/site-packages/airflow/example_dags/example_subdag_operator.py took 0.119 seconds
[2025-12-16T18:32:50.091+0000] {processor.py:186} INFO - Started process (PID=2133) to work on /home/airflow/.local/lib/python3.12/site-packages/airflow/example_dags/example_subdag_operator.py
[2025-12-16T18:32:50.093+0000] {processor.py:914} INFO - Processing file /home/airflow/.local/lib/python3.12/site-packages/airflow/example_dags/example_subdag_operator.py for tasks to queue
[2025-12-16T18:32:50.096+0000] {logging_mixin.py:190} INFO - [2025-12-16T18:32:50.095+0000] {dagbag.py:588} INFO - Filling up the DagBag from /home/airflow/.local/lib/python3.12/site-packages/airflow/example_dags/example_subdag_operator.py
[2025-12-16T18:32:50.131+0000] {processor.py:925} INFO - DAG(s) 'example_subdag_operator.section-1', 'example_subdag_operator.section-2', 'example_subdag_operator' retrieved from /home/airflow/.local/lib/python3.12/site-packages/airflow/example_dags/example_subdag_operator.py
[2025-12-16T18:32:50.153+0000] {logging_mixin.py:190} INFO - [2025-12-16T18:32:50.153+0000] {dag.py:3239} INFO - Sync 3 DAGs
[2025-12-16T18:32:50.194+0000] {logging_mixin.py:190} INFO - [2025-12-16T18:32:50.194+0000] {dag.py:4180} INFO - Setting next_dagrun for example_subdag_operator to 2022-01-01 00:00:00+00:00, run_after=2022-01-01 00:00:00+00:00
[2025-12-16T18:32:50.201+0000] {logging_mixin.py:190} INFO - [2025-12-16T18:32:50.201+0000] {dag.py:4180} INFO - Setting next_dagrun for example_subdag_operator.section-1 to None, run_after=None
[2025-12-16T18:32:50.203+0000] {logging_mixin.py:190} INFO - [2025-12-16T18:32:50.203+0000] {dag.py:4180} INFO - Setting next_dagrun for example_subdag_operator.section-2 to None, run_after=None
[2025-12-16T18:32:50.215+0000] {logging_mixin.py:190} INFO - [2025-12-16T18:32:50.215+0000] {dag.py:3239} INFO - Sync 2 DAGs
[2025-12-16T18:32:50.224+0000] {logging_mixin.py:190} INFO - [2025-12-16T18:32:50.223+0000] {dag.py:4180} INFO - Setting next_dagrun for example_subdag_operator.section-1 to None, run_after=None
[2025-12-16T18:32:50.224+0000] {logging_mixin.py:190} INFO - [2025-12-16T18:32:50.224+0000] {dag.py:4180} INFO - Setting next_dagrun for example_subdag_operator.section-2 to None, run_after=None
[2025-12-16T18:32:50.236+0000] {processor.py:208} INFO - Processing /home/airflow/.local/lib/python3.12/site-packages/airflow/example_dags/example_subdag_operator.py took 0.154 seconds
[2025-12-16T18:33:21.483+0000] {processor.py:186} INFO - Started process (PID=2424) to work on /home/airflow/.local/lib/python3.12/site-packages/airflow/example_dags/example_subdag_operator.py
[2025-12-16T18:33:21.484+0000] {processor.py:914} INFO - Processing file /home/airflow/.local/lib/python3.12/site-packages/airflow/example_dags/example_subdag_operator.py for tasks to queue
[2025-12-16T18:33:21.487+0000] {logging_mixin.py:190} INFO - [2025-12-16T18:33:21.486+0000] {dagbag.py:588} INFO - Filling up the DagBag from /home/airflow/.local/lib/python3.12/site-packages/airflow/example_dags/example_subdag_operator.py
[2025-12-16T18:33:21.516+0000] {processor.py:925} INFO - DAG(s) 'example_subdag_operator.section-1', 'example_subdag_operator.section-2', 'example_subdag_operator' retrieved from /home/airflow/.local/lib/python3.12/site-packages/airflow/example_dags/example_subdag_operator.py
[2025-12-16T18:33:21.533+0000] {logging_mixin.py:190} INFO - [2025-12-16T18:33:21.533+0000] {dag.py:3239} INFO - Sync 3 DAGs
[2025-12-16T18:33:21.561+0000] {logging_mixin.py:190} INFO - [2025-12-16T18:33:21.561+0000] {dag.py:4180} INFO - Setting next_dagrun for example_subdag_operator to 2022-01-01 00:00:00+00:00, run_after=2022-01-01 00:00:00+00:00
[2025-12-16T18:33:21.565+0000] {logging_mixin.py:190} INFO - [2025-12-16T18:33:21.565+0000] {dag.py:4180} INFO - Setting next_dagrun for example_subdag_operator.section-1 to None, run_after=None
[2025-12-16T18:33:21.567+0000] {logging_mixin.py:190} INFO - [2025-12-16T18:33:21.566+0000] {dag.py:4180} INFO - Setting next_dagrun for example_subdag_operator.section-2 to None, run_after=None
[2025-12-16T18:33:21.575+0000] {logging_mixin.py:190} INFO - [2025-12-16T18:33:21.574+0000] {dag.py:3239} INFO - Sync 2 DAGs
[2025-12-16T18:33:21.581+0000] {logging_mixin.py:190} INFO - [2025-12-16T18:33:21.581+0000] {dag.py:4180} INFO - Setting next_dagrun for example_subdag_operator.section-1 to None, run_after=None
[2025-12-16T18:33:21.581+0000] {logging_mixin.py:190} INFO - [2025-12-16T18:33:21.581+0000] {dag.py:4180} INFO - Setting next_dagrun for example_subdag_operator.section-2 to None, run_after=None
[2025-12-16T18:33:21.592+0000] {processor.py:208} INFO - Processing /home/airflow/.local/lib/python3.12/site-packages/airflow/example_dags/example_subdag_operator.py took 0.117 seconds
[2025-12-16T18:33:52.484+0000] {processor.py:186} INFO - Started process (PID=2715) to work on /home/airflow/.local/lib/python3.12/site-packages/airflow/example_dags/example_subdag_operator.py
[2025-12-16T18:33:52.485+0000] {processor.py:914} INFO - Processing file /home/airflow/.local/lib/python3.12/site-packages/airflow/example_dags/example_subdag_operator.py for tasks to queue
[2025-12-16T18:33:52.489+0000] {logging_mixin.py:190} INFO - [2025-12-16T18:33:52.489+0000] {dagbag.py:588} INFO - Filling up the DagBag from /home/airflow/.local/lib/python3.12/site-packages/airflow/example_dags/example_subdag_operator.py
[2025-12-16T18:33:52.524+0000] {processor.py:925} INFO - DAG(s) 'example_subdag_operator.section-1', 'example_subdag_operator.section-2', 'example_subdag_operator' retrieved from /home/airflow/.local/lib/python3.12/site-packages/airflow/example_dags/example_subdag_operator.py
[2025-12-16T18:33:52.543+0000] {logging_mixin.py:190} INFO - [2025-12-16T18:33:52.543+0000] {dag.py:3239} INFO - Sync 3 DAGs
[2025-12-16T18:33:52.573+0000] {logging_mixin.py:190} INFO - [2025-12-16T18:33:52.573+0000] {dag.py:4180} INFO - Setting next_dagrun for example_subdag_operator to 2022-01-01 00:00:00+00:00, run_after=2022-01-01 00:00:00+00:00
[2025-12-16T18:33:52.578+0000] {logging_mixin.py:190} INFO - [2025-12-16T18:33:52.577+0000] {dag.py:4180} INFO - Setting next_dagrun for example_subdag_operator.section-1 to None, run_after=None
[2025-12-16T18:33:52.579+0000] {logging_mixin.py:190} INFO - [2025-12-16T18:33:52.579+0000] {dag.py:4180} INFO - Setting next_dagrun for example_subdag_operator.section-2 to None, run_after=None
[2025-12-16T18:33:52.586+0000] {logging_mixin.py:190} INFO - [2025-12-16T18:33:52.586+0000] {dag.py:3239} INFO - Sync 2 DAGs
[2025-12-16T18:33:52.593+0000] {logging_mixin.py:190} INFO - [2025-12-16T18:33:52.593+0000] {dag.py:4180} INFO - Setting next_dagrun for example_subdag_operator.section-1 to None, run_after=None
[2025-12-16T18:33:52.594+0000] {logging_mixin.py:190} INFO - [2025-12-16T18:33:52.594+0000] {dag.py:4180} INFO - Setting next_dagrun for example_subdag_operator.section-2 to None, run_after=None
[2025-12-16T18:33:52.605+0000] {processor.py:208} INFO - Processing /home/airflow/.local/lib/python3.12/site-packages/airflow/example_dags/example_subdag_operator.py took 0.129 seconds
[2025-12-16T18:34:23.375+0000] {processor.py:186} INFO - Started process (PID=3006) to work on /home/airflow/.local/lib/python3.12/site-packages/airflow/example_dags/example_subdag_operator.py
[2025-12-16T18:34:23.376+0000] {processor.py:914} INFO - Processing file /home/airflow/.local/lib/python3.12/site-packages/airflow/example_dags/example_subdag_operator.py for tasks to queue
[2025-12-16T18:34:23.380+0000] {logging_mixin.py:190} INFO - [2025-12-16T18:34:23.379+0000] {dagbag.py:588} INFO - Filling up the DagBag from /home/airflow/.local/lib/python3.12/site-packages/airflow/example_dags/example_subdag_operator.py
[2025-12-16T18:34:23.410+0000] {processor.py:925} INFO - DAG(s) 'example_subdag_operator.section-1', 'example_subdag_operator.section-2', 'example_subdag_operator' retrieved from /home/airflow/.local/lib/python3.12/site-packages/airflow/example_dags/example_subdag_operator.py
[2025-12-16T18:34:23.428+0000] {logging_mixin.py:190} INFO - [2025-12-16T18:34:23.428+0000] {dag.py:3239} INFO - Sync 3 DAGs
[2025-12-16T18:34:23.456+0000] {logging_mixin.py:190} INFO - [2025-12-16T18:34:23.455+0000] {dag.py:4180} INFO - Setting next_dagrun for example_subdag_operator to 2022-01-01 00:00:00+00:00, run_after=2022-01-01 00:00:00+00:00
[2025-12-16T18:34:23.460+0000] {logging_mixin.py:190} INFO - [2025-12-16T18:34:23.460+0000] {dag.py:4180} INFO - Setting next_dagrun for example_subdag_operator.section-1 to None, run_after=None
[2025-12-16T18:34:23.461+0000] {logging_mixin.py:190} INFO - [2025-12-16T18:34:23.461+0000] {dag.py:4180} INFO - Setting next_dagrun for example_subdag_operator.section-2 to None, run_after=None
[2025-12-16T18:34:23.469+0000] {logging_mixin.py:190} INFO - [2025-12-16T18:34:23.469+0000] {dag.py:3239} INFO - Sync 2 DAGs
[2025-12-16T18:34:23.475+0000] {logging_mixin.py:190} INFO - [2025-12-16T18:34:23.475+0000] {dag.py:4180} INFO - Setting next_dagrun for example_subdag_operator.section-1 to None, run_after=None
[2025-12-16T18:34:23.475+0000] {logging_mixin.py:190} INFO - [2025-12-16T18:34:23.475+0000] {dag.py:4180} INFO - Setting next_dagrun for example_subdag_operator.section-2 to None, run_after=None
[2025-12-16T18:34:23.488+0000] {processor.py:208} INFO - Processing /home/airflow/.local/lib/python3.12/site-packages/airflow/example_dags/example_subdag_operator.py took 0.121 seconds
[2025-12-16T18:34:54.585+0000] {processor.py:186} INFO - Started process (PID=3297) to work on /home/airflow/.local/lib/python3.12/site-packages/airflow/example_dags/example_subdag_operator.py
[2025-12-16T18:34:54.586+0000] {processor.py:914} INFO - Processing file /home/airflow/.local/lib/python3.12/site-packages/airflow/example_dags/example_subdag_operator.py for tasks to queue
[2025-12-16T18:34:54.589+0000] {logging_mixin.py:190} INFO - [2025-12-16T18:34:54.589+0000] {dagbag.py:588} INFO - Filling up the DagBag from /home/airflow/.local/lib/python3.12/site-packages/airflow/example_dags/example_subdag_operator.py
[2025-12-16T18:34:54.619+0000] {processor.py:925} INFO - DAG(s) 'example_subdag_operator.section-1', 'example_subdag_operator.section-2', 'example_subdag_operator' retrieved from /home/airflow/.local/lib/python3.12/site-packages/airflow/example_dags/example_subdag_operator.py
[2025-12-16T18:34:54.637+0000] {logging_mixin.py:190} INFO - [2025-12-16T18:34:54.636+0000] {dag.py:3239} INFO - Sync 3 DAGs
[2025-12-16T18:34:54.666+0000] {logging_mixin.py:190} INFO - [2025-12-16T18:34:54.666+0000] {dag.py:4180} INFO - Setting next_dagrun for example_subdag_operator to 2022-01-01 00:00:00+00:00, run_after=2022-01-01 00:00:00+00:00
[2025-12-16T18:34:54.670+0000] {logging_mixin.py:190} INFO - [2025-12-16T18:34:54.670+0000] {dag.py:4180} INFO - Setting next_dagrun for example_subdag_operator.section-1 to None, run_after=None
[2025-12-16T18:34:54.671+0000] {logging_mixin.py:190} INFO - [2025-12-16T18:34:54.671+0000] {dag.py:4180} INFO - Setting next_dagrun for example_subdag_operator.section-2 to None, run_after=None
[2025-12-16T18:34:54.679+0000] {logging_mixin.py:190} INFO - [2025-12-16T18:34:54.679+0000] {dag.py:3239} INFO - Sync 2 DAGs
[2025-12-16T18:34:54.685+0000] {logging_mixin.py:190} INFO - [2025-12-16T18:34:54.685+0000] {dag.py:4180} INFO - Setting next_dagrun for example_subdag_operator.section-1 to None, run_after=None
[2025-12-16T18:34:54.686+0000] {logging_mixin.py:190} INFO - [2025-12-16T18:34:54.685+0000] {dag.py:4180} INFO - Setting next_dagrun for example_subdag_operator.section-2 to None, run_after=None
[2025-12-16T18:34:54.697+0000] {processor.py:208} INFO - Processing /home/airflow/.local/lib/python3.12/site-packages/airflow/example_dags/example_subdag_operator.py took 0.120 seconds
[2025-12-16T18:35:25.905+0000] {processor.py:186} INFO - Started process (PID=3588) to work on /home/airflow/.local/lib/python3.12/site-packages/airflow/example_dags/example_subdag_operator.py
[2025-12-16T18:35:25.906+0000] {processor.py:914} INFO - Processing file /home/airflow/.local/lib/python3.12/site-packages/airflow/example_dags/example_subdag_operator.py for tasks to queue
[2025-12-16T18:35:25.909+0000] {logging_mixin.py:190} INFO - [2025-12-16T18:35:25.909+0000] {dagbag.py:588} INFO - Filling up the DagBag from /home/airflow/.local/lib/python3.12/site-packages/airflow/example_dags/example_subdag_operator.py
[2025-12-16T18:35:25.939+0000] {processor.py:925} INFO - DAG(s) 'example_subdag_operator.section-1', 'example_subdag_operator.section-2', 'example_subdag_operator' retrieved from /home/airflow/.local/lib/python3.12/site-packages/airflow/example_dags/example_subdag_operator.py
[2025-12-16T18:35:25.957+0000] {logging_mixin.py:190} INFO - [2025-12-16T18:35:25.957+0000] {dag.py:3239} INFO - Sync 3 DAGs
[2025-12-16T18:35:25.986+0000] {logging_mixin.py:190} INFO - [2025-12-16T18:35:25.986+0000] {dag.py:4180} INFO - Setting next_dagrun for example_subdag_operator to 2022-01-01 00:00:00+00:00, run_after=2022-01-01 00:00:00+00:00
[2025-12-16T18:35:25.991+0000] {logging_mixin.py:190} INFO - [2025-12-16T18:35:25.990+0000] {dag.py:4180} INFO - Setting next_dagrun for example_subdag_operator.section-1 to None, run_after=None
[2025-12-16T18:35:25.992+0000] {logging_mixin.py:190} INFO - [2025-12-16T18:35:25.992+0000] {dag.py:4180} INFO - Setting next_dagrun for example_subdag_operator.section-2 to None, run_after=None
[2025-12-16T18:35:25.999+0000] {logging_mixin.py:190} INFO - [2025-12-16T18:35:25.999+0000] {dag.py:3239} INFO - Sync 2 DAGs
[2025-12-16T18:35:26.005+0000] {logging_mixin.py:190} INFO - [2025-12-16T18:35:26.005+0000] {dag.py:4180} INFO - Setting next_dagrun for example_subdag_operator.section-1 to None, run_after=None
[2025-12-16T18:35:26.006+0000] {logging_mixin.py:190} INFO - [2025-12-16T18:35:26.006+0000] {dag.py:4180} INFO - Setting next_dagrun for example_subdag_operator.section-2 to None, run_after=None
[2025-12-16T18:35:26.017+0000] {processor.py:208} INFO - Processing /home/airflow/.local/lib/python3.12/site-packages/airflow/example_dags/example_subdag_operator.py took 0.120 seconds
[2025-12-16T18:35:57.141+0000] {processor.py:186} INFO - Started process (PID=3879) to work on /home/airflow/.local/lib/python3.12/site-packages/airflow/example_dags/example_subdag_operator.py
[2025-12-16T18:35:57.142+0000] {processor.py:914} INFO - Processing file /home/airflow/.local/lib/python3.12/site-packages/airflow/example_dags/example_subdag_operator.py for tasks to queue
[2025-12-16T18:35:57.145+0000] {logging_mixin.py:190} INFO - [2025-12-16T18:35:57.145+0000] {dagbag.py:588} INFO - Filling up the DagBag from /home/airflow/.local/lib/python3.12/site-packages/airflow/example_dags/example_subdag_operator.py
[2025-12-16T18:35:57.175+0000] {processor.py:925} INFO - DAG(s) 'example_subdag_operator.section-1', 'example_subdag_operator.section-2', 'example_subdag_operator' retrieved from /home/airflow/.local/lib/python3.12/site-packages/airflow/example_dags/example_subdag_operator.py
[2025-12-16T18:35:57.193+0000] {logging_mixin.py:190} INFO - [2025-12-16T18:35:57.192+0000] {dag.py:3239} INFO - Sync 3 DAGs
[2025-12-16T18:35:57.222+0000] {logging_mixin.py:190} INFO - [2025-12-16T18:35:57.221+0000] {dag.py:4180} INFO - Setting next_dagrun for example_subdag_operator to 2022-01-01 00:00:00+00:00, run_after=2022-01-01 00:00:00+00:00
[2025-12-16T18:35:57.226+0000] {logging_mixin.py:190} INFO - [2025-12-16T18:35:57.226+0000] {dag.py:4180} INFO - Setting next_dagrun for example_subdag_operator.section-1 to None, run_after=None
[2025-12-16T18:35:57.227+0000] {logging_mixin.py:190} INFO - [2025-12-16T18:35:57.227+0000] {dag.py:4180} INFO - Setting next_dagrun for example_subdag_operator.section-2 to None, run_after=None
[2025-12-16T18:35:57.235+0000] {logging_mixin.py:190} INFO - [2025-12-16T18:35:57.235+0000] {dag.py:3239} INFO - Sync 2 DAGs
[2025-12-16T18:35:57.241+0000] {logging_mixin.py:190} INFO - [2025-12-16T18:35:57.241+0000] {dag.py:4180} INFO - Setting next_dagrun for example_subdag_operator.section-1 to None, run_after=None
[2025-12-16T18:35:57.241+0000] {logging_mixin.py:190} INFO - [2025-12-16T18:35:57.241+0000] {dag.py:4180} INFO - Setting next_dagrun for example_subdag_operator.section-2 to None, run_after=None
[2025-12-16T18:35:57.253+0000] {processor.py:208} INFO - Processing /home/airflow/.local/lib/python3.12/site-packages/airflow/example_dags/example_subdag_operator.py took 0.120 seconds
[2025-12-16T18:36:28.303+0000] {processor.py:186} INFO - Started process (PID=4170) to work on /home/airflow/.local/lib/python3.12/site-packages/airflow/example_dags/example_subdag_operator.py
[2025-12-16T18:36:28.304+0000] {processor.py:914} INFO - Processing file /home/airflow/.local/lib/python3.12/site-packages/airflow/example_dags/example_subdag_operator.py for tasks to queue
[2025-12-16T18:36:28.308+0000] {logging_mixin.py:190} INFO - [2025-12-16T18:36:28.308+0000] {dagbag.py:588} INFO - Filling up the DagBag from /home/airflow/.local/lib/python3.12/site-packages/airflow/example_dags/example_subdag_operator.py
[2025-12-16T18:36:28.343+0000] {processor.py:925} INFO - DAG(s) 'example_subdag_operator.section-1', 'example_subdag_operator.section-2', 'example_subdag_operator' retrieved from /home/airflow/.local/lib/python3.12/site-packages/airflow/example_dags/example_subdag_operator.py
[2025-12-16T18:36:28.362+0000] {logging_mixin.py:190} INFO - [2025-12-16T18:36:28.362+0000] {dag.py:3239} INFO - Sync 3 DAGs
[2025-12-16T18:36:28.395+0000] {logging_mixin.py:190} INFO - [2025-12-16T18:36:28.395+0000] {dag.py:4180} INFO - Setting next_dagrun for example_subdag_operator to 2022-01-01 00:00:00+00:00, run_after=2022-01-01 00:00:00+00:00
[2025-12-16T18:36:28.400+0000] {logging_mixin.py:190} INFO - [2025-12-16T18:36:28.400+0000] {dag.py:4180} INFO - Setting next_dagrun for example_subdag_operator.section-1 to None, run_after=None
[2025-12-16T18:36:28.401+0000] {logging_mixin.py:190} INFO - [2025-12-16T18:36:28.401+0000] {dag.py:4180} INFO - Setting next_dagrun for example_subdag_operator.section-2 to None, run_after=None
[2025-12-16T18:36:28.410+0000] {logging_mixin.py:190} INFO - [2025-12-16T18:36:28.410+0000] {dag.py:3239} INFO - Sync 2 DAGs
[2025-12-16T18:36:28.418+0000] {logging_mixin.py:190} INFO - [2025-12-16T18:36:28.418+0000] {dag.py:4180} INFO - Setting next_dagrun for example_subdag_operator.section-1 to None, run_after=None
[2025-12-16T18:36:28.418+0000] {logging_mixin.py:190} INFO - [2025-12-16T18:36:28.418+0000] {dag.py:4180} INFO - Setting next_dagrun for example_subdag_operator.section-2 to None, run_after=None
[2025-12-16T18:36:28.431+0000] {processor.py:208} INFO - Processing /home/airflow/.local/lib/python3.12/site-packages/airflow/example_dags/example_subdag_operator.py took 0.136 seconds
[2025-12-16T18:36:59.357+0000] {processor.py:186} INFO - Started process (PID=4461) to work on /home/airflow/.local/lib/python3.12/site-packages/airflow/example_dags/example_subdag_operator.py
[2025-12-16T18:36:59.358+0000] {processor.py:914} INFO - Processing file /home/airflow/.local/lib/python3.12/site-packages/airflow/example_dags/example_subdag_operator.py for tasks to queue
[2025-12-16T18:36:59.362+0000] {logging_mixin.py:190} INFO - [2025-12-16T18:36:59.361+0000] {dagbag.py:588} INFO - Filling up the DagBag from /home/airflow/.local/lib/python3.12/site-packages/airflow/example_dags/example_subdag_operator.py
[2025-12-16T18:36:59.399+0000] {processor.py:925} INFO - DAG(s) 'example_subdag_operator.section-1', 'example_subdag_operator.section-2', 'example_subdag_operator' retrieved from /home/airflow/.local/lib/python3.12/site-packages/airflow/example_dags/example_subdag_operator.py
[2025-12-16T18:36:59.424+0000] {logging_mixin.py:190} INFO - [2025-12-16T18:36:59.423+0000] {dag.py:3239} INFO - Sync 3 DAGs
[2025-12-16T18:36:59.458+0000] {logging_mixin.py:190} INFO - [2025-12-16T18:36:59.457+0000] {dag.py:4180} INFO - Setting next_dagrun for example_subdag_operator to 2022-01-01 00:00:00+00:00, run_after=2022-01-01 00:00:00+00:00
[2025-12-16T18:36:59.464+0000] {logging_mixin.py:190} INFO - [2025-12-16T18:36:59.464+0000] {dag.py:4180} INFO - Setting next_dagrun for example_subdag_operator.section-1 to None, run_after=None
[2025-12-16T18:36:59.466+0000] {logging_mixin.py:190} INFO - [2025-12-16T18:36:59.466+0000] {dag.py:4180} INFO - Setting next_dagrun for example_subdag_operator.section-2 to None, run_after=None
[2025-12-16T18:36:59.480+0000] {logging_mixin.py:190} INFO - [2025-12-16T18:36:59.479+0000] {dag.py:3239} INFO - Sync 2 DAGs
[2025-12-16T18:36:59.488+0000] {logging_mixin.py:190} INFO - [2025-12-16T18:36:59.488+0000] {dag.py:4180} INFO - Setting next_dagrun for example_subdag_operator.section-1 to None, run_after=None
[2025-12-16T18:36:59.489+0000] {logging_mixin.py:190} INFO - [2025-12-16T18:36:59.489+0000] {dag.py:4180} INFO - Setting next_dagrun for example_subdag_operator.section-2 to None, run_after=None
[2025-12-16T18:36:59.502+0000] {processor.py:208} INFO - Processing /home/airflow/.local/lib/python3.12/site-packages/airflow/example_dags/example_subdag_operator.py took 0.153 seconds
[2025-12-16T18:37:30.509+0000] {processor.py:186} INFO - Started process (PID=4752) to work on /home/airflow/.local/lib/python3.12/site-packages/airflow/example_dags/example_subdag_operator.py
[2025-12-16T18:37:30.510+0000] {processor.py:914} INFO - Processing file /home/airflow/.local/lib/python3.12/site-packages/airflow/example_dags/example_subdag_operator.py for tasks to queue
[2025-12-16T18:37:30.514+0000] {logging_mixin.py:190} INFO - [2025-12-16T18:37:30.513+0000] {dagbag.py:588} INFO - Filling up the DagBag from /home/airflow/.local/lib/python3.12/site-packages/airflow/example_dags/example_subdag_operator.py
[2025-12-16T18:37:30.546+0000] {processor.py:925} INFO - DAG(s) 'example_subdag_operator.section-1', 'example_subdag_operator.section-2', 'example_subdag_operator' retrieved from /home/airflow/.local/lib/python3.12/site-packages/airflow/example_dags/example_subdag_operator.py
[2025-12-16T18:37:30.564+0000] {logging_mixin.py:190} INFO - [2025-12-16T18:37:30.564+0000] {dag.py:3239} INFO - Sync 3 DAGs
[2025-12-16T18:37:30.596+0000] {logging_mixin.py:190} INFO - [2025-12-16T18:37:30.595+0000] {dag.py:4180} INFO - Setting next_dagrun for example_subdag_operator to 2022-01-01 00:00:00+00:00, run_after=2022-01-01 00:00:00+00:00
[2025-12-16T18:37:30.600+0000] {logging_mixin.py:190} INFO - [2025-12-16T18:37:30.600+0000] {dag.py:4180} INFO - Setting next_dagrun for example_subdag_operator.section-1 to None, run_after=None
[2025-12-16T18:37:30.601+0000] {logging_mixin.py:190} INFO - [2025-12-16T18:37:30.601+0000] {dag.py:4180} INFO - Setting next_dagrun for example_subdag_operator.section-2 to None, run_after=None
[2025-12-16T18:37:30.609+0000] {logging_mixin.py:190} INFO - [2025-12-16T18:37:30.609+0000] {dag.py:3239} INFO - Sync 2 DAGs
[2025-12-16T18:37:30.616+0000] {logging_mixin.py:190} INFO - [2025-12-16T18:37:30.616+0000] {dag.py:4180} INFO - Setting next_dagrun for example_subdag_operator.section-1 to None, run_after=None
[2025-12-16T18:37:30.617+0000] {logging_mixin.py:190} INFO - [2025-12-16T18:37:30.616+0000] {dag.py:4180} INFO - Setting next_dagrun for example_subdag_operator.section-2 to None, run_after=None
[2025-12-16T18:37:30.629+0000] {processor.py:208} INFO - Processing /home/airflow/.local/lib/python3.12/site-packages/airflow/example_dags/example_subdag_operator.py took 0.127 seconds
[2025-12-16T18:38:01.327+0000] {processor.py:186} INFO - Started process (PID=5043) to work on /home/airflow/.local/lib/python3.12/site-packages/airflow/example_dags/example_subdag_operator.py
[2025-12-16T18:38:01.329+0000] {processor.py:914} INFO - Processing file /home/airflow/.local/lib/python3.12/site-packages/airflow/example_dags/example_subdag_operator.py for tasks to queue
[2025-12-16T18:38:01.332+0000] {logging_mixin.py:190} INFO - [2025-12-16T18:38:01.332+0000] {dagbag.py:588} INFO - Filling up the DagBag from /home/airflow/.local/lib/python3.12/site-packages/airflow/example_dags/example_subdag_operator.py
[2025-12-16T18:38:01.364+0000] {processor.py:925} INFO - DAG(s) 'example_subdag_operator.section-1', 'example_subdag_operator.section-2', 'example_subdag_operator' retrieved from /home/airflow/.local/lib/python3.12/site-packages/airflow/example_dags/example_subdag_operator.py
[2025-12-16T18:38:01.382+0000] {logging_mixin.py:190} INFO - [2025-12-16T18:38:01.382+0000] {dag.py:3239} INFO - Sync 3 DAGs
[2025-12-16T18:38:01.413+0000] {logging_mixin.py:190} INFO - [2025-12-16T18:38:01.412+0000] {dag.py:4180} INFO - Setting next_dagrun for example_subdag_operator to 2022-01-01 00:00:00+00:00, run_after=2022-01-01 00:00:00+00:00
[2025-12-16T18:38:01.417+0000] {logging_mixin.py:190} INFO - [2025-12-16T18:38:01.417+0000] {dag.py:4180} INFO - Setting next_dagrun for example_subdag_operator.section-1 to None, run_after=None
[2025-12-16T18:38:01.418+0000] {logging_mixin.py:190} INFO - [2025-12-16T18:38:01.418+0000] {dag.py:4180} INFO - Setting next_dagrun for example_subdag_operator.section-2 to None, run_after=None
[2025-12-16T18:38:01.427+0000] {logging_mixin.py:190} INFO - [2025-12-16T18:38:01.427+0000] {dag.py:3239} INFO - Sync 2 DAGs
[2025-12-16T18:38:01.434+0000] {logging_mixin.py:190} INFO - [2025-12-16T18:38:01.433+0000] {dag.py:4180} INFO - Setting next_dagrun for example_subdag_operator.section-1 to None, run_after=None
[2025-12-16T18:38:01.434+0000] {logging_mixin.py:190} INFO - [2025-12-16T18:38:01.434+0000] {dag.py:4180} INFO - Setting next_dagrun for example_subdag_operator.section-2 to None, run_after=None
[2025-12-16T18:38:01.446+0000] {processor.py:208} INFO - Processing /home/airflow/.local/lib/python3.12/site-packages/airflow/example_dags/example_subdag_operator.py took 0.127 seconds
[2025-12-16T18:38:32.997+0000] {processor.py:186} INFO - Started process (PID=5336) to work on /home/airflow/.local/lib/python3.12/site-packages/airflow/example_dags/example_subdag_operator.py
[2025-12-16T18:38:32.998+0000] {processor.py:914} INFO - Processing file /home/airflow/.local/lib/python3.12/site-packages/airflow/example_dags/example_subdag_operator.py for tasks to queue
[2025-12-16T18:38:33.001+0000] {logging_mixin.py:190} INFO - [2025-12-16T18:38:33.001+0000] {dagbag.py:588} INFO - Filling up the DagBag from /home/airflow/.local/lib/python3.12/site-packages/airflow/example_dags/example_subdag_operator.py
[2025-12-16T18:38:33.034+0000] {processor.py:925} INFO - DAG(s) 'example_subdag_operator.section-1', 'example_subdag_operator.section-2', 'example_subdag_operator' retrieved from /home/airflow/.local/lib/python3.12/site-packages/airflow/example_dags/example_subdag_operator.py
[2025-12-16T18:38:33.053+0000] {logging_mixin.py:190} INFO - [2025-12-16T18:38:33.052+0000] {dag.py:3239} INFO - Sync 3 DAGs
[2025-12-16T18:38:33.084+0000] {logging_mixin.py:190} INFO - [2025-12-16T18:38:33.084+0000] {dag.py:4180} INFO - Setting next_dagrun for example_subdag_operator to 2022-01-01 00:00:00+00:00, run_after=2022-01-01 00:00:00+00:00
[2025-12-16T18:38:33.088+0000] {logging_mixin.py:190} INFO - [2025-12-16T18:38:33.088+0000] {dag.py:4180} INFO - Setting next_dagrun for example_subdag_operator.section-1 to None, run_after=None
[2025-12-16T18:38:33.090+0000] {logging_mixin.py:190} INFO - [2025-12-16T18:38:33.089+0000] {dag.py:4180} INFO - Setting next_dagrun for example_subdag_operator.section-2 to None, run_after=None
[2025-12-16T18:38:33.098+0000] {logging_mixin.py:190} INFO - [2025-12-16T18:38:33.098+0000] {dag.py:3239} INFO - Sync 2 DAGs
[2025-12-16T18:38:33.104+0000] {logging_mixin.py:190} INFO - [2025-12-16T18:38:33.104+0000] {dag.py:4180} INFO - Setting next_dagrun for example_subdag_operator.section-1 to None, run_after=None
[2025-12-16T18:38:33.104+0000] {logging_mixin.py:190} INFO - [2025-12-16T18:38:33.104+0000] {dag.py:4180} INFO - Setting next_dagrun for example_subdag_operator.section-2 to None, run_after=None
[2025-12-16T18:38:33.117+0000] {processor.py:208} INFO - Processing /home/airflow/.local/lib/python3.12/site-packages/airflow/example_dags/example_subdag_operator.py took 0.129 seconds
[2025-12-16T18:39:03.812+0000] {processor.py:186} INFO - Started process (PID=5625) to work on /home/airflow/.local/lib/python3.12/site-packages/airflow/example_dags/example_subdag_operator.py
[2025-12-16T18:39:03.813+0000] {processor.py:914} INFO - Processing file /home/airflow/.local/lib/python3.12/site-packages/airflow/example_dags/example_subdag_operator.py for tasks to queue
[2025-12-16T18:39:03.816+0000] {logging_mixin.py:190} INFO - [2025-12-16T18:39:03.816+0000] {dagbag.py:588} INFO - Filling up the DagBag from /home/airflow/.local/lib/python3.12/site-packages/airflow/example_dags/example_subdag_operator.py
[2025-12-16T18:39:03.847+0000] {processor.py:925} INFO - DAG(s) 'example_subdag_operator.section-1', 'example_subdag_operator.section-2', 'example_subdag_operator' retrieved from /home/airflow/.local/lib/python3.12/site-packages/airflow/example_dags/example_subdag_operator.py
[2025-12-16T18:39:03.864+0000] {logging_mixin.py:190} INFO - [2025-12-16T18:39:03.863+0000] {dag.py:3239} INFO - Sync 3 DAGs
[2025-12-16T18:39:03.893+0000] {logging_mixin.py:190} INFO - [2025-12-16T18:39:03.893+0000] {dag.py:4180} INFO - Setting next_dagrun for example_subdag_operator to 2022-01-01 00:00:00+00:00, run_after=2022-01-01 00:00:00+00:00
[2025-12-16T18:39:03.897+0000] {logging_mixin.py:190} INFO - [2025-12-16T18:39:03.897+0000] {dag.py:4180} INFO - Setting next_dagrun for example_subdag_operator.section-1 to None, run_after=None
[2025-12-16T18:39:03.899+0000] {logging_mixin.py:190} INFO - [2025-12-16T18:39:03.898+0000] {dag.py:4180} INFO - Setting next_dagrun for example_subdag_operator.section-2 to None, run_after=None
[2025-12-16T18:39:03.906+0000] {logging_mixin.py:190} INFO - [2025-12-16T18:39:03.906+0000] {dag.py:3239} INFO - Sync 2 DAGs
[2025-12-16T18:39:03.912+0000] {logging_mixin.py:190} INFO - [2025-12-16T18:39:03.912+0000] {dag.py:4180} INFO - Setting next_dagrun for example_subdag_operator.section-1 to None, run_after=None
[2025-12-16T18:39:03.912+0000] {logging_mixin.py:190} INFO - [2025-12-16T18:39:03.912+0000] {dag.py:4180} INFO - Setting next_dagrun for example_subdag_operator.section-2 to None, run_after=None
[2025-12-16T18:39:03.924+0000] {processor.py:208} INFO - Processing /home/airflow/.local/lib/python3.12/site-packages/airflow/example_dags/example_subdag_operator.py took 0.119 seconds
[2025-12-16T18:39:35.138+0000] {processor.py:186} INFO - Started process (PID=5916) to work on /home/airflow/.local/lib/python3.12/site-packages/airflow/example_dags/example_subdag_operator.py
[2025-12-16T18:39:35.139+0000] {processor.py:914} INFO - Processing file /home/airflow/.local/lib/python3.12/site-packages/airflow/example_dags/example_subdag_operator.py for tasks to queue
[2025-12-16T18:39:35.143+0000] {logging_mixin.py:190} INFO - [2025-12-16T18:39:35.142+0000] {dagbag.py:588} INFO - Filling up the DagBag from /home/airflow/.local/lib/python3.12/site-packages/airflow/example_dags/example_subdag_operator.py
[2025-12-16T18:39:35.173+0000] {processor.py:925} INFO - DAG(s) 'example_subdag_operator.section-1', 'example_subdag_operator.section-2', 'example_subdag_operator' retrieved from /home/airflow/.local/lib/python3.12/site-packages/airflow/example_dags/example_subdag_operator.py
[2025-12-16T18:39:35.191+0000] {logging_mixin.py:190} INFO - [2025-12-16T18:39:35.191+0000] {dag.py:3239} INFO - Sync 3 DAGs
[2025-12-16T18:39:35.218+0000] {logging_mixin.py:190} INFO - [2025-12-16T18:39:35.218+0000] {dag.py:4180} INFO - Setting next_dagrun for example_subdag_operator to 2022-01-01 00:00:00+00:00, run_after=2022-01-01 00:00:00+00:00
[2025-12-16T18:39:35.223+0000] {logging_mixin.py:190} INFO - [2025-12-16T18:39:35.223+0000] {dag.py:4180} INFO - Setting next_dagrun for example_subdag_operator.section-1 to None, run_after=None
[2025-12-16T18:39:35.225+0000] {logging_mixin.py:190} INFO - [2025-12-16T18:39:35.224+0000] {dag.py:4180} INFO - Setting next_dagrun for example_subdag_operator.section-2 to None, run_after=None
[2025-12-16T18:39:35.232+0000] {logging_mixin.py:190} INFO - [2025-12-16T18:39:35.231+0000] {dag.py:3239} INFO - Sync 2 DAGs
[2025-12-16T18:39:35.238+0000] {logging_mixin.py:190} INFO - [2025-12-16T18:39:35.237+0000] {dag.py:4180} INFO - Setting next_dagrun for example_subdag_operator.section-1 to None, run_after=None
[2025-12-16T18:39:35.238+0000] {logging_mixin.py:190} INFO - [2025-12-16T18:39:35.238+0000] {dag.py:4180} INFO - Setting next_dagrun for example_subdag_operator.section-2 to None, run_after=None
[2025-12-16T18:39:35.249+0000] {processor.py:208} INFO - Processing /home/airflow/.local/lib/python3.12/site-packages/airflow/example_dags/example_subdag_operator.py took 0.118 seconds
[2025-12-16T18:40:06.057+0000] {processor.py:186} INFO - Started process (PID=6202) to work on /home/airflow/.local/lib/python3.12/site-packages/airflow/example_dags/example_subdag_operator.py
[2025-12-16T18:40:06.058+0000] {processor.py:914} INFO - Processing file /home/airflow/.local/lib/python3.12/site-packages/airflow/example_dags/example_subdag_operator.py for tasks to queue
[2025-12-16T18:40:06.061+0000] {logging_mixin.py:190} INFO - [2025-12-16T18:40:06.061+0000] {dagbag.py:588} INFO - Filling up the DagBag from /home/airflow/.local/lib/python3.12/site-packages/airflow/example_dags/example_subdag_operator.py
[2025-12-16T18:40:06.091+0000] {processor.py:925} INFO - DAG(s) 'example_subdag_operator.section-1', 'example_subdag_operator.section-2', 'example_subdag_operator' retrieved from /home/airflow/.local/lib/python3.12/site-packages/airflow/example_dags/example_subdag_operator.py
[2025-12-16T18:40:06.109+0000] {logging_mixin.py:190} INFO - [2025-12-16T18:40:06.109+0000] {dag.py:3239} INFO - Sync 3 DAGs
[2025-12-16T18:40:06.140+0000] {logging_mixin.py:190} INFO - [2025-12-16T18:40:06.140+0000] {dag.py:4180} INFO - Setting next_dagrun for example_subdag_operator to 2022-01-01 00:00:00+00:00, run_after=2022-01-01 00:00:00+00:00
[2025-12-16T18:40:06.145+0000] {logging_mixin.py:190} INFO - [2025-12-16T18:40:06.144+0000] {dag.py:4180} INFO - Setting next_dagrun for example_subdag_operator.section-1 to None, run_after=None
[2025-12-16T18:40:06.146+0000] {logging_mixin.py:190} INFO - [2025-12-16T18:40:06.146+0000] {dag.py:4180} INFO - Setting next_dagrun for example_subdag_operator.section-2 to None, run_after=None
[2025-12-16T18:40:06.154+0000] {logging_mixin.py:190} INFO - [2025-12-16T18:40:06.154+0000] {dag.py:3239} INFO - Sync 2 DAGs
[2025-12-16T18:40:06.163+0000] {logging_mixin.py:190} INFO - [2025-12-16T18:40:06.163+0000] {dag.py:4180} INFO - Setting next_dagrun for example_subdag_operator.section-1 to None, run_after=None
[2025-12-16T18:40:06.163+0000] {logging_mixin.py:190} INFO - [2025-12-16T18:40:06.163+0000] {dag.py:4180} INFO - Setting next_dagrun for example_subdag_operator.section-2 to None, run_after=None
[2025-12-16T18:40:06.175+0000] {processor.py:208} INFO - Processing /home/airflow/.local/lib/python3.12/site-packages/airflow/example_dags/example_subdag_operator.py took 0.126 seconds
[2025-12-16T18:40:38.301+0000] {processor.py:186} INFO - Started process (PID=6493) to work on /home/airflow/.local/lib/python3.12/site-packages/airflow/example_dags/example_subdag_operator.py
[2025-12-16T18:40:38.302+0000] {processor.py:914} INFO - Processing file /home/airflow/.local/lib/python3.12/site-packages/airflow/example_dags/example_subdag_operator.py for tasks to queue
[2025-12-16T18:40:38.305+0000] {logging_mixin.py:190} INFO - [2025-12-16T18:40:38.305+0000] {dagbag.py:588} INFO - Filling up the DagBag from /home/airflow/.local/lib/python3.12/site-packages/airflow/example_dags/example_subdag_operator.py
[2025-12-16T18:40:38.335+0000] {processor.py:925} INFO - DAG(s) 'example_subdag_operator.section-1', 'example_subdag_operator.section-2', 'example_subdag_operator' retrieved from /home/airflow/.local/lib/python3.12/site-packages/airflow/example_dags/example_subdag_operator.py
[2025-12-16T18:40:38.352+0000] {logging_mixin.py:190} INFO - [2025-12-16T18:40:38.352+0000] {dag.py:3239} INFO - Sync 3 DAGs
[2025-12-16T18:40:38.381+0000] {logging_mixin.py:190} INFO - [2025-12-16T18:40:38.380+0000] {dag.py:4180} INFO - Setting next_dagrun for example_subdag_operator to 2022-01-01 00:00:00+00:00, run_after=2022-01-01 00:00:00+00:00
[2025-12-16T18:40:38.385+0000] {logging_mixin.py:190} INFO - [2025-12-16T18:40:38.385+0000] {dag.py:4180} INFO - Setting next_dagrun for example_subdag_operator.section-1 to None, run_after=None
[2025-12-16T18:40:38.386+0000] {logging_mixin.py:190} INFO - [2025-12-16T18:40:38.386+0000] {dag.py:4180} INFO - Setting next_dagrun for example_subdag_operator.section-2 to None, run_after=None
[2025-12-16T18:40:38.394+0000] {logging_mixin.py:190} INFO - [2025-12-16T18:40:38.394+0000] {dag.py:3239} INFO - Sync 2 DAGs
[2025-12-16T18:40:38.400+0000] {logging_mixin.py:190} INFO - [2025-12-16T18:40:38.400+0000] {dag.py:4180} INFO - Setting next_dagrun for example_subdag_operator.section-1 to None, run_after=None
[2025-12-16T18:40:38.400+0000] {logging_mixin.py:190} INFO - [2025-12-16T18:40:38.400+0000] {dag.py:4180} INFO - Setting next_dagrun for example_subdag_operator.section-2 to None, run_after=None
[2025-12-16T18:40:38.412+0000] {processor.py:208} INFO - Processing /home/airflow/.local/lib/python3.12/site-packages/airflow/example_dags/example_subdag_operator.py took 0.118 seconds
