[2025-12-16T18:26:46.317+0000] {processor.py:186} INFO - Started process (PID=322) to work on /home/airflow/.local/lib/python3.12/site-packages/airflow/example_dags/example_outlet_event_extra.py
[2025-12-16T18:26:46.318+0000] {processor.py:914} INFO - Processing file /home/airflow/.local/lib/python3.12/site-packages/airflow/example_dags/example_outlet_event_extra.py for tasks to queue
[2025-12-16T18:26:46.321+0000] {logging_mixin.py:190} INFO - [2025-12-16T18:26:46.321+0000] {dagbag.py:588} INFO - Filling up the DagBag from /home/airflow/.local/lib/python3.12/site-packages/airflow/example_dags/example_outlet_event_extra.py
[2025-12-16T18:26:47.081+0000] {processor.py:925} INFO - DAG(s) 'dataset_with_extra_by_yield', 'dataset_with_extra_by_context', 'dataset_with_extra_from_classic_operator' retrieved from /home/airflow/.local/lib/python3.12/site-packages/airflow/example_dags/example_outlet_event_extra.py
[2025-12-16T18:26:47.212+0000] {logging_mixin.py:190} INFO - [2025-12-16T18:26:47.211+0000] {override.py:1911} INFO - Created Permission View: can read on DAG:dataset_with_extra_by_yield
[2025-12-16T18:26:47.224+0000] {logging_mixin.py:190} INFO - [2025-12-16T18:26:47.223+0000] {override.py:1911} INFO - Created Permission View: can delete on DAG:dataset_with_extra_by_yield
[2025-12-16T18:26:47.231+0000] {logging_mixin.py:190} INFO - [2025-12-16T18:26:47.231+0000] {override.py:1911} INFO - Created Permission View: can edit on DAG:dataset_with_extra_by_yield
[2025-12-16T18:26:47.240+0000] {logging_mixin.py:190} INFO - [2025-12-16T18:26:47.239+0000] {override.py:1911} INFO - Created Permission View: can read on DAG Run:dataset_with_extra_by_yield
[2025-12-16T18:26:47.247+0000] {logging_mixin.py:190} INFO - [2025-12-16T18:26:47.247+0000] {override.py:1911} INFO - Created Permission View: can create on DAG Run:dataset_with_extra_by_yield
[2025-12-16T18:26:47.254+0000] {logging_mixin.py:190} INFO - [2025-12-16T18:26:47.254+0000] {override.py:1911} INFO - Created Permission View: menu access on DAG Run:dataset_with_extra_by_yield
[2025-12-16T18:26:47.261+0000] {logging_mixin.py:190} INFO - [2025-12-16T18:26:47.261+0000] {override.py:1911} INFO - Created Permission View: can delete on DAG Run:dataset_with_extra_by_yield
[2025-12-16T18:26:47.275+0000] {logging_mixin.py:190} INFO - [2025-12-16T18:26:47.275+0000] {override.py:1911} INFO - Created Permission View: can read on DAG:dataset_with_extra_by_context
[2025-12-16T18:26:47.282+0000] {logging_mixin.py:190} INFO - [2025-12-16T18:26:47.282+0000] {override.py:1911} INFO - Created Permission View: can delete on DAG:dataset_with_extra_by_context
[2025-12-16T18:26:47.291+0000] {logging_mixin.py:190} INFO - [2025-12-16T18:26:47.291+0000] {override.py:1911} INFO - Created Permission View: can edit on DAG:dataset_with_extra_by_context
[2025-12-16T18:26:47.300+0000] {logging_mixin.py:190} INFO - [2025-12-16T18:26:47.300+0000] {override.py:1911} INFO - Created Permission View: can read on DAG Run:dataset_with_extra_by_context
[2025-12-16T18:26:47.309+0000] {logging_mixin.py:190} INFO - [2025-12-16T18:26:47.308+0000] {override.py:1911} INFO - Created Permission View: can create on DAG Run:dataset_with_extra_by_context
[2025-12-16T18:26:47.319+0000] {logging_mixin.py:190} INFO - [2025-12-16T18:26:47.318+0000] {override.py:1911} INFO - Created Permission View: menu access on DAG Run:dataset_with_extra_by_context
[2025-12-16T18:26:47.326+0000] {logging_mixin.py:190} INFO - [2025-12-16T18:26:47.326+0000] {override.py:1911} INFO - Created Permission View: can delete on DAG Run:dataset_with_extra_by_context
[2025-12-16T18:26:47.343+0000] {logging_mixin.py:190} INFO - [2025-12-16T18:26:47.342+0000] {override.py:1911} INFO - Created Permission View: can read on DAG:dataset_with_extra_from_classic_operator
[2025-12-16T18:26:47.350+0000] {logging_mixin.py:190} INFO - [2025-12-16T18:26:47.349+0000] {override.py:1911} INFO - Created Permission View: can delete on DAG:dataset_with_extra_from_classic_operator
[2025-12-16T18:26:47.359+0000] {logging_mixin.py:190} INFO - [2025-12-16T18:26:47.358+0000] {override.py:1911} INFO - Created Permission View: can edit on DAG:dataset_with_extra_from_classic_operator
[2025-12-16T18:26:47.369+0000] {logging_mixin.py:190} INFO - [2025-12-16T18:26:47.369+0000] {override.py:1911} INFO - Created Permission View: can read on DAG Run:dataset_with_extra_from_classic_operator
[2025-12-16T18:26:47.377+0000] {logging_mixin.py:190} INFO - [2025-12-16T18:26:47.376+0000] {override.py:1911} INFO - Created Permission View: can create on DAG Run:dataset_with_extra_from_classic_operator
[2025-12-16T18:26:47.384+0000] {logging_mixin.py:190} INFO - [2025-12-16T18:26:47.384+0000] {override.py:1911} INFO - Created Permission View: menu access on DAG Run:dataset_with_extra_from_classic_operator
[2025-12-16T18:26:47.392+0000] {logging_mixin.py:190} INFO - [2025-12-16T18:26:47.391+0000] {override.py:1911} INFO - Created Permission View: can delete on DAG Run:dataset_with_extra_from_classic_operator
[2025-12-16T18:26:47.392+0000] {logging_mixin.py:190} INFO - [2025-12-16T18:26:47.392+0000] {dag.py:3239} INFO - Sync 3 DAGs
[2025-12-16T18:26:47.409+0000] {logging_mixin.py:190} INFO - [2025-12-16T18:26:47.408+0000] {dag.py:3262} INFO - Creating ORM DAG for dataset_with_extra_from_classic_operator
[2025-12-16T18:26:47.409+0000] {logging_mixin.py:190} INFO - [2025-12-16T18:26:47.409+0000] {dag.py:3262} INFO - Creating ORM DAG for dataset_with_extra_by_yield
[2025-12-16T18:26:47.410+0000] {logging_mixin.py:190} INFO - [2025-12-16T18:26:47.410+0000] {dag.py:3262} INFO - Creating ORM DAG for dataset_with_extra_by_context
[2025-12-16T18:26:47.423+0000] {logging_mixin.py:190} INFO - [2025-12-16T18:26:47.423+0000] {dag.py:4180} INFO - Setting next_dagrun for dataset_with_extra_by_context to 2025-12-15 00:00:00+00:00, run_after=2025-12-16 00:00:00+00:00
[2025-12-16T18:26:47.425+0000] {logging_mixin.py:190} INFO - [2025-12-16T18:26:47.425+0000] {dag.py:4180} INFO - Setting next_dagrun for dataset_with_extra_by_yield to 2025-12-15 00:00:00+00:00, run_after=2025-12-16 00:00:00+00:00
[2025-12-16T18:26:47.427+0000] {logging_mixin.py:190} INFO - [2025-12-16T18:26:47.427+0000] {dag.py:4180} INFO - Setting next_dagrun for dataset_with_extra_from_classic_operator to 2025-12-15 00:00:00+00:00, run_after=2025-12-16 00:00:00+00:00
[2025-12-16T18:26:47.456+0000] {processor.py:208} INFO - Processing /home/airflow/.local/lib/python3.12/site-packages/airflow/example_dags/example_outlet_event_extra.py took 1.146 seconds
[2025-12-16T18:27:17.570+0000] {processor.py:186} INFO - Started process (PID=628) to work on /home/airflow/.local/lib/python3.12/site-packages/airflow/example_dags/example_outlet_event_extra.py
[2025-12-16T18:27:17.571+0000] {processor.py:914} INFO - Processing file /home/airflow/.local/lib/python3.12/site-packages/airflow/example_dags/example_outlet_event_extra.py for tasks to queue
[2025-12-16T18:27:17.574+0000] {logging_mixin.py:190} INFO - [2025-12-16T18:27:17.574+0000] {dagbag.py:588} INFO - Filling up the DagBag from /home/airflow/.local/lib/python3.12/site-packages/airflow/example_dags/example_outlet_event_extra.py
[2025-12-16T18:27:18.480+0000] {processor.py:925} INFO - DAG(s) 'dataset_with_extra_by_yield', 'dataset_with_extra_from_classic_operator', 'dataset_with_extra_by_context' retrieved from /home/airflow/.local/lib/python3.12/site-packages/airflow/example_dags/example_outlet_event_extra.py
[2025-12-16T18:27:18.541+0000] {logging_mixin.py:190} INFO - [2025-12-16T18:27:18.541+0000] {dag.py:3239} INFO - Sync 3 DAGs
[2025-12-16T18:27:18.589+0000] {logging_mixin.py:190} INFO - [2025-12-16T18:27:18.589+0000] {dag.py:4180} INFO - Setting next_dagrun for dataset_with_extra_by_context to 2025-12-15 00:00:00+00:00, run_after=2025-12-16 00:00:00+00:00
[2025-12-16T18:27:18.598+0000] {logging_mixin.py:190} INFO - [2025-12-16T18:27:18.597+0000] {dag.py:4180} INFO - Setting next_dagrun for dataset_with_extra_by_yield to 2025-12-15 00:00:00+00:00, run_after=2025-12-16 00:00:00+00:00
[2025-12-16T18:27:18.604+0000] {logging_mixin.py:190} INFO - [2025-12-16T18:27:18.603+0000] {dag.py:4180} INFO - Setting next_dagrun for dataset_with_extra_from_classic_operator to 2025-12-15 00:00:00+00:00, run_after=2025-12-16 00:00:00+00:00
[2025-12-16T18:27:18.646+0000] {processor.py:208} INFO - Processing /home/airflow/.local/lib/python3.12/site-packages/airflow/example_dags/example_outlet_event_extra.py took 1.085 seconds
[2025-12-16T18:27:49.196+0000] {processor.py:186} INFO - Started process (PID=919) to work on /home/airflow/.local/lib/python3.12/site-packages/airflow/example_dags/example_outlet_event_extra.py
[2025-12-16T18:27:49.197+0000] {processor.py:914} INFO - Processing file /home/airflow/.local/lib/python3.12/site-packages/airflow/example_dags/example_outlet_event_extra.py for tasks to queue
[2025-12-16T18:27:49.200+0000] {logging_mixin.py:190} INFO - [2025-12-16T18:27:49.200+0000] {dagbag.py:588} INFO - Filling up the DagBag from /home/airflow/.local/lib/python3.12/site-packages/airflow/example_dags/example_outlet_event_extra.py
[2025-12-16T18:27:50.011+0000] {processor.py:925} INFO - DAG(s) 'dataset_with_extra_by_context', 'dataset_with_extra_by_yield', 'dataset_with_extra_from_classic_operator' retrieved from /home/airflow/.local/lib/python3.12/site-packages/airflow/example_dags/example_outlet_event_extra.py
[2025-12-16T18:27:50.042+0000] {logging_mixin.py:190} INFO - [2025-12-16T18:27:50.042+0000] {dag.py:3239} INFO - Sync 3 DAGs
[2025-12-16T18:27:50.072+0000] {logging_mixin.py:190} INFO - [2025-12-16T18:27:50.072+0000] {dag.py:4180} INFO - Setting next_dagrun for dataset_with_extra_by_context to 2025-12-15 00:00:00+00:00, run_after=2025-12-16 00:00:00+00:00
[2025-12-16T18:27:50.078+0000] {logging_mixin.py:190} INFO - [2025-12-16T18:27:50.078+0000] {dag.py:4180} INFO - Setting next_dagrun for dataset_with_extra_by_yield to 2025-12-15 00:00:00+00:00, run_after=2025-12-16 00:00:00+00:00
[2025-12-16T18:27:50.081+0000] {logging_mixin.py:190} INFO - [2025-12-16T18:27:50.081+0000] {dag.py:4180} INFO - Setting next_dagrun for dataset_with_extra_from_classic_operator to 2025-12-15 00:00:00+00:00, run_after=2025-12-16 00:00:00+00:00
[2025-12-16T18:27:50.103+0000] {processor.py:208} INFO - Processing /home/airflow/.local/lib/python3.12/site-packages/airflow/example_dags/example_outlet_event_extra.py took 0.916 seconds
[2025-12-16T18:29:41.896+0000] {processor.py:186} INFO - Started process (PID=316) to work on /home/airflow/.local/lib/python3.12/site-packages/airflow/example_dags/example_outlet_event_extra.py
[2025-12-16T18:29:41.897+0000] {processor.py:914} INFO - Processing file /home/airflow/.local/lib/python3.12/site-packages/airflow/example_dags/example_outlet_event_extra.py for tasks to queue
[2025-12-16T18:29:41.900+0000] {logging_mixin.py:190} INFO - [2025-12-16T18:29:41.899+0000] {dagbag.py:588} INFO - Filling up the DagBag from /home/airflow/.local/lib/python3.12/site-packages/airflow/example_dags/example_outlet_event_extra.py
[2025-12-16T18:29:42.640+0000] {processor.py:925} INFO - DAG(s) 'dataset_with_extra_from_classic_operator', 'dataset_with_extra_by_yield', 'dataset_with_extra_by_context' retrieved from /home/airflow/.local/lib/python3.12/site-packages/airflow/example_dags/example_outlet_event_extra.py
[2025-12-16T18:29:42.672+0000] {logging_mixin.py:190} INFO - [2025-12-16T18:29:42.672+0000] {dag.py:3239} INFO - Sync 3 DAGs
[2025-12-16T18:29:42.702+0000] {logging_mixin.py:190} INFO - [2025-12-16T18:29:42.701+0000] {dag.py:4180} INFO - Setting next_dagrun for dataset_with_extra_by_context to 2025-12-15 00:00:00+00:00, run_after=2025-12-16 00:00:00+00:00
[2025-12-16T18:29:42.708+0000] {logging_mixin.py:190} INFO - [2025-12-16T18:29:42.707+0000] {dag.py:4180} INFO - Setting next_dagrun for dataset_with_extra_by_yield to 2025-12-15 00:00:00+00:00, run_after=2025-12-16 00:00:00+00:00
[2025-12-16T18:29:42.711+0000] {logging_mixin.py:190} INFO - [2025-12-16T18:29:42.711+0000] {dag.py:4180} INFO - Setting next_dagrun for dataset_with_extra_from_classic_operator to 2025-12-15 00:00:00+00:00, run_after=2025-12-16 00:00:00+00:00
[2025-12-16T18:29:42.735+0000] {processor.py:208} INFO - Processing /home/airflow/.local/lib/python3.12/site-packages/airflow/example_dags/example_outlet_event_extra.py took 0.847 seconds
[2025-12-16T18:30:14.265+0000] {processor.py:186} INFO - Started process (PID=613) to work on /home/airflow/.local/lib/python3.12/site-packages/airflow/example_dags/example_outlet_event_extra.py
[2025-12-16T18:30:14.266+0000] {processor.py:914} INFO - Processing file /home/airflow/.local/lib/python3.12/site-packages/airflow/example_dags/example_outlet_event_extra.py for tasks to queue
[2025-12-16T18:30:14.269+0000] {logging_mixin.py:190} INFO - [2025-12-16T18:30:14.268+0000] {dagbag.py:588} INFO - Filling up the DagBag from /home/airflow/.local/lib/python3.12/site-packages/airflow/example_dags/example_outlet_event_extra.py
[2025-12-16T18:30:14.991+0000] {processor.py:925} INFO - DAG(s) 'dataset_with_extra_from_classic_operator', 'dataset_with_extra_by_yield', 'dataset_with_extra_by_context' retrieved from /home/airflow/.local/lib/python3.12/site-packages/airflow/example_dags/example_outlet_event_extra.py
[2025-12-16T18:30:15.019+0000] {logging_mixin.py:190} INFO - [2025-12-16T18:30:15.019+0000] {dag.py:3239} INFO - Sync 3 DAGs
[2025-12-16T18:30:15.049+0000] {logging_mixin.py:190} INFO - [2025-12-16T18:30:15.048+0000] {dag.py:4180} INFO - Setting next_dagrun for dataset_with_extra_by_context to 2025-12-15 00:00:00+00:00, run_after=2025-12-16 00:00:00+00:00
[2025-12-16T18:30:15.055+0000] {logging_mixin.py:190} INFO - [2025-12-16T18:30:15.055+0000] {dag.py:4180} INFO - Setting next_dagrun for dataset_with_extra_by_yield to 2025-12-15 00:00:00+00:00, run_after=2025-12-16 00:00:00+00:00
[2025-12-16T18:30:15.058+0000] {logging_mixin.py:190} INFO - [2025-12-16T18:30:15.058+0000] {dag.py:4180} INFO - Setting next_dagrun for dataset_with_extra_from_classic_operator to 2025-12-15 00:00:00+00:00, run_after=2025-12-16 00:00:00+00:00
[2025-12-16T18:30:15.080+0000] {processor.py:208} INFO - Processing /home/airflow/.local/lib/python3.12/site-packages/airflow/example_dags/example_outlet_event_extra.py took 0.822 seconds
[2025-12-16T18:30:45.179+0000] {processor.py:186} INFO - Started process (PID=924) to work on /home/airflow/.local/lib/python3.12/site-packages/airflow/example_dags/example_outlet_event_extra.py
[2025-12-16T18:30:45.180+0000] {processor.py:914} INFO - Processing file /home/airflow/.local/lib/python3.12/site-packages/airflow/example_dags/example_outlet_event_extra.py for tasks to queue
[2025-12-16T18:30:45.182+0000] {logging_mixin.py:190} INFO - [2025-12-16T18:30:45.182+0000] {dagbag.py:588} INFO - Filling up the DagBag from /home/airflow/.local/lib/python3.12/site-packages/airflow/example_dags/example_outlet_event_extra.py
[2025-12-16T18:30:45.903+0000] {processor.py:925} INFO - DAG(s) 'dataset_with_extra_by_yield', 'dataset_with_extra_by_context', 'dataset_with_extra_from_classic_operator' retrieved from /home/airflow/.local/lib/python3.12/site-packages/airflow/example_dags/example_outlet_event_extra.py
[2025-12-16T18:30:45.931+0000] {logging_mixin.py:190} INFO - [2025-12-16T18:30:45.931+0000] {dag.py:3239} INFO - Sync 3 DAGs
[2025-12-16T18:30:45.961+0000] {logging_mixin.py:190} INFO - [2025-12-16T18:30:45.961+0000] {dag.py:4180} INFO - Setting next_dagrun for dataset_with_extra_by_context to 2025-12-15 00:00:00+00:00, run_after=2025-12-16 00:00:00+00:00
[2025-12-16T18:30:45.967+0000] {logging_mixin.py:190} INFO - [2025-12-16T18:30:45.967+0000] {dag.py:4180} INFO - Setting next_dagrun for dataset_with_extra_by_yield to 2025-12-15 00:00:00+00:00, run_after=2025-12-16 00:00:00+00:00
[2025-12-16T18:30:45.970+0000] {logging_mixin.py:190} INFO - [2025-12-16T18:30:45.970+0000] {dag.py:4180} INFO - Setting next_dagrun for dataset_with_extra_from_classic_operator to 2025-12-15 00:00:00+00:00, run_after=2025-12-16 00:00:00+00:00
[2025-12-16T18:30:45.994+0000] {processor.py:208} INFO - Processing /home/airflow/.local/lib/python3.12/site-packages/airflow/example_dags/example_outlet_event_extra.py took 0.822 seconds
[2025-12-16T18:31:17.192+0000] {processor.py:186} INFO - Started process (PID=1222) to work on /home/airflow/.local/lib/python3.12/site-packages/airflow/example_dags/example_outlet_event_extra.py
[2025-12-16T18:31:17.193+0000] {processor.py:914} INFO - Processing file /home/airflow/.local/lib/python3.12/site-packages/airflow/example_dags/example_outlet_event_extra.py for tasks to queue
[2025-12-16T18:31:17.196+0000] {logging_mixin.py:190} INFO - [2025-12-16T18:31:17.195+0000] {dagbag.py:588} INFO - Filling up the DagBag from /home/airflow/.local/lib/python3.12/site-packages/airflow/example_dags/example_outlet_event_extra.py
[2025-12-16T18:31:17.911+0000] {processor.py:925} INFO - DAG(s) 'dataset_with_extra_by_yield', 'dataset_with_extra_by_context', 'dataset_with_extra_from_classic_operator' retrieved from /home/airflow/.local/lib/python3.12/site-packages/airflow/example_dags/example_outlet_event_extra.py
[2025-12-16T18:31:17.939+0000] {logging_mixin.py:190} INFO - [2025-12-16T18:31:17.938+0000] {dag.py:3239} INFO - Sync 3 DAGs
[2025-12-16T18:31:17.970+0000] {logging_mixin.py:190} INFO - [2025-12-16T18:31:17.970+0000] {dag.py:4180} INFO - Setting next_dagrun for dataset_with_extra_by_context to 2025-12-15 00:00:00+00:00, run_after=2025-12-16 00:00:00+00:00
[2025-12-16T18:31:17.977+0000] {logging_mixin.py:190} INFO - [2025-12-16T18:31:17.977+0000] {dag.py:4180} INFO - Setting next_dagrun for dataset_with_extra_by_yield to 2025-12-15 00:00:00+00:00, run_after=2025-12-16 00:00:00+00:00
[2025-12-16T18:31:17.980+0000] {logging_mixin.py:190} INFO - [2025-12-16T18:31:17.980+0000] {dag.py:4180} INFO - Setting next_dagrun for dataset_with_extra_from_classic_operator to 2025-12-15 00:00:00+00:00, run_after=2025-12-16 00:00:00+00:00
[2025-12-16T18:31:18.003+0000] {processor.py:208} INFO - Processing /home/airflow/.local/lib/python3.12/site-packages/airflow/example_dags/example_outlet_event_extra.py took 0.818 seconds
[2025-12-16T18:31:48.113+0000] {processor.py:186} INFO - Started process (PID=1536) to work on /home/airflow/.local/lib/python3.12/site-packages/airflow/example_dags/example_outlet_event_extra.py
[2025-12-16T18:31:48.114+0000] {processor.py:914} INFO - Processing file /home/airflow/.local/lib/python3.12/site-packages/airflow/example_dags/example_outlet_event_extra.py for tasks to queue
[2025-12-16T18:31:48.117+0000] {logging_mixin.py:190} INFO - [2025-12-16T18:31:48.116+0000] {dagbag.py:588} INFO - Filling up the DagBag from /home/airflow/.local/lib/python3.12/site-packages/airflow/example_dags/example_outlet_event_extra.py
[2025-12-16T18:31:48.864+0000] {processor.py:925} INFO - DAG(s) 'dataset_with_extra_from_classic_operator', 'dataset_with_extra_by_context', 'dataset_with_extra_by_yield' retrieved from /home/airflow/.local/lib/python3.12/site-packages/airflow/example_dags/example_outlet_event_extra.py
[2025-12-16T18:31:48.896+0000] {logging_mixin.py:190} INFO - [2025-12-16T18:31:48.896+0000] {dag.py:3239} INFO - Sync 3 DAGs
[2025-12-16T18:31:48.929+0000] {logging_mixin.py:190} INFO - [2025-12-16T18:31:48.928+0000] {dag.py:4180} INFO - Setting next_dagrun for dataset_with_extra_by_context to 2025-12-15 00:00:00+00:00, run_after=2025-12-16 00:00:00+00:00
[2025-12-16T18:31:48.938+0000] {logging_mixin.py:190} INFO - [2025-12-16T18:31:48.938+0000] {dag.py:4180} INFO - Setting next_dagrun for dataset_with_extra_by_yield to 2025-12-15 00:00:00+00:00, run_after=2025-12-16 00:00:00+00:00
[2025-12-16T18:31:48.941+0000] {logging_mixin.py:190} INFO - [2025-12-16T18:31:48.941+0000] {dag.py:4180} INFO - Setting next_dagrun for dataset_with_extra_from_classic_operator to 2025-12-15 00:00:00+00:00, run_after=2025-12-16 00:00:00+00:00
[2025-12-16T18:31:48.967+0000] {processor.py:208} INFO - Processing /home/airflow/.local/lib/python3.12/site-packages/airflow/example_dags/example_outlet_event_extra.py took 0.862 seconds
[2025-12-16T18:32:19.092+0000] {processor.py:186} INFO - Started process (PID=1854) to work on /home/airflow/.local/lib/python3.12/site-packages/airflow/example_dags/example_outlet_event_extra.py
[2025-12-16T18:32:19.093+0000] {processor.py:914} INFO - Processing file /home/airflow/.local/lib/python3.12/site-packages/airflow/example_dags/example_outlet_event_extra.py for tasks to queue
[2025-12-16T18:32:19.096+0000] {logging_mixin.py:190} INFO - [2025-12-16T18:32:19.096+0000] {dagbag.py:588} INFO - Filling up the DagBag from /home/airflow/.local/lib/python3.12/site-packages/airflow/example_dags/example_outlet_event_extra.py
[2025-12-16T18:32:19.848+0000] {processor.py:925} INFO - DAG(s) 'dataset_with_extra_by_context', 'dataset_with_extra_by_yield', 'dataset_with_extra_from_classic_operator' retrieved from /home/airflow/.local/lib/python3.12/site-packages/airflow/example_dags/example_outlet_event_extra.py
[2025-12-16T18:32:19.880+0000] {logging_mixin.py:190} INFO - [2025-12-16T18:32:19.879+0000] {dag.py:3239} INFO - Sync 3 DAGs
[2025-12-16T18:32:19.912+0000] {logging_mixin.py:190} INFO - [2025-12-16T18:32:19.912+0000] {dag.py:4180} INFO - Setting next_dagrun for dataset_with_extra_by_context to 2025-12-15 00:00:00+00:00, run_after=2025-12-16 00:00:00+00:00
[2025-12-16T18:32:19.919+0000] {logging_mixin.py:190} INFO - [2025-12-16T18:32:19.918+0000] {dag.py:4180} INFO - Setting next_dagrun for dataset_with_extra_by_yield to 2025-12-15 00:00:00+00:00, run_after=2025-12-16 00:00:00+00:00
[2025-12-16T18:32:19.923+0000] {logging_mixin.py:190} INFO - [2025-12-16T18:32:19.923+0000] {dag.py:4180} INFO - Setting next_dagrun for dataset_with_extra_from_classic_operator to 2025-12-15 00:00:00+00:00, run_after=2025-12-16 00:00:00+00:00
[2025-12-16T18:32:19.949+0000] {processor.py:208} INFO - Processing /home/airflow/.local/lib/python3.12/site-packages/airflow/example_dags/example_outlet_event_extra.py took 0.866 seconds
[2025-12-16T18:32:50.546+0000] {processor.py:186} INFO - Started process (PID=2160) to work on /home/airflow/.local/lib/python3.12/site-packages/airflow/example_dags/example_outlet_event_extra.py
[2025-12-16T18:32:50.548+0000] {processor.py:914} INFO - Processing file /home/airflow/.local/lib/python3.12/site-packages/airflow/example_dags/example_outlet_event_extra.py for tasks to queue
[2025-12-16T18:32:50.552+0000] {logging_mixin.py:190} INFO - [2025-12-16T18:32:50.551+0000] {dagbag.py:588} INFO - Filling up the DagBag from /home/airflow/.local/lib/python3.12/site-packages/airflow/example_dags/example_outlet_event_extra.py
[2025-12-16T18:32:51.318+0000] {processor.py:925} INFO - DAG(s) 'dataset_with_extra_by_context', 'dataset_with_extra_by_yield', 'dataset_with_extra_from_classic_operator' retrieved from /home/airflow/.local/lib/python3.12/site-packages/airflow/example_dags/example_outlet_event_extra.py
[2025-12-16T18:32:51.350+0000] {logging_mixin.py:190} INFO - [2025-12-16T18:32:51.350+0000] {dag.py:3239} INFO - Sync 3 DAGs
[2025-12-16T18:32:51.383+0000] {logging_mixin.py:190} INFO - [2025-12-16T18:32:51.383+0000] {dag.py:4180} INFO - Setting next_dagrun for dataset_with_extra_by_context to 2025-12-15 00:00:00+00:00, run_after=2025-12-16 00:00:00+00:00
[2025-12-16T18:32:51.391+0000] {logging_mixin.py:190} INFO - [2025-12-16T18:32:51.390+0000] {dag.py:4180} INFO - Setting next_dagrun for dataset_with_extra_by_yield to 2025-12-15 00:00:00+00:00, run_after=2025-12-16 00:00:00+00:00
[2025-12-16T18:32:51.394+0000] {logging_mixin.py:190} INFO - [2025-12-16T18:32:51.394+0000] {dag.py:4180} INFO - Setting next_dagrun for dataset_with_extra_from_classic_operator to 2025-12-15 00:00:00+00:00, run_after=2025-12-16 00:00:00+00:00
[2025-12-16T18:32:51.423+0000] {processor.py:208} INFO - Processing /home/airflow/.local/lib/python3.12/site-packages/airflow/example_dags/example_outlet_event_extra.py took 0.884 seconds
[2025-12-16T18:33:21.887+0000] {processor.py:186} INFO - Started process (PID=2456) to work on /home/airflow/.local/lib/python3.12/site-packages/airflow/example_dags/example_outlet_event_extra.py
[2025-12-16T18:33:21.888+0000] {processor.py:914} INFO - Processing file /home/airflow/.local/lib/python3.12/site-packages/airflow/example_dags/example_outlet_event_extra.py for tasks to queue
[2025-12-16T18:33:21.891+0000] {logging_mixin.py:190} INFO - [2025-12-16T18:33:21.891+0000] {dagbag.py:588} INFO - Filling up the DagBag from /home/airflow/.local/lib/python3.12/site-packages/airflow/example_dags/example_outlet_event_extra.py
[2025-12-16T18:33:22.606+0000] {processor.py:925} INFO - DAG(s) 'dataset_with_extra_by_context', 'dataset_with_extra_by_yield', 'dataset_with_extra_from_classic_operator' retrieved from /home/airflow/.local/lib/python3.12/site-packages/airflow/example_dags/example_outlet_event_extra.py
[2025-12-16T18:33:22.634+0000] {logging_mixin.py:190} INFO - [2025-12-16T18:33:22.634+0000] {dag.py:3239} INFO - Sync 3 DAGs
[2025-12-16T18:33:22.663+0000] {logging_mixin.py:190} INFO - [2025-12-16T18:33:22.663+0000] {dag.py:4180} INFO - Setting next_dagrun for dataset_with_extra_by_context to 2025-12-15 00:00:00+00:00, run_after=2025-12-16 00:00:00+00:00
[2025-12-16T18:33:22.669+0000] {logging_mixin.py:190} INFO - [2025-12-16T18:33:22.669+0000] {dag.py:4180} INFO - Setting next_dagrun for dataset_with_extra_by_yield to 2025-12-15 00:00:00+00:00, run_after=2025-12-16 00:00:00+00:00
[2025-12-16T18:33:22.672+0000] {logging_mixin.py:190} INFO - [2025-12-16T18:33:22.672+0000] {dag.py:4180} INFO - Setting next_dagrun for dataset_with_extra_from_classic_operator to 2025-12-15 00:00:00+00:00, run_after=2025-12-16 00:00:00+00:00
[2025-12-16T18:33:22.693+0000] {processor.py:208} INFO - Processing /home/airflow/.local/lib/python3.12/site-packages/airflow/example_dags/example_outlet_event_extra.py took 0.813 seconds
[2025-12-16T18:33:52.942+0000] {processor.py:186} INFO - Started process (PID=2750) to work on /home/airflow/.local/lib/python3.12/site-packages/airflow/example_dags/example_outlet_event_extra.py
[2025-12-16T18:33:52.944+0000] {processor.py:914} INFO - Processing file /home/airflow/.local/lib/python3.12/site-packages/airflow/example_dags/example_outlet_event_extra.py for tasks to queue
[2025-12-16T18:33:52.946+0000] {logging_mixin.py:190} INFO - [2025-12-16T18:33:52.946+0000] {dagbag.py:588} INFO - Filling up the DagBag from /home/airflow/.local/lib/python3.12/site-packages/airflow/example_dags/example_outlet_event_extra.py
[2025-12-16T18:33:53.670+0000] {processor.py:925} INFO - DAG(s) 'dataset_with_extra_by_context', 'dataset_with_extra_by_yield', 'dataset_with_extra_from_classic_operator' retrieved from /home/airflow/.local/lib/python3.12/site-packages/airflow/example_dags/example_outlet_event_extra.py
[2025-12-16T18:33:53.699+0000] {logging_mixin.py:190} INFO - [2025-12-16T18:33:53.699+0000] {dag.py:3239} INFO - Sync 3 DAGs
[2025-12-16T18:33:53.732+0000] {logging_mixin.py:190} INFO - [2025-12-16T18:33:53.731+0000] {dag.py:4180} INFO - Setting next_dagrun for dataset_with_extra_by_context to 2025-12-15 00:00:00+00:00, run_after=2025-12-16 00:00:00+00:00
[2025-12-16T18:33:53.738+0000] {logging_mixin.py:190} INFO - [2025-12-16T18:33:53.737+0000] {dag.py:4180} INFO - Setting next_dagrun for dataset_with_extra_by_yield to 2025-12-15 00:00:00+00:00, run_after=2025-12-16 00:00:00+00:00
[2025-12-16T18:33:53.741+0000] {logging_mixin.py:190} INFO - [2025-12-16T18:33:53.740+0000] {dag.py:4180} INFO - Setting next_dagrun for dataset_with_extra_from_classic_operator to 2025-12-15 00:00:00+00:00, run_after=2025-12-16 00:00:00+00:00
[2025-12-16T18:33:53.763+0000] {processor.py:208} INFO - Processing /home/airflow/.local/lib/python3.12/site-packages/airflow/example_dags/example_outlet_event_extra.py took 0.830 seconds
[2025-12-16T18:34:24.303+0000] {processor.py:186} INFO - Started process (PID=3068) to work on /home/airflow/.local/lib/python3.12/site-packages/airflow/example_dags/example_outlet_event_extra.py
[2025-12-16T18:34:24.304+0000] {processor.py:914} INFO - Processing file /home/airflow/.local/lib/python3.12/site-packages/airflow/example_dags/example_outlet_event_extra.py for tasks to queue
[2025-12-16T18:34:24.306+0000] {logging_mixin.py:190} INFO - [2025-12-16T18:34:24.306+0000] {dagbag.py:588} INFO - Filling up the DagBag from /home/airflow/.local/lib/python3.12/site-packages/airflow/example_dags/example_outlet_event_extra.py
[2025-12-16T18:34:25.081+0000] {processor.py:925} INFO - DAG(s) 'dataset_with_extra_from_classic_operator', 'dataset_with_extra_by_context', 'dataset_with_extra_by_yield' retrieved from /home/airflow/.local/lib/python3.12/site-packages/airflow/example_dags/example_outlet_event_extra.py
[2025-12-16T18:34:25.111+0000] {logging_mixin.py:190} INFO - [2025-12-16T18:34:25.111+0000] {dag.py:3239} INFO - Sync 3 DAGs
[2025-12-16T18:34:25.142+0000] {logging_mixin.py:190} INFO - [2025-12-16T18:34:25.142+0000] {dag.py:4180} INFO - Setting next_dagrun for dataset_with_extra_by_context to 2025-12-15 00:00:00+00:00, run_after=2025-12-16 00:00:00+00:00
[2025-12-16T18:34:25.148+0000] {logging_mixin.py:190} INFO - [2025-12-16T18:34:25.148+0000] {dag.py:4180} INFO - Setting next_dagrun for dataset_with_extra_by_yield to 2025-12-15 00:00:00+00:00, run_after=2025-12-16 00:00:00+00:00
[2025-12-16T18:34:25.151+0000] {logging_mixin.py:190} INFO - [2025-12-16T18:34:25.151+0000] {dag.py:4180} INFO - Setting next_dagrun for dataset_with_extra_from_classic_operator to 2025-12-15 00:00:00+00:00, run_after=2025-12-16 00:00:00+00:00
[2025-12-16T18:34:25.174+0000] {processor.py:208} INFO - Processing /home/airflow/.local/lib/python3.12/site-packages/airflow/example_dags/example_outlet_event_extra.py took 0.879 seconds
[2025-12-16T18:34:55.456+0000] {processor.py:186} INFO - Started process (PID=3357) to work on /home/airflow/.local/lib/python3.12/site-packages/airflow/example_dags/example_outlet_event_extra.py
[2025-12-16T18:34:55.457+0000] {processor.py:914} INFO - Processing file /home/airflow/.local/lib/python3.12/site-packages/airflow/example_dags/example_outlet_event_extra.py for tasks to queue
[2025-12-16T18:34:55.461+0000] {logging_mixin.py:190} INFO - [2025-12-16T18:34:55.461+0000] {dagbag.py:588} INFO - Filling up the DagBag from /home/airflow/.local/lib/python3.12/site-packages/airflow/example_dags/example_outlet_event_extra.py
[2025-12-16T18:34:56.189+0000] {processor.py:925} INFO - DAG(s) 'dataset_with_extra_by_yield', 'dataset_with_extra_from_classic_operator', 'dataset_with_extra_by_context' retrieved from /home/airflow/.local/lib/python3.12/site-packages/airflow/example_dags/example_outlet_event_extra.py
[2025-12-16T18:34:56.219+0000] {logging_mixin.py:190} INFO - [2025-12-16T18:34:56.219+0000] {dag.py:3239} INFO - Sync 3 DAGs
[2025-12-16T18:34:56.252+0000] {logging_mixin.py:190} INFO - [2025-12-16T18:34:56.251+0000] {dag.py:4180} INFO - Setting next_dagrun for dataset_with_extra_by_context to 2025-12-15 00:00:00+00:00, run_after=2025-12-16 00:00:00+00:00
[2025-12-16T18:34:56.258+0000] {logging_mixin.py:190} INFO - [2025-12-16T18:34:56.258+0000] {dag.py:4180} INFO - Setting next_dagrun for dataset_with_extra_by_yield to 2025-12-15 00:00:00+00:00, run_after=2025-12-16 00:00:00+00:00
[2025-12-16T18:34:56.262+0000] {logging_mixin.py:190} INFO - [2025-12-16T18:34:56.261+0000] {dag.py:4180} INFO - Setting next_dagrun for dataset_with_extra_from_classic_operator to 2025-12-15 00:00:00+00:00, run_after=2025-12-16 00:00:00+00:00
[2025-12-16T18:34:56.284+0000] {processor.py:208} INFO - Processing /home/airflow/.local/lib/python3.12/site-packages/airflow/example_dags/example_outlet_event_extra.py took 0.836 seconds
[2025-12-16T18:35:27.197+0000] {processor.py:186} INFO - Started process (PID=3675) to work on /home/airflow/.local/lib/python3.12/site-packages/airflow/example_dags/example_outlet_event_extra.py
[2025-12-16T18:35:27.198+0000] {processor.py:914} INFO - Processing file /home/airflow/.local/lib/python3.12/site-packages/airflow/example_dags/example_outlet_event_extra.py for tasks to queue
[2025-12-16T18:35:27.201+0000] {logging_mixin.py:190} INFO - [2025-12-16T18:35:27.200+0000] {dagbag.py:588} INFO - Filling up the DagBag from /home/airflow/.local/lib/python3.12/site-packages/airflow/example_dags/example_outlet_event_extra.py
[2025-12-16T18:35:27.944+0000] {processor.py:925} INFO - DAG(s) 'dataset_with_extra_by_context', 'dataset_with_extra_by_yield', 'dataset_with_extra_from_classic_operator' retrieved from /home/airflow/.local/lib/python3.12/site-packages/airflow/example_dags/example_outlet_event_extra.py
[2025-12-16T18:35:27.971+0000] {logging_mixin.py:190} INFO - [2025-12-16T18:35:27.971+0000] {dag.py:3239} INFO - Sync 3 DAGs
[2025-12-16T18:35:28.002+0000] {logging_mixin.py:190} INFO - [2025-12-16T18:35:28.001+0000] {dag.py:4180} INFO - Setting next_dagrun for dataset_with_extra_by_context to 2025-12-15 00:00:00+00:00, run_after=2025-12-16 00:00:00+00:00
[2025-12-16T18:35:28.007+0000] {logging_mixin.py:190} INFO - [2025-12-16T18:35:28.007+0000] {dag.py:4180} INFO - Setting next_dagrun for dataset_with_extra_by_yield to 2025-12-15 00:00:00+00:00, run_after=2025-12-16 00:00:00+00:00
[2025-12-16T18:35:28.011+0000] {logging_mixin.py:190} INFO - [2025-12-16T18:35:28.010+0000] {dag.py:4180} INFO - Setting next_dagrun for dataset_with_extra_from_classic_operator to 2025-12-15 00:00:00+00:00, run_after=2025-12-16 00:00:00+00:00
[2025-12-16T18:35:28.032+0000] {processor.py:208} INFO - Processing /home/airflow/.local/lib/python3.12/site-packages/airflow/example_dags/example_outlet_event_extra.py took 0.843 seconds
[2025-12-16T18:35:58.330+0000] {processor.py:186} INFO - Started process (PID=3966) to work on /home/airflow/.local/lib/python3.12/site-packages/airflow/example_dags/example_outlet_event_extra.py
[2025-12-16T18:35:58.331+0000] {processor.py:914} INFO - Processing file /home/airflow/.local/lib/python3.12/site-packages/airflow/example_dags/example_outlet_event_extra.py for tasks to queue
[2025-12-16T18:35:58.334+0000] {logging_mixin.py:190} INFO - [2025-12-16T18:35:58.333+0000] {dagbag.py:588} INFO - Filling up the DagBag from /home/airflow/.local/lib/python3.12/site-packages/airflow/example_dags/example_outlet_event_extra.py
[2025-12-16T18:35:59.054+0000] {processor.py:925} INFO - DAG(s) 'dataset_with_extra_by_yield', 'dataset_with_extra_from_classic_operator', 'dataset_with_extra_by_context' retrieved from /home/airflow/.local/lib/python3.12/site-packages/airflow/example_dags/example_outlet_event_extra.py
[2025-12-16T18:35:59.082+0000] {logging_mixin.py:190} INFO - [2025-12-16T18:35:59.081+0000] {dag.py:3239} INFO - Sync 3 DAGs
[2025-12-16T18:35:59.112+0000] {logging_mixin.py:190} INFO - [2025-12-16T18:35:59.112+0000] {dag.py:4180} INFO - Setting next_dagrun for dataset_with_extra_by_context to 2025-12-15 00:00:00+00:00, run_after=2025-12-16 00:00:00+00:00
[2025-12-16T18:35:59.118+0000] {logging_mixin.py:190} INFO - [2025-12-16T18:35:59.118+0000] {dag.py:4180} INFO - Setting next_dagrun for dataset_with_extra_by_yield to 2025-12-15 00:00:00+00:00, run_after=2025-12-16 00:00:00+00:00
[2025-12-16T18:35:59.122+0000] {logging_mixin.py:190} INFO - [2025-12-16T18:35:59.122+0000] {dag.py:4180} INFO - Setting next_dagrun for dataset_with_extra_from_classic_operator to 2025-12-15 00:00:00+00:00, run_after=2025-12-16 00:00:00+00:00
[2025-12-16T18:35:59.144+0000] {processor.py:208} INFO - Processing /home/airflow/.local/lib/python3.12/site-packages/airflow/example_dags/example_outlet_event_extra.py took 0.823 seconds
[2025-12-16T18:36:29.668+0000] {processor.py:186} INFO - Started process (PID=4272) to work on /home/airflow/.local/lib/python3.12/site-packages/airflow/example_dags/example_outlet_event_extra.py
[2025-12-16T18:36:29.670+0000] {processor.py:914} INFO - Processing file /home/airflow/.local/lib/python3.12/site-packages/airflow/example_dags/example_outlet_event_extra.py for tasks to queue
[2025-12-16T18:36:29.672+0000] {logging_mixin.py:190} INFO - [2025-12-16T18:36:29.672+0000] {dagbag.py:588} INFO - Filling up the DagBag from /home/airflow/.local/lib/python3.12/site-packages/airflow/example_dags/example_outlet_event_extra.py
[2025-12-16T18:36:30.397+0000] {processor.py:925} INFO - DAG(s) 'dataset_with_extra_by_context', 'dataset_with_extra_from_classic_operator', 'dataset_with_extra_by_yield' retrieved from /home/airflow/.local/lib/python3.12/site-packages/airflow/example_dags/example_outlet_event_extra.py
[2025-12-16T18:36:30.429+0000] {logging_mixin.py:190} INFO - [2025-12-16T18:36:30.428+0000] {dag.py:3239} INFO - Sync 3 DAGs
[2025-12-16T18:36:30.462+0000] {logging_mixin.py:190} INFO - [2025-12-16T18:36:30.462+0000] {dag.py:4180} INFO - Setting next_dagrun for dataset_with_extra_by_context to 2025-12-15 00:00:00+00:00, run_after=2025-12-16 00:00:00+00:00
[2025-12-16T18:36:30.470+0000] {logging_mixin.py:190} INFO - [2025-12-16T18:36:30.470+0000] {dag.py:4180} INFO - Setting next_dagrun for dataset_with_extra_by_yield to 2025-12-15 00:00:00+00:00, run_after=2025-12-16 00:00:00+00:00
[2025-12-16T18:36:30.475+0000] {logging_mixin.py:190} INFO - [2025-12-16T18:36:30.474+0000] {dag.py:4180} INFO - Setting next_dagrun for dataset_with_extra_from_classic_operator to 2025-12-15 00:00:00+00:00, run_after=2025-12-16 00:00:00+00:00
[2025-12-16T18:36:30.507+0000] {processor.py:208} INFO - Processing /home/airflow/.local/lib/python3.12/site-packages/airflow/example_dags/example_outlet_event_extra.py took 0.847 seconds
[2025-12-16T18:37:00.796+0000] {processor.py:186} INFO - Started process (PID=4563) to work on /home/airflow/.local/lib/python3.12/site-packages/airflow/example_dags/example_outlet_event_extra.py
[2025-12-16T18:37:00.797+0000] {processor.py:914} INFO - Processing file /home/airflow/.local/lib/python3.12/site-packages/airflow/example_dags/example_outlet_event_extra.py for tasks to queue
[2025-12-16T18:37:00.801+0000] {logging_mixin.py:190} INFO - [2025-12-16T18:37:00.800+0000] {dagbag.py:588} INFO - Filling up the DagBag from /home/airflow/.local/lib/python3.12/site-packages/airflow/example_dags/example_outlet_event_extra.py
[2025-12-16T18:37:01.525+0000] {processor.py:925} INFO - DAG(s) 'dataset_with_extra_by_context', 'dataset_with_extra_from_classic_operator', 'dataset_with_extra_by_yield' retrieved from /home/airflow/.local/lib/python3.12/site-packages/airflow/example_dags/example_outlet_event_extra.py
[2025-12-16T18:37:01.555+0000] {logging_mixin.py:190} INFO - [2025-12-16T18:37:01.555+0000] {dag.py:3239} INFO - Sync 3 DAGs
[2025-12-16T18:37:01.585+0000] {logging_mixin.py:190} INFO - [2025-12-16T18:37:01.585+0000] {dag.py:4180} INFO - Setting next_dagrun for dataset_with_extra_by_context to 2025-12-15 00:00:00+00:00, run_after=2025-12-16 00:00:00+00:00
[2025-12-16T18:37:01.591+0000] {logging_mixin.py:190} INFO - [2025-12-16T18:37:01.591+0000] {dag.py:4180} INFO - Setting next_dagrun for dataset_with_extra_by_yield to 2025-12-15 00:00:00+00:00, run_after=2025-12-16 00:00:00+00:00
[2025-12-16T18:37:01.595+0000] {logging_mixin.py:190} INFO - [2025-12-16T18:37:01.595+0000] {dag.py:4180} INFO - Setting next_dagrun for dataset_with_extra_from_classic_operator to 2025-12-15 00:00:00+00:00, run_after=2025-12-16 00:00:00+00:00
[2025-12-16T18:37:01.618+0000] {processor.py:208} INFO - Processing /home/airflow/.local/lib/python3.12/site-packages/airflow/example_dags/example_outlet_event_extra.py took 0.831 seconds
[2025-12-16T18:37:31.878+0000] {processor.py:186} INFO - Started process (PID=4852) to work on /home/airflow/.local/lib/python3.12/site-packages/airflow/example_dags/example_outlet_event_extra.py
[2025-12-16T18:37:31.879+0000] {processor.py:914} INFO - Processing file /home/airflow/.local/lib/python3.12/site-packages/airflow/example_dags/example_outlet_event_extra.py for tasks to queue
[2025-12-16T18:37:31.882+0000] {logging_mixin.py:190} INFO - [2025-12-16T18:37:31.881+0000] {dagbag.py:588} INFO - Filling up the DagBag from /home/airflow/.local/lib/python3.12/site-packages/airflow/example_dags/example_outlet_event_extra.py
[2025-12-16T18:37:32.629+0000] {processor.py:925} INFO - DAG(s) 'dataset_with_extra_by_yield', 'dataset_with_extra_from_classic_operator', 'dataset_with_extra_by_context' retrieved from /home/airflow/.local/lib/python3.12/site-packages/airflow/example_dags/example_outlet_event_extra.py
[2025-12-16T18:37:32.658+0000] {logging_mixin.py:190} INFO - [2025-12-16T18:37:32.657+0000] {dag.py:3239} INFO - Sync 3 DAGs
[2025-12-16T18:37:32.688+0000] {logging_mixin.py:190} INFO - [2025-12-16T18:37:32.688+0000] {dag.py:4180} INFO - Setting next_dagrun for dataset_with_extra_by_context to 2025-12-15 00:00:00+00:00, run_after=2025-12-16 00:00:00+00:00
[2025-12-16T18:37:32.695+0000] {logging_mixin.py:190} INFO - [2025-12-16T18:37:32.695+0000] {dag.py:4180} INFO - Setting next_dagrun for dataset_with_extra_by_yield to 2025-12-15 00:00:00+00:00, run_after=2025-12-16 00:00:00+00:00
[2025-12-16T18:37:32.698+0000] {logging_mixin.py:190} INFO - [2025-12-16T18:37:32.698+0000] {dag.py:4180} INFO - Setting next_dagrun for dataset_with_extra_from_classic_operator to 2025-12-15 00:00:00+00:00, run_after=2025-12-16 00:00:00+00:00
[2025-12-16T18:37:32.721+0000] {processor.py:208} INFO - Processing /home/airflow/.local/lib/python3.12/site-packages/airflow/example_dags/example_outlet_event_extra.py took 0.851 seconds
[2025-12-16T18:38:03.723+0000] {processor.py:186} INFO - Started process (PID=5145) to work on /home/airflow/.local/lib/python3.12/site-packages/airflow/example_dags/example_outlet_event_extra.py
[2025-12-16T18:38:03.725+0000] {processor.py:914} INFO - Processing file /home/airflow/.local/lib/python3.12/site-packages/airflow/example_dags/example_outlet_event_extra.py for tasks to queue
[2025-12-16T18:38:03.728+0000] {logging_mixin.py:190} INFO - [2025-12-16T18:38:03.727+0000] {dagbag.py:588} INFO - Filling up the DagBag from /home/airflow/.local/lib/python3.12/site-packages/airflow/example_dags/example_outlet_event_extra.py
[2025-12-16T18:38:04.441+0000] {processor.py:925} INFO - DAG(s) 'dataset_with_extra_by_yield', 'dataset_with_extra_by_context', 'dataset_with_extra_from_classic_operator' retrieved from /home/airflow/.local/lib/python3.12/site-packages/airflow/example_dags/example_outlet_event_extra.py
[2025-12-16T18:38:04.468+0000] {logging_mixin.py:190} INFO - [2025-12-16T18:38:04.468+0000] {dag.py:3239} INFO - Sync 3 DAGs
[2025-12-16T18:38:04.499+0000] {logging_mixin.py:190} INFO - [2025-12-16T18:38:04.499+0000] {dag.py:4180} INFO - Setting next_dagrun for dataset_with_extra_by_context to 2025-12-15 00:00:00+00:00, run_after=2025-12-16 00:00:00+00:00
[2025-12-16T18:38:04.505+0000] {logging_mixin.py:190} INFO - [2025-12-16T18:38:04.504+0000] {dag.py:4180} INFO - Setting next_dagrun for dataset_with_extra_by_yield to 2025-12-15 00:00:00+00:00, run_after=2025-12-16 00:00:00+00:00
[2025-12-16T18:38:04.508+0000] {logging_mixin.py:190} INFO - [2025-12-16T18:38:04.507+0000] {dag.py:4180} INFO - Setting next_dagrun for dataset_with_extra_from_classic_operator to 2025-12-15 00:00:00+00:00, run_after=2025-12-16 00:00:00+00:00
[2025-12-16T18:38:04.528+0000] {processor.py:208} INFO - Processing /home/airflow/.local/lib/python3.12/site-packages/airflow/example_dags/example_outlet_event_extra.py took 0.813 seconds
[2025-12-16T18:38:35.340+0000] {processor.py:186} INFO - Started process (PID=5436) to work on /home/airflow/.local/lib/python3.12/site-packages/airflow/example_dags/example_outlet_event_extra.py
[2025-12-16T18:38:35.341+0000] {processor.py:914} INFO - Processing file /home/airflow/.local/lib/python3.12/site-packages/airflow/example_dags/example_outlet_event_extra.py for tasks to queue
[2025-12-16T18:38:35.345+0000] {logging_mixin.py:190} INFO - [2025-12-16T18:38:35.344+0000] {dagbag.py:588} INFO - Filling up the DagBag from /home/airflow/.local/lib/python3.12/site-packages/airflow/example_dags/example_outlet_event_extra.py
[2025-12-16T18:38:36.147+0000] {processor.py:925} INFO - DAG(s) 'dataset_with_extra_from_classic_operator', 'dataset_with_extra_by_context', 'dataset_with_extra_by_yield' retrieved from /home/airflow/.local/lib/python3.12/site-packages/airflow/example_dags/example_outlet_event_extra.py
[2025-12-16T18:38:36.182+0000] {logging_mixin.py:190} INFO - [2025-12-16T18:38:36.182+0000] {dag.py:3239} INFO - Sync 3 DAGs
[2025-12-16T18:38:36.218+0000] {logging_mixin.py:190} INFO - [2025-12-16T18:38:36.217+0000] {dag.py:4180} INFO - Setting next_dagrun for dataset_with_extra_by_context to 2025-12-15 00:00:00+00:00, run_after=2025-12-16 00:00:00+00:00
[2025-12-16T18:38:36.225+0000] {logging_mixin.py:190} INFO - [2025-12-16T18:38:36.225+0000] {dag.py:4180} INFO - Setting next_dagrun for dataset_with_extra_by_yield to 2025-12-15 00:00:00+00:00, run_after=2025-12-16 00:00:00+00:00
[2025-12-16T18:38:36.229+0000] {logging_mixin.py:190} INFO - [2025-12-16T18:38:36.229+0000] {dag.py:4180} INFO - Setting next_dagrun for dataset_with_extra_from_classic_operator to 2025-12-15 00:00:00+00:00, run_after=2025-12-16 00:00:00+00:00
[2025-12-16T18:38:36.254+0000] {processor.py:208} INFO - Processing /home/airflow/.local/lib/python3.12/site-packages/airflow/example_dags/example_outlet_event_extra.py took 0.923 seconds
[2025-12-16T18:39:07.218+0000] {processor.py:186} INFO - Started process (PID=5727) to work on /home/airflow/.local/lib/python3.12/site-packages/airflow/example_dags/example_outlet_event_extra.py
[2025-12-16T18:39:07.219+0000] {processor.py:914} INFO - Processing file /home/airflow/.local/lib/python3.12/site-packages/airflow/example_dags/example_outlet_event_extra.py for tasks to queue
[2025-12-16T18:39:07.221+0000] {logging_mixin.py:190} INFO - [2025-12-16T18:39:07.221+0000] {dagbag.py:588} INFO - Filling up the DagBag from /home/airflow/.local/lib/python3.12/site-packages/airflow/example_dags/example_outlet_event_extra.py
[2025-12-16T18:39:07.944+0000] {processor.py:925} INFO - DAG(s) 'dataset_with_extra_by_context', 'dataset_with_extra_from_classic_operator', 'dataset_with_extra_by_yield' retrieved from /home/airflow/.local/lib/python3.12/site-packages/airflow/example_dags/example_outlet_event_extra.py
[2025-12-16T18:39:07.976+0000] {logging_mixin.py:190} INFO - [2025-12-16T18:39:07.975+0000] {dag.py:3239} INFO - Sync 3 DAGs
[2025-12-16T18:39:08.010+0000] {logging_mixin.py:190} INFO - [2025-12-16T18:39:08.010+0000] {dag.py:4180} INFO - Setting next_dagrun for dataset_with_extra_by_context to 2025-12-15 00:00:00+00:00, run_after=2025-12-16 00:00:00+00:00
[2025-12-16T18:39:08.017+0000] {logging_mixin.py:190} INFO - [2025-12-16T18:39:08.017+0000] {dag.py:4180} INFO - Setting next_dagrun for dataset_with_extra_by_yield to 2025-12-15 00:00:00+00:00, run_after=2025-12-16 00:00:00+00:00
[2025-12-16T18:39:08.021+0000] {logging_mixin.py:190} INFO - [2025-12-16T18:39:08.020+0000] {dag.py:4180} INFO - Setting next_dagrun for dataset_with_extra_from_classic_operator to 2025-12-15 00:00:00+00:00, run_after=2025-12-16 00:00:00+00:00
[2025-12-16T18:39:08.047+0000] {processor.py:208} INFO - Processing /home/airflow/.local/lib/python3.12/site-packages/airflow/example_dags/example_outlet_event_extra.py took 0.836 seconds
[2025-12-16T18:39:38.580+0000] {processor.py:186} INFO - Started process (PID=6018) to work on /home/airflow/.local/lib/python3.12/site-packages/airflow/example_dags/example_outlet_event_extra.py
[2025-12-16T18:39:38.581+0000] {processor.py:914} INFO - Processing file /home/airflow/.local/lib/python3.12/site-packages/airflow/example_dags/example_outlet_event_extra.py for tasks to queue
[2025-12-16T18:39:38.583+0000] {logging_mixin.py:190} INFO - [2025-12-16T18:39:38.583+0000] {dagbag.py:588} INFO - Filling up the DagBag from /home/airflow/.local/lib/python3.12/site-packages/airflow/example_dags/example_outlet_event_extra.py
[2025-12-16T18:39:39.293+0000] {processor.py:925} INFO - DAG(s) 'dataset_with_extra_by_context', 'dataset_with_extra_by_yield', 'dataset_with_extra_from_classic_operator' retrieved from /home/airflow/.local/lib/python3.12/site-packages/airflow/example_dags/example_outlet_event_extra.py
[2025-12-16T18:39:39.320+0000] {logging_mixin.py:190} INFO - [2025-12-16T18:39:39.320+0000] {dag.py:3239} INFO - Sync 3 DAGs
[2025-12-16T18:39:39.350+0000] {logging_mixin.py:190} INFO - [2025-12-16T18:39:39.350+0000] {dag.py:4180} INFO - Setting next_dagrun for dataset_with_extra_by_context to 2025-12-15 00:00:00+00:00, run_after=2025-12-16 00:00:00+00:00
[2025-12-16T18:39:39.356+0000] {logging_mixin.py:190} INFO - [2025-12-16T18:39:39.356+0000] {dag.py:4180} INFO - Setting next_dagrun for dataset_with_extra_by_yield to 2025-12-15 00:00:00+00:00, run_after=2025-12-16 00:00:00+00:00
[2025-12-16T18:39:39.359+0000] {logging_mixin.py:190} INFO - [2025-12-16T18:39:39.359+0000] {dag.py:4180} INFO - Setting next_dagrun for dataset_with_extra_from_classic_operator to 2025-12-15 00:00:00+00:00, run_after=2025-12-16 00:00:00+00:00
[2025-12-16T18:39:39.381+0000] {processor.py:208} INFO - Processing /home/airflow/.local/lib/python3.12/site-packages/airflow/example_dags/example_outlet_event_extra.py took 0.808 seconds
[2025-12-16T18:40:09.917+0000] {processor.py:186} INFO - Started process (PID=6309) to work on /home/airflow/.local/lib/python3.12/site-packages/airflow/example_dags/example_outlet_event_extra.py
[2025-12-16T18:40:09.919+0000] {processor.py:914} INFO - Processing file /home/airflow/.local/lib/python3.12/site-packages/airflow/example_dags/example_outlet_event_extra.py for tasks to queue
[2025-12-16T18:40:09.922+0000] {logging_mixin.py:190} INFO - [2025-12-16T18:40:09.921+0000] {dagbag.py:588} INFO - Filling up the DagBag from /home/airflow/.local/lib/python3.12/site-packages/airflow/example_dags/example_outlet_event_extra.py
[2025-12-16T18:40:10.642+0000] {processor.py:925} INFO - DAG(s) 'dataset_with_extra_by_context', 'dataset_with_extra_from_classic_operator', 'dataset_with_extra_by_yield' retrieved from /home/airflow/.local/lib/python3.12/site-packages/airflow/example_dags/example_outlet_event_extra.py
[2025-12-16T18:40:10.670+0000] {logging_mixin.py:190} INFO - [2025-12-16T18:40:10.670+0000] {dag.py:3239} INFO - Sync 3 DAGs
[2025-12-16T18:40:10.699+0000] {logging_mixin.py:190} INFO - [2025-12-16T18:40:10.699+0000] {dag.py:4180} INFO - Setting next_dagrun for dataset_with_extra_by_context to 2025-12-15 00:00:00+00:00, run_after=2025-12-16 00:00:00+00:00
[2025-12-16T18:40:10.705+0000] {logging_mixin.py:190} INFO - [2025-12-16T18:40:10.705+0000] {dag.py:4180} INFO - Setting next_dagrun for dataset_with_extra_by_yield to 2025-12-15 00:00:00+00:00, run_after=2025-12-16 00:00:00+00:00
[2025-12-16T18:40:10.708+0000] {logging_mixin.py:190} INFO - [2025-12-16T18:40:10.708+0000] {dag.py:4180} INFO - Setting next_dagrun for dataset_with_extra_from_classic_operator to 2025-12-15 00:00:00+00:00, run_after=2025-12-16 00:00:00+00:00
[2025-12-16T18:40:10.728+0000] {processor.py:208} INFO - Processing /home/airflow/.local/lib/python3.12/site-packages/airflow/example_dags/example_outlet_event_extra.py took 0.819 seconds
