[2025-12-16T18:26:49.526+0000] {processor.py:186} INFO - Started process (PID=417) to work on /home/airflow/.local/lib/python3.12/site-packages/airflow/example_dags/example_trigger_target_dag.py
[2025-12-16T18:26:49.527+0000] {processor.py:914} INFO - Processing file /home/airflow/.local/lib/python3.12/site-packages/airflow/example_dags/example_trigger_target_dag.py for tasks to queue
[2025-12-16T18:26:49.529+0000] {logging_mixin.py:190} INFO - [2025-12-16T18:26:49.529+0000] {dagbag.py:588} INFO - Filling up the DagBag from /home/airflow/.local/lib/python3.12/site-packages/airflow/example_dags/example_trigger_target_dag.py
[2025-12-16T18:26:49.539+0000] {processor.py:925} INFO - DAG(s) 'example_trigger_target_dag' retrieved from /home/airflow/.local/lib/python3.12/site-packages/airflow/example_dags/example_trigger_target_dag.py
[2025-12-16T18:26:49.673+0000] {logging_mixin.py:190} INFO - [2025-12-16T18:26:49.672+0000] {override.py:1911} INFO - Created Permission View: can read on DAG:example_trigger_target_dag
[2025-12-16T18:26:49.684+0000] {logging_mixin.py:190} INFO - [2025-12-16T18:26:49.684+0000] {override.py:1911} INFO - Created Permission View: can delete on DAG:example_trigger_target_dag
[2025-12-16T18:26:49.691+0000] {logging_mixin.py:190} INFO - [2025-12-16T18:26:49.690+0000] {override.py:1911} INFO - Created Permission View: can edit on DAG:example_trigger_target_dag
[2025-12-16T18:26:49.699+0000] {logging_mixin.py:190} INFO - [2025-12-16T18:26:49.698+0000] {override.py:1911} INFO - Created Permission View: can read on DAG Run:example_trigger_target_dag
[2025-12-16T18:26:49.706+0000] {logging_mixin.py:190} INFO - [2025-12-16T18:26:49.706+0000] {override.py:1911} INFO - Created Permission View: can create on DAG Run:example_trigger_target_dag
[2025-12-16T18:26:49.713+0000] {logging_mixin.py:190} INFO - [2025-12-16T18:26:49.713+0000] {override.py:1911} INFO - Created Permission View: menu access on DAG Run:example_trigger_target_dag
[2025-12-16T18:26:49.720+0000] {logging_mixin.py:190} INFO - [2025-12-16T18:26:49.720+0000] {override.py:1911} INFO - Created Permission View: can delete on DAG Run:example_trigger_target_dag
[2025-12-16T18:26:49.721+0000] {logging_mixin.py:190} INFO - [2025-12-16T18:26:49.721+0000] {dag.py:3239} INFO - Sync 1 DAGs
[2025-12-16T18:26:49.738+0000] {logging_mixin.py:190} INFO - [2025-12-16T18:26:49.737+0000] {dag.py:3262} INFO - Creating ORM DAG for example_trigger_target_dag
[2025-12-16T18:26:49.738+0000] {logging_mixin.py:190} INFO - [2025-12-16T18:26:49.738+0000] {dag.py:4180} INFO - Setting next_dagrun for example_trigger_target_dag to None, run_after=None
[2025-12-16T18:26:49.755+0000] {processor.py:208} INFO - Processing /home/airflow/.local/lib/python3.12/site-packages/airflow/example_dags/example_trigger_target_dag.py took 0.238 seconds
[2025-12-16T18:27:19.942+0000] {processor.py:186} INFO - Started process (PID=708) to work on /home/airflow/.local/lib/python3.12/site-packages/airflow/example_dags/example_trigger_target_dag.py
[2025-12-16T18:27:19.943+0000] {processor.py:914} INFO - Processing file /home/airflow/.local/lib/python3.12/site-packages/airflow/example_dags/example_trigger_target_dag.py for tasks to queue
[2025-12-16T18:27:19.946+0000] {logging_mixin.py:190} INFO - [2025-12-16T18:27:19.946+0000] {dagbag.py:588} INFO - Filling up the DagBag from /home/airflow/.local/lib/python3.12/site-packages/airflow/example_dags/example_trigger_target_dag.py
[2025-12-16T18:27:19.957+0000] {processor.py:925} INFO - DAG(s) 'example_trigger_target_dag' retrieved from /home/airflow/.local/lib/python3.12/site-packages/airflow/example_dags/example_trigger_target_dag.py
[2025-12-16T18:27:19.981+0000] {logging_mixin.py:190} INFO - [2025-12-16T18:27:19.980+0000] {dag.py:3239} INFO - Sync 1 DAGs
[2025-12-16T18:27:20.007+0000] {logging_mixin.py:190} INFO - [2025-12-16T18:27:20.007+0000] {dag.py:4180} INFO - Setting next_dagrun for example_trigger_target_dag to None, run_after=None
[2025-12-16T18:27:20.037+0000] {processor.py:208} INFO - Processing /home/airflow/.local/lib/python3.12/site-packages/airflow/example_dags/example_trigger_target_dag.py took 0.103 seconds
[2025-12-16T18:27:50.833+0000] {processor.py:186} INFO - Started process (PID=1001) to work on /home/airflow/.local/lib/python3.12/site-packages/airflow/example_dags/example_trigger_target_dag.py
[2025-12-16T18:27:50.834+0000] {processor.py:914} INFO - Processing file /home/airflow/.local/lib/python3.12/site-packages/airflow/example_dags/example_trigger_target_dag.py for tasks to queue
[2025-12-16T18:27:50.837+0000] {logging_mixin.py:190} INFO - [2025-12-16T18:27:50.837+0000] {dagbag.py:588} INFO - Filling up the DagBag from /home/airflow/.local/lib/python3.12/site-packages/airflow/example_dags/example_trigger_target_dag.py
[2025-12-16T18:27:50.847+0000] {processor.py:925} INFO - DAG(s) 'example_trigger_target_dag' retrieved from /home/airflow/.local/lib/python3.12/site-packages/airflow/example_dags/example_trigger_target_dag.py
[2025-12-16T18:27:50.870+0000] {logging_mixin.py:190} INFO - [2025-12-16T18:27:50.869+0000] {dag.py:3239} INFO - Sync 1 DAGs
[2025-12-16T18:27:50.888+0000] {logging_mixin.py:190} INFO - [2025-12-16T18:27:50.888+0000] {dag.py:4180} INFO - Setting next_dagrun for example_trigger_target_dag to None, run_after=None
[2025-12-16T18:27:50.909+0000] {processor.py:208} INFO - Processing /home/airflow/.local/lib/python3.12/site-packages/airflow/example_dags/example_trigger_target_dag.py took 0.084 seconds
[2025-12-16T18:29:44.024+0000] {processor.py:186} INFO - Started process (PID=419) to work on /home/airflow/.local/lib/python3.12/site-packages/airflow/example_dags/example_trigger_target_dag.py
[2025-12-16T18:29:44.025+0000] {processor.py:914} INFO - Processing file /home/airflow/.local/lib/python3.12/site-packages/airflow/example_dags/example_trigger_target_dag.py for tasks to queue
[2025-12-16T18:29:44.027+0000] {logging_mixin.py:190} INFO - [2025-12-16T18:29:44.027+0000] {dagbag.py:588} INFO - Filling up the DagBag from /home/airflow/.local/lib/python3.12/site-packages/airflow/example_dags/example_trigger_target_dag.py
[2025-12-16T18:29:44.038+0000] {processor.py:925} INFO - DAG(s) 'example_trigger_target_dag' retrieved from /home/airflow/.local/lib/python3.12/site-packages/airflow/example_dags/example_trigger_target_dag.py
[2025-12-16T18:29:44.060+0000] {logging_mixin.py:190} INFO - [2025-12-16T18:29:44.060+0000] {dag.py:3239} INFO - Sync 1 DAGs
[2025-12-16T18:29:44.081+0000] {logging_mixin.py:190} INFO - [2025-12-16T18:29:44.081+0000] {dag.py:4180} INFO - Setting next_dagrun for example_trigger_target_dag to None, run_after=None
[2025-12-16T18:29:44.106+0000] {processor.py:208} INFO - Processing /home/airflow/.local/lib/python3.12/site-packages/airflow/example_dags/example_trigger_target_dag.py took 0.091 seconds
[2025-12-16T18:30:16.094+0000] {processor.py:186} INFO - Started process (PID=710) to work on /home/airflow/.local/lib/python3.12/site-packages/airflow/example_dags/example_trigger_target_dag.py
[2025-12-16T18:30:16.095+0000] {processor.py:914} INFO - Processing file /home/airflow/.local/lib/python3.12/site-packages/airflow/example_dags/example_trigger_target_dag.py for tasks to queue
[2025-12-16T18:30:16.099+0000] {logging_mixin.py:190} INFO - [2025-12-16T18:30:16.098+0000] {dagbag.py:588} INFO - Filling up the DagBag from /home/airflow/.local/lib/python3.12/site-packages/airflow/example_dags/example_trigger_target_dag.py
[2025-12-16T18:30:16.113+0000] {processor.py:925} INFO - DAG(s) 'example_trigger_target_dag' retrieved from /home/airflow/.local/lib/python3.12/site-packages/airflow/example_dags/example_trigger_target_dag.py
[2025-12-16T18:30:16.143+0000] {logging_mixin.py:190} INFO - [2025-12-16T18:30:16.143+0000] {dag.py:3239} INFO - Sync 1 DAGs
[2025-12-16T18:30:16.168+0000] {logging_mixin.py:190} INFO - [2025-12-16T18:30:16.167+0000] {dag.py:4180} INFO - Setting next_dagrun for example_trigger_target_dag to None, run_after=None
[2025-12-16T18:30:16.192+0000] {processor.py:208} INFO - Processing /home/airflow/.local/lib/python3.12/site-packages/airflow/example_dags/example_trigger_target_dag.py took 0.110 seconds
[2025-12-16T18:30:46.570+0000] {processor.py:186} INFO - Started process (PID=1001) to work on /home/airflow/.local/lib/python3.12/site-packages/airflow/example_dags/example_trigger_target_dag.py
[2025-12-16T18:30:46.571+0000] {processor.py:914} INFO - Processing file /home/airflow/.local/lib/python3.12/site-packages/airflow/example_dags/example_trigger_target_dag.py for tasks to queue
[2025-12-16T18:30:46.574+0000] {logging_mixin.py:190} INFO - [2025-12-16T18:30:46.574+0000] {dagbag.py:588} INFO - Filling up the DagBag from /home/airflow/.local/lib/python3.12/site-packages/airflow/example_dags/example_trigger_target_dag.py
[2025-12-16T18:30:46.584+0000] {processor.py:925} INFO - DAG(s) 'example_trigger_target_dag' retrieved from /home/airflow/.local/lib/python3.12/site-packages/airflow/example_dags/example_trigger_target_dag.py
[2025-12-16T18:30:46.608+0000] {logging_mixin.py:190} INFO - [2025-12-16T18:30:46.607+0000] {dag.py:3239} INFO - Sync 1 DAGs
[2025-12-16T18:30:46.624+0000] {logging_mixin.py:190} INFO - [2025-12-16T18:30:46.624+0000] {dag.py:4180} INFO - Setting next_dagrun for example_trigger_target_dag to None, run_after=None
[2025-12-16T18:30:46.643+0000] {processor.py:208} INFO - Processing /home/airflow/.local/lib/python3.12/site-packages/airflow/example_dags/example_trigger_target_dag.py took 0.080 seconds
[2025-12-16T18:31:18.593+0000] {processor.py:186} INFO - Started process (PID=1292) to work on /home/airflow/.local/lib/python3.12/site-packages/airflow/example_dags/example_trigger_target_dag.py
[2025-12-16T18:31:18.594+0000] {processor.py:914} INFO - Processing file /home/airflow/.local/lib/python3.12/site-packages/airflow/example_dags/example_trigger_target_dag.py for tasks to queue
[2025-12-16T18:31:18.597+0000] {logging_mixin.py:190} INFO - [2025-12-16T18:31:18.597+0000] {dagbag.py:588} INFO - Filling up the DagBag from /home/airflow/.local/lib/python3.12/site-packages/airflow/example_dags/example_trigger_target_dag.py
[2025-12-16T18:31:18.607+0000] {processor.py:925} INFO - DAG(s) 'example_trigger_target_dag' retrieved from /home/airflow/.local/lib/python3.12/site-packages/airflow/example_dags/example_trigger_target_dag.py
[2025-12-16T18:31:18.629+0000] {logging_mixin.py:190} INFO - [2025-12-16T18:31:18.629+0000] {dag.py:3239} INFO - Sync 1 DAGs
[2025-12-16T18:31:18.648+0000] {logging_mixin.py:190} INFO - [2025-12-16T18:31:18.648+0000] {dag.py:4180} INFO - Setting next_dagrun for example_trigger_target_dag to None, run_after=None
[2025-12-16T18:31:18.669+0000] {processor.py:208} INFO - Processing /home/airflow/.local/lib/python3.12/site-packages/airflow/example_dags/example_trigger_target_dag.py took 0.084 seconds
[2025-12-16T18:31:49.156+0000] {processor.py:186} INFO - Started process (PID=1581) to work on /home/airflow/.local/lib/python3.12/site-packages/airflow/example_dags/example_trigger_target_dag.py
[2025-12-16T18:31:49.157+0000] {processor.py:914} INFO - Processing file /home/airflow/.local/lib/python3.12/site-packages/airflow/example_dags/example_trigger_target_dag.py for tasks to queue
[2025-12-16T18:31:49.161+0000] {logging_mixin.py:190} INFO - [2025-12-16T18:31:49.160+0000] {dagbag.py:588} INFO - Filling up the DagBag from /home/airflow/.local/lib/python3.12/site-packages/airflow/example_dags/example_trigger_target_dag.py
[2025-12-16T18:31:49.172+0000] {processor.py:925} INFO - DAG(s) 'example_trigger_target_dag' retrieved from /home/airflow/.local/lib/python3.12/site-packages/airflow/example_dags/example_trigger_target_dag.py
[2025-12-16T18:31:49.196+0000] {logging_mixin.py:190} INFO - [2025-12-16T18:31:49.195+0000] {dag.py:3239} INFO - Sync 1 DAGs
[2025-12-16T18:31:49.215+0000] {logging_mixin.py:190} INFO - [2025-12-16T18:31:49.215+0000] {dag.py:4180} INFO - Setting next_dagrun for example_trigger_target_dag to None, run_after=None
[2025-12-16T18:31:49.236+0000] {processor.py:208} INFO - Processing /home/airflow/.local/lib/python3.12/site-packages/airflow/example_dags/example_trigger_target_dag.py took 0.088 seconds
[2025-12-16T18:32:19.498+0000] {processor.py:186} INFO - Started process (PID=1872) to work on /home/airflow/.local/lib/python3.12/site-packages/airflow/example_dags/example_trigger_target_dag.py
[2025-12-16T18:32:19.499+0000] {processor.py:914} INFO - Processing file /home/airflow/.local/lib/python3.12/site-packages/airflow/example_dags/example_trigger_target_dag.py for tasks to queue
[2025-12-16T18:32:19.502+0000] {logging_mixin.py:190} INFO - [2025-12-16T18:32:19.502+0000] {dagbag.py:588} INFO - Filling up the DagBag from /home/airflow/.local/lib/python3.12/site-packages/airflow/example_dags/example_trigger_target_dag.py
[2025-12-16T18:32:19.511+0000] {processor.py:925} INFO - DAG(s) 'example_trigger_target_dag' retrieved from /home/airflow/.local/lib/python3.12/site-packages/airflow/example_dags/example_trigger_target_dag.py
[2025-12-16T18:32:19.535+0000] {logging_mixin.py:190} INFO - [2025-12-16T18:32:19.534+0000] {dag.py:3239} INFO - Sync 1 DAGs
[2025-12-16T18:32:19.554+0000] {logging_mixin.py:190} INFO - [2025-12-16T18:32:19.554+0000] {dag.py:4180} INFO - Setting next_dagrun for example_trigger_target_dag to None, run_after=None
[2025-12-16T18:32:19.575+0000] {processor.py:208} INFO - Processing /home/airflow/.local/lib/python3.12/site-packages/airflow/example_dags/example_trigger_target_dag.py took 0.085 seconds
[2025-12-16T18:32:50.574+0000] {processor.py:186} INFO - Started process (PID=2163) to work on /home/airflow/.local/lib/python3.12/site-packages/airflow/example_dags/example_trigger_target_dag.py
[2025-12-16T18:32:50.575+0000] {processor.py:914} INFO - Processing file /home/airflow/.local/lib/python3.12/site-packages/airflow/example_dags/example_trigger_target_dag.py for tasks to queue
[2025-12-16T18:32:50.579+0000] {logging_mixin.py:190} INFO - [2025-12-16T18:32:50.578+0000] {dagbag.py:588} INFO - Filling up the DagBag from /home/airflow/.local/lib/python3.12/site-packages/airflow/example_dags/example_trigger_target_dag.py
[2025-12-16T18:32:50.590+0000] {processor.py:925} INFO - DAG(s) 'example_trigger_target_dag' retrieved from /home/airflow/.local/lib/python3.12/site-packages/airflow/example_dags/example_trigger_target_dag.py
[2025-12-16T18:32:50.615+0000] {logging_mixin.py:190} INFO - [2025-12-16T18:32:50.615+0000] {dag.py:3239} INFO - Sync 1 DAGs
[2025-12-16T18:32:50.633+0000] {logging_mixin.py:190} INFO - [2025-12-16T18:32:50.633+0000] {dag.py:4180} INFO - Setting next_dagrun for example_trigger_target_dag to None, run_after=None
[2025-12-16T18:32:50.654+0000] {processor.py:208} INFO - Processing /home/airflow/.local/lib/python3.12/site-packages/airflow/example_dags/example_trigger_target_dag.py took 0.089 seconds
[2025-12-16T18:33:21.786+0000] {processor.py:186} INFO - Started process (PID=2449) to work on /home/airflow/.local/lib/python3.12/site-packages/airflow/example_dags/example_trigger_target_dag.py
[2025-12-16T18:33:21.787+0000] {processor.py:914} INFO - Processing file /home/airflow/.local/lib/python3.12/site-packages/airflow/example_dags/example_trigger_target_dag.py for tasks to queue
[2025-12-16T18:33:21.791+0000] {logging_mixin.py:190} INFO - [2025-12-16T18:33:21.790+0000] {dagbag.py:588} INFO - Filling up the DagBag from /home/airflow/.local/lib/python3.12/site-packages/airflow/example_dags/example_trigger_target_dag.py
[2025-12-16T18:33:21.800+0000] {processor.py:925} INFO - DAG(s) 'example_trigger_target_dag' retrieved from /home/airflow/.local/lib/python3.12/site-packages/airflow/example_dags/example_trigger_target_dag.py
[2025-12-16T18:33:21.822+0000] {logging_mixin.py:190} INFO - [2025-12-16T18:33:21.821+0000] {dag.py:3239} INFO - Sync 1 DAGs
[2025-12-16T18:33:21.839+0000] {logging_mixin.py:190} INFO - [2025-12-16T18:33:21.839+0000] {dag.py:4180} INFO - Setting next_dagrun for example_trigger_target_dag to None, run_after=None
[2025-12-16T18:33:21.860+0000] {processor.py:208} INFO - Processing /home/airflow/.local/lib/python3.12/site-packages/airflow/example_dags/example_trigger_target_dag.py took 0.081 seconds
[2025-12-16T18:33:52.817+0000] {processor.py:186} INFO - Started process (PID=2740) to work on /home/airflow/.local/lib/python3.12/site-packages/airflow/example_dags/example_trigger_target_dag.py
[2025-12-16T18:33:52.818+0000] {processor.py:914} INFO - Processing file /home/airflow/.local/lib/python3.12/site-packages/airflow/example_dags/example_trigger_target_dag.py for tasks to queue
[2025-12-16T18:33:52.821+0000] {logging_mixin.py:190} INFO - [2025-12-16T18:33:52.821+0000] {dagbag.py:588} INFO - Filling up the DagBag from /home/airflow/.local/lib/python3.12/site-packages/airflow/example_dags/example_trigger_target_dag.py
[2025-12-16T18:33:52.831+0000] {processor.py:925} INFO - DAG(s) 'example_trigger_target_dag' retrieved from /home/airflow/.local/lib/python3.12/site-packages/airflow/example_dags/example_trigger_target_dag.py
[2025-12-16T18:33:52.854+0000] {logging_mixin.py:190} INFO - [2025-12-16T18:33:52.854+0000] {dag.py:3239} INFO - Sync 1 DAGs
[2025-12-16T18:33:52.873+0000] {logging_mixin.py:190} INFO - [2025-12-16T18:33:52.873+0000] {dag.py:4180} INFO - Setting next_dagrun for example_trigger_target_dag to None, run_after=None
[2025-12-16T18:33:52.894+0000] {processor.py:208} INFO - Processing /home/airflow/.local/lib/python3.12/site-packages/airflow/example_dags/example_trigger_target_dag.py took 0.085 seconds
[2025-12-16T18:34:23.696+0000] {processor.py:186} INFO - Started process (PID=3031) to work on /home/airflow/.local/lib/python3.12/site-packages/airflow/example_dags/example_trigger_target_dag.py
[2025-12-16T18:34:23.697+0000] {processor.py:914} INFO - Processing file /home/airflow/.local/lib/python3.12/site-packages/airflow/example_dags/example_trigger_target_dag.py for tasks to queue
[2025-12-16T18:34:23.700+0000] {logging_mixin.py:190} INFO - [2025-12-16T18:34:23.699+0000] {dagbag.py:588} INFO - Filling up the DagBag from /home/airflow/.local/lib/python3.12/site-packages/airflow/example_dags/example_trigger_target_dag.py
[2025-12-16T18:34:23.710+0000] {processor.py:925} INFO - DAG(s) 'example_trigger_target_dag' retrieved from /home/airflow/.local/lib/python3.12/site-packages/airflow/example_dags/example_trigger_target_dag.py
[2025-12-16T18:34:23.732+0000] {logging_mixin.py:190} INFO - [2025-12-16T18:34:23.732+0000] {dag.py:3239} INFO - Sync 1 DAGs
[2025-12-16T18:34:23.750+0000] {logging_mixin.py:190} INFO - [2025-12-16T18:34:23.749+0000] {dag.py:4180} INFO - Setting next_dagrun for example_trigger_target_dag to None, run_after=None
[2025-12-16T18:34:23.769+0000] {processor.py:208} INFO - Processing /home/airflow/.local/lib/python3.12/site-packages/airflow/example_dags/example_trigger_target_dag.py took 0.081 seconds
[2025-12-16T18:34:54.996+0000] {processor.py:186} INFO - Started process (PID=3324) to work on /home/airflow/.local/lib/python3.12/site-packages/airflow/example_dags/example_trigger_target_dag.py
[2025-12-16T18:34:54.997+0000] {processor.py:914} INFO - Processing file /home/airflow/.local/lib/python3.12/site-packages/airflow/example_dags/example_trigger_target_dag.py for tasks to queue
[2025-12-16T18:34:55.000+0000] {logging_mixin.py:190} INFO - [2025-12-16T18:34:55.000+0000] {dagbag.py:588} INFO - Filling up the DagBag from /home/airflow/.local/lib/python3.12/site-packages/airflow/example_dags/example_trigger_target_dag.py
[2025-12-16T18:34:55.010+0000] {processor.py:925} INFO - DAG(s) 'example_trigger_target_dag' retrieved from /home/airflow/.local/lib/python3.12/site-packages/airflow/example_dags/example_trigger_target_dag.py
[2025-12-16T18:34:55.033+0000] {logging_mixin.py:190} INFO - [2025-12-16T18:34:55.033+0000] {dag.py:3239} INFO - Sync 1 DAGs
[2025-12-16T18:34:55.051+0000] {logging_mixin.py:190} INFO - [2025-12-16T18:34:55.051+0000] {dag.py:4180} INFO - Setting next_dagrun for example_trigger_target_dag to None, run_after=None
[2025-12-16T18:34:55.074+0000] {processor.py:208} INFO - Processing /home/airflow/.local/lib/python3.12/site-packages/airflow/example_dags/example_trigger_target_dag.py took 0.085 seconds
[2025-12-16T18:35:26.234+0000] {processor.py:186} INFO - Started process (PID=3613) to work on /home/airflow/.local/lib/python3.12/site-packages/airflow/example_dags/example_trigger_target_dag.py
[2025-12-16T18:35:26.235+0000] {processor.py:914} INFO - Processing file /home/airflow/.local/lib/python3.12/site-packages/airflow/example_dags/example_trigger_target_dag.py for tasks to queue
[2025-12-16T18:35:26.238+0000] {logging_mixin.py:190} INFO - [2025-12-16T18:35:26.238+0000] {dagbag.py:588} INFO - Filling up the DagBag from /home/airflow/.local/lib/python3.12/site-packages/airflow/example_dags/example_trigger_target_dag.py
[2025-12-16T18:35:26.247+0000] {processor.py:925} INFO - DAG(s) 'example_trigger_target_dag' retrieved from /home/airflow/.local/lib/python3.12/site-packages/airflow/example_dags/example_trigger_target_dag.py
[2025-12-16T18:35:26.269+0000] {logging_mixin.py:190} INFO - [2025-12-16T18:35:26.269+0000] {dag.py:3239} INFO - Sync 1 DAGs
[2025-12-16T18:35:26.289+0000] {logging_mixin.py:190} INFO - [2025-12-16T18:35:26.289+0000] {dag.py:4180} INFO - Setting next_dagrun for example_trigger_target_dag to None, run_after=None
[2025-12-16T18:35:26.309+0000] {processor.py:208} INFO - Processing /home/airflow/.local/lib/python3.12/site-packages/airflow/example_dags/example_trigger_target_dag.py took 0.083 seconds
[2025-12-16T18:35:57.556+0000] {processor.py:186} INFO - Started process (PID=3906) to work on /home/airflow/.local/lib/python3.12/site-packages/airflow/example_dags/example_trigger_target_dag.py
[2025-12-16T18:35:57.557+0000] {processor.py:914} INFO - Processing file /home/airflow/.local/lib/python3.12/site-packages/airflow/example_dags/example_trigger_target_dag.py for tasks to queue
[2025-12-16T18:35:57.560+0000] {logging_mixin.py:190} INFO - [2025-12-16T18:35:57.560+0000] {dagbag.py:588} INFO - Filling up the DagBag from /home/airflow/.local/lib/python3.12/site-packages/airflow/example_dags/example_trigger_target_dag.py
[2025-12-16T18:35:57.570+0000] {processor.py:925} INFO - DAG(s) 'example_trigger_target_dag' retrieved from /home/airflow/.local/lib/python3.12/site-packages/airflow/example_dags/example_trigger_target_dag.py
[2025-12-16T18:35:57.593+0000] {logging_mixin.py:190} INFO - [2025-12-16T18:35:57.593+0000] {dag.py:3239} INFO - Sync 1 DAGs
[2025-12-16T18:35:57.611+0000] {logging_mixin.py:190} INFO - [2025-12-16T18:35:57.611+0000] {dag.py:4180} INFO - Setting next_dagrun for example_trigger_target_dag to None, run_after=None
[2025-12-16T18:35:57.633+0000] {processor.py:208} INFO - Processing /home/airflow/.local/lib/python3.12/site-packages/airflow/example_dags/example_trigger_target_dag.py took 0.085 seconds
[2025-12-16T18:36:28.763+0000] {processor.py:186} INFO - Started process (PID=4197) to work on /home/airflow/.local/lib/python3.12/site-packages/airflow/example_dags/example_trigger_target_dag.py
[2025-12-16T18:36:28.764+0000] {processor.py:914} INFO - Processing file /home/airflow/.local/lib/python3.12/site-packages/airflow/example_dags/example_trigger_target_dag.py for tasks to queue
[2025-12-16T18:36:28.768+0000] {logging_mixin.py:190} INFO - [2025-12-16T18:36:28.767+0000] {dagbag.py:588} INFO - Filling up the DagBag from /home/airflow/.local/lib/python3.12/site-packages/airflow/example_dags/example_trigger_target_dag.py
[2025-12-16T18:36:28.779+0000] {processor.py:925} INFO - DAG(s) 'example_trigger_target_dag' retrieved from /home/airflow/.local/lib/python3.12/site-packages/airflow/example_dags/example_trigger_target_dag.py
[2025-12-16T18:36:28.804+0000] {logging_mixin.py:190} INFO - [2025-12-16T18:36:28.804+0000] {dag.py:3239} INFO - Sync 1 DAGs
[2025-12-16T18:36:28.824+0000] {logging_mixin.py:190} INFO - [2025-12-16T18:36:28.823+0000] {dag.py:4180} INFO - Setting next_dagrun for example_trigger_target_dag to None, run_after=None
[2025-12-16T18:36:28.846+0000] {processor.py:208} INFO - Processing /home/airflow/.local/lib/python3.12/site-packages/airflow/example_dags/example_trigger_target_dag.py took 0.092 seconds
[2025-12-16T18:36:59.822+0000] {processor.py:186} INFO - Started process (PID=4488) to work on /home/airflow/.local/lib/python3.12/site-packages/airflow/example_dags/example_trigger_target_dag.py
[2025-12-16T18:36:59.824+0000] {processor.py:914} INFO - Processing file /home/airflow/.local/lib/python3.12/site-packages/airflow/example_dags/example_trigger_target_dag.py for tasks to queue
[2025-12-16T18:36:59.827+0000] {logging_mixin.py:190} INFO - [2025-12-16T18:36:59.827+0000] {dagbag.py:588} INFO - Filling up the DagBag from /home/airflow/.local/lib/python3.12/site-packages/airflow/example_dags/example_trigger_target_dag.py
[2025-12-16T18:36:59.837+0000] {processor.py:925} INFO - DAG(s) 'example_trigger_target_dag' retrieved from /home/airflow/.local/lib/python3.12/site-packages/airflow/example_dags/example_trigger_target_dag.py
[2025-12-16T18:36:59.863+0000] {logging_mixin.py:190} INFO - [2025-12-16T18:36:59.863+0000] {dag.py:3239} INFO - Sync 1 DAGs
[2025-12-16T18:36:59.881+0000] {logging_mixin.py:190} INFO - [2025-12-16T18:36:59.881+0000] {dag.py:4180} INFO - Setting next_dagrun for example_trigger_target_dag to None, run_after=None
[2025-12-16T18:36:59.901+0000] {processor.py:208} INFO - Processing /home/airflow/.local/lib/python3.12/site-packages/airflow/example_dags/example_trigger_target_dag.py took 0.087 seconds
[2025-12-16T18:37:30.834+0000] {processor.py:186} INFO - Started process (PID=4777) to work on /home/airflow/.local/lib/python3.12/site-packages/airflow/example_dags/example_trigger_target_dag.py
[2025-12-16T18:37:30.835+0000] {processor.py:914} INFO - Processing file /home/airflow/.local/lib/python3.12/site-packages/airflow/example_dags/example_trigger_target_dag.py for tasks to queue
[2025-12-16T18:37:30.838+0000] {logging_mixin.py:190} INFO - [2025-12-16T18:37:30.838+0000] {dagbag.py:588} INFO - Filling up the DagBag from /home/airflow/.local/lib/python3.12/site-packages/airflow/example_dags/example_trigger_target_dag.py
[2025-12-16T18:37:30.848+0000] {processor.py:925} INFO - DAG(s) 'example_trigger_target_dag' retrieved from /home/airflow/.local/lib/python3.12/site-packages/airflow/example_dags/example_trigger_target_dag.py
[2025-12-16T18:37:30.871+0000] {logging_mixin.py:190} INFO - [2025-12-16T18:37:30.870+0000] {dag.py:3239} INFO - Sync 1 DAGs
[2025-12-16T18:37:30.888+0000] {logging_mixin.py:190} INFO - [2025-12-16T18:37:30.888+0000] {dag.py:4180} INFO - Setting next_dagrun for example_trigger_target_dag to None, run_after=None
[2025-12-16T18:37:30.909+0000] {processor.py:208} INFO - Processing /home/airflow/.local/lib/python3.12/site-packages/airflow/example_dags/example_trigger_target_dag.py took 0.082 seconds
[2025-12-16T18:38:01.768+0000] {processor.py:186} INFO - Started process (PID=5070) to work on /home/airflow/.local/lib/python3.12/site-packages/airflow/example_dags/example_trigger_target_dag.py
[2025-12-16T18:38:01.770+0000] {processor.py:914} INFO - Processing file /home/airflow/.local/lib/python3.12/site-packages/airflow/example_dags/example_trigger_target_dag.py for tasks to queue
[2025-12-16T18:38:01.773+0000] {logging_mixin.py:190} INFO - [2025-12-16T18:38:01.772+0000] {dagbag.py:588} INFO - Filling up the DagBag from /home/airflow/.local/lib/python3.12/site-packages/airflow/example_dags/example_trigger_target_dag.py
[2025-12-16T18:38:01.783+0000] {processor.py:925} INFO - DAG(s) 'example_trigger_target_dag' retrieved from /home/airflow/.local/lib/python3.12/site-packages/airflow/example_dags/example_trigger_target_dag.py
[2025-12-16T18:38:01.806+0000] {logging_mixin.py:190} INFO - [2025-12-16T18:38:01.805+0000] {dag.py:3239} INFO - Sync 1 DAGs
[2025-12-16T18:38:01.824+0000] {logging_mixin.py:190} INFO - [2025-12-16T18:38:01.823+0000] {dag.py:4180} INFO - Setting next_dagrun for example_trigger_target_dag to None, run_after=None
[2025-12-16T18:38:01.842+0000] {processor.py:208} INFO - Processing /home/airflow/.local/lib/python3.12/site-packages/airflow/example_dags/example_trigger_target_dag.py took 0.081 seconds
[2025-12-16T18:38:33.416+0000] {processor.py:186} INFO - Started process (PID=5361) to work on /home/airflow/.local/lib/python3.12/site-packages/airflow/example_dags/example_trigger_target_dag.py
[2025-12-16T18:38:33.417+0000] {processor.py:914} INFO - Processing file /home/airflow/.local/lib/python3.12/site-packages/airflow/example_dags/example_trigger_target_dag.py for tasks to queue
[2025-12-16T18:38:33.420+0000] {logging_mixin.py:190} INFO - [2025-12-16T18:38:33.420+0000] {dagbag.py:588} INFO - Filling up the DagBag from /home/airflow/.local/lib/python3.12/site-packages/airflow/example_dags/example_trigger_target_dag.py
[2025-12-16T18:38:33.430+0000] {processor.py:925} INFO - DAG(s) 'example_trigger_target_dag' retrieved from /home/airflow/.local/lib/python3.12/site-packages/airflow/example_dags/example_trigger_target_dag.py
[2025-12-16T18:38:33.454+0000] {logging_mixin.py:190} INFO - [2025-12-16T18:38:33.454+0000] {dag.py:3239} INFO - Sync 1 DAGs
[2025-12-16T18:38:33.472+0000] {logging_mixin.py:190} INFO - [2025-12-16T18:38:33.472+0000] {dag.py:4180} INFO - Setting next_dagrun for example_trigger_target_dag to None, run_after=None
[2025-12-16T18:38:33.495+0000] {processor.py:208} INFO - Processing /home/airflow/.local/lib/python3.12/site-packages/airflow/example_dags/example_trigger_target_dag.py took 0.087 seconds
[2025-12-16T18:39:04.334+0000] {processor.py:186} INFO - Started process (PID=5652) to work on /home/airflow/.local/lib/python3.12/site-packages/airflow/example_dags/example_trigger_target_dag.py
[2025-12-16T18:39:04.335+0000] {processor.py:914} INFO - Processing file /home/airflow/.local/lib/python3.12/site-packages/airflow/example_dags/example_trigger_target_dag.py for tasks to queue
[2025-12-16T18:39:04.338+0000] {logging_mixin.py:190} INFO - [2025-12-16T18:39:04.338+0000] {dagbag.py:588} INFO - Filling up the DagBag from /home/airflow/.local/lib/python3.12/site-packages/airflow/example_dags/example_trigger_target_dag.py
[2025-12-16T18:39:04.349+0000] {processor.py:925} INFO - DAG(s) 'example_trigger_target_dag' retrieved from /home/airflow/.local/lib/python3.12/site-packages/airflow/example_dags/example_trigger_target_dag.py
[2025-12-16T18:39:04.374+0000] {logging_mixin.py:190} INFO - [2025-12-16T18:39:04.373+0000] {dag.py:3239} INFO - Sync 1 DAGs
[2025-12-16T18:39:04.394+0000] {logging_mixin.py:190} INFO - [2025-12-16T18:39:04.393+0000] {dag.py:4180} INFO - Setting next_dagrun for example_trigger_target_dag to None, run_after=None
[2025-12-16T18:39:04.416+0000] {processor.py:208} INFO - Processing /home/airflow/.local/lib/python3.12/site-packages/airflow/example_dags/example_trigger_target_dag.py took 0.089 seconds
[2025-12-16T18:39:35.657+0000] {processor.py:186} INFO - Started process (PID=5941) to work on /home/airflow/.local/lib/python3.12/site-packages/airflow/example_dags/example_trigger_target_dag.py
[2025-12-16T18:39:35.659+0000] {processor.py:914} INFO - Processing file /home/airflow/.local/lib/python3.12/site-packages/airflow/example_dags/example_trigger_target_dag.py for tasks to queue
[2025-12-16T18:39:35.662+0000] {logging_mixin.py:190} INFO - [2025-12-16T18:39:35.661+0000] {dagbag.py:588} INFO - Filling up the DagBag from /home/airflow/.local/lib/python3.12/site-packages/airflow/example_dags/example_trigger_target_dag.py
[2025-12-16T18:39:35.671+0000] {processor.py:925} INFO - DAG(s) 'example_trigger_target_dag' retrieved from /home/airflow/.local/lib/python3.12/site-packages/airflow/example_dags/example_trigger_target_dag.py
[2025-12-16T18:39:35.693+0000] {logging_mixin.py:190} INFO - [2025-12-16T18:39:35.693+0000] {dag.py:3239} INFO - Sync 1 DAGs
[2025-12-16T18:39:35.710+0000] {logging_mixin.py:190} INFO - [2025-12-16T18:39:35.710+0000] {dag.py:4180} INFO - Setting next_dagrun for example_trigger_target_dag to None, run_after=None
[2025-12-16T18:39:35.728+0000] {processor.py:208} INFO - Processing /home/airflow/.local/lib/python3.12/site-packages/airflow/example_dags/example_trigger_target_dag.py took 0.079 seconds
[2025-12-16T18:40:06.631+0000] {processor.py:186} INFO - Started process (PID=6232) to work on /home/airflow/.local/lib/python3.12/site-packages/airflow/example_dags/example_trigger_target_dag.py
[2025-12-16T18:40:06.633+0000] {processor.py:914} INFO - Processing file /home/airflow/.local/lib/python3.12/site-packages/airflow/example_dags/example_trigger_target_dag.py for tasks to queue
[2025-12-16T18:40:06.636+0000] {logging_mixin.py:190} INFO - [2025-12-16T18:40:06.636+0000] {dagbag.py:588} INFO - Filling up the DagBag from /home/airflow/.local/lib/python3.12/site-packages/airflow/example_dags/example_trigger_target_dag.py
[2025-12-16T18:40:06.649+0000] {processor.py:925} INFO - DAG(s) 'example_trigger_target_dag' retrieved from /home/airflow/.local/lib/python3.12/site-packages/airflow/example_dags/example_trigger_target_dag.py
[2025-12-16T18:40:06.676+0000] {logging_mixin.py:190} INFO - [2025-12-16T18:40:06.676+0000] {dag.py:3239} INFO - Sync 1 DAGs
[2025-12-16T18:40:06.697+0000] {logging_mixin.py:190} INFO - [2025-12-16T18:40:06.697+0000] {dag.py:4180} INFO - Setting next_dagrun for example_trigger_target_dag to None, run_after=None
[2025-12-16T18:40:06.723+0000] {processor.py:208} INFO - Processing /home/airflow/.local/lib/python3.12/site-packages/airflow/example_dags/example_trigger_target_dag.py took 0.100 seconds
[2025-12-16T18:40:38.916+0000] {processor.py:186} INFO - Started process (PID=6523) to work on /home/airflow/.local/lib/python3.12/site-packages/airflow/example_dags/example_trigger_target_dag.py
[2025-12-16T18:40:38.917+0000] {processor.py:914} INFO - Processing file /home/airflow/.local/lib/python3.12/site-packages/airflow/example_dags/example_trigger_target_dag.py for tasks to queue
[2025-12-16T18:40:38.921+0000] {logging_mixin.py:190} INFO - [2025-12-16T18:40:38.920+0000] {dagbag.py:588} INFO - Filling up the DagBag from /home/airflow/.local/lib/python3.12/site-packages/airflow/example_dags/example_trigger_target_dag.py
[2025-12-16T18:40:38.930+0000] {processor.py:925} INFO - DAG(s) 'example_trigger_target_dag' retrieved from /home/airflow/.local/lib/python3.12/site-packages/airflow/example_dags/example_trigger_target_dag.py
[2025-12-16T18:40:38.954+0000] {logging_mixin.py:190} INFO - [2025-12-16T18:40:38.954+0000] {dag.py:3239} INFO - Sync 1 DAGs
[2025-12-16T18:40:38.972+0000] {logging_mixin.py:190} INFO - [2025-12-16T18:40:38.972+0000] {dag.py:4180} INFO - Setting next_dagrun for example_trigger_target_dag to None, run_after=None
[2025-12-16T18:40:38.999+0000] {processor.py:208} INFO - Processing /home/airflow/.local/lib/python3.12/site-packages/airflow/example_dags/example_trigger_target_dag.py took 0.090 seconds
