[2025-12-16T18:26:38.683+0000] {processor.py:186} INFO - Started process (PID=203) to work on /home/airflow/.local/lib/python3.12/site-packages/airflow/example_dags/example_bash_decorator.py
[2025-12-16T18:26:38.684+0000] {processor.py:914} INFO - Processing file /home/airflow/.local/lib/python3.12/site-packages/airflow/example_dags/example_bash_decorator.py for tasks to queue
[2025-12-16T18:26:38.687+0000] {logging_mixin.py:190} INFO - [2025-12-16T18:26:38.687+0000] {dagbag.py:588} INFO - Filling up the DagBag from /home/airflow/.local/lib/python3.12/site-packages/airflow/example_dags/example_bash_decorator.py
[2025-12-16T18:26:38.729+0000] {processor.py:925} INFO - DAG(s) 'example_bash_decorator' retrieved from /home/airflow/.local/lib/python3.12/site-packages/airflow/example_dags/example_bash_decorator.py
[2025-12-16T18:26:39.084+0000] {logging_mixin.py:190} INFO - [2025-12-16T18:26:39.083+0000] {override.py:1911} INFO - Created Permission View: can read on DAG:example_bash_decorator
[2025-12-16T18:26:39.097+0000] {logging_mixin.py:190} INFO - [2025-12-16T18:26:39.097+0000] {override.py:1911} INFO - Created Permission View: can delete on DAG:example_bash_decorator
[2025-12-16T18:26:39.108+0000] {logging_mixin.py:190} INFO - [2025-12-16T18:26:39.107+0000] {override.py:1911} INFO - Created Permission View: can edit on DAG:example_bash_decorator
[2025-12-16T18:26:39.118+0000] {logging_mixin.py:190} INFO - [2025-12-16T18:26:39.117+0000] {override.py:1911} INFO - Created Permission View: can read on DAG Run:example_bash_decorator
[2025-12-16T18:26:39.126+0000] {logging_mixin.py:190} INFO - [2025-12-16T18:26:39.125+0000] {override.py:1911} INFO - Created Permission View: can create on DAG Run:example_bash_decorator
[2025-12-16T18:26:39.134+0000] {logging_mixin.py:190} INFO - [2025-12-16T18:26:39.134+0000] {override.py:1911} INFO - Created Permission View: menu access on DAG Run:example_bash_decorator
[2025-12-16T18:26:39.141+0000] {logging_mixin.py:190} INFO - [2025-12-16T18:26:39.141+0000] {override.py:1911} INFO - Created Permission View: can delete on DAG Run:example_bash_decorator
[2025-12-16T18:26:39.142+0000] {logging_mixin.py:190} INFO - [2025-12-16T18:26:39.142+0000] {dag.py:3239} INFO - Sync 1 DAGs
[2025-12-16T18:26:39.158+0000] {logging_mixin.py:190} INFO - [2025-12-16T18:26:39.158+0000] {dag.py:3262} INFO - Creating ORM DAG for example_bash_decorator
[2025-12-16T18:26:39.159+0000] {logging_mixin.py:190} INFO - [2025-12-16T18:26:39.159+0000] {dag.py:4180} INFO - Setting next_dagrun for example_bash_decorator to None, run_after=None
[2025-12-16T18:26:39.176+0000] {processor.py:208} INFO - Processing /home/airflow/.local/lib/python3.12/site-packages/airflow/example_dags/example_bash_decorator.py took 0.502 seconds
[2025-12-16T18:27:09.286+0000] {processor.py:186} INFO - Started process (PID=494) to work on /home/airflow/.local/lib/python3.12/site-packages/airflow/example_dags/example_bash_decorator.py
[2025-12-16T18:27:09.287+0000] {processor.py:914} INFO - Processing file /home/airflow/.local/lib/python3.12/site-packages/airflow/example_dags/example_bash_decorator.py for tasks to queue
[2025-12-16T18:27:09.291+0000] {logging_mixin.py:190} INFO - [2025-12-16T18:27:09.290+0000] {dagbag.py:588} INFO - Filling up the DagBag from /home/airflow/.local/lib/python3.12/site-packages/airflow/example_dags/example_bash_decorator.py
[2025-12-16T18:27:09.318+0000] {processor.py:925} INFO - DAG(s) 'example_bash_decorator' retrieved from /home/airflow/.local/lib/python3.12/site-packages/airflow/example_dags/example_bash_decorator.py
[2025-12-16T18:27:09.359+0000] {logging_mixin.py:190} INFO - [2025-12-16T18:27:09.359+0000] {dag.py:3239} INFO - Sync 1 DAGs
[2025-12-16T18:27:09.380+0000] {logging_mixin.py:190} INFO - [2025-12-16T18:27:09.379+0000] {dag.py:4180} INFO - Setting next_dagrun for example_bash_decorator to None, run_after=None
[2025-12-16T18:27:09.401+0000] {processor.py:208} INFO - Processing /home/airflow/.local/lib/python3.12/site-packages/airflow/example_dags/example_bash_decorator.py took 0.124 seconds
[2025-12-16T18:27:40.163+0000] {processor.py:186} INFO - Started process (PID=785) to work on /home/airflow/.local/lib/python3.12/site-packages/airflow/example_dags/example_bash_decorator.py
[2025-12-16T18:27:40.164+0000] {processor.py:914} INFO - Processing file /home/airflow/.local/lib/python3.12/site-packages/airflow/example_dags/example_bash_decorator.py for tasks to queue
[2025-12-16T18:27:40.168+0000] {logging_mixin.py:190} INFO - [2025-12-16T18:27:40.167+0000] {dagbag.py:588} INFO - Filling up the DagBag from /home/airflow/.local/lib/python3.12/site-packages/airflow/example_dags/example_bash_decorator.py
[2025-12-16T18:27:40.188+0000] {processor.py:925} INFO - DAG(s) 'example_bash_decorator' retrieved from /home/airflow/.local/lib/python3.12/site-packages/airflow/example_dags/example_bash_decorator.py
[2025-12-16T18:27:40.218+0000] {logging_mixin.py:190} INFO - [2025-12-16T18:27:40.218+0000] {dag.py:3239} INFO - Sync 1 DAGs
[2025-12-16T18:27:40.237+0000] {logging_mixin.py:190} INFO - [2025-12-16T18:27:40.237+0000] {dag.py:4180} INFO - Setting next_dagrun for example_bash_decorator to None, run_after=None
[2025-12-16T18:27:40.258+0000] {processor.py:208} INFO - Processing /home/airflow/.local/lib/python3.12/site-packages/airflow/example_dags/example_bash_decorator.py took 0.104 seconds
[2025-12-16T18:28:10.864+0000] {processor.py:186} INFO - Started process (PID=1076) to work on /home/airflow/.local/lib/python3.12/site-packages/airflow/example_dags/example_bash_decorator.py
[2025-12-16T18:28:10.866+0000] {processor.py:914} INFO - Processing file /home/airflow/.local/lib/python3.12/site-packages/airflow/example_dags/example_bash_decorator.py for tasks to queue
[2025-12-16T18:28:10.869+0000] {logging_mixin.py:190} INFO - [2025-12-16T18:28:10.868+0000] {dagbag.py:588} INFO - Filling up the DagBag from /home/airflow/.local/lib/python3.12/site-packages/airflow/example_dags/example_bash_decorator.py
[2025-12-16T18:28:10.888+0000] {processor.py:925} INFO - DAG(s) 'example_bash_decorator' retrieved from /home/airflow/.local/lib/python3.12/site-packages/airflow/example_dags/example_bash_decorator.py
[2025-12-16T18:28:10.915+0000] {logging_mixin.py:190} INFO - [2025-12-16T18:28:10.915+0000] {dag.py:3239} INFO - Sync 1 DAGs
[2025-12-16T18:28:10.932+0000] {logging_mixin.py:190} INFO - [2025-12-16T18:28:10.932+0000] {dag.py:4180} INFO - Setting next_dagrun for example_bash_decorator to None, run_after=None
[2025-12-16T18:28:10.954+0000] {processor.py:208} INFO - Processing /home/airflow/.local/lib/python3.12/site-packages/airflow/example_dags/example_bash_decorator.py took 0.097 seconds
[2025-12-16T18:29:36.983+0000] {processor.py:186} INFO - Started process (PID=203) to work on /home/airflow/.local/lib/python3.12/site-packages/airflow/example_dags/example_bash_decorator.py
[2025-12-16T18:29:36.985+0000] {processor.py:914} INFO - Processing file /home/airflow/.local/lib/python3.12/site-packages/airflow/example_dags/example_bash_decorator.py for tasks to queue
[2025-12-16T18:29:36.988+0000] {logging_mixin.py:190} INFO - [2025-12-16T18:29:36.988+0000] {dagbag.py:588} INFO - Filling up the DagBag from /home/airflow/.local/lib/python3.12/site-packages/airflow/example_dags/example_bash_decorator.py
[2025-12-16T18:29:37.033+0000] {processor.py:925} INFO - DAG(s) 'example_bash_decorator' retrieved from /home/airflow/.local/lib/python3.12/site-packages/airflow/example_dags/example_bash_decorator.py
[2025-12-16T18:29:37.404+0000] {logging_mixin.py:190} INFO - [2025-12-16T18:29:37.404+0000] {dag.py:3239} INFO - Sync 1 DAGs
[2025-12-16T18:29:37.421+0000] {logging_mixin.py:190} INFO - [2025-12-16T18:29:37.421+0000] {dag.py:4180} INFO - Setting next_dagrun for example_bash_decorator to None, run_after=None
[2025-12-16T18:29:37.445+0000] {processor.py:208} INFO - Processing /home/airflow/.local/lib/python3.12/site-packages/airflow/example_dags/example_bash_decorator.py took 0.471 seconds
[2025-12-16T18:30:08.068+0000] {processor.py:186} INFO - Started process (PID=494) to work on /home/airflow/.local/lib/python3.12/site-packages/airflow/example_dags/example_bash_decorator.py
[2025-12-16T18:30:08.069+0000] {processor.py:914} INFO - Processing file /home/airflow/.local/lib/python3.12/site-packages/airflow/example_dags/example_bash_decorator.py for tasks to queue
[2025-12-16T18:30:08.072+0000] {logging_mixin.py:190} INFO - [2025-12-16T18:30:08.071+0000] {dagbag.py:588} INFO - Filling up the DagBag from /home/airflow/.local/lib/python3.12/site-packages/airflow/example_dags/example_bash_decorator.py
[2025-12-16T18:30:08.091+0000] {processor.py:925} INFO - DAG(s) 'example_bash_decorator' retrieved from /home/airflow/.local/lib/python3.12/site-packages/airflow/example_dags/example_bash_decorator.py
[2025-12-16T18:30:08.121+0000] {logging_mixin.py:190} INFO - [2025-12-16T18:30:08.121+0000] {dag.py:3239} INFO - Sync 1 DAGs
[2025-12-16T18:30:08.138+0000] {logging_mixin.py:190} INFO - [2025-12-16T18:30:08.137+0000] {dag.py:4180} INFO - Setting next_dagrun for example_bash_decorator to None, run_after=None
[2025-12-16T18:30:08.156+0000] {processor.py:208} INFO - Processing /home/airflow/.local/lib/python3.12/site-packages/airflow/example_dags/example_bash_decorator.py took 0.095 seconds
[2025-12-16T18:30:39.107+0000] {processor.py:186} INFO - Started process (PID=785) to work on /home/airflow/.local/lib/python3.12/site-packages/airflow/example_dags/example_bash_decorator.py
[2025-12-16T18:30:39.108+0000] {processor.py:914} INFO - Processing file /home/airflow/.local/lib/python3.12/site-packages/airflow/example_dags/example_bash_decorator.py for tasks to queue
[2025-12-16T18:30:39.111+0000] {logging_mixin.py:190} INFO - [2025-12-16T18:30:39.111+0000] {dagbag.py:588} INFO - Filling up the DagBag from /home/airflow/.local/lib/python3.12/site-packages/airflow/example_dags/example_bash_decorator.py
[2025-12-16T18:30:39.130+0000] {processor.py:925} INFO - DAG(s) 'example_bash_decorator' retrieved from /home/airflow/.local/lib/python3.12/site-packages/airflow/example_dags/example_bash_decorator.py
[2025-12-16T18:30:39.157+0000] {logging_mixin.py:190} INFO - [2025-12-16T18:30:39.157+0000] {dag.py:3239} INFO - Sync 1 DAGs
[2025-12-16T18:30:39.176+0000] {logging_mixin.py:190} INFO - [2025-12-16T18:30:39.175+0000] {dag.py:4180} INFO - Setting next_dagrun for example_bash_decorator to None, run_after=None
[2025-12-16T18:30:39.197+0000] {processor.py:208} INFO - Processing /home/airflow/.local/lib/python3.12/site-packages/airflow/example_dags/example_bash_decorator.py took 0.097 seconds
[2025-12-16T18:31:09.555+0000] {processor.py:186} INFO - Started process (PID=1076) to work on /home/airflow/.local/lib/python3.12/site-packages/airflow/example_dags/example_bash_decorator.py
[2025-12-16T18:31:09.557+0000] {processor.py:914} INFO - Processing file /home/airflow/.local/lib/python3.12/site-packages/airflow/example_dags/example_bash_decorator.py for tasks to queue
[2025-12-16T18:31:09.559+0000] {logging_mixin.py:190} INFO - [2025-12-16T18:31:09.559+0000] {dagbag.py:588} INFO - Filling up the DagBag from /home/airflow/.local/lib/python3.12/site-packages/airflow/example_dags/example_bash_decorator.py
[2025-12-16T18:31:09.577+0000] {processor.py:925} INFO - DAG(s) 'example_bash_decorator' retrieved from /home/airflow/.local/lib/python3.12/site-packages/airflow/example_dags/example_bash_decorator.py
[2025-12-16T18:31:09.604+0000] {logging_mixin.py:190} INFO - [2025-12-16T18:31:09.604+0000] {dag.py:3239} INFO - Sync 1 DAGs
[2025-12-16T18:31:09.622+0000] {logging_mixin.py:190} INFO - [2025-12-16T18:31:09.622+0000] {dag.py:4180} INFO - Setting next_dagrun for example_bash_decorator to None, run_after=None
[2025-12-16T18:31:09.642+0000] {processor.py:208} INFO - Processing /home/airflow/.local/lib/python3.12/site-packages/airflow/example_dags/example_bash_decorator.py took 0.095 seconds
[2025-12-16T18:31:40.590+0000] {processor.py:186} INFO - Started process (PID=1367) to work on /home/airflow/.local/lib/python3.12/site-packages/airflow/example_dags/example_bash_decorator.py
[2025-12-16T18:31:40.591+0000] {processor.py:914} INFO - Processing file /home/airflow/.local/lib/python3.12/site-packages/airflow/example_dags/example_bash_decorator.py for tasks to queue
[2025-12-16T18:31:40.593+0000] {logging_mixin.py:190} INFO - [2025-12-16T18:31:40.593+0000] {dagbag.py:588} INFO - Filling up the DagBag from /home/airflow/.local/lib/python3.12/site-packages/airflow/example_dags/example_bash_decorator.py
[2025-12-16T18:31:40.612+0000] {processor.py:925} INFO - DAG(s) 'example_bash_decorator' retrieved from /home/airflow/.local/lib/python3.12/site-packages/airflow/example_dags/example_bash_decorator.py
[2025-12-16T18:31:40.639+0000] {logging_mixin.py:190} INFO - [2025-12-16T18:31:40.639+0000] {dag.py:3239} INFO - Sync 1 DAGs
[2025-12-16T18:31:40.656+0000] {logging_mixin.py:190} INFO - [2025-12-16T18:31:40.656+0000] {dag.py:4180} INFO - Setting next_dagrun for example_bash_decorator to None, run_after=None
[2025-12-16T18:31:40.676+0000] {processor.py:208} INFO - Processing /home/airflow/.local/lib/python3.12/site-packages/airflow/example_dags/example_bash_decorator.py took 0.094 seconds
[2025-12-16T18:32:11.580+0000] {processor.py:186} INFO - Started process (PID=1658) to work on /home/airflow/.local/lib/python3.12/site-packages/airflow/example_dags/example_bash_decorator.py
[2025-12-16T18:32:11.581+0000] {processor.py:914} INFO - Processing file /home/airflow/.local/lib/python3.12/site-packages/airflow/example_dags/example_bash_decorator.py for tasks to queue
[2025-12-16T18:32:11.584+0000] {logging_mixin.py:190} INFO - [2025-12-16T18:32:11.583+0000] {dagbag.py:588} INFO - Filling up the DagBag from /home/airflow/.local/lib/python3.12/site-packages/airflow/example_dags/example_bash_decorator.py
[2025-12-16T18:32:11.602+0000] {processor.py:925} INFO - DAG(s) 'example_bash_decorator' retrieved from /home/airflow/.local/lib/python3.12/site-packages/airflow/example_dags/example_bash_decorator.py
[2025-12-16T18:32:11.630+0000] {logging_mixin.py:190} INFO - [2025-12-16T18:32:11.630+0000] {dag.py:3239} INFO - Sync 1 DAGs
[2025-12-16T18:32:11.647+0000] {logging_mixin.py:190} INFO - [2025-12-16T18:32:11.647+0000] {dag.py:4180} INFO - Setting next_dagrun for example_bash_decorator to None, run_after=None
[2025-12-16T18:32:11.666+0000] {processor.py:208} INFO - Processing /home/airflow/.local/lib/python3.12/site-packages/airflow/example_dags/example_bash_decorator.py took 0.093 seconds
[2025-12-16T18:32:41.875+0000] {processor.py:186} INFO - Started process (PID=1949) to work on /home/airflow/.local/lib/python3.12/site-packages/airflow/example_dags/example_bash_decorator.py
[2025-12-16T18:32:41.876+0000] {processor.py:914} INFO - Processing file /home/airflow/.local/lib/python3.12/site-packages/airflow/example_dags/example_bash_decorator.py for tasks to queue
[2025-12-16T18:32:41.879+0000] {logging_mixin.py:190} INFO - [2025-12-16T18:32:41.878+0000] {dagbag.py:588} INFO - Filling up the DagBag from /home/airflow/.local/lib/python3.12/site-packages/airflow/example_dags/example_bash_decorator.py
[2025-12-16T18:32:41.897+0000] {processor.py:925} INFO - DAG(s) 'example_bash_decorator' retrieved from /home/airflow/.local/lib/python3.12/site-packages/airflow/example_dags/example_bash_decorator.py
[2025-12-16T18:32:41.923+0000] {logging_mixin.py:190} INFO - [2025-12-16T18:32:41.923+0000] {dag.py:3239} INFO - Sync 1 DAGs
[2025-12-16T18:32:41.941+0000] {logging_mixin.py:190} INFO - [2025-12-16T18:32:41.941+0000] {dag.py:4180} INFO - Setting next_dagrun for example_bash_decorator to None, run_after=None
[2025-12-16T18:32:41.960+0000] {processor.py:208} INFO - Processing /home/airflow/.local/lib/python3.12/site-packages/airflow/example_dags/example_bash_decorator.py took 0.092 seconds
[2025-12-16T18:33:12.249+0000] {processor.py:186} INFO - Started process (PID=2240) to work on /home/airflow/.local/lib/python3.12/site-packages/airflow/example_dags/example_bash_decorator.py
[2025-12-16T18:33:12.250+0000] {processor.py:914} INFO - Processing file /home/airflow/.local/lib/python3.12/site-packages/airflow/example_dags/example_bash_decorator.py for tasks to queue
[2025-12-16T18:33:12.253+0000] {logging_mixin.py:190} INFO - [2025-12-16T18:33:12.253+0000] {dagbag.py:588} INFO - Filling up the DagBag from /home/airflow/.local/lib/python3.12/site-packages/airflow/example_dags/example_bash_decorator.py
[2025-12-16T18:33:12.272+0000] {processor.py:925} INFO - DAG(s) 'example_bash_decorator' retrieved from /home/airflow/.local/lib/python3.12/site-packages/airflow/example_dags/example_bash_decorator.py
[2025-12-16T18:33:12.302+0000] {logging_mixin.py:190} INFO - [2025-12-16T18:33:12.302+0000] {dag.py:3239} INFO - Sync 1 DAGs
[2025-12-16T18:33:12.321+0000] {logging_mixin.py:190} INFO - [2025-12-16T18:33:12.320+0000] {dag.py:4180} INFO - Setting next_dagrun for example_bash_decorator to None, run_after=None
[2025-12-16T18:33:12.343+0000] {processor.py:208} INFO - Processing /home/airflow/.local/lib/python3.12/site-packages/airflow/example_dags/example_bash_decorator.py took 0.102 seconds
[2025-12-16T18:33:43.197+0000] {processor.py:186} INFO - Started process (PID=2537) to work on /home/airflow/.local/lib/python3.12/site-packages/airflow/example_dags/example_bash_decorator.py
[2025-12-16T18:33:43.199+0000] {processor.py:914} INFO - Processing file /home/airflow/.local/lib/python3.12/site-packages/airflow/example_dags/example_bash_decorator.py for tasks to queue
[2025-12-16T18:33:43.201+0000] {logging_mixin.py:190} INFO - [2025-12-16T18:33:43.201+0000] {dagbag.py:588} INFO - Filling up the DagBag from /home/airflow/.local/lib/python3.12/site-packages/airflow/example_dags/example_bash_decorator.py
[2025-12-16T18:33:43.220+0000] {processor.py:925} INFO - DAG(s) 'example_bash_decorator' retrieved from /home/airflow/.local/lib/python3.12/site-packages/airflow/example_dags/example_bash_decorator.py
[2025-12-16T18:33:43.248+0000] {logging_mixin.py:190} INFO - [2025-12-16T18:33:43.248+0000] {dag.py:3239} INFO - Sync 1 DAGs
[2025-12-16T18:33:43.266+0000] {logging_mixin.py:190} INFO - [2025-12-16T18:33:43.266+0000] {dag.py:4180} INFO - Setting next_dagrun for example_bash_decorator to None, run_after=None
[2025-12-16T18:33:43.290+0000] {processor.py:208} INFO - Processing /home/airflow/.local/lib/python3.12/site-packages/airflow/example_dags/example_bash_decorator.py took 0.100 seconds
[2025-12-16T18:34:14.309+0000] {processor.py:186} INFO - Started process (PID=2828) to work on /home/airflow/.local/lib/python3.12/site-packages/airflow/example_dags/example_bash_decorator.py
[2025-12-16T18:34:14.311+0000] {processor.py:914} INFO - Processing file /home/airflow/.local/lib/python3.12/site-packages/airflow/example_dags/example_bash_decorator.py for tasks to queue
[2025-12-16T18:34:14.313+0000] {logging_mixin.py:190} INFO - [2025-12-16T18:34:14.313+0000] {dagbag.py:588} INFO - Filling up the DagBag from /home/airflow/.local/lib/python3.12/site-packages/airflow/example_dags/example_bash_decorator.py
[2025-12-16T18:34:14.332+0000] {processor.py:925} INFO - DAG(s) 'example_bash_decorator' retrieved from /home/airflow/.local/lib/python3.12/site-packages/airflow/example_dags/example_bash_decorator.py
[2025-12-16T18:34:14.359+0000] {logging_mixin.py:190} INFO - [2025-12-16T18:34:14.359+0000] {dag.py:3239} INFO - Sync 1 DAGs
[2025-12-16T18:34:14.376+0000] {logging_mixin.py:190} INFO - [2025-12-16T18:34:14.376+0000] {dag.py:4180} INFO - Setting next_dagrun for example_bash_decorator to None, run_after=None
[2025-12-16T18:34:14.398+0000] {processor.py:208} INFO - Processing /home/airflow/.local/lib/python3.12/site-packages/airflow/example_dags/example_bash_decorator.py took 0.096 seconds
[2025-12-16T18:34:45.238+0000] {processor.py:186} INFO - Started process (PID=3119) to work on /home/airflow/.local/lib/python3.12/site-packages/airflow/example_dags/example_bash_decorator.py
[2025-12-16T18:34:45.241+0000] {processor.py:914} INFO - Processing file /home/airflow/.local/lib/python3.12/site-packages/airflow/example_dags/example_bash_decorator.py for tasks to queue
[2025-12-16T18:34:45.244+0000] {logging_mixin.py:190} INFO - [2025-12-16T18:34:45.243+0000] {dagbag.py:588} INFO - Filling up the DagBag from /home/airflow/.local/lib/python3.12/site-packages/airflow/example_dags/example_bash_decorator.py
[2025-12-16T18:34:45.264+0000] {processor.py:925} INFO - DAG(s) 'example_bash_decorator' retrieved from /home/airflow/.local/lib/python3.12/site-packages/airflow/example_dags/example_bash_decorator.py
[2025-12-16T18:34:45.293+0000] {logging_mixin.py:190} INFO - [2025-12-16T18:34:45.293+0000] {dag.py:3239} INFO - Sync 1 DAGs
[2025-12-16T18:34:45.311+0000] {logging_mixin.py:190} INFO - [2025-12-16T18:34:45.311+0000] {dag.py:4180} INFO - Setting next_dagrun for example_bash_decorator to None, run_after=None
[2025-12-16T18:34:45.333+0000] {processor.py:208} INFO - Processing /home/airflow/.local/lib/python3.12/site-packages/airflow/example_dags/example_bash_decorator.py took 0.102 seconds
[2025-12-16T18:35:15.456+0000] {processor.py:186} INFO - Started process (PID=3410) to work on /home/airflow/.local/lib/python3.12/site-packages/airflow/example_dags/example_bash_decorator.py
[2025-12-16T18:35:15.458+0000] {processor.py:914} INFO - Processing file /home/airflow/.local/lib/python3.12/site-packages/airflow/example_dags/example_bash_decorator.py for tasks to queue
[2025-12-16T18:35:15.461+0000] {logging_mixin.py:190} INFO - [2025-12-16T18:35:15.461+0000] {dagbag.py:588} INFO - Filling up the DagBag from /home/airflow/.local/lib/python3.12/site-packages/airflow/example_dags/example_bash_decorator.py
[2025-12-16T18:35:15.481+0000] {processor.py:925} INFO - DAG(s) 'example_bash_decorator' retrieved from /home/airflow/.local/lib/python3.12/site-packages/airflow/example_dags/example_bash_decorator.py
[2025-12-16T18:35:15.512+0000] {logging_mixin.py:190} INFO - [2025-12-16T18:35:15.512+0000] {dag.py:3239} INFO - Sync 1 DAGs
[2025-12-16T18:35:15.532+0000] {logging_mixin.py:190} INFO - [2025-12-16T18:35:15.531+0000] {dag.py:4180} INFO - Setting next_dagrun for example_bash_decorator to None, run_after=None
[2025-12-16T18:35:15.555+0000] {processor.py:208} INFO - Processing /home/airflow/.local/lib/python3.12/site-packages/airflow/example_dags/example_bash_decorator.py took 0.107 seconds
[2025-12-16T18:35:46.273+0000] {processor.py:186} INFO - Started process (PID=3701) to work on /home/airflow/.local/lib/python3.12/site-packages/airflow/example_dags/example_bash_decorator.py
[2025-12-16T18:35:46.275+0000] {processor.py:914} INFO - Processing file /home/airflow/.local/lib/python3.12/site-packages/airflow/example_dags/example_bash_decorator.py for tasks to queue
[2025-12-16T18:35:46.278+0000] {logging_mixin.py:190} INFO - [2025-12-16T18:35:46.277+0000] {dagbag.py:588} INFO - Filling up the DagBag from /home/airflow/.local/lib/python3.12/site-packages/airflow/example_dags/example_bash_decorator.py
[2025-12-16T18:35:46.298+0000] {processor.py:925} INFO - DAG(s) 'example_bash_decorator' retrieved from /home/airflow/.local/lib/python3.12/site-packages/airflow/example_dags/example_bash_decorator.py
[2025-12-16T18:35:46.330+0000] {logging_mixin.py:190} INFO - [2025-12-16T18:35:46.330+0000] {dag.py:3239} INFO - Sync 1 DAGs
[2025-12-16T18:35:46.351+0000] {logging_mixin.py:190} INFO - [2025-12-16T18:35:46.350+0000] {dag.py:4180} INFO - Setting next_dagrun for example_bash_decorator to None, run_after=None
[2025-12-16T18:35:46.371+0000] {processor.py:208} INFO - Processing /home/airflow/.local/lib/python3.12/site-packages/airflow/example_dags/example_bash_decorator.py took 0.105 seconds
[2025-12-16T18:36:16.629+0000] {processor.py:186} INFO - Started process (PID=3992) to work on /home/airflow/.local/lib/python3.12/site-packages/airflow/example_dags/example_bash_decorator.py
[2025-12-16T18:36:16.630+0000] {processor.py:914} INFO - Processing file /home/airflow/.local/lib/python3.12/site-packages/airflow/example_dags/example_bash_decorator.py for tasks to queue
[2025-12-16T18:36:16.632+0000] {logging_mixin.py:190} INFO - [2025-12-16T18:36:16.632+0000] {dagbag.py:588} INFO - Filling up the DagBag from /home/airflow/.local/lib/python3.12/site-packages/airflow/example_dags/example_bash_decorator.py
[2025-12-16T18:36:16.652+0000] {processor.py:925} INFO - DAG(s) 'example_bash_decorator' retrieved from /home/airflow/.local/lib/python3.12/site-packages/airflow/example_dags/example_bash_decorator.py
[2025-12-16T18:36:16.683+0000] {logging_mixin.py:190} INFO - [2025-12-16T18:36:16.683+0000] {dag.py:3239} INFO - Sync 1 DAGs
[2025-12-16T18:36:16.703+0000] {logging_mixin.py:190} INFO - [2025-12-16T18:36:16.703+0000] {dag.py:4180} INFO - Setting next_dagrun for example_bash_decorator to None, run_after=None
[2025-12-16T18:36:16.725+0000] {processor.py:208} INFO - Processing /home/airflow/.local/lib/python3.12/site-packages/airflow/example_dags/example_bash_decorator.py took 0.105 seconds
[2025-12-16T18:36:47.686+0000] {processor.py:186} INFO - Started process (PID=4283) to work on /home/airflow/.local/lib/python3.12/site-packages/airflow/example_dags/example_bash_decorator.py
[2025-12-16T18:36:47.688+0000] {processor.py:914} INFO - Processing file /home/airflow/.local/lib/python3.12/site-packages/airflow/example_dags/example_bash_decorator.py for tasks to queue
[2025-12-16T18:36:47.690+0000] {logging_mixin.py:190} INFO - [2025-12-16T18:36:47.690+0000] {dagbag.py:588} INFO - Filling up the DagBag from /home/airflow/.local/lib/python3.12/site-packages/airflow/example_dags/example_bash_decorator.py
[2025-12-16T18:36:47.711+0000] {processor.py:925} INFO - DAG(s) 'example_bash_decorator' retrieved from /home/airflow/.local/lib/python3.12/site-packages/airflow/example_dags/example_bash_decorator.py
[2025-12-16T18:36:47.740+0000] {logging_mixin.py:190} INFO - [2025-12-16T18:36:47.739+0000] {dag.py:3239} INFO - Sync 1 DAGs
[2025-12-16T18:36:47.760+0000] {logging_mixin.py:190} INFO - [2025-12-16T18:36:47.759+0000] {dag.py:4180} INFO - Setting next_dagrun for example_bash_decorator to None, run_after=None
[2025-12-16T18:36:47.781+0000] {processor.py:208} INFO - Processing /home/airflow/.local/lib/python3.12/site-packages/airflow/example_dags/example_bash_decorator.py took 0.102 seconds
[2025-12-16T18:37:17.886+0000] {processor.py:186} INFO - Started process (PID=4574) to work on /home/airflow/.local/lib/python3.12/site-packages/airflow/example_dags/example_bash_decorator.py
[2025-12-16T18:37:17.887+0000] {processor.py:914} INFO - Processing file /home/airflow/.local/lib/python3.12/site-packages/airflow/example_dags/example_bash_decorator.py for tasks to queue
[2025-12-16T18:37:17.890+0000] {logging_mixin.py:190} INFO - [2025-12-16T18:37:17.889+0000] {dagbag.py:588} INFO - Filling up the DagBag from /home/airflow/.local/lib/python3.12/site-packages/airflow/example_dags/example_bash_decorator.py
[2025-12-16T18:37:17.909+0000] {processor.py:925} INFO - DAG(s) 'example_bash_decorator' retrieved from /home/airflow/.local/lib/python3.12/site-packages/airflow/example_dags/example_bash_decorator.py
[2025-12-16T18:37:17.942+0000] {logging_mixin.py:190} INFO - [2025-12-16T18:37:17.942+0000] {dag.py:3239} INFO - Sync 1 DAGs
[2025-12-16T18:37:17.960+0000] {logging_mixin.py:190} INFO - [2025-12-16T18:37:17.959+0000] {dag.py:4180} INFO - Setting next_dagrun for example_bash_decorator to None, run_after=None
[2025-12-16T18:37:17.983+0000] {processor.py:208} INFO - Processing /home/airflow/.local/lib/python3.12/site-packages/airflow/example_dags/example_bash_decorator.py took 0.105 seconds
[2025-12-16T18:37:48.876+0000] {processor.py:186} INFO - Started process (PID=4865) to work on /home/airflow/.local/lib/python3.12/site-packages/airflow/example_dags/example_bash_decorator.py
[2025-12-16T18:37:48.878+0000] {processor.py:914} INFO - Processing file /home/airflow/.local/lib/python3.12/site-packages/airflow/example_dags/example_bash_decorator.py for tasks to queue
[2025-12-16T18:37:48.881+0000] {logging_mixin.py:190} INFO - [2025-12-16T18:37:48.881+0000] {dagbag.py:588} INFO - Filling up the DagBag from /home/airflow/.local/lib/python3.12/site-packages/airflow/example_dags/example_bash_decorator.py
[2025-12-16T18:37:48.901+0000] {processor.py:925} INFO - DAG(s) 'example_bash_decorator' retrieved from /home/airflow/.local/lib/python3.12/site-packages/airflow/example_dags/example_bash_decorator.py
[2025-12-16T18:37:48.933+0000] {logging_mixin.py:190} INFO - [2025-12-16T18:37:48.932+0000] {dag.py:3239} INFO - Sync 1 DAGs
[2025-12-16T18:37:48.951+0000] {logging_mixin.py:190} INFO - [2025-12-16T18:37:48.951+0000] {dag.py:4180} INFO - Setting next_dagrun for example_bash_decorator to None, run_after=None
[2025-12-16T18:37:48.974+0000] {processor.py:208} INFO - Processing /home/airflow/.local/lib/python3.12/site-packages/airflow/example_dags/example_bash_decorator.py took 0.106 seconds
[2025-12-16T18:38:19.676+0000] {processor.py:186} INFO - Started process (PID=5156) to work on /home/airflow/.local/lib/python3.12/site-packages/airflow/example_dags/example_bash_decorator.py
[2025-12-16T18:38:19.677+0000] {processor.py:914} INFO - Processing file /home/airflow/.local/lib/python3.12/site-packages/airflow/example_dags/example_bash_decorator.py for tasks to queue
[2025-12-16T18:38:19.680+0000] {logging_mixin.py:190} INFO - [2025-12-16T18:38:19.679+0000] {dagbag.py:588} INFO - Filling up the DagBag from /home/airflow/.local/lib/python3.12/site-packages/airflow/example_dags/example_bash_decorator.py
[2025-12-16T18:38:19.698+0000] {processor.py:925} INFO - DAG(s) 'example_bash_decorator' retrieved from /home/airflow/.local/lib/python3.12/site-packages/airflow/example_dags/example_bash_decorator.py
[2025-12-16T18:38:19.726+0000] {logging_mixin.py:190} INFO - [2025-12-16T18:38:19.726+0000] {dag.py:3239} INFO - Sync 1 DAGs
[2025-12-16T18:38:19.743+0000] {logging_mixin.py:190} INFO - [2025-12-16T18:38:19.743+0000] {dag.py:4180} INFO - Setting next_dagrun for example_bash_decorator to None, run_after=None
[2025-12-16T18:38:19.764+0000] {processor.py:208} INFO - Processing /home/airflow/.local/lib/python3.12/site-packages/airflow/example_dags/example_bash_decorator.py took 0.095 seconds
[2025-12-16T18:38:50.402+0000] {processor.py:186} INFO - Started process (PID=5447) to work on /home/airflow/.local/lib/python3.12/site-packages/airflow/example_dags/example_bash_decorator.py
[2025-12-16T18:38:50.403+0000] {processor.py:914} INFO - Processing file /home/airflow/.local/lib/python3.12/site-packages/airflow/example_dags/example_bash_decorator.py for tasks to queue
[2025-12-16T18:38:50.406+0000] {logging_mixin.py:190} INFO - [2025-12-16T18:38:50.406+0000] {dagbag.py:588} INFO - Filling up the DagBag from /home/airflow/.local/lib/python3.12/site-packages/airflow/example_dags/example_bash_decorator.py
[2025-12-16T18:38:50.425+0000] {processor.py:925} INFO - DAG(s) 'example_bash_decorator' retrieved from /home/airflow/.local/lib/python3.12/site-packages/airflow/example_dags/example_bash_decorator.py
[2025-12-16T18:38:50.452+0000] {logging_mixin.py:190} INFO - [2025-12-16T18:38:50.452+0000] {dag.py:3239} INFO - Sync 1 DAGs
[2025-12-16T18:38:50.469+0000] {logging_mixin.py:190} INFO - [2025-12-16T18:38:50.469+0000] {dag.py:4180} INFO - Setting next_dagrun for example_bash_decorator to None, run_after=None
[2025-12-16T18:38:50.490+0000] {processor.py:208} INFO - Processing /home/airflow/.local/lib/python3.12/site-packages/airflow/example_dags/example_bash_decorator.py took 0.096 seconds
[2025-12-16T18:39:21.200+0000] {processor.py:186} INFO - Started process (PID=5738) to work on /home/airflow/.local/lib/python3.12/site-packages/airflow/example_dags/example_bash_decorator.py
[2025-12-16T18:39:21.201+0000] {processor.py:914} INFO - Processing file /home/airflow/.local/lib/python3.12/site-packages/airflow/example_dags/example_bash_decorator.py for tasks to queue
[2025-12-16T18:39:21.204+0000] {logging_mixin.py:190} INFO - [2025-12-16T18:39:21.203+0000] {dagbag.py:588} INFO - Filling up the DagBag from /home/airflow/.local/lib/python3.12/site-packages/airflow/example_dags/example_bash_decorator.py
[2025-12-16T18:39:21.222+0000] {processor.py:925} INFO - DAG(s) 'example_bash_decorator' retrieved from /home/airflow/.local/lib/python3.12/site-packages/airflow/example_dags/example_bash_decorator.py
[2025-12-16T18:39:21.253+0000] {logging_mixin.py:190} INFO - [2025-12-16T18:39:21.252+0000] {dag.py:3239} INFO - Sync 1 DAGs
[2025-12-16T18:39:21.270+0000] {logging_mixin.py:190} INFO - [2025-12-16T18:39:21.270+0000] {dag.py:4180} INFO - Setting next_dagrun for example_bash_decorator to None, run_after=None
[2025-12-16T18:39:21.292+0000] {processor.py:208} INFO - Processing /home/airflow/.local/lib/python3.12/site-packages/airflow/example_dags/example_bash_decorator.py took 0.099 seconds
[2025-12-16T18:39:51.523+0000] {processor.py:186} INFO - Started process (PID=6029) to work on /home/airflow/.local/lib/python3.12/site-packages/airflow/example_dags/example_bash_decorator.py
[2025-12-16T18:39:51.524+0000] {processor.py:914} INFO - Processing file /home/airflow/.local/lib/python3.12/site-packages/airflow/example_dags/example_bash_decorator.py for tasks to queue
[2025-12-16T18:39:51.527+0000] {logging_mixin.py:190} INFO - [2025-12-16T18:39:51.526+0000] {dagbag.py:588} INFO - Filling up the DagBag from /home/airflow/.local/lib/python3.12/site-packages/airflow/example_dags/example_bash_decorator.py
[2025-12-16T18:39:51.545+0000] {processor.py:925} INFO - DAG(s) 'example_bash_decorator' retrieved from /home/airflow/.local/lib/python3.12/site-packages/airflow/example_dags/example_bash_decorator.py
[2025-12-16T18:39:51.572+0000] {logging_mixin.py:190} INFO - [2025-12-16T18:39:51.572+0000] {dag.py:3239} INFO - Sync 1 DAGs
[2025-12-16T18:39:51.589+0000] {logging_mixin.py:190} INFO - [2025-12-16T18:39:51.589+0000] {dag.py:4180} INFO - Setting next_dagrun for example_bash_decorator to None, run_after=None
[2025-12-16T18:39:51.609+0000] {processor.py:208} INFO - Processing /home/airflow/.local/lib/python3.12/site-packages/airflow/example_dags/example_bash_decorator.py took 0.093 seconds
[2025-12-16T18:40:21.853+0000] {processor.py:186} INFO - Started process (PID=6320) to work on /home/airflow/.local/lib/python3.12/site-packages/airflow/example_dags/example_bash_decorator.py
[2025-12-16T18:40:21.854+0000] {processor.py:914} INFO - Processing file /home/airflow/.local/lib/python3.12/site-packages/airflow/example_dags/example_bash_decorator.py for tasks to queue
[2025-12-16T18:40:21.857+0000] {logging_mixin.py:190} INFO - [2025-12-16T18:40:21.856+0000] {dagbag.py:588} INFO - Filling up the DagBag from /home/airflow/.local/lib/python3.12/site-packages/airflow/example_dags/example_bash_decorator.py
[2025-12-16T18:40:21.878+0000] {processor.py:925} INFO - DAG(s) 'example_bash_decorator' retrieved from /home/airflow/.local/lib/python3.12/site-packages/airflow/example_dags/example_bash_decorator.py
[2025-12-16T18:40:21.909+0000] {logging_mixin.py:190} INFO - [2025-12-16T18:40:21.908+0000] {dag.py:3239} INFO - Sync 1 DAGs
[2025-12-16T18:40:21.929+0000] {logging_mixin.py:190} INFO - [2025-12-16T18:40:21.928+0000] {dag.py:4180} INFO - Setting next_dagrun for example_bash_decorator to None, run_after=None
[2025-12-16T18:40:21.951+0000] {processor.py:208} INFO - Processing /home/airflow/.local/lib/python3.12/site-packages/airflow/example_dags/example_bash_decorator.py took 0.105 seconds
