[2025-12-16T18:26:50.892+0000] {processor.py:186} INFO - Started process (PID=464) to work on /home/airflow/.local/lib/python3.12/site-packages/airflow/example_dags/tutorial_taskflow_templates.py
[2025-12-16T18:26:50.893+0000] {processor.py:914} INFO - Processing file /home/airflow/.local/lib/python3.12/site-packages/airflow/example_dags/tutorial_taskflow_templates.py for tasks to queue
[2025-12-16T18:26:50.896+0000] {logging_mixin.py:190} INFO - [2025-12-16T18:26:50.895+0000] {dagbag.py:588} INFO - Filling up the DagBag from /home/airflow/.local/lib/python3.12/site-packages/airflow/example_dags/tutorial_taskflow_templates.py
[2025-12-16T18:26:50.913+0000] {processor.py:925} INFO - DAG(s) 'tutorial_taskflow_templates' retrieved from /home/airflow/.local/lib/python3.12/site-packages/airflow/example_dags/tutorial_taskflow_templates.py
[2025-12-16T18:26:51.045+0000] {logging_mixin.py:190} INFO - [2025-12-16T18:26:51.044+0000] {override.py:1911} INFO - Created Permission View: can read on DAG:tutorial_taskflow_templates
[2025-12-16T18:26:51.057+0000] {logging_mixin.py:190} INFO - [2025-12-16T18:26:51.056+0000] {override.py:1911} INFO - Created Permission View: can delete on DAG:tutorial_taskflow_templates
[2025-12-16T18:26:51.064+0000] {logging_mixin.py:190} INFO - [2025-12-16T18:26:51.063+0000] {override.py:1911} INFO - Created Permission View: can edit on DAG:tutorial_taskflow_templates
[2025-12-16T18:26:51.071+0000] {logging_mixin.py:190} INFO - [2025-12-16T18:26:51.071+0000] {override.py:1911} INFO - Created Permission View: can read on DAG Run:tutorial_taskflow_templates
[2025-12-16T18:26:51.078+0000] {logging_mixin.py:190} INFO - [2025-12-16T18:26:51.078+0000] {override.py:1911} INFO - Created Permission View: can create on DAG Run:tutorial_taskflow_templates
[2025-12-16T18:26:51.084+0000] {logging_mixin.py:190} INFO - [2025-12-16T18:26:51.084+0000] {override.py:1911} INFO - Created Permission View: menu access on DAG Run:tutorial_taskflow_templates
[2025-12-16T18:26:51.091+0000] {logging_mixin.py:190} INFO - [2025-12-16T18:26:51.090+0000] {override.py:1911} INFO - Created Permission View: can delete on DAG Run:tutorial_taskflow_templates
[2025-12-16T18:26:51.091+0000] {logging_mixin.py:190} INFO - [2025-12-16T18:26:51.091+0000] {dag.py:3239} INFO - Sync 1 DAGs
[2025-12-16T18:26:51.109+0000] {logging_mixin.py:190} INFO - [2025-12-16T18:26:51.109+0000] {dag.py:3262} INFO - Creating ORM DAG for tutorial_taskflow_templates
[2025-12-16T18:26:51.122+0000] {logging_mixin.py:190} INFO - [2025-12-16T18:26:51.121+0000] {dag.py:4180} INFO - Setting next_dagrun for tutorial_taskflow_templates to 2025-12-15 00:00:00+00:00, run_after=2025-12-16 00:00:00+00:00
[2025-12-16T18:26:51.139+0000] {processor.py:208} INFO - Processing /home/airflow/.local/lib/python3.12/site-packages/airflow/example_dags/tutorial_taskflow_templates.py took 0.253 seconds
[2025-12-16T18:27:21.822+0000] {processor.py:186} INFO - Started process (PID=755) to work on /home/airflow/.local/lib/python3.12/site-packages/airflow/example_dags/tutorial_taskflow_templates.py
[2025-12-16T18:27:21.823+0000] {processor.py:914} INFO - Processing file /home/airflow/.local/lib/python3.12/site-packages/airflow/example_dags/tutorial_taskflow_templates.py for tasks to queue
[2025-12-16T18:27:21.826+0000] {logging_mixin.py:190} INFO - [2025-12-16T18:27:21.826+0000] {dagbag.py:588} INFO - Filling up the DagBag from /home/airflow/.local/lib/python3.12/site-packages/airflow/example_dags/tutorial_taskflow_templates.py
[2025-12-16T18:27:21.844+0000] {processor.py:925} INFO - DAG(s) 'tutorial_taskflow_templates' retrieved from /home/airflow/.local/lib/python3.12/site-packages/airflow/example_dags/tutorial_taskflow_templates.py
[2025-12-16T18:27:21.872+0000] {logging_mixin.py:190} INFO - [2025-12-16T18:27:21.872+0000] {dag.py:3239} INFO - Sync 1 DAGs
[2025-12-16T18:27:21.905+0000] {logging_mixin.py:190} INFO - [2025-12-16T18:27:21.904+0000] {dag.py:4180} INFO - Setting next_dagrun for tutorial_taskflow_templates to 2025-12-15 00:00:00+00:00, run_after=2025-12-16 00:00:00+00:00
[2025-12-16T18:27:21.931+0000] {processor.py:208} INFO - Processing /home/airflow/.local/lib/python3.12/site-packages/airflow/example_dags/tutorial_taskflow_templates.py took 0.117 seconds
[2025-12-16T18:27:52.504+0000] {processor.py:186} INFO - Started process (PID=1046) to work on /home/airflow/.local/lib/python3.12/site-packages/airflow/example_dags/tutorial_taskflow_templates.py
[2025-12-16T18:27:52.505+0000] {processor.py:914} INFO - Processing file /home/airflow/.local/lib/python3.12/site-packages/airflow/example_dags/tutorial_taskflow_templates.py for tasks to queue
[2025-12-16T18:27:52.508+0000] {logging_mixin.py:190} INFO - [2025-12-16T18:27:52.507+0000] {dagbag.py:588} INFO - Filling up the DagBag from /home/airflow/.local/lib/python3.12/site-packages/airflow/example_dags/tutorial_taskflow_templates.py
[2025-12-16T18:27:52.524+0000] {processor.py:925} INFO - DAG(s) 'tutorial_taskflow_templates' retrieved from /home/airflow/.local/lib/python3.12/site-packages/airflow/example_dags/tutorial_taskflow_templates.py
[2025-12-16T18:27:52.547+0000] {logging_mixin.py:190} INFO - [2025-12-16T18:27:52.546+0000] {dag.py:3239} INFO - Sync 1 DAGs
[2025-12-16T18:27:52.575+0000] {logging_mixin.py:190} INFO - [2025-12-16T18:27:52.574+0000] {dag.py:4180} INFO - Setting next_dagrun for tutorial_taskflow_templates to 2025-12-15 00:00:00+00:00, run_after=2025-12-16 00:00:00+00:00
[2025-12-16T18:27:52.594+0000] {processor.py:208} INFO - Processing /home/airflow/.local/lib/python3.12/site-packages/airflow/example_dags/tutorial_taskflow_templates.py took 0.098 seconds
[2025-12-16T18:29:44.630+0000] {processor.py:186} INFO - Started process (PID=462) to work on /home/airflow/.local/lib/python3.12/site-packages/airflow/example_dags/tutorial_taskflow_templates.py
[2025-12-16T18:29:44.631+0000] {processor.py:914} INFO - Processing file /home/airflow/.local/lib/python3.12/site-packages/airflow/example_dags/tutorial_taskflow_templates.py for tasks to queue
[2025-12-16T18:29:44.634+0000] {logging_mixin.py:190} INFO - [2025-12-16T18:29:44.634+0000] {dagbag.py:588} INFO - Filling up the DagBag from /home/airflow/.local/lib/python3.12/site-packages/airflow/example_dags/tutorial_taskflow_templates.py
[2025-12-16T18:29:44.651+0000] {processor.py:925} INFO - DAG(s) 'tutorial_taskflow_templates' retrieved from /home/airflow/.local/lib/python3.12/site-packages/airflow/example_dags/tutorial_taskflow_templates.py
[2025-12-16T18:29:44.676+0000] {logging_mixin.py:190} INFO - [2025-12-16T18:29:44.675+0000] {dag.py:3239} INFO - Sync 1 DAGs
[2025-12-16T18:29:44.708+0000] {logging_mixin.py:190} INFO - [2025-12-16T18:29:44.707+0000] {dag.py:4180} INFO - Setting next_dagrun for tutorial_taskflow_templates to 2025-12-15 00:00:00+00:00, run_after=2025-12-16 00:00:00+00:00
[2025-12-16T18:29:44.728+0000] {processor.py:208} INFO - Processing /home/airflow/.local/lib/python3.12/site-packages/airflow/example_dags/tutorial_taskflow_templates.py took 0.105 seconds
[2025-12-16T18:30:16.703+0000] {processor.py:186} INFO - Started process (PID=753) to work on /home/airflow/.local/lib/python3.12/site-packages/airflow/example_dags/tutorial_taskflow_templates.py
[2025-12-16T18:30:16.704+0000] {processor.py:914} INFO - Processing file /home/airflow/.local/lib/python3.12/site-packages/airflow/example_dags/tutorial_taskflow_templates.py for tasks to queue
[2025-12-16T18:30:16.706+0000] {logging_mixin.py:190} INFO - [2025-12-16T18:30:16.706+0000] {dagbag.py:588} INFO - Filling up the DagBag from /home/airflow/.local/lib/python3.12/site-packages/airflow/example_dags/tutorial_taskflow_templates.py
[2025-12-16T18:30:16.723+0000] {processor.py:925} INFO - DAG(s) 'tutorial_taskflow_templates' retrieved from /home/airflow/.local/lib/python3.12/site-packages/airflow/example_dags/tutorial_taskflow_templates.py
[2025-12-16T18:30:16.746+0000] {logging_mixin.py:190} INFO - [2025-12-16T18:30:16.745+0000] {dag.py:3239} INFO - Sync 1 DAGs
[2025-12-16T18:30:16.776+0000] {logging_mixin.py:190} INFO - [2025-12-16T18:30:16.776+0000] {dag.py:4180} INFO - Setting next_dagrun for tutorial_taskflow_templates to 2025-12-15 00:00:00+00:00, run_after=2025-12-16 00:00:00+00:00
[2025-12-16T18:30:16.797+0000] {processor.py:208} INFO - Processing /home/airflow/.local/lib/python3.12/site-packages/airflow/example_dags/tutorial_taskflow_templates.py took 0.101 seconds
[2025-12-16T18:30:47.132+0000] {processor.py:186} INFO - Started process (PID=1044) to work on /home/airflow/.local/lib/python3.12/site-packages/airflow/example_dags/tutorial_taskflow_templates.py
[2025-12-16T18:30:47.133+0000] {processor.py:914} INFO - Processing file /home/airflow/.local/lib/python3.12/site-packages/airflow/example_dags/tutorial_taskflow_templates.py for tasks to queue
[2025-12-16T18:30:47.136+0000] {logging_mixin.py:190} INFO - [2025-12-16T18:30:47.135+0000] {dagbag.py:588} INFO - Filling up the DagBag from /home/airflow/.local/lib/python3.12/site-packages/airflow/example_dags/tutorial_taskflow_templates.py
[2025-12-16T18:30:47.153+0000] {processor.py:925} INFO - DAG(s) 'tutorial_taskflow_templates' retrieved from /home/airflow/.local/lib/python3.12/site-packages/airflow/example_dags/tutorial_taskflow_templates.py
[2025-12-16T18:30:47.179+0000] {logging_mixin.py:190} INFO - [2025-12-16T18:30:47.179+0000] {dag.py:3239} INFO - Sync 1 DAGs
[2025-12-16T18:30:47.211+0000] {logging_mixin.py:190} INFO - [2025-12-16T18:30:47.211+0000] {dag.py:4180} INFO - Setting next_dagrun for tutorial_taskflow_templates to 2025-12-15 00:00:00+00:00, run_after=2025-12-16 00:00:00+00:00
[2025-12-16T18:30:47.234+0000] {processor.py:208} INFO - Processing /home/airflow/.local/lib/python3.12/site-packages/airflow/example_dags/tutorial_taskflow_templates.py took 0.111 seconds
[2025-12-16T18:31:19.182+0000] {processor.py:186} INFO - Started process (PID=1335) to work on /home/airflow/.local/lib/python3.12/site-packages/airflow/example_dags/tutorial_taskflow_templates.py
[2025-12-16T18:31:19.183+0000] {processor.py:914} INFO - Processing file /home/airflow/.local/lib/python3.12/site-packages/airflow/example_dags/tutorial_taskflow_templates.py for tasks to queue
[2025-12-16T18:31:19.185+0000] {logging_mixin.py:190} INFO - [2025-12-16T18:31:19.185+0000] {dagbag.py:588} INFO - Filling up the DagBag from /home/airflow/.local/lib/python3.12/site-packages/airflow/example_dags/tutorial_taskflow_templates.py
[2025-12-16T18:31:19.202+0000] {processor.py:925} INFO - DAG(s) 'tutorial_taskflow_templates' retrieved from /home/airflow/.local/lib/python3.12/site-packages/airflow/example_dags/tutorial_taskflow_templates.py
[2025-12-16T18:31:19.226+0000] {logging_mixin.py:190} INFO - [2025-12-16T18:31:19.226+0000] {dag.py:3239} INFO - Sync 1 DAGs
[2025-12-16T18:31:19.258+0000] {logging_mixin.py:190} INFO - [2025-12-16T18:31:19.258+0000] {dag.py:4180} INFO - Setting next_dagrun for tutorial_taskflow_templates to 2025-12-15 00:00:00+00:00, run_after=2025-12-16 00:00:00+00:00
[2025-12-16T18:31:19.278+0000] {processor.py:208} INFO - Processing /home/airflow/.local/lib/python3.12/site-packages/airflow/example_dags/tutorial_taskflow_templates.py took 0.104 seconds
[2025-12-16T18:31:50.151+0000] {processor.py:186} INFO - Started process (PID=1628) to work on /home/airflow/.local/lib/python3.12/site-packages/airflow/example_dags/tutorial_taskflow_templates.py
[2025-12-16T18:31:50.153+0000] {processor.py:914} INFO - Processing file /home/airflow/.local/lib/python3.12/site-packages/airflow/example_dags/tutorial_taskflow_templates.py for tasks to queue
[2025-12-16T18:31:50.156+0000] {logging_mixin.py:190} INFO - [2025-12-16T18:31:50.155+0000] {dagbag.py:588} INFO - Filling up the DagBag from /home/airflow/.local/lib/python3.12/site-packages/airflow/example_dags/tutorial_taskflow_templates.py
[2025-12-16T18:31:50.178+0000] {processor.py:925} INFO - DAG(s) 'tutorial_taskflow_templates' retrieved from /home/airflow/.local/lib/python3.12/site-packages/airflow/example_dags/tutorial_taskflow_templates.py
[2025-12-16T18:31:50.209+0000] {logging_mixin.py:190} INFO - [2025-12-16T18:31:50.208+0000] {dag.py:3239} INFO - Sync 1 DAGs
[2025-12-16T18:31:50.243+0000] {logging_mixin.py:190} INFO - [2025-12-16T18:31:50.243+0000] {dag.py:4180} INFO - Setting next_dagrun for tutorial_taskflow_templates to 2025-12-15 00:00:00+00:00, run_after=2025-12-16 00:00:00+00:00
[2025-12-16T18:31:50.264+0000] {processor.py:208} INFO - Processing /home/airflow/.local/lib/python3.12/site-packages/airflow/example_dags/tutorial_taskflow_templates.py took 0.122 seconds
[2025-12-16T18:32:20.381+0000] {processor.py:186} INFO - Started process (PID=1917) to work on /home/airflow/.local/lib/python3.12/site-packages/airflow/example_dags/tutorial_taskflow_templates.py
[2025-12-16T18:32:20.382+0000] {processor.py:914} INFO - Processing file /home/airflow/.local/lib/python3.12/site-packages/airflow/example_dags/tutorial_taskflow_templates.py for tasks to queue
[2025-12-16T18:32:20.384+0000] {logging_mixin.py:190} INFO - [2025-12-16T18:32:20.384+0000] {dagbag.py:588} INFO - Filling up the DagBag from /home/airflow/.local/lib/python3.12/site-packages/airflow/example_dags/tutorial_taskflow_templates.py
[2025-12-16T18:32:20.402+0000] {processor.py:925} INFO - DAG(s) 'tutorial_taskflow_templates' retrieved from /home/airflow/.local/lib/python3.12/site-packages/airflow/example_dags/tutorial_taskflow_templates.py
[2025-12-16T18:32:20.427+0000] {logging_mixin.py:190} INFO - [2025-12-16T18:32:20.427+0000] {dag.py:3239} INFO - Sync 1 DAGs
[2025-12-16T18:32:20.462+0000] {logging_mixin.py:190} INFO - [2025-12-16T18:32:20.462+0000] {dag.py:4180} INFO - Setting next_dagrun for tutorial_taskflow_templates to 2025-12-15 00:00:00+00:00, run_after=2025-12-16 00:00:00+00:00
[2025-12-16T18:32:20.484+0000] {processor.py:208} INFO - Processing /home/airflow/.local/lib/python3.12/site-packages/airflow/example_dags/tutorial_taskflow_templates.py took 0.112 seconds
[2025-12-16T18:32:51.796+0000] {processor.py:186} INFO - Started process (PID=2210) to work on /home/airflow/.local/lib/python3.12/site-packages/airflow/example_dags/tutorial_taskflow_templates.py
[2025-12-16T18:32:51.797+0000] {processor.py:914} INFO - Processing file /home/airflow/.local/lib/python3.12/site-packages/airflow/example_dags/tutorial_taskflow_templates.py for tasks to queue
[2025-12-16T18:32:51.800+0000] {logging_mixin.py:190} INFO - [2025-12-16T18:32:51.800+0000] {dagbag.py:588} INFO - Filling up the DagBag from /home/airflow/.local/lib/python3.12/site-packages/airflow/example_dags/tutorial_taskflow_templates.py
[2025-12-16T18:32:51.820+0000] {processor.py:925} INFO - DAG(s) 'tutorial_taskflow_templates' retrieved from /home/airflow/.local/lib/python3.12/site-packages/airflow/example_dags/tutorial_taskflow_templates.py
[2025-12-16T18:32:51.851+0000] {logging_mixin.py:190} INFO - [2025-12-16T18:32:51.850+0000] {dag.py:3239} INFO - Sync 1 DAGs
[2025-12-16T18:32:51.894+0000] {logging_mixin.py:190} INFO - [2025-12-16T18:32:51.893+0000] {dag.py:4180} INFO - Setting next_dagrun for tutorial_taskflow_templates to 2025-12-15 00:00:00+00:00, run_after=2025-12-16 00:00:00+00:00
[2025-12-16T18:32:51.919+0000] {processor.py:208} INFO - Processing /home/airflow/.local/lib/python3.12/site-packages/airflow/example_dags/tutorial_taskflow_templates.py took 0.133 seconds
[2025-12-16T18:33:22.822+0000] {processor.py:186} INFO - Started process (PID=2499) to work on /home/airflow/.local/lib/python3.12/site-packages/airflow/example_dags/tutorial_taskflow_templates.py
[2025-12-16T18:33:22.823+0000] {processor.py:914} INFO - Processing file /home/airflow/.local/lib/python3.12/site-packages/airflow/example_dags/tutorial_taskflow_templates.py for tasks to queue
[2025-12-16T18:33:22.826+0000] {logging_mixin.py:190} INFO - [2025-12-16T18:33:22.826+0000] {dagbag.py:588} INFO - Filling up the DagBag from /home/airflow/.local/lib/python3.12/site-packages/airflow/example_dags/tutorial_taskflow_templates.py
[2025-12-16T18:33:22.844+0000] {processor.py:925} INFO - DAG(s) 'tutorial_taskflow_templates' retrieved from /home/airflow/.local/lib/python3.12/site-packages/airflow/example_dags/tutorial_taskflow_templates.py
[2025-12-16T18:33:22.867+0000] {logging_mixin.py:190} INFO - [2025-12-16T18:33:22.866+0000] {dag.py:3239} INFO - Sync 1 DAGs
[2025-12-16T18:33:22.897+0000] {logging_mixin.py:190} INFO - [2025-12-16T18:33:22.896+0000] {dag.py:4180} INFO - Setting next_dagrun for tutorial_taskflow_templates to 2025-12-15 00:00:00+00:00, run_after=2025-12-16 00:00:00+00:00
[2025-12-16T18:33:22.917+0000] {processor.py:208} INFO - Processing /home/airflow/.local/lib/python3.12/site-packages/airflow/example_dags/tutorial_taskflow_templates.py took 0.103 seconds
[2025-12-16T18:33:53.928+0000] {processor.py:186} INFO - Started process (PID=2797) to work on /home/airflow/.local/lib/python3.12/site-packages/airflow/example_dags/tutorial_taskflow_templates.py
[2025-12-16T18:33:53.929+0000] {processor.py:914} INFO - Processing file /home/airflow/.local/lib/python3.12/site-packages/airflow/example_dags/tutorial_taskflow_templates.py for tasks to queue
[2025-12-16T18:33:53.932+0000] {logging_mixin.py:190} INFO - [2025-12-16T18:33:53.932+0000] {dagbag.py:588} INFO - Filling up the DagBag from /home/airflow/.local/lib/python3.12/site-packages/airflow/example_dags/tutorial_taskflow_templates.py
[2025-12-16T18:33:53.948+0000] {processor.py:925} INFO - DAG(s) 'tutorial_taskflow_templates' retrieved from /home/airflow/.local/lib/python3.12/site-packages/airflow/example_dags/tutorial_taskflow_templates.py
[2025-12-16T18:33:53.971+0000] {logging_mixin.py:190} INFO - [2025-12-16T18:33:53.971+0000] {dag.py:3239} INFO - Sync 1 DAGs
[2025-12-16T18:33:53.999+0000] {logging_mixin.py:190} INFO - [2025-12-16T18:33:53.999+0000] {dag.py:4180} INFO - Setting next_dagrun for tutorial_taskflow_templates to 2025-12-15 00:00:00+00:00, run_after=2025-12-16 00:00:00+00:00
[2025-12-16T18:33:54.017+0000] {processor.py:208} INFO - Processing /home/airflow/.local/lib/python3.12/site-packages/airflow/example_dags/tutorial_taskflow_templates.py took 0.096 seconds
[2025-12-16T18:34:24.568+0000] {processor.py:186} INFO - Started process (PID=3081) to work on /home/airflow/.local/lib/python3.12/site-packages/airflow/example_dags/tutorial_taskflow_templates.py
[2025-12-16T18:34:24.569+0000] {processor.py:914} INFO - Processing file /home/airflow/.local/lib/python3.12/site-packages/airflow/example_dags/tutorial_taskflow_templates.py for tasks to queue
[2025-12-16T18:34:24.572+0000] {logging_mixin.py:190} INFO - [2025-12-16T18:34:24.571+0000] {dagbag.py:588} INFO - Filling up the DagBag from /home/airflow/.local/lib/python3.12/site-packages/airflow/example_dags/tutorial_taskflow_templates.py
[2025-12-16T18:34:24.588+0000] {processor.py:925} INFO - DAG(s) 'tutorial_taskflow_templates' retrieved from /home/airflow/.local/lib/python3.12/site-packages/airflow/example_dags/tutorial_taskflow_templates.py
[2025-12-16T18:34:24.615+0000] {logging_mixin.py:190} INFO - [2025-12-16T18:34:24.615+0000] {dag.py:3239} INFO - Sync 1 DAGs
[2025-12-16T18:34:24.645+0000] {logging_mixin.py:190} INFO - [2025-12-16T18:34:24.645+0000] {dag.py:4180} INFO - Setting next_dagrun for tutorial_taskflow_templates to 2025-12-15 00:00:00+00:00, run_after=2025-12-16 00:00:00+00:00
[2025-12-16T18:34:24.669+0000] {processor.py:208} INFO - Processing /home/airflow/.local/lib/python3.12/site-packages/airflow/example_dags/tutorial_taskflow_templates.py took 0.108 seconds
[2025-12-16T18:34:55.764+0000] {processor.py:186} INFO - Started process (PID=3372) to work on /home/airflow/.local/lib/python3.12/site-packages/airflow/example_dags/tutorial_taskflow_templates.py
[2025-12-16T18:34:55.765+0000] {processor.py:914} INFO - Processing file /home/airflow/.local/lib/python3.12/site-packages/airflow/example_dags/tutorial_taskflow_templates.py for tasks to queue
[2025-12-16T18:34:55.767+0000] {logging_mixin.py:190} INFO - [2025-12-16T18:34:55.767+0000] {dagbag.py:588} INFO - Filling up the DagBag from /home/airflow/.local/lib/python3.12/site-packages/airflow/example_dags/tutorial_taskflow_templates.py
[2025-12-16T18:34:55.784+0000] {processor.py:925} INFO - DAG(s) 'tutorial_taskflow_templates' retrieved from /home/airflow/.local/lib/python3.12/site-packages/airflow/example_dags/tutorial_taskflow_templates.py
[2025-12-16T18:34:55.808+0000] {logging_mixin.py:190} INFO - [2025-12-16T18:34:55.807+0000] {dag.py:3239} INFO - Sync 1 DAGs
[2025-12-16T18:34:55.837+0000] {logging_mixin.py:190} INFO - [2025-12-16T18:34:55.837+0000] {dag.py:4180} INFO - Setting next_dagrun for tutorial_taskflow_templates to 2025-12-15 00:00:00+00:00, run_after=2025-12-16 00:00:00+00:00
[2025-12-16T18:34:55.857+0000] {processor.py:208} INFO - Processing /home/airflow/.local/lib/python3.12/site-packages/airflow/example_dags/tutorial_taskflow_templates.py took 0.101 seconds
[2025-12-16T18:35:26.990+0000] {processor.py:186} INFO - Started process (PID=3660) to work on /home/airflow/.local/lib/python3.12/site-packages/airflow/example_dags/tutorial_taskflow_templates.py
[2025-12-16T18:35:26.991+0000] {processor.py:914} INFO - Processing file /home/airflow/.local/lib/python3.12/site-packages/airflow/example_dags/tutorial_taskflow_templates.py for tasks to queue
[2025-12-16T18:35:26.994+0000] {logging_mixin.py:190} INFO - [2025-12-16T18:35:26.994+0000] {dagbag.py:588} INFO - Filling up the DagBag from /home/airflow/.local/lib/python3.12/site-packages/airflow/example_dags/tutorial_taskflow_templates.py
[2025-12-16T18:35:27.012+0000] {processor.py:925} INFO - DAG(s) 'tutorial_taskflow_templates' retrieved from /home/airflow/.local/lib/python3.12/site-packages/airflow/example_dags/tutorial_taskflow_templates.py
[2025-12-16T18:35:27.037+0000] {logging_mixin.py:190} INFO - [2025-12-16T18:35:27.036+0000] {dag.py:3239} INFO - Sync 1 DAGs
[2025-12-16T18:35:27.066+0000] {logging_mixin.py:190} INFO - [2025-12-16T18:35:27.066+0000] {dag.py:4180} INFO - Setting next_dagrun for tutorial_taskflow_templates to 2025-12-15 00:00:00+00:00, run_after=2025-12-16 00:00:00+00:00
[2025-12-16T18:35:27.086+0000] {processor.py:208} INFO - Processing /home/airflow/.local/lib/python3.12/site-packages/airflow/example_dags/tutorial_taskflow_templates.py took 0.104 seconds
[2025-12-16T18:35:58.136+0000] {processor.py:186} INFO - Started process (PID=3949) to work on /home/airflow/.local/lib/python3.12/site-packages/airflow/example_dags/tutorial_taskflow_templates.py
[2025-12-16T18:35:58.137+0000] {processor.py:914} INFO - Processing file /home/airflow/.local/lib/python3.12/site-packages/airflow/example_dags/tutorial_taskflow_templates.py for tasks to queue
[2025-12-16T18:35:58.139+0000] {logging_mixin.py:190} INFO - [2025-12-16T18:35:58.139+0000] {dagbag.py:588} INFO - Filling up the DagBag from /home/airflow/.local/lib/python3.12/site-packages/airflow/example_dags/tutorial_taskflow_templates.py
[2025-12-16T18:35:58.156+0000] {processor.py:925} INFO - DAG(s) 'tutorial_taskflow_templates' retrieved from /home/airflow/.local/lib/python3.12/site-packages/airflow/example_dags/tutorial_taskflow_templates.py
[2025-12-16T18:35:58.181+0000] {logging_mixin.py:190} INFO - [2025-12-16T18:35:58.181+0000] {dag.py:3239} INFO - Sync 1 DAGs
[2025-12-16T18:35:58.212+0000] {logging_mixin.py:190} INFO - [2025-12-16T18:35:58.212+0000] {dag.py:4180} INFO - Setting next_dagrun for tutorial_taskflow_templates to 2025-12-15 00:00:00+00:00, run_after=2025-12-16 00:00:00+00:00
[2025-12-16T18:35:58.233+0000] {processor.py:208} INFO - Processing /home/airflow/.local/lib/python3.12/site-packages/airflow/example_dags/tutorial_taskflow_templates.py took 0.105 seconds
[2025-12-16T18:36:29.336+0000] {processor.py:186} INFO - Started process (PID=4240) to work on /home/airflow/.local/lib/python3.12/site-packages/airflow/example_dags/tutorial_taskflow_templates.py
[2025-12-16T18:36:29.337+0000] {processor.py:914} INFO - Processing file /home/airflow/.local/lib/python3.12/site-packages/airflow/example_dags/tutorial_taskflow_templates.py for tasks to queue
[2025-12-16T18:36:29.339+0000] {logging_mixin.py:190} INFO - [2025-12-16T18:36:29.339+0000] {dagbag.py:588} INFO - Filling up the DagBag from /home/airflow/.local/lib/python3.12/site-packages/airflow/example_dags/tutorial_taskflow_templates.py
[2025-12-16T18:36:29.355+0000] {processor.py:925} INFO - DAG(s) 'tutorial_taskflow_templates' retrieved from /home/airflow/.local/lib/python3.12/site-packages/airflow/example_dags/tutorial_taskflow_templates.py
[2025-12-16T18:36:29.380+0000] {logging_mixin.py:190} INFO - [2025-12-16T18:36:29.379+0000] {dag.py:3239} INFO - Sync 1 DAGs
[2025-12-16T18:36:29.411+0000] {logging_mixin.py:190} INFO - [2025-12-16T18:36:29.411+0000] {dag.py:4180} INFO - Setting next_dagrun for tutorial_taskflow_templates to 2025-12-15 00:00:00+00:00, run_after=2025-12-16 00:00:00+00:00
[2025-12-16T18:36:29.433+0000] {processor.py:208} INFO - Processing /home/airflow/.local/lib/python3.12/site-packages/airflow/example_dags/tutorial_taskflow_templates.py took 0.105 seconds
[2025-12-16T18:37:00.440+0000] {processor.py:186} INFO - Started process (PID=4531) to work on /home/airflow/.local/lib/python3.12/site-packages/airflow/example_dags/tutorial_taskflow_templates.py
[2025-12-16T18:37:00.441+0000] {processor.py:914} INFO - Processing file /home/airflow/.local/lib/python3.12/site-packages/airflow/example_dags/tutorial_taskflow_templates.py for tasks to queue
[2025-12-16T18:37:00.444+0000] {logging_mixin.py:190} INFO - [2025-12-16T18:37:00.444+0000] {dagbag.py:588} INFO - Filling up the DagBag from /home/airflow/.local/lib/python3.12/site-packages/airflow/example_dags/tutorial_taskflow_templates.py
[2025-12-16T18:37:00.463+0000] {processor.py:925} INFO - DAG(s) 'tutorial_taskflow_templates' retrieved from /home/airflow/.local/lib/python3.12/site-packages/airflow/example_dags/tutorial_taskflow_templates.py
[2025-12-16T18:37:00.491+0000] {logging_mixin.py:190} INFO - [2025-12-16T18:37:00.491+0000] {dag.py:3239} INFO - Sync 1 DAGs
[2025-12-16T18:37:00.526+0000] {logging_mixin.py:190} INFO - [2025-12-16T18:37:00.526+0000] {dag.py:4180} INFO - Setting next_dagrun for tutorial_taskflow_templates to 2025-12-15 00:00:00+00:00, run_after=2025-12-16 00:00:00+00:00
[2025-12-16T18:37:00.550+0000] {processor.py:208} INFO - Processing /home/airflow/.local/lib/python3.12/site-packages/airflow/example_dags/tutorial_taskflow_templates.py took 0.119 seconds
[2025-12-16T18:37:31.635+0000] {processor.py:186} INFO - Started process (PID=4824) to work on /home/airflow/.local/lib/python3.12/site-packages/airflow/example_dags/tutorial_taskflow_templates.py
[2025-12-16T18:37:31.637+0000] {processor.py:914} INFO - Processing file /home/airflow/.local/lib/python3.12/site-packages/airflow/example_dags/tutorial_taskflow_templates.py for tasks to queue
[2025-12-16T18:37:31.640+0000] {logging_mixin.py:190} INFO - [2025-12-16T18:37:31.639+0000] {dagbag.py:588} INFO - Filling up the DagBag from /home/airflow/.local/lib/python3.12/site-packages/airflow/example_dags/tutorial_taskflow_templates.py
[2025-12-16T18:37:31.658+0000] {processor.py:925} INFO - DAG(s) 'tutorial_taskflow_templates' retrieved from /home/airflow/.local/lib/python3.12/site-packages/airflow/example_dags/tutorial_taskflow_templates.py
[2025-12-16T18:37:31.683+0000] {logging_mixin.py:190} INFO - [2025-12-16T18:37:31.682+0000] {dag.py:3239} INFO - Sync 1 DAGs
[2025-12-16T18:37:31.714+0000] {logging_mixin.py:190} INFO - [2025-12-16T18:37:31.714+0000] {dag.py:4180} INFO - Setting next_dagrun for tutorial_taskflow_templates to 2025-12-15 00:00:00+00:00, run_after=2025-12-16 00:00:00+00:00
[2025-12-16T18:37:31.734+0000] {processor.py:208} INFO - Processing /home/airflow/.local/lib/python3.12/site-packages/airflow/example_dags/tutorial_taskflow_templates.py took 0.107 seconds
[2025-12-16T18:38:02.447+0000] {processor.py:186} INFO - Started process (PID=5113) to work on /home/airflow/.local/lib/python3.12/site-packages/airflow/example_dags/tutorial_taskflow_templates.py
[2025-12-16T18:38:02.448+0000] {processor.py:914} INFO - Processing file /home/airflow/.local/lib/python3.12/site-packages/airflow/example_dags/tutorial_taskflow_templates.py for tasks to queue
[2025-12-16T18:38:02.451+0000] {logging_mixin.py:190} INFO - [2025-12-16T18:38:02.450+0000] {dagbag.py:588} INFO - Filling up the DagBag from /home/airflow/.local/lib/python3.12/site-packages/airflow/example_dags/tutorial_taskflow_templates.py
[2025-12-16T18:38:02.470+0000] {processor.py:925} INFO - DAG(s) 'tutorial_taskflow_templates' retrieved from /home/airflow/.local/lib/python3.12/site-packages/airflow/example_dags/tutorial_taskflow_templates.py
[2025-12-16T18:38:02.497+0000] {logging_mixin.py:190} INFO - [2025-12-16T18:38:02.497+0000] {dag.py:3239} INFO - Sync 1 DAGs
[2025-12-16T18:38:02.530+0000] {logging_mixin.py:190} INFO - [2025-12-16T18:38:02.530+0000] {dag.py:4180} INFO - Setting next_dagrun for tutorial_taskflow_templates to 2025-12-15 00:00:00+00:00, run_after=2025-12-16 00:00:00+00:00
[2025-12-16T18:38:02.552+0000] {processor.py:208} INFO - Processing /home/airflow/.local/lib/python3.12/site-packages/airflow/example_dags/tutorial_taskflow_templates.py took 0.115 seconds
[2025-12-16T18:38:34.050+0000] {processor.py:186} INFO - Started process (PID=5404) to work on /home/airflow/.local/lib/python3.12/site-packages/airflow/example_dags/tutorial_taskflow_templates.py
[2025-12-16T18:38:34.051+0000] {processor.py:914} INFO - Processing file /home/airflow/.local/lib/python3.12/site-packages/airflow/example_dags/tutorial_taskflow_templates.py for tasks to queue
[2025-12-16T18:38:34.054+0000] {logging_mixin.py:190} INFO - [2025-12-16T18:38:34.053+0000] {dagbag.py:588} INFO - Filling up the DagBag from /home/airflow/.local/lib/python3.12/site-packages/airflow/example_dags/tutorial_taskflow_templates.py
[2025-12-16T18:38:34.071+0000] {processor.py:925} INFO - DAG(s) 'tutorial_taskflow_templates' retrieved from /home/airflow/.local/lib/python3.12/site-packages/airflow/example_dags/tutorial_taskflow_templates.py
[2025-12-16T18:38:34.099+0000] {logging_mixin.py:190} INFO - [2025-12-16T18:38:34.099+0000] {dag.py:3239} INFO - Sync 1 DAGs
[2025-12-16T18:38:34.130+0000] {logging_mixin.py:190} INFO - [2025-12-16T18:38:34.130+0000] {dag.py:4180} INFO - Setting next_dagrun for tutorial_taskflow_templates to 2025-12-15 00:00:00+00:00, run_after=2025-12-16 00:00:00+00:00
[2025-12-16T18:38:34.152+0000] {processor.py:208} INFO - Processing /home/airflow/.local/lib/python3.12/site-packages/airflow/example_dags/tutorial_taskflow_templates.py took 0.109 seconds
[2025-12-16T18:39:04.919+0000] {processor.py:186} INFO - Started process (PID=5695) to work on /home/airflow/.local/lib/python3.12/site-packages/airflow/example_dags/tutorial_taskflow_templates.py
[2025-12-16T18:39:04.920+0000] {processor.py:914} INFO - Processing file /home/airflow/.local/lib/python3.12/site-packages/airflow/example_dags/tutorial_taskflow_templates.py for tasks to queue
[2025-12-16T18:39:04.922+0000] {logging_mixin.py:190} INFO - [2025-12-16T18:39:04.922+0000] {dagbag.py:588} INFO - Filling up the DagBag from /home/airflow/.local/lib/python3.12/site-packages/airflow/example_dags/tutorial_taskflow_templates.py
[2025-12-16T18:39:04.938+0000] {processor.py:925} INFO - DAG(s) 'tutorial_taskflow_templates' retrieved from /home/airflow/.local/lib/python3.12/site-packages/airflow/example_dags/tutorial_taskflow_templates.py
[2025-12-16T18:39:04.962+0000] {logging_mixin.py:190} INFO - [2025-12-16T18:39:04.962+0000] {dag.py:3239} INFO - Sync 1 DAGs
[2025-12-16T18:39:04.992+0000] {logging_mixin.py:190} INFO - [2025-12-16T18:39:04.992+0000] {dag.py:4180} INFO - Setting next_dagrun for tutorial_taskflow_templates to 2025-12-15 00:00:00+00:00, run_after=2025-12-16 00:00:00+00:00
[2025-12-16T18:39:05.014+0000] {processor.py:208} INFO - Processing /home/airflow/.local/lib/python3.12/site-packages/airflow/example_dags/tutorial_taskflow_templates.py took 0.103 seconds
[2025-12-16T18:39:36.273+0000] {processor.py:186} INFO - Started process (PID=5986) to work on /home/airflow/.local/lib/python3.12/site-packages/airflow/example_dags/tutorial_taskflow_templates.py
[2025-12-16T18:39:36.274+0000] {processor.py:914} INFO - Processing file /home/airflow/.local/lib/python3.12/site-packages/airflow/example_dags/tutorial_taskflow_templates.py for tasks to queue
[2025-12-16T18:39:36.277+0000] {logging_mixin.py:190} INFO - [2025-12-16T18:39:36.276+0000] {dagbag.py:588} INFO - Filling up the DagBag from /home/airflow/.local/lib/python3.12/site-packages/airflow/example_dags/tutorial_taskflow_templates.py
[2025-12-16T18:39:36.296+0000] {processor.py:925} INFO - DAG(s) 'tutorial_taskflow_templates' retrieved from /home/airflow/.local/lib/python3.12/site-packages/airflow/example_dags/tutorial_taskflow_templates.py
[2025-12-16T18:39:36.320+0000] {logging_mixin.py:190} INFO - [2025-12-16T18:39:36.320+0000] {dag.py:3239} INFO - Sync 1 DAGs
[2025-12-16T18:39:36.353+0000] {logging_mixin.py:190} INFO - [2025-12-16T18:39:36.353+0000] {dag.py:4180} INFO - Setting next_dagrun for tutorial_taskflow_templates to 2025-12-15 00:00:00+00:00, run_after=2025-12-16 00:00:00+00:00
[2025-12-16T18:39:36.373+0000] {processor.py:208} INFO - Processing /home/airflow/.local/lib/python3.12/site-packages/airflow/example_dags/tutorial_taskflow_templates.py took 0.108 seconds
[2025-12-16T18:40:07.643+0000] {processor.py:186} INFO - Started process (PID=6279) to work on /home/airflow/.local/lib/python3.12/site-packages/airflow/example_dags/tutorial_taskflow_templates.py
[2025-12-16T18:40:07.644+0000] {processor.py:914} INFO - Processing file /home/airflow/.local/lib/python3.12/site-packages/airflow/example_dags/tutorial_taskflow_templates.py for tasks to queue
[2025-12-16T18:40:07.647+0000] {logging_mixin.py:190} INFO - [2025-12-16T18:40:07.646+0000] {dagbag.py:588} INFO - Filling up the DagBag from /home/airflow/.local/lib/python3.12/site-packages/airflow/example_dags/tutorial_taskflow_templates.py
[2025-12-16T18:40:07.663+0000] {processor.py:925} INFO - DAG(s) 'tutorial_taskflow_templates' retrieved from /home/airflow/.local/lib/python3.12/site-packages/airflow/example_dags/tutorial_taskflow_templates.py
[2025-12-16T18:40:07.686+0000] {logging_mixin.py:190} INFO - [2025-12-16T18:40:07.685+0000] {dag.py:3239} INFO - Sync 1 DAGs
[2025-12-16T18:40:07.714+0000] {logging_mixin.py:190} INFO - [2025-12-16T18:40:07.714+0000] {dag.py:4180} INFO - Setting next_dagrun for tutorial_taskflow_templates to 2025-12-15 00:00:00+00:00, run_after=2025-12-16 00:00:00+00:00
[2025-12-16T18:40:07.736+0000] {processor.py:208} INFO - Processing /home/airflow/.local/lib/python3.12/site-packages/airflow/example_dags/tutorial_taskflow_templates.py took 0.100 seconds
[2025-12-16T18:40:39.776+0000] {processor.py:186} INFO - Started process (PID=6622) to work on /home/airflow/.local/lib/python3.12/site-packages/airflow/example_dags/tutorial_taskflow_templates.py
[2025-12-16T18:40:39.777+0000] {processor.py:914} INFO - Processing file /home/airflow/.local/lib/python3.12/site-packages/airflow/example_dags/tutorial_taskflow_templates.py for tasks to queue
[2025-12-16T18:40:39.780+0000] {logging_mixin.py:190} INFO - [2025-12-16T18:40:39.780+0000] {dagbag.py:588} INFO - Filling up the DagBag from /home/airflow/.local/lib/python3.12/site-packages/airflow/example_dags/tutorial_taskflow_templates.py
[2025-12-16T18:40:39.800+0000] {processor.py:925} INFO - DAG(s) 'tutorial_taskflow_templates' retrieved from /home/airflow/.local/lib/python3.12/site-packages/airflow/example_dags/tutorial_taskflow_templates.py
[2025-12-16T18:40:39.827+0000] {logging_mixin.py:190} INFO - [2025-12-16T18:40:39.826+0000] {dag.py:3239} INFO - Sync 1 DAGs
[2025-12-16T18:40:39.859+0000] {logging_mixin.py:190} INFO - [2025-12-16T18:40:39.859+0000] {dag.py:4180} INFO - Setting next_dagrun for tutorial_taskflow_templates to 2025-12-15 00:00:00+00:00, run_after=2025-12-16 00:00:00+00:00
[2025-12-16T18:40:39.881+0000] {processor.py:208} INFO - Processing /home/airflow/.local/lib/python3.12/site-packages/airflow/example_dags/tutorial_taskflow_templates.py took 0.112 seconds
