[2025-12-16T18:26:50.092+0000] {processor.py:186} INFO - Started process (PID=437) to work on /home/airflow/.local/lib/python3.12/site-packages/airflow/example_dags/tutorial.py
[2025-12-16T18:26:50.093+0000] {processor.py:914} INFO - Processing file /home/airflow/.local/lib/python3.12/site-packages/airflow/example_dags/tutorial.py for tasks to queue
[2025-12-16T18:26:50.096+0000] {logging_mixin.py:190} INFO - [2025-12-16T18:26:50.095+0000] {dagbag.py:588} INFO - Filling up the DagBag from /home/airflow/.local/lib/python3.12/site-packages/airflow/example_dags/tutorial.py
[2025-12-16T18:26:50.107+0000] {processor.py:925} INFO - DAG(s) 'tutorial' retrieved from /home/airflow/.local/lib/python3.12/site-packages/airflow/example_dags/tutorial.py
[2025-12-16T18:26:50.235+0000] {logging_mixin.py:190} INFO - [2025-12-16T18:26:50.234+0000] {override.py:1911} INFO - Created Permission View: can read on DAG:tutorial
[2025-12-16T18:26:50.246+0000] {logging_mixin.py:190} INFO - [2025-12-16T18:26:50.245+0000] {override.py:1911} INFO - Created Permission View: can delete on DAG:tutorial
[2025-12-16T18:26:50.252+0000] {logging_mixin.py:190} INFO - [2025-12-16T18:26:50.252+0000] {override.py:1911} INFO - Created Permission View: can edit on DAG:tutorial
[2025-12-16T18:26:50.259+0000] {logging_mixin.py:190} INFO - [2025-12-16T18:26:50.259+0000] {override.py:1911} INFO - Created Permission View: can read on DAG Run:tutorial
[2025-12-16T18:26:50.265+0000] {logging_mixin.py:190} INFO - [2025-12-16T18:26:50.265+0000] {override.py:1911} INFO - Created Permission View: can create on DAG Run:tutorial
[2025-12-16T18:26:50.272+0000] {logging_mixin.py:190} INFO - [2025-12-16T18:26:50.271+0000] {override.py:1911} INFO - Created Permission View: menu access on DAG Run:tutorial
[2025-12-16T18:26:50.278+0000] {logging_mixin.py:190} INFO - [2025-12-16T18:26:50.278+0000] {override.py:1911} INFO - Created Permission View: can delete on DAG Run:tutorial
[2025-12-16T18:26:50.279+0000] {logging_mixin.py:190} INFO - [2025-12-16T18:26:50.278+0000] {dag.py:3239} INFO - Sync 1 DAGs
[2025-12-16T18:26:50.295+0000] {logging_mixin.py:190} INFO - [2025-12-16T18:26:50.294+0000] {dag.py:3262} INFO - Creating ORM DAG for tutorial
[2025-12-16T18:26:50.306+0000] {logging_mixin.py:190} INFO - [2025-12-16T18:26:50.306+0000] {dag.py:4180} INFO - Setting next_dagrun for tutorial to 2025-12-15 00:00:00+00:00, run_after=2025-12-16 00:00:00+00:00
[2025-12-16T18:26:50.323+0000] {processor.py:208} INFO - Processing /home/airflow/.local/lib/python3.12/site-packages/airflow/example_dags/tutorial.py took 0.239 seconds
[2025-12-16T18:27:21.300+0000] {processor.py:186} INFO - Started process (PID=728) to work on /home/airflow/.local/lib/python3.12/site-packages/airflow/example_dags/tutorial.py
[2025-12-16T18:27:21.301+0000] {processor.py:914} INFO - Processing file /home/airflow/.local/lib/python3.12/site-packages/airflow/example_dags/tutorial.py for tasks to queue
[2025-12-16T18:27:21.304+0000] {logging_mixin.py:190} INFO - [2025-12-16T18:27:21.303+0000] {dagbag.py:588} INFO - Filling up the DagBag from /home/airflow/.local/lib/python3.12/site-packages/airflow/example_dags/tutorial.py
[2025-12-16T18:27:21.314+0000] {processor.py:925} INFO - DAG(s) 'tutorial' retrieved from /home/airflow/.local/lib/python3.12/site-packages/airflow/example_dags/tutorial.py
[2025-12-16T18:27:21.340+0000] {logging_mixin.py:190} INFO - [2025-12-16T18:27:21.339+0000] {dag.py:3239} INFO - Sync 1 DAGs
[2025-12-16T18:27:21.369+0000] {logging_mixin.py:190} INFO - [2025-12-16T18:27:21.368+0000] {dag.py:4180} INFO - Setting next_dagrun for tutorial to 2025-12-15 00:00:00+00:00, run_after=2025-12-16 00:00:00+00:00
[2025-12-16T18:27:21.395+0000] {processor.py:208} INFO - Processing /home/airflow/.local/lib/python3.12/site-packages/airflow/example_dags/tutorial.py took 0.103 seconds
[2025-12-16T18:27:52.042+0000] {processor.py:186} INFO - Started process (PID=1019) to work on /home/airflow/.local/lib/python3.12/site-packages/airflow/example_dags/tutorial.py
[2025-12-16T18:27:52.043+0000] {processor.py:914} INFO - Processing file /home/airflow/.local/lib/python3.12/site-packages/airflow/example_dags/tutorial.py for tasks to queue
[2025-12-16T18:27:52.046+0000] {logging_mixin.py:190} INFO - [2025-12-16T18:27:52.045+0000] {dagbag.py:588} INFO - Filling up the DagBag from /home/airflow/.local/lib/python3.12/site-packages/airflow/example_dags/tutorial.py
[2025-12-16T18:27:52.057+0000] {processor.py:925} INFO - DAG(s) 'tutorial' retrieved from /home/airflow/.local/lib/python3.12/site-packages/airflow/example_dags/tutorial.py
[2025-12-16T18:27:52.081+0000] {logging_mixin.py:190} INFO - [2025-12-16T18:27:52.080+0000] {dag.py:3239} INFO - Sync 1 DAGs
[2025-12-16T18:27:52.107+0000] {logging_mixin.py:190} INFO - [2025-12-16T18:27:52.107+0000] {dag.py:4180} INFO - Setting next_dagrun for tutorial to 2025-12-15 00:00:00+00:00, run_after=2025-12-16 00:00:00+00:00
[2025-12-16T18:27:52.126+0000] {processor.py:208} INFO - Processing /home/airflow/.local/lib/python3.12/site-packages/airflow/example_dags/tutorial.py took 0.092 seconds
[2025-12-16T18:29:44.291+0000] {processor.py:186} INFO - Started process (PID=437) to work on /home/airflow/.local/lib/python3.12/site-packages/airflow/example_dags/tutorial.py
[2025-12-16T18:29:44.292+0000] {processor.py:914} INFO - Processing file /home/airflow/.local/lib/python3.12/site-packages/airflow/example_dags/tutorial.py for tasks to queue
[2025-12-16T18:29:44.294+0000] {logging_mixin.py:190} INFO - [2025-12-16T18:29:44.294+0000] {dagbag.py:588} INFO - Filling up the DagBag from /home/airflow/.local/lib/python3.12/site-packages/airflow/example_dags/tutorial.py
[2025-12-16T18:29:44.305+0000] {processor.py:925} INFO - DAG(s) 'tutorial' retrieved from /home/airflow/.local/lib/python3.12/site-packages/airflow/example_dags/tutorial.py
[2025-12-16T18:29:44.328+0000] {logging_mixin.py:190} INFO - [2025-12-16T18:29:44.328+0000] {dag.py:3239} INFO - Sync 1 DAGs
[2025-12-16T18:29:44.359+0000] {logging_mixin.py:190} INFO - [2025-12-16T18:29:44.359+0000] {dag.py:4180} INFO - Setting next_dagrun for tutorial to 2025-12-15 00:00:00+00:00, run_after=2025-12-16 00:00:00+00:00
[2025-12-16T18:29:44.380+0000] {processor.py:208} INFO - Processing /home/airflow/.local/lib/python3.12/site-packages/airflow/example_dags/tutorial.py took 0.097 seconds
[2025-12-16T18:30:16.392+0000] {processor.py:186} INFO - Started process (PID=728) to work on /home/airflow/.local/lib/python3.12/site-packages/airflow/example_dags/tutorial.py
[2025-12-16T18:30:16.393+0000] {processor.py:914} INFO - Processing file /home/airflow/.local/lib/python3.12/site-packages/airflow/example_dags/tutorial.py for tasks to queue
[2025-12-16T18:30:16.395+0000] {logging_mixin.py:190} INFO - [2025-12-16T18:30:16.395+0000] {dagbag.py:588} INFO - Filling up the DagBag from /home/airflow/.local/lib/python3.12/site-packages/airflow/example_dags/tutorial.py
[2025-12-16T18:30:16.405+0000] {processor.py:925} INFO - DAG(s) 'tutorial' retrieved from /home/airflow/.local/lib/python3.12/site-packages/airflow/example_dags/tutorial.py
[2025-12-16T18:30:16.427+0000] {logging_mixin.py:190} INFO - [2025-12-16T18:30:16.427+0000] {dag.py:3239} INFO - Sync 1 DAGs
[2025-12-16T18:30:16.455+0000] {logging_mixin.py:190} INFO - [2025-12-16T18:30:16.455+0000] {dag.py:4180} INFO - Setting next_dagrun for tutorial to 2025-12-15 00:00:00+00:00, run_after=2025-12-16 00:00:00+00:00
[2025-12-16T18:30:16.475+0000] {processor.py:208} INFO - Processing /home/airflow/.local/lib/python3.12/site-packages/airflow/example_dags/tutorial.py took 0.091 seconds
[2025-12-16T18:30:46.813+0000] {processor.py:186} INFO - Started process (PID=1019) to work on /home/airflow/.local/lib/python3.12/site-packages/airflow/example_dags/tutorial.py
[2025-12-16T18:30:46.814+0000] {processor.py:914} INFO - Processing file /home/airflow/.local/lib/python3.12/site-packages/airflow/example_dags/tutorial.py for tasks to queue
[2025-12-16T18:30:46.817+0000] {logging_mixin.py:190} INFO - [2025-12-16T18:30:46.817+0000] {dagbag.py:588} INFO - Filling up the DagBag from /home/airflow/.local/lib/python3.12/site-packages/airflow/example_dags/tutorial.py
[2025-12-16T18:30:46.826+0000] {processor.py:925} INFO - DAG(s) 'tutorial' retrieved from /home/airflow/.local/lib/python3.12/site-packages/airflow/example_dags/tutorial.py
[2025-12-16T18:30:46.849+0000] {logging_mixin.py:190} INFO - [2025-12-16T18:30:46.849+0000] {dag.py:3239} INFO - Sync 1 DAGs
[2025-12-16T18:30:46.877+0000] {logging_mixin.py:190} INFO - [2025-12-16T18:30:46.876+0000] {dag.py:4180} INFO - Setting next_dagrun for tutorial to 2025-12-15 00:00:00+00:00, run_after=2025-12-16 00:00:00+00:00
[2025-12-16T18:30:46.895+0000] {processor.py:208} INFO - Processing /home/airflow/.local/lib/python3.12/site-packages/airflow/example_dags/tutorial.py took 0.089 seconds
[2025-12-16T18:31:18.860+0000] {processor.py:186} INFO - Started process (PID=1310) to work on /home/airflow/.local/lib/python3.12/site-packages/airflow/example_dags/tutorial.py
[2025-12-16T18:31:18.861+0000] {processor.py:914} INFO - Processing file /home/airflow/.local/lib/python3.12/site-packages/airflow/example_dags/tutorial.py for tasks to queue
[2025-12-16T18:31:18.864+0000] {logging_mixin.py:190} INFO - [2025-12-16T18:31:18.864+0000] {dagbag.py:588} INFO - Filling up the DagBag from /home/airflow/.local/lib/python3.12/site-packages/airflow/example_dags/tutorial.py
[2025-12-16T18:31:18.876+0000] {processor.py:925} INFO - DAG(s) 'tutorial' retrieved from /home/airflow/.local/lib/python3.12/site-packages/airflow/example_dags/tutorial.py
[2025-12-16T18:31:18.903+0000] {logging_mixin.py:190} INFO - [2025-12-16T18:31:18.903+0000] {dag.py:3239} INFO - Sync 1 DAGs
[2025-12-16T18:31:18.935+0000] {logging_mixin.py:190} INFO - [2025-12-16T18:31:18.935+0000] {dag.py:4180} INFO - Setting next_dagrun for tutorial to 2025-12-15 00:00:00+00:00, run_after=2025-12-16 00:00:00+00:00
[2025-12-16T18:31:18.958+0000] {processor.py:208} INFO - Processing /home/airflow/.local/lib/python3.12/site-packages/airflow/example_dags/tutorial.py took 0.107 seconds
[2025-12-16T18:31:49.612+0000] {processor.py:186} INFO - Started process (PID=1601) to work on /home/airflow/.local/lib/python3.12/site-packages/airflow/example_dags/tutorial.py
[2025-12-16T18:31:49.613+0000] {processor.py:914} INFO - Processing file /home/airflow/.local/lib/python3.12/site-packages/airflow/example_dags/tutorial.py for tasks to queue
[2025-12-16T18:31:49.616+0000] {logging_mixin.py:190} INFO - [2025-12-16T18:31:49.616+0000] {dagbag.py:588} INFO - Filling up the DagBag from /home/airflow/.local/lib/python3.12/site-packages/airflow/example_dags/tutorial.py
[2025-12-16T18:31:49.628+0000] {processor.py:925} INFO - DAG(s) 'tutorial' retrieved from /home/airflow/.local/lib/python3.12/site-packages/airflow/example_dags/tutorial.py
[2025-12-16T18:31:49.654+0000] {logging_mixin.py:190} INFO - [2025-12-16T18:31:49.654+0000] {dag.py:3239} INFO - Sync 1 DAGs
[2025-12-16T18:31:49.685+0000] {logging_mixin.py:190} INFO - [2025-12-16T18:31:49.685+0000] {dag.py:4180} INFO - Setting next_dagrun for tutorial to 2025-12-15 00:00:00+00:00, run_after=2025-12-16 00:00:00+00:00
[2025-12-16T18:31:49.710+0000] {processor.py:208} INFO - Processing /home/airflow/.local/lib/python3.12/site-packages/airflow/example_dags/tutorial.py took 0.107 seconds
[2025-12-16T18:32:20.016+0000] {processor.py:186} INFO - Started process (PID=1892) to work on /home/airflow/.local/lib/python3.12/site-packages/airflow/example_dags/tutorial.py
[2025-12-16T18:32:20.017+0000] {processor.py:914} INFO - Processing file /home/airflow/.local/lib/python3.12/site-packages/airflow/example_dags/tutorial.py for tasks to queue
[2025-12-16T18:32:20.021+0000] {logging_mixin.py:190} INFO - [2025-12-16T18:32:20.020+0000] {dagbag.py:588} INFO - Filling up the DagBag from /home/airflow/.local/lib/python3.12/site-packages/airflow/example_dags/tutorial.py
[2025-12-16T18:32:20.033+0000] {processor.py:925} INFO - DAG(s) 'tutorial' retrieved from /home/airflow/.local/lib/python3.12/site-packages/airflow/example_dags/tutorial.py
[2025-12-16T18:32:20.060+0000] {logging_mixin.py:190} INFO - [2025-12-16T18:32:20.060+0000] {dag.py:3239} INFO - Sync 1 DAGs
[2025-12-16T18:32:20.094+0000] {logging_mixin.py:190} INFO - [2025-12-16T18:32:20.094+0000] {dag.py:4180} INFO - Setting next_dagrun for tutorial to 2025-12-15 00:00:00+00:00, run_after=2025-12-16 00:00:00+00:00
[2025-12-16T18:32:20.119+0000] {processor.py:208} INFO - Processing /home/airflow/.local/lib/python3.12/site-packages/airflow/example_dags/tutorial.py took 0.111 seconds
[2025-12-16T18:32:51.194+0000] {processor.py:186} INFO - Started process (PID=2183) to work on /home/airflow/.local/lib/python3.12/site-packages/airflow/example_dags/tutorial.py
[2025-12-16T18:32:51.195+0000] {processor.py:914} INFO - Processing file /home/airflow/.local/lib/python3.12/site-packages/airflow/example_dags/tutorial.py for tasks to queue
[2025-12-16T18:32:51.198+0000] {logging_mixin.py:190} INFO - [2025-12-16T18:32:51.197+0000] {dagbag.py:588} INFO - Filling up the DagBag from /home/airflow/.local/lib/python3.12/site-packages/airflow/example_dags/tutorial.py
[2025-12-16T18:32:51.210+0000] {processor.py:925} INFO - DAG(s) 'tutorial' retrieved from /home/airflow/.local/lib/python3.12/site-packages/airflow/example_dags/tutorial.py
[2025-12-16T18:32:51.237+0000] {logging_mixin.py:190} INFO - [2025-12-16T18:32:51.237+0000] {dag.py:3239} INFO - Sync 1 DAGs
[2025-12-16T18:32:51.275+0000] {logging_mixin.py:190} INFO - [2025-12-16T18:32:51.275+0000] {dag.py:4180} INFO - Setting next_dagrun for tutorial to 2025-12-15 00:00:00+00:00, run_after=2025-12-16 00:00:00+00:00
[2025-12-16T18:32:51.299+0000] {processor.py:208} INFO - Processing /home/airflow/.local/lib/python3.12/site-packages/airflow/example_dags/tutorial.py took 0.115 seconds
[2025-12-16T18:33:22.343+0000] {processor.py:186} INFO - Started process (PID=2474) to work on /home/airflow/.local/lib/python3.12/site-packages/airflow/example_dags/tutorial.py
[2025-12-16T18:33:22.344+0000] {processor.py:914} INFO - Processing file /home/airflow/.local/lib/python3.12/site-packages/airflow/example_dags/tutorial.py for tasks to queue
[2025-12-16T18:33:22.346+0000] {logging_mixin.py:190} INFO - [2025-12-16T18:33:22.346+0000] {dagbag.py:588} INFO - Filling up the DagBag from /home/airflow/.local/lib/python3.12/site-packages/airflow/example_dags/tutorial.py
[2025-12-16T18:33:22.357+0000] {processor.py:925} INFO - DAG(s) 'tutorial' retrieved from /home/airflow/.local/lib/python3.12/site-packages/airflow/example_dags/tutorial.py
[2025-12-16T18:33:22.381+0000] {logging_mixin.py:190} INFO - [2025-12-16T18:33:22.381+0000] {dag.py:3239} INFO - Sync 1 DAGs
[2025-12-16T18:33:22.409+0000] {logging_mixin.py:190} INFO - [2025-12-16T18:33:22.409+0000] {dag.py:4180} INFO - Setting next_dagrun for tutorial to 2025-12-15 00:00:00+00:00, run_after=2025-12-16 00:00:00+00:00
[2025-12-16T18:33:22.429+0000] {processor.py:208} INFO - Processing /home/airflow/.local/lib/python3.12/site-packages/airflow/example_dags/tutorial.py took 0.095 seconds
[2025-12-16T18:33:53.379+0000] {processor.py:186} INFO - Started process (PID=2765) to work on /home/airflow/.local/lib/python3.12/site-packages/airflow/example_dags/tutorial.py
[2025-12-16T18:33:53.381+0000] {processor.py:914} INFO - Processing file /home/airflow/.local/lib/python3.12/site-packages/airflow/example_dags/tutorial.py for tasks to queue
[2025-12-16T18:33:53.383+0000] {logging_mixin.py:190} INFO - [2025-12-16T18:33:53.383+0000] {dagbag.py:588} INFO - Filling up the DagBag from /home/airflow/.local/lib/python3.12/site-packages/airflow/example_dags/tutorial.py
[2025-12-16T18:33:53.393+0000] {processor.py:925} INFO - DAG(s) 'tutorial' retrieved from /home/airflow/.local/lib/python3.12/site-packages/airflow/example_dags/tutorial.py
[2025-12-16T18:33:53.418+0000] {logging_mixin.py:190} INFO - [2025-12-16T18:33:53.417+0000] {dag.py:3239} INFO - Sync 1 DAGs
[2025-12-16T18:33:53.447+0000] {logging_mixin.py:190} INFO - [2025-12-16T18:33:53.447+0000] {dag.py:4180} INFO - Setting next_dagrun for tutorial to 2025-12-15 00:00:00+00:00, run_after=2025-12-16 00:00:00+00:00
[2025-12-16T18:33:53.467+0000] {processor.py:208} INFO - Processing /home/airflow/.local/lib/python3.12/site-packages/airflow/example_dags/tutorial.py took 0.096 seconds
[2025-12-16T18:34:24.064+0000] {processor.py:186} INFO - Started process (PID=3053) to work on /home/airflow/.local/lib/python3.12/site-packages/airflow/example_dags/tutorial.py
[2025-12-16T18:34:24.065+0000] {processor.py:914} INFO - Processing file /home/airflow/.local/lib/python3.12/site-packages/airflow/example_dags/tutorial.py for tasks to queue
[2025-12-16T18:34:24.068+0000] {logging_mixin.py:190} INFO - [2025-12-16T18:34:24.067+0000] {dagbag.py:588} INFO - Filling up the DagBag from /home/airflow/.local/lib/python3.12/site-packages/airflow/example_dags/tutorial.py
[2025-12-16T18:34:24.077+0000] {processor.py:925} INFO - DAG(s) 'tutorial' retrieved from /home/airflow/.local/lib/python3.12/site-packages/airflow/example_dags/tutorial.py
[2025-12-16T18:34:24.100+0000] {logging_mixin.py:190} INFO - [2025-12-16T18:34:24.100+0000] {dag.py:3239} INFO - Sync 1 DAGs
[2025-12-16T18:34:24.126+0000] {logging_mixin.py:190} INFO - [2025-12-16T18:34:24.126+0000] {dag.py:4180} INFO - Setting next_dagrun for tutorial to 2025-12-15 00:00:00+00:00, run_after=2025-12-16 00:00:00+00:00
[2025-12-16T18:34:24.146+0000] {processor.py:208} INFO - Processing /home/airflow/.local/lib/python3.12/site-packages/airflow/example_dags/tutorial.py took 0.090 seconds
[2025-12-16T18:34:55.260+0000] {processor.py:186} INFO - Started process (PID=3342) to work on /home/airflow/.local/lib/python3.12/site-packages/airflow/example_dags/tutorial.py
[2025-12-16T18:34:55.261+0000] {processor.py:914} INFO - Processing file /home/airflow/.local/lib/python3.12/site-packages/airflow/example_dags/tutorial.py for tasks to queue
[2025-12-16T18:34:55.264+0000] {logging_mixin.py:190} INFO - [2025-12-16T18:34:55.263+0000] {dagbag.py:588} INFO - Filling up the DagBag from /home/airflow/.local/lib/python3.12/site-packages/airflow/example_dags/tutorial.py
[2025-12-16T18:34:55.274+0000] {processor.py:925} INFO - DAG(s) 'tutorial' retrieved from /home/airflow/.local/lib/python3.12/site-packages/airflow/example_dags/tutorial.py
[2025-12-16T18:34:55.299+0000] {logging_mixin.py:190} INFO - [2025-12-16T18:34:55.299+0000] {dag.py:3239} INFO - Sync 1 DAGs
[2025-12-16T18:34:55.329+0000] {logging_mixin.py:190} INFO - [2025-12-16T18:34:55.329+0000] {dag.py:4180} INFO - Setting next_dagrun for tutorial to 2025-12-15 00:00:00+00:00, run_after=2025-12-16 00:00:00+00:00
[2025-12-16T18:34:55.350+0000] {processor.py:208} INFO - Processing /home/airflow/.local/lib/python3.12/site-packages/airflow/example_dags/tutorial.py took 0.098 seconds
[2025-12-16T18:35:26.612+0000] {processor.py:186} INFO - Started process (PID=3635) to work on /home/airflow/.local/lib/python3.12/site-packages/airflow/example_dags/tutorial.py
[2025-12-16T18:35:26.613+0000] {processor.py:914} INFO - Processing file /home/airflow/.local/lib/python3.12/site-packages/airflow/example_dags/tutorial.py for tasks to queue
[2025-12-16T18:35:26.615+0000] {logging_mixin.py:190} INFO - [2025-12-16T18:35:26.615+0000] {dagbag.py:588} INFO - Filling up the DagBag from /home/airflow/.local/lib/python3.12/site-packages/airflow/example_dags/tutorial.py
[2025-12-16T18:35:26.626+0000] {processor.py:925} INFO - DAG(s) 'tutorial' retrieved from /home/airflow/.local/lib/python3.12/site-packages/airflow/example_dags/tutorial.py
[2025-12-16T18:35:26.649+0000] {logging_mixin.py:190} INFO - [2025-12-16T18:35:26.649+0000] {dag.py:3239} INFO - Sync 1 DAGs
[2025-12-16T18:35:26.677+0000] {logging_mixin.py:190} INFO - [2025-12-16T18:35:26.677+0000] {dag.py:4180} INFO - Setting next_dagrun for tutorial to 2025-12-15 00:00:00+00:00, run_after=2025-12-16 00:00:00+00:00
[2025-12-16T18:35:26.701+0000] {processor.py:208} INFO - Processing /home/airflow/.local/lib/python3.12/site-packages/airflow/example_dags/tutorial.py took 0.097 seconds
[2025-12-16T18:35:57.814+0000] {processor.py:186} INFO - Started process (PID=3924) to work on /home/airflow/.local/lib/python3.12/site-packages/airflow/example_dags/tutorial.py
[2025-12-16T18:35:57.815+0000] {processor.py:914} INFO - Processing file /home/airflow/.local/lib/python3.12/site-packages/airflow/example_dags/tutorial.py for tasks to queue
[2025-12-16T18:35:57.817+0000] {logging_mixin.py:190} INFO - [2025-12-16T18:35:57.817+0000] {dagbag.py:588} INFO - Filling up the DagBag from /home/airflow/.local/lib/python3.12/site-packages/airflow/example_dags/tutorial.py
[2025-12-16T18:35:57.828+0000] {processor.py:925} INFO - DAG(s) 'tutorial' retrieved from /home/airflow/.local/lib/python3.12/site-packages/airflow/example_dags/tutorial.py
[2025-12-16T18:35:57.851+0000] {logging_mixin.py:190} INFO - [2025-12-16T18:35:57.851+0000] {dag.py:3239} INFO - Sync 1 DAGs
[2025-12-16T18:35:57.881+0000] {logging_mixin.py:190} INFO - [2025-12-16T18:35:57.881+0000] {dag.py:4180} INFO - Setting next_dagrun for tutorial to 2025-12-15 00:00:00+00:00, run_after=2025-12-16 00:00:00+00:00
[2025-12-16T18:35:57.901+0000] {processor.py:208} INFO - Processing /home/airflow/.local/lib/python3.12/site-packages/airflow/example_dags/tutorial.py took 0.096 seconds
[2025-12-16T18:36:29.034+0000] {processor.py:186} INFO - Started process (PID=4215) to work on /home/airflow/.local/lib/python3.12/site-packages/airflow/example_dags/tutorial.py
[2025-12-16T18:36:29.035+0000] {processor.py:914} INFO - Processing file /home/airflow/.local/lib/python3.12/site-packages/airflow/example_dags/tutorial.py for tasks to queue
[2025-12-16T18:36:29.038+0000] {logging_mixin.py:190} INFO - [2025-12-16T18:36:29.038+0000] {dagbag.py:588} INFO - Filling up the DagBag from /home/airflow/.local/lib/python3.12/site-packages/airflow/example_dags/tutorial.py
[2025-12-16T18:36:29.048+0000] {processor.py:925} INFO - DAG(s) 'tutorial' retrieved from /home/airflow/.local/lib/python3.12/site-packages/airflow/example_dags/tutorial.py
[2025-12-16T18:36:29.073+0000] {logging_mixin.py:190} INFO - [2025-12-16T18:36:29.073+0000] {dag.py:3239} INFO - Sync 1 DAGs
[2025-12-16T18:36:29.102+0000] {logging_mixin.py:190} INFO - [2025-12-16T18:36:29.101+0000] {dag.py:4180} INFO - Setting next_dagrun for tutorial to 2025-12-15 00:00:00+00:00, run_after=2025-12-16 00:00:00+00:00
[2025-12-16T18:36:29.122+0000] {processor.py:208} INFO - Processing /home/airflow/.local/lib/python3.12/site-packages/airflow/example_dags/tutorial.py took 0.095 seconds
[2025-12-16T18:37:00.089+0000] {processor.py:186} INFO - Started process (PID=4506) to work on /home/airflow/.local/lib/python3.12/site-packages/airflow/example_dags/tutorial.py
[2025-12-16T18:37:00.090+0000] {processor.py:914} INFO - Processing file /home/airflow/.local/lib/python3.12/site-packages/airflow/example_dags/tutorial.py for tasks to queue
[2025-12-16T18:37:00.093+0000] {logging_mixin.py:190} INFO - [2025-12-16T18:37:00.092+0000] {dagbag.py:588} INFO - Filling up the DagBag from /home/airflow/.local/lib/python3.12/site-packages/airflow/example_dags/tutorial.py
[2025-12-16T18:37:00.104+0000] {processor.py:925} INFO - DAG(s) 'tutorial' retrieved from /home/airflow/.local/lib/python3.12/site-packages/airflow/example_dags/tutorial.py
[2025-12-16T18:37:00.129+0000] {logging_mixin.py:190} INFO - [2025-12-16T18:37:00.129+0000] {dag.py:3239} INFO - Sync 1 DAGs
[2025-12-16T18:37:00.159+0000] {logging_mixin.py:190} INFO - [2025-12-16T18:37:00.158+0000] {dag.py:4180} INFO - Setting next_dagrun for tutorial to 2025-12-15 00:00:00+00:00, run_after=2025-12-16 00:00:00+00:00
[2025-12-16T18:37:00.181+0000] {processor.py:208} INFO - Processing /home/airflow/.local/lib/python3.12/site-packages/airflow/example_dags/tutorial.py took 0.100 seconds
[2025-12-16T18:37:31.257+0000] {processor.py:186} INFO - Started process (PID=4799) to work on /home/airflow/.local/lib/python3.12/site-packages/airflow/example_dags/tutorial.py
[2025-12-16T18:37:31.258+0000] {processor.py:914} INFO - Processing file /home/airflow/.local/lib/python3.12/site-packages/airflow/example_dags/tutorial.py for tasks to queue
[2025-12-16T18:37:31.261+0000] {logging_mixin.py:190} INFO - [2025-12-16T18:37:31.260+0000] {dagbag.py:588} INFO - Filling up the DagBag from /home/airflow/.local/lib/python3.12/site-packages/airflow/example_dags/tutorial.py
[2025-12-16T18:37:31.270+0000] {processor.py:925} INFO - DAG(s) 'tutorial' retrieved from /home/airflow/.local/lib/python3.12/site-packages/airflow/example_dags/tutorial.py
[2025-12-16T18:37:31.296+0000] {logging_mixin.py:190} INFO - [2025-12-16T18:37:31.296+0000] {dag.py:3239} INFO - Sync 1 DAGs
[2025-12-16T18:37:31.329+0000] {logging_mixin.py:190} INFO - [2025-12-16T18:37:31.329+0000] {dag.py:4180} INFO - Setting next_dagrun for tutorial to 2025-12-15 00:00:00+00:00, run_after=2025-12-16 00:00:00+00:00
[2025-12-16T18:37:31.350+0000] {processor.py:208} INFO - Processing /home/airflow/.local/lib/python3.12/site-packages/airflow/example_dags/tutorial.py took 0.101 seconds
[2025-12-16T18:38:02.089+0000] {processor.py:186} INFO - Started process (PID=5088) to work on /home/airflow/.local/lib/python3.12/site-packages/airflow/example_dags/tutorial.py
[2025-12-16T18:38:02.090+0000] {processor.py:914} INFO - Processing file /home/airflow/.local/lib/python3.12/site-packages/airflow/example_dags/tutorial.py for tasks to queue
[2025-12-16T18:38:02.094+0000] {logging_mixin.py:190} INFO - [2025-12-16T18:38:02.093+0000] {dagbag.py:588} INFO - Filling up the DagBag from /home/airflow/.local/lib/python3.12/site-packages/airflow/example_dags/tutorial.py
[2025-12-16T18:38:02.104+0000] {processor.py:925} INFO - DAG(s) 'tutorial' retrieved from /home/airflow/.local/lib/python3.12/site-packages/airflow/example_dags/tutorial.py
[2025-12-16T18:38:02.130+0000] {logging_mixin.py:190} INFO - [2025-12-16T18:38:02.129+0000] {dag.py:3239} INFO - Sync 1 DAGs
[2025-12-16T18:38:02.157+0000] {logging_mixin.py:190} INFO - [2025-12-16T18:38:02.157+0000] {dag.py:4180} INFO - Setting next_dagrun for tutorial to 2025-12-15 00:00:00+00:00, run_after=2025-12-16 00:00:00+00:00
[2025-12-16T18:38:02.179+0000] {processor.py:208} INFO - Processing /home/airflow/.local/lib/python3.12/site-packages/airflow/example_dags/tutorial.py took 0.099 seconds
[2025-12-16T18:38:33.699+0000] {processor.py:186} INFO - Started process (PID=5379) to work on /home/airflow/.local/lib/python3.12/site-packages/airflow/example_dags/tutorial.py
[2025-12-16T18:38:33.700+0000] {processor.py:914} INFO - Processing file /home/airflow/.local/lib/python3.12/site-packages/airflow/example_dags/tutorial.py for tasks to queue
[2025-12-16T18:38:33.703+0000] {logging_mixin.py:190} INFO - [2025-12-16T18:38:33.702+0000] {dagbag.py:588} INFO - Filling up the DagBag from /home/airflow/.local/lib/python3.12/site-packages/airflow/example_dags/tutorial.py
[2025-12-16T18:38:33.714+0000] {processor.py:925} INFO - DAG(s) 'tutorial' retrieved from /home/airflow/.local/lib/python3.12/site-packages/airflow/example_dags/tutorial.py
[2025-12-16T18:38:33.739+0000] {logging_mixin.py:190} INFO - [2025-12-16T18:38:33.738+0000] {dag.py:3239} INFO - Sync 1 DAGs
[2025-12-16T18:38:33.770+0000] {logging_mixin.py:190} INFO - [2025-12-16T18:38:33.770+0000] {dag.py:4180} INFO - Setting next_dagrun for tutorial to 2025-12-15 00:00:00+00:00, run_after=2025-12-16 00:00:00+00:00
[2025-12-16T18:38:33.794+0000] {processor.py:208} INFO - Processing /home/airflow/.local/lib/python3.12/site-packages/airflow/example_dags/tutorial.py took 0.104 seconds
[2025-12-16T18:39:04.608+0000] {processor.py:186} INFO - Started process (PID=5670) to work on /home/airflow/.local/lib/python3.12/site-packages/airflow/example_dags/tutorial.py
[2025-12-16T18:39:04.610+0000] {processor.py:914} INFO - Processing file /home/airflow/.local/lib/python3.12/site-packages/airflow/example_dags/tutorial.py for tasks to queue
[2025-12-16T18:39:04.613+0000] {logging_mixin.py:190} INFO - [2025-12-16T18:39:04.612+0000] {dagbag.py:588} INFO - Filling up the DagBag from /home/airflow/.local/lib/python3.12/site-packages/airflow/example_dags/tutorial.py
[2025-12-16T18:39:04.623+0000] {processor.py:925} INFO - DAG(s) 'tutorial' retrieved from /home/airflow/.local/lib/python3.12/site-packages/airflow/example_dags/tutorial.py
[2025-12-16T18:39:04.646+0000] {logging_mixin.py:190} INFO - [2025-12-16T18:39:04.646+0000] {dag.py:3239} INFO - Sync 1 DAGs
[2025-12-16T18:39:04.675+0000] {logging_mixin.py:190} INFO - [2025-12-16T18:39:04.675+0000] {dag.py:4180} INFO - Setting next_dagrun for tutorial to 2025-12-15 00:00:00+00:00, run_after=2025-12-16 00:00:00+00:00
[2025-12-16T18:39:04.695+0000] {processor.py:208} INFO - Processing /home/airflow/.local/lib/python3.12/site-packages/airflow/example_dags/tutorial.py took 0.095 seconds
[2025-12-16T18:39:35.945+0000] {processor.py:186} INFO - Started process (PID=5961) to work on /home/airflow/.local/lib/python3.12/site-packages/airflow/example_dags/tutorial.py
[2025-12-16T18:39:35.946+0000] {processor.py:914} INFO - Processing file /home/airflow/.local/lib/python3.12/site-packages/airflow/example_dags/tutorial.py for tasks to queue
[2025-12-16T18:39:35.948+0000] {logging_mixin.py:190} INFO - [2025-12-16T18:39:35.948+0000] {dagbag.py:588} INFO - Filling up the DagBag from /home/airflow/.local/lib/python3.12/site-packages/airflow/example_dags/tutorial.py
[2025-12-16T18:39:35.957+0000] {processor.py:925} INFO - DAG(s) 'tutorial' retrieved from /home/airflow/.local/lib/python3.12/site-packages/airflow/example_dags/tutorial.py
[2025-12-16T18:39:35.981+0000] {logging_mixin.py:190} INFO - [2025-12-16T18:39:35.981+0000] {dag.py:3239} INFO - Sync 1 DAGs
[2025-12-16T18:39:36.010+0000] {logging_mixin.py:190} INFO - [2025-12-16T18:39:36.010+0000] {dag.py:4180} INFO - Setting next_dagrun for tutorial to 2025-12-15 00:00:00+00:00, run_after=2025-12-16 00:00:00+00:00
[2025-12-16T18:39:36.028+0000] {processor.py:208} INFO - Processing /home/airflow/.local/lib/python3.12/site-packages/airflow/example_dags/tutorial.py took 0.091 seconds
[2025-12-16T18:40:07.256+0000] {processor.py:186} INFO - Started process (PID=6254) to work on /home/airflow/.local/lib/python3.12/site-packages/airflow/example_dags/tutorial.py
[2025-12-16T18:40:07.258+0000] {processor.py:914} INFO - Processing file /home/airflow/.local/lib/python3.12/site-packages/airflow/example_dags/tutorial.py for tasks to queue
[2025-12-16T18:40:07.261+0000] {logging_mixin.py:190} INFO - [2025-12-16T18:40:07.261+0000] {dagbag.py:588} INFO - Filling up the DagBag from /home/airflow/.local/lib/python3.12/site-packages/airflow/example_dags/tutorial.py
[2025-12-16T18:40:07.272+0000] {processor.py:925} INFO - DAG(s) 'tutorial' retrieved from /home/airflow/.local/lib/python3.12/site-packages/airflow/example_dags/tutorial.py
[2025-12-16T18:40:07.304+0000] {logging_mixin.py:190} INFO - [2025-12-16T18:40:07.303+0000] {dag.py:3239} INFO - Sync 1 DAGs
[2025-12-16T18:40:07.335+0000] {logging_mixin.py:190} INFO - [2025-12-16T18:40:07.335+0000] {dag.py:4180} INFO - Setting next_dagrun for tutorial to 2025-12-15 00:00:00+00:00, run_after=2025-12-16 00:00:00+00:00
[2025-12-16T18:40:07.356+0000] {processor.py:208} INFO - Processing /home/airflow/.local/lib/python3.12/site-packages/airflow/example_dags/tutorial.py took 0.108 seconds
[2025-12-16T18:40:39.415+0000] {processor.py:186} INFO - Started process (PID=6607) to work on /home/airflow/.local/lib/python3.12/site-packages/airflow/example_dags/tutorial.py
[2025-12-16T18:40:39.417+0000] {processor.py:914} INFO - Processing file /home/airflow/.local/lib/python3.12/site-packages/airflow/example_dags/tutorial.py for tasks to queue
[2025-12-16T18:40:39.419+0000] {logging_mixin.py:190} INFO - [2025-12-16T18:40:39.419+0000] {dagbag.py:588} INFO - Filling up the DagBag from /home/airflow/.local/lib/python3.12/site-packages/airflow/example_dags/tutorial.py
[2025-12-16T18:40:39.430+0000] {processor.py:925} INFO - DAG(s) 'tutorial' retrieved from /home/airflow/.local/lib/python3.12/site-packages/airflow/example_dags/tutorial.py
[2025-12-16T18:40:39.455+0000] {logging_mixin.py:190} INFO - [2025-12-16T18:40:39.455+0000] {dag.py:3239} INFO - Sync 1 DAGs
[2025-12-16T18:40:39.485+0000] {logging_mixin.py:190} INFO - [2025-12-16T18:40:39.485+0000] {dag.py:4180} INFO - Setting next_dagrun for tutorial to 2025-12-15 00:00:00+00:00, run_after=2025-12-16 00:00:00+00:00
[2025-12-16T18:40:39.508+0000] {processor.py:208} INFO - Processing /home/airflow/.local/lib/python3.12/site-packages/airflow/example_dags/tutorial.py took 0.102 seconds
