[2025-12-16T18:26:50.389+0000] {processor.py:186} INFO - Started process (PID=447) to work on /home/airflow/.local/lib/python3.12/site-packages/airflow/example_dags/tutorial_objectstorage.py
[2025-12-16T18:26:50.390+0000] {processor.py:914} INFO - Processing file /home/airflow/.local/lib/python3.12/site-packages/airflow/example_dags/tutorial_objectstorage.py for tasks to queue
[2025-12-16T18:26:50.392+0000] {logging_mixin.py:190} INFO - [2025-12-16T18:26:50.392+0000] {dagbag.py:588} INFO - Filling up the DagBag from /home/airflow/.local/lib/python3.12/site-packages/airflow/example_dags/tutorial_objectstorage.py
[2025-12-16T18:26:50.405+0000] {processor.py:925} INFO - DAG(s) 'tutorial_objectstorage' retrieved from /home/airflow/.local/lib/python3.12/site-packages/airflow/example_dags/tutorial_objectstorage.py
[2025-12-16T18:26:50.528+0000] {logging_mixin.py:190} INFO - [2025-12-16T18:26:50.527+0000] {override.py:1911} INFO - Created Permission View: can read on DAG:tutorial_objectstorage
[2025-12-16T18:26:50.537+0000] {logging_mixin.py:190} INFO - [2025-12-16T18:26:50.537+0000] {override.py:1911} INFO - Created Permission View: can delete on DAG:tutorial_objectstorage
[2025-12-16T18:26:50.543+0000] {logging_mixin.py:190} INFO - [2025-12-16T18:26:50.543+0000] {override.py:1911} INFO - Created Permission View: can edit on DAG:tutorial_objectstorage
[2025-12-16T18:26:50.550+0000] {logging_mixin.py:190} INFO - [2025-12-16T18:26:50.550+0000] {override.py:1911} INFO - Created Permission View: can read on DAG Run:tutorial_objectstorage
[2025-12-16T18:26:50.556+0000] {logging_mixin.py:190} INFO - [2025-12-16T18:26:50.556+0000] {override.py:1911} INFO - Created Permission View: can create on DAG Run:tutorial_objectstorage
[2025-12-16T18:26:50.562+0000] {logging_mixin.py:190} INFO - [2025-12-16T18:26:50.562+0000] {override.py:1911} INFO - Created Permission View: menu access on DAG Run:tutorial_objectstorage
[2025-12-16T18:26:50.569+0000] {logging_mixin.py:190} INFO - [2025-12-16T18:26:50.569+0000] {override.py:1911} INFO - Created Permission View: can delete on DAG Run:tutorial_objectstorage
[2025-12-16T18:26:50.569+0000] {logging_mixin.py:190} INFO - [2025-12-16T18:26:50.569+0000] {dag.py:3239} INFO - Sync 1 DAGs
[2025-12-16T18:26:50.589+0000] {logging_mixin.py:190} INFO - [2025-12-16T18:26:50.588+0000] {dag.py:3262} INFO - Creating ORM DAG for tutorial_objectstorage
[2025-12-16T18:26:50.590+0000] {logging_mixin.py:190} INFO - [2025-12-16T18:26:50.589+0000] {dag.py:4180} INFO - Setting next_dagrun for tutorial_objectstorage to None, run_after=None
[2025-12-16T18:26:50.606+0000] {processor.py:208} INFO - Processing /home/airflow/.local/lib/python3.12/site-packages/airflow/example_dags/tutorial_objectstorage.py took 0.225 seconds
[2025-12-16T18:27:21.559+0000] {processor.py:186} INFO - Started process (PID=740) to work on /home/airflow/.local/lib/python3.12/site-packages/airflow/example_dags/tutorial_objectstorage.py
[2025-12-16T18:27:21.560+0000] {processor.py:914} INFO - Processing file /home/airflow/.local/lib/python3.12/site-packages/airflow/example_dags/tutorial_objectstorage.py for tasks to queue
[2025-12-16T18:27:21.563+0000] {logging_mixin.py:190} INFO - [2025-12-16T18:27:21.563+0000] {dagbag.py:588} INFO - Filling up the DagBag from /home/airflow/.local/lib/python3.12/site-packages/airflow/example_dags/tutorial_objectstorage.py
[2025-12-16T18:27:21.575+0000] {processor.py:925} INFO - DAG(s) 'tutorial_objectstorage' retrieved from /home/airflow/.local/lib/python3.12/site-packages/airflow/example_dags/tutorial_objectstorage.py
[2025-12-16T18:27:21.602+0000] {logging_mixin.py:190} INFO - [2025-12-16T18:27:21.602+0000] {dag.py:3239} INFO - Sync 1 DAGs
[2025-12-16T18:27:21.622+0000] {logging_mixin.py:190} INFO - [2025-12-16T18:27:21.621+0000] {dag.py:4180} INFO - Setting next_dagrun for tutorial_objectstorage to None, run_after=None
[2025-12-16T18:27:21.643+0000] {processor.py:208} INFO - Processing /home/airflow/.local/lib/python3.12/site-packages/airflow/example_dags/tutorial_objectstorage.py took 0.092 seconds
[2025-12-16T18:27:52.269+0000] {processor.py:186} INFO - Started process (PID=1031) to work on /home/airflow/.local/lib/python3.12/site-packages/airflow/example_dags/tutorial_objectstorage.py
[2025-12-16T18:27:52.270+0000] {processor.py:914} INFO - Processing file /home/airflow/.local/lib/python3.12/site-packages/airflow/example_dags/tutorial_objectstorage.py for tasks to queue
[2025-12-16T18:27:52.272+0000] {logging_mixin.py:190} INFO - [2025-12-16T18:27:52.272+0000] {dagbag.py:588} INFO - Filling up the DagBag from /home/airflow/.local/lib/python3.12/site-packages/airflow/example_dags/tutorial_objectstorage.py
[2025-12-16T18:27:52.285+0000] {processor.py:925} INFO - DAG(s) 'tutorial_objectstorage' retrieved from /home/airflow/.local/lib/python3.12/site-packages/airflow/example_dags/tutorial_objectstorage.py
[2025-12-16T18:27:52.308+0000] {logging_mixin.py:190} INFO - [2025-12-16T18:27:52.308+0000] {dag.py:3239} INFO - Sync 1 DAGs
[2025-12-16T18:27:52.325+0000] {logging_mixin.py:190} INFO - [2025-12-16T18:27:52.325+0000] {dag.py:4180} INFO - Setting next_dagrun for tutorial_objectstorage to None, run_after=None
[2025-12-16T18:27:52.345+0000] {processor.py:208} INFO - Processing /home/airflow/.local/lib/python3.12/site-packages/airflow/example_dags/tutorial_objectstorage.py took 0.083 seconds
[2025-12-16T18:29:44.426+0000] {processor.py:186} INFO - Started process (PID=447) to work on /home/airflow/.local/lib/python3.12/site-packages/airflow/example_dags/tutorial_objectstorage.py
[2025-12-16T18:29:44.427+0000] {processor.py:914} INFO - Processing file /home/airflow/.local/lib/python3.12/site-packages/airflow/example_dags/tutorial_objectstorage.py for tasks to queue
[2025-12-16T18:29:44.430+0000] {logging_mixin.py:190} INFO - [2025-12-16T18:29:44.429+0000] {dagbag.py:588} INFO - Filling up the DagBag from /home/airflow/.local/lib/python3.12/site-packages/airflow/example_dags/tutorial_objectstorage.py
[2025-12-16T18:29:44.443+0000] {processor.py:925} INFO - DAG(s) 'tutorial_objectstorage' retrieved from /home/airflow/.local/lib/python3.12/site-packages/airflow/example_dags/tutorial_objectstorage.py
[2025-12-16T18:29:44.466+0000] {logging_mixin.py:190} INFO - [2025-12-16T18:29:44.466+0000] {dag.py:3239} INFO - Sync 1 DAGs
[2025-12-16T18:29:44.490+0000] {logging_mixin.py:190} INFO - [2025-12-16T18:29:44.490+0000] {dag.py:4180} INFO - Setting next_dagrun for tutorial_objectstorage to None, run_after=None
[2025-12-16T18:29:44.514+0000] {processor.py:208} INFO - Processing /home/airflow/.local/lib/python3.12/site-packages/airflow/example_dags/tutorial_objectstorage.py took 0.095 seconds
[2025-12-16T18:30:16.520+0000] {processor.py:186} INFO - Started process (PID=738) to work on /home/airflow/.local/lib/python3.12/site-packages/airflow/example_dags/tutorial_objectstorage.py
[2025-12-16T18:30:16.520+0000] {processor.py:914} INFO - Processing file /home/airflow/.local/lib/python3.12/site-packages/airflow/example_dags/tutorial_objectstorage.py for tasks to queue
[2025-12-16T18:30:16.523+0000] {logging_mixin.py:190} INFO - [2025-12-16T18:30:16.523+0000] {dagbag.py:588} INFO - Filling up the DagBag from /home/airflow/.local/lib/python3.12/site-packages/airflow/example_dags/tutorial_objectstorage.py
[2025-12-16T18:30:16.535+0000] {processor.py:925} INFO - DAG(s) 'tutorial_objectstorage' retrieved from /home/airflow/.local/lib/python3.12/site-packages/airflow/example_dags/tutorial_objectstorage.py
[2025-12-16T18:30:16.558+0000] {logging_mixin.py:190} INFO - [2025-12-16T18:30:16.558+0000] {dag.py:3239} INFO - Sync 1 DAGs
[2025-12-16T18:30:16.576+0000] {logging_mixin.py:190} INFO - [2025-12-16T18:30:16.576+0000] {dag.py:4180} INFO - Setting next_dagrun for tutorial_objectstorage to None, run_after=None
[2025-12-16T18:30:16.597+0000] {processor.py:208} INFO - Processing /home/airflow/.local/lib/python3.12/site-packages/airflow/example_dags/tutorial_objectstorage.py took 0.085 seconds
[2025-12-16T18:30:46.938+0000] {processor.py:186} INFO - Started process (PID=1029) to work on /home/airflow/.local/lib/python3.12/site-packages/airflow/example_dags/tutorial_objectstorage.py
[2025-12-16T18:30:46.939+0000] {processor.py:914} INFO - Processing file /home/airflow/.local/lib/python3.12/site-packages/airflow/example_dags/tutorial_objectstorage.py for tasks to queue
[2025-12-16T18:30:46.942+0000] {logging_mixin.py:190} INFO - [2025-12-16T18:30:46.941+0000] {dagbag.py:588} INFO - Filling up the DagBag from /home/airflow/.local/lib/python3.12/site-packages/airflow/example_dags/tutorial_objectstorage.py
[2025-12-16T18:30:46.953+0000] {processor.py:925} INFO - DAG(s) 'tutorial_objectstorage' retrieved from /home/airflow/.local/lib/python3.12/site-packages/airflow/example_dags/tutorial_objectstorage.py
[2025-12-16T18:30:46.976+0000] {logging_mixin.py:190} INFO - [2025-12-16T18:30:46.976+0000] {dag.py:3239} INFO - Sync 1 DAGs
[2025-12-16T18:30:46.993+0000] {logging_mixin.py:190} INFO - [2025-12-16T18:30:46.993+0000] {dag.py:4180} INFO - Setting next_dagrun for tutorial_objectstorage to None, run_after=None
[2025-12-16T18:30:47.013+0000] {processor.py:208} INFO - Processing /home/airflow/.local/lib/python3.12/site-packages/airflow/example_dags/tutorial_objectstorage.py took 0.083 seconds
[2025-12-16T18:31:19.006+0000] {processor.py:186} INFO - Started process (PID=1320) to work on /home/airflow/.local/lib/python3.12/site-packages/airflow/example_dags/tutorial_objectstorage.py
[2025-12-16T18:31:19.007+0000] {processor.py:914} INFO - Processing file /home/airflow/.local/lib/python3.12/site-packages/airflow/example_dags/tutorial_objectstorage.py for tasks to queue
[2025-12-16T18:31:19.009+0000] {logging_mixin.py:190} INFO - [2025-12-16T18:31:19.009+0000] {dagbag.py:588} INFO - Filling up the DagBag from /home/airflow/.local/lib/python3.12/site-packages/airflow/example_dags/tutorial_objectstorage.py
[2025-12-16T18:31:19.022+0000] {processor.py:925} INFO - DAG(s) 'tutorial_objectstorage' retrieved from /home/airflow/.local/lib/python3.12/site-packages/airflow/example_dags/tutorial_objectstorage.py
[2025-12-16T18:31:19.046+0000] {logging_mixin.py:190} INFO - [2025-12-16T18:31:19.046+0000] {dag.py:3239} INFO - Sync 1 DAGs
[2025-12-16T18:31:19.065+0000] {logging_mixin.py:190} INFO - [2025-12-16T18:31:19.065+0000] {dag.py:4180} INFO - Setting next_dagrun for tutorial_objectstorage to None, run_after=None
[2025-12-16T18:31:19.085+0000] {processor.py:208} INFO - Processing /home/airflow/.local/lib/python3.12/site-packages/airflow/example_dags/tutorial_objectstorage.py took 0.088 seconds
[2025-12-16T18:31:49.878+0000] {processor.py:186} INFO - Started process (PID=1613) to work on /home/airflow/.local/lib/python3.12/site-packages/airflow/example_dags/tutorial_objectstorage.py
[2025-12-16T18:31:49.879+0000] {processor.py:914} INFO - Processing file /home/airflow/.local/lib/python3.12/site-packages/airflow/example_dags/tutorial_objectstorage.py for tasks to queue
[2025-12-16T18:31:49.882+0000] {logging_mixin.py:190} INFO - [2025-12-16T18:31:49.881+0000] {dagbag.py:588} INFO - Filling up the DagBag from /home/airflow/.local/lib/python3.12/site-packages/airflow/example_dags/tutorial_objectstorage.py
[2025-12-16T18:31:49.896+0000] {processor.py:925} INFO - DAG(s) 'tutorial_objectstorage' retrieved from /home/airflow/.local/lib/python3.12/site-packages/airflow/example_dags/tutorial_objectstorage.py
[2025-12-16T18:31:49.924+0000] {logging_mixin.py:190} INFO - [2025-12-16T18:31:49.924+0000] {dag.py:3239} INFO - Sync 1 DAGs
[2025-12-16T18:31:49.944+0000] {logging_mixin.py:190} INFO - [2025-12-16T18:31:49.944+0000] {dag.py:4180} INFO - Setting next_dagrun for tutorial_objectstorage to None, run_after=None
[2025-12-16T18:31:49.968+0000] {processor.py:208} INFO - Processing /home/airflow/.local/lib/python3.12/site-packages/airflow/example_dags/tutorial_objectstorage.py took 0.099 seconds
[2025-12-16T18:32:20.167+0000] {processor.py:186} INFO - Started process (PID=1902) to work on /home/airflow/.local/lib/python3.12/site-packages/airflow/example_dags/tutorial_objectstorage.py
[2025-12-16T18:32:20.168+0000] {processor.py:914} INFO - Processing file /home/airflow/.local/lib/python3.12/site-packages/airflow/example_dags/tutorial_objectstorage.py for tasks to queue
[2025-12-16T18:32:20.171+0000] {logging_mixin.py:190} INFO - [2025-12-16T18:32:20.170+0000] {dagbag.py:588} INFO - Filling up the DagBag from /home/airflow/.local/lib/python3.12/site-packages/airflow/example_dags/tutorial_objectstorage.py
[2025-12-16T18:32:20.184+0000] {processor.py:925} INFO - DAG(s) 'tutorial_objectstorage' retrieved from /home/airflow/.local/lib/python3.12/site-packages/airflow/example_dags/tutorial_objectstorage.py
[2025-12-16T18:32:20.212+0000] {logging_mixin.py:190} INFO - [2025-12-16T18:32:20.211+0000] {dag.py:3239} INFO - Sync 1 DAGs
[2025-12-16T18:32:20.232+0000] {logging_mixin.py:190} INFO - [2025-12-16T18:32:20.232+0000] {dag.py:4180} INFO - Setting next_dagrun for tutorial_objectstorage to None, run_after=None
[2025-12-16T18:32:20.256+0000] {processor.py:208} INFO - Processing /home/airflow/.local/lib/python3.12/site-packages/airflow/example_dags/tutorial_objectstorage.py took 0.098 seconds
[2025-12-16T18:32:51.479+0000] {processor.py:186} INFO - Started process (PID=2195) to work on /home/airflow/.local/lib/python3.12/site-packages/airflow/example_dags/tutorial_objectstorage.py
[2025-12-16T18:32:51.480+0000] {processor.py:914} INFO - Processing file /home/airflow/.local/lib/python3.12/site-packages/airflow/example_dags/tutorial_objectstorage.py for tasks to queue
[2025-12-16T18:32:51.483+0000] {logging_mixin.py:190} INFO - [2025-12-16T18:32:51.483+0000] {dagbag.py:588} INFO - Filling up the DagBag from /home/airflow/.local/lib/python3.12/site-packages/airflow/example_dags/tutorial_objectstorage.py
[2025-12-16T18:32:51.497+0000] {processor.py:925} INFO - DAG(s) 'tutorial_objectstorage' retrieved from /home/airflow/.local/lib/python3.12/site-packages/airflow/example_dags/tutorial_objectstorage.py
[2025-12-16T18:32:51.528+0000] {logging_mixin.py:190} INFO - [2025-12-16T18:32:51.528+0000] {dag.py:3239} INFO - Sync 1 DAGs
[2025-12-16T18:32:51.549+0000] {logging_mixin.py:190} INFO - [2025-12-16T18:32:51.549+0000] {dag.py:4180} INFO - Setting next_dagrun for tutorial_objectstorage to None, run_after=None
[2025-12-16T18:32:51.579+0000] {processor.py:208} INFO - Processing /home/airflow/.local/lib/python3.12/site-packages/airflow/example_dags/tutorial_objectstorage.py took 0.110 seconds
[2025-12-16T18:33:22.588+0000] {processor.py:186} INFO - Started process (PID=2484) to work on /home/airflow/.local/lib/python3.12/site-packages/airflow/example_dags/tutorial_objectstorage.py
[2025-12-16T18:33:22.589+0000] {processor.py:914} INFO - Processing file /home/airflow/.local/lib/python3.12/site-packages/airflow/example_dags/tutorial_objectstorage.py for tasks to queue
[2025-12-16T18:33:22.592+0000] {logging_mixin.py:190} INFO - [2025-12-16T18:33:22.591+0000] {dagbag.py:588} INFO - Filling up the DagBag from /home/airflow/.local/lib/python3.12/site-packages/airflow/example_dags/tutorial_objectstorage.py
[2025-12-16T18:33:22.603+0000] {processor.py:925} INFO - DAG(s) 'tutorial_objectstorage' retrieved from /home/airflow/.local/lib/python3.12/site-packages/airflow/example_dags/tutorial_objectstorage.py
[2025-12-16T18:33:22.627+0000] {logging_mixin.py:190} INFO - [2025-12-16T18:33:22.626+0000] {dag.py:3239} INFO - Sync 1 DAGs
[2025-12-16T18:33:22.644+0000] {logging_mixin.py:190} INFO - [2025-12-16T18:33:22.644+0000] {dag.py:4180} INFO - Setting next_dagrun for tutorial_objectstorage to None, run_after=None
[2025-12-16T18:33:22.664+0000] {processor.py:208} INFO - Processing /home/airflow/.local/lib/python3.12/site-packages/airflow/example_dags/tutorial_objectstorage.py took 0.084 seconds
[2025-12-16T18:33:53.626+0000] {processor.py:186} INFO - Started process (PID=2775) to work on /home/airflow/.local/lib/python3.12/site-packages/airflow/example_dags/tutorial_objectstorage.py
[2025-12-16T18:33:53.627+0000] {processor.py:914} INFO - Processing file /home/airflow/.local/lib/python3.12/site-packages/airflow/example_dags/tutorial_objectstorage.py for tasks to queue
[2025-12-16T18:33:53.630+0000] {logging_mixin.py:190} INFO - [2025-12-16T18:33:53.630+0000] {dagbag.py:588} INFO - Filling up the DagBag from /home/airflow/.local/lib/python3.12/site-packages/airflow/example_dags/tutorial_objectstorage.py
[2025-12-16T18:33:53.641+0000] {processor.py:925} INFO - DAG(s) 'tutorial_objectstorage' retrieved from /home/airflow/.local/lib/python3.12/site-packages/airflow/example_dags/tutorial_objectstorage.py
[2025-12-16T18:33:53.664+0000] {logging_mixin.py:190} INFO - [2025-12-16T18:33:53.664+0000] {dag.py:3239} INFO - Sync 1 DAGs
[2025-12-16T18:33:53.682+0000] {logging_mixin.py:190} INFO - [2025-12-16T18:33:53.682+0000] {dag.py:4180} INFO - Setting next_dagrun for tutorial_objectstorage to None, run_after=None
[2025-12-16T18:33:53.704+0000] {processor.py:208} INFO - Processing /home/airflow/.local/lib/python3.12/site-packages/airflow/example_dags/tutorial_objectstorage.py took 0.085 seconds
[2025-12-16T18:34:24.188+0000] {processor.py:186} INFO - Started process (PID=3063) to work on /home/airflow/.local/lib/python3.12/site-packages/airflow/example_dags/tutorial_objectstorage.py
[2025-12-16T18:34:24.189+0000] {processor.py:914} INFO - Processing file /home/airflow/.local/lib/python3.12/site-packages/airflow/example_dags/tutorial_objectstorage.py for tasks to queue
[2025-12-16T18:34:24.192+0000] {logging_mixin.py:190} INFO - [2025-12-16T18:34:24.191+0000] {dagbag.py:588} INFO - Filling up the DagBag from /home/airflow/.local/lib/python3.12/site-packages/airflow/example_dags/tutorial_objectstorage.py
[2025-12-16T18:34:24.203+0000] {processor.py:925} INFO - DAG(s) 'tutorial_objectstorage' retrieved from /home/airflow/.local/lib/python3.12/site-packages/airflow/example_dags/tutorial_objectstorage.py
[2025-12-16T18:34:24.226+0000] {logging_mixin.py:190} INFO - [2025-12-16T18:34:24.225+0000] {dag.py:3239} INFO - Sync 1 DAGs
[2025-12-16T18:34:24.243+0000] {logging_mixin.py:190} INFO - [2025-12-16T18:34:24.243+0000] {dag.py:4180} INFO - Setting next_dagrun for tutorial_objectstorage to None, run_after=None
[2025-12-16T18:34:24.262+0000] {processor.py:208} INFO - Processing /home/airflow/.local/lib/python3.12/site-packages/airflow/example_dags/tutorial_objectstorage.py took 0.082 seconds
[2025-12-16T18:34:55.396+0000] {processor.py:186} INFO - Started process (PID=3352) to work on /home/airflow/.local/lib/python3.12/site-packages/airflow/example_dags/tutorial_objectstorage.py
[2025-12-16T18:34:55.397+0000] {processor.py:914} INFO - Processing file /home/airflow/.local/lib/python3.12/site-packages/airflow/example_dags/tutorial_objectstorage.py for tasks to queue
[2025-12-16T18:34:55.400+0000] {logging_mixin.py:190} INFO - [2025-12-16T18:34:55.399+0000] {dagbag.py:588} INFO - Filling up the DagBag from /home/airflow/.local/lib/python3.12/site-packages/airflow/example_dags/tutorial_objectstorage.py
[2025-12-16T18:34:55.411+0000] {processor.py:925} INFO - DAG(s) 'tutorial_objectstorage' retrieved from /home/airflow/.local/lib/python3.12/site-packages/airflow/example_dags/tutorial_objectstorage.py
[2025-12-16T18:34:55.433+0000] {logging_mixin.py:190} INFO - [2025-12-16T18:34:55.433+0000] {dag.py:3239} INFO - Sync 1 DAGs
[2025-12-16T18:34:55.452+0000] {logging_mixin.py:190} INFO - [2025-12-16T18:34:55.452+0000] {dag.py:4180} INFO - Setting next_dagrun for tutorial_objectstorage to None, run_after=None
[2025-12-16T18:34:55.474+0000] {processor.py:208} INFO - Processing /home/airflow/.local/lib/python3.12/site-packages/airflow/example_dags/tutorial_objectstorage.py took 0.085 seconds
[2025-12-16T18:35:26.745+0000] {processor.py:186} INFO - Started process (PID=3645) to work on /home/airflow/.local/lib/python3.12/site-packages/airflow/example_dags/tutorial_objectstorage.py
[2025-12-16T18:35:26.746+0000] {processor.py:914} INFO - Processing file /home/airflow/.local/lib/python3.12/site-packages/airflow/example_dags/tutorial_objectstorage.py for tasks to queue
[2025-12-16T18:35:26.748+0000] {logging_mixin.py:190} INFO - [2025-12-16T18:35:26.748+0000] {dagbag.py:588} INFO - Filling up the DagBag from /home/airflow/.local/lib/python3.12/site-packages/airflow/example_dags/tutorial_objectstorage.py
[2025-12-16T18:35:26.760+0000] {processor.py:925} INFO - DAG(s) 'tutorial_objectstorage' retrieved from /home/airflow/.local/lib/python3.12/site-packages/airflow/example_dags/tutorial_objectstorage.py
[2025-12-16T18:35:26.783+0000] {logging_mixin.py:190} INFO - [2025-12-16T18:35:26.783+0000] {dag.py:3239} INFO - Sync 1 DAGs
[2025-12-16T18:35:26.801+0000] {logging_mixin.py:190} INFO - [2025-12-16T18:35:26.801+0000] {dag.py:4180} INFO - Setting next_dagrun for tutorial_objectstorage to None, run_after=None
[2025-12-16T18:35:26.822+0000] {processor.py:208} INFO - Processing /home/airflow/.local/lib/python3.12/site-packages/airflow/example_dags/tutorial_objectstorage.py took 0.085 seconds
[2025-12-16T18:35:57.949+0000] {processor.py:186} INFO - Started process (PID=3934) to work on /home/airflow/.local/lib/python3.12/site-packages/airflow/example_dags/tutorial_objectstorage.py
[2025-12-16T18:35:57.950+0000] {processor.py:914} INFO - Processing file /home/airflow/.local/lib/python3.12/site-packages/airflow/example_dags/tutorial_objectstorage.py for tasks to queue
[2025-12-16T18:35:57.953+0000] {logging_mixin.py:190} INFO - [2025-12-16T18:35:57.953+0000] {dagbag.py:588} INFO - Filling up the DagBag from /home/airflow/.local/lib/python3.12/site-packages/airflow/example_dags/tutorial_objectstorage.py
[2025-12-16T18:35:57.966+0000] {processor.py:925} INFO - DAG(s) 'tutorial_objectstorage' retrieved from /home/airflow/.local/lib/python3.12/site-packages/airflow/example_dags/tutorial_objectstorage.py
[2025-12-16T18:35:57.989+0000] {logging_mixin.py:190} INFO - [2025-12-16T18:35:57.989+0000] {dag.py:3239} INFO - Sync 1 DAGs
[2025-12-16T18:35:58.007+0000] {logging_mixin.py:190} INFO - [2025-12-16T18:35:58.006+0000] {dag.py:4180} INFO - Setting next_dagrun for tutorial_objectstorage to None, run_after=None
[2025-12-16T18:35:58.029+0000] {processor.py:208} INFO - Processing /home/airflow/.local/lib/python3.12/site-packages/airflow/example_dags/tutorial_objectstorage.py took 0.089 seconds
[2025-12-16T18:36:29.168+0000] {processor.py:186} INFO - Started process (PID=4225) to work on /home/airflow/.local/lib/python3.12/site-packages/airflow/example_dags/tutorial_objectstorage.py
[2025-12-16T18:36:29.169+0000] {processor.py:914} INFO - Processing file /home/airflow/.local/lib/python3.12/site-packages/airflow/example_dags/tutorial_objectstorage.py for tasks to queue
[2025-12-16T18:36:29.172+0000] {logging_mixin.py:190} INFO - [2025-12-16T18:36:29.172+0000] {dagbag.py:588} INFO - Filling up the DagBag from /home/airflow/.local/lib/python3.12/site-packages/airflow/example_dags/tutorial_objectstorage.py
[2025-12-16T18:36:29.184+0000] {processor.py:925} INFO - DAG(s) 'tutorial_objectstorage' retrieved from /home/airflow/.local/lib/python3.12/site-packages/airflow/example_dags/tutorial_objectstorage.py
[2025-12-16T18:36:29.205+0000] {logging_mixin.py:190} INFO - [2025-12-16T18:36:29.205+0000] {dag.py:3239} INFO - Sync 1 DAGs
[2025-12-16T18:36:29.223+0000] {logging_mixin.py:190} INFO - [2025-12-16T18:36:29.223+0000] {dag.py:4180} INFO - Setting next_dagrun for tutorial_objectstorage to None, run_after=None
[2025-12-16T18:36:29.243+0000] {processor.py:208} INFO - Processing /home/airflow/.local/lib/python3.12/site-packages/airflow/example_dags/tutorial_objectstorage.py took 0.084 seconds
[2025-12-16T18:37:00.230+0000] {processor.py:186} INFO - Started process (PID=4516) to work on /home/airflow/.local/lib/python3.12/site-packages/airflow/example_dags/tutorial_objectstorage.py
[2025-12-16T18:37:00.231+0000] {processor.py:914} INFO - Processing file /home/airflow/.local/lib/python3.12/site-packages/airflow/example_dags/tutorial_objectstorage.py for tasks to queue
[2025-12-16T18:37:00.233+0000] {logging_mixin.py:190} INFO - [2025-12-16T18:37:00.233+0000] {dagbag.py:588} INFO - Filling up the DagBag from /home/airflow/.local/lib/python3.12/site-packages/airflow/example_dags/tutorial_objectstorage.py
[2025-12-16T18:37:00.247+0000] {processor.py:925} INFO - DAG(s) 'tutorial_objectstorage' retrieved from /home/airflow/.local/lib/python3.12/site-packages/airflow/example_dags/tutorial_objectstorage.py
[2025-12-16T18:37:00.271+0000] {logging_mixin.py:190} INFO - [2025-12-16T18:37:00.271+0000] {dag.py:3239} INFO - Sync 1 DAGs
[2025-12-16T18:37:00.293+0000] {logging_mixin.py:190} INFO - [2025-12-16T18:37:00.293+0000] {dag.py:4180} INFO - Setting next_dagrun for tutorial_objectstorage to None, run_after=None
[2025-12-16T18:37:00.318+0000] {processor.py:208} INFO - Processing /home/airflow/.local/lib/python3.12/site-packages/airflow/example_dags/tutorial_objectstorage.py took 0.098 seconds
[2025-12-16T18:37:31.407+0000] {processor.py:186} INFO - Started process (PID=4807) to work on /home/airflow/.local/lib/python3.12/site-packages/airflow/example_dags/tutorial_objectstorage.py
[2025-12-16T18:37:31.409+0000] {processor.py:914} INFO - Processing file /home/airflow/.local/lib/python3.12/site-packages/airflow/example_dags/tutorial_objectstorage.py for tasks to queue
[2025-12-16T18:37:31.411+0000] {logging_mixin.py:190} INFO - [2025-12-16T18:37:31.411+0000] {dagbag.py:588} INFO - Filling up the DagBag from /home/airflow/.local/lib/python3.12/site-packages/airflow/example_dags/tutorial_objectstorage.py
[2025-12-16T18:37:31.424+0000] {processor.py:925} INFO - DAG(s) 'tutorial_objectstorage' retrieved from /home/airflow/.local/lib/python3.12/site-packages/airflow/example_dags/tutorial_objectstorage.py
[2025-12-16T18:37:31.447+0000] {logging_mixin.py:190} INFO - [2025-12-16T18:37:31.447+0000] {dag.py:3239} INFO - Sync 1 DAGs
[2025-12-16T18:37:31.465+0000] {logging_mixin.py:190} INFO - [2025-12-16T18:37:31.465+0000] {dag.py:4180} INFO - Setting next_dagrun for tutorial_objectstorage to None, run_after=None
[2025-12-16T18:37:31.488+0000] {processor.py:208} INFO - Processing /home/airflow/.local/lib/python3.12/site-packages/airflow/example_dags/tutorial_objectstorage.py took 0.089 seconds
[2025-12-16T18:38:02.229+0000] {processor.py:186} INFO - Started process (PID=5098) to work on /home/airflow/.local/lib/python3.12/site-packages/airflow/example_dags/tutorial_objectstorage.py
[2025-12-16T18:38:02.230+0000] {processor.py:914} INFO - Processing file /home/airflow/.local/lib/python3.12/site-packages/airflow/example_dags/tutorial_objectstorage.py for tasks to queue
[2025-12-16T18:38:02.233+0000] {logging_mixin.py:190} INFO - [2025-12-16T18:38:02.232+0000] {dagbag.py:588} INFO - Filling up the DagBag from /home/airflow/.local/lib/python3.12/site-packages/airflow/example_dags/tutorial_objectstorage.py
[2025-12-16T18:38:02.245+0000] {processor.py:925} INFO - DAG(s) 'tutorial_objectstorage' retrieved from /home/airflow/.local/lib/python3.12/site-packages/airflow/example_dags/tutorial_objectstorage.py
[2025-12-16T18:38:02.270+0000] {logging_mixin.py:190} INFO - [2025-12-16T18:38:02.270+0000] {dag.py:3239} INFO - Sync 1 DAGs
[2025-12-16T18:38:02.289+0000] {logging_mixin.py:190} INFO - [2025-12-16T18:38:02.289+0000] {dag.py:4180} INFO - Setting next_dagrun for tutorial_objectstorage to None, run_after=None
[2025-12-16T18:38:02.310+0000] {processor.py:208} INFO - Processing /home/airflow/.local/lib/python3.12/site-packages/airflow/example_dags/tutorial_objectstorage.py took 0.089 seconds
[2025-12-16T18:38:33.845+0000] {processor.py:186} INFO - Started process (PID=5389) to work on /home/airflow/.local/lib/python3.12/site-packages/airflow/example_dags/tutorial_objectstorage.py
[2025-12-16T18:38:33.846+0000] {processor.py:914} INFO - Processing file /home/airflow/.local/lib/python3.12/site-packages/airflow/example_dags/tutorial_objectstorage.py for tasks to queue
[2025-12-16T18:38:33.849+0000] {logging_mixin.py:190} INFO - [2025-12-16T18:38:33.848+0000] {dagbag.py:588} INFO - Filling up the DagBag from /home/airflow/.local/lib/python3.12/site-packages/airflow/example_dags/tutorial_objectstorage.py
[2025-12-16T18:38:33.862+0000] {processor.py:925} INFO - DAG(s) 'tutorial_objectstorage' retrieved from /home/airflow/.local/lib/python3.12/site-packages/airflow/example_dags/tutorial_objectstorage.py
[2025-12-16T18:38:33.887+0000] {logging_mixin.py:190} INFO - [2025-12-16T18:38:33.886+0000] {dag.py:3239} INFO - Sync 1 DAGs
[2025-12-16T18:38:33.907+0000] {logging_mixin.py:190} INFO - [2025-12-16T18:38:33.906+0000] {dag.py:4180} INFO - Setting next_dagrun for tutorial_objectstorage to None, run_after=None
[2025-12-16T18:38:33.931+0000] {processor.py:208} INFO - Processing /home/airflow/.local/lib/python3.12/site-packages/airflow/example_dags/tutorial_objectstorage.py took 0.095 seconds
[2025-12-16T18:39:04.739+0000] {processor.py:186} INFO - Started process (PID=5680) to work on /home/airflow/.local/lib/python3.12/site-packages/airflow/example_dags/tutorial_objectstorage.py
[2025-12-16T18:39:04.740+0000] {processor.py:914} INFO - Processing file /home/airflow/.local/lib/python3.12/site-packages/airflow/example_dags/tutorial_objectstorage.py for tasks to queue
[2025-12-16T18:39:04.742+0000] {logging_mixin.py:190} INFO - [2025-12-16T18:39:04.742+0000] {dagbag.py:588} INFO - Filling up the DagBag from /home/airflow/.local/lib/python3.12/site-packages/airflow/example_dags/tutorial_objectstorage.py
[2025-12-16T18:39:04.754+0000] {processor.py:925} INFO - DAG(s) 'tutorial_objectstorage' retrieved from /home/airflow/.local/lib/python3.12/site-packages/airflow/example_dags/tutorial_objectstorage.py
[2025-12-16T18:39:04.780+0000] {logging_mixin.py:190} INFO - [2025-12-16T18:39:04.780+0000] {dag.py:3239} INFO - Sync 1 DAGs
[2025-12-16T18:39:04.799+0000] {logging_mixin.py:190} INFO - [2025-12-16T18:39:04.799+0000] {dag.py:4180} INFO - Setting next_dagrun for tutorial_objectstorage to None, run_after=None
[2025-12-16T18:39:04.823+0000] {processor.py:208} INFO - Processing /home/airflow/.local/lib/python3.12/site-packages/airflow/example_dags/tutorial_objectstorage.py took 0.091 seconds
[2025-12-16T18:39:36.077+0000] {processor.py:186} INFO - Started process (PID=5971) to work on /home/airflow/.local/lib/python3.12/site-packages/airflow/example_dags/tutorial_objectstorage.py
[2025-12-16T18:39:36.078+0000] {processor.py:914} INFO - Processing file /home/airflow/.local/lib/python3.12/site-packages/airflow/example_dags/tutorial_objectstorage.py for tasks to queue
[2025-12-16T18:39:36.081+0000] {logging_mixin.py:190} INFO - [2025-12-16T18:39:36.080+0000] {dagbag.py:588} INFO - Filling up the DagBag from /home/airflow/.local/lib/python3.12/site-packages/airflow/example_dags/tutorial_objectstorage.py
[2025-12-16T18:39:36.093+0000] {processor.py:925} INFO - DAG(s) 'tutorial_objectstorage' retrieved from /home/airflow/.local/lib/python3.12/site-packages/airflow/example_dags/tutorial_objectstorage.py
[2025-12-16T18:39:36.117+0000] {logging_mixin.py:190} INFO - [2025-12-16T18:39:36.116+0000] {dag.py:3239} INFO - Sync 1 DAGs
[2025-12-16T18:39:36.134+0000] {logging_mixin.py:190} INFO - [2025-12-16T18:39:36.133+0000] {dag.py:4180} INFO - Setting next_dagrun for tutorial_objectstorage to None, run_after=None
[2025-12-16T18:39:36.154+0000] {processor.py:208} INFO - Processing /home/airflow/.local/lib/python3.12/site-packages/airflow/example_dags/tutorial_objectstorage.py took 0.085 seconds
[2025-12-16T18:40:07.399+0000] {processor.py:186} INFO - Started process (PID=6264) to work on /home/airflow/.local/lib/python3.12/site-packages/airflow/example_dags/tutorial_objectstorage.py
[2025-12-16T18:40:07.400+0000] {processor.py:914} INFO - Processing file /home/airflow/.local/lib/python3.12/site-packages/airflow/example_dags/tutorial_objectstorage.py for tasks to queue
[2025-12-16T18:40:07.403+0000] {logging_mixin.py:190} INFO - [2025-12-16T18:40:07.403+0000] {dagbag.py:588} INFO - Filling up the DagBag from /home/airflow/.local/lib/python3.12/site-packages/airflow/example_dags/tutorial_objectstorage.py
[2025-12-16T18:40:07.416+0000] {processor.py:925} INFO - DAG(s) 'tutorial_objectstorage' retrieved from /home/airflow/.local/lib/python3.12/site-packages/airflow/example_dags/tutorial_objectstorage.py
[2025-12-16T18:40:07.439+0000] {logging_mixin.py:190} INFO - [2025-12-16T18:40:07.439+0000] {dag.py:3239} INFO - Sync 1 DAGs
[2025-12-16T18:40:07.460+0000] {logging_mixin.py:190} INFO - [2025-12-16T18:40:07.459+0000] {dag.py:4180} INFO - Setting next_dagrun for tutorial_objectstorage to None, run_after=None
[2025-12-16T18:40:07.481+0000] {processor.py:208} INFO - Processing /home/airflow/.local/lib/python3.12/site-packages/airflow/example_dags/tutorial_objectstorage.py took 0.090 seconds
[2025-12-16T18:40:39.564+0000] {processor.py:186} INFO - Started process (PID=6617) to work on /home/airflow/.local/lib/python3.12/site-packages/airflow/example_dags/tutorial_objectstorage.py
[2025-12-16T18:40:39.565+0000] {processor.py:914} INFO - Processing file /home/airflow/.local/lib/python3.12/site-packages/airflow/example_dags/tutorial_objectstorage.py for tasks to queue
[2025-12-16T18:40:39.568+0000] {logging_mixin.py:190} INFO - [2025-12-16T18:40:39.567+0000] {dagbag.py:588} INFO - Filling up the DagBag from /home/airflow/.local/lib/python3.12/site-packages/airflow/example_dags/tutorial_objectstorage.py
[2025-12-16T18:40:39.580+0000] {processor.py:925} INFO - DAG(s) 'tutorial_objectstorage' retrieved from /home/airflow/.local/lib/python3.12/site-packages/airflow/example_dags/tutorial_objectstorage.py
[2025-12-16T18:40:39.605+0000] {logging_mixin.py:190} INFO - [2025-12-16T18:40:39.605+0000] {dag.py:3239} INFO - Sync 1 DAGs
[2025-12-16T18:40:39.623+0000] {logging_mixin.py:190} INFO - [2025-12-16T18:40:39.623+0000] {dag.py:4180} INFO - Setting next_dagrun for tutorial_objectstorage to None, run_after=None
[2025-12-16T18:40:39.644+0000] {processor.py:208} INFO - Processing /home/airflow/.local/lib/python3.12/site-packages/airflow/example_dags/tutorial_objectstorage.py took 0.090 seconds
