[2025-12-16T18:26:50.630+0000] {processor.py:186} INFO - Started process (PID=454) to work on /home/airflow/.local/lib/python3.12/site-packages/airflow/example_dags/tutorial_taskflow_api.py
[2025-12-16T18:26:50.630+0000] {processor.py:914} INFO - Processing file /home/airflow/.local/lib/python3.12/site-packages/airflow/example_dags/tutorial_taskflow_api.py for tasks to queue
[2025-12-16T18:26:50.633+0000] {logging_mixin.py:190} INFO - [2025-12-16T18:26:50.633+0000] {dagbag.py:588} INFO - Filling up the DagBag from /home/airflow/.local/lib/python3.12/site-packages/airflow/example_dags/tutorial_taskflow_api.py
[2025-12-16T18:26:50.644+0000] {processor.py:925} INFO - DAG(s) 'tutorial_taskflow_api' retrieved from /home/airflow/.local/lib/python3.12/site-packages/airflow/example_dags/tutorial_taskflow_api.py
[2025-12-16T18:26:50.768+0000] {logging_mixin.py:190} INFO - [2025-12-16T18:26:50.767+0000] {override.py:1911} INFO - Created Permission View: can read on DAG:tutorial_taskflow_api
[2025-12-16T18:26:50.778+0000] {logging_mixin.py:190} INFO - [2025-12-16T18:26:50.778+0000] {override.py:1911} INFO - Created Permission View: can delete on DAG:tutorial_taskflow_api
[2025-12-16T18:26:50.785+0000] {logging_mixin.py:190} INFO - [2025-12-16T18:26:50.784+0000] {override.py:1911} INFO - Created Permission View: can edit on DAG:tutorial_taskflow_api
[2025-12-16T18:26:50.792+0000] {logging_mixin.py:190} INFO - [2025-12-16T18:26:50.792+0000] {override.py:1911} INFO - Created Permission View: can read on DAG Run:tutorial_taskflow_api
[2025-12-16T18:26:50.799+0000] {logging_mixin.py:190} INFO - [2025-12-16T18:26:50.799+0000] {override.py:1911} INFO - Created Permission View: can create on DAG Run:tutorial_taskflow_api
[2025-12-16T18:26:50.806+0000] {logging_mixin.py:190} INFO - [2025-12-16T18:26:50.806+0000] {override.py:1911} INFO - Created Permission View: menu access on DAG Run:tutorial_taskflow_api
[2025-12-16T18:26:50.812+0000] {logging_mixin.py:190} INFO - [2025-12-16T18:26:50.812+0000] {override.py:1911} INFO - Created Permission View: can delete on DAG Run:tutorial_taskflow_api
[2025-12-16T18:26:50.813+0000] {logging_mixin.py:190} INFO - [2025-12-16T18:26:50.813+0000] {dag.py:3239} INFO - Sync 1 DAGs
[2025-12-16T18:26:50.828+0000] {logging_mixin.py:190} INFO - [2025-12-16T18:26:50.828+0000] {dag.py:3262} INFO - Creating ORM DAG for tutorial_taskflow_api
[2025-12-16T18:26:50.829+0000] {logging_mixin.py:190} INFO - [2025-12-16T18:26:50.829+0000] {dag.py:4180} INFO - Setting next_dagrun for tutorial_taskflow_api to None, run_after=None
[2025-12-16T18:26:50.846+0000] {processor.py:208} INFO - Processing /home/airflow/.local/lib/python3.12/site-packages/airflow/example_dags/tutorial_taskflow_api.py took 0.224 seconds
[2025-12-16T18:27:21.573+0000] {processor.py:186} INFO - Started process (PID=743) to work on /home/airflow/.local/lib/python3.12/site-packages/airflow/example_dags/tutorial_taskflow_api.py
[2025-12-16T18:27:21.574+0000] {processor.py:914} INFO - Processing file /home/airflow/.local/lib/python3.12/site-packages/airflow/example_dags/tutorial_taskflow_api.py for tasks to queue
[2025-12-16T18:27:21.576+0000] {logging_mixin.py:190} INFO - [2025-12-16T18:27:21.576+0000] {dagbag.py:588} INFO - Filling up the DagBag from /home/airflow/.local/lib/python3.12/site-packages/airflow/example_dags/tutorial_taskflow_api.py
[2025-12-16T18:27:21.588+0000] {processor.py:925} INFO - DAG(s) 'tutorial_taskflow_api' retrieved from /home/airflow/.local/lib/python3.12/site-packages/airflow/example_dags/tutorial_taskflow_api.py
[2025-12-16T18:27:21.614+0000] {logging_mixin.py:190} INFO - [2025-12-16T18:27:21.613+0000] {dag.py:3239} INFO - Sync 1 DAGs
[2025-12-16T18:27:21.632+0000] {logging_mixin.py:190} INFO - [2025-12-16T18:27:21.632+0000] {dag.py:4180} INFO - Setting next_dagrun for tutorial_taskflow_api to None, run_after=None
[2025-12-16T18:27:21.654+0000] {processor.py:208} INFO - Processing /home/airflow/.local/lib/python3.12/site-packages/airflow/example_dags/tutorial_taskflow_api.py took 0.090 seconds
[2025-12-16T18:27:52.280+0000] {processor.py:186} INFO - Started process (PID=1034) to work on /home/airflow/.local/lib/python3.12/site-packages/airflow/example_dags/tutorial_taskflow_api.py
[2025-12-16T18:27:52.281+0000] {processor.py:914} INFO - Processing file /home/airflow/.local/lib/python3.12/site-packages/airflow/example_dags/tutorial_taskflow_api.py for tasks to queue
[2025-12-16T18:27:52.283+0000] {logging_mixin.py:190} INFO - [2025-12-16T18:27:52.283+0000] {dagbag.py:588} INFO - Filling up the DagBag from /home/airflow/.local/lib/python3.12/site-packages/airflow/example_dags/tutorial_taskflow_api.py
[2025-12-16T18:27:52.293+0000] {processor.py:925} INFO - DAG(s) 'tutorial_taskflow_api' retrieved from /home/airflow/.local/lib/python3.12/site-packages/airflow/example_dags/tutorial_taskflow_api.py
[2025-12-16T18:27:52.316+0000] {logging_mixin.py:190} INFO - [2025-12-16T18:27:52.315+0000] {dag.py:3239} INFO - Sync 1 DAGs
[2025-12-16T18:27:52.333+0000] {logging_mixin.py:190} INFO - [2025-12-16T18:27:52.332+0000] {dag.py:4180} INFO - Setting next_dagrun for tutorial_taskflow_api to None, run_after=None
[2025-12-16T18:27:52.351+0000] {processor.py:208} INFO - Processing /home/airflow/.local/lib/python3.12/site-packages/airflow/example_dags/tutorial_taskflow_api.py took 0.079 seconds
[2025-12-16T18:29:44.507+0000] {processor.py:186} INFO - Started process (PID=452) to work on /home/airflow/.local/lib/python3.12/site-packages/airflow/example_dags/tutorial_taskflow_api.py
[2025-12-16T18:29:44.508+0000] {processor.py:914} INFO - Processing file /home/airflow/.local/lib/python3.12/site-packages/airflow/example_dags/tutorial_taskflow_api.py for tasks to queue
[2025-12-16T18:29:44.511+0000] {logging_mixin.py:190} INFO - [2025-12-16T18:29:44.511+0000] {dagbag.py:588} INFO - Filling up the DagBag from /home/airflow/.local/lib/python3.12/site-packages/airflow/example_dags/tutorial_taskflow_api.py
[2025-12-16T18:29:44.523+0000] {processor.py:925} INFO - DAG(s) 'tutorial_taskflow_api' retrieved from /home/airflow/.local/lib/python3.12/site-packages/airflow/example_dags/tutorial_taskflow_api.py
[2025-12-16T18:29:44.546+0000] {logging_mixin.py:190} INFO - [2025-12-16T18:29:44.546+0000] {dag.py:3239} INFO - Sync 1 DAGs
[2025-12-16T18:29:44.565+0000] {logging_mixin.py:190} INFO - [2025-12-16T18:29:44.564+0000] {dag.py:4180} INFO - Setting next_dagrun for tutorial_taskflow_api to None, run_after=None
[2025-12-16T18:29:44.587+0000] {processor.py:208} INFO - Processing /home/airflow/.local/lib/python3.12/site-packages/airflow/example_dags/tutorial_taskflow_api.py took 0.088 seconds
[2025-12-16T18:30:16.583+0000] {processor.py:186} INFO - Started process (PID=743) to work on /home/airflow/.local/lib/python3.12/site-packages/airflow/example_dags/tutorial_taskflow_api.py
[2025-12-16T18:30:16.584+0000] {processor.py:914} INFO - Processing file /home/airflow/.local/lib/python3.12/site-packages/airflow/example_dags/tutorial_taskflow_api.py for tasks to queue
[2025-12-16T18:30:16.586+0000] {logging_mixin.py:190} INFO - [2025-12-16T18:30:16.586+0000] {dagbag.py:588} INFO - Filling up the DagBag from /home/airflow/.local/lib/python3.12/site-packages/airflow/example_dags/tutorial_taskflow_api.py
[2025-12-16T18:30:16.597+0000] {processor.py:925} INFO - DAG(s) 'tutorial_taskflow_api' retrieved from /home/airflow/.local/lib/python3.12/site-packages/airflow/example_dags/tutorial_taskflow_api.py
[2025-12-16T18:30:16.623+0000] {logging_mixin.py:190} INFO - [2025-12-16T18:30:16.623+0000] {dag.py:3239} INFO - Sync 1 DAGs
[2025-12-16T18:30:16.640+0000] {logging_mixin.py:190} INFO - [2025-12-16T18:30:16.640+0000] {dag.py:4180} INFO - Setting next_dagrun for tutorial_taskflow_api to None, run_after=None
[2025-12-16T18:30:16.659+0000] {processor.py:208} INFO - Processing /home/airflow/.local/lib/python3.12/site-packages/airflow/example_dags/tutorial_taskflow_api.py took 0.083 seconds
[2025-12-16T18:30:47.002+0000] {processor.py:186} INFO - Started process (PID=1034) to work on /home/airflow/.local/lib/python3.12/site-packages/airflow/example_dags/tutorial_taskflow_api.py
[2025-12-16T18:30:47.003+0000] {processor.py:914} INFO - Processing file /home/airflow/.local/lib/python3.12/site-packages/airflow/example_dags/tutorial_taskflow_api.py for tasks to queue
[2025-12-16T18:30:47.005+0000] {logging_mixin.py:190} INFO - [2025-12-16T18:30:47.005+0000] {dagbag.py:588} INFO - Filling up the DagBag from /home/airflow/.local/lib/python3.12/site-packages/airflow/example_dags/tutorial_taskflow_api.py
[2025-12-16T18:30:47.016+0000] {processor.py:925} INFO - DAG(s) 'tutorial_taskflow_api' retrieved from /home/airflow/.local/lib/python3.12/site-packages/airflow/example_dags/tutorial_taskflow_api.py
[2025-12-16T18:30:47.040+0000] {logging_mixin.py:190} INFO - [2025-12-16T18:30:47.040+0000] {dag.py:3239} INFO - Sync 1 DAGs
[2025-12-16T18:30:47.061+0000] {logging_mixin.py:190} INFO - [2025-12-16T18:30:47.060+0000] {dag.py:4180} INFO - Setting next_dagrun for tutorial_taskflow_api to None, run_after=None
[2025-12-16T18:30:47.087+0000] {processor.py:208} INFO - Processing /home/airflow/.local/lib/python3.12/site-packages/airflow/example_dags/tutorial_taskflow_api.py took 0.093 seconds
[2025-12-16T18:31:19.060+0000] {processor.py:186} INFO - Started process (PID=1325) to work on /home/airflow/.local/lib/python3.12/site-packages/airflow/example_dags/tutorial_taskflow_api.py
[2025-12-16T18:31:19.061+0000] {processor.py:914} INFO - Processing file /home/airflow/.local/lib/python3.12/site-packages/airflow/example_dags/tutorial_taskflow_api.py for tasks to queue
[2025-12-16T18:31:19.063+0000] {logging_mixin.py:190} INFO - [2025-12-16T18:31:19.063+0000] {dagbag.py:588} INFO - Filling up the DagBag from /home/airflow/.local/lib/python3.12/site-packages/airflow/example_dags/tutorial_taskflow_api.py
[2025-12-16T18:31:19.074+0000] {processor.py:925} INFO - DAG(s) 'tutorial_taskflow_api' retrieved from /home/airflow/.local/lib/python3.12/site-packages/airflow/example_dags/tutorial_taskflow_api.py
[2025-12-16T18:31:19.097+0000] {logging_mixin.py:190} INFO - [2025-12-16T18:31:19.097+0000] {dag.py:3239} INFO - Sync 1 DAGs
[2025-12-16T18:31:19.116+0000] {logging_mixin.py:190} INFO - [2025-12-16T18:31:19.115+0000] {dag.py:4180} INFO - Setting next_dagrun for tutorial_taskflow_api to None, run_after=None
[2025-12-16T18:31:19.135+0000] {processor.py:208} INFO - Processing /home/airflow/.local/lib/python3.12/site-packages/airflow/example_dags/tutorial_taskflow_api.py took 0.083 seconds
[2025-12-16T18:31:49.891+0000] {processor.py:186} INFO - Started process (PID=1616) to work on /home/airflow/.local/lib/python3.12/site-packages/airflow/example_dags/tutorial_taskflow_api.py
[2025-12-16T18:31:49.892+0000] {processor.py:914} INFO - Processing file /home/airflow/.local/lib/python3.12/site-packages/airflow/example_dags/tutorial_taskflow_api.py for tasks to queue
[2025-12-16T18:31:49.895+0000] {logging_mixin.py:190} INFO - [2025-12-16T18:31:49.894+0000] {dagbag.py:588} INFO - Filling up the DagBag from /home/airflow/.local/lib/python3.12/site-packages/airflow/example_dags/tutorial_taskflow_api.py
[2025-12-16T18:31:49.908+0000] {processor.py:925} INFO - DAG(s) 'tutorial_taskflow_api' retrieved from /home/airflow/.local/lib/python3.12/site-packages/airflow/example_dags/tutorial_taskflow_api.py
[2025-12-16T18:31:49.937+0000] {logging_mixin.py:190} INFO - [2025-12-16T18:31:49.937+0000] {dag.py:3239} INFO - Sync 1 DAGs
[2025-12-16T18:31:49.957+0000] {logging_mixin.py:190} INFO - [2025-12-16T18:31:49.956+0000] {dag.py:4180} INFO - Setting next_dagrun for tutorial_taskflow_api to None, run_after=None
[2025-12-16T18:31:49.980+0000] {processor.py:208} INFO - Processing /home/airflow/.local/lib/python3.12/site-packages/airflow/example_dags/tutorial_taskflow_api.py took 0.098 seconds
[2025-12-16T18:32:20.240+0000] {processor.py:186} INFO - Started process (PID=1907) to work on /home/airflow/.local/lib/python3.12/site-packages/airflow/example_dags/tutorial_taskflow_api.py
[2025-12-16T18:32:20.241+0000] {processor.py:914} INFO - Processing file /home/airflow/.local/lib/python3.12/site-packages/airflow/example_dags/tutorial_taskflow_api.py for tasks to queue
[2025-12-16T18:32:20.244+0000] {logging_mixin.py:190} INFO - [2025-12-16T18:32:20.244+0000] {dagbag.py:588} INFO - Filling up the DagBag from /home/airflow/.local/lib/python3.12/site-packages/airflow/example_dags/tutorial_taskflow_api.py
[2025-12-16T18:32:20.257+0000] {processor.py:925} INFO - DAG(s) 'tutorial_taskflow_api' retrieved from /home/airflow/.local/lib/python3.12/site-packages/airflow/example_dags/tutorial_taskflow_api.py
[2025-12-16T18:32:20.284+0000] {logging_mixin.py:190} INFO - [2025-12-16T18:32:20.284+0000] {dag.py:3239} INFO - Sync 1 DAGs
[2025-12-16T18:32:20.306+0000] {logging_mixin.py:190} INFO - [2025-12-16T18:32:20.305+0000] {dag.py:4180} INFO - Setting next_dagrun for tutorial_taskflow_api to None, run_after=None
[2025-12-16T18:32:20.330+0000] {processor.py:208} INFO - Processing /home/airflow/.local/lib/python3.12/site-packages/airflow/example_dags/tutorial_taskflow_api.py took 0.098 seconds
[2025-12-16T18:32:51.627+0000] {processor.py:186} INFO - Started process (PID=2200) to work on /home/airflow/.local/lib/python3.12/site-packages/airflow/example_dags/tutorial_taskflow_api.py
[2025-12-16T18:32:51.628+0000] {processor.py:914} INFO - Processing file /home/airflow/.local/lib/python3.12/site-packages/airflow/example_dags/tutorial_taskflow_api.py for tasks to queue
[2025-12-16T18:32:51.631+0000] {logging_mixin.py:190} INFO - [2025-12-16T18:32:51.631+0000] {dagbag.py:588} INFO - Filling up the DagBag from /home/airflow/.local/lib/python3.12/site-packages/airflow/example_dags/tutorial_taskflow_api.py
[2025-12-16T18:32:51.647+0000] {processor.py:925} INFO - DAG(s) 'tutorial_taskflow_api' retrieved from /home/airflow/.local/lib/python3.12/site-packages/airflow/example_dags/tutorial_taskflow_api.py
[2025-12-16T18:32:51.684+0000] {logging_mixin.py:190} INFO - [2025-12-16T18:32:51.683+0000] {dag.py:3239} INFO - Sync 1 DAGs
[2025-12-16T18:32:51.709+0000] {logging_mixin.py:190} INFO - [2025-12-16T18:32:51.709+0000] {dag.py:4180} INFO - Setting next_dagrun for tutorial_taskflow_api to None, run_after=None
[2025-12-16T18:32:51.737+0000] {processor.py:208} INFO - Processing /home/airflow/.local/lib/python3.12/site-packages/airflow/example_dags/tutorial_taskflow_api.py took 0.119 seconds
[2025-12-16T18:33:22.706+0000] {processor.py:186} INFO - Started process (PID=2489) to work on /home/airflow/.local/lib/python3.12/site-packages/airflow/example_dags/tutorial_taskflow_api.py
[2025-12-16T18:33:22.707+0000] {processor.py:914} INFO - Processing file /home/airflow/.local/lib/python3.12/site-packages/airflow/example_dags/tutorial_taskflow_api.py for tasks to queue
[2025-12-16T18:33:22.710+0000] {logging_mixin.py:190} INFO - [2025-12-16T18:33:22.709+0000] {dagbag.py:588} INFO - Filling up the DagBag from /home/airflow/.local/lib/python3.12/site-packages/airflow/example_dags/tutorial_taskflow_api.py
[2025-12-16T18:33:22.720+0000] {processor.py:925} INFO - DAG(s) 'tutorial_taskflow_api' retrieved from /home/airflow/.local/lib/python3.12/site-packages/airflow/example_dags/tutorial_taskflow_api.py
[2025-12-16T18:33:22.742+0000] {logging_mixin.py:190} INFO - [2025-12-16T18:33:22.741+0000] {dag.py:3239} INFO - Sync 1 DAGs
[2025-12-16T18:33:22.759+0000] {logging_mixin.py:190} INFO - [2025-12-16T18:33:22.759+0000] {dag.py:4180} INFO - Setting next_dagrun for tutorial_taskflow_api to None, run_after=None
[2025-12-16T18:33:22.778+0000] {processor.py:208} INFO - Processing /home/airflow/.local/lib/python3.12/site-packages/airflow/example_dags/tutorial_taskflow_api.py took 0.080 seconds
[2025-12-16T18:33:53.747+0000] {processor.py:186} INFO - Started process (PID=2780) to work on /home/airflow/.local/lib/python3.12/site-packages/airflow/example_dags/tutorial_taskflow_api.py
[2025-12-16T18:33:53.748+0000] {processor.py:914} INFO - Processing file /home/airflow/.local/lib/python3.12/site-packages/airflow/example_dags/tutorial_taskflow_api.py for tasks to queue
[2025-12-16T18:33:53.751+0000] {logging_mixin.py:190} INFO - [2025-12-16T18:33:53.750+0000] {dagbag.py:588} INFO - Filling up the DagBag from /home/airflow/.local/lib/python3.12/site-packages/airflow/example_dags/tutorial_taskflow_api.py
[2025-12-16T18:33:53.761+0000] {processor.py:925} INFO - DAG(s) 'tutorial_taskflow_api' retrieved from /home/airflow/.local/lib/python3.12/site-packages/airflow/example_dags/tutorial_taskflow_api.py
[2025-12-16T18:33:53.783+0000] {logging_mixin.py:190} INFO - [2025-12-16T18:33:53.783+0000] {dag.py:3239} INFO - Sync 1 DAGs
[2025-12-16T18:33:53.802+0000] {logging_mixin.py:190} INFO - [2025-12-16T18:33:53.802+0000] {dag.py:4180} INFO - Setting next_dagrun for tutorial_taskflow_api to None, run_after=None
[2025-12-16T18:33:53.822+0000] {processor.py:208} INFO - Processing /home/airflow/.local/lib/python3.12/site-packages/airflow/example_dags/tutorial_taskflow_api.py took 0.083 seconds
[2025-12-16T18:34:24.314+0000] {processor.py:186} INFO - Started process (PID=3071) to work on /home/airflow/.local/lib/python3.12/site-packages/airflow/example_dags/tutorial_taskflow_api.py
[2025-12-16T18:34:24.315+0000] {processor.py:914} INFO - Processing file /home/airflow/.local/lib/python3.12/site-packages/airflow/example_dags/tutorial_taskflow_api.py for tasks to queue
[2025-12-16T18:34:24.317+0000] {logging_mixin.py:190} INFO - [2025-12-16T18:34:24.317+0000] {dagbag.py:588} INFO - Filling up the DagBag from /home/airflow/.local/lib/python3.12/site-packages/airflow/example_dags/tutorial_taskflow_api.py
[2025-12-16T18:34:24.327+0000] {processor.py:925} INFO - DAG(s) 'tutorial_taskflow_api' retrieved from /home/airflow/.local/lib/python3.12/site-packages/airflow/example_dags/tutorial_taskflow_api.py
[2025-12-16T18:34:24.358+0000] {logging_mixin.py:190} INFO - [2025-12-16T18:34:24.357+0000] {dag.py:3239} INFO - Sync 1 DAGs
[2025-12-16T18:34:24.376+0000] {logging_mixin.py:190} INFO - [2025-12-16T18:34:24.375+0000] {dag.py:4180} INFO - Setting next_dagrun for tutorial_taskflow_api to None, run_after=None
[2025-12-16T18:34:24.396+0000] {processor.py:208} INFO - Processing /home/airflow/.local/lib/python3.12/site-packages/airflow/example_dags/tutorial_taskflow_api.py took 0.090 seconds
[2025-12-16T18:34:55.523+0000] {processor.py:186} INFO - Started process (PID=3362) to work on /home/airflow/.local/lib/python3.12/site-packages/airflow/example_dags/tutorial_taskflow_api.py
[2025-12-16T18:34:55.524+0000] {processor.py:914} INFO - Processing file /home/airflow/.local/lib/python3.12/site-packages/airflow/example_dags/tutorial_taskflow_api.py for tasks to queue
[2025-12-16T18:34:55.527+0000] {logging_mixin.py:190} INFO - [2025-12-16T18:34:55.526+0000] {dagbag.py:588} INFO - Filling up the DagBag from /home/airflow/.local/lib/python3.12/site-packages/airflow/example_dags/tutorial_taskflow_api.py
[2025-12-16T18:34:55.537+0000] {processor.py:925} INFO - DAG(s) 'tutorial_taskflow_api' retrieved from /home/airflow/.local/lib/python3.12/site-packages/airflow/example_dags/tutorial_taskflow_api.py
[2025-12-16T18:34:55.560+0000] {logging_mixin.py:190} INFO - [2025-12-16T18:34:55.560+0000] {dag.py:3239} INFO - Sync 1 DAGs
[2025-12-16T18:34:55.578+0000] {logging_mixin.py:190} INFO - [2025-12-16T18:34:55.577+0000] {dag.py:4180} INFO - Setting next_dagrun for tutorial_taskflow_api to None, run_after=None
[2025-12-16T18:34:55.598+0000] {processor.py:208} INFO - Processing /home/airflow/.local/lib/python3.12/site-packages/airflow/example_dags/tutorial_taskflow_api.py took 0.083 seconds
[2025-12-16T18:35:26.864+0000] {processor.py:186} INFO - Started process (PID=3650) to work on /home/airflow/.local/lib/python3.12/site-packages/airflow/example_dags/tutorial_taskflow_api.py
[2025-12-16T18:35:26.866+0000] {processor.py:914} INFO - Processing file /home/airflow/.local/lib/python3.12/site-packages/airflow/example_dags/tutorial_taskflow_api.py for tasks to queue
[2025-12-16T18:35:26.868+0000] {logging_mixin.py:190} INFO - [2025-12-16T18:35:26.868+0000] {dagbag.py:588} INFO - Filling up the DagBag from /home/airflow/.local/lib/python3.12/site-packages/airflow/example_dags/tutorial_taskflow_api.py
[2025-12-16T18:35:26.880+0000] {processor.py:925} INFO - DAG(s) 'tutorial_taskflow_api' retrieved from /home/airflow/.local/lib/python3.12/site-packages/airflow/example_dags/tutorial_taskflow_api.py
[2025-12-16T18:35:26.905+0000] {logging_mixin.py:190} INFO - [2025-12-16T18:35:26.905+0000] {dag.py:3239} INFO - Sync 1 DAGs
[2025-12-16T18:35:26.924+0000] {logging_mixin.py:190} INFO - [2025-12-16T18:35:26.924+0000] {dag.py:4180} INFO - Setting next_dagrun for tutorial_taskflow_api to None, run_after=None
[2025-12-16T18:35:26.945+0000] {processor.py:208} INFO - Processing /home/airflow/.local/lib/python3.12/site-packages/airflow/example_dags/tutorial_taskflow_api.py took 0.089 seconds
[2025-12-16T18:35:58.011+0000] {processor.py:186} INFO - Started process (PID=3939) to work on /home/airflow/.local/lib/python3.12/site-packages/airflow/example_dags/tutorial_taskflow_api.py
[2025-12-16T18:35:58.012+0000] {processor.py:914} INFO - Processing file /home/airflow/.local/lib/python3.12/site-packages/airflow/example_dags/tutorial_taskflow_api.py for tasks to queue
[2025-12-16T18:35:58.015+0000] {logging_mixin.py:190} INFO - [2025-12-16T18:35:58.015+0000] {dagbag.py:588} INFO - Filling up the DagBag from /home/airflow/.local/lib/python3.12/site-packages/airflow/example_dags/tutorial_taskflow_api.py
[2025-12-16T18:35:58.026+0000] {processor.py:925} INFO - DAG(s) 'tutorial_taskflow_api' retrieved from /home/airflow/.local/lib/python3.12/site-packages/airflow/example_dags/tutorial_taskflow_api.py
[2025-12-16T18:35:58.051+0000] {logging_mixin.py:190} INFO - [2025-12-16T18:35:58.050+0000] {dag.py:3239} INFO - Sync 1 DAGs
[2025-12-16T18:35:58.069+0000] {logging_mixin.py:190} INFO - [2025-12-16T18:35:58.068+0000] {dag.py:4180} INFO - Setting next_dagrun for tutorial_taskflow_api to None, run_after=None
[2025-12-16T18:35:58.089+0000] {processor.py:208} INFO - Processing /home/airflow/.local/lib/python3.12/site-packages/airflow/example_dags/tutorial_taskflow_api.py took 0.086 seconds
[2025-12-16T18:36:29.217+0000] {processor.py:186} INFO - Started process (PID=4230) to work on /home/airflow/.local/lib/python3.12/site-packages/airflow/example_dags/tutorial_taskflow_api.py
[2025-12-16T18:36:29.219+0000] {processor.py:914} INFO - Processing file /home/airflow/.local/lib/python3.12/site-packages/airflow/example_dags/tutorial_taskflow_api.py for tasks to queue
[2025-12-16T18:36:29.221+0000] {logging_mixin.py:190} INFO - [2025-12-16T18:36:29.221+0000] {dagbag.py:588} INFO - Filling up the DagBag from /home/airflow/.local/lib/python3.12/site-packages/airflow/example_dags/tutorial_taskflow_api.py
[2025-12-16T18:36:29.232+0000] {processor.py:925} INFO - DAG(s) 'tutorial_taskflow_api' retrieved from /home/airflow/.local/lib/python3.12/site-packages/airflow/example_dags/tutorial_taskflow_api.py
[2025-12-16T18:36:29.256+0000] {logging_mixin.py:190} INFO - [2025-12-16T18:36:29.255+0000] {dag.py:3239} INFO - Sync 1 DAGs
[2025-12-16T18:36:29.273+0000] {logging_mixin.py:190} INFO - [2025-12-16T18:36:29.272+0000] {dag.py:4180} INFO - Setting next_dagrun for tutorial_taskflow_api to None, run_after=None
[2025-12-16T18:36:29.293+0000] {processor.py:208} INFO - Processing /home/airflow/.local/lib/python3.12/site-packages/airflow/example_dags/tutorial_taskflow_api.py took 0.083 seconds
[2025-12-16T18:37:00.289+0000] {processor.py:186} INFO - Started process (PID=4521) to work on /home/airflow/.local/lib/python3.12/site-packages/airflow/example_dags/tutorial_taskflow_api.py
[2025-12-16T18:37:00.291+0000] {processor.py:914} INFO - Processing file /home/airflow/.local/lib/python3.12/site-packages/airflow/example_dags/tutorial_taskflow_api.py for tasks to queue
[2025-12-16T18:37:00.294+0000] {logging_mixin.py:190} INFO - [2025-12-16T18:37:00.294+0000] {dagbag.py:588} INFO - Filling up the DagBag from /home/airflow/.local/lib/python3.12/site-packages/airflow/example_dags/tutorial_taskflow_api.py
[2025-12-16T18:37:00.307+0000] {processor.py:925} INFO - DAG(s) 'tutorial_taskflow_api' retrieved from /home/airflow/.local/lib/python3.12/site-packages/airflow/example_dags/tutorial_taskflow_api.py
[2025-12-16T18:37:00.335+0000] {logging_mixin.py:190} INFO - [2025-12-16T18:37:00.335+0000] {dag.py:3239} INFO - Sync 1 DAGs
[2025-12-16T18:37:00.358+0000] {logging_mixin.py:190} INFO - [2025-12-16T18:37:00.357+0000] {dag.py:4180} INFO - Setting next_dagrun for tutorial_taskflow_api to None, run_after=None
[2025-12-16T18:37:00.387+0000] {processor.py:208} INFO - Processing /home/airflow/.local/lib/python3.12/site-packages/airflow/example_dags/tutorial_taskflow_api.py took 0.106 seconds
[2025-12-16T18:37:31.513+0000] {processor.py:186} INFO - Started process (PID=4814) to work on /home/airflow/.local/lib/python3.12/site-packages/airflow/example_dags/tutorial_taskflow_api.py
[2025-12-16T18:37:31.514+0000] {processor.py:914} INFO - Processing file /home/airflow/.local/lib/python3.12/site-packages/airflow/example_dags/tutorial_taskflow_api.py for tasks to queue
[2025-12-16T18:37:31.516+0000] {logging_mixin.py:190} INFO - [2025-12-16T18:37:31.516+0000] {dagbag.py:588} INFO - Filling up the DagBag from /home/airflow/.local/lib/python3.12/site-packages/airflow/example_dags/tutorial_taskflow_api.py
[2025-12-16T18:37:31.527+0000] {processor.py:925} INFO - DAG(s) 'tutorial_taskflow_api' retrieved from /home/airflow/.local/lib/python3.12/site-packages/airflow/example_dags/tutorial_taskflow_api.py
[2025-12-16T18:37:31.550+0000] {logging_mixin.py:190} INFO - [2025-12-16T18:37:31.550+0000] {dag.py:3239} INFO - Sync 1 DAGs
[2025-12-16T18:37:31.569+0000] {logging_mixin.py:190} INFO - [2025-12-16T18:37:31.568+0000] {dag.py:4180} INFO - Setting next_dagrun for tutorial_taskflow_api to None, run_after=None
[2025-12-16T18:37:31.589+0000] {processor.py:208} INFO - Processing /home/airflow/.local/lib/python3.12/site-packages/airflow/example_dags/tutorial_taskflow_api.py took 0.083 seconds
[2025-12-16T18:38:02.313+0000] {processor.py:186} INFO - Started process (PID=5103) to work on /home/airflow/.local/lib/python3.12/site-packages/airflow/example_dags/tutorial_taskflow_api.py
[2025-12-16T18:38:02.314+0000] {processor.py:914} INFO - Processing file /home/airflow/.local/lib/python3.12/site-packages/airflow/example_dags/tutorial_taskflow_api.py for tasks to queue
[2025-12-16T18:38:02.317+0000] {logging_mixin.py:190} INFO - [2025-12-16T18:38:02.317+0000] {dagbag.py:588} INFO - Filling up the DagBag from /home/airflow/.local/lib/python3.12/site-packages/airflow/example_dags/tutorial_taskflow_api.py
[2025-12-16T18:38:02.328+0000] {processor.py:925} INFO - DAG(s) 'tutorial_taskflow_api' retrieved from /home/airflow/.local/lib/python3.12/site-packages/airflow/example_dags/tutorial_taskflow_api.py
[2025-12-16T18:38:02.353+0000] {logging_mixin.py:190} INFO - [2025-12-16T18:38:02.352+0000] {dag.py:3239} INFO - Sync 1 DAGs
[2025-12-16T18:38:02.373+0000] {logging_mixin.py:190} INFO - [2025-12-16T18:38:02.373+0000] {dag.py:4180} INFO - Setting next_dagrun for tutorial_taskflow_api to None, run_after=None
[2025-12-16T18:38:02.396+0000] {processor.py:208} INFO - Processing /home/airflow/.local/lib/python3.12/site-packages/airflow/example_dags/tutorial_taskflow_api.py took 0.091 seconds
[2025-12-16T18:38:33.918+0000] {processor.py:186} INFO - Started process (PID=5394) to work on /home/airflow/.local/lib/python3.12/site-packages/airflow/example_dags/tutorial_taskflow_api.py
[2025-12-16T18:38:33.920+0000] {processor.py:914} INFO - Processing file /home/airflow/.local/lib/python3.12/site-packages/airflow/example_dags/tutorial_taskflow_api.py for tasks to queue
[2025-12-16T18:38:33.923+0000] {logging_mixin.py:190} INFO - [2025-12-16T18:38:33.922+0000] {dagbag.py:588} INFO - Filling up the DagBag from /home/airflow/.local/lib/python3.12/site-packages/airflow/example_dags/tutorial_taskflow_api.py
[2025-12-16T18:38:33.934+0000] {processor.py:925} INFO - DAG(s) 'tutorial_taskflow_api' retrieved from /home/airflow/.local/lib/python3.12/site-packages/airflow/example_dags/tutorial_taskflow_api.py
[2025-12-16T18:38:33.961+0000] {logging_mixin.py:190} INFO - [2025-12-16T18:38:33.961+0000] {dag.py:3239} INFO - Sync 1 DAGs
[2025-12-16T18:38:33.981+0000] {logging_mixin.py:190} INFO - [2025-12-16T18:38:33.981+0000] {dag.py:4180} INFO - Setting next_dagrun for tutorial_taskflow_api to None, run_after=None
[2025-12-16T18:38:34.003+0000] {processor.py:208} INFO - Processing /home/airflow/.local/lib/python3.12/site-packages/airflow/example_dags/tutorial_taskflow_api.py took 0.093 seconds
[2025-12-16T18:39:04.797+0000] {processor.py:186} INFO - Started process (PID=5685) to work on /home/airflow/.local/lib/python3.12/site-packages/airflow/example_dags/tutorial_taskflow_api.py
[2025-12-16T18:39:04.798+0000] {processor.py:914} INFO - Processing file /home/airflow/.local/lib/python3.12/site-packages/airflow/example_dags/tutorial_taskflow_api.py for tasks to queue
[2025-12-16T18:39:04.801+0000] {logging_mixin.py:190} INFO - [2025-12-16T18:39:04.801+0000] {dagbag.py:588} INFO - Filling up the DagBag from /home/airflow/.local/lib/python3.12/site-packages/airflow/example_dags/tutorial_taskflow_api.py
[2025-12-16T18:39:04.812+0000] {processor.py:925} INFO - DAG(s) 'tutorial_taskflow_api' retrieved from /home/airflow/.local/lib/python3.12/site-packages/airflow/example_dags/tutorial_taskflow_api.py
[2025-12-16T18:39:04.837+0000] {logging_mixin.py:190} INFO - [2025-12-16T18:39:04.836+0000] {dag.py:3239} INFO - Sync 1 DAGs
[2025-12-16T18:39:04.855+0000] {logging_mixin.py:190} INFO - [2025-12-16T18:39:04.855+0000] {dag.py:4180} INFO - Setting next_dagrun for tutorial_taskflow_api to None, run_after=None
[2025-12-16T18:39:04.874+0000] {processor.py:208} INFO - Processing /home/airflow/.local/lib/python3.12/site-packages/airflow/example_dags/tutorial_taskflow_api.py took 0.086 seconds
[2025-12-16T18:39:36.155+0000] {processor.py:186} INFO - Started process (PID=5976) to work on /home/airflow/.local/lib/python3.12/site-packages/airflow/example_dags/tutorial_taskflow_api.py
[2025-12-16T18:39:36.156+0000] {processor.py:914} INFO - Processing file /home/airflow/.local/lib/python3.12/site-packages/airflow/example_dags/tutorial_taskflow_api.py for tasks to queue
[2025-12-16T18:39:36.158+0000] {logging_mixin.py:190} INFO - [2025-12-16T18:39:36.158+0000] {dagbag.py:588} INFO - Filling up the DagBag from /home/airflow/.local/lib/python3.12/site-packages/airflow/example_dags/tutorial_taskflow_api.py
[2025-12-16T18:39:36.168+0000] {processor.py:925} INFO - DAG(s) 'tutorial_taskflow_api' retrieved from /home/airflow/.local/lib/python3.12/site-packages/airflow/example_dags/tutorial_taskflow_api.py
[2025-12-16T18:39:36.190+0000] {logging_mixin.py:190} INFO - [2025-12-16T18:39:36.190+0000] {dag.py:3239} INFO - Sync 1 DAGs
[2025-12-16T18:39:36.207+0000] {logging_mixin.py:190} INFO - [2025-12-16T18:39:36.207+0000] {dag.py:4180} INFO - Setting next_dagrun for tutorial_taskflow_api to None, run_after=None
[2025-12-16T18:39:36.228+0000] {processor.py:208} INFO - Processing /home/airflow/.local/lib/python3.12/site-packages/airflow/example_dags/tutorial_taskflow_api.py took 0.081 seconds
[2025-12-16T18:40:07.525+0000] {processor.py:186} INFO - Started process (PID=6269) to work on /home/airflow/.local/lib/python3.12/site-packages/airflow/example_dags/tutorial_taskflow_api.py
[2025-12-16T18:40:07.526+0000] {processor.py:914} INFO - Processing file /home/airflow/.local/lib/python3.12/site-packages/airflow/example_dags/tutorial_taskflow_api.py for tasks to queue
[2025-12-16T18:40:07.529+0000] {logging_mixin.py:190} INFO - [2025-12-16T18:40:07.528+0000] {dagbag.py:588} INFO - Filling up the DagBag from /home/airflow/.local/lib/python3.12/site-packages/airflow/example_dags/tutorial_taskflow_api.py
[2025-12-16T18:40:07.539+0000] {processor.py:925} INFO - DAG(s) 'tutorial_taskflow_api' retrieved from /home/airflow/.local/lib/python3.12/site-packages/airflow/example_dags/tutorial_taskflow_api.py
[2025-12-16T18:40:07.564+0000] {logging_mixin.py:190} INFO - [2025-12-16T18:40:07.563+0000] {dag.py:3239} INFO - Sync 1 DAGs
[2025-12-16T18:40:07.581+0000] {logging_mixin.py:190} INFO - [2025-12-16T18:40:07.581+0000] {dag.py:4180} INFO - Setting next_dagrun for tutorial_taskflow_api to None, run_after=None
[2025-12-16T18:40:07.601+0000] {processor.py:208} INFO - Processing /home/airflow/.local/lib/python3.12/site-packages/airflow/example_dags/tutorial_taskflow_api.py took 0.084 seconds
[2025-12-16T18:40:39.653+0000] {processor.py:186} INFO - Started process (PID=6620) to work on /home/airflow/.local/lib/python3.12/site-packages/airflow/example_dags/tutorial_taskflow_api.py
[2025-12-16T18:40:39.655+0000] {processor.py:914} INFO - Processing file /home/airflow/.local/lib/python3.12/site-packages/airflow/example_dags/tutorial_taskflow_api.py for tasks to queue
[2025-12-16T18:40:39.658+0000] {logging_mixin.py:190} INFO - [2025-12-16T18:40:39.657+0000] {dagbag.py:588} INFO - Filling up the DagBag from /home/airflow/.local/lib/python3.12/site-packages/airflow/example_dags/tutorial_taskflow_api.py
[2025-12-16T18:40:39.670+0000] {processor.py:925} INFO - DAG(s) 'tutorial_taskflow_api' retrieved from /home/airflow/.local/lib/python3.12/site-packages/airflow/example_dags/tutorial_taskflow_api.py
[2025-12-16T18:40:39.693+0000] {logging_mixin.py:190} INFO - [2025-12-16T18:40:39.693+0000] {dag.py:3239} INFO - Sync 1 DAGs
[2025-12-16T18:40:39.712+0000] {logging_mixin.py:190} INFO - [2025-12-16T18:40:39.712+0000] {dag.py:4180} INFO - Setting next_dagrun for tutorial_taskflow_api to None, run_after=None
[2025-12-16T18:40:39.733+0000] {processor.py:208} INFO - Processing /home/airflow/.local/lib/python3.12/site-packages/airflow/example_dags/tutorial_taskflow_api.py took 0.087 seconds
