[2025-12-16T23:54:28.706+0000] {local_task_job_runner.py:123} INFO - ::group::Pre task execution logs
[2025-12-16T23:54:28.747+0000] {taskinstance.py:2613} INFO - Dependencies all met for dep_context=non-requeueable deps ti=<TaskInstance: youtube_ETA_pipeline.extract manual__2025-12-16T23:54:27.201402+00:00 [queued]>
[2025-12-16T23:54:28.764+0000] {taskinstance.py:2613} INFO - Dependencies all met for dep_context=requeueable deps ti=<TaskInstance: youtube_ETA_pipeline.extract manual__2025-12-16T23:54:27.201402+00:00 [queued]>
[2025-12-16T23:54:28.765+0000] {taskinstance.py:2866} INFO - Starting attempt 1 of 1
[2025-12-16T23:54:28.791+0000] {taskinstance.py:2889} INFO - Executing <Task(DockerOperator): extract> on 2025-12-16 23:54:27.201402+00:00
[2025-12-16T23:54:28.811+0000] {logging_mixin.py:190} WARNING - /home/***/.local/lib/python3.12/site-packages/***/task/task_runner/standard_task_runner.py:70 DeprecationWarning: This process (pid=306) is multi-threaded, use of fork() may lead to deadlocks in the child.
[2025-12-16T23:54:28.813+0000] {standard_task_runner.py:72} INFO - Started process 307 to run task
[2025-12-16T23:54:28.811+0000] {standard_task_runner.py:104} INFO - Running: ['***', 'tasks', 'run', 'youtube_ETA_pipeline', 'extract', 'manual__2025-12-16T23:54:27.201402+00:00', '--job-id', '8', '--raw', '--subdir', 'DAGS_FOLDER/orchestrator.py', '--cfg-path', '/tmp/tmp1mjwlzsq']
[2025-12-16T23:54:28.815+0000] {standard_task_runner.py:105} INFO - Job 8: Subtask extract
[2025-12-16T23:54:28.920+0000] {task_command.py:467} INFO - Running <TaskInstance: youtube_ETA_pipeline.extract manual__2025-12-16T23:54:27.201402+00:00 [running]> on host 40b1516acf48
[2025-12-16T23:54:29.395+0000] {taskinstance.py:3132} INFO - Exporting env vars: AIRFLOW_CTX_DAG_OWNER='***' AIRFLOW_CTX_DAG_ID='youtube_ETA_pipeline' AIRFLOW_CTX_TASK_ID='extract' AIRFLOW_CTX_EXECUTION_DATE='2025-12-16T23:54:27.201402+00:00' AIRFLOW_CTX_TRY_NUMBER='1' AIRFLOW_CTX_DAG_RUN_ID='manual__2025-12-16T23:54:27.201402+00:00'
[2025-12-16T23:54:29.396+0000] {taskinstance.py:731} INFO - ::endgroup::
[2025-12-16T23:54:29.472+0000] {docker.py:367} INFO - Starting docker container from image extract:latest
[2025-12-16T23:54:29.479+0000] {docker.py:375} WARNING - Using remote engine or docker-in-docker and mounting temporary volume from host is not supported. Falling back to `mount_tmp_dir=False` mode. You can set `mount_tmp_dir` parameter to False to disable mounting and remove the warning
[2025-12-16T23:55:23.245+0000] {docker.py:438} INFO - Could not get comments for video -ycyXg3s4gs
[2025-12-16T23:55:23.246+0000] {docker.py:438} INFO - Could not get comments for video GtA4ywN_I1M
[2025-12-16T23:55:23.246+0000] {docker.py:438} INFO - Could not get comments for video xkiKzpuLNmw
[2025-12-16T23:55:23.247+0000] {docker.py:438} INFO - Could not get comments for video YRMKUbUOZiY
[2025-12-16T23:55:23.247+0000] {docker.py:438} INFO - Could not get comments for video Q2m0vwuIl0Q
[2025-12-16T23:55:23.247+0000] {docker.py:438} INFO - Could not get comments for video ApxfXp1UwXE
[2025-12-16T23:55:23.248+0000] {docker.py:438} INFO - Could not get comments for video tU_AXrvQjpo
[2025-12-16T23:55:23.248+0000] {docker.py:438} INFO - Could not get comments for video nG86wod3GGc
[2025-12-16T23:55:23.248+0000] {docker.py:438} INFO - Could not get comments for video TRhq6n52JVk
[2025-12-16T23:55:23.249+0000] {docker.py:438} INFO - Could not get comments for video hFBguRaBnVs
[2025-12-16T23:55:23.249+0000] {docker.py:438} INFO - Could not get comments for video YPo5yrry6nw
[2025-12-16T23:55:23.249+0000] {docker.py:438} INFO - Could not get comments for video tI1Gaz47vPo
[2025-12-16T23:55:23.249+0000] {docker.py:438} INFO - Could not get comments for video 5JTNftIJxl4
[2025-12-16T23:55:23.250+0000] {docker.py:438} INFO - Could not get comments for video zZ45ydPJg_U
[2025-12-16T23:55:23.251+0000] {docker.py:438} INFO - Could not get comments for video BT5Dnr994x4
[2025-12-16T23:55:23.252+0000] {docker.py:438} INFO - Could not get comments for video TAj8Zg2rrNg
[2025-12-16T23:55:23.252+0000] {docker.py:438} INFO - Could not get comments for video c2xCh0d5YS0
[2025-12-16T23:55:23.252+0000] {docker.py:438} INFO - Could not get comments for video B4U7vNtXBTI
[2025-12-16T23:55:23.253+0000] {docker.py:438} INFO - Could not get comments for video jritw4L1A_4
[2025-12-16T23:55:23.253+0000] {docker.py:438} INFO - Could not get comments for video TmuDsq4m4Ts
[2025-12-16T23:55:23.254+0000] {docker.py:438} INFO - Could not get comments for video f6_14nLUWOs
[2025-12-16T23:55:23.254+0000] {docker.py:438} INFO - Could not get comments for video GYr9U9YWfI4
[2025-12-16T23:55:23.254+0000] {docker.py:438} INFO - Could not get comments for video ozboOgVAT1o
[2025-12-16T23:55:23.255+0000] {docker.py:438} INFO - Could not get comments for video vMvQnQ6lnEM
[2025-12-16T23:55:23.255+0000] {docker.py:438} INFO - Could not get comments for video 7zG1b49aCGI
[2025-12-16T23:55:23.255+0000] {docker.py:438} INFO - Could not get comments for video 8eIeyZZUEp8
[2025-12-16T23:55:23.256+0000] {docker.py:438} INFO - Could not get comments for video iQJuv7tmAJQ
[2025-12-16T23:55:23.256+0000] {docker.py:438} INFO - Could not get comments for video cGWBXeNC_JU
[2025-12-16T23:55:23.256+0000] {docker.py:438} INFO - Could not get comments for video HGktY1dytCw
[2025-12-16T23:55:23.257+0000] {docker.py:438} INFO - Could not get comments for video UuDcH_o1Kg0
[2025-12-16T23:55:23.257+0000] {docker.py:438} INFO - Could not get comments for video crlmayHPkw4
[2025-12-16T23:55:23.257+0000] {docker.py:438} INFO - Could not get comments for video HIqvJVucwwA
[2025-12-16T23:55:23.258+0000] {docker.py:438} INFO - Could not get comments for video 5xGGVv60rq8
[2025-12-16T23:55:23.258+0000] {docker.py:438} INFO - Could not get comments for video mjZpMgzs3qY
[2025-12-16T23:55:23.258+0000] {docker.py:438} INFO - Could not get comments for video k0mt4IbpVl4
[2025-12-16T23:55:23.259+0000] {docker.py:438} INFO - Could not get comments for video XnK8_nHUYt4
[2025-12-16T23:55:23.259+0000] {docker.py:438} INFO - Could not get comments for video I6JAceIv8ro
[2025-12-16T23:55:23.259+0000] {docker.py:438} INFO - Could not get comments for video u4KXgbZ96nk
[2025-12-16T23:55:23.260+0000] {docker.py:438} INFO - Could not get comments for video QOFdvK6MRrw
[2025-12-16T23:55:23.260+0000] {docker.py:438} INFO - Could not get comments for video ZsT4DZDMqWI
[2025-12-16T23:55:23.260+0000] {docker.py:438} INFO - Could not get comments for video BBAuhqvT_ds
[2025-12-16T23:55:23.261+0000] {docker.py:438} INFO - Could not get comments for video VTYJ0NJfUMQ
[2025-12-16T23:55:23.261+0000] {docker.py:438} INFO - Could not get comments for video P-AAZFewuK4
[2025-12-16T23:55:23.262+0000] {docker.py:438} INFO - Could not get comments for video wvUVQ2r1hvM
[2025-12-16T23:55:23.262+0000] {docker.py:438} INFO - Could not get comments for video Xdwoev7KgCU
[2025-12-16T23:55:23.263+0000] {docker.py:438} INFO - Could not get comments for video wU3Vgky_ycw
[2025-12-16T23:55:23.263+0000] {docker.py:438} INFO - Could not get comments for video XdC9vohgwww
[2025-12-16T23:55:23.264+0000] {docker.py:438} INFO - Could not get comments for video Sjw0ZSHXxrc
[2025-12-16T23:55:23.264+0000] {docker.py:438} INFO - Could not get comments for video nIv1J5O15To
[2025-12-16T23:55:23.264+0000] {docker.py:438} INFO - Could not get comments for video GcvaIT_1dNc
[2025-12-16T23:55:23.265+0000] {docker.py:438} INFO - Could not get comments for video ALxz505dSZM
[2025-12-16T23:55:23.265+0000] {docker.py:438} INFO - Could not get comments for video t0ZizPL4zXU
[2025-12-16T23:55:23.265+0000] {docker.py:438} INFO - Could not get comments for video 3-11fooOoLM
[2025-12-16T23:55:23.265+0000] {docker.py:438} INFO - Could not get comments for video IFSMQJCda10
[2025-12-16T23:55:23.266+0000] {docker.py:438} INFO - Could not get comments for video B7SNUIq6j1w
[2025-12-16T23:55:23.266+0000] {docker.py:438} INFO - Could not get comments for video o_F82o-0IoY
[2025-12-16T23:55:23.266+0000] {docker.py:438} INFO - Could not get comments for video 5k3uMaJN4IU
[2025-12-16T23:55:23.267+0000] {docker.py:438} INFO - Could not get comments for video KMFR0kj0CE0
[2025-12-16T23:55:23.267+0000] {docker.py:438} INFO - Could not get comments for video xCi1H7mFL3o
[2025-12-16T23:55:23.267+0000] {docker.py:438} INFO - Could not get comments for video tJtP4hicXYk
[2025-12-16T23:55:23.268+0000] {docker.py:438} INFO - Could not get comments for video -rrYftR8UeA
[2025-12-16T23:55:23.268+0000] {docker.py:438} INFO - Could not get comments for video bEUZTZ6kBBs
[2025-12-16T23:55:23.268+0000] {docker.py:438} INFO - Could not get comments for video De_Zs3g5JT4
[2025-12-16T23:55:23.269+0000] {docker.py:438} INFO - Could not get comments for video IJwuAm3fEWg
[2025-12-16T23:55:23.269+0000] {docker.py:438} INFO - Could not get comments for video MoGTXsusX6Q
[2025-12-16T23:55:23.269+0000] {docker.py:438} INFO - Could not get comments for video eTFO8CCcjfk
[2025-12-16T23:55:23.269+0000] {docker.py:438} INFO - Could not get comments for video Vie8QwUJfgY
[2025-12-16T23:55:23.270+0000] {docker.py:438} INFO - Could not get comments for video K-Y4NvGHMyc
[2025-12-16T23:55:23.270+0000] {docker.py:438} INFO - Could not get comments for video -mSBv-BLv6M
[2025-12-16T23:55:23.270+0000] {docker.py:438} INFO - Could not get comments for video uYTEFWVPx_8
[2025-12-16T23:55:23.271+0000] {docker.py:438} INFO - Could not get comments for video 3wuVuqgu45M
[2025-12-16T23:55:23.271+0000] {docker.py:438} INFO - Could not get comments for video HwPsLCk3EkU
[2025-12-16T23:55:23.271+0000] {docker.py:438} INFO - Could not get comments for video 41CbOHhx8b8
[2025-12-16T23:55:23.272+0000] {docker.py:438} INFO - Could not get comments for video 3bamBYQS8io
[2025-12-16T23:55:23.272+0000] {docker.py:438} INFO - Could not get comments for video 3Y8VXWUIcaw
[2025-12-16T23:55:23.273+0000] {docker.py:438} INFO - Could not get comments for video rkYackmjl5U
[2025-12-16T23:55:23.273+0000] {docker.py:438} INFO - Could not get comments for video IWYUDZsU_Ew
[2025-12-16T23:55:23.273+0000] {docker.py:438} INFO - Could not get comments for video fqrlnya9qN8
[2025-12-16T23:55:23.274+0000] {docker.py:438} INFO - Could not get comments for video _K7P-XF1k94
[2025-12-16T23:55:23.274+0000] {docker.py:438} INFO - Could not get comments for video HEidZrkj96U
[2025-12-16T23:55:23.274+0000] {docker.py:438} INFO - Could not get comments for video 5Rqiba5mqLk
[2025-12-16T23:55:23.275+0000] {docker.py:438} INFO - Could not get comments for video JKoRuqjjYM4
[2025-12-16T23:55:23.275+0000] {docker.py:438} INFO - Could not get comments for video aYs7b3mWDF0
[2025-12-16T23:55:23.275+0000] {docker.py:438} INFO - Could not get comments for video WrYrWLh7ewI
[2025-12-16T23:55:23.276+0000] {docker.py:438} INFO - Could not get comments for video elAFB0HSBgo
[2025-12-16T23:55:23.276+0000] {docker.py:438} INFO - Could not get comments for video B3SzomHi6cU
[2025-12-16T23:55:23.276+0000] {docker.py:438} INFO - Could not get comments for video 6Mo7xB4SNsc
[2025-12-16T23:55:23.277+0000] {docker.py:438} INFO - Could not get comments for video XtzgJ3yC7zQ
[2025-12-16T23:55:23.277+0000] {docker.py:438} INFO - Could not get comments for video MZqCZ_KT-70
[2025-12-16T23:55:23.277+0000] {docker.py:438} INFO - Could not get comments for video mIG9-zUHJR0
[2025-12-16T23:55:23.278+0000] {docker.py:438} INFO - Could not get comments for video en0DSEsL-Ho
[2025-12-16T23:55:23.278+0000] {docker.py:438} INFO - Could not get comments for video QfZRbZfDZLw
[2025-12-16T23:55:23.278+0000] {docker.py:438} INFO - Could not get comments for video FM9AOfcxNTI
[2025-12-16T23:55:23.278+0000] {docker.py:438} INFO - Could not get comments for video jQQvmKGligQ
[2025-12-16T23:55:23.279+0000] {docker.py:438} INFO - Could not get comments for video Ar5Qto5B3hk
[2025-12-16T23:55:23.279+0000] {docker.py:438} INFO - Could not get comments for video FXPRTvmIcDs
[2025-12-16T23:55:23.279+0000] {docker.py:438} INFO - Could not get comments for video 85qmJl7RlxA
[2025-12-16T23:55:23.280+0000] {docker.py:438} INFO - Could not get comments for video WQgILXEET3I
[2025-12-16T23:55:23.280+0000] {docker.py:438} INFO - Could not get comments for video J4RBNp6wFWA
[2025-12-16T23:55:23.280+0000] {docker.py:438} INFO - Could not get comments for video XmE9HIjIv8c
[2025-12-16T23:55:23.280+0000] {docker.py:438} INFO - Could not get comments for video T0olGw9w8Vk
[2025-12-16T23:55:23.281+0000] {docker.py:438} INFO - Could not get comments for video sj23hsw5oqE
[2025-12-16T23:55:23.281+0000] {docker.py:438} INFO - Could not get comments for video SfTBTDjSZbg
[2025-12-16T23:55:23.282+0000] {docker.py:438} INFO - Could not get comments for video hY9CuX6Hwl4
[2025-12-16T23:55:23.282+0000] {docker.py:438} INFO - Could not get comments for video ETA6D3SkAZo
[2025-12-16T23:55:23.282+0000] {docker.py:438} INFO - Could not get comments for video 7msJtKR0lH4
[2025-12-16T23:55:23.283+0000] {docker.py:438} INFO - Could not get comments for video tpB3BMlNrno
[2025-12-16T23:55:23.283+0000] {docker.py:438} INFO - Could not get comments for video OgBF3N3MhYw
[2025-12-16T23:55:23.283+0000] {docker.py:438} INFO - Could not get comments for video PCtQ6sipdqA
[2025-12-16T23:55:23.284+0000] {docker.py:438} INFO - Could not get comments for video zVBHOKJgouI
[2025-12-16T23:55:23.284+0000] {docker.py:438} INFO - Could not get comments for video bxxyPoQthsU
[2025-12-16T23:55:23.285+0000] {docker.py:438} INFO - Could not get comments for video FYU-4NOnLDY
[2025-12-16T23:55:23.285+0000] {docker.py:438} INFO - Could not get comments for video ZX9hINdSXes
[2025-12-16T23:55:23.286+0000] {docker.py:438} INFO - Could not get comments for video UtLM89JgVfc
[2025-12-16T23:55:23.286+0000] {docker.py:438} INFO - Could not get comments for video AriiQaEWyI8
[2025-12-16T23:55:23.287+0000] {docker.py:438} INFO - Could not get comments for video r81St-SLdys
[2025-12-16T23:55:23.287+0000] {docker.py:438} INFO - Could not get comments for video rP9gZVTFquM
[2025-12-16T23:55:23.288+0000] {docker.py:438} INFO - Could not get comments for video PtMLCL_T2ak
[2025-12-16T23:55:23.288+0000] {docker.py:438} INFO - Could not get comments for video s8qBH35r374
[2025-12-16T23:55:23.289+0000] {docker.py:438} INFO - Could not get comments for video 7rAxyujhNz0
[2025-12-16T23:55:23.289+0000] {docker.py:438} INFO - Could not get comments for video OlPO8f-AAJk
[2025-12-16T23:55:23.289+0000] {docker.py:438} INFO - Could not get comments for video klNcDXObWj0
[2025-12-16T23:55:23.290+0000] {docker.py:438} INFO - Could not get comments for video 9yx_WEcFkH0
[2025-12-16T23:55:23.290+0000] {docker.py:438} INFO - Could not get comments for video F2wqN4KBn0c
[2025-12-16T23:55:23.291+0000] {docker.py:438} INFO - Could not get comments for video oZQpi0IiNRE
[2025-12-16T23:55:23.291+0000] {docker.py:438} INFO - Could not get comments for video VQ2qME0T5Oc
[2025-12-16T23:55:23.291+0000] {docker.py:438} INFO - Could not get comments for video Lx1r5lSgLM0
[2025-12-16T23:55:23.292+0000] {docker.py:438} INFO - Could not get comments for video MFXWY8TqSWw
[2025-12-16T23:55:23.292+0000] {docker.py:438} INFO - Could not get comments for video oiVQsL7RDz8
[2025-12-16T23:55:23.292+0000] {docker.py:438} INFO - Could not get comments for video PmQbnKzhqGE
[2025-12-16T23:55:23.292+0000] {docker.py:438} INFO - Could not get comments for video 8bEcHONK91I
[2025-12-16T23:55:23.292+0000] {docker.py:438} INFO - Could not get comments for video Ry_MgBcDUfw
[2025-12-16T23:55:23.293+0000] {docker.py:438} INFO - Could not get comments for video 7ftghLnesZ8
[2025-12-16T23:55:23.293+0000] {docker.py:438} INFO - Could not get comments for video CEfcYQoRt0s
[2025-12-16T23:55:23.293+0000] {docker.py:438} INFO - Could not get comments for video jAV21UB_AqQ
[2025-12-16T23:55:23.294+0000] {docker.py:438} INFO - Could not get comments for video qC4O34DJI2o
[2025-12-16T23:55:23.294+0000] {docker.py:438} INFO - Could not get comments for video mCjjHgLzdN8
[2025-12-16T23:55:23.295+0000] {docker.py:438} INFO - Could not get comments for video DiXpCCaH038
[2025-12-16T23:55:23.295+0000] {docker.py:438} INFO - Could not get comments for video i6r2r2JYWYY
[2025-12-16T23:55:23.295+0000] {docker.py:438} INFO - Could not get comments for video 8x30UHGJAEc
[2025-12-16T23:55:23.296+0000] {docker.py:438} INFO - Could not get comments for video a46eYoUpVBM
[2025-12-16T23:55:23.296+0000] {docker.py:438} INFO - Could not get comments for video AfiKro4KSBo
[2025-12-16T23:55:23.296+0000] {docker.py:438} INFO - Could not get comments for video sXahbxP_PQc
[2025-12-16T23:55:23.297+0000] {docker.py:438} INFO - Could not get comments for video rg3159C3TW4
[2025-12-16T23:55:23.297+0000] {docker.py:438} INFO - Could not get comments for video F4B0djrx6hI
[2025-12-16T23:55:23.298+0000] {docker.py:438} INFO - Could not get comments for video c_DOG_mXz5w
[2025-12-16T23:55:23.298+0000] {docker.py:438} INFO - Could not get comments for video UdBcXvpmQ5o
[2025-12-16T23:55:23.298+0000] {docker.py:438} INFO - Could not get comments for video safNI7BcYZ8
[2025-12-16T23:55:23.299+0000] {docker.py:438} INFO - Could not get comments for video AvKGYyowFK4
[2025-12-16T23:55:23.299+0000] {docker.py:438} INFO - Could not get comments for video z6zQpAVu-Co
[2025-12-16T23:55:23.299+0000] {docker.py:438} INFO - Could not get comments for video VS4ZPEW-zyg
[2025-12-16T23:55:23.300+0000] {docker.py:438} INFO - Could not get comments for video eIs1u5MAel4
[2025-12-16T23:55:23.300+0000] {docker.py:438} INFO - Could not get comments for video yQXjNQnO9EI
[2025-12-16T23:55:23.300+0000] {docker.py:438} INFO - Could not get comments for video GRDvoD7GwSg
[2025-12-16T23:55:23.301+0000] {docker.py:438} INFO - Could not get comments for video sFP-QelRmlM
[2025-12-16T23:55:23.301+0000] {docker.py:438} INFO - Could not get comments for video 0iaU9VZXKUQ
[2025-12-16T23:55:23.301+0000] {docker.py:438} INFO - Could not get comments for video H77TpYpPtNI
[2025-12-16T23:55:23.302+0000] {docker.py:438} INFO - Could not get comments for video t5CgCfetsiE
[2025-12-16T23:55:23.302+0000] {docker.py:438} INFO - Could not get comments for video a7OrIs-C8-c
[2025-12-16T23:55:23.303+0000] {docker.py:438} INFO - Could not get comments for video BiB9k4JkxY0
[2025-12-16T23:55:23.303+0000] {docker.py:438} INFO - Could not get comments for video CaOkjR3zVcI
[2025-12-16T23:55:23.304+0000] {docker.py:438} INFO - Could not get comments for video Smm8GlRQ-Uc
[2025-12-16T23:55:23.304+0000] {docker.py:438} INFO - Could not get comments for video XtOshDbMGkA
[2025-12-16T23:55:23.304+0000] {docker.py:438} INFO - Could not get comments for video 4dC80qM-vck
[2025-12-16T23:55:23.305+0000] {docker.py:438} INFO - Could not get comments for video N3kva4sR1hQ
[2025-12-16T23:55:23.305+0000] {docker.py:438} INFO - Could not get comments for video kew5A3hGsA4
[2025-12-16T23:55:23.305+0000] {docker.py:438} INFO - Could not get comments for video COrG9AOjLow
[2025-12-16T23:55:23.306+0000] {docker.py:438} INFO - Could not get comments for video Zz59q8wHECk
[2025-12-16T23:55:23.306+0000] {docker.py:438} INFO - Could not get comments for video JQz0NNQLV9A
[2025-12-16T23:55:23.306+0000] {docker.py:438} INFO - Could not get comments for video pSCbhBTaugk
[2025-12-16T23:55:23.307+0000] {docker.py:438} INFO - Could not get comments for video Rupm_MgeolM
[2025-12-16T23:55:23.307+0000] {docker.py:438} INFO - Could not get comments for video EmvKi7ftyPs
[2025-12-16T23:55:23.308+0000] {docker.py:438} INFO - Could not get comments for video OrkZvaigYQI
[2025-12-16T23:55:23.308+0000] {docker.py:438} INFO - Could not get comments for video r4MbCNHcYTo
[2025-12-16T23:55:23.309+0000] {docker.py:438} INFO - Could not get comments for video mlXGxBMKj0U
[2025-12-16T23:55:23.309+0000] {docker.py:438} INFO - Could not get comments for video q9nYIa8b-6c
[2025-12-16T23:55:23.309+0000] {docker.py:438} INFO - Could not get comments for video q4Bc93Itq-c
[2025-12-16T23:55:23.309+0000] {docker.py:438} INFO - Could not get comments for video 47pP4Y9J_h4
[2025-12-16T23:55:23.310+0000] {docker.py:438} INFO - Could not get comments for video FyU1JgWfxyA
[2025-12-16T23:55:23.310+0000] {docker.py:438} INFO - Could not get comments for video h-q8SnKN4p0
[2025-12-16T23:55:23.311+0000] {docker.py:438} INFO - Could not get comments for video fsL6q-yij8I
[2025-12-16T23:55:23.311+0000] {docker.py:438} INFO - Could not get comments for video nQTH4OBc8qI
[2025-12-16T23:55:23.311+0000] {docker.py:438} INFO - Could not get comments for video Tqu4awn8Pr8
[2025-12-16T23:55:36.030+0000] {docker.py:438} INFO - Could not get comments for video oxW5ezFPElU
[2025-12-16T23:55:36.031+0000] {docker.py:438} INFO - Could not get comments for video 1XsEZn5xlno
[2025-12-16T23:55:36.032+0000] {docker.py:438} INFO - Could not get comments for video D3cajbOs8-M
[2025-12-16T23:55:36.032+0000] {docker.py:438} INFO - Could not get comments for video yxF9TGhWPMc
[2025-12-16T23:55:36.032+0000] {docker.py:438} INFO - Could not get comments for video qIvoVXVpi1Q
[2025-12-16T23:55:36.033+0000] {docker.py:438} INFO - Could not get comments for video _KuUXz5gjgw
[2025-12-16T23:55:36.033+0000] {docker.py:438} INFO - Could not get comments for video waIcKo6Fi_w
[2025-12-16T23:55:36.033+0000] {docker.py:438} INFO - Could not get comments for video slZ_qQTC6fI
[2025-12-16T23:55:36.034+0000] {docker.py:438} INFO - Could not get comments for video h_vEA7SWEzs
[2025-12-16T23:55:36.034+0000] {docker.py:438} INFO - Could not get comments for video dtxU2z0Q1TA
[2025-12-16T23:55:36.034+0000] {docker.py:438} INFO - Could not get comments for video yj0SdVl4FdQ
[2025-12-16T23:55:36.035+0000] {docker.py:438} INFO - Could not get comments for video cNCw0ovtolQ
[2025-12-16T23:55:36.035+0000] {docker.py:438} INFO - Could not get comments for video DAKamTy749w
[2025-12-16T23:55:36.035+0000] {docker.py:438} INFO - Could not get comments for video uB1x_qIHPVg
[2025-12-16T23:55:36.036+0000] {docker.py:438} INFO - Could not get comments for video uHncVNYcICo
[2025-12-16T23:55:36.036+0000] {docker.py:438} INFO - Could not get comments for video 3r_jpt04M68
[2025-12-16T23:55:36.036+0000] {docker.py:438} INFO - Could not get comments for video afqX-TiMN9M
[2025-12-16T23:55:36.036+0000] {docker.py:438} INFO - Could not get comments for video gIFSSmCkFEw
[2025-12-16T23:55:36.037+0000] {docker.py:438} INFO - Could not get comments for video ABEgnU59CFU
[2025-12-16T23:55:36.037+0000] {docker.py:438} INFO - Could not get comments for video qcvvZElS088
[2025-12-16T23:55:36.038+0000] {docker.py:438} INFO - Could not get comments for video Lmkjr3AOTmk
[2025-12-16T23:55:36.038+0000] {docker.py:438} INFO - Could not get comments for video UDJizJhZkYQ
[2025-12-16T23:55:36.038+0000] {docker.py:438} INFO - Could not get comments for video uSimLIOHxTk
[2025-12-16T23:55:36.039+0000] {docker.py:438} INFO - Could not get comments for video dDfk8Uoyz60
[2025-12-16T23:55:36.039+0000] {docker.py:438} INFO - Could not get comments for video 0hK9eFWorEU
[2025-12-16T23:55:36.039+0000] {docker.py:438} INFO - Could not get comments for video YDktDCOHIbQ
[2025-12-16T23:55:36.040+0000] {docker.py:438} INFO - Could not get comments for video LQRuaP2VFfA
[2025-12-16T23:55:36.040+0000] {docker.py:438} INFO - Could not get comments for video ReN3v7xxxWI
[2025-12-16T23:55:36.040+0000] {docker.py:438} INFO - Could not get comments for video pGFUW8AGrnQ
[2025-12-16T23:55:36.040+0000] {docker.py:438} INFO - Could not get comments for video sbmOqiE_lus
[2025-12-16T23:55:36.041+0000] {docker.py:438} INFO - Could not get comments for video vz1D0geYCuU
[2025-12-16T23:55:36.041+0000] {docker.py:438} INFO - Could not get comments for video Lt54CX9DmS4
[2025-12-16T23:55:36.041+0000] {docker.py:438} INFO - Could not get comments for video SYgGNwyAOt8
[2025-12-16T23:55:36.042+0000] {docker.py:438} INFO - Could not get comments for video zk8lRey9DSk
[2025-12-16T23:55:36.042+0000] {docker.py:438} INFO - Could not get comments for video E8vwGLMTx5I
[2025-12-16T23:55:36.042+0000] {docker.py:438} INFO - Could not get comments for video 0E9ZcyCpMIs
[2025-12-16T23:55:36.043+0000] {docker.py:438} INFO - Could not get comments for video hBEKGBLAB80
[2025-12-16T23:55:36.043+0000] {docker.py:438} INFO - Could not get comments for video V9SmqAoawH8
[2025-12-16T23:55:36.043+0000] {docker.py:438} INFO - Could not get comments for video iBM0PToZ2VM
[2025-12-16T23:55:36.044+0000] {docker.py:438} INFO - Could not get comments for video SjcvBFfMulY
[2025-12-16T23:55:36.044+0000] {docker.py:438} INFO - Could not get comments for video Pr0mI_gkS4k
[2025-12-16T23:55:36.045+0000] {docker.py:438} INFO - Could not get comments for video 1K-yiSBN8p4
[2025-12-16T23:55:36.045+0000] {docker.py:438} INFO - Could not get comments for video pNcTkGQOKO8
[2025-12-16T23:55:36.045+0000] {docker.py:438} INFO - Could not get comments for video I2rvAysA-_8
[2025-12-16T23:55:36.046+0000] {docker.py:438} INFO - Could not get comments for video -ZscZv-IMyI
[2025-12-16T23:55:36.046+0000] {docker.py:438} INFO - Could not get comments for video gY8MWe0CGqc
[2025-12-16T23:55:36.046+0000] {docker.py:438} INFO - Could not get comments for video EgNHc43z374
[2025-12-16T23:55:36.047+0000] {docker.py:438} INFO - Could not get comments for video b2lBUkZV4Xs
[2025-12-16T23:55:36.047+0000] {docker.py:438} INFO - Could not get comments for video XEJBS5SJTpA
[2025-12-16T23:55:36.047+0000] {docker.py:438} INFO - Could not get comments for video P7KXFybHaPk
[2025-12-16T23:55:36.048+0000] {docker.py:438} INFO - Could not get comments for video nQyuCT_zzok
[2025-12-16T23:55:36.048+0000] {docker.py:438} INFO - Could not get comments for video BgVIAGA4wmQ
[2025-12-16T23:55:36.048+0000] {docker.py:438} INFO - Could not get comments for video Y-d90cILIDk
[2025-12-16T23:55:36.049+0000] {docker.py:438} INFO - Could not get comments for video OksWjaMxUOQ
[2025-12-16T23:55:36.049+0000] {docker.py:438} INFO - Could not get comments for video vBqOMLd1ZQk
[2025-12-16T23:55:36.049+0000] {docker.py:438} INFO - Could not get comments for video 0EJF8dRNLyQ
[2025-12-16T23:55:36.049+0000] {docker.py:438} INFO - Could not get comments for video Nwvefe71xQM
[2025-12-16T23:55:36.050+0000] {docker.py:438} INFO - Could not get comments for video LXYjFsuVOoc
[2025-12-16T23:55:36.050+0000] {docker.py:438} INFO - Could not get comments for video hoGIdhIsdoU
[2025-12-16T23:55:36.050+0000] {docker.py:438} INFO - Could not get comments for video Wg_ygTcS-uQ
[2025-12-16T23:55:36.051+0000] {docker.py:438} INFO - Could not get comments for video rAaMMjf7mzw
[2025-12-16T23:55:36.051+0000] {docker.py:438} INFO - Could not get comments for video z2ZJiIt4pmo
[2025-12-16T23:55:36.051+0000] {docker.py:438} INFO - Could not get comments for video akoe4kn00xw
[2025-12-16T23:55:36.051+0000] {docker.py:438} INFO - Could not get comments for video mBTPvvgRICQ
[2025-12-16T23:55:36.052+0000] {docker.py:438} INFO - Could not get comments for video wTbKYgUzHkA
[2025-12-16T23:55:36.052+0000] {docker.py:438} INFO - Could not get comments for video pN-QzM_pflM
[2025-12-16T23:55:36.052+0000] {docker.py:438} INFO - Could not get comments for video Fq1O5Tp7ohc
[2025-12-16T23:55:36.053+0000] {docker.py:438} INFO - Could not get comments for video poc4ctbnDYA
[2025-12-16T23:55:36.053+0000] {docker.py:438} INFO - Could not get comments for video WlYFPeBpU4s
[2025-12-16T23:55:36.053+0000] {docker.py:438} INFO - Could not get comments for video rjcejdY_iNU
[2025-12-16T23:55:36.053+0000] {docker.py:438} INFO - Could not get comments for video NL2Vq32jyeo
[2025-12-16T23:55:36.054+0000] {docker.py:438} INFO - Could not get comments for video XU7Kp2vG3NU
[2025-12-16T23:55:36.054+0000] {docker.py:438} INFO - Could not get comments for video T2_uib0J8Hc
[2025-12-16T23:55:36.054+0000] {docker.py:438} INFO - Could not get comments for video hJZ5v7dpKKM
[2025-12-16T23:55:36.055+0000] {docker.py:438} INFO - Could not get comments for video XB7TLFKnXHw
[2025-12-16T23:55:36.055+0000] {docker.py:438} INFO - Could not get comments for video rd206umLpk8
[2025-12-16T23:55:36.055+0000] {docker.py:438} INFO - Could not get comments for video CcK2Xe9BcUk
[2025-12-16T23:55:36.056+0000] {docker.py:438} INFO - Could not get comments for video tM2iMYMpRbU
[2025-12-16T23:55:36.056+0000] {docker.py:438} INFO - Could not get comments for video HSJmimPjL5M
[2025-12-16T23:55:36.056+0000] {docker.py:438} INFO - Could not get comments for video Ny3u3Z85KdQ
[2025-12-16T23:55:36.056+0000] {docker.py:438} INFO - Could not get comments for video 8ZvbInUxCXU
[2025-12-16T23:55:36.057+0000] {docker.py:438} INFO - Could not get comments for video MiPtCN_fJbA
[2025-12-16T23:55:36.057+0000] {docker.py:438} INFO - Could not get comments for video hI43prriJNQ
[2025-12-16T23:55:36.057+0000] {docker.py:438} INFO - Could not get comments for video pzDSMirut2k
[2025-12-16T23:55:36.058+0000] {docker.py:438} INFO - Could not get comments for video 15lyO5qmtg0
[2025-12-16T23:55:36.058+0000] {docker.py:438} INFO - Could not get comments for video alLf0hN5JsQ
[2025-12-16T23:55:36.058+0000] {docker.py:438} INFO - Could not get comments for video Jcoam1CeAq4
[2025-12-16T23:55:36.058+0000] {docker.py:438} INFO - Could not get comments for video OlQdgKmxSEI
[2025-12-16T23:55:36.059+0000] {docker.py:438} INFO - Could not get comments for video cqyHd3lR7C8
[2025-12-16T23:55:36.059+0000] {docker.py:438} INFO - Could not get comments for video jPlRjI63qKA
[2025-12-16T23:55:36.059+0000] {docker.py:438} INFO - Could not get comments for video qrzGLvLEe4w
[2025-12-16T23:55:36.060+0000] {docker.py:438} INFO - Could not get comments for video xaqO9UfHvYE
[2025-12-16T23:55:36.060+0000] {docker.py:438} INFO - Could not get comments for video waz5UpXZH3o
[2025-12-16T23:55:36.060+0000] {docker.py:438} INFO - Could not get comments for video PKwtART-z5M
[2025-12-16T23:55:36.060+0000] {docker.py:438} INFO - Could not get comments for video jb2s_FHBgt0
[2025-12-16T23:55:36.061+0000] {docker.py:438} INFO - Could not get comments for video Y4GdbD99FzE
[2025-12-16T23:55:36.061+0000] {docker.py:438} INFO - Could not get comments for video f7Lfukf0IKY
[2025-12-16T23:55:36.061+0000] {docker.py:438} INFO - Could not get comments for video Rbhhz9afUCU
[2025-12-16T23:55:36.062+0000] {docker.py:438} INFO - Could not get comments for video wNTB5C4DnNQ
[2025-12-16T23:55:36.062+0000] {docker.py:438} INFO - Could not get comments for video LeouHabV12s
[2025-12-16T23:55:36.062+0000] {docker.py:438} INFO - Could not get comments for video CUPe_TZECQQ
[2025-12-16T23:55:36.062+0000] {docker.py:438} INFO - Could not get comments for video bfk80hDfLXU
[2025-12-16T23:55:36.063+0000] {docker.py:438} INFO - Could not get comments for video dIqdSDNHT3I
[2025-12-16T23:55:36.063+0000] {docker.py:438} INFO - Could not get comments for video JzprzToSzXg
[2025-12-16T23:55:36.063+0000] {docker.py:438} INFO - Could not get comments for video bXLZ8I7s8tw
[2025-12-16T23:55:36.064+0000] {docker.py:438} INFO - Could not get comments for video Ra6mWPfgW4Q
[2025-12-16T23:55:36.064+0000] {docker.py:438} INFO - Could not get comments for video StKU4spwsss
[2025-12-16T23:55:36.064+0000] {docker.py:438} INFO - Could not get comments for video gpEzAnz5h2U
[2025-12-16T23:55:36.065+0000] {docker.py:438} INFO - Could not get comments for video ko8tl0657yI
[2025-12-16T23:55:36.065+0000] {docker.py:438} INFO - Could not get comments for video M1js7_gglOc
[2025-12-16T23:55:36.065+0000] {docker.py:438} INFO - Could not get comments for video Yf3kYUmMLgw
[2025-12-16T23:55:36.065+0000] {docker.py:438} INFO - Could not get comments for video P5S299Gy03M
[2025-12-16T23:55:36.066+0000] {docker.py:438} INFO - Could not get comments for video dx2XP_Oo6do
[2025-12-16T23:55:36.066+0000] {docker.py:438} INFO - Could not get comments for video Ze4ifhPPAQ8
[2025-12-16T23:55:36.066+0000] {docker.py:438} INFO - Could not get comments for video usflTKVErcg
[2025-12-16T23:55:36.067+0000] {docker.py:438} INFO - Could not get comments for video 4mTfkDkIo4s
[2025-12-16T23:55:36.067+0000] {docker.py:438} INFO - Could not get comments for video POwUgP1rxoo
[2025-12-16T23:55:36.067+0000] {docker.py:438} INFO - Could not get comments for video E3QpXj_QOqQ
[2025-12-16T23:55:36.067+0000] {docker.py:438} INFO - Could not get comments for video LtgeCKpsgEc
[2025-12-16T23:55:36.068+0000] {docker.py:438} INFO - Could not get comments for video 6o2tm00Ar8A
[2025-12-16T23:55:36.068+0000] {docker.py:438} INFO - Could not get comments for video piUicyb_F1A
[2025-12-16T23:55:36.068+0000] {docker.py:438} INFO - Could not get comments for video fBTi1zuQAIQ
[2025-12-16T23:55:36.069+0000] {docker.py:438} INFO - Could not get comments for video mUvq1vmpE70
[2025-12-16T23:55:36.069+0000] {docker.py:438} INFO - Could not get comments for video M_VLcEMPXzk
[2025-12-16T23:55:36.069+0000] {docker.py:438} INFO - Could not get comments for video k41Mq8-Axzk
[2025-12-16T23:55:36.070+0000] {docker.py:438} INFO - Could not get comments for video dSbb1NNEIu8
[2025-12-16T23:55:36.070+0000] {docker.py:438} INFO - Could not get comments for video IgT24YYn4DU
[2025-12-16T23:55:36.070+0000] {docker.py:438} INFO - Could not get comments for video o1dFc2oVkPQ
[2025-12-16T23:55:36.070+0000] {docker.py:438} INFO - Could not get comments for video xxPdTjk7beo
[2025-12-16T23:55:36.071+0000] {docker.py:438} INFO - Could not get comments for video 1tosGFzwQHo
[2025-12-16T23:55:36.071+0000] {docker.py:438} INFO - Could not get comments for video Lsq6gN1_FLo
[2025-12-16T23:55:36.071+0000] {docker.py:438} INFO - Could not get comments for video oFRdwK57dYY
[2025-12-16T23:55:36.072+0000] {docker.py:438} INFO - Could not get comments for video JMh44cq60UE
[2025-12-16T23:55:36.072+0000] {docker.py:438} INFO - Could not get comments for video lpkC5h-5Pmk
[2025-12-16T23:55:36.072+0000] {docker.py:438} INFO - Could not get comments for video qWMK16uYQbU
[2025-12-16T23:55:36.073+0000] {docker.py:438} INFO - Could not get comments for video pZxdnjj4kvk
[2025-12-16T23:55:36.073+0000] {docker.py:438} INFO - Could not get comments for video hIDDk_aDflI
[2025-12-16T23:55:36.073+0000] {docker.py:438} INFO - Could not get comments for video WF8jTZNwy6w
[2025-12-16T23:55:36.074+0000] {docker.py:438} INFO - Could not get comments for video n2czIPRE0Nc
[2025-12-16T23:55:36.074+0000] {docker.py:438} INFO - Could not get comments for video sL5XWO2Z-yw
[2025-12-16T23:55:36.074+0000] {docker.py:438} INFO - Could not get comments for video apUfuncht_4
[2025-12-16T23:55:36.075+0000] {docker.py:438} INFO - Could not get comments for video dsS2wg2Y39c
[2025-12-16T23:55:36.075+0000] {docker.py:438} INFO - Could not get comments for video WoNZUlRu168
[2025-12-16T23:55:36.075+0000] {docker.py:438} INFO - Could not get comments for video HRz7yUaeTy0
[2025-12-16T23:55:36.076+0000] {docker.py:438} INFO - Could not get comments for video 8GMYKZN0CTY
[2025-12-16T23:55:36.076+0000] {docker.py:438} INFO - Could not get comments for video 66G7TnkdMd8
[2025-12-16T23:55:36.076+0000] {docker.py:438} INFO - Could not get comments for video I_a7ozUeMx8
[2025-12-16T23:55:36.076+0000] {docker.py:438} INFO - Could not get comments for video e108RLHXi6E
[2025-12-16T23:55:36.077+0000] {docker.py:438} INFO - Could not get comments for video 8BZMuF5uV_w
[2025-12-16T23:55:36.077+0000] {docker.py:438} INFO - Could not get comments for video K3eS4jr2pIo
[2025-12-16T23:55:36.077+0000] {docker.py:438} INFO - Could not get comments for video 9QbC5Xk_1I8
[2025-12-16T23:55:36.078+0000] {docker.py:438} INFO - Could not get comments for video ZhJ6GpkjK4s
[2025-12-16T23:55:36.078+0000] {docker.py:438} INFO - Could not get comments for video l-0FD5NDWLU
[2025-12-16T23:55:36.078+0000] {docker.py:438} INFO - Could not get comments for video ElxGH4MW9Ho
[2025-12-16T23:55:36.078+0000] {docker.py:438} INFO - Could not get comments for video V0HyNEd3GHs
[2025-12-16T23:55:36.079+0000] {docker.py:438} INFO - Could not get comments for video hXP5fUfBGQQ
[2025-12-16T23:55:36.079+0000] {docker.py:438} INFO - Could not get comments for video X3HEAU3g7dA
[2025-12-16T23:55:36.079+0000] {docker.py:438} INFO - Could not get comments for video tNst8wHB6kU
[2025-12-16T23:55:36.080+0000] {docker.py:438} INFO - Could not get comments for video uIr8G7C_zgo
[2025-12-16T23:55:36.080+0000] {docker.py:438} INFO - Could not get comments for video sdhmijg7oRY
[2025-12-16T23:55:36.080+0000] {docker.py:438} INFO - Could not get comments for video 6vz3ift4RAM
[2025-12-16T23:55:36.081+0000] {docker.py:438} INFO - Could not get comments for video pXtJYwhsdkU
[2025-12-16T23:55:36.081+0000] {docker.py:438} INFO - Could not get comments for video lNdOtlpmH5U
[2025-12-16T23:55:36.081+0000] {docker.py:438} INFO - Could not get comments for video pTIGIhGSrso
[2025-12-16T23:55:36.081+0000] {docker.py:438} INFO - Could not get comments for video zvmenZfiPq4
[2025-12-16T23:55:36.082+0000] {docker.py:438} INFO - Could not get comments for video eFij9KekdVc
[2025-12-16T23:55:36.082+0000] {docker.py:438} INFO - Could not get comments for video JWOR5Y-qmfg
[2025-12-16T23:55:36.082+0000] {docker.py:438} INFO - Could not get comments for video Ksjt_I8rDrE
[2025-12-16T23:55:36.083+0000] {docker.py:438} INFO - Could not get comments for video 5-YXQ9LcEjQ
[2025-12-16T23:55:36.083+0000] {docker.py:438} INFO - Could not get comments for video HgS5__-Pt74
[2025-12-16T23:55:36.083+0000] {docker.py:438} INFO - Could not get comments for video OK1Eic3oBs4
[2025-12-16T23:55:36.083+0000] {docker.py:438} INFO - Could not get comments for video DW6jW9utbwU
[2025-12-16T23:55:36.084+0000] {docker.py:438} INFO - Could not get comments for video 1gS5v6EMaSc
[2025-12-16T23:55:36.084+0000] {docker.py:438} INFO - Could not get comments for video UYfGC31ZDJw
[2025-12-16T23:55:36.084+0000] {docker.py:438} INFO - Could not get comments for video T2M9hSswlIs
[2025-12-16T23:55:36.085+0000] {docker.py:438} INFO - Could not get comments for video jcSYlmIOOBg
[2025-12-16T23:55:36.085+0000] {docker.py:438} INFO - Could not get comments for video fDm1KLlQ4wM
[2025-12-16T23:55:36.085+0000] {docker.py:438} INFO - Could not get comments for video OAEopgIpv38
[2025-12-16T23:55:36.085+0000] {docker.py:438} INFO - Could not get comments for video JYCCK7R9DUk
[2025-12-16T23:55:36.086+0000] {docker.py:438} INFO - Could not get comments for video IXSqorYMXQA
[2025-12-16T23:55:36.086+0000] {docker.py:438} INFO - Could not get comments for video WrlkSH87u3I
[2025-12-16T23:55:36.087+0000] {docker.py:438} INFO - Could not get comments for video PmWjZkHOYuQ
[2025-12-16T23:55:36.087+0000] {docker.py:438} INFO - Could not get comments for video 1s3QPW3raN0
[2025-12-16T23:55:48.960+0000] {docker.py:438} INFO - Could not get comments for video 9awCB59ZHPs
[2025-12-16T23:55:48.961+0000] {docker.py:438} INFO - Could not get comments for video qr2ZGqtJXvg
[2025-12-16T23:55:48.961+0000] {docker.py:438} INFO - Could not get comments for video IK4B7XUqXWY
[2025-12-16T23:55:48.962+0000] {docker.py:438} INFO - Could not get comments for video gEv8eAjdB2w
[2025-12-16T23:55:48.962+0000] {docker.py:438} INFO - Could not get comments for video VOwdO6lYO9A
[2025-12-16T23:55:48.962+0000] {docker.py:438} INFO - Could not get comments for video kyja7LEyffM
[2025-12-16T23:55:48.963+0000] {docker.py:438} INFO - Could not get comments for video I-dlPuqFguo
[2025-12-16T23:55:48.963+0000] {docker.py:438} INFO - Could not get comments for video 5tEPfbrHRl4
[2025-12-16T23:55:48.963+0000] {docker.py:438} INFO - Could not get comments for video Lx1q-9DMfBc
[2025-12-16T23:55:48.964+0000] {docker.py:438} INFO - Could not get comments for video 7dJKP9Qt8JU
[2025-12-16T23:55:48.964+0000] {docker.py:438} INFO - Could not get comments for video SC6TNdLOA0w
[2025-12-16T23:55:48.964+0000] {docker.py:438} INFO - Could not get comments for video r_uKCIqf1Fg
[2025-12-16T23:55:48.965+0000] {docker.py:438} INFO - Could not get comments for video Q7WIdfY2tOw
[2025-12-16T23:55:48.965+0000] {docker.py:438} INFO - Could not get comments for video Mtknzfv9dUY
[2025-12-16T23:55:48.965+0000] {docker.py:438} INFO - Could not get comments for video tyLu_RQWicc
[2025-12-16T23:55:48.966+0000] {docker.py:438} INFO - Could not get comments for video f8BqU9wUbP0
[2025-12-16T23:55:48.966+0000] {docker.py:438} INFO - Could not get comments for video 0K1nA46Bink
[2025-12-16T23:55:48.966+0000] {docker.py:438} INFO - Could not get comments for video O3m14PVOq_g
[2025-12-16T23:55:48.967+0000] {docker.py:438} INFO - Could not get comments for video 9ODYbpotwis
[2025-12-16T23:55:48.967+0000] {docker.py:438} INFO - Could not get comments for video o6YxGbQU65Q
[2025-12-16T23:55:48.968+0000] {docker.py:438} INFO - Could not get comments for video Rkxm6g78bwE
[2025-12-16T23:55:48.968+0000] {docker.py:438} INFO - Could not get comments for video OlbtSJWLKuU
[2025-12-16T23:55:48.969+0000] {docker.py:438} INFO - Could not get comments for video ZsXUHdAN97o
[2025-12-16T23:55:48.969+0000] {docker.py:438} INFO - Could not get comments for video KvDHMeJJ_cY
[2025-12-16T23:55:48.970+0000] {docker.py:438} INFO - Could not get comments for video An01rTZjCKc
[2025-12-16T23:55:48.970+0000] {docker.py:438} INFO - Could not get comments for video kWlpq7ymUs4
[2025-12-16T23:55:48.971+0000] {docker.py:438} INFO - Could not get comments for video j2nlqXd4duY
[2025-12-16T23:55:48.971+0000] {docker.py:438} INFO - Could not get comments for video gerkxmXAhdI
[2025-12-16T23:55:48.971+0000] {docker.py:438} INFO - Could not get comments for video _kml-YupBag
[2025-12-16T23:55:48.972+0000] {docker.py:438} INFO - Could not get comments for video v6DexEerT-k
[2025-12-16T23:55:48.972+0000] {docker.py:438} INFO - Could not get comments for video WizT_VdtOYM
[2025-12-16T23:55:48.972+0000] {docker.py:438} INFO - Could not get comments for video hdabng2B9vU
[2025-12-16T23:55:48.973+0000] {docker.py:438} INFO - Could not get comments for video 38h0Zuw3cv4
[2025-12-16T23:55:48.973+0000] {docker.py:438} INFO - Could not get comments for video UASlgjC9fz0
[2025-12-16T23:55:48.974+0000] {docker.py:438} INFO - Could not get comments for video knPdMQ44jKc
[2025-12-16T23:55:48.974+0000] {docker.py:438} INFO - Could not get comments for video wCwMNybfTRA
[2025-12-16T23:55:48.975+0000] {docker.py:438} INFO - Could not get comments for video N24X8kK7H4Q
[2025-12-16T23:55:48.975+0000] {docker.py:438} INFO - Could not get comments for video vvEjUAgzIa4
[2025-12-16T23:55:48.976+0000] {docker.py:438} INFO - Could not get comments for video qlf9-573MhI
[2025-12-16T23:55:48.976+0000] {docker.py:438} INFO - Could not get comments for video szY6c1HcpuI
[2025-12-16T23:55:48.977+0000] {docker.py:438} INFO - Could not get comments for video -rzB-xeYZJI
[2025-12-16T23:55:48.977+0000] {docker.py:438} INFO - Could not get comments for video vwMNJGNV0xE
[2025-12-16T23:55:48.978+0000] {docker.py:438} INFO - Could not get comments for video Uri24Z3oc74
[2025-12-16T23:55:48.978+0000] {docker.py:438} INFO - Could not get comments for video tUiCZMeY5LM
[2025-12-16T23:55:48.978+0000] {docker.py:438} INFO - Could not get comments for video gHhmrEBZmLk
[2025-12-16T23:55:48.979+0000] {docker.py:438} INFO - Could not get comments for video 3D4JB8LzBC8
[2025-12-16T23:55:48.979+0000] {docker.py:438} INFO - Could not get comments for video XILu7hxDr2w
[2025-12-16T23:55:48.980+0000] {docker.py:438} INFO - Could not get comments for video bxN35AD2VCM
[2025-12-16T23:55:48.980+0000] {docker.py:438} INFO - Could not get comments for video 3JTknUk8YIE
[2025-12-16T23:55:48.981+0000] {docker.py:438} INFO - Could not get comments for video dE-wvWdM6jY
[2025-12-16T23:55:48.981+0000] {docker.py:438} INFO - Could not get comments for video g9MlNSD8oaE
[2025-12-16T23:55:48.981+0000] {docker.py:438} INFO - Could not get comments for video qc4GU_wHdqw
[2025-12-16T23:55:48.982+0000] {docker.py:438} INFO - Could not get comments for video rkRN_Z2UKGg
[2025-12-16T23:55:48.982+0000] {docker.py:438} INFO - Could not get comments for video 6m5vC3o2tRQ
[2025-12-16T23:55:48.983+0000] {docker.py:438} INFO - Could not get comments for video UPuI1iAxH7k
[2025-12-16T23:55:48.983+0000] {docker.py:438} INFO - Could not get comments for video zbGR03h1uAU
[2025-12-16T23:55:48.984+0000] {docker.py:438} INFO - Could not get comments for video jtwNXaU_Efs
[2025-12-16T23:55:48.984+0000] {docker.py:438} INFO - Could not get comments for video bH4RKOqAe-w
[2025-12-16T23:55:48.985+0000] {docker.py:438} INFO - Could not get comments for video XWgaOtLFQCM
[2025-12-16T23:55:48.985+0000] {docker.py:438} INFO - Could not get comments for video Jao__pHTv9Y
[2025-12-16T23:55:48.986+0000] {docker.py:438} INFO - Could not get comments for video u0_5VfqXfMc
[2025-12-16T23:55:48.986+0000] {docker.py:438} INFO - Could not get comments for video lMsCUWL-VpE
[2025-12-16T23:55:48.986+0000] {docker.py:438} INFO - Could not get comments for video W0X9WD4Yk4c
[2025-12-16T23:55:48.987+0000] {docker.py:438} INFO - Could not get comments for video AGqq5Cg4Cl4
[2025-12-16T23:55:48.987+0000] {docker.py:438} INFO - Could not get comments for video Y11SX2oHmw8
[2025-12-16T23:55:48.988+0000] {docker.py:438} INFO - Could not get comments for video DAyMePDgrJ0
[2025-12-16T23:55:48.988+0000] {docker.py:438} INFO - Could not get comments for video 5ZuUYititDU
[2025-12-16T23:55:48.988+0000] {docker.py:438} INFO - Could not get comments for video REcFuxqXTc4
[2025-12-16T23:55:48.989+0000] {docker.py:438} INFO - Could not get comments for video EwSD4uCSX_M
[2025-12-16T23:55:48.989+0000] {docker.py:438} INFO - Could not get comments for video A4ya80m9L6M
[2025-12-16T23:55:48.989+0000] {docker.py:438} INFO - Could not get comments for video Wya-lj_TWAk
[2025-12-16T23:55:48.990+0000] {docker.py:438} INFO - Could not get comments for video HIlZ-rW7dXA
[2025-12-16T23:55:48.990+0000] {docker.py:438} INFO - Could not get comments for video _nCrGZjquzk
[2025-12-16T23:55:48.990+0000] {docker.py:438} INFO - Could not get comments for video a4jzps-zPlo
[2025-12-16T23:55:48.991+0000] {docker.py:438} INFO - Could not get comments for video IyPsEF511Vw
[2025-12-16T23:55:48.991+0000] {docker.py:438} INFO - Could not get comments for video pNMBZHoNBWg
[2025-12-16T23:55:48.992+0000] {docker.py:438} INFO - Could not get comments for video h-mxesCotgs
[2025-12-16T23:55:48.992+0000] {docker.py:438} INFO - Could not get comments for video BsLC5eIjcag
[2025-12-16T23:55:48.992+0000] {docker.py:438} INFO - Could not get comments for video 5gT0x0EO9_8
[2025-12-16T23:55:48.993+0000] {docker.py:438} INFO - Could not get comments for video ZaCNnliEW9A
[2025-12-16T23:55:48.993+0000] {docker.py:438} INFO - Could not get comments for video DSTRL-bMOwY
[2025-12-16T23:55:48.993+0000] {docker.py:438} INFO - Could not get comments for video rBp73KG1Ej0
[2025-12-16T23:55:48.994+0000] {docker.py:438} INFO - Could not get comments for video JHKiDe8E4hY
[2025-12-16T23:55:48.994+0000] {docker.py:438} INFO - Could not get comments for video lJ6n52Lsjfo
[2025-12-16T23:55:48.994+0000] {docker.py:438} INFO - Could not get comments for video dPOX5SxcWUo
[2025-12-16T23:55:48.995+0000] {docker.py:438} INFO - Could not get comments for video 5bJ1aKd7xL8
[2025-12-16T23:55:48.995+0000] {docker.py:438} INFO - Could not get comments for video -rbbOf5upaU
[2025-12-16T23:55:48.995+0000] {docker.py:438} INFO - Could not get comments for video mWQTgSt7GeU
[2025-12-16T23:55:48.996+0000] {docker.py:438} INFO - Could not get comments for video ombpvrlglfU
[2025-12-16T23:55:48.996+0000] {docker.py:438} INFO - Could not get comments for video Zi5gD9Mh29A
[2025-12-16T23:55:48.996+0000] {docker.py:438} INFO - Could not get comments for video npkwUeQYGj8
[2025-12-16T23:55:48.997+0000] {docker.py:438} INFO - Could not get comments for video sV5eDJib4HE
[2025-12-16T23:55:48.997+0000] {docker.py:438} INFO - Could not get comments for video pVg2WvEtEWQ
[2025-12-16T23:55:48.998+0000] {docker.py:438} INFO - Could not get comments for video ozWseKZV6Ac
[2025-12-16T23:55:48.998+0000] {docker.py:438} INFO - Could not get comments for video t0VqCDP0rnQ
[2025-12-16T23:55:48.998+0000] {docker.py:438} INFO - Could not get comments for video wsT2bBo4XT8
[2025-12-16T23:55:48.998+0000] {docker.py:438} INFO - Could not get comments for video AtfoKoiIW-s
[2025-12-16T23:55:48.999+0000] {docker.py:438} INFO - Could not get comments for video 7P6RArpBwDk
[2025-12-16T23:55:48.999+0000] {docker.py:438} INFO - Could not get comments for video ELavuz3btaE
[2025-12-16T23:55:48.999+0000] {docker.py:438} INFO - Could not get comments for video T6hmdrsLQj8
[2025-12-16T23:55:49.000+0000] {docker.py:438} INFO - Could not get comments for video 2LR8N2ko6a8
[2025-12-16T23:55:49.000+0000] {docker.py:438} INFO - Could not get comments for video kQA27U_K_UE
[2025-12-16T23:55:49.000+0000] {docker.py:438} INFO - Could not get comments for video OrElyY7MFVs
[2025-12-16T23:55:49.001+0000] {docker.py:438} INFO - Could not get comments for video -lzlQCtT1rU
[2025-12-16T23:55:49.001+0000] {docker.py:438} INFO - Could not get comments for video K-ssUVyfn5g
[2025-12-16T23:55:49.001+0000] {docker.py:438} INFO - Could not get comments for video MqXjqOy-TA8
[2025-12-16T23:55:49.002+0000] {docker.py:438} INFO - Could not get comments for video bg242QzbfNc
[2025-12-16T23:55:49.002+0000] {docker.py:438} INFO - Could not get comments for video ngWZaSbw130
[2025-12-16T23:55:49.002+0000] {docker.py:438} INFO - Could not get comments for video WqBkyS83b44
[2025-12-16T23:55:49.003+0000] {docker.py:438} INFO - Could not get comments for video IhfxUm3cmuM
[2025-12-16T23:55:49.003+0000] {docker.py:438} INFO - Could not get comments for video ZazwqwjDY6M
[2025-12-16T23:55:49.004+0000] {docker.py:438} INFO - Could not get comments for video YuCRDlEFaw4
[2025-12-16T23:55:49.004+0000] {docker.py:438} INFO - Could not get comments for video MN1CR7PE0LQ
[2025-12-16T23:55:49.004+0000] {docker.py:438} INFO - Could not get comments for video seXu3jYxs0Y
[2025-12-16T23:55:49.005+0000] {docker.py:438} INFO - Could not get comments for video cTH824WnA3U
[2025-12-16T23:55:49.005+0000] {docker.py:438} INFO - Could not get comments for video Bf4Hs5E9eNg
[2025-12-16T23:55:49.005+0000] {docker.py:438} INFO - Could not get comments for video tQSKyvjsUuI
[2025-12-16T23:55:49.006+0000] {docker.py:438} INFO - Could not get comments for video UlIDxrK43ko
[2025-12-16T23:55:49.006+0000] {docker.py:438} INFO - Could not get comments for video sBba4MGPc2U
[2025-12-16T23:55:49.006+0000] {docker.py:438} INFO - Could not get comments for video mVR_nLBeS24
[2025-12-16T23:55:49.007+0000] {docker.py:438} INFO - Could not get comments for video XpopyNZKYKw
[2025-12-16T23:55:49.007+0000] {docker.py:438} INFO - Could not get comments for video 06aaT3kZdkE
[2025-12-16T23:55:49.007+0000] {docker.py:438} INFO - Could not get comments for video GJHH3SI_9Fo
[2025-12-16T23:55:49.008+0000] {docker.py:438} INFO - Could not get comments for video 76yqErAib5g
[2025-12-16T23:55:49.008+0000] {docker.py:438} INFO - Could not get comments for video 4V2ZwgJw62I
[2025-12-16T23:55:49.008+0000] {docker.py:438} INFO - Could not get comments for video pPKJ_Pk9zZs
[2025-12-16T23:55:49.009+0000] {docker.py:438} INFO - Could not get comments for video COhm-736828
[2025-12-16T23:55:49.009+0000] {docker.py:438} INFO - Could not get comments for video 6x1i0K4Eg1g
[2025-12-16T23:55:49.010+0000] {docker.py:438} INFO - Could not get comments for video nQggHK36gK8
[2025-12-16T23:55:49.010+0000] {docker.py:438} INFO - Could not get comments for video FJwp5RBLQcs
[2025-12-16T23:55:49.011+0000] {docker.py:438} INFO - Could not get comments for video lCrMAtbBUJA
[2025-12-16T23:55:49.011+0000] {docker.py:438} INFO - Could not get comments for video 6Dvkq5yAvcA
[2025-12-16T23:55:49.011+0000] {docker.py:438} INFO - Could not get comments for video 7hVqxhZaxtk
[2025-12-16T23:55:49.012+0000] {docker.py:438} INFO - Could not get comments for video Dyliijbw_aQ
[2025-12-16T23:55:49.012+0000] {docker.py:438} INFO - Could not get comments for video Toz7XEsSH_o
[2025-12-16T23:55:49.013+0000] {docker.py:438} INFO - Could not get comments for video Gg8_TA7U0Uw
[2025-12-16T23:55:49.013+0000] {docker.py:438} INFO - Could not get comments for video HPcIwHwZIhI
[2025-12-16T23:55:49.013+0000] {docker.py:438} INFO - Could not get comments for video mZOVLrLXKCE
[2025-12-16T23:55:49.014+0000] {docker.py:438} INFO - Could not get comments for video F7JMKzBr8HY
[2025-12-16T23:55:49.014+0000] {docker.py:438} INFO - Could not get comments for video kM0ZADKIXU8
[2025-12-16T23:55:49.014+0000] {docker.py:438} INFO - Could not get comments for video wlvxviP-xNg
[2025-12-16T23:55:49.015+0000] {docker.py:438} INFO - Could not get comments for video 3monI2ExCJU
[2025-12-16T23:55:49.015+0000] {docker.py:438} INFO - Could not get comments for video Gx2vyi4JcV0
[2025-12-16T23:55:49.016+0000] {docker.py:438} INFO - Could not get comments for video P6xJm38guuM
[2025-12-16T23:55:49.016+0000] {docker.py:438} INFO - Could not get comments for video XiGaXVJHwhc
[2025-12-16T23:55:49.016+0000] {docker.py:438} INFO - Could not get comments for video qfeQt02cg6I
[2025-12-16T23:55:49.017+0000] {docker.py:438} INFO - Could not get comments for video gtXHePXjVlE
[2025-12-16T23:55:49.017+0000] {docker.py:438} INFO - Could not get comments for video I9m00NGPwgg
[2025-12-16T23:55:49.017+0000] {docker.py:438} INFO - Could not get comments for video _D_C2-2FZ5w
[2025-12-16T23:55:49.018+0000] {docker.py:438} INFO - Could not get comments for video 6cXQ6zk0Nrk
[2025-12-16T23:55:49.018+0000] {docker.py:438} INFO - Could not get comments for video 4aYVLpY5FYU
[2025-12-16T23:55:49.018+0000] {docker.py:438} INFO - Could not get comments for video 0l5tcF6Rao0
[2025-12-16T23:55:49.019+0000] {docker.py:438} INFO - Could not get comments for video awnn-bqV_Tw
[2025-12-16T23:55:49.019+0000] {docker.py:438} INFO - Could not get comments for video nAXY89s0t4E
[2025-12-16T23:55:49.019+0000] {docker.py:438} INFO - Could not get comments for video eGdn6FTIF5I
[2025-12-16T23:55:49.019+0000] {docker.py:438} INFO - Could not get comments for video TpBhsfreU5Q
[2025-12-16T23:55:49.020+0000] {docker.py:438} INFO - Could not get comments for video MgI6iquuuzA
[2025-12-16T23:55:49.020+0000] {docker.py:438} INFO - Could not get comments for video N282bXQYRFc
[2025-12-16T23:55:49.020+0000] {docker.py:438} INFO - Could not get comments for video dxRmw5ZumU0
[2025-12-16T23:55:49.021+0000] {docker.py:438} INFO - Could not get comments for video 9DH4pAg1qaQ
[2025-12-16T23:55:49.021+0000] {docker.py:438} INFO - Could not get comments for video L11WCsRqrIg
[2025-12-16T23:55:49.021+0000] {docker.py:438} INFO - Could not get comments for video pcvcKIHGtGs
[2025-12-16T23:55:49.022+0000] {docker.py:438} INFO - Could not get comments for video 1EyBVAwasHk
[2025-12-16T23:55:49.022+0000] {docker.py:438} INFO - Could not get comments for video Oq4c-_iAzQo
[2025-12-16T23:55:49.022+0000] {docker.py:438} INFO - Could not get comments for video dlKBmzQbiyU
[2025-12-16T23:55:49.023+0000] {docker.py:438} INFO - Could not get comments for video eUIw9TZBIV8
[2025-12-16T23:55:49.023+0000] {docker.py:438} INFO - Could not get comments for video V7342SesjCs
[2025-12-16T23:55:49.023+0000] {docker.py:438} INFO - Could not get comments for video yGYh_6WdAjA
[2025-12-16T23:55:49.024+0000] {docker.py:438} INFO - Could not get comments for video Suw3XoPlCaM
[2025-12-16T23:55:49.024+0000] {docker.py:438} INFO - Could not get comments for video m_Rz7mY8Lyc
[2025-12-16T23:55:49.024+0000] {docker.py:438} INFO - Could not get comments for video gcGquCZxsJc
[2025-12-16T23:55:49.025+0000] {docker.py:438} INFO - Could not get comments for video d5EUzuV9IjU
[2025-12-16T23:55:49.025+0000] {docker.py:438} INFO - Could not get comments for video eENUPfSvuuE
[2025-12-16T23:55:49.025+0000] {docker.py:438} INFO - Could not get comments for video unityETmypk
[2025-12-16T23:55:49.026+0000] {docker.py:438} INFO - Could not get comments for video Wg3VWhu_M6Q
[2025-12-16T23:55:49.026+0000] {docker.py:438} INFO - Could not get comments for video KrrqVODE2O4
[2025-12-16T23:55:49.026+0000] {docker.py:438} INFO - Could not get comments for video jeSkdpQQtz4
[2025-12-16T23:55:49.027+0000] {docker.py:438} INFO - Could not get comments for video IScN1SOcj7A
[2025-12-16T23:55:49.027+0000] {docker.py:438} INFO - Could not get comments for video 7m0p8EFy3Pw
[2025-12-16T23:55:49.027+0000] {docker.py:438} INFO - Could not get comments for video GY9lNl3EO1I
[2025-12-16T23:55:49.028+0000] {docker.py:438} INFO - Could not get comments for video UGzNMRWEXjU
[2025-12-16T23:55:49.028+0000] {docker.py:438} INFO - Could not get comments for video xT8M90RMsYY
[2025-12-16T23:55:49.028+0000] {docker.py:438} INFO - Could not get comments for video FQJ3MsQFKNg
[2025-12-16T23:55:59.945+0000] {docker.py:438} INFO - Could not get comments for video FbSNfj2S6Pw
[2025-12-16T23:55:59.946+0000] {docker.py:438} INFO - Could not get comments for video QuD7I_o1WP0
[2025-12-16T23:55:59.947+0000] {docker.py:438} INFO - Could not get comments for video qffXR9nRO90
[2025-12-16T23:55:59.947+0000] {docker.py:438} INFO - Could not get comments for video pL3lCNCffgg
[2025-12-16T23:55:59.948+0000] {docker.py:438} INFO - Could not get comments for video vQBhSZGq6ns
[2025-12-16T23:55:59.948+0000] {docker.py:438} INFO - Could not get comments for video Bry8a_7b9aM
[2025-12-16T23:55:59.948+0000] {docker.py:438} INFO - Could not get comments for video wmQt-QM0mbQ
[2025-12-16T23:55:59.949+0000] {docker.py:438} INFO - Could not get comments for video I5hTDOckpnU
[2025-12-16T23:55:59.949+0000] {docker.py:438} INFO - Could not get comments for video OlU5OWWqPcQ
[2025-12-16T23:55:59.950+0000] {docker.py:438} INFO - Could not get comments for video o4qiwWFdZ_U
[2025-12-16T23:55:59.950+0000] {docker.py:438} INFO - Could not get comments for video iONDebHX9qk
[2025-12-16T23:55:59.950+0000] {docker.py:438} INFO - Could not get comments for video M5y69v1RbU0
[2025-12-16T23:55:59.951+0000] {docker.py:438} INFO - Could not get comments for video acBJsjCqgtM
[2025-12-16T23:55:59.951+0000] {docker.py:438} INFO - Could not get comments for video 6Fa5f9_4Oi4
[2025-12-16T23:55:59.951+0000] {docker.py:438} INFO - Could not get comments for video CZI5uBumcgg
[2025-12-16T23:55:59.952+0000] {docker.py:438} INFO - Could not get comments for video FiRp3GEebms
[2025-12-16T23:55:59.952+0000] {docker.py:438} INFO - Could not get comments for video khQomXNzhkE
[2025-12-16T23:55:59.953+0000] {docker.py:438} INFO - Could not get comments for video RP0oVOH4Zz4
[2025-12-16T23:55:59.953+0000] {docker.py:438} INFO - Could not get comments for video DhGSyddz-g0
[2025-12-16T23:55:59.953+0000] {docker.py:438} INFO - Could not get comments for video 3LXUVa4ugwc
[2025-12-16T23:55:59.954+0000] {docker.py:438} INFO - Could not get comments for video hRx1ShvWWeI
[2025-12-16T23:55:59.954+0000] {docker.py:438} INFO - Could not get comments for video CFN1uO1g3ls
[2025-12-16T23:55:59.954+0000] {docker.py:438} INFO - Could not get comments for video pUmuBfkqBY0
[2025-12-16T23:55:59.955+0000] {docker.py:438} INFO - Could not get comments for video hXkiAfjFtgU
[2025-12-16T23:55:59.955+0000] {docker.py:438} INFO - Could not get comments for video a3qVXVE_bYQ
[2025-12-16T23:55:59.955+0000] {docker.py:438} INFO - Could not get comments for video B1Zm6TGsFXk
[2025-12-16T23:55:59.956+0000] {docker.py:438} INFO - Could not get comments for video xHFebdaObWo
[2025-12-16T23:55:59.956+0000] {docker.py:438} INFO - Could not get comments for video x_5poMWS-L4
[2025-12-16T23:55:59.957+0000] {docker.py:438} INFO - Could not get comments for video BCWfXWVVsKo
[2025-12-16T23:55:59.957+0000] {docker.py:438} INFO - Could not get comments for video nl8LQrbMdqQ
[2025-12-16T23:55:59.957+0000] {docker.py:438} INFO - Could not get comments for video 5FgvGQXfV10
[2025-12-16T23:55:59.958+0000] {docker.py:438} INFO - Could not get comments for video nk_Pfxmqn6g
[2025-12-16T23:55:59.958+0000] {docker.py:438} INFO - Could not get comments for video W3CDMcWlPyM
[2025-12-16T23:55:59.958+0000] {docker.py:438} INFO - Could not get comments for video ywiSy49yhyU
[2025-12-16T23:55:59.959+0000] {docker.py:438} INFO - Could not get comments for video vyVpRiqOvt4
[2025-12-16T23:55:59.959+0000] {docker.py:438} INFO - Could not get comments for video RBcEpsTmT8Y
[2025-12-16T23:55:59.959+0000] {docker.py:438} INFO - Could not get comments for video cs7TCNDQy1E
[2025-12-16T23:55:59.960+0000] {docker.py:438} INFO - Could not get comments for video dbN2Zvn0npw
[2025-12-16T23:55:59.960+0000] {docker.py:438} INFO - Could not get comments for video KMskdqtR1yA
[2025-12-16T23:55:59.961+0000] {docker.py:438} INFO - Could not get comments for video GpL4jfLZY3Q
[2025-12-16T23:55:59.961+0000] {docker.py:438} INFO - Could not get comments for video 5791L8VEHZw
[2025-12-16T23:55:59.962+0000] {docker.py:438} INFO - Could not get comments for video d-bbJUQ_Vro
[2025-12-16T23:55:59.962+0000] {docker.py:438} INFO - Could not get comments for video pqUxibdbv38
[2025-12-16T23:55:59.963+0000] {docker.py:438} INFO - Could not get comments for video ERGbgvvCJ8o
[2025-12-16T23:55:59.963+0000] {docker.py:438} INFO - Could not get comments for video 0rkRC728rIU
[2025-12-16T23:55:59.964+0000] {docker.py:438} INFO - Could not get comments for video VTTp5A-rSdc
[2025-12-16T23:55:59.964+0000] {docker.py:438} INFO - Could not get comments for video 9s7AXw7o76Q
[2025-12-16T23:55:59.964+0000] {docker.py:438} INFO - Could not get comments for video w47z_wz6XBA
[2025-12-16T23:55:59.965+0000] {docker.py:438} INFO - Could not get comments for video x-hGIYZj2Rw
[2025-12-16T23:55:59.965+0000] {docker.py:438} INFO - Could not get comments for video WQWiLZ1M6xw
[2025-12-16T23:55:59.966+0000] {docker.py:438} INFO - Could not get comments for video 8B_O04IdW9M
[2025-12-16T23:55:59.967+0000] {docker.py:438} INFO - Could not get comments for video SKagZybuw7o
[2025-12-16T23:55:59.967+0000] {docker.py:438} INFO - Could not get comments for video ZJto0cpF3XU
[2025-12-16T23:55:59.967+0000] {docker.py:438} INFO - Could not get comments for video GGqB46Gi4Ko
[2025-12-16T23:55:59.968+0000] {docker.py:438} INFO - Could not get comments for video iw425d9irZ4
[2025-12-16T23:55:59.968+0000] {docker.py:438} INFO - Could not get comments for video BmznD0BNCzE
[2025-12-16T23:55:59.969+0000] {docker.py:438} INFO - Could not get comments for video mSTWHQ5NDIg
[2025-12-16T23:55:59.969+0000] {docker.py:438} INFO - Could not get comments for video E78SM77gmFY
[2025-12-16T23:55:59.969+0000] {docker.py:438} INFO - Could not get comments for video 5sKPaDmcJH0
[2025-12-16T23:55:59.970+0000] {docker.py:438} INFO - Could not get comments for video 5wDfRwAmIVY
[2025-12-16T23:55:59.970+0000] {docker.py:438} INFO - Could not get comments for video zW__u6blbEQ
[2025-12-16T23:55:59.971+0000] {docker.py:438} INFO - Could not get comments for video s5nrAKLZgMM
[2025-12-16T23:55:59.971+0000] {docker.py:438} INFO - Could not get comments for video yCR26po2Akg
[2025-12-16T23:55:59.971+0000] {docker.py:438} INFO - Could not get comments for video iNI-1Vy6WM4
[2025-12-16T23:55:59.972+0000] {docker.py:438} INFO - Could not get comments for video LOxn0iBAl5I
[2025-12-16T23:55:59.972+0000] {docker.py:438} INFO - Could not get comments for video uGB2z2IZS0I
[2025-12-16T23:55:59.972+0000] {docker.py:438} INFO - Could not get comments for video YNtnP-j3DA8
[2025-12-16T23:55:59.973+0000] {docker.py:438} INFO - Could not get comments for video i6jjc9tfwt8
[2025-12-16T23:55:59.973+0000] {docker.py:438} INFO - Could not get comments for video gtRqbbiWU30
[2025-12-16T23:55:59.974+0000] {docker.py:438} INFO - Could not get comments for video HJyrY3bRTn4
[2025-12-16T23:55:59.974+0000] {docker.py:438} INFO - Could not get comments for video nsUL3sRh6Ek
[2025-12-16T23:55:59.974+0000] {docker.py:438} INFO - Could not get comments for video gFQNPmLKj1k
[2025-12-16T23:55:59.975+0000] {docker.py:438} INFO - Could not get comments for video AjoxkxM_I5g
[2025-12-16T23:55:59.975+0000] {docker.py:438} INFO - Could not get comments for video qwywV8VhMkA
[2025-12-16T23:55:59.976+0000] {docker.py:438} INFO - Could not get comments for video gWFCy-pWeDo
[2025-12-16T23:55:59.976+0000] {docker.py:438} INFO - Could not get comments for video HJgnBktX5_0
[2025-12-16T23:55:59.977+0000] {docker.py:438} INFO - Could not get comments for video zPc0j-Rzo28
[2025-12-16T23:55:59.977+0000] {docker.py:438} INFO - Could not get comments for video CuLOnlXlgVY
[2025-12-16T23:55:59.977+0000] {docker.py:438} INFO - Could not get comments for video TgOmBWdK84k
[2025-12-16T23:55:59.978+0000] {docker.py:438} INFO - Could not get comments for video WsOiuxm8qB4
[2025-12-16T23:55:59.978+0000] {docker.py:438} INFO - Could not get comments for video lhpY1frNqdA
[2025-12-16T23:55:59.979+0000] {docker.py:438} INFO - Could not get comments for video I3MeCEwVxB0
[2025-12-16T23:55:59.979+0000] {docker.py:438} INFO - Could not get comments for video sMu1m57KYGI
[2025-12-16T23:55:59.980+0000] {docker.py:438} INFO - Could not get comments for video _sothj2aipE
[2025-12-16T23:55:59.980+0000] {docker.py:438} INFO - Could not get comments for video wpcVQeF07G4
[2025-12-16T23:55:59.981+0000] {docker.py:438} INFO - Could not get comments for video OP3dA2GcAh8
[2025-12-16T23:55:59.981+0000] {docker.py:438} INFO - Could not get comments for video 1ArVtCQqQRE
[2025-12-16T23:55:59.982+0000] {docker.py:438} INFO - Could not get comments for video 9otYs7w7DBY
[2025-12-16T23:55:59.982+0000] {docker.py:438} INFO - Could not get comments for video B58mAePXYbo
[2025-12-16T23:55:59.983+0000] {docker.py:438} INFO - Could not get comments for video X52jSWjnvC0
[2025-12-16T23:55:59.983+0000] {docker.py:438} INFO - Could not get comments for video UE4dTKiNGa0
[2025-12-16T23:55:59.984+0000] {docker.py:438} INFO - Could not get comments for video yBP1VjO9RSE
[2025-12-16T23:55:59.984+0000] {docker.py:438} INFO - Could not get comments for video Xg2cmsnvWx8
[2025-12-16T23:55:59.984+0000] {docker.py:438} INFO - Could not get comments for video mcitELserqk
[2025-12-16T23:55:59.985+0000] {docker.py:438} INFO - Could not get comments for video bpikCLhpIRY
[2025-12-16T23:55:59.985+0000] {docker.py:438} INFO - Could not get comments for video cYyIpzlkq7E
[2025-12-16T23:55:59.986+0000] {docker.py:438} INFO - Could not get comments for video NquuITL9-ZA
[2025-12-16T23:55:59.986+0000] {docker.py:438} INFO - Could not get comments for video TGd0Y4Ch8B8
[2025-12-16T23:55:59.987+0000] {docker.py:438} INFO - Could not get comments for video Fk3csAdegBI
[2025-12-16T23:55:59.987+0000] {docker.py:438} INFO - Could not get comments for video uJgv0XQOehs
[2025-12-16T23:55:59.988+0000] {docker.py:438} INFO - Could not get comments for video y1NKkWELlhQ
[2025-12-16T23:55:59.988+0000] {docker.py:438} INFO - Could not get comments for video xmKjDEvp4HY
[2025-12-16T23:55:59.988+0000] {docker.py:438} INFO - Could not get comments for video kzAuvOr-YsM
[2025-12-16T23:55:59.989+0000] {docker.py:438} INFO - Could not get comments for video UAUDcoqK5I4
[2025-12-16T23:55:59.989+0000] {docker.py:438} INFO - Could not get comments for video 8NBhJy_GopM
[2025-12-16T23:55:59.989+0000] {docker.py:438} INFO - Could not get comments for video reazJx4INyM
[2025-12-16T23:55:59.990+0000] {docker.py:438} INFO - Could not get comments for video mCV9KJiTQps
[2025-12-16T23:55:59.990+0000] {docker.py:438} INFO - Could not get comments for video TLZr5GVeLcY
[2025-12-16T23:55:59.990+0000] {docker.py:438} INFO - Could not get comments for video t6GPiy7fuEQ
[2025-12-16T23:55:59.991+0000] {docker.py:438} INFO - Could not get comments for video Zo5cf_CgR6M
[2025-12-16T23:55:59.991+0000] {docker.py:438} INFO - Could not get comments for video eGXbCUXAKYs
[2025-12-16T23:55:59.991+0000] {docker.py:438} INFO - Could not get comments for video cjPWFTtn5wM
[2025-12-16T23:55:59.992+0000] {docker.py:438} INFO - Could not get comments for video 8u0RK3L0D64
[2025-12-16T23:55:59.992+0000] {docker.py:438} INFO - Could not get comments for video _5nw6gLRe34
[2025-12-16T23:55:59.993+0000] {docker.py:438} INFO - Could not get comments for video qSWAFAmzJTE
[2025-12-16T23:55:59.993+0000] {docker.py:438} INFO - Could not get comments for video TH0nNn6SmXw
[2025-12-16T23:55:59.993+0000] {docker.py:438} INFO - Could not get comments for video M_bCVdB1jRY
[2025-12-16T23:55:59.994+0000] {docker.py:438} INFO - Could not get comments for video HVRHozw5GA4
[2025-12-16T23:55:59.994+0000] {docker.py:438} INFO - Could not get comments for video _jSbuDftmcc
[2025-12-16T23:55:59.994+0000] {docker.py:438} INFO - Could not get comments for video YT7tQzmGRLA
[2025-12-16T23:55:59.995+0000] {docker.py:438} INFO - Could not get comments for video Kppgzbun71I
[2025-12-16T23:55:59.995+0000] {docker.py:438} INFO - Could not get comments for video ZijqVV1NqYQ
[2025-12-16T23:55:59.995+0000] {docker.py:438} INFO - Could not get comments for video kfxiIG8ZD9g
[2025-12-16T23:55:59.996+0000] {docker.py:438} INFO - Could not get comments for video fKNiV9UHPPo
[2025-12-16T23:55:59.996+0000] {docker.py:438} INFO - Could not get comments for video RGbCR_pq4_A
[2025-12-16T23:55:59.997+0000] {docker.py:438} INFO - Could not get comments for video s3vVUq2520U
[2025-12-16T23:55:59.997+0000] {docker.py:438} INFO - Could not get comments for video SGzk_FbJ-dQ
[2025-12-16T23:55:59.997+0000] {docker.py:438} INFO - Could not get comments for video i2Fm4hyZTMc
[2025-12-16T23:55:59.998+0000] {docker.py:438} INFO - Could not get comments for video PQWWKAtYmG4
[2025-12-16T23:55:59.998+0000] {docker.py:438} INFO - Could not get comments for video _NJWXVSs65c
[2025-12-16T23:55:59.998+0000] {docker.py:438} INFO - Could not get comments for video sJeWfYLawaQ
[2025-12-16T23:55:59.999+0000] {docker.py:438} INFO - Could not get comments for video FdSF4OfQ9f0
[2025-12-16T23:55:59.999+0000] {docker.py:438} INFO - Could not get comments for video RDeJe_2TWUE
[2025-12-16T23:55:59.999+0000] {docker.py:438} INFO - Could not get comments for video epF2SYpWtos
[2025-12-16T23:56:00.000+0000] {docker.py:438} INFO - Could not get comments for video kX0sHQfjETY
[2025-12-16T23:56:00.000+0000] {docker.py:438} INFO - Could not get comments for video t-oxoHAUSR4
[2025-12-16T23:56:00.000+0000] {docker.py:438} INFO - Could not get comments for video O96Y3-ldp10
[2025-12-16T23:56:00.001+0000] {docker.py:438} INFO - Could not get comments for video yOC7w8kfsB4
[2025-12-16T23:56:00.002+0000] {docker.py:438} INFO - Could not get comments for video D4Z7cQ7jLGc
[2025-12-16T23:56:00.002+0000] {docker.py:438} INFO - Could not get comments for video X9Th_OBKyQ8
[2025-12-16T23:56:00.003+0000] {docker.py:438} INFO - Could not get comments for video C0syvUws1ps
[2025-12-16T23:56:00.003+0000] {docker.py:438} INFO - Could not get comments for video Hw3SpLQYeLA
[2025-12-16T23:56:00.004+0000] {docker.py:438} INFO - Could not get comments for video l5nr-SnRsK8
[2025-12-16T23:56:00.004+0000] {docker.py:438} INFO - Could not get comments for video AS1m0lmtDQI
[2025-12-16T23:56:00.005+0000] {docker.py:438} INFO - Could not get comments for video N0xpPCJK9iE
[2025-12-16T23:56:00.005+0000] {docker.py:438} INFO - Could not get comments for video -7Sl5cnxMxw
[2025-12-16T23:56:00.005+0000] {docker.py:438} INFO - Could not get comments for video ONG26-2mIHU
[2025-12-16T23:56:00.006+0000] {docker.py:438} INFO - Could not get comments for video uQrXLHiFszk
[2025-12-16T23:56:00.006+0000] {docker.py:438} INFO - Could not get comments for video 0duNfnP8Z50
[2025-12-16T23:56:00.006+0000] {docker.py:438} INFO - Could not get comments for video wfbEoq634ZY
[2025-12-16T23:56:00.007+0000] {docker.py:438} INFO - Could not get comments for video Cky0O-hANDI
[2025-12-16T23:56:00.008+0000] {docker.py:438} INFO - Could not get comments for video QDU4S4sfb_g
[2025-12-16T23:56:00.008+0000] {docker.py:438} INFO - Could not get comments for video xXVnz6t1aMs
[2025-12-16T23:56:00.008+0000] {docker.py:438} INFO - Could not get comments for video l3hOrfLuxU0
[2025-12-16T23:56:00.009+0000] {docker.py:438} INFO - Could not get comments for video H7zolPUcJCM
[2025-12-16T23:56:00.009+0000] {docker.py:438} INFO - Could not get comments for video Ck5JOj4TlM4
[2025-12-16T23:56:00.010+0000] {docker.py:438} INFO - Could not get comments for video PHgdXWZLs9g
[2025-12-16T23:56:00.010+0000] {docker.py:438} INFO - Could not get comments for video oWRw-Qu4h8g
[2025-12-16T23:56:00.011+0000] {docker.py:438} INFO - Could not get comments for video PhrhAa8P9wM
[2025-12-16T23:56:00.011+0000] {docker.py:438} INFO - Could not get comments for video RvrfOt2pqR0
[2025-12-16T23:56:00.011+0000] {docker.py:438} INFO - Could not get comments for video tH_Jriu7XkU
[2025-12-16T23:56:00.012+0000] {docker.py:438} INFO - Could not get comments for video fDbxPVn02VU
[2025-12-16T23:56:00.012+0000] {docker.py:438} INFO - Could not get comments for video 96McQ3PHU7A
[2025-12-16T23:56:00.012+0000] {docker.py:438} INFO - Could not get comments for video 0Mzj2i7Z8uE
[2025-12-16T23:56:00.013+0000] {docker.py:438} INFO - Could not get comments for video XVhzQgRnYps
[2025-12-16T23:56:00.013+0000] {docker.py:438} INFO - Could not get comments for video Q9tRunbdKqU
[2025-12-16T23:56:00.013+0000] {docker.py:438} INFO - Could not get comments for video 8tKuviI68Ss
[2025-12-16T23:56:00.014+0000] {docker.py:438} INFO - Could not get comments for video HuX3yT4rvDs
[2025-12-16T23:56:00.014+0000] {docker.py:438} INFO - Could not get comments for video lKYBB-Uw1IM
[2025-12-16T23:56:00.014+0000] {docker.py:438} INFO - Could not get comments for video STYohijxBNY
[2025-12-16T23:56:00.015+0000] {docker.py:438} INFO - Could not get comments for video 80rugVXQzes
[2025-12-16T23:56:00.015+0000] {docker.py:438} INFO - Could not get comments for video gGZ3uO2p5qY
[2025-12-16T23:56:00.016+0000] {docker.py:438} INFO - Could not get comments for video Qu1QNcetiK0
[2025-12-16T23:56:00.016+0000] {docker.py:438} INFO - Could not get comments for video ODl5FOMu8kI
[2025-12-16T23:56:00.017+0000] {docker.py:438} INFO - Could not get comments for video 4f7iiu5ck8U
[2025-12-16T23:56:00.017+0000] {docker.py:438} INFO - Could not get comments for video u2jUmds5ZFU
[2025-12-16T23:56:00.018+0000] {docker.py:438} INFO - Could not get comments for video UKCGs5sfheM
[2025-12-16T23:56:00.018+0000] {docker.py:438} INFO - Could not get comments for video JwhsPdN2RNg
[2025-12-16T23:56:00.019+0000] {docker.py:438} INFO - Could not get comments for video -hzWbMy0CBg
[2025-12-16T23:56:00.020+0000] {docker.py:438} INFO - Could not get comments for video 3NdH1pdQVhE
[2025-12-16T23:56:00.020+0000] {docker.py:438} INFO - Could not get comments for video H2_WC2bcKE8
[2025-12-16T23:56:00.021+0000] {docker.py:438} INFO - Could not get comments for video 8lhSb5libHY
[2025-12-16T23:56:00.021+0000] {docker.py:438} INFO - Could not get comments for video 5Nin1OtjOlU
[2025-12-16T23:56:13.008+0000] {docker.py:438} INFO - Could not get comments for video tTexU42KzsI
[2025-12-16T23:56:13.009+0000] {docker.py:438} INFO - Could not get comments for video S8JLJqLvhzo
[2025-12-16T23:56:13.009+0000] {docker.py:438} INFO - Could not get comments for video M6mFP3NzxrQ
[2025-12-16T23:56:13.010+0000] {docker.py:438} INFO - Could not get comments for video yjTC5Jbe0ac
[2025-12-16T23:56:13.010+0000] {docker.py:438} INFO - Could not get comments for video Te0_nt62lJQ
[2025-12-16T23:56:13.011+0000] {docker.py:438} INFO - Could not get comments for video jFACcujmdE4
[2025-12-16T23:56:13.011+0000] {docker.py:438} INFO - Could not get comments for video i7awefFU_Hg
[2025-12-16T23:56:13.011+0000] {docker.py:438} INFO - Could not get comments for video k5A26Sc63F0
[2025-12-16T23:56:13.012+0000] {docker.py:438} INFO - Could not get comments for video YF00S6U_C1g
[2025-12-16T23:56:13.012+0000] {docker.py:438} INFO - Could not get comments for video ij1IKwE2MgM
[2025-12-16T23:56:13.012+0000] {docker.py:438} INFO - Could not get comments for video OA9tU1G6O-s
[2025-12-16T23:56:13.012+0000] {docker.py:438} INFO - Could not get comments for video tQCKsyQO-lY
[2025-12-16T23:56:13.013+0000] {docker.py:438} INFO - Could not get comments for video re4Cjf_qqLA
[2025-12-16T23:56:13.013+0000] {docker.py:438} INFO - Could not get comments for video jFlYIwM_Rco
[2025-12-16T23:56:13.013+0000] {docker.py:438} INFO - Could not get comments for video TvytweSNkiE
[2025-12-16T23:56:13.014+0000] {docker.py:438} INFO - Could not get comments for video lFAm7HZ8gTg
[2025-12-16T23:56:13.014+0000] {docker.py:438} INFO - Could not get comments for video W-EpiaPcgTk
[2025-12-16T23:56:13.014+0000] {docker.py:438} INFO - Could not get comments for video 94emc6eqllE
[2025-12-16T23:56:13.014+0000] {docker.py:438} INFO - Could not get comments for video ZQpSCgTnEeI
[2025-12-16T23:56:13.015+0000] {docker.py:438} INFO - Could not get comments for video Z-xazrZnY8A
[2025-12-16T23:56:13.015+0000] {docker.py:438} INFO - Could not get comments for video xFX-lyLU2X8
[2025-12-16T23:56:13.015+0000] {docker.py:438} INFO - Could not get comments for video BpLOu3sv-Jw
[2025-12-16T23:56:13.016+0000] {docker.py:438} INFO - Could not get comments for video -46Vyiwat_Y
[2025-12-16T23:56:13.016+0000] {docker.py:438} INFO - Could not get comments for video Ms4xcowxG9g
[2025-12-16T23:56:13.016+0000] {docker.py:438} INFO - Could not get comments for video bobphaq2dYA
[2025-12-16T23:56:13.017+0000] {docker.py:438} INFO - Could not get comments for video 9VXC9fWQ_aI
[2025-12-16T23:56:13.017+0000] {docker.py:438} INFO - Could not get comments for video scy3I-i7H-M
[2025-12-16T23:56:13.017+0000] {docker.py:438} INFO - Could not get comments for video IoA0q9fUpYI
[2025-12-16T23:56:13.018+0000] {docker.py:438} INFO - Could not get comments for video b7o09a7t4RA
[2025-12-16T23:56:13.018+0000] {docker.py:438} INFO - Could not get comments for video OLK52vT1YOA
[2025-12-16T23:56:13.018+0000] {docker.py:438} INFO - Could not get comments for video Z8Xcf_v3kJQ
[2025-12-16T23:56:13.019+0000] {docker.py:438} INFO - Could not get comments for video hv1gOEY3cs4
[2025-12-16T23:56:13.019+0000] {docker.py:438} INFO - Could not get comments for video YUBm9fS54SU
[2025-12-16T23:56:13.019+0000] {docker.py:438} INFO - Could not get comments for video iIyDJK_SAjs
[2025-12-16T23:56:13.019+0000] {docker.py:438} INFO - Could not get comments for video l2DeCc0GkBg
[2025-12-16T23:56:13.020+0000] {docker.py:438} INFO - Could not get comments for video mWOE1zjr1S4
[2025-12-16T23:56:13.020+0000] {docker.py:438} INFO - Could not get comments for video fBXnxlLR0PY
[2025-12-16T23:56:13.020+0000] {docker.py:438} INFO - Could not get comments for video D2WgxpWC6gY
[2025-12-16T23:56:13.021+0000] {docker.py:438} INFO - Could not get comments for video x40pERU0YaY
[2025-12-16T23:56:13.021+0000] {docker.py:438} INFO - Could not get comments for video UF02YPoKfMY
[2025-12-16T23:56:13.021+0000] {docker.py:438} INFO - Could not get comments for video YHJzSbLiQNs
[2025-12-16T23:56:13.021+0000] {docker.py:438} INFO - Could not get comments for video t_TkT07u7yU
[2025-12-16T23:56:13.022+0000] {docker.py:438} INFO - Could not get comments for video rEINNYczPtU
[2025-12-16T23:56:13.022+0000] {docker.py:438} INFO - Could not get comments for video Y5PulPlCHXw
[2025-12-16T23:56:13.022+0000] {docker.py:438} INFO - Could not get comments for video ii6V_-svh28
[2025-12-16T23:56:13.023+0000] {docker.py:438} INFO - Could not get comments for video ijOuQh_ZRcU
[2025-12-16T23:56:13.023+0000] {docker.py:438} INFO - Could not get comments for video mk2nA76CUP0
[2025-12-16T23:56:13.023+0000] {docker.py:438} INFO - Could not get comments for video EfBczKGbGwA
[2025-12-16T23:56:13.023+0000] {docker.py:438} INFO - Could not get comments for video wqpR9GdId0M
[2025-12-16T23:56:13.024+0000] {docker.py:438} INFO - Could not get comments for video GMYlFu4GAsw
[2025-12-16T23:56:13.024+0000] {docker.py:438} INFO - Could not get comments for video xIx2OQ6E6Mc
[2025-12-16T23:56:13.024+0000] {docker.py:438} INFO - Could not get comments for video _9gYVZuOkts
[2025-12-16T23:56:13.025+0000] {docker.py:438} INFO - Could not get comments for video aofW3iAjODY
[2025-12-16T23:56:13.025+0000] {docker.py:438} INFO - Could not get comments for video LHaIPyTVelc
[2025-12-16T23:56:13.025+0000] {docker.py:438} INFO - Could not get comments for video X-ToaRoxgMU
[2025-12-16T23:56:13.026+0000] {docker.py:438} INFO - Could not get comments for video rApxWtDIRAM
[2025-12-16T23:56:13.026+0000] {docker.py:438} INFO - Could not get comments for video vPckn7g-DX8
[2025-12-16T23:56:13.026+0000] {docker.py:438} INFO - Could not get comments for video uNQUJ6ezOJ0
[2025-12-16T23:56:13.026+0000] {docker.py:438} INFO - Could not get comments for video r8I4eVoEiQQ
[2025-12-16T23:56:13.027+0000] {docker.py:438} INFO - Could not get comments for video ONI0H61Fk_s
[2025-12-16T23:56:13.027+0000] {docker.py:438} INFO - Could not get comments for video XY0fQ0ZVlRs
[2025-12-16T23:56:13.028+0000] {docker.py:438} INFO - Could not get comments for video ukSniYSWIvU
[2025-12-16T23:56:13.028+0000] {docker.py:438} INFO - Could not get comments for video xeHYMuAMU7U
[2025-12-16T23:56:13.028+0000] {docker.py:438} INFO - Could not get comments for video i4CbZXViVTA
[2025-12-16T23:56:13.029+0000] {docker.py:438} INFO - Could not get comments for video HoqjLxRBIMQ
[2025-12-16T23:56:13.029+0000] {docker.py:438} INFO - Could not get comments for video ZD90JQjL5j0
[2025-12-16T23:56:13.029+0000] {docker.py:438} INFO - Could not get comments for video -m7DLiFH-CE
[2025-12-16T23:56:13.030+0000] {docker.py:438} INFO - Could not get comments for video sLP4OwS7yoA
[2025-12-16T23:56:13.030+0000] {docker.py:438} INFO - Could not get comments for video LYypqnPLOaM
[2025-12-16T23:56:13.030+0000] {docker.py:438} INFO - Could not get comments for video 1ZPiBcz3nSc
[2025-12-16T23:56:13.031+0000] {docker.py:438} INFO - Could not get comments for video 5FPuHYY7VPc
[2025-12-16T23:56:13.031+0000] {docker.py:438} INFO - Could not get comments for video 6ltK8OaFyy4
[2025-12-16T23:56:13.031+0000] {docker.py:438} INFO - Could not get comments for video MbumNLXwZqc
[2025-12-16T23:56:13.032+0000] {docker.py:438} INFO - Could not get comments for video 9AvXE3qdPSo
[2025-12-16T23:56:13.033+0000] {docker.py:438} INFO - Could not get comments for video znYThp26WJo
[2025-12-16T23:56:13.033+0000] {docker.py:438} INFO - Could not get comments for video IPA-08lYNss
[2025-12-16T23:56:13.033+0000] {docker.py:438} INFO - Could not get comments for video cgmcC0UDlR4
[2025-12-16T23:56:13.034+0000] {docker.py:438} INFO - Could not get comments for video 2BgZSxMu5oI
[2025-12-16T23:56:13.034+0000] {docker.py:438} INFO - Could not get comments for video nn7TPSNOef0
[2025-12-16T23:56:13.035+0000] {docker.py:438} INFO - Could not get comments for video tIdU4Sw6a5Y
[2025-12-16T23:56:13.035+0000] {docker.py:438} INFO - Could not get comments for video cn8erxA7DHI
[2025-12-16T23:56:13.036+0000] {docker.py:438} INFO - Could not get comments for video waR3xBDHMqw
[2025-12-16T23:56:13.036+0000] {docker.py:438} INFO - Could not get comments for video eWEsR61WeCo
[2025-12-16T23:56:13.036+0000] {docker.py:438} INFO - Could not get comments for video dlHVOkx403E
[2025-12-16T23:56:13.036+0000] {docker.py:438} INFO - Could not get comments for video JZln56h2GkM
[2025-12-16T23:56:13.037+0000] {docker.py:438} INFO - Could not get comments for video 86gx9bKQheM
[2025-12-16T23:56:13.037+0000] {docker.py:438} INFO - Could not get comments for video PcMVfAb9sxI
[2025-12-16T23:56:13.037+0000] {docker.py:438} INFO - Could not get comments for video U9f9RPXZkEo
[2025-12-16T23:56:13.038+0000] {docker.py:438} INFO - Could not get comments for video W0h2Lm9v7yo
[2025-12-16T23:56:13.038+0000] {docker.py:438} INFO - Could not get comments for video YDSEhszBgpM
[2025-12-16T23:56:13.038+0000] {docker.py:438} INFO - Could not get comments for video wJ-suqzHP20
[2025-12-16T23:56:13.039+0000] {docker.py:438} INFO - Could not get comments for video e05DfV1Wyv0
[2025-12-16T23:56:13.039+0000] {docker.py:438} INFO - Could not get comments for video tBANvzdbY_s
[2025-12-16T23:56:13.039+0000] {docker.py:438} INFO - Could not get comments for video Ra1ykDUnwpM
[2025-12-16T23:56:13.039+0000] {docker.py:438} INFO - Could not get comments for video 0VjvUUHsuYs
[2025-12-16T23:56:13.040+0000] {docker.py:438} INFO - Could not get comments for video hly9Ekte8zY
[2025-12-16T23:56:13.040+0000] {docker.py:438} INFO - Could not get comments for video q58SMId-_Ko
[2025-12-16T23:56:13.040+0000] {docker.py:438} INFO - Could not get comments for video tkHw25cS_bk
[2025-12-16T23:56:13.040+0000] {docker.py:438} INFO - Could not get comments for video yiRYn97GJhM
[2025-12-16T23:56:13.041+0000] {docker.py:438} INFO - Could not get comments for video Z-zNHHpXoMM
[2025-12-16T23:56:13.041+0000] {docker.py:438} INFO - Could not get comments for video q2lBRhswDh8
[2025-12-16T23:56:13.041+0000] {docker.py:438} INFO - Could not get comments for video ukLnPbIffxE
[2025-12-16T23:56:13.042+0000] {docker.py:438} INFO - Could not get comments for video JHjREDj7Tag
[2025-12-16T23:56:13.042+0000] {docker.py:438} INFO - Could not get comments for video ISjkHuJYTPw
[2025-12-16T23:56:13.042+0000] {docker.py:438} INFO - Could not get comments for video ZuarurfP4BA
[2025-12-16T23:56:13.042+0000] {docker.py:438} INFO - Could not get comments for video -8VOMX5JYoQ
[2025-12-16T23:56:13.043+0000] {docker.py:438} INFO - Could not get comments for video upcExv17By4
[2025-12-16T23:56:13.043+0000] {docker.py:438} INFO - Could not get comments for video bvTkOIkiYu0
[2025-12-16T23:56:13.044+0000] {docker.py:438} INFO - Could not get comments for video 8-edcK66xZM
[2025-12-16T23:56:13.045+0000] {docker.py:438} INFO - Could not get comments for video ABED1GjTUrk
[2025-12-16T23:56:13.045+0000] {docker.py:438} INFO - Could not get comments for video G-QC4mT8bXA
[2025-12-16T23:56:13.045+0000] {docker.py:438} INFO - Could not get comments for video RZBZVWONSTs
[2025-12-16T23:56:13.046+0000] {docker.py:438} INFO - Could not get comments for video aWpd9JYyNEs
[2025-12-16T23:56:13.046+0000] {docker.py:438} INFO - Could not get comments for video LpM4QXb9lhk
[2025-12-16T23:56:13.046+0000] {docker.py:438} INFO - Could not get comments for video Qsf3j59SVJg
[2025-12-16T23:56:13.046+0000] {docker.py:438} INFO - Could not get comments for video 43swgRhxbmk
[2025-12-16T23:56:13.047+0000] {docker.py:438} INFO - Could not get comments for video se2dPdzxQ5E
[2025-12-16T23:56:13.047+0000] {docker.py:438} INFO - Could not get comments for video uWhrfeCH9Zg
[2025-12-16T23:56:13.047+0000] {docker.py:438} INFO - Could not get comments for video zdew7At9S2U
[2025-12-16T23:56:13.048+0000] {docker.py:438} INFO - Could not get comments for video 1dIU1YhZX94
[2025-12-16T23:56:13.048+0000] {docker.py:438} INFO - Could not get comments for video PdlRNq3eMkQ
[2025-12-16T23:56:13.048+0000] {docker.py:438} INFO - Could not get comments for video k0WvM8ZezVU
[2025-12-16T23:56:13.049+0000] {docker.py:438} INFO - Could not get comments for video R2E3zGFqgTM
[2025-12-16T23:56:13.049+0000] {docker.py:438} INFO - Could not get comments for video oFBdXVnGgx0
[2025-12-16T23:56:13.049+0000] {docker.py:438} INFO - Could not get comments for video CCzBoNeBKXc
[2025-12-16T23:56:13.050+0000] {docker.py:438} INFO - Could not get comments for video iGeDiXtJTRs
[2025-12-16T23:56:13.050+0000] {docker.py:438} INFO - Could not get comments for video LpjF5K0SXH8
[2025-12-16T23:56:13.050+0000] {docker.py:438} INFO - Could not get comments for video 4QtYOmblLOY
[2025-12-16T23:56:13.050+0000] {docker.py:438} INFO - Could not get comments for video xS9LPyGbM0E
[2025-12-16T23:56:13.051+0000] {docker.py:438} INFO - Could not get comments for video JSt4SZ7i5F0
[2025-12-16T23:56:13.051+0000] {docker.py:438} INFO - Could not get comments for video 4cYeHxVLqZ8
[2025-12-16T23:56:13.051+0000] {docker.py:438} INFO - Could not get comments for video Q87NzojhZDI
[2025-12-16T23:56:13.052+0000] {docker.py:438} INFO - Could not get comments for video wq4b928Q32g
[2025-12-16T23:56:13.052+0000] {docker.py:438} INFO - Could not get comments for video 4LN1eqJcTaU
[2025-12-16T23:56:13.052+0000] {docker.py:438} INFO - Could not get comments for video TdCaWsDb7uo
[2025-12-16T23:56:13.053+0000] {docker.py:438} INFO - Could not get comments for video yfkc_KaWbsQ
[2025-12-16T23:56:13.053+0000] {docker.py:438} INFO - Could not get comments for video z_0Npoa3lCQ
[2025-12-16T23:56:13.053+0000] {docker.py:438} INFO - Could not get comments for video K5bvWmvtarI
[2025-12-16T23:56:13.053+0000] {docker.py:438} INFO - Could not get comments for video rvuXtQILJcM
[2025-12-16T23:56:13.054+0000] {docker.py:438} INFO - Could not get comments for video s6NR6YQcxyA
[2025-12-16T23:56:13.054+0000] {docker.py:438} INFO - Could not get comments for video mwGFRi4kLRQ
[2025-12-16T23:56:13.054+0000] {docker.py:438} INFO - Could not get comments for video eOamw4SB5T8
[2025-12-16T23:56:13.055+0000] {docker.py:438} INFO - Could not get comments for video iIdqPeI-Po0
[2025-12-16T23:56:13.055+0000] {docker.py:438} INFO - Could not get comments for video 1lMCGdVAgGQ
[2025-12-16T23:56:13.055+0000] {docker.py:438} INFO - Could not get comments for video heN8Zo8f45I
[2025-12-16T23:56:13.055+0000] {docker.py:438} INFO - Could not get comments for video uY01uhhIuzI
[2025-12-16T23:56:13.056+0000] {docker.py:438} INFO - Could not get comments for video AuORG4zFcXw
[2025-12-16T23:56:13.056+0000] {docker.py:438} INFO - Could not get comments for video ecKHOHmPq1g
[2025-12-16T23:56:13.056+0000] {docker.py:438} INFO - Could not get comments for video vMJKprNmEEg
[2025-12-16T23:56:13.057+0000] {docker.py:438} INFO - Could not get comments for video UJmz89F_bqA
[2025-12-16T23:56:13.057+0000] {docker.py:438} INFO - Could not get comments for video Q6fwLEO3G3Q
[2025-12-16T23:56:13.057+0000] {docker.py:438} INFO - Could not get comments for video 1wLNDHVQxU4
[2025-12-16T23:56:13.058+0000] {docker.py:438} INFO - Could not get comments for video QxXwfMrWYPE
[2025-12-16T23:56:13.058+0000] {docker.py:438} INFO - Could not get comments for video -6YiD77uWD8
[2025-12-16T23:56:13.058+0000] {docker.py:438} INFO - Could not get comments for video U31WDm6RNYc
[2025-12-16T23:56:13.058+0000] {docker.py:438} INFO - Could not get comments for video MpevcHafHZI
[2025-12-16T23:56:13.059+0000] {docker.py:438} INFO - Could not get comments for video GT9ZQX1OS68
[2025-12-16T23:56:13.059+0000] {docker.py:438} INFO - Could not get comments for video oHjMygB8y4k
[2025-12-16T23:56:13.059+0000] {docker.py:438} INFO - Could not get comments for video wiuEDpZGAw8
[2025-12-16T23:56:13.060+0000] {docker.py:438} INFO - Could not get comments for video sDFe-OJmVXc
[2025-12-16T23:56:13.060+0000] {docker.py:438} INFO - Could not get comments for video OQs0fYHPzho
[2025-12-16T23:56:13.060+0000] {docker.py:438} INFO - Could not get comments for video nTookJPZiTU
[2025-12-16T23:56:13.061+0000] {docker.py:438} INFO - Could not get comments for video g4ukmp-hn8Y
[2025-12-16T23:56:13.061+0000] {docker.py:438} INFO - Could not get comments for video UI2fzaXO78E
[2025-12-16T23:56:13.062+0000] {docker.py:438} INFO - Could not get comments for video nx8wnXdEYG8
[2025-12-16T23:56:13.062+0000] {docker.py:438} INFO - Could not get comments for video -dw8fYgBK1I
[2025-12-16T23:56:13.063+0000] {docker.py:438} INFO - Could not get comments for video tJDgQv_W15s
[2025-12-16T23:56:13.063+0000] {docker.py:438} INFO - Could not get comments for video Bmxjb3qThWI
[2025-12-16T23:56:13.063+0000] {docker.py:438} INFO - Could not get comments for video W5L9oZN9LeM
[2025-12-16T23:56:13.064+0000] {docker.py:438} INFO - Could not get comments for video Xk0e6XZUyrQ
[2025-12-16T23:56:13.064+0000] {docker.py:438} INFO - Could not get comments for video MhUljoWSzSk
[2025-12-16T23:56:13.064+0000] {docker.py:438} INFO - Could not get comments for video 8LOB92gjgww
[2025-12-16T23:56:13.065+0000] {docker.py:438} INFO - Could not get comments for video c5o1I7S7_Iw
[2025-12-16T23:56:13.065+0000] {docker.py:438} INFO - Could not get comments for video f_3IrUKQAQ8
[2025-12-16T23:56:13.065+0000] {docker.py:438} INFO - Could not get comments for video z2xKvVNZgL0
[2025-12-16T23:56:13.066+0000] {docker.py:438} INFO - Could not get comments for video e4yXab6Zc9A
[2025-12-16T23:56:13.066+0000] {docker.py:438} INFO - Could not get comments for video rs2BRk-RMJA
[2025-12-16T23:56:13.066+0000] {docker.py:438} INFO - Could not get comments for video VRaUyEY4Pnc
[2025-12-16T23:56:13.067+0000] {docker.py:438} INFO - Could not get comments for video XcZnSSmeK2I
[2025-12-16T23:56:13.067+0000] {docker.py:438} INFO - Could not get comments for video HGTzYlkT5Ww
[2025-12-16T23:56:13.067+0000] {docker.py:438} INFO - Could not get comments for video fVkc5hr_FhA
[2025-12-16T23:56:13.068+0000] {docker.py:438} INFO - Could not get comments for video vdmg-KAx9yE
[2025-12-16T23:56:13.068+0000] {docker.py:438} INFO - Could not get comments for video 34ehGQMt5l4
[2025-12-16T23:56:13.362+0000] {docker.py:438} INFO - Could not get comments for video AAnIrWVVFsM
[2025-12-16T23:56:13.363+0000] {docker.py:438} INFO - Could not get comments for video FEUIxnnW5-w
[2025-12-16T23:56:13.363+0000] {docker.py:438} INFO - Could not get comments for video d2sMEE1NrFc
[2025-12-16T23:56:13.363+0000] {docker.py:438} INFO - Could not get comments for video 7APfFjfnNBc
[2025-12-16T23:56:13.364+0000] {docker.py:438} INFO - Could not get comments for video XJHM0fEH3ss
[2025-12-16T23:56:13.364+0000] {docker.py:438} INFO - Could not get comments for video LQ3Mu8A7gjY
[2025-12-16T23:56:13.364+0000] {docker.py:438} INFO - Extracted 1 channels, 1252 videos, 331 comment sets
[2025-12-16T23:56:13.747+0000] {taskinstance.py:340} INFO - ::group::Post task execution logs
[2025-12-16T23:56:13.748+0000] {taskinstance.py:352} INFO - Marking task as SUCCESS. dag_id=youtube_ETA_pipeline, task_id=extract, run_id=manual__2025-12-16T23:54:27.201402+00:00, execution_date=20251216T235427, start_date=20251216T235428, end_date=20251216T235613
[2025-12-16T23:56:13.807+0000] {local_task_job_runner.py:266} INFO - Task exited with return code 0
[2025-12-16T23:56:13.835+0000] {standard_task_runner.py:217} INFO - Process not found (most likely exited), stop collecting metrics
[2025-12-16T23:56:13.853+0000] {taskinstance.py:3895} INFO - 1 downstream tasks scheduled from follow-on schedule check
[2025-12-16T23:56:13.856+0000] {local_task_job_runner.py:245} INFO - ::endgroup::
