[2025-12-16T23:50:49.355+0000] {processor.py:186} INFO - Started process (PID=209) to work on /opt/airflow/dags/orchestrator.py
[2025-12-16T23:50:49.357+0000] {processor.py:914} INFO - Processing file /opt/airflow/dags/orchestrator.py for tasks to queue
[2025-12-16T23:50:49.361+0000] {logging_mixin.py:190} INFO - [2025-12-16T23:50:49.361+0000] {dagbag.py:588} INFO - Filling up the DagBag from /opt/airflow/dags/orchestrator.py
[2025-12-16T23:50:49.420+0000] {processor.py:925} INFO - DAG(s) 'youtube_ETA_pipeline' retrieved from /opt/airflow/dags/orchestrator.py
[2025-12-16T23:50:50.306+0000] {logging_mixin.py:190} INFO - [2025-12-16T23:50:50.305+0000] {override.py:1911} INFO - Created Permission View: can delete on DAG:youtube_ETA_pipeline
[2025-12-16T23:50:50.329+0000] {logging_mixin.py:190} INFO - [2025-12-16T23:50:50.328+0000] {override.py:1911} INFO - Created Permission View: can edit on DAG:youtube_ETA_pipeline
[2025-12-16T23:50:50.342+0000] {logging_mixin.py:190} INFO - [2025-12-16T23:50:50.342+0000] {override.py:1911} INFO - Created Permission View: can read on DAG:youtube_ETA_pipeline
[2025-12-16T23:50:50.359+0000] {logging_mixin.py:190} INFO - [2025-12-16T23:50:50.358+0000] {override.py:1911} INFO - Created Permission View: can delete on DAG Run:youtube_ETA_pipeline
[2025-12-16T23:50:50.373+0000] {logging_mixin.py:190} INFO - [2025-12-16T23:50:50.373+0000] {override.py:1911} INFO - Created Permission View: menu access on DAG Run:youtube_ETA_pipeline
[2025-12-16T23:50:50.388+0000] {logging_mixin.py:190} INFO - [2025-12-16T23:50:50.387+0000] {override.py:1911} INFO - Created Permission View: can create on DAG Run:youtube_ETA_pipeline
[2025-12-16T23:50:50.402+0000] {logging_mixin.py:190} INFO - [2025-12-16T23:50:50.402+0000] {override.py:1911} INFO - Created Permission View: can read on DAG Run:youtube_ETA_pipeline
[2025-12-16T23:50:50.403+0000] {logging_mixin.py:190} INFO - [2025-12-16T23:50:50.403+0000] {dag.py:3239} INFO - Sync 1 DAGs
[2025-12-16T23:50:50.431+0000] {logging_mixin.py:190} INFO - [2025-12-16T23:50:50.430+0000] {dag.py:3262} INFO - Creating ORM DAG for youtube_ETA_pipeline
[2025-12-16T23:50:50.453+0000] {logging_mixin.py:190} INFO - [2025-12-16T23:50:50.452+0000] {dag.py:4180} INFO - Setting next_dagrun for youtube_ETA_pipeline to 2025-12-15 00:00:00+00:00, run_after=2025-12-16 00:00:00+00:00
[2025-12-16T23:50:50.485+0000] {processor.py:208} INFO - Processing /opt/airflow/dags/orchestrator.py took 1.140 seconds
[2025-12-16T23:51:20.612+0000] {processor.py:186} INFO - Started process (PID=220) to work on /opt/airflow/dags/orchestrator.py
[2025-12-16T23:51:20.614+0000] {processor.py:914} INFO - Processing file /opt/airflow/dags/orchestrator.py for tasks to queue
[2025-12-16T23:51:20.619+0000] {logging_mixin.py:190} INFO - [2025-12-16T23:51:20.618+0000] {dagbag.py:588} INFO - Filling up the DagBag from /opt/airflow/dags/orchestrator.py
[2025-12-16T23:51:20.649+0000] {processor.py:925} INFO - DAG(s) 'youtube_ETA_pipeline' retrieved from /opt/airflow/dags/orchestrator.py
[2025-12-16T23:51:20.716+0000] {logging_mixin.py:190} INFO - [2025-12-16T23:51:20.715+0000] {dag.py:3239} INFO - Sync 1 DAGs
[2025-12-16T23:51:20.772+0000] {logging_mixin.py:190} INFO - [2025-12-16T23:51:20.771+0000] {dag.py:4180} INFO - Setting next_dagrun for youtube_ETA_pipeline to 2025-12-15 00:00:00+00:00, run_after=2025-12-16 00:00:00+00:00
[2025-12-16T23:51:20.813+0000] {processor.py:208} INFO - Processing /opt/airflow/dags/orchestrator.py took 0.213 seconds
[2025-12-16T23:51:50.991+0000] {processor.py:186} INFO - Started process (PID=237) to work on /opt/airflow/dags/orchestrator.py
[2025-12-16T23:51:50.992+0000] {processor.py:914} INFO - Processing file /opt/airflow/dags/orchestrator.py for tasks to queue
[2025-12-16T23:51:50.998+0000] {logging_mixin.py:190} INFO - [2025-12-16T23:51:50.998+0000] {dagbag.py:588} INFO - Filling up the DagBag from /opt/airflow/dags/orchestrator.py
[2025-12-16T23:51:51.029+0000] {processor.py:925} INFO - DAG(s) 'youtube_ETA_pipeline' retrieved from /opt/airflow/dags/orchestrator.py
[2025-12-16T23:51:51.096+0000] {logging_mixin.py:190} INFO - [2025-12-16T23:51:51.095+0000] {dag.py:3239} INFO - Sync 1 DAGs
[2025-12-16T23:51:51.156+0000] {logging_mixin.py:190} INFO - [2025-12-16T23:51:51.155+0000] {dag.py:4180} INFO - Setting next_dagrun for youtube_ETA_pipeline to 2025-12-16 00:00:00+00:00, run_after=2025-12-17 00:00:00+00:00
[2025-12-16T23:51:51.503+0000] {processor.py:208} INFO - Processing /opt/airflow/dags/orchestrator.py took 0.524 seconds
[2025-12-16T23:52:21.807+0000] {processor.py:186} INFO - Started process (PID=248) to work on /opt/airflow/dags/orchestrator.py
[2025-12-16T23:52:21.808+0000] {processor.py:914} INFO - Processing file /opt/airflow/dags/orchestrator.py for tasks to queue
[2025-12-16T23:52:21.812+0000] {logging_mixin.py:190} INFO - [2025-12-16T23:52:21.811+0000] {dagbag.py:588} INFO - Filling up the DagBag from /opt/airflow/dags/orchestrator.py
[2025-12-16T23:52:21.841+0000] {processor.py:925} INFO - DAG(s) 'youtube_ETA_pipeline' retrieved from /opt/airflow/dags/orchestrator.py
[2025-12-16T23:52:21.905+0000] {logging_mixin.py:190} INFO - [2025-12-16T23:52:21.904+0000] {dag.py:3239} INFO - Sync 1 DAGs
[2025-12-16T23:52:22.279+0000] {logging_mixin.py:190} INFO - [2025-12-16T23:52:22.278+0000] {dag.py:4180} INFO - Setting next_dagrun for youtube_ETA_pipeline to 2025-12-16 00:00:00+00:00, run_after=2025-12-17 00:00:00+00:00
[2025-12-16T23:52:22.315+0000] {processor.py:208} INFO - Processing /opt/airflow/dags/orchestrator.py took 0.521 seconds
[2025-12-16T23:52:52.568+0000] {processor.py:186} INFO - Started process (PID=259) to work on /opt/airflow/dags/orchestrator.py
[2025-12-16T23:52:52.570+0000] {processor.py:914} INFO - Processing file /opt/airflow/dags/orchestrator.py for tasks to queue
[2025-12-16T23:52:52.574+0000] {logging_mixin.py:190} INFO - [2025-12-16T23:52:52.574+0000] {dagbag.py:588} INFO - Filling up the DagBag from /opt/airflow/dags/orchestrator.py
[2025-12-16T23:52:52.604+0000] {processor.py:925} INFO - DAG(s) 'youtube_ETA_pipeline' retrieved from /opt/airflow/dags/orchestrator.py
[2025-12-16T23:52:52.664+0000] {logging_mixin.py:190} INFO - [2025-12-16T23:52:52.663+0000] {dag.py:3239} INFO - Sync 1 DAGs
[2025-12-16T23:52:53.021+0000] {logging_mixin.py:190} INFO - [2025-12-16T23:52:53.021+0000] {dag.py:4180} INFO - Setting next_dagrun for youtube_ETA_pipeline to 2025-12-16 00:00:00+00:00, run_after=2025-12-17 00:00:00+00:00
[2025-12-16T23:52:53.056+0000] {processor.py:208} INFO - Processing /opt/airflow/dags/orchestrator.py took 0.501 seconds
[2025-12-16T23:53:23.358+0000] {processor.py:186} INFO - Started process (PID=270) to work on /opt/airflow/dags/orchestrator.py
[2025-12-16T23:53:23.359+0000] {processor.py:914} INFO - Processing file /opt/airflow/dags/orchestrator.py for tasks to queue
[2025-12-16T23:53:23.364+0000] {logging_mixin.py:190} INFO - [2025-12-16T23:53:23.363+0000] {dagbag.py:588} INFO - Filling up the DagBag from /opt/airflow/dags/orchestrator.py
[2025-12-16T23:53:23.392+0000] {processor.py:925} INFO - DAG(s) 'youtube_ETA_pipeline' retrieved from /opt/airflow/dags/orchestrator.py
[2025-12-16T23:53:23.735+0000] {logging_mixin.py:190} INFO - [2025-12-16T23:53:23.734+0000] {dag.py:3239} INFO - Sync 1 DAGs
[2025-12-16T23:53:23.784+0000] {logging_mixin.py:190} INFO - [2025-12-16T23:53:23.783+0000] {dag.py:4180} INFO - Setting next_dagrun for youtube_ETA_pipeline to 2025-12-16 00:00:00+00:00, run_after=2025-12-17 00:00:00+00:00
[2025-12-16T23:53:23.820+0000] {processor.py:208} INFO - Processing /opt/airflow/dags/orchestrator.py took 0.475 seconds
[2025-12-16T23:53:54.085+0000] {processor.py:186} INFO - Started process (PID=281) to work on /opt/airflow/dags/orchestrator.py
[2025-12-16T23:53:54.087+0000] {processor.py:914} INFO - Processing file /opt/airflow/dags/orchestrator.py for tasks to queue
[2025-12-16T23:53:54.093+0000] {logging_mixin.py:190} INFO - [2025-12-16T23:53:54.093+0000] {dagbag.py:588} INFO - Filling up the DagBag from /opt/airflow/dags/orchestrator.py
[2025-12-16T23:53:54.463+0000] {processor.py:925} INFO - DAG(s) 'youtube_ETA_pipeline' retrieved from /opt/airflow/dags/orchestrator.py
[2025-12-16T23:53:54.515+0000] {logging_mixin.py:190} INFO - [2025-12-16T23:53:54.515+0000] {dag.py:3239} INFO - Sync 1 DAGs
[2025-12-16T23:53:54.565+0000] {logging_mixin.py:190} INFO - [2025-12-16T23:53:54.565+0000] {dag.py:4180} INFO - Setting next_dagrun for youtube_ETA_pipeline to 2025-12-16 00:00:00+00:00, run_after=2025-12-17 00:00:00+00:00
[2025-12-16T23:53:54.608+0000] {processor.py:208} INFO - Processing /opt/airflow/dags/orchestrator.py took 0.534 seconds
[2025-12-16T23:54:25.206+0000] {processor.py:186} INFO - Started process (PID=301) to work on /opt/airflow/dags/orchestrator.py
[2025-12-16T23:54:25.209+0000] {processor.py:914} INFO - Processing file /opt/airflow/dags/orchestrator.py for tasks to queue
[2025-12-16T23:54:25.213+0000] {logging_mixin.py:190} INFO - [2025-12-16T23:54:25.213+0000] {dagbag.py:588} INFO - Filling up the DagBag from /opt/airflow/dags/orchestrator.py
[2025-12-16T23:54:25.244+0000] {processor.py:925} INFO - DAG(s) 'youtube_ETA_pipeline' retrieved from /opt/airflow/dags/orchestrator.py
[2025-12-16T23:54:25.315+0000] {logging_mixin.py:190} INFO - [2025-12-16T23:54:25.314+0000] {dag.py:3239} INFO - Sync 1 DAGs
[2025-12-16T23:54:25.399+0000] {logging_mixin.py:190} INFO - [2025-12-16T23:54:25.398+0000] {dag.py:4180} INFO - Setting next_dagrun for youtube_ETA_pipeline to 2025-12-16 00:00:00+00:00, run_after=2025-12-17 00:00:00+00:00
[2025-12-16T23:54:25.463+0000] {processor.py:208} INFO - Processing /opt/airflow/dags/orchestrator.py took 0.269 seconds
[2025-12-16T23:54:55.585+0000] {processor.py:186} INFO - Started process (PID=315) to work on /opt/airflow/dags/orchestrator.py
[2025-12-16T23:54:55.587+0000] {processor.py:914} INFO - Processing file /opt/airflow/dags/orchestrator.py for tasks to queue
[2025-12-16T23:54:55.593+0000] {logging_mixin.py:190} INFO - [2025-12-16T23:54:55.592+0000] {dagbag.py:588} INFO - Filling up the DagBag from /opt/airflow/dags/orchestrator.py
[2025-12-16T23:54:55.621+0000] {processor.py:925} INFO - DAG(s) 'youtube_ETA_pipeline' retrieved from /opt/airflow/dags/orchestrator.py
[2025-12-16T23:54:55.687+0000] {logging_mixin.py:190} INFO - [2025-12-16T23:54:55.686+0000] {dag.py:3239} INFO - Sync 1 DAGs
[2025-12-16T23:54:55.751+0000] {logging_mixin.py:190} INFO - [2025-12-16T23:54:55.750+0000] {dag.py:4180} INFO - Setting next_dagrun for youtube_ETA_pipeline to 2025-12-16 00:00:00+00:00, run_after=2025-12-17 00:00:00+00:00
[2025-12-16T23:54:55.797+0000] {processor.py:208} INFO - Processing /opt/airflow/dags/orchestrator.py took 0.227 seconds
[2025-12-16T23:55:25.988+0000] {processor.py:186} INFO - Started process (PID=327) to work on /opt/airflow/dags/orchestrator.py
[2025-12-16T23:55:25.990+0000] {processor.py:914} INFO - Processing file /opt/airflow/dags/orchestrator.py for tasks to queue
[2025-12-16T23:55:25.996+0000] {logging_mixin.py:190} INFO - [2025-12-16T23:55:25.996+0000] {dagbag.py:588} INFO - Filling up the DagBag from /opt/airflow/dags/orchestrator.py
[2025-12-16T23:55:26.027+0000] {processor.py:925} INFO - DAG(s) 'youtube_ETA_pipeline' retrieved from /opt/airflow/dags/orchestrator.py
[2025-12-16T23:55:26.093+0000] {logging_mixin.py:190} INFO - [2025-12-16T23:55:26.092+0000] {dag.py:3239} INFO - Sync 1 DAGs
[2025-12-16T23:55:26.150+0000] {logging_mixin.py:190} INFO - [2025-12-16T23:55:26.150+0000] {dag.py:4180} INFO - Setting next_dagrun for youtube_ETA_pipeline to 2025-12-16 00:00:00+00:00, run_after=2025-12-17 00:00:00+00:00
[2025-12-16T23:55:26.192+0000] {processor.py:208} INFO - Processing /opt/airflow/dags/orchestrator.py took 0.218 seconds
[2025-12-16T23:55:56.331+0000] {processor.py:186} INFO - Started process (PID=338) to work on /opt/airflow/dags/orchestrator.py
[2025-12-16T23:55:56.333+0000] {processor.py:914} INFO - Processing file /opt/airflow/dags/orchestrator.py for tasks to queue
[2025-12-16T23:55:56.338+0000] {logging_mixin.py:190} INFO - [2025-12-16T23:55:56.337+0000] {dagbag.py:588} INFO - Filling up the DagBag from /opt/airflow/dags/orchestrator.py
[2025-12-16T23:55:56.372+0000] {processor.py:925} INFO - DAG(s) 'youtube_ETA_pipeline' retrieved from /opt/airflow/dags/orchestrator.py
[2025-12-16T23:55:56.443+0000] {logging_mixin.py:190} INFO - [2025-12-16T23:55:56.441+0000] {dag.py:3239} INFO - Sync 1 DAGs
[2025-12-16T23:55:56.505+0000] {logging_mixin.py:190} INFO - [2025-12-16T23:55:56.505+0000] {dag.py:4180} INFO - Setting next_dagrun for youtube_ETA_pipeline to 2025-12-16 00:00:00+00:00, run_after=2025-12-17 00:00:00+00:00
[2025-12-16T23:55:56.549+0000] {processor.py:208} INFO - Processing /opt/airflow/dags/orchestrator.py took 0.231 seconds
[2025-12-16T23:56:26.737+0000] {processor.py:186} INFO - Started process (PID=355) to work on /opt/airflow/dags/orchestrator.py
[2025-12-16T23:56:26.739+0000] {processor.py:914} INFO - Processing file /opt/airflow/dags/orchestrator.py for tasks to queue
[2025-12-16T23:56:26.743+0000] {logging_mixin.py:190} INFO - [2025-12-16T23:56:26.743+0000] {dagbag.py:588} INFO - Filling up the DagBag from /opt/airflow/dags/orchestrator.py
[2025-12-16T23:56:26.772+0000] {processor.py:925} INFO - DAG(s) 'youtube_ETA_pipeline' retrieved from /opt/airflow/dags/orchestrator.py
[2025-12-16T23:56:26.835+0000] {logging_mixin.py:190} INFO - [2025-12-16T23:56:26.834+0000] {dag.py:3239} INFO - Sync 1 DAGs
[2025-12-16T23:56:26.888+0000] {logging_mixin.py:190} INFO - [2025-12-16T23:56:26.887+0000] {dag.py:4180} INFO - Setting next_dagrun for youtube_ETA_pipeline to 2025-12-16 00:00:00+00:00, run_after=2025-12-17 00:00:00+00:00
[2025-12-16T23:56:26.927+0000] {processor.py:208} INFO - Processing /opt/airflow/dags/orchestrator.py took 0.204 seconds
[2025-12-16T23:56:57.086+0000] {processor.py:186} INFO - Started process (PID=366) to work on /opt/airflow/dags/orchestrator.py
[2025-12-16T23:56:57.088+0000] {processor.py:914} INFO - Processing file /opt/airflow/dags/orchestrator.py for tasks to queue
[2025-12-16T23:56:57.092+0000] {logging_mixin.py:190} INFO - [2025-12-16T23:56:57.091+0000] {dagbag.py:588} INFO - Filling up the DagBag from /opt/airflow/dags/orchestrator.py
[2025-12-16T23:56:57.123+0000] {processor.py:925} INFO - DAG(s) 'youtube_ETA_pipeline' retrieved from /opt/airflow/dags/orchestrator.py
[2025-12-16T23:56:57.190+0000] {logging_mixin.py:190} INFO - [2025-12-16T23:56:57.189+0000] {dag.py:3239} INFO - Sync 1 DAGs
[2025-12-16T23:56:57.255+0000] {logging_mixin.py:190} INFO - [2025-12-16T23:56:57.254+0000] {dag.py:4180} INFO - Setting next_dagrun for youtube_ETA_pipeline to 2025-12-16 00:00:00+00:00, run_after=2025-12-17 00:00:00+00:00
[2025-12-16T23:56:57.298+0000] {processor.py:208} INFO - Processing /opt/airflow/dags/orchestrator.py took 0.225 seconds
[2025-12-16T23:57:27.473+0000] {processor.py:186} INFO - Started process (PID=377) to work on /opt/airflow/dags/orchestrator.py
[2025-12-16T23:57:27.475+0000] {processor.py:914} INFO - Processing file /opt/airflow/dags/orchestrator.py for tasks to queue
[2025-12-16T23:57:27.480+0000] {logging_mixin.py:190} INFO - [2025-12-16T23:57:27.480+0000] {dagbag.py:588} INFO - Filling up the DagBag from /opt/airflow/dags/orchestrator.py
[2025-12-16T23:57:27.513+0000] {processor.py:925} INFO - DAG(s) 'youtube_ETA_pipeline' retrieved from /opt/airflow/dags/orchestrator.py
[2025-12-16T23:57:27.580+0000] {logging_mixin.py:190} INFO - [2025-12-16T23:57:27.580+0000] {dag.py:3239} INFO - Sync 1 DAGs
[2025-12-16T23:57:27.641+0000] {logging_mixin.py:190} INFO - [2025-12-16T23:57:27.640+0000] {dag.py:4180} INFO - Setting next_dagrun for youtube_ETA_pipeline to 2025-12-16 00:00:00+00:00, run_after=2025-12-17 00:00:00+00:00
[2025-12-16T23:57:27.685+0000] {processor.py:208} INFO - Processing /opt/airflow/dags/orchestrator.py took 0.226 seconds
[2025-12-16T23:57:57.849+0000] {processor.py:186} INFO - Started process (PID=389) to work on /opt/airflow/dags/orchestrator.py
[2025-12-16T23:57:57.852+0000] {processor.py:914} INFO - Processing file /opt/airflow/dags/orchestrator.py for tasks to queue
[2025-12-16T23:57:57.859+0000] {logging_mixin.py:190} INFO - [2025-12-16T23:57:57.858+0000] {dagbag.py:588} INFO - Filling up the DagBag from /opt/airflow/dags/orchestrator.py
[2025-12-16T23:57:57.891+0000] {processor.py:925} INFO - DAG(s) 'youtube_ETA_pipeline' retrieved from /opt/airflow/dags/orchestrator.py
[2025-12-16T23:57:57.966+0000] {logging_mixin.py:190} INFO - [2025-12-16T23:57:57.965+0000] {dag.py:3239} INFO - Sync 1 DAGs
[2025-12-16T23:57:58.039+0000] {logging_mixin.py:190} INFO - [2025-12-16T23:57:58.038+0000] {dag.py:4180} INFO - Setting next_dagrun for youtube_ETA_pipeline to 2025-12-16 00:00:00+00:00, run_after=2025-12-17 00:00:00+00:00
[2025-12-16T23:57:58.085+0000] {processor.py:208} INFO - Processing /opt/airflow/dags/orchestrator.py took 0.252 seconds
[2025-12-16T23:58:28.229+0000] {processor.py:186} INFO - Started process (PID=400) to work on /opt/airflow/dags/orchestrator.py
[2025-12-16T23:58:28.231+0000] {processor.py:914} INFO - Processing file /opt/airflow/dags/orchestrator.py for tasks to queue
[2025-12-16T23:58:28.237+0000] {logging_mixin.py:190} INFO - [2025-12-16T23:58:28.237+0000] {dagbag.py:588} INFO - Filling up the DagBag from /opt/airflow/dags/orchestrator.py
[2025-12-16T23:58:28.268+0000] {processor.py:925} INFO - DAG(s) 'youtube_ETA_pipeline' retrieved from /opt/airflow/dags/orchestrator.py
[2025-12-16T23:58:28.335+0000] {logging_mixin.py:190} INFO - [2025-12-16T23:58:28.334+0000] {dag.py:3239} INFO - Sync 1 DAGs
[2025-12-16T23:58:28.400+0000] {logging_mixin.py:190} INFO - [2025-12-16T23:58:28.399+0000] {dag.py:4180} INFO - Setting next_dagrun for youtube_ETA_pipeline to 2025-12-16 00:00:00+00:00, run_after=2025-12-17 00:00:00+00:00
[2025-12-16T23:58:28.441+0000] {processor.py:208} INFO - Processing /opt/airflow/dags/orchestrator.py took 0.225 seconds
